==> 0100:  JP 4701h            PC:4701 AF:ffff BC:0000 DE:0000 HL:0000 SP:f07e IX:0000 IY:0000 Flags:11111111 [c3 01 47]
==> 4701:  LD HL, 4906h        PC:4704 AF:ffff BC:0000 DE:0000 HL:4906 SP:f07e IX:0000 IY:0000 Flags:11111111 [21 06 49]
==> 4704:  LD SP, HL           PC:4705 AF:ffff BC:0000 DE:0000 HL:4906 SP:4906 IX:0000 IY:0000 Flags:11111111 [f9 22 2b]
==> 4705:  LD (072bh), HL      PC:4708 AF:ffff BC:0000 DE:0000 HL:4906 SP:4906 IX:0000 IY:0000 Flags:11111111 [22 2b 07]
==> 4708:  LD (0a17h), HL      PC:470b AF:ffff BC:0000 DE:0000 HL:4906 SP:4906 IX:0000 IY:0000 Flags:11111111 [22 17 0a]
==> 470b:  LD HL, (0001h)      PC:470e AF:ffff BC:0000 DE:0000 HL:ff03 SP:4906 IX:0000 IY:0000 Flags:11111111 [2a 01 00]
==> 470e:  LD BC, 0004h        PC:4711 AF:ffff BC:0004 DE:0000 HL:ff03 SP:4906 IX:0000 IY:0000 Flags:11111111 [01 04 00]
==> 4711:  ADD HL, BC          PC:4712 AF:ffec BC:0004 DE:0000 HL:ff07 SP:4906 IX:0000 IY:0000 Flags:11101100 [09 5e 23]
==> 4712:  LD E, (HL)          PC:4713 AF:ffec BC:0004 DE:0082 HL:ff07 SP:4906 IX:0000 IY:0000 Flags:11101100 [5e 23 56]
==> 4713:  INC HL              PC:4714 AF:ffec BC:0004 DE:0082 HL:ff08 SP:4906 IX:0000 IY:0000 Flags:11101100 [23 56 eb]
==> 4714:  LD D, (HL)          PC:4715 AF:ffec BC:0004 DE:ff82 HL:ff08 SP:4906 IX:0000 IY:0000 Flags:11101100 [56 eb 22]
==> 4715:  EX DE, HL           PC:4716 AF:ffec BC:0004 DE:ff08 HL:ff82 SP:4906 IX:0000 IY:0000 Flags:11101100 [eb 22 74]
==> 4716:  LD (1374h), HL      PC:4719 AF:ffec BC:0004 DE:ff08 HL:ff82 SP:4906 IX:0000 IY:0000 Flags:11101100 [22 74 13]
==> 4719:  LD (1248h), HL      PC:471c AF:ffec BC:0004 DE:ff08 HL:ff82 SP:4906 IX:0000 IY:0000 Flags:11101100 [22 48 12]
==> 471c:  EX DE, HL           PC:471d AF:ffec BC:0004 DE:ff82 HL:ff08 SP:4906 IX:0000 IY:0000 Flags:11101100 [eb 23 23]
==> 471d:  INC HL              PC:471e AF:ffec BC:0004 DE:ff82 HL:ff09 SP:4906 IX:0000 IY:0000 Flags:11101100 [23 23 5e]
==> 471e:  INC HL              PC:471f AF:ffec BC:0004 DE:ff82 HL:ff0a SP:4906 IX:0000 IY:0000 Flags:11101100 [23 5e 23]
==> 471f:  LD E, (HL)          PC:4720 AF:ffec BC:0004 DE:ff83 HL:ff0a SP:4906 IX:0000 IY:0000 Flags:11101100 [5e 23 56]
==> 4720:  INC HL              PC:4721 AF:ffec BC:0004 DE:ff83 HL:ff0b SP:4906 IX:0000 IY:0000 Flags:11101100 [23 56 eb]
==> 4721:  LD D, (HL)          PC:4722 AF:ffec BC:0004 DE:ff83 HL:ff0b SP:4906 IX:0000 IY:0000 Flags:11101100 [56 eb 22]
==> 4722:  EX DE, HL           PC:4723 AF:ffec BC:0004 DE:ff0b HL:ff83 SP:4906 IX:0000 IY:0000 Flags:11101100 [eb 22 a5]
==> 4723:  LD (11a5h), HL      PC:4726 AF:ffec BC:0004 DE:ff0b HL:ff83 SP:4906 IX:0000 IY:0000 Flags:11101100 [22 a5 11]
==> 4726:  EX DE, HL           PC:4727 AF:ffec BC:0004 DE:ff83 HL:ff0b SP:4906 IX:0000 IY:0000 Flags:11101100 [eb 23 23]
==> 4727:  INC HL              PC:4728 AF:ffec BC:0004 DE:ff83 HL:ff0c SP:4906 IX:0000 IY:0000 Flags:11101100 [23 23 5e]
==> 4728:  INC HL              PC:4729 AF:ffec BC:0004 DE:ff83 HL:ff0d SP:4906 IX:0000 IY:0000 Flags:11101100 [23 5e 23]
==> 4729:  LD E, (HL)          PC:472a AF:ffec BC:0004 DE:ff84 HL:ff0d SP:4906 IX:0000 IY:0000 Flags:11101100 [5e 23 56]
==> 472a:  INC HL              PC:472b AF:ffec BC:0004 DE:ff84 HL:ff0e SP:4906 IX:0000 IY:0000 Flags:11101100 [23 56 eb]
==> 472b:  LD D, (HL)          PC:472c AF:ffec BC:0004 DE:ff84 HL:ff0e SP:4906 IX:0000 IY:0000 Flags:11101100 [56 eb 22]
==> 472c:  EX DE, HL           PC:472d AF:ffec BC:0004 DE:ff0e HL:ff84 SP:4906 IX:0000 IY:0000 Flags:11101100 [eb 22 68]
==> 472d:  LD (1168h), HL      PC:4730 AF:ffec BC:0004 DE:ff0e HL:ff84 SP:4906 IX:0000 IY:0000 Flags:11101100 [22 68 11]
==> 4730:  EX DE, HL           PC:4731 AF:ffec BC:0004 DE:ff84 HL:ff0e SP:4906 IX:0000 IY:0000 Flags:11101100 [eb 23 23]
==> 4731:  INC HL              PC:4732 AF:ffec BC:0004 DE:ff84 HL:ff0f SP:4906 IX:0000 IY:0000 Flags:11101100 [23 23 5e]
==> 4732:  INC HL              PC:4733 AF:ffec BC:0004 DE:ff84 HL:ff10 SP:4906 IX:0000 IY:0000 Flags:11101100 [23 5e 23]
==> 4733:  LD E, (HL)          PC:4734 AF:ffec BC:0004 DE:ff85 HL:ff10 SP:4906 IX:0000 IY:0000 Flags:11101100 [5e 23 56]
==> 4734:  INC HL              PC:4735 AF:ffec BC:0004 DE:ff85 HL:ff11 SP:4906 IX:0000 IY:0000 Flags:11101100 [23 56 eb]
==> 4735:  LD D, (HL)          PC:4736 AF:ffec BC:0004 DE:ff85 HL:ff11 SP:4906 IX:0000 IY:0000 Flags:11101100 [56 eb 22]
==> 4736:  EX DE, HL           PC:4737 AF:ffec BC:0004 DE:ff11 HL:ff85 SP:4906 IX:0000 IY:0000 Flags:11101100 [eb 22 0a]
==> 4737:  LD (110ah), HL      PC:473a AF:ffec BC:0004 DE:ff11 HL:ff85 SP:4906 IX:0000 IY:0000 Flags:11101100 [22 0a 11]
==> 473a:  LD HL, ffffh        PC:473d AF:ffec BC:0004 DE:ff11 HL:ffff SP:4906 IX:0000 IY:0000 Flags:11101100 [21 ff ff]
==> 473d:  LD (072dh), HL      PC:4740 AF:ffec BC:0004 DE:ff11 HL:ffff SP:4906 IX:0000 IY:0000 Flags:11101100 [22 2d 07]
==> 4740:  XOR A, A            PC:4741 AF:0044 BC:0004 DE:ff11 HL:ffff SP:4906 IX:0000 IY:0000 Flags:01000100 [af 32 2a]
==> 4741:  LD (072ah), A       PC:4744 AF:0044 BC:0004 DE:ff11 HL:ffff SP:4906 IX:0000 IY:0000 Flags:01000100 [32 2a 07]
==> 4744:  LD (09ceh), A       PC:4747 AF:0044 BC:0004 DE:ff11 HL:ffff SP:4906 IX:0000 IY:0000 Flags:01000100 [32 ce 09]
==> 4747:  LD (0723h), A       PC:474a AF:0044 BC:0004 DE:ff11 HL:ffff SP:4906 IX:0000 IY:0000 Flags:01000100 [32 23 07]
==> 474a:  INC HL              PC:474b AF:0044 BC:0004 DE:ff11 HL:0000 SP:4906 IX:0000 IY:0000 Flags:01000100 [23 22 25]
==> 474b:  LD (0725h), HL      PC:474e AF:0044 BC:0004 DE:ff11 HL:0000 SP:4906 IX:0000 IY:0000 Flags:01000100 [22 25 07]
==> 474e:  LD HL, 09e4h        PC:4751 AF:0044 BC:0004 DE:ff11 HL:09e4 SP:4906 IX:0000 IY:0000 Flags:01000100 [21 e4 09]
==> 4751:  LD (09e2h), HL      PC:4754 AF:0044 BC:0004 DE:ff11 HL:09e4 SP:4906 IX:0000 IY:0000 Flags:01000100 [22 e2 09]
==> 4754:  LD HL, (0006h)      PC:4757 AF:0044 BC:0004 DE:ff11 HL:f800 SP:4906 IX:0000 IY:0000 Flags:01000100 [2a 06 00]
==> 4757:  LD (09e0h), HL      PC:475a AF:0044 BC:0004 DE:ff11 HL:f800 SP:4906 IX:0000 IY:0000 Flags:01000100 [22 e0 09]
==> 475a:  LD HL, 0080h        PC:475d AF:0044 BC:0004 DE:ff11 HL:0080 SP:4906 IX:0000 IY:0000 Flags:01000100 [21 80 00]
==> 475d:  LD A, (HL)          PC:475e AF:0044 BC:0004 DE:ff11 HL:0080 SP:4906 IX:0000 IY:0000 Flags:01000100 [7e b7 3e]
==> 475e:  OR A, A             PC:475f AF:0044 BC:0004 DE:ff11 HL:0080 SP:4906 IX:0000 IY:0000 Flags:01000100 [b7 3e 03]
==> 475f:  LD A, 03h           PC:4761 AF:0344 BC:0004 DE:ff11 HL:0080 SP:4906 IX:0000 IY:0000 Flags:01000100 [3e 03 32]
==> 4761:  LD (0759h), A       PC:4764 AF:0344 BC:0004 DE:ff11 HL:0080 SP:4906 IX:0000 IY:0000 Flags:01000100 [32 59 07]
==> 4764:  LD (075ah), HL      PC:4767 AF:0344 BC:0004 DE:ff11 HL:0080 SP:4906 IX:0000 IY:0000 Flags:01000100 [22 5a 07]
==> 4767:  JP Z, 47e0h         PC:47e0 AF:0344 BC:0004 DE:ff11 HL:0080 SP:4906 IX:0000 IY:0000 Flags:01000100 [ca e0 47]
==> 47e0:  LD HL, (09e0h)      PC:47e3 AF:0344 BC:0004 DE:ff11 HL:f800 SP:4906 IX:0000 IY:0000 Flags:01000100 [2a e0 09]
==> 47e3:  PUSH HL             PC:47e4 AF:0344 BC:0004 DE:ff11 HL:f800 SP:4904 IX:0000 IY:0000 Flags:01000100 [e5 11 9d]
==> 47e4:  LD DE, ff9dh        PC:47e7 AF:0344 BC:0004 DE:ff9d HL:f800 SP:4904 IX:0000 IY:0000 Flags:01000100 [11 9d ff]
==> 47e7:  POP HL              PC:47e8 AF:0344 BC:0004 DE:ff9d HL:f800 SP:4906 IX:0000 IY:0000 Flags:01000100 [e1 2b 22]
==> 47e8:  DEC HL              PC:47e9 AF:0344 BC:0004 DE:ff9d HL:f7ff SP:4906 IX:0000 IY:0000 Flags:01000100 [2b 22 e0]
==> 47e9:  LD (09e0h), HL      PC:47ec AF:0344 BC:0004 DE:ff9d HL:f7ff SP:4906 IX:0000 IY:0000 Flags:01000100 [22 e0 09]
==> 47ec:  ADD HL, DE          PC:47ed AF:0375 BC:0004 DE:ff9d HL:f79c SP:4906 IX:0000 IY:0000 Flags:01110101 [19 d2 e5]
==> 47ed:  JP NC, 0ae5h        PC:47f0 AF:0375 BC:0004 DE:ff9d HL:f79c SP:4906 IX:0000 IY:0000 Flags:01110101 [d2 e5 0a]
==> 47f0:  DEC HL              PC:47f1 AF:0375 BC:0004 DE:ff9d HL:f79b SP:4906 IX:0000 IY:0000 Flags:01110101 [2b e5 3a]
==> 47f1:  PUSH HL             PC:47f2 AF:0375 BC:0004 DE:ff9d HL:f79b SP:4904 IX:0000 IY:0000 Flags:01110101 [e5 3a 59]
==> 47f2:  LD A, (0759h)       PC:47f5 AF:0375 BC:0004 DE:ff9d HL:f79b SP:4904 IX:0000 IY:0000 Flags:01110101 [3a 59 07]
==> 47f5:  LD HL, 46ffh        PC:47f8 AF:0375 BC:0004 DE:ff9d HL:46ff SP:4904 IX:0000 IY:0000 Flags:01110101 [21 ff 46]
==> 47f8:  LD (0737h), HL      PC:47fb AF:0375 BC:0004 DE:ff9d HL:46ff SP:4904 IX:0000 IY:0000 Flags:01110101 [22 37 07]
==> 47fb:  LD DE, 0739h        PC:47fe AF:0375 BC:0004 DE:0739 HL:46ff SP:4904 IX:0000 IY:0000 Flags:01110101 [11 39 07]
==> 47fe:  LD (0759h), A       PC:4801 AF:0375 BC:0004 DE:0739 HL:46ff SP:4904 IX:0000 IY:0000 Flags:01110101 [32 59 07]
==> 4801:  INC A               PC:4802 AF:0401 BC:0004 DE:0739 HL:46ff SP:4904 IX:0000 IY:0000 Flags:00000001 [3c 01 a6]
==> 4802:  LD BC, 00a6h        PC:4805 AF:0401 BC:00a6 DE:0739 HL:46ff SP:4904 IX:0000 IY:0000 Flags:00000001 [01 a6 00]
==> 4805:  EX DE, HL           PC:4806 AF:0401 BC:00a6 DE:46ff HL:0739 SP:4904 IX:0000 IY:0000 Flags:00000001 [eb 73 23]
==> 4806:  LD (HL), E          PC:4807 AF:0401 BC:00a6 DE:46ff HL:0739 SP:4904 IX:0000 IY:0000 Flags:00000001 [73 23 72]
==> 4807:  INC HL              PC:4808 AF:0401 BC:00a6 DE:46ff HL:073a SP:4904 IX:0000 IY:0000 Flags:00000001 [23 72 23]
==> 4808:  LD (HL), D          PC:4809 AF:0401 BC:00a6 DE:46ff HL:073a SP:4904 IX:0000 IY:0000 Flags:00000001 [72 23 eb]
==> 4809:  INC HL              PC:480a AF:0401 BC:00a6 DE:46ff HL:073b SP:4904 IX:0000 IY:0000 Flags:00000001 [23 eb 09]
==> 480a:  EX DE, HL           PC:480b AF:0401 BC:00a6 DE:073b HL:46ff SP:4904 IX:0000 IY:0000 Flags:00000001 [eb 09 3d]
==> 480b:  ADD HL, BC          PC:480c AF:0400 BC:00a6 DE:073b HL:47a5 SP:4904 IX:0000 IY:0000 Flags:00000000 [09 3d c2]
==> 480c:  DEC A               PC:480d AF:0302 BC:00a6 DE:073b HL:47a5 SP:4904 IX:0000 IY:0000 Flags:00000010 [3d c2 05]
==> 480d:  JP NZ, 4805h        PC:4805 AF:0302 BC:00a6 DE:073b HL:47a5 SP:4904 IX:0000 IY:0000 Flags:00000010 [c2 05 48]
==> 4805:  EX DE, HL           PC:4806 AF:0302 BC:00a6 DE:47a5 HL:073b SP:4904 IX:0000 IY:0000 Flags:00000010 [eb 73 23]
==> 4806:  LD (HL), E          PC:4807 AF:0302 BC:00a6 DE:47a5 HL:073b SP:4904 IX:0000 IY:0000 Flags:00000010 [73 23 72]
==> 4807:  INC HL              PC:4808 AF:0302 BC:00a6 DE:47a5 HL:073c SP:4904 IX:0000 IY:0000 Flags:00000010 [23 72 23]
==> 4808:  LD (HL), D          PC:4809 AF:0302 BC:00a6 DE:47a5 HL:073c SP:4904 IX:0000 IY:0000 Flags:00000010 [72 23 eb]
==> 4809:  INC HL              PC:480a AF:0302 BC:00a6 DE:47a5 HL:073d SP:4904 IX:0000 IY:0000 Flags:00000010 [23 eb 09]
==> 480a:  EX DE, HL           PC:480b AF:0302 BC:00a6 DE:073d HL:47a5 SP:4904 IX:0000 IY:0000 Flags:00000010 [eb 09 3d]
==> 480b:  ADD HL, BC          PC:480c AF:0308 BC:00a6 DE:073d HL:484b SP:4904 IX:0000 IY:0000 Flags:00001000 [09 3d c2]
==> 480c:  DEC A               PC:480d AF:0202 BC:00a6 DE:073d HL:484b SP:4904 IX:0000 IY:0000 Flags:00000010 [3d c2 05]
==> 480d:  JP NZ, 4805h        PC:4805 AF:0202 BC:00a6 DE:073d HL:484b SP:4904 IX:0000 IY:0000 Flags:00000010 [c2 05 48]
==> 4805:  EX DE, HL           PC:4806 AF:0202 BC:00a6 DE:484b HL:073d SP:4904 IX:0000 IY:0000 Flags:00000010 [eb 73 23]
==> 4806:  LD (HL), E          PC:4807 AF:0202 BC:00a6 DE:484b HL:073d SP:4904 IX:0000 IY:0000 Flags:00000010 [73 23 72]
==> 4807:  INC HL              PC:4808 AF:0202 BC:00a6 DE:484b HL:073e SP:4904 IX:0000 IY:0000 Flags:00000010 [23 72 23]
==> 4808:  LD (HL), D          PC:4809 AF:0202 BC:00a6 DE:484b HL:073e SP:4904 IX:0000 IY:0000 Flags:00000010 [72 23 eb]
==> 4809:  INC HL              PC:480a AF:0202 BC:00a6 DE:484b HL:073f SP:4904 IX:0000 IY:0000 Flags:00000010 [23 eb 09]
==> 480a:  EX DE, HL           PC:480b AF:0202 BC:00a6 DE:073f HL:484b SP:4904 IX:0000 IY:0000 Flags:00000010 [eb 09 3d]
==> 480b:  ADD HL, BC          PC:480c AF:0208 BC:00a6 DE:073f HL:48f1 SP:4904 IX:0000 IY:0000 Flags:00001000 [09 3d c2]
==> 480c:  DEC A               PC:480d AF:0102 BC:00a6 DE:073f HL:48f1 SP:4904 IX:0000 IY:0000 Flags:00000010 [3d c2 05]
==> 480d:  JP NZ, 4805h        PC:4805 AF:0102 BC:00a6 DE:073f HL:48f1 SP:4904 IX:0000 IY:0000 Flags:00000010 [c2 05 48]
==> 4805:  EX DE, HL           PC:4806 AF:0102 BC:00a6 DE:48f1 HL:073f SP:4904 IX:0000 IY:0000 Flags:00000010 [eb 73 23]
==> 4806:  LD (HL), E          PC:4807 AF:0102 BC:00a6 DE:48f1 HL:073f SP:4904 IX:0000 IY:0000 Flags:00000010 [73 23 72]
==> 4807:  INC HL              PC:4808 AF:0102 BC:00a6 DE:48f1 HL:0740 SP:4904 IX:0000 IY:0000 Flags:00000010 [23 72 23]
==> 4808:  LD (HL), D          PC:4809 AF:0102 BC:00a6 DE:48f1 HL:0740 SP:4904 IX:0000 IY:0000 Flags:00000010 [72 23 eb]
==> 4809:  INC HL              PC:480a AF:0102 BC:00a6 DE:48f1 HL:0741 SP:4904 IX:0000 IY:0000 Flags:00000010 [23 eb 09]
==> 480a:  EX DE, HL           PC:480b AF:0102 BC:00a6 DE:0741 HL:48f1 SP:4904 IX:0000 IY:0000 Flags:00000010 [eb 09 3d]
==> 480b:  ADD HL, BC          PC:480c AF:0108 BC:00a6 DE:0741 HL:4997 SP:4904 IX:0000 IY:0000 Flags:00001000 [09 3d c2]
==> 480c:  DEC A               PC:480d AF:0042 BC:00a6 DE:0741 HL:4997 SP:4904 IX:0000 IY:0000 Flags:01000010 [3d c2 05]
==> 480d:  JP NZ, 4805h        PC:4810 AF:0042 BC:00a6 DE:0741 HL:4997 SP:4904 IX:0000 IY:0000 Flags:01000010 [c2 05 48]
==> 4810:  INC HL              PC:4811 AF:0042 BC:00a6 DE:0741 HL:4998 SP:4904 IX:0000 IY:0000 Flags:01000010 [23 22 2f]
==> 4811:  LD (072fh), HL      PC:4814 AF:0042 BC:00a6 DE:0741 HL:4998 SP:4904 IX:0000 IY:0000 Flags:01000010 [22 2f 07]
==> 4814:  EX (SP), HL         PC:4815 AF:0042 BC:00a6 DE:0741 HL:f79b SP:4904 IX:0000 IY:0000 Flags:01000010 [e3 11 06]
==> 4815:  LD DE, 4906h        PC:4818 AF:0042 BC:00a6 DE:4906 HL:f79b SP:4904 IX:0000 IY:0000 Flags:01000010 [11 06 49]
==> 4818:  CALL 10b4h          PC:10b4 AF:0042 BC:00a6 DE:4906 HL:f79b SP:4902 IX:0000 IY:0000 Flags:01000010 [cd b4 10]
==> 10b4:  LD A, H             PC:10b5 AF:f742 BC:00a6 DE:4906 HL:f79b SP:4902 IX:0000 IY:0000 Flags:01000010 [7c 92 c0]
==> 10b5:  SUB A, D            PC:10b6 AF:aeba BC:00a6 DE:4906 HL:f79b SP:4902 IX:0000 IY:0000 Flags:10111010 [92 c0 7d]
==> 10b6:  RET NZ              PC:481b AF:aeba BC:00a6 DE:4906 HL:f79b SP:4904 IX:0000 IY:0000 Flags:10111010 [c0 7d 93]
==> 481b:  JP C, 0ae5h         PC:481e AF:aeba BC:00a6 DE:4906 HL:f79b SP:4904 IX:0000 IY:0000 Flags:10111010 [da e5 0a]
==> 481e:  POP DE              PC:481f AF:aeba BC:00a6 DE:4998 HL:f79b SP:4906 IX:0000 IY:0000 Flags:10111010 [d1 f9 22]
==> 481f:  LD SP, HL           PC:4820 AF:aeba BC:00a6 DE:4998 HL:f79b SP:f79b IX:0000 IY:0000 Flags:10111010 [f9 22 2b]
==> 4820:  LD (072bh), HL      PC:4823 AF:aeba BC:00a6 DE:4998 HL:f79b SP:f79b IX:0000 IY:0000 Flags:10111010 [22 2b 07]
==> 4823:  LD (0a17h), HL      PC:4826 AF:aeba BC:00a6 DE:4998 HL:f79b SP:f79b IX:0000 IY:0000 Flags:10111010 [22 17 0a]
==> 4826:  EX DE, HL           PC:4827 AF:aeba BC:00a6 DE:f79b HL:4998 SP:f79b IX:0000 IY:0000 Flags:10111010 [eb cd d6]
==> 4827:  CALL 0ad6h          PC:0ad6 AF:aeba BC:00a6 DE:f79b HL:4998 SP:f799 IX:0000 IY:0000 Flags:10111010 [cd d6 0a]
==> 0ad6:  PUSH HL             PC:0ad7 AF:aeba BC:00a6 DE:f79b HL:4998 SP:f797 IX:0000 IY:0000 Flags:10111010 [e5 3e c6]
==> 0ad7:  LD A, c6h           PC:0ad9 AF:c6ba BC:00a6 DE:f79b HL:4998 SP:f797 IX:0000 IY:0000 Flags:10111010 [3e c6 95]
==> 0ad9:  SUB A, L            PC:0ada AF:2e3a BC:00a6 DE:f79b HL:4998 SP:f797 IX:0000 IY:0000 Flags:00111010 [95 6f 3e]
==> 0ada:  LD L, A             PC:0adb AF:2e3a BC:00a6 DE:f79b HL:492e SP:f797 IX:0000 IY:0000 Flags:00111010 [6f 3e ff]
==> 0adb:  LD A, ffh           PC:0add AF:ff3a BC:00a6 DE:f79b HL:492e SP:f797 IX:0000 IY:0000 Flags:00111010 [3e ff 9c]
==> 0add:  SBC A, H            PC:0ade AF:b6a2 BC:00a6 DE:f79b HL:492e SP:f797 IX:0000 IY:0000 Flags:10100010 [9c da e5]
==> 0ade:  JP C, 0ae5h         PC:0ae1 AF:b6a2 BC:00a6 DE:f79b HL:492e SP:f797 IX:0000 IY:0000 Flags:10100010 [da e5 0a]
==> 0ae1:  LD H, A             PC:0ae2 AF:b6a2 BC:00a6 DE:f79b HL:b62e SP:f797 IX:0000 IY:0000 Flags:10100010 [67 39 e1]
==> 0ae2:  ADD HL, SP          PC:0ae3 AF:b6a9 BC:00a6 DE:f79b HL:adc5 SP:f797 IX:0000 IY:0000 Flags:10101001 [39 e1 d8]
==> 0ae3:  POP HL              PC:0ae4 AF:b6a9 BC:00a6 DE:f79b HL:4998 SP:f799 IX:0000 IY:0000 Flags:10101001 [e1 d8 1e]
==> 0ae4:  RET C               PC:482a AF:b6a9 BC:00a6 DE:f79b HL:4998 SP:f79b IX:0000 IY:0000 Flags:10101001 [d8 1e 07]
==> 482a:  LD A, E             PC:482b AF:9ba9 BC:00a6 DE:f79b HL:4998 SP:f79b IX:0000 IY:0000 Flags:10101001 [7b 95 6f]
==> 482b:  SUB A, L            PC:482c AF:0302 BC:00a6 DE:f79b HL:4998 SP:f79b IX:0000 IY:0000 Flags:00000010 [95 6f 7a]
==> 482c:  LD L, A             PC:482d AF:0302 BC:00a6 DE:f79b HL:4903 SP:f79b IX:0000 IY:0000 Flags:00000010 [6f 7a 9c]
==> 482d:  LD A, D             PC:482e AF:f702 BC:00a6 DE:f79b HL:4903 SP:f79b IX:0000 IY:0000 Flags:00000010 [7a 9c 67]
==> 482e:  SBC A, H            PC:482f AF:aeba BC:00a6 DE:f79b HL:4903 SP:f79b IX:0000 IY:0000 Flags:10111010 [9c 67 01]
==> 482f:  LD H, A             PC:4830 AF:aeba BC:00a6 DE:f79b HL:ae03 SP:f79b IX:0000 IY:0000 Flags:10111010 [67 01 f0]
==> 4830:  LD BC, fff0h        PC:4833 AF:aeba BC:fff0 DE:f79b HL:ae03 SP:f79b IX:0000 IY:0000 Flags:10111010 [01 f0 ff]
==> 4833:  ADD HL, BC          PC:4834 AF:aeb9 BC:fff0 DE:f79b HL:adf3 SP:f79b IX:0000 IY:0000 Flags:10111001 [09 cd df]
==> 4834:  CALL 3fdfh          PC:3fdf AF:aeb9 BC:fff0 DE:f79b HL:adf3 SP:f799 IX:0000 IY:0000 Flags:10111001 [cd df 3f]
==> 3fdf:  CALL 3a25h          PC:3a25 AF:aeb9 BC:fff0 DE:f79b HL:adf3 SP:f797 IX:0000 IY:0000 Flags:10111001 [cd 25 3a]
==> 3a25:  LD (0a58h), HL      PC:3a28 AF:aeb9 BC:fff0 DE:f79b HL:adf3 SP:f797 IX:0000 IY:0000 Flags:10111001 [22 58 0a]
==> 3a28:  LD A, 02h           PC:3a2a AF:02b9 BC:fff0 DE:f79b HL:adf3 SP:f797 IX:0000 IY:0000 Flags:10111001 [3e 02 32]
==> 3a2a:  LD (09d1h), A       PC:3a2d AF:02b9 BC:fff0 DE:f79b HL:adf3 SP:f797 IX:0000 IY:0000 Flags:10111001 [32 d1 09]
==> 3a2d:  RET                 PC:3fe2 AF:02b9 BC:fff0 DE:f79b HL:adf3 SP:f799 IX:0000 IY:0000 Flags:10111001 [c9 01 80]
==> 3fe2:  XOR A, A            PC:3fe3 AF:0044 BC:fff0 DE:f79b HL:adf3 SP:f799 IX:0000 IY:0000 Flags:01000100 [af cd 70]
==> 3fe3:  CALL 4070h          PC:4070 AF:0044 BC:fff0 DE:f79b HL:adf3 SP:f797 IX:0000 IY:0000 Flags:01000100 [cd 70 40]
==> 4070:  LD (0a07h), A       PC:4073 AF:0044 BC:fff0 DE:f79b HL:adf3 SP:f797 IX:0000 IY:0000 Flags:01000100 [32 07 0a]
==> 4073:  LD HL, 0a67h        PC:4076 AF:0044 BC:fff0 DE:f79b HL:0a67 SP:f797 IX:0000 IY:0000 Flags:01000100 [21 67 0a]
==> 4076:  LD (HL), 20h        PC:4078 AF:0044 BC:fff0 DE:f79b HL:0a67 SP:f797 IX:0000 IY:0000 Flags:01000100 [36 20 c9]
==> 4078:  RET                 PC:3fe6 AF:0044 BC:fff0 DE:f79b HL:0a67 SP:f799 IX:0000 IY:0000 Flags:01000100 [c9 fe 05]
==> 3fe6:  OR A, (HL)          PC:3fe7 AF:2020 BC:fff0 DE:f79b HL:0a67 SP:f799 IX:0000 IY:0000 Flags:00100000 [b6 cd 0a]
==> 3fe7:  CALL 400ah          PC:400a AF:2020 BC:fff0 DE:f79b HL:0a67 SP:f797 IX:0000 IY:0000 Flags:00100000 [cd 0a 40]
==> 400a:  INC HL              PC:400b AF:2020 BC:fff0 DE:f79b HL:0a68 SP:f797 IX:0000 IY:0000 Flags:00100000 [23 36 30]
==> 400b:  LD (HL), 30h        PC:400d AF:2020 BC:fff0 DE:f79b HL:0a68 SP:f797 IX:0000 IY:0000 Flags:00100000 [36 30 3a]
==> 400d:  LD A, (0a07h)       PC:4010 AF:0020 BC:fff0 DE:f79b HL:0a68 SP:f797 IX:0000 IY:0000 Flags:00100000 [3a 07 0a]
==> 4010:  LD D, A             PC:4011 AF:0020 BC:fff0 DE:009b HL:0a68 SP:f797 IX:0000 IY:0000 Flags:00100000 [57 17 3a]
==> 4011:  RLA                 PC:4012 AF:0000 BC:fff0 DE:009b HL:0a68 SP:f797 IX:0000 IY:0000 Flags:00000000 [17 3a d1]
==> 4012:  LD A, (09d1h)       PC:4015 AF:0200 BC:fff0 DE:009b HL:0a68 SP:f797 IX:0000 IY:0000 Flags:00000000 [3a d1 09]
==> 4015:  JP C, 40dch         PC:4018 AF:0200 BC:fff0 DE:009b HL:0a68 SP:f797 IX:0000 IY:0000 Flags:00000000 [da dc 40]
==> 4018:  JP Z, 40d4h         PC:401b AF:0200 BC:fff0 DE:009b HL:0a68 SP:f797 IX:0000 IY:0000 Flags:00000000 [ca d4 40]
==> 401b:  CP A, 04h           PC:401d AF:0293 BC:fff0 DE:009b HL:0a68 SP:f797 IX:0000 IY:0000 Flags:10010011 [fe 04 d2]
==> 401d:  JP NC, 4079h        PC:4020 AF:0293 BC:fff0 DE:009b HL:0a68 SP:f797 IX:0000 IY:0000 Flags:10010011 [d2 79 40]
==> 4020:  LD BC, 0000h        PC:4023 AF:0293 BC:0000 DE:009b HL:0a68 SP:f797 IX:0000 IY:0000 Flags:10010011 [01 00 00]
==> 4023:  CALL 439ch          PC:439c AF:0293 BC:0000 DE:009b HL:0a68 SP:f795 IX:0000 IY:0000 Flags:10010011 [cd 9c 43]
==> 439c:  PUSH DE             PC:439d AF:0293 BC:0000 DE:009b HL:0a68 SP:f793 IX:0000 IY:0000 Flags:10010011 [d5 11 47]
==> 439d:  LD DE, 4447h        PC:43a0 AF:0293 BC:0000 DE:4447 HL:0a68 SP:f793 IX:0000 IY:0000 Flags:10010011 [11 47 44]
==> 43a0:  LD A, 05h           PC:43a2 AF:0593 BC:0000 DE:4447 HL:0a68 SP:f793 IX:0000 IY:0000 Flags:10010011 [3e 05 cd]
==> 43a2:  CALL 42f1h          PC:42f1 AF:0593 BC:0000 DE:4447 HL:0a68 SP:f791 IX:0000 IY:0000 Flags:10010011 [cd f1 42]
==> 42f1:  DEC B               PC:42f2 AF:05bb BC:ff00 DE:4447 HL:0a68 SP:f791 IX:0000 IY:0000 Flags:10111011 [05 c2 fd]
==> 42f2:  JP NZ, 42fdh        PC:42fd AF:05bb BC:ff00 DE:4447 HL:0a68 SP:f791 IX:0000 IY:0000 Flags:10111011 [c2 fd 42]
==> 42fd:  DEC C               PC:42fe AF:05bb BC:ffff DE:4447 HL:0a68 SP:f791 IX:0000 IY:0000 Flags:10111011 [0d c0 36]
==> 42fe:  RET NZ              PC:43a5 AF:05bb BC:ffff DE:4447 HL:0a68 SP:f793 IX:0000 IY:0000 Flags:10111011 [c0 36 2c]
==> 43a5:  PUSH BC             PC:43a6 AF:05bb BC:ffff DE:4447 HL:0a68 SP:f791 IX:0000 IY:0000 Flags:10111011 [c5 f5 e5]
==> 43a6:  PUSH AF             PC:43a7 AF:05bb BC:ffff DE:4447 HL:0a68 SP:f78f IX:0000 IY:0000 Flags:10111011 [f5 e5 eb]
==> 43a7:  PUSH HL             PC:43a8 AF:05bb BC:ffff DE:4447 HL:0a68 SP:f78d IX:0000 IY:0000 Flags:10111011 [e5 eb 4e]
==> 43a8:  EX DE, HL           PC:43a9 AF:05bb BC:ffff DE:0a68 HL:4447 SP:f78d IX:0000 IY:0000 Flags:10111011 [eb 4e 23]
==> 43a9:  LD C, (HL)          PC:43aa AF:05bb BC:ff10 DE:0a68 HL:4447 SP:f78d IX:0000 IY:0000 Flags:10111011 [4e 23 46]
==> 43aa:  INC HL              PC:43ab AF:05bb BC:ff10 DE:0a68 HL:4448 SP:f78d IX:0000 IY:0000 Flags:10111011 [23 46 c5]
==> 43ab:  LD B, (HL)          PC:43ac AF:05bb BC:2710 DE:0a68 HL:4448 SP:f78d IX:0000 IY:0000 Flags:10111011 [46 c5 23]
==> 43ac:  PUSH BC             PC:43ad AF:05bb BC:2710 DE:0a68 HL:4448 SP:f78b IX:0000 IY:0000 Flags:10111011 [c5 23 e3]
==> 43ad:  INC HL              PC:43ae AF:05bb BC:2710 DE:0a68 HL:4449 SP:f78b IX:0000 IY:0000 Flags:10111011 [23 e3 eb]
==> 43ae:  EX (SP), HL         PC:43af AF:05bb BC:2710 DE:0a68 HL:2710 SP:f78b IX:0000 IY:0000 Flags:10111011 [e3 eb 2a]
==> 43af:  EX DE, HL           PC:43b0 AF:05bb BC:2710 DE:2710 HL:0a68 SP:f78b IX:0000 IY:0000 Flags:10111011 [eb 2a 58]
==> 43b0:  LD HL, (0a58h)      PC:43b3 AF:05bb BC:2710 DE:2710 HL:adf3 SP:f78b IX:0000 IY:0000 Flags:10111011 [2a 58 0a]
==> 43b3:  LD B, 2fh           PC:43b5 AF:05bb BC:2f10 DE:2710 HL:adf3 SP:f78b IX:0000 IY:0000 Flags:10111011 [06 2f 04]
==> 43b5:  INC B               PC:43b6 AF:0531 BC:3010 DE:2710 HL:adf3 SP:f78b IX:0000 IY:0000 Flags:00110001 [04 7d 93]
==> 43b6:  LD A, L             PC:43b7 AF:f331 BC:3010 DE:2710 HL:adf3 SP:f78b IX:0000 IY:0000 Flags:00110001 [7d 93 6f]
==> 43b7:  SUB A, E            PC:43b8 AF:e3a2 BC:3010 DE:2710 HL:adf3 SP:f78b IX:0000 IY:0000 Flags:10100010 [93 6f 7c]
==> 43b8:  LD L, A             PC:43b9 AF:e3a2 BC:3010 DE:2710 HL:ade3 SP:f78b IX:0000 IY:0000 Flags:10100010 [6f 7c 9a]
==> 43b9:  LD A, H             PC:43ba AF:ada2 BC:3010 DE:2710 HL:ade3 SP:f78b IX:0000 IY:0000 Flags:10100010 [7c 9a 67]
==> 43ba:  SBC A, D            PC:43bb AF:8682 BC:3010 DE:2710 HL:ade3 SP:f78b IX:0000 IY:0000 Flags:10000010 [9a 67 d2]
==> 43bb:  LD H, A             PC:43bc AF:8682 BC:3010 DE:2710 HL:86e3 SP:f78b IX:0000 IY:0000 Flags:10000010 [67 d2 b5]
==> 43bc:  JP NC, 43b5h        PC:43b5 AF:8682 BC:3010 DE:2710 HL:86e3 SP:f78b IX:0000 IY:0000 Flags:10000010 [d2 b5 43]
==> 43b5:  INC B               PC:43b6 AF:8620 BC:3110 DE:2710 HL:86e3 SP:f78b IX:0000 IY:0000 Flags:00100000 [04 7d 93]
==> 43b6:  LD A, L             PC:43b7 AF:e320 BC:3110 DE:2710 HL:86e3 SP:f78b IX:0000 IY:0000 Flags:00100000 [7d 93 6f]
==> 43b7:  SUB A, E            PC:43b8 AF:d382 BC:3110 DE:2710 HL:86e3 SP:f78b IX:0000 IY:0000 Flags:10000010 [93 6f 7c]
==> 43b8:  LD L, A             PC:43b9 AF:d382 BC:3110 DE:2710 HL:86d3 SP:f78b IX:0000 IY:0000 Flags:10000010 [6f 7c 9a]
==> 43b9:  LD A, H             PC:43ba AF:8682 BC:3110 DE:2710 HL:86d3 SP:f78b IX:0000 IY:0000 Flags:10000010 [7c 9a 67]
==> 43ba:  SBC A, D            PC:43bb AF:5f1e BC:3110 DE:2710 HL:86d3 SP:f78b IX:0000 IY:0000 Flags:00011110 [9a 67 d2]
==> 43bb:  LD H, A             PC:43bc AF:5f1e BC:3110 DE:2710 HL:5fd3 SP:f78b IX:0000 IY:0000 Flags:00011110 [67 d2 b5]
==> 43bc:  JP NC, 43b5h        PC:43b5 AF:5f1e BC:3110 DE:2710 HL:5fd3 SP:f78b IX:0000 IY:0000 Flags:00011110 [d2 b5 43]
==> 43b5:  INC B               PC:43b6 AF:5f20 BC:3210 DE:2710 HL:5fd3 SP:f78b IX:0000 IY:0000 Flags:00100000 [04 7d 93]
==> 43b6:  LD A, L             PC:43b7 AF:d320 BC:3210 DE:2710 HL:5fd3 SP:f78b IX:0000 IY:0000 Flags:00100000 [7d 93 6f]
==> 43b7:  SUB A, E            PC:43b8 AF:c382 BC:3210 DE:2710 HL:5fd3 SP:f78b IX:0000 IY:0000 Flags:10000010 [93 6f 7c]
==> 43b8:  LD L, A             PC:43b9 AF:c382 BC:3210 DE:2710 HL:5fc3 SP:f78b IX:0000 IY:0000 Flags:10000010 [6f 7c 9a]
==> 43b9:  LD A, H             PC:43ba AF:5f82 BC:3210 DE:2710 HL:5fc3 SP:f78b IX:0000 IY:0000 Flags:10000010 [7c 9a 67]
==> 43ba:  SBC A, D            PC:43bb AF:382a BC:3210 DE:2710 HL:5fc3 SP:f78b IX:0000 IY:0000 Flags:00101010 [9a 67 d2]
==> 43bb:  LD H, A             PC:43bc AF:382a BC:3210 DE:2710 HL:38c3 SP:f78b IX:0000 IY:0000 Flags:00101010 [67 d2 b5]
==> 43bc:  JP NC, 43b5h        PC:43b5 AF:382a BC:3210 DE:2710 HL:38c3 SP:f78b IX:0000 IY:0000 Flags:00101010 [d2 b5 43]
==> 43b5:  INC B               PC:43b6 AF:3820 BC:3310 DE:2710 HL:38c3 SP:f78b IX:0000 IY:0000 Flags:00100000 [04 7d 93]
==> 43b6:  LD A, L             PC:43b7 AF:c320 BC:3310 DE:2710 HL:38c3 SP:f78b IX:0000 IY:0000 Flags:00100000 [7d 93 6f]
==> 43b7:  SUB A, E            PC:43b8 AF:b3a2 BC:3310 DE:2710 HL:38c3 SP:f78b IX:0000 IY:0000 Flags:10100010 [93 6f 7c]
==> 43b8:  LD L, A             PC:43b9 AF:b3a2 BC:3310 DE:2710 HL:38b3 SP:f78b IX:0000 IY:0000 Flags:10100010 [6f 7c 9a]
==> 43b9:  LD A, H             PC:43ba AF:38a2 BC:3310 DE:2710 HL:38b3 SP:f78b IX:0000 IY:0000 Flags:10100010 [7c 9a 67]
==> 43ba:  SBC A, D            PC:43bb AF:1102 BC:3310 DE:2710 HL:38b3 SP:f78b IX:0000 IY:0000 Flags:00000010 [9a 67 d2]
==> 43bb:  LD H, A             PC:43bc AF:1102 BC:3310 DE:2710 HL:11b3 SP:f78b IX:0000 IY:0000 Flags:00000010 [67 d2 b5]
==> 43bc:  JP NC, 43b5h        PC:43b5 AF:1102 BC:3310 DE:2710 HL:11b3 SP:f78b IX:0000 IY:0000 Flags:00000010 [d2 b5 43]
==> 43b5:  INC B               PC:43b6 AF:1120 BC:3410 DE:2710 HL:11b3 SP:f78b IX:0000 IY:0000 Flags:00100000 [04 7d 93]
==> 43b6:  LD A, L             PC:43b7 AF:b320 BC:3410 DE:2710 HL:11b3 SP:f78b IX:0000 IY:0000 Flags:00100000 [7d 93 6f]
==> 43b7:  SUB A, E            PC:43b8 AF:a3a2 BC:3410 DE:2710 HL:11b3 SP:f78b IX:0000 IY:0000 Flags:10100010 [93 6f 7c]
==> 43b8:  LD L, A             PC:43b9 AF:a3a2 BC:3410 DE:2710 HL:11a3 SP:f78b IX:0000 IY:0000 Flags:10100010 [6f 7c 9a]
==> 43b9:  LD A, H             PC:43ba AF:11a2 BC:3410 DE:2710 HL:11a3 SP:f78b IX:0000 IY:0000 Flags:10100010 [7c 9a 67]
==> 43ba:  SBC A, D            PC:43bb AF:eabb BC:3410 DE:2710 HL:11a3 SP:f78b IX:0000 IY:0000 Flags:10111011 [9a 67 d2]
==> 43bb:  LD H, A             PC:43bc AF:eabb BC:3410 DE:2710 HL:eaa3 SP:f78b IX:0000 IY:0000 Flags:10111011 [67 d2 b5]
==> 43bc:  JP NC, 43b5h        PC:43bf AF:eabb BC:3410 DE:2710 HL:eaa3 SP:f78b IX:0000 IY:0000 Flags:10111011 [d2 b5 43]
==> 43bf:  ADD HL, DE          PC:43c0 AF:ea91 BC:3410 DE:2710 HL:11b3 SP:f78b IX:0000 IY:0000 Flags:10010001 [19 22 58]
==> 43c0:  LD (0a58h), HL      PC:43c3 AF:ea91 BC:3410 DE:2710 HL:11b3 SP:f78b IX:0000 IY:0000 Flags:10010001 [22 58 0a]
==> 43c3:  POP DE              PC:43c4 AF:ea91 BC:3410 DE:4449 HL:11b3 SP:f78d IX:0000 IY:0000 Flags:10010001 [d1 e1 70]
==> 43c4:  POP HL              PC:43c5 AF:ea91 BC:3410 DE:4449 HL:0a68 SP:f78f IX:0000 IY:0000 Flags:10010001 [e1 70 23]
==> 43c5:  LD (HL), B          PC:43c6 AF:ea91 BC:3410 DE:4449 HL:0a68 SP:f78f IX:0000 IY:0000 Flags:10010001 [70 23 f1]
==> 43c6:  INC HL              PC:43c7 AF:ea91 BC:3410 DE:4449 HL:0a69 SP:f78f IX:0000 IY:0000 Flags:10010001 [23 f1 c1]
==> 43c7:  POP AF              PC:43c8 AF:05bb BC:3410 DE:4449 HL:0a69 SP:f791 IX:0000 IY:0000 Flags:10111011 [f1 c1 3d]
==> 43c8:  POP BC              PC:43c9 AF:05bb BC:ffff DE:4449 HL:0a69 SP:f793 IX:0000 IY:0000 Flags:10111011 [c1 3d c2]
==> 43c9:  DEC A               PC:43ca AF:0403 BC:ffff DE:4449 HL:0a69 SP:f793 IX:0000 IY:0000 Flags:00000011 [3d c2 a2]
==> 43ca:  JP NZ, 43a2h        PC:43a2 AF:0403 BC:ffff DE:4449 HL:0a69 SP:f793 IX:0000 IY:0000 Flags:00000011 [c2 a2 43]
==> 43a2:  CALL 42f1h          PC:42f1 AF:0403 BC:ffff DE:4449 HL:0a69 SP:f791 IX:0000 IY:0000 Flags:00000011 [cd f1 42]
==> 42f1:  DEC B               PC:42f2 AF:04ab BC:feff DE:4449 HL:0a69 SP:f791 IX:0000 IY:0000 Flags:10101011 [05 c2 fd]
==> 42f2:  JP NZ, 42fdh        PC:42fd AF:04ab BC:feff DE:4449 HL:0a69 SP:f791 IX:0000 IY:0000 Flags:10101011 [c2 fd 42]
==> 42fd:  DEC C               PC:42fe AF:04ab BC:fefe DE:4449 HL:0a69 SP:f791 IX:0000 IY:0000 Flags:10101011 [0d c0 36]
==> 42fe:  RET NZ              PC:43a5 AF:04ab BC:fefe DE:4449 HL:0a69 SP:f793 IX:0000 IY:0000 Flags:10101011 [c0 36 2c]
==> 43a5:  PUSH BC             PC:43a6 AF:04ab BC:fefe DE:4449 HL:0a69 SP:f791 IX:0000 IY:0000 Flags:10101011 [c5 f5 e5]
==> 43a6:  PUSH AF             PC:43a7 AF:04ab BC:fefe DE:4449 HL:0a69 SP:f78f IX:0000 IY:0000 Flags:10101011 [f5 e5 eb]
==> 43a7:  PUSH HL             PC:43a8 AF:04ab BC:fefe DE:4449 HL:0a69 SP:f78d IX:0000 IY:0000 Flags:10101011 [e5 eb 4e]
==> 43a8:  EX DE, HL           PC:43a9 AF:04ab BC:fefe DE:0a69 HL:4449 SP:f78d IX:0000 IY:0000 Flags:10101011 [eb 4e 23]
==> 43a9:  LD C, (HL)          PC:43aa AF:04ab BC:fee8 DE:0a69 HL:4449 SP:f78d IX:0000 IY:0000 Flags:10101011 [4e 23 46]
==> 43aa:  INC HL              PC:43ab AF:04ab BC:fee8 DE:0a69 HL:444a SP:f78d IX:0000 IY:0000 Flags:10101011 [23 46 c5]
==> 43ab:  LD B, (HL)          PC:43ac AF:04ab BC:03e8 DE:0a69 HL:444a SP:f78d IX:0000 IY:0000 Flags:10101011 [46 c5 23]
==> 43ac:  PUSH BC             PC:43ad AF:04ab BC:03e8 DE:0a69 HL:444a SP:f78b IX:0000 IY:0000 Flags:10101011 [c5 23 e3]
==> 43ad:  INC HL              PC:43ae AF:04ab BC:03e8 DE:0a69 HL:444b SP:f78b IX:0000 IY:0000 Flags:10101011 [23 e3 eb]
==> 43ae:  EX (SP), HL         PC:43af AF:04ab BC:03e8 DE:0a69 HL:03e8 SP:f78b IX:0000 IY:0000 Flags:10101011 [e3 eb 2a]
==> 43af:  EX DE, HL           PC:43b0 AF:04ab BC:03e8 DE:03e8 HL:0a69 SP:f78b IX:0000 IY:0000 Flags:10101011 [eb 2a 58]
==> 43b0:  LD HL, (0a58h)      PC:43b3 AF:04ab BC:03e8 DE:03e8 HL:11b3 SP:f78b IX:0000 IY:0000 Flags:10101011 [2a 58 0a]
==> 43b3:  LD B, 2fh           PC:43b5 AF:04ab BC:2fe8 DE:03e8 HL:11b3 SP:f78b IX:0000 IY:0000 Flags:10101011 [06 2f 04]
==> 43b5:  INC B               PC:43b6 AF:0431 BC:30e8 DE:03e8 HL:11b3 SP:f78b IX:0000 IY:0000 Flags:00110001 [04 7d 93]
==> 43b6:  LD A, L             PC:43b7 AF:b331 BC:30e8 DE:03e8 HL:11b3 SP:f78b IX:0000 IY:0000 Flags:00110001 [7d 93 6f]
==> 43b7:  SUB A, E            PC:43b8 AF:cb9b BC:30e8 DE:03e8 HL:11b3 SP:f78b IX:0000 IY:0000 Flags:10011011 [93 6f 7c]
==> 43b8:  LD L, A             PC:43b9 AF:cb9b BC:30e8 DE:03e8 HL:11cb SP:f78b IX:0000 IY:0000 Flags:10011011 [6f 7c 9a]
==> 43b9:  LD A, H             PC:43ba AF:119b BC:30e8 DE:03e8 HL:11cb SP:f78b IX:0000 IY:0000 Flags:10011011 [7c 9a 67]
==> 43ba:  SBC A, D            PC:43bb AF:0d1a BC:30e8 DE:03e8 HL:11cb SP:f78b IX:0000 IY:0000 Flags:00011010 [9a 67 d2]
==> 43bb:  LD H, A             PC:43bc AF:0d1a BC:30e8 DE:03e8 HL:0dcb SP:f78b IX:0000 IY:0000 Flags:00011010 [67 d2 b5]
==> 43bc:  JP NC, 43b5h        PC:43b5 AF:0d1a BC:30e8 DE:03e8 HL:0dcb SP:f78b IX:0000 IY:0000 Flags:00011010 [d2 b5 43]
==> 43b5:  INC B               PC:43b6 AF:0d20 BC:31e8 DE:03e8 HL:0dcb SP:f78b IX:0000 IY:0000 Flags:00100000 [04 7d 93]
==> 43b6:  LD A, L             PC:43b7 AF:cb20 BC:31e8 DE:03e8 HL:0dcb SP:f78b IX:0000 IY:0000 Flags:00100000 [7d 93 6f]
==> 43b7:  SUB A, E            PC:43b8 AF:e3a3 BC:31e8 DE:03e8 HL:0dcb SP:f78b IX:0000 IY:0000 Flags:10100011 [93 6f 7c]
==> 43b8:  LD L, A             PC:43b9 AF:e3a3 BC:31e8 DE:03e8 HL:0de3 SP:f78b IX:0000 IY:0000 Flags:10100011 [6f 7c 9a]
==> 43b9:  LD A, H             PC:43ba AF:0da3 BC:31e8 DE:03e8 HL:0de3 SP:f78b IX:0000 IY:0000 Flags:10100011 [7c 9a 67]
==> 43ba:  SBC A, D            PC:43bb AF:090a BC:31e8 DE:03e8 HL:0de3 SP:f78b IX:0000 IY:0000 Flags:00001010 [9a 67 d2]
==> 43bb:  LD H, A             PC:43bc AF:090a BC:31e8 DE:03e8 HL:09e3 SP:f78b IX:0000 IY:0000 Flags:00001010 [67 d2 b5]
==> 43bc:  JP NC, 43b5h        PC:43b5 AF:090a BC:31e8 DE:03e8 HL:09e3 SP:f78b IX:0000 IY:0000 Flags:00001010 [d2 b5 43]
==> 43b5:  INC B               PC:43b6 AF:0920 BC:32e8 DE:03e8 HL:09e3 SP:f78b IX:0000 IY:0000 Flags:00100000 [04 7d 93]
==> 43b6:  LD A, L             PC:43b7 AF:e320 BC:32e8 DE:03e8 HL:09e3 SP:f78b IX:0000 IY:0000 Flags:00100000 [7d 93 6f]
==> 43b7:  SUB A, E            PC:43b8 AF:fbbb BC:32e8 DE:03e8 HL:09e3 SP:f78b IX:0000 IY:0000 Flags:10111011 [93 6f 7c]
==> 43b8:  LD L, A             PC:43b9 AF:fbbb BC:32e8 DE:03e8 HL:09fb SP:f78b IX:0000 IY:0000 Flags:10111011 [6f 7c 9a]
==> 43b9:  LD A, H             PC:43ba AF:09bb BC:32e8 DE:03e8 HL:09fb SP:f78b IX:0000 IY:0000 Flags:10111011 [7c 9a 67]
==> 43ba:  SBC A, D            PC:43bb AF:0502 BC:32e8 DE:03e8 HL:09fb SP:f78b IX:0000 IY:0000 Flags:00000010 [9a 67 d2]
==> 43bb:  LD H, A             PC:43bc AF:0502 BC:32e8 DE:03e8 HL:05fb SP:f78b IX:0000 IY:0000 Flags:00000010 [67 d2 b5]
==> 43bc:  JP NC, 43b5h        PC:43b5 AF:0502 BC:32e8 DE:03e8 HL:05fb SP:f78b IX:0000 IY:0000 Flags:00000010 [d2 b5 43]
==> 43b5:  INC B               PC:43b6 AF:0520 BC:33e8 DE:03e8 HL:05fb SP:f78b IX:0000 IY:0000 Flags:00100000 [04 7d 93]
==> 43b6:  LD A, L             PC:43b7 AF:fb20 BC:33e8 DE:03e8 HL:05fb SP:f78b IX:0000 IY:0000 Flags:00100000 [7d 93 6f]
==> 43b7:  SUB A, E            PC:43b8 AF:1302 BC:33e8 DE:03e8 HL:05fb SP:f78b IX:0000 IY:0000 Flags:00000010 [93 6f 7c]
==> 43b8:  LD L, A             PC:43b9 AF:1302 BC:33e8 DE:03e8 HL:0513 SP:f78b IX:0000 IY:0000 Flags:00000010 [6f 7c 9a]
==> 43b9:  LD A, H             PC:43ba AF:0502 BC:33e8 DE:03e8 HL:0513 SP:f78b IX:0000 IY:0000 Flags:00000010 [7c 9a 67]
==> 43ba:  SBC A, D            PC:43bb AF:0202 BC:33e8 DE:03e8 HL:0513 SP:f78b IX:0000 IY:0000 Flags:00000010 [9a 67 d2]
==> 43bb:  LD H, A             PC:43bc AF:0202 BC:33e8 DE:03e8 HL:0213 SP:f78b IX:0000 IY:0000 Flags:00000010 [67 d2 b5]
==> 43bc:  JP NC, 43b5h        PC:43b5 AF:0202 BC:33e8 DE:03e8 HL:0213 SP:f78b IX:0000 IY:0000 Flags:00000010 [d2 b5 43]
==> 43b5:  INC B               PC:43b6 AF:0220 BC:34e8 DE:03e8 HL:0213 SP:f78b IX:0000 IY:0000 Flags:00100000 [04 7d 93]
==> 43b6:  LD A, L             PC:43b7 AF:1320 BC:34e8 DE:03e8 HL:0213 SP:f78b IX:0000 IY:0000 Flags:00100000 [7d 93 6f]
==> 43b7:  SUB A, E            PC:43b8 AF:2b3b BC:34e8 DE:03e8 HL:0213 SP:f78b IX:0000 IY:0000 Flags:00111011 [93 6f 7c]
==> 43b8:  LD L, A             PC:43b9 AF:2b3b BC:34e8 DE:03e8 HL:022b SP:f78b IX:0000 IY:0000 Flags:00111011 [6f 7c 9a]
==> 43b9:  LD A, H             PC:43ba AF:023b BC:34e8 DE:03e8 HL:022b SP:f78b IX:0000 IY:0000 Flags:00111011 [7c 9a 67]
==> 43ba:  SBC A, D            PC:43bb AF:febb BC:34e8 DE:03e8 HL:022b SP:f78b IX:0000 IY:0000 Flags:10111011 [9a 67 d2]
==> 43bb:  LD H, A             PC:43bc AF:febb BC:34e8 DE:03e8 HL:fe2b SP:f78b IX:0000 IY:0000 Flags:10111011 [67 d2 b5]
==> 43bc:  JP NC, 43b5h        PC:43bf AF:febb BC:34e8 DE:03e8 HL:fe2b SP:f78b IX:0000 IY:0000 Flags:10111011 [d2 b5 43]
==> 43bf:  ADD HL, DE          PC:43c0 AF:fe91 BC:34e8 DE:03e8 HL:0213 SP:f78b IX:0000 IY:0000 Flags:10010001 [19 22 58]
==> 43c0:  LD (0a58h), HL      PC:43c3 AF:fe91 BC:34e8 DE:03e8 HL:0213 SP:f78b IX:0000 IY:0000 Flags:10010001 [22 58 0a]
==> 43c3:  POP DE              PC:43c4 AF:fe91 BC:34e8 DE:444b HL:0213 SP:f78d IX:0000 IY:0000 Flags:10010001 [d1 e1 70]
==> 43c4:  POP HL              PC:43c5 AF:fe91 BC:34e8 DE:444b HL:0a69 SP:f78f IX:0000 IY:0000 Flags:10010001 [e1 70 23]
==> 43c5:  LD (HL), B          PC:43c6 AF:fe91 BC:34e8 DE:444b HL:0a69 SP:f78f IX:0000 IY:0000 Flags:10010001 [70 23 f1]
==> 43c6:  INC HL              PC:43c7 AF:fe91 BC:34e8 DE:444b HL:0a6a SP:f78f IX:0000 IY:0000 Flags:10010001 [23 f1 c1]
==> 43c7:  POP AF              PC:43c8 AF:04ab BC:34e8 DE:444b HL:0a6a SP:f791 IX:0000 IY:0000 Flags:10101011 [f1 c1 3d]
==> 43c8:  POP BC              PC:43c9 AF:04ab BC:fefe DE:444b HL:0a6a SP:f793 IX:0000 IY:0000 Flags:10101011 [c1 3d c2]
==> 43c9:  DEC A               PC:43ca AF:0303 BC:fefe DE:444b HL:0a6a SP:f793 IX:0000 IY:0000 Flags:00000011 [3d c2 a2]
==> 43ca:  JP NZ, 43a2h        PC:43a2 AF:0303 BC:fefe DE:444b HL:0a6a SP:f793 IX:0000 IY:0000 Flags:00000011 [c2 a2 43]
==> 43a2:  CALL 42f1h          PC:42f1 AF:0303 BC:fefe DE:444b HL:0a6a SP:f791 IX:0000 IY:0000 Flags:00000011 [cd f1 42]
==> 42f1:  DEC B               PC:42f2 AF:03ab BC:fdfe DE:444b HL:0a6a SP:f791 IX:0000 IY:0000 Flags:10101011 [05 c2 fd]
==> 42f2:  JP NZ, 42fdh        PC:42fd AF:03ab BC:fdfe DE:444b HL:0a6a SP:f791 IX:0000 IY:0000 Flags:10101011 [c2 fd 42]
==> 42fd:  DEC C               PC:42fe AF:03ab BC:fdfd DE:444b HL:0a6a SP:f791 IX:0000 IY:0000 Flags:10101011 [0d c0 36]
==> 42fe:  RET NZ              PC:43a5 AF:03ab BC:fdfd DE:444b HL:0a6a SP:f793 IX:0000 IY:0000 Flags:10101011 [c0 36 2c]
==> 43a5:  PUSH BC             PC:43a6 AF:03ab BC:fdfd DE:444b HL:0a6a SP:f791 IX:0000 IY:0000 Flags:10101011 [c5 f5 e5]
==> 43a6:  PUSH AF             PC:43a7 AF:03ab BC:fdfd DE:444b HL:0a6a SP:f78f IX:0000 IY:0000 Flags:10101011 [f5 e5 eb]
==> 43a7:  PUSH HL             PC:43a8 AF:03ab BC:fdfd DE:444b HL:0a6a SP:f78d IX:0000 IY:0000 Flags:10101011 [e5 eb 4e]
==> 43a8:  EX DE, HL           PC:43a9 AF:03ab BC:fdfd DE:0a6a HL:444b SP:f78d IX:0000 IY:0000 Flags:10101011 [eb 4e 23]
==> 43a9:  LD C, (HL)          PC:43aa AF:03ab BC:fd64 DE:0a6a HL:444b SP:f78d IX:0000 IY:0000 Flags:10101011 [4e 23 46]
==> 43aa:  INC HL              PC:43ab AF:03ab BC:fd64 DE:0a6a HL:444c SP:f78d IX:0000 IY:0000 Flags:10101011 [23 46 c5]
==> 43ab:  LD B, (HL)          PC:43ac AF:03ab BC:0064 DE:0a6a HL:444c SP:f78d IX:0000 IY:0000 Flags:10101011 [46 c5 23]
==> 43ac:  PUSH BC             PC:43ad AF:03ab BC:0064 DE:0a6a HL:444c SP:f78b IX:0000 IY:0000 Flags:10101011 [c5 23 e3]
==> 43ad:  INC HL              PC:43ae AF:03ab BC:0064 DE:0a6a HL:444d SP:f78b IX:0000 IY:0000 Flags:10101011 [23 e3 eb]
==> 43ae:  EX (SP), HL         PC:43af AF:03ab BC:0064 DE:0a6a HL:0064 SP:f78b IX:0000 IY:0000 Flags:10101011 [e3 eb 2a]
==> 43af:  EX DE, HL           PC:43b0 AF:03ab BC:0064 DE:0064 HL:0a6a SP:f78b IX:0000 IY:0000 Flags:10101011 [eb 2a 58]
==> 43b0:  LD HL, (0a58h)      PC:43b3 AF:03ab BC:0064 DE:0064 HL:0213 SP:f78b IX:0000 IY:0000 Flags:10101011 [2a 58 0a]
==> 43b3:  LD B, 2fh           PC:43b5 AF:03ab BC:2f64 DE:0064 HL:0213 SP:f78b IX:0000 IY:0000 Flags:10101011 [06 2f 04]
==> 43b5:  INC B               PC:43b6 AF:0331 BC:3064 DE:0064 HL:0213 SP:f78b IX:0000 IY:0000 Flags:00110001 [04 7d 93]
==> 43b6:  LD A, L             PC:43b7 AF:1331 BC:3064 DE:0064 HL:0213 SP:f78b IX:0000 IY:0000 Flags:00110001 [7d 93 6f]
==> 43b7:  SUB A, E            PC:43b8 AF:afbb BC:3064 DE:0064 HL:0213 SP:f78b IX:0000 IY:0000 Flags:10111011 [93 6f 7c]
==> 43b8:  LD L, A             PC:43b9 AF:afbb BC:3064 DE:0064 HL:02af SP:f78b IX:0000 IY:0000 Flags:10111011 [6f 7c 9a]
==> 43b9:  LD A, H             PC:43ba AF:02bb BC:3064 DE:0064 HL:02af SP:f78b IX:0000 IY:0000 Flags:10111011 [7c 9a 67]
==> 43ba:  SBC A, D            PC:43bb AF:0102 BC:3064 DE:0064 HL:02af SP:f78b IX:0000 IY:0000 Flags:00000010 [9a 67 d2]
==> 43bb:  LD H, A             PC:43bc AF:0102 BC:3064 DE:0064 HL:01af SP:f78b IX:0000 IY:0000 Flags:00000010 [67 d2 b5]
==> 43bc:  JP NC, 43b5h        PC:43b5 AF:0102 BC:3064 DE:0064 HL:01af SP:f78b IX:0000 IY:0000 Flags:00000010 [d2 b5 43]
==> 43b5:  INC B               PC:43b6 AF:0120 BC:3164 DE:0064 HL:01af SP:f78b IX:0000 IY:0000 Flags:00100000 [04 7d 93]
==> 43b6:  LD A, L             PC:43b7 AF:af20 BC:3164 DE:0064 HL:01af SP:f78b IX:0000 IY:0000 Flags:00100000 [7d 93 6f]
==> 43b7:  SUB A, E            PC:43b8 AF:4b0e BC:3164 DE:0064 HL:01af SP:f78b IX:0000 IY:0000 Flags:00001110 [93 6f 7c]
==> 43b8:  LD L, A             PC:43b9 AF:4b0e BC:3164 DE:0064 HL:014b SP:f78b IX:0000 IY:0000 Flags:00001110 [6f 7c 9a]
==> 43b9:  LD A, H             PC:43ba AF:010e BC:3164 DE:0064 HL:014b SP:f78b IX:0000 IY:0000 Flags:00001110 [7c 9a 67]
==> 43ba:  SBC A, D            PC:43bb AF:0102 BC:3164 DE:0064 HL:014b SP:f78b IX:0000 IY:0000 Flags:00000010 [9a 67 d2]
==> 43bb:  LD H, A             PC:43bc AF:0102 BC:3164 DE:0064 HL:014b SP:f78b IX:0000 IY:0000 Flags:00000010 [67 d2 b5]
==> 43bc:  JP NC, 43b5h        PC:43b5 AF:0102 BC:3164 DE:0064 HL:014b SP:f78b IX:0000 IY:0000 Flags:00000010 [d2 b5 43]
==> 43b5:  INC B               PC:43b6 AF:0120 BC:3264 DE:0064 HL:014b SP:f78b IX:0000 IY:0000 Flags:00100000 [04 7d 93]
==> 43b6:  LD A, L             PC:43b7 AF:4b20 BC:3264 DE:0064 HL:014b SP:f78b IX:0000 IY:0000 Flags:00100000 [7d 93 6f]
==> 43b7:  SUB A, E            PC:43b8 AF:e7a3 BC:3264 DE:0064 HL:014b SP:f78b IX:0000 IY:0000 Flags:10100011 [93 6f 7c]
==> 43b8:  LD L, A             PC:43b9 AF:e7a3 BC:3264 DE:0064 HL:01e7 SP:f78b IX:0000 IY:0000 Flags:10100011 [6f 7c 9a]
==> 43b9:  LD A, H             PC:43ba AF:01a3 BC:3264 DE:0064 HL:01e7 SP:f78b IX:0000 IY:0000 Flags:10100011 [7c 9a 67]
==> 43ba:  SBC A, D            PC:43bb AF:0042 BC:3264 DE:0064 HL:01e7 SP:f78b IX:0000 IY:0000 Flags:01000010 [9a 67 d2]
==> 43bb:  LD H, A             PC:43bc AF:0042 BC:3264 DE:0064 HL:00e7 SP:f78b IX:0000 IY:0000 Flags:01000010 [67 d2 b5]
==> 43bc:  JP NC, 43b5h        PC:43b5 AF:0042 BC:3264 DE:0064 HL:00e7 SP:f78b IX:0000 IY:0000 Flags:01000010 [d2 b5 43]
==> 43b5:  INC B               PC:43b6 AF:0020 BC:3364 DE:0064 HL:00e7 SP:f78b IX:0000 IY:0000 Flags:00100000 [04 7d 93]
==> 43b6:  LD A, L             PC:43b7 AF:e720 BC:3364 DE:0064 HL:00e7 SP:f78b IX:0000 IY:0000 Flags:00100000 [7d 93 6f]
==> 43b7:  SUB A, E            PC:43b8 AF:8382 BC:3364 DE:0064 HL:00e7 SP:f78b IX:0000 IY:0000 Flags:10000010 [93 6f 7c]
==> 43b8:  LD L, A             PC:43b9 AF:8382 BC:3364 DE:0064 HL:0083 SP:f78b IX:0000 IY:0000 Flags:10000010 [6f 7c 9a]
==> 43b9:  LD A, H             PC:43ba AF:0082 BC:3364 DE:0064 HL:0083 SP:f78b IX:0000 IY:0000 Flags:10000010 [7c 9a 67]
==> 43ba:  SBC A, D            PC:43bb AF:0042 BC:3364 DE:0064 HL:0083 SP:f78b IX:0000 IY:0000 Flags:01000010 [9a 67 d2]
==> 43bb:  LD H, A             PC:43bc AF:0042 BC:3364 DE:0064 HL:0083 SP:f78b IX:0000 IY:0000 Flags:01000010 [67 d2 b5]
==> 43bc:  JP NC, 43b5h        PC:43b5 AF:0042 BC:3364 DE:0064 HL:0083 SP:f78b IX:0000 IY:0000 Flags:01000010 [d2 b5 43]
==> 43b5:  INC B               PC:43b6 AF:0020 BC:3464 DE:0064 HL:0083 SP:f78b IX:0000 IY:0000 Flags:00100000 [04 7d 93]
==> 43b6:  LD A, L             PC:43b7 AF:8320 BC:3464 DE:0064 HL:0083 SP:f78b IX:0000 IY:0000 Flags:00100000 [7d 93 6f]
==> 43b7:  SUB A, E            PC:43b8 AF:1f1e BC:3464 DE:0064 HL:0083 SP:f78b IX:0000 IY:0000 Flags:00011110 [93 6f 7c]
==> 43b8:  LD L, A             PC:43b9 AF:1f1e BC:3464 DE:0064 HL:001f SP:f78b IX:0000 IY:0000 Flags:00011110 [6f 7c 9a]
==> 43b9:  LD A, H             PC:43ba AF:001e BC:3464 DE:0064 HL:001f SP:f78b IX:0000 IY:0000 Flags:00011110 [7c 9a 67]
==> 43ba:  SBC A, D            PC:43bb AF:0042 BC:3464 DE:0064 HL:001f SP:f78b IX:0000 IY:0000 Flags:01000010 [9a 67 d2]
==> 43bb:  LD H, A             PC:43bc AF:0042 BC:3464 DE:0064 HL:001f SP:f78b IX:0000 IY:0000 Flags:01000010 [67 d2 b5]
==> 43bc:  JP NC, 43b5h        PC:43b5 AF:0042 BC:3464 DE:0064 HL:001f SP:f78b IX:0000 IY:0000 Flags:01000010 [d2 b5 43]
==> 43b5:  INC B               PC:43b6 AF:0020 BC:3564 DE:0064 HL:001f SP:f78b IX:0000 IY:0000 Flags:00100000 [04 7d 93]
==> 43b6:  LD A, L             PC:43b7 AF:1f20 BC:3564 DE:0064 HL:001f SP:f78b IX:0000 IY:0000 Flags:00100000 [7d 93 6f]
==> 43b7:  SUB A, E            PC:43b8 AF:bbab BC:3564 DE:0064 HL:001f SP:f78b IX:0000 IY:0000 Flags:10101011 [93 6f 7c]
==> 43b8:  LD L, A             PC:43b9 AF:bbab BC:3564 DE:0064 HL:00bb SP:f78b IX:0000 IY:0000 Flags:10101011 [6f 7c 9a]
==> 43b9:  LD A, H             PC:43ba AF:00ab BC:3564 DE:0064 HL:00bb SP:f78b IX:0000 IY:0000 Flags:10101011 [7c 9a 67]
==> 43ba:  SBC A, D            PC:43bb AF:ffbb BC:3564 DE:0064 HL:00bb SP:f78b IX:0000 IY:0000 Flags:10111011 [9a 67 d2]
==> 43bb:  LD H, A             PC:43bc AF:ffbb BC:3564 DE:0064 HL:ffbb SP:f78b IX:0000 IY:0000 Flags:10111011 [67 d2 b5]
==> 43bc:  JP NC, 43b5h        PC:43bf AF:ffbb BC:3564 DE:0064 HL:ffbb SP:f78b IX:0000 IY:0000 Flags:10111011 [d2 b5 43]
==> 43bf:  ADD HL, DE          PC:43c0 AF:ff91 BC:3564 DE:0064 HL:001f SP:f78b IX:0000 IY:0000 Flags:10010001 [19 22 58]
==> 43c0:  LD (0a58h), HL      PC:43c3 AF:ff91 BC:3564 DE:0064 HL:001f SP:f78b IX:0000 IY:0000 Flags:10010001 [22 58 0a]
==> 43c3:  POP DE              PC:43c4 AF:ff91 BC:3564 DE:444d HL:001f SP:f78d IX:0000 IY:0000 Flags:10010001 [d1 e1 70]
==> 43c4:  POP HL              PC:43c5 AF:ff91 BC:3564 DE:444d HL:0a6a SP:f78f IX:0000 IY:0000 Flags:10010001 [e1 70 23]
==> 43c5:  LD (HL), B          PC:43c6 AF:ff91 BC:3564 DE:444d HL:0a6a SP:f78f IX:0000 IY:0000 Flags:10010001 [70 23 f1]
==> 43c6:  INC HL              PC:43c7 AF:ff91 BC:3564 DE:444d HL:0a6b SP:f78f IX:0000 IY:0000 Flags:10010001 [23 f1 c1]
==> 43c7:  POP AF              PC:43c8 AF:03ab BC:3564 DE:444d HL:0a6b SP:f791 IX:0000 IY:0000 Flags:10101011 [f1 c1 3d]
==> 43c8:  POP BC              PC:43c9 AF:03ab BC:fdfd DE:444d HL:0a6b SP:f793 IX:0000 IY:0000 Flags:10101011 [c1 3d c2]
==> 43c9:  DEC A               PC:43ca AF:0203 BC:fdfd DE:444d HL:0a6b SP:f793 IX:0000 IY:0000 Flags:00000011 [3d c2 a2]
==> 43ca:  JP NZ, 43a2h        PC:43a2 AF:0203 BC:fdfd DE:444d HL:0a6b SP:f793 IX:0000 IY:0000 Flags:00000011 [c2 a2 43]
==> 43a2:  CALL 42f1h          PC:42f1 AF:0203 BC:fdfd DE:444d HL:0a6b SP:f791 IX:0000 IY:0000 Flags:00000011 [cd f1 42]
==> 42f1:  DEC B               PC:42f2 AF:02ab BC:fcfd DE:444d HL:0a6b SP:f791 IX:0000 IY:0000 Flags:10101011 [05 c2 fd]
==> 42f2:  JP NZ, 42fdh        PC:42fd AF:02ab BC:fcfd DE:444d HL:0a6b SP:f791 IX:0000 IY:0000 Flags:10101011 [c2 fd 42]
==> 42fd:  DEC C               PC:42fe AF:02ab BC:fcfc DE:444d HL:0a6b SP:f791 IX:0000 IY:0000 Flags:10101011 [0d c0 36]
==> 42fe:  RET NZ              PC:43a5 AF:02ab BC:fcfc DE:444d HL:0a6b SP:f793 IX:0000 IY:0000 Flags:10101011 [c0 36 2c]
==> 43a5:  PUSH BC             PC:43a6 AF:02ab BC:fcfc DE:444d HL:0a6b SP:f791 IX:0000 IY:0000 Flags:10101011 [c5 f5 e5]
==> 43a6:  PUSH AF             PC:43a7 AF:02ab BC:fcfc DE:444d HL:0a6b SP:f78f IX:0000 IY:0000 Flags:10101011 [f5 e5 eb]
==> 43a7:  PUSH HL             PC:43a8 AF:02ab BC:fcfc DE:444d HL:0a6b SP:f78d IX:0000 IY:0000 Flags:10101011 [e5 eb 4e]
==> 43a8:  EX DE, HL           PC:43a9 AF:02ab BC:fcfc DE:0a6b HL:444d SP:f78d IX:0000 IY:0000 Flags:10101011 [eb 4e 23]
==> 43a9:  LD C, (HL)          PC:43aa AF:02ab BC:fc0a DE:0a6b HL:444d SP:f78d IX:0000 IY:0000 Flags:10101011 [4e 23 46]
==> 43aa:  INC HL              PC:43ab AF:02ab BC:fc0a DE:0a6b HL:444e SP:f78d IX:0000 IY:0000 Flags:10101011 [23 46 c5]
==> 43ab:  LD B, (HL)          PC:43ac AF:02ab BC:000a DE:0a6b HL:444e SP:f78d IX:0000 IY:0000 Flags:10101011 [46 c5 23]
==> 43ac:  PUSH BC             PC:43ad AF:02ab BC:000a DE:0a6b HL:444e SP:f78b IX:0000 IY:0000 Flags:10101011 [c5 23 e3]
==> 43ad:  INC HL              PC:43ae AF:02ab BC:000a DE:0a6b HL:444f SP:f78b IX:0000 IY:0000 Flags:10101011 [23 e3 eb]
==> 43ae:  EX (SP), HL         PC:43af AF:02ab BC:000a DE:0a6b HL:000a SP:f78b IX:0000 IY:0000 Flags:10101011 [e3 eb 2a]
==> 43af:  EX DE, HL           PC:43b0 AF:02ab BC:000a DE:000a HL:0a6b SP:f78b IX:0000 IY:0000 Flags:10101011 [eb 2a 58]
==> 43b0:  LD HL, (0a58h)      PC:43b3 AF:02ab BC:000a DE:000a HL:001f SP:f78b IX:0000 IY:0000 Flags:10101011 [2a 58 0a]
==> 43b3:  LD B, 2fh           PC:43b5 AF:02ab BC:2f0a DE:000a HL:001f SP:f78b IX:0000 IY:0000 Flags:10101011 [06 2f 04]
==> 43b5:  INC B               PC:43b6 AF:0231 BC:300a DE:000a HL:001f SP:f78b IX:0000 IY:0000 Flags:00110001 [04 7d 93]
==> 43b6:  LD A, L             PC:43b7 AF:1f31 BC:300a DE:000a HL:001f SP:f78b IX:0000 IY:0000 Flags:00110001 [7d 93 6f]
==> 43b7:  SUB A, E            PC:43b8 AF:1502 BC:300a DE:000a HL:001f SP:f78b IX:0000 IY:0000 Flags:00000010 [93 6f 7c]
==> 43b8:  LD L, A             PC:43b9 AF:1502 BC:300a DE:000a HL:0015 SP:f78b IX:0000 IY:0000 Flags:00000010 [6f 7c 9a]
==> 43b9:  LD A, H             PC:43ba AF:0002 BC:300a DE:000a HL:0015 SP:f78b IX:0000 IY:0000 Flags:00000010 [7c 9a 67]
==> 43ba:  SBC A, D            PC:43bb AF:0042 BC:300a DE:000a HL:0015 SP:f78b IX:0000 IY:0000 Flags:01000010 [9a 67 d2]
==> 43bb:  LD H, A             PC:43bc AF:0042 BC:300a DE:000a HL:0015 SP:f78b IX:0000 IY:0000 Flags:01000010 [67 d2 b5]
==> 43bc:  JP NC, 43b5h        PC:43b5 AF:0042 BC:300a DE:000a HL:0015 SP:f78b IX:0000 IY:0000 Flags:01000010 [d2 b5 43]
==> 43b5:  INC B               PC:43b6 AF:0020 BC:310a DE:000a HL:0015 SP:f78b IX:0000 IY:0000 Flags:00100000 [04 7d 93]
==> 43b6:  LD A, L             PC:43b7 AF:1520 BC:310a DE:000a HL:0015 SP:f78b IX:0000 IY:0000 Flags:00100000 [7d 93 6f]
==> 43b7:  SUB A, E            PC:43b8 AF:0b1a BC:310a DE:000a HL:0015 SP:f78b IX:0000 IY:0000 Flags:00011010 [93 6f 7c]
==> 43b8:  LD L, A             PC:43b9 AF:0b1a BC:310a DE:000a HL:000b SP:f78b IX:0000 IY:0000 Flags:00011010 [6f 7c 9a]
==> 43b9:  LD A, H             PC:43ba AF:001a BC:310a DE:000a HL:000b SP:f78b IX:0000 IY:0000 Flags:00011010 [7c 9a 67]
==> 43ba:  SBC A, D            PC:43bb AF:0042 BC:310a DE:000a HL:000b SP:f78b IX:0000 IY:0000 Flags:01000010 [9a 67 d2]
==> 43bb:  LD H, A             PC:43bc AF:0042 BC:310a DE:000a HL:000b SP:f78b IX:0000 IY:0000 Flags:01000010 [67 d2 b5]
==> 43bc:  JP NC, 43b5h        PC:43b5 AF:0042 BC:310a DE:000a HL:000b SP:f78b IX:0000 IY:0000 Flags:01000010 [d2 b5 43]
==> 43b5:  INC B               PC:43b6 AF:0020 BC:320a DE:000a HL:000b SP:f78b IX:0000 IY:0000 Flags:00100000 [04 7d 93]
==> 43b6:  LD A, L             PC:43b7 AF:0b20 BC:320a DE:000a HL:000b SP:f78b IX:0000 IY:0000 Flags:00100000 [7d 93 6f]
==> 43b7:  SUB A, E            PC:43b8 AF:0102 BC:320a DE:000a HL:000b SP:f78b IX:0000 IY:0000 Flags:00000010 [93 6f 7c]
==> 43b8:  LD L, A             PC:43b9 AF:0102 BC:320a DE:000a HL:0001 SP:f78b IX:0000 IY:0000 Flags:00000010 [6f 7c 9a]
==> 43b9:  LD A, H             PC:43ba AF:0002 BC:320a DE:000a HL:0001 SP:f78b IX:0000 IY:0000 Flags:00000010 [7c 9a 67]
==> 43ba:  SBC A, D            PC:43bb AF:0042 BC:320a DE:000a HL:0001 SP:f78b IX:0000 IY:0000 Flags:01000010 [9a 67 d2]
==> 43bb:  LD H, A             PC:43bc AF:0042 BC:320a DE:000a HL:0001 SP:f78b IX:0000 IY:0000 Flags:01000010 [67 d2 b5]
==> 43bc:  JP NC, 43b5h        PC:43b5 AF:0042 BC:320a DE:000a HL:0001 SP:f78b IX:0000 IY:0000 Flags:01000010 [d2 b5 43]
==> 43b5:  INC B               PC:43b6 AF:0020 BC:330a DE:000a HL:0001 SP:f78b IX:0000 IY:0000 Flags:00100000 [04 7d 93]
==> 43b6:  LD A, L             PC:43b7 AF:0120 BC:330a DE:000a HL:0001 SP:f78b IX:0000 IY:0000 Flags:00100000 [7d 93 6f]
==> 43b7:  SUB A, E            PC:43b8 AF:f7b3 BC:330a DE:000a HL:0001 SP:f78b IX:0000 IY:0000 Flags:10110011 [93 6f 7c]
==> 43b8:  LD L, A             PC:43b9 AF:f7b3 BC:330a DE:000a HL:00f7 SP:f78b IX:0000 IY:0000 Flags:10110011 [6f 7c 9a]
==> 43b9:  LD A, H             PC:43ba AF:00b3 BC:330a DE:000a HL:00f7 SP:f78b IX:0000 IY:0000 Flags:10110011 [7c 9a 67]
==> 43ba:  SBC A, D            PC:43bb AF:ffbb BC:330a DE:000a HL:00f7 SP:f78b IX:0000 IY:0000 Flags:10111011 [9a 67 d2]
==> 43bb:  LD H, A             PC:43bc AF:ffbb BC:330a DE:000a HL:fff7 SP:f78b IX:0000 IY:0000 Flags:10111011 [67 d2 b5]
==> 43bc:  JP NC, 43b5h        PC:43bf AF:ffbb BC:330a DE:000a HL:fff7 SP:f78b IX:0000 IY:0000 Flags:10111011 [d2 b5 43]
==> 43bf:  ADD HL, DE          PC:43c0 AF:ff91 BC:330a DE:000a HL:0001 SP:f78b IX:0000 IY:0000 Flags:10010001 [19 22 58]
==> 43c0:  LD (0a58h), HL      PC:43c3 AF:ff91 BC:330a DE:000a HL:0001 SP:f78b IX:0000 IY:0000 Flags:10010001 [22 58 0a]
==> 43c3:  POP DE              PC:43c4 AF:ff91 BC:330a DE:444f HL:0001 SP:f78d IX:0000 IY:0000 Flags:10010001 [d1 e1 70]
==> 43c4:  POP HL              PC:43c5 AF:ff91 BC:330a DE:444f HL:0a6b SP:f78f IX:0000 IY:0000 Flags:10010001 [e1 70 23]
==> 43c5:  LD (HL), B          PC:43c6 AF:ff91 BC:330a DE:444f HL:0a6b SP:f78f IX:0000 IY:0000 Flags:10010001 [70 23 f1]
==> 43c6:  INC HL              PC:43c7 AF:ff91 BC:330a DE:444f HL:0a6c SP:f78f IX:0000 IY:0000 Flags:10010001 [23 f1 c1]
==> 43c7:  POP AF              PC:43c8 AF:02ab BC:330a DE:444f HL:0a6c SP:f791 IX:0000 IY:0000 Flags:10101011 [f1 c1 3d]
==> 43c8:  POP BC              PC:43c9 AF:02ab BC:fcfc DE:444f HL:0a6c SP:f793 IX:0000 IY:0000 Flags:10101011 [c1 3d c2]
==> 43c9:  DEC A               PC:43ca AF:0103 BC:fcfc DE:444f HL:0a6c SP:f793 IX:0000 IY:0000 Flags:00000011 [3d c2 a2]
==> 43ca:  JP NZ, 43a2h        PC:43a2 AF:0103 BC:fcfc DE:444f HL:0a6c SP:f793 IX:0000 IY:0000 Flags:00000011 [c2 a2 43]
==> 43a2:  CALL 42f1h          PC:42f1 AF:0103 BC:fcfc DE:444f HL:0a6c SP:f791 IX:0000 IY:0000 Flags:00000011 [cd f1 42]
==> 42f1:  DEC B               PC:42f2 AF:01ab BC:fbfc DE:444f HL:0a6c SP:f791 IX:0000 IY:0000 Flags:10101011 [05 c2 fd]
==> 42f2:  JP NZ, 42fdh        PC:42fd AF:01ab BC:fbfc DE:444f HL:0a6c SP:f791 IX:0000 IY:0000 Flags:10101011 [c2 fd 42]
==> 42fd:  DEC C               PC:42fe AF:01ab BC:fbfb DE:444f HL:0a6c SP:f791 IX:0000 IY:0000 Flags:10101011 [0d c0 36]
==> 42fe:  RET NZ              PC:43a5 AF:01ab BC:fbfb DE:444f HL:0a6c SP:f793 IX:0000 IY:0000 Flags:10101011 [c0 36 2c]
==> 43a5:  PUSH BC             PC:43a6 AF:01ab BC:fbfb DE:444f HL:0a6c SP:f791 IX:0000 IY:0000 Flags:10101011 [c5 f5 e5]
==> 43a6:  PUSH AF             PC:43a7 AF:01ab BC:fbfb DE:444f HL:0a6c SP:f78f IX:0000 IY:0000 Flags:10101011 [f5 e5 eb]
==> 43a7:  PUSH HL             PC:43a8 AF:01ab BC:fbfb DE:444f HL:0a6c SP:f78d IX:0000 IY:0000 Flags:10101011 [e5 eb 4e]
==> 43a8:  EX DE, HL           PC:43a9 AF:01ab BC:fbfb DE:0a6c HL:444f SP:f78d IX:0000 IY:0000 Flags:10101011 [eb 4e 23]
==> 43a9:  LD C, (HL)          PC:43aa AF:01ab BC:fb01 DE:0a6c HL:444f SP:f78d IX:0000 IY:0000 Flags:10101011 [4e 23 46]
==> 43aa:  INC HL              PC:43ab AF:01ab BC:fb01 DE:0a6c HL:4450 SP:f78d IX:0000 IY:0000 Flags:10101011 [23 46 c5]
==> 43ab:  LD B, (HL)          PC:43ac AF:01ab BC:0001 DE:0a6c HL:4450 SP:f78d IX:0000 IY:0000 Flags:10101011 [46 c5 23]
==> 43ac:  PUSH BC             PC:43ad AF:01ab BC:0001 DE:0a6c HL:4450 SP:f78b IX:0000 IY:0000 Flags:10101011 [c5 23 e3]
==> 43ad:  INC HL              PC:43ae AF:01ab BC:0001 DE:0a6c HL:4451 SP:f78b IX:0000 IY:0000 Flags:10101011 [23 e3 eb]
==> 43ae:  EX (SP), HL         PC:43af AF:01ab BC:0001 DE:0a6c HL:0001 SP:f78b IX:0000 IY:0000 Flags:10101011 [e3 eb 2a]
==> 43af:  EX DE, HL           PC:43b0 AF:01ab BC:0001 DE:0001 HL:0a6c SP:f78b IX:0000 IY:0000 Flags:10101011 [eb 2a 58]
==> 43b0:  LD HL, (0a58h)      PC:43b3 AF:01ab BC:0001 DE:0001 HL:0001 SP:f78b IX:0000 IY:0000 Flags:10101011 [2a 58 0a]
==> 43b3:  LD B, 2fh           PC:43b5 AF:01ab BC:2f01 DE:0001 HL:0001 SP:f78b IX:0000 IY:0000 Flags:10101011 [06 2f 04]
==> 43b5:  INC B               PC:43b6 AF:0131 BC:3001 DE:0001 HL:0001 SP:f78b IX:0000 IY:0000 Flags:00110001 [04 7d 93]
==> 43b6:  LD A, L             PC:43b7 AF:0131 BC:3001 DE:0001 HL:0001 SP:f78b IX:0000 IY:0000 Flags:00110001 [7d 93 6f]
==> 43b7:  SUB A, E            PC:43b8 AF:0042 BC:3001 DE:0001 HL:0001 SP:f78b IX:0000 IY:0000 Flags:01000010 [93 6f 7c]
==> 43b8:  LD L, A             PC:43b9 AF:0042 BC:3001 DE:0001 HL:0000 SP:f78b IX:0000 IY:0000 Flags:01000010 [6f 7c 9a]
==> 43b9:  LD A, H             PC:43ba AF:0042 BC:3001 DE:0001 HL:0000 SP:f78b IX:0000 IY:0000 Flags:01000010 [7c 9a 67]
==> 43ba:  SBC A, D            PC:43bb AF:0042 BC:3001 DE:0001 HL:0000 SP:f78b IX:0000 IY:0000 Flags:01000010 [9a 67 d2]
==> 43bb:  LD H, A             PC:43bc AF:0042 BC:3001 DE:0001 HL:0000 SP:f78b IX:0000 IY:0000 Flags:01000010 [67 d2 b5]
==> 43bc:  JP NC, 43b5h        PC:43b5 AF:0042 BC:3001 DE:0001 HL:0000 SP:f78b IX:0000 IY:0000 Flags:01000010 [d2 b5 43]
==> 43b5:  INC B               PC:43b6 AF:0020 BC:3101 DE:0001 HL:0000 SP:f78b IX:0000 IY:0000 Flags:00100000 [04 7d 93]
==> 43b6:  LD A, L             PC:43b7 AF:0020 BC:3101 DE:0001 HL:0000 SP:f78b IX:0000 IY:0000 Flags:00100000 [7d 93 6f]
==> 43b7:  SUB A, E            PC:43b8 AF:ffbb BC:3101 DE:0001 HL:0000 SP:f78b IX:0000 IY:0000 Flags:10111011 [93 6f 7c]
==> 43b8:  LD L, A             PC:43b9 AF:ffbb BC:3101 DE:0001 HL:00ff SP:f78b IX:0000 IY:0000 Flags:10111011 [6f 7c 9a]
==> 43b9:  LD A, H             PC:43ba AF:00bb BC:3101 DE:0001 HL:00ff SP:f78b IX:0000 IY:0000 Flags:10111011 [7c 9a 67]
==> 43ba:  SBC A, D            PC:43bb AF:ffbb BC:3101 DE:0001 HL:00ff SP:f78b IX:0000 IY:0000 Flags:10111011 [9a 67 d2]
==> 43bb:  LD H, A             PC:43bc AF:ffbb BC:3101 DE:0001 HL:ffff SP:f78b IX:0000 IY:0000 Flags:10111011 [67 d2 b5]
==> 43bc:  JP NC, 43b5h        PC:43bf AF:ffbb BC:3101 DE:0001 HL:ffff SP:f78b IX:0000 IY:0000 Flags:10111011 [d2 b5 43]
==> 43bf:  ADD HL, DE          PC:43c0 AF:ff91 BC:3101 DE:0001 HL:0000 SP:f78b IX:0000 IY:0000 Flags:10010001 [19 22 58]
==> 43c0:  LD (0a58h), HL      PC:43c3 AF:ff91 BC:3101 DE:0001 HL:0000 SP:f78b IX:0000 IY:0000 Flags:10010001 [22 58 0a]
==> 43c3:  POP DE              PC:43c4 AF:ff91 BC:3101 DE:4451 HL:0000 SP:f78d IX:0000 IY:0000 Flags:10010001 [d1 e1 70]
==> 43c4:  POP HL              PC:43c5 AF:ff91 BC:3101 DE:4451 HL:0a6c SP:f78f IX:0000 IY:0000 Flags:10010001 [e1 70 23]
==> 43c5:  LD (HL), B          PC:43c6 AF:ff91 BC:3101 DE:4451 HL:0a6c SP:f78f IX:0000 IY:0000 Flags:10010001 [70 23 f1]
==> 43c6:  INC HL              PC:43c7 AF:ff91 BC:3101 DE:4451 HL:0a6d SP:f78f IX:0000 IY:0000 Flags:10010001 [23 f1 c1]
==> 43c7:  POP AF              PC:43c8 AF:01ab BC:3101 DE:4451 HL:0a6d SP:f791 IX:0000 IY:0000 Flags:10101011 [f1 c1 3d]
==> 43c8:  POP BC              PC:43c9 AF:01ab BC:fbfb DE:4451 HL:0a6d SP:f793 IX:0000 IY:0000 Flags:10101011 [c1 3d c2]
==> 43c9:  DEC A               PC:43ca AF:0043 BC:fbfb DE:4451 HL:0a6d SP:f793 IX:0000 IY:0000 Flags:01000011 [3d c2 a2]
==> 43ca:  JP NZ, 43a2h        PC:43cd AF:0043 BC:fbfb DE:4451 HL:0a6d SP:f793 IX:0000 IY:0000 Flags:01000011 [c2 a2 43]
==> 43cd:  CALL 42f1h          PC:42f1 AF:0043 BC:fbfb DE:4451 HL:0a6d SP:f791 IX:0000 IY:0000 Flags:01000011 [cd f1 42]
==> 42f1:  DEC B               PC:42f2 AF:00ab BC:fafb DE:4451 HL:0a6d SP:f791 IX:0000 IY:0000 Flags:10101011 [05 c2 fd]
==> 42f2:  JP NZ, 42fdh        PC:42fd AF:00ab BC:fafb DE:4451 HL:0a6d SP:f791 IX:0000 IY:0000 Flags:10101011 [c2 fd 42]
==> 42fd:  DEC C               PC:42fe AF:00ab BC:fafa DE:4451 HL:0a6d SP:f791 IX:0000 IY:0000 Flags:10101011 [0d c0 36]
==> 42fe:  RET NZ              PC:43d0 AF:00ab BC:fafa DE:4451 HL:0a6d SP:f793 IX:0000 IY:0000 Flags:10101011 [c0 36 2c]
==> 43d0:  LD (HL), A          PC:43d1 AF:00ab BC:fafa DE:4451 HL:0a6d SP:f793 IX:0000 IY:0000 Flags:10101011 [77 d1 c9]
==> 43d1:  POP DE              PC:43d2 AF:00ab BC:fafa DE:009b HL:0a6d SP:f795 IX:0000 IY:0000 Flags:10101011 [d1 c9 00]
==> 43d2:  RET                 PC:4026 AF:00ab BC:fafa DE:009b HL:0a6d SP:f797 IX:0000 IY:0000 Flags:10101011 [c9 00 00]
==> 4026:  LD HL, 0a67h        PC:4029 AF:00ab BC:fafa DE:009b HL:0a67 SP:f797 IX:0000 IY:0000 Flags:10101011 [21 67 0a]
==> 4029:  LD B, (HL)          PC:402a AF:00ab BC:20fa DE:009b HL:0a67 SP:f797 IX:0000 IY:0000 Flags:10101011 [46 0e 20]
==> 402a:  LD C, 20h           PC:402c AF:00ab BC:2020 DE:009b HL:0a67 SP:f797 IX:0000 IY:0000 Flags:10101011 [0e 20 3a]
==> 402c:  LD A, (0a07h)       PC:402f AF:00ab BC:2020 DE:009b HL:0a67 SP:f797 IX:0000 IY:0000 Flags:10101011 [3a 07 0a]
==> 402f:  LD E, A             PC:4030 AF:00ab BC:2020 DE:0000 HL:0a67 SP:f797 IX:0000 IY:0000 Flags:10101011 [5f e6 20]
==> 4030:  AND A, 20h          PC:4032 AF:0054 BC:2020 DE:0000 HL:0a67 SP:f797 IX:0000 IY:0000 Flags:01010100 [e6 20 ca]
==> 4032:  JP Z, 403dh         PC:403d AF:0054 BC:2020 DE:0000 HL:0a67 SP:f797 IX:0000 IY:0000 Flags:01010100 [ca 3d 40]
==> 403d:  LD (HL), C          PC:403e AF:0054 BC:2020 DE:0000 HL:0a67 SP:f797 IX:0000 IY:0000 Flags:01010100 [71 cd ab]
==> 403e:  CALL 12abh          PC:12ab AF:0054 BC:2020 DE:0000 HL:0a67 SP:f795 IX:0000 IY:0000 Flags:01010100 [cd ab 12]
==> 12ab:  INC HL              PC:12ac AF:0054 BC:2020 DE:0000 HL:0a68 SP:f795 IX:0000 IY:0000 Flags:01010100 [23 7e fe]
==> 12ac:  LD A, (HL)          PC:12ad AF:3454 BC:2020 DE:0000 HL:0a68 SP:f795 IX:0000 IY:0000 Flags:01010100 [7e fe 3a]
==> 12ad:  CP A, 3ah           PC:12af AF:34bb BC:2020 DE:0000 HL:0a68 SP:f795 IX:0000 IY:0000 Flags:10111011 [fe 3a d0]
==> 12af:  RET NC              PC:12b0 AF:34bb BC:2020 DE:0000 HL:0a68 SP:f795 IX:0000 IY:0000 Flags:10111011 [d0 fe 20]
==> 12b0:  CP A, 20h           PC:12b2 AF:3422 BC:2020 DE:0000 HL:0a68 SP:f795 IX:0000 IY:0000 Flags:00100010 [fe 20 ca]
==> 12b2:  JP Z, 12abh         PC:12b5 AF:3422 BC:2020 DE:0000 HL:0a68 SP:f795 IX:0000 IY:0000 Flags:00100010 [ca ab 12]
==> 12b5:  JP NC, 131eh        PC:131e AF:3422 BC:2020 DE:0000 HL:0a68 SP:f795 IX:0000 IY:0000 Flags:00100010 [d2 1e 13]
==> 131e:  CP A, 30h           PC:1320 AF:3422 BC:2020 DE:0000 HL:0a68 SP:f795 IX:0000 IY:0000 Flags:00100010 [fe 30 3f]
==> 1320:  CCF                 PC:1321 AF:3421 BC:2020 DE:0000 HL:0a68 SP:f795 IX:0000 IY:0000 Flags:00100001 [3f 3c 3d]
==> 1321:  INC A               PC:1322 AF:3521 BC:2020 DE:0000 HL:0a68 SP:f795 IX:0000 IY:0000 Flags:00100001 [3c 3d c9]
==> 1322:  DEC A               PC:1323 AF:3423 BC:2020 DE:0000 HL:0a68 SP:f795 IX:0000 IY:0000 Flags:00100011 [3d c9 1e]
==> 1323:  RET                 PC:4041 AF:3423 BC:2020 DE:0000 HL:0a68 SP:f797 IX:0000 IY:0000 Flags:00100011 [c9 1e 10]
==> 4041:  JP Z, 405dh         PC:4044 AF:3423 BC:2020 DE:0000 HL:0a68 SP:f797 IX:0000 IY:0000 Flags:00100011 [ca 5d 40]
==> 4044:  CP A, 45h           PC:4046 AF:3493 BC:2020 DE:0000 HL:0a68 SP:f797 IX:0000 IY:0000 Flags:10010011 [fe 45 ca]
==> 4046:  JP Z, 405dh         PC:4049 AF:3493 BC:2020 DE:0000 HL:0a68 SP:f797 IX:0000 IY:0000 Flags:10010011 [ca 5d 40]
==> 4049:  CP A, 44h           PC:404b AF:3483 BC:2020 DE:0000 HL:0a68 SP:f797 IX:0000 IY:0000 Flags:10000011 [fe 44 ca]
==> 404b:  JP Z, 405dh         PC:404e AF:3483 BC:2020 DE:0000 HL:0a68 SP:f797 IX:0000 IY:0000 Flags:10000011 [ca 5d 40]
==> 404e:  CP A, 30h           PC:4050 AF:3422 BC:2020 DE:0000 HL:0a68 SP:f797 IX:0000 IY:0000 Flags:00100010 [fe 30 ca]
==> 4050:  JP Z, 403dh         PC:4053 AF:3422 BC:2020 DE:0000 HL:0a68 SP:f797 IX:0000 IY:0000 Flags:00100010 [ca 3d 40]
==> 4053:  CP A, 2ch           PC:4055 AF:343a BC:2020 DE:0000 HL:0a68 SP:f797 IX:0000 IY:0000 Flags:00111010 [fe 2c ca]
==> 4055:  JP Z, 403dh         PC:4058 AF:343a BC:2020 DE:0000 HL:0a68 SP:f797 IX:0000 IY:0000 Flags:00111010 [ca 3d 40]
==> 4058:  CP A, 2eh           PC:405a AF:343a BC:2020 DE:0000 HL:0a68 SP:f797 IX:0000 IY:0000 Flags:00111010 [fe 2e c2]
==> 405a:  JP NZ, 4060h        PC:4060 AF:343a BC:2020 DE:0000 HL:0a68 SP:f797 IX:0000 IY:0000 Flags:00111010 [c2 60 40]
==> 4060:  LD A, E             PC:4061 AF:003a BC:2020 DE:0000 HL:0a68 SP:f797 IX:0000 IY:0000 Flags:00111010 [7b e6 10]
==> 4061:  AND A, 10h          PC:4063 AF:0054 BC:2020 DE:0000 HL:0a68 SP:f797 IX:0000 IY:0000 Flags:01010100 [e6 10 ca]
==> 4063:  JP Z, 4069h         PC:4069 AF:0054 BC:2020 DE:0000 HL:0a68 SP:f797 IX:0000 IY:0000 Flags:01010100 [ca 69 40]
==> 4069:  LD A, E             PC:406a AF:0054 BC:2020 DE:0000 HL:0a68 SP:f797 IX:0000 IY:0000 Flags:01010100 [7b e6 04]
==> 406a:  AND A, 04h          PC:406c AF:0054 BC:2020 DE:0000 HL:0a68 SP:f797 IX:0000 IY:0000 Flags:01010100 [e6 04 c0]
==> 406c:  RET NZ              PC:406d AF:0054 BC:2020 DE:0000 HL:0a68 SP:f797 IX:0000 IY:0000 Flags:01010100 [c0 2b 70]
==> 406d:  DEC HL              PC:406e AF:0054 BC:2020 DE:0000 HL:0a67 SP:f797 IX:0000 IY:0000 Flags:01010100 [2b 70 c9]
==> 406e:  LD (HL), B          PC:406f AF:0054 BC:2020 DE:0000 HL:0a67 SP:f797 IX:0000 IY:0000 Flags:01010100 [70 c9 32]
==> 406f:  RET                 PC:3fea AF:0054 BC:2020 DE:0000 HL:0a67 SP:f799 IX:0000 IY:0000 Flags:01010100 [c9 32 07]
==> 3fea:  JP 227bh            PC:227b AF:0054 BC:2020 DE:0000 HL:0a67 SP:f799 IX:0000 IY:0000 Flags:01010100 [c3 7b 22]
==> 227b:  INC HL              PC:227c AF:0054 BC:2020 DE:0000 HL:0a68 SP:f799 IX:0000 IY:0000 Flags:01010100 [23 cd 35]
==> 227c:  CALL 2235h          PC:2235 AF:0054 BC:2020 DE:0000 HL:0a68 SP:f797 IX:0000 IY:0000 Flags:01010100 [cd 35 22]
==> 2235:  DEC HL              PC:2236 AF:0054 BC:2020 DE:0000 HL:0a67 SP:f797 IX:0000 IY:0000 Flags:01010100 [2b 06 22]
==> 2236:  LD B, 22h           PC:2238 AF:0054 BC:2220 DE:0000 HL:0a67 SP:f797 IX:0000 IY:0000 Flags:01010100 [06 22 50]
==> 2238:  LD D, B             PC:2239 AF:0054 BC:2220 DE:2200 HL:0a67 SP:f797 IX:0000 IY:0000 Flags:01010100 [50 e5 0e]
==> 2239:  PUSH HL             PC:223a AF:0054 BC:2220 DE:2200 HL:0a67 SP:f795 IX:0000 IY:0000 Flags:01010100 [e5 0e ff]
==> 223a:  LD C, ffh           PC:223c AF:0054 BC:22ff DE:2200 HL:0a67 SP:f795 IX:0000 IY:0000 Flags:01010100 [0e ff 23]
==> 223c:  INC HL              PC:223d AF:0054 BC:22ff DE:2200 HL:0a68 SP:f795 IX:0000 IY:0000 Flags:01010100 [23 7e 0c]
==> 223d:  LD A, (HL)          PC:223e AF:3454 BC:22ff DE:2200 HL:0a68 SP:f795 IX:0000 IY:0000 Flags:01010100 [7e 0c b7]
==> 223e:  INC C               PC:223f AF:3450 BC:2200 DE:2200 HL:0a68 SP:f795 IX:0000 IY:0000 Flags:01010000 [0c b7 ca]
==> 223f:  OR A, A             PC:2240 AF:3420 BC:2200 DE:2200 HL:0a68 SP:f795 IX:0000 IY:0000 Flags:00100000 [b7 ca 4b]
==> 2240:  JP Z, 224bh         PC:2243 AF:3420 BC:2200 DE:2200 HL:0a68 SP:f795 IX:0000 IY:0000 Flags:00100000 [ca 4b 22]
==> 2243:  CP A, D             PC:2244 AF:3422 BC:2200 DE:2200 HL:0a68 SP:f795 IX:0000 IY:0000 Flags:00100010 [ba ca 4b]
==> 2244:  JP Z, 224bh         PC:2247 AF:3422 BC:2200 DE:2200 HL:0a68 SP:f795 IX:0000 IY:0000 Flags:00100010 [ca 4b 22]
==> 2247:  CP A, B             PC:2248 AF:3422 BC:2200 DE:2200 HL:0a68 SP:f795 IX:0000 IY:0000 Flags:00100010 [b8 c2 3c]
==> 2248:  JP NZ, 223ch        PC:223c AF:3422 BC:2200 DE:2200 HL:0a68 SP:f795 IX:0000 IY:0000 Flags:00100010 [c2 3c 22]
==> 223c:  INC HL              PC:223d AF:3422 BC:2200 DE:2200 HL:0a69 SP:f795 IX:0000 IY:0000 Flags:00100010 [23 7e 0c]
==> 223d:  LD A, (HL)          PC:223e AF:3422 BC:2200 DE:2200 HL:0a69 SP:f795 IX:0000 IY:0000 Flags:00100010 [7e 0c b7]
==> 223e:  INC C               PC:223f AF:3400 BC:2201 DE:2200 HL:0a69 SP:f795 IX:0000 IY:0000 Flags:00000000 [0c b7 ca]
==> 223f:  OR A, A             PC:2240 AF:3420 BC:2201 DE:2200 HL:0a69 SP:f795 IX:0000 IY:0000 Flags:00100000 [b7 ca 4b]
==> 2240:  JP Z, 224bh         PC:2243 AF:3420 BC:2201 DE:2200 HL:0a69 SP:f795 IX:0000 IY:0000 Flags:00100000 [ca 4b 22]
==> 2243:  CP A, D             PC:2244 AF:3422 BC:2201 DE:2200 HL:0a69 SP:f795 IX:0000 IY:0000 Flags:00100010 [ba ca 4b]
==> 2244:  JP Z, 224bh         PC:2247 AF:3422 BC:2201 DE:2200 HL:0a69 SP:f795 IX:0000 IY:0000 Flags:00100010 [ca 4b 22]
==> 2247:  CP A, B             PC:2248 AF:3422 BC:2201 DE:2200 HL:0a69 SP:f795 IX:0000 IY:0000 Flags:00100010 [b8 c2 3c]
==> 2248:  JP NZ, 223ch        PC:223c AF:3422 BC:2201 DE:2200 HL:0a69 SP:f795 IX:0000 IY:0000 Flags:00100010 [c2 3c 22]
==> 223c:  INC HL              PC:223d AF:3422 BC:2201 DE:2200 HL:0a6a SP:f795 IX:0000 IY:0000 Flags:00100010 [23 7e 0c]
==> 223d:  LD A, (HL)          PC:223e AF:3522 BC:2201 DE:2200 HL:0a6a SP:f795 IX:0000 IY:0000 Flags:00100010 [7e 0c b7]
==> 223e:  INC C               PC:223f AF:3500 BC:2202 DE:2200 HL:0a6a SP:f795 IX:0000 IY:0000 Flags:00000000 [0c b7 ca]
==> 223f:  OR A, A             PC:2240 AF:3524 BC:2202 DE:2200 HL:0a6a SP:f795 IX:0000 IY:0000 Flags:00100100 [b7 ca 4b]
==> 2240:  JP Z, 224bh         PC:2243 AF:3524 BC:2202 DE:2200 HL:0a6a SP:f795 IX:0000 IY:0000 Flags:00100100 [ca 4b 22]
==> 2243:  CP A, D             PC:2244 AF:3522 BC:2202 DE:2200 HL:0a6a SP:f795 IX:0000 IY:0000 Flags:00100010 [ba ca 4b]
==> 2244:  JP Z, 224bh         PC:2247 AF:3522 BC:2202 DE:2200 HL:0a6a SP:f795 IX:0000 IY:0000 Flags:00100010 [ca 4b 22]
==> 2247:  CP A, B             PC:2248 AF:3522 BC:2202 DE:2200 HL:0a6a SP:f795 IX:0000 IY:0000 Flags:00100010 [b8 c2 3c]
==> 2248:  JP NZ, 223ch        PC:223c AF:3522 BC:2202 DE:2200 HL:0a6a SP:f795 IX:0000 IY:0000 Flags:00100010 [c2 3c 22]
==> 223c:  INC HL              PC:223d AF:3522 BC:2202 DE:2200 HL:0a6b SP:f795 IX:0000 IY:0000 Flags:00100010 [23 7e 0c]
==> 223d:  LD A, (HL)          PC:223e AF:3322 BC:2202 DE:2200 HL:0a6b SP:f795 IX:0000 IY:0000 Flags:00100010 [7e 0c b7]
==> 223e:  INC C               PC:223f AF:3300 BC:2203 DE:2200 HL:0a6b SP:f795 IX:0000 IY:0000 Flags:00000000 [0c b7 ca]
==> 223f:  OR A, A             PC:2240 AF:3324 BC:2203 DE:2200 HL:0a6b SP:f795 IX:0000 IY:0000 Flags:00100100 [b7 ca 4b]
==> 2240:  JP Z, 224bh         PC:2243 AF:3324 BC:2203 DE:2200 HL:0a6b SP:f795 IX:0000 IY:0000 Flags:00100100 [ca 4b 22]
==> 2243:  CP A, D             PC:2244 AF:3322 BC:2203 DE:2200 HL:0a6b SP:f795 IX:0000 IY:0000 Flags:00100010 [ba ca 4b]
==> 2244:  JP Z, 224bh         PC:2247 AF:3322 BC:2203 DE:2200 HL:0a6b SP:f795 IX:0000 IY:0000 Flags:00100010 [ca 4b 22]
==> 2247:  CP A, B             PC:2248 AF:3322 BC:2203 DE:2200 HL:0a6b SP:f795 IX:0000 IY:0000 Flags:00100010 [b8 c2 3c]
==> 2248:  JP NZ, 223ch        PC:223c AF:3322 BC:2203 DE:2200 HL:0a6b SP:f795 IX:0000 IY:0000 Flags:00100010 [c2 3c 22]
==> 223c:  INC HL              PC:223d AF:3322 BC:2203 DE:2200 HL:0a6c SP:f795 IX:0000 IY:0000 Flags:00100010 [23 7e 0c]
==> 223d:  LD A, (HL)          PC:223e AF:3122 BC:2203 DE:2200 HL:0a6c SP:f795 IX:0000 IY:0000 Flags:00100010 [7e 0c b7]
==> 223e:  INC C               PC:223f AF:3100 BC:2204 DE:2200 HL:0a6c SP:f795 IX:0000 IY:0000 Flags:00000000 [0c b7 ca]
==> 223f:  OR A, A             PC:2240 AF:3120 BC:2204 DE:2200 HL:0a6c SP:f795 IX:0000 IY:0000 Flags:00100000 [b7 ca 4b]
==> 2240:  JP Z, 224bh         PC:2243 AF:3120 BC:2204 DE:2200 HL:0a6c SP:f795 IX:0000 IY:0000 Flags:00100000 [ca 4b 22]
==> 2243:  CP A, D             PC:2244 AF:3132 BC:2204 DE:2200 HL:0a6c SP:f795 IX:0000 IY:0000 Flags:00110010 [ba ca 4b]
==> 2244:  JP Z, 224bh         PC:2247 AF:3132 BC:2204 DE:2200 HL:0a6c SP:f795 IX:0000 IY:0000 Flags:00110010 [ca 4b 22]
==> 2247:  CP A, B             PC:2248 AF:3132 BC:2204 DE:2200 HL:0a6c SP:f795 IX:0000 IY:0000 Flags:00110010 [b8 c2 3c]
==> 2248:  JP NZ, 223ch        PC:223c AF:3132 BC:2204 DE:2200 HL:0a6c SP:f795 IX:0000 IY:0000 Flags:00110010 [c2 3c 22]
==> 223c:  INC HL              PC:223d AF:3132 BC:2204 DE:2200 HL:0a6d SP:f795 IX:0000 IY:0000 Flags:00110010 [23 7e 0c]
==> 223d:  LD A, (HL)          PC:223e AF:0032 BC:2204 DE:2200 HL:0a6d SP:f795 IX:0000 IY:0000 Flags:00110010 [7e 0c b7]
==> 223e:  INC C               PC:223f AF:0000 BC:2205 DE:2200 HL:0a6d SP:f795 IX:0000 IY:0000 Flags:00000000 [0c b7 ca]
==> 223f:  OR A, A             PC:2240 AF:0044 BC:2205 DE:2200 HL:0a6d SP:f795 IX:0000 IY:0000 Flags:01000100 [b7 ca 4b]
==> 2240:  JP Z, 224bh         PC:224b AF:0044 BC:2205 DE:2200 HL:0a6d SP:f795 IX:0000 IY:0000 Flags:01000100 [ca 4b 22]
==> 224b:  CP A, 22h           PC:224d AF:00b3 BC:2205 DE:2200 HL:0a6d SP:f795 IX:0000 IY:0000 Flags:10110011 [fe 22 cc]
==> 224d:  CALL Z, 12abh       PC:2250 AF:00b3 BC:2205 DE:2200 HL:0a6d SP:f795 IX:0000 IY:0000 Flags:10110011 [cc ab 12]
==> 2250:  EX (SP), HL         PC:2251 AF:00b3 BC:2205 DE:2200 HL:0a67 SP:f795 IX:0000 IY:0000 Flags:10110011 [e3 23 eb]
==> 2251:  INC HL              PC:2252 AF:00b3 BC:2205 DE:2200 HL:0a68 SP:f795 IX:0000 IY:0000 Flags:10110011 [23 eb 79]
==> 2252:  EX DE, HL           PC:2253 AF:00b3 BC:2205 DE:0a68 HL:2200 SP:f795 IX:0000 IY:0000 Flags:10110011 [eb 79 cd]
==> 2253:  LD A, C             PC:2254 AF:05b3 BC:2205 DE:0a68 HL:2200 SP:f795 IX:0000 IY:0000 Flags:10110011 [79 cd 2a]
==> 2254:  CALL 222ah          PC:222a AF:05b3 BC:2205 DE:0a68 HL:2200 SP:f793 IX:0000 IY:0000 Flags:10110011 [cd 2a 22]
==> 222a:  LD HL, 0a02h        PC:222d AF:05b3 BC:2205 DE:0a68 HL:0a02 SP:f793 IX:0000 IY:0000 Flags:10110011 [21 02 0a]
==> 222d:  PUSH HL             PC:222e AF:05b3 BC:2205 DE:0a68 HL:0a02 SP:f791 IX:0000 IY:0000 Flags:10110011 [e5 77 23]
==> 222e:  LD (HL), A          PC:222f AF:05b3 BC:2205 DE:0a68 HL:0a02 SP:f791 IX:0000 IY:0000 Flags:10110011 [77 23 73]
==> 222f:  INC HL              PC:2230 AF:05b3 BC:2205 DE:0a68 HL:0a03 SP:f791 IX:0000 IY:0000 Flags:10110011 [23 73 23]
==> 2230:  LD (HL), E          PC:2231 AF:05b3 BC:2205 DE:0a68 HL:0a03 SP:f791 IX:0000 IY:0000 Flags:10110011 [73 23 72]
==> 2231:  INC HL              PC:2232 AF:05b3 BC:2205 DE:0a68 HL:0a04 SP:f791 IX:0000 IY:0000 Flags:10110011 [23 72 e1]
==> 2232:  LD (HL), D          PC:2233 AF:05b3 BC:2205 DE:0a68 HL:0a04 SP:f791 IX:0000 IY:0000 Flags:10110011 [72 e1 c9]
==> 2233:  POP HL              PC:2234 AF:05b3 BC:2205 DE:0a68 HL:0a02 SP:f793 IX:0000 IY:0000 Flags:10110011 [e1 c9 2b]
==> 2234:  RET                 PC:2257 AF:05b3 BC:2205 DE:0a68 HL:0a02 SP:f795 IX:0000 IY:0000 Flags:10110011 [c9 2b 06]
==> 2257:  LD DE, 0a02h        PC:225a AF:05b3 BC:2205 DE:0a02 HL:0a02 SP:f795 IX:0000 IY:0000 Flags:10110011 [11 02 0a]
==> 225a:  LD A, d5h           PC:225c AF:d5b3 BC:2205 DE:0a02 HL:0a02 SP:f795 IX:0000 IY:0000 Flags:10110011 [3e d5 2a]
==> 225c:  LD HL, (09e2h)      PC:225f AF:d5b3 BC:2205 DE:0a02 HL:09e4 SP:f795 IX:0000 IY:0000 Flags:10110011 [2a e2 09]
==> 225f:  LD (0a58h), HL      PC:2262 AF:d5b3 BC:2205 DE:0a02 HL:09e4 SP:f795 IX:0000 IY:0000 Flags:10110011 [22 58 0a]
==> 2262:  LD A, 03h           PC:2264 AF:03b3 BC:2205 DE:0a02 HL:09e4 SP:f795 IX:0000 IY:0000 Flags:10110011 [3e 03 32]
==> 2264:  LD (09d1h), A       PC:2267 AF:03b3 BC:2205 DE:0a02 HL:09e4 SP:f795 IX:0000 IY:0000 Flags:10110011 [32 d1 09]
==> 2267:  CALL 3956h          PC:3956 AF:03b3 BC:2205 DE:0a02 HL:09e4 SP:f793 IX:0000 IY:0000 Flags:10110011 [cd 56 39]
==> 3956:  LD A, (09d1h)       PC:3959 AF:03b3 BC:2205 DE:0a02 HL:09e4 SP:f793 IX:0000 IY:0000 Flags:10110011 [3a d1 09]
==> 3959:  LD B, A             PC:395a AF:03b3 BC:0305 DE:0a02 HL:09e4 SP:f793 IX:0000 IY:0000 Flags:10110011 [47 1a 77]
==> 395a:  LD A, (DE)          PC:395b AF:05b3 BC:0305 DE:0a02 HL:09e4 SP:f793 IX:0000 IY:0000 Flags:10110011 [1a 77 13]
==> 395b:  LD (HL), A          PC:395c AF:05b3 BC:0305 DE:0a02 HL:09e4 SP:f793 IX:0000 IY:0000 Flags:10110011 [77 13 23]
==> 395c:  INC DE              PC:395d AF:05b3 BC:0305 DE:0a03 HL:09e4 SP:f793 IX:0000 IY:0000 Flags:10110011 [13 23 05]
==> 395d:  INC HL              PC:395e AF:05b3 BC:0305 DE:0a03 HL:09e5 SP:f793 IX:0000 IY:0000 Flags:10110011 [23 05 c2]
==> 395e:  DEC B               PC:395f AF:0503 BC:0205 DE:0a03 HL:09e5 SP:f793 IX:0000 IY:0000 Flags:00000011 [05 c2 5a]
==> 395f:  JP NZ, 395ah        PC:395a AF:0503 BC:0205 DE:0a03 HL:09e5 SP:f793 IX:0000 IY:0000 Flags:00000011 [c2 5a 39]
==> 395a:  LD A, (DE)          PC:395b AF:6803 BC:0205 DE:0a03 HL:09e5 SP:f793 IX:0000 IY:0000 Flags:00000011 [1a 77 13]
==> 395b:  LD (HL), A          PC:395c AF:6803 BC:0205 DE:0a03 HL:09e5 SP:f793 IX:0000 IY:0000 Flags:00000011 [77 13 23]
==> 395c:  INC DE              PC:395d AF:6803 BC:0205 DE:0a04 HL:09e5 SP:f793 IX:0000 IY:0000 Flags:00000011 [13 23 05]
==> 395d:  INC HL              PC:395e AF:6803 BC:0205 DE:0a04 HL:09e6 SP:f793 IX:0000 IY:0000 Flags:00000011 [23 05 c2]
==> 395e:  DEC B               PC:395f AF:6803 BC:0105 DE:0a04 HL:09e6 SP:f793 IX:0000 IY:0000 Flags:00000011 [05 c2 5a]
==> 395f:  JP NZ, 395ah        PC:395a AF:6803 BC:0105 DE:0a04 HL:09e6 SP:f793 IX:0000 IY:0000 Flags:00000011 [c2 5a 39]
==> 395a:  LD A, (DE)          PC:395b AF:0a03 BC:0105 DE:0a04 HL:09e6 SP:f793 IX:0000 IY:0000 Flags:00000011 [1a 77 13]
==> 395b:  LD (HL), A          PC:395c AF:0a03 BC:0105 DE:0a04 HL:09e6 SP:f793 IX:0000 IY:0000 Flags:00000011 [77 13 23]
==> 395c:  INC DE              PC:395d AF:0a03 BC:0105 DE:0a05 HL:09e6 SP:f793 IX:0000 IY:0000 Flags:00000011 [13 23 05]
==> 395d:  INC HL              PC:395e AF:0a03 BC:0105 DE:0a05 HL:09e7 SP:f793 IX:0000 IY:0000 Flags:00000011 [23 05 c2]
==> 395e:  DEC B               PC:395f AF:0a43 BC:0005 DE:0a05 HL:09e7 SP:f793 IX:0000 IY:0000 Flags:01000011 [05 c2 5a]
==> 395f:  JP NZ, 395ah        PC:3962 AF:0a43 BC:0005 DE:0a05 HL:09e7 SP:f793 IX:0000 IY:0000 Flags:01000011 [c2 5a 39]
==> 3962:  RET                 PC:226a AF:0a43 BC:0005 DE:0a05 HL:09e7 SP:f795 IX:0000 IY:0000 Flags:01000011 [c9 21 5a]
==> 226a:  LD DE, 0a05h        PC:226d AF:0a43 BC:0005 DE:0a05 HL:09e7 SP:f795 IX:0000 IY:0000 Flags:01000011 [11 05 0a]
==> 226d:  CALL 10b4h          PC:10b4 AF:0a43 BC:0005 DE:0a05 HL:09e7 SP:f793 IX:0000 IY:0000 Flags:01000011 [cd b4 10]
==> 10b4:  LD A, H             PC:10b5 AF:0943 BC:0005 DE:0a05 HL:09e7 SP:f793 IX:0000 IY:0000 Flags:01000011 [7c 92 c0]
==> 10b5:  SUB A, D            PC:10b6 AF:ffbb BC:0005 DE:0a05 HL:09e7 SP:f793 IX:0000 IY:0000 Flags:10111011 [92 c0 7d]
==> 10b6:  RET NZ              PC:2270 AF:ffbb BC:0005 DE:0a05 HL:09e7 SP:f795 IX:0000 IY:0000 Flags:10111011 [c0 7d 93]
==> 2270:  LD (09e2h), HL      PC:2273 AF:ffbb BC:0005 DE:0a05 HL:09e7 SP:f795 IX:0000 IY:0000 Flags:10111011 [22 e2 09]
==> 2273:  POP HL              PC:2274 AF:ffbb BC:0005 DE:0a05 HL:0a6d SP:f797 IX:0000 IY:0000 Flags:10111011 [e1 7e c0]
==> 2274:  LD A, (HL)          PC:2275 AF:00bb BC:0005 DE:0a05 HL:0a6d SP:f797 IX:0000 IY:0000 Flags:10111011 [7e c0 1e]
==> 2275:  RET NZ              PC:227f AF:00bb BC:0005 DE:0a05 HL:0a6d SP:f799 IX:0000 IY:0000 Flags:10111011 [c0 1e 10]
==> 227f:  CALL 23c5h          PC:23c5 AF:00bb BC:0005 DE:0a05 HL:0a6d SP:f797 IX:0000 IY:0000 Flags:10111011 [cd c5 23]
==> 23c5:  LD HL, (0a58h)      PC:23c8 AF:00bb BC:0005 DE:0a05 HL:09e4 SP:f797 IX:0000 IY:0000 Flags:10111011 [2a 58 0a]
==> 23c8:  EX DE, HL           PC:23c9 AF:00bb BC:0005 DE:09e4 HL:0a05 SP:f797 IX:0000 IY:0000 Flags:10111011 [eb cd e3]
==> 23c9:  CALL 23e3h          PC:23e3 AF:00bb BC:0005 DE:09e4 HL:0a05 SP:f795 IX:0000 IY:0000 Flags:10111011 [cd e3 23]
==> 23e3:  LD HL, (09e2h)      PC:23e6 AF:00bb BC:0005 DE:09e4 HL:09e7 SP:f795 IX:0000 IY:0000 Flags:10111011 [2a e2 09]
==> 23e6:  DEC HL              PC:23e7 AF:00bb BC:0005 DE:09e4 HL:09e6 SP:f795 IX:0000 IY:0000 Flags:10111011 [2b 46 2b]
==> 23e7:  LD B, (HL)          PC:23e8 AF:00bb BC:0a05 DE:09e4 HL:09e6 SP:f795 IX:0000 IY:0000 Flags:10111011 [46 2b 4e]
==> 23e8:  DEC HL              PC:23e9 AF:00bb BC:0a05 DE:09e4 HL:09e5 SP:f795 IX:0000 IY:0000 Flags:10111011 [2b 4e 2b]
==> 23e9:  LD C, (HL)          PC:23ea AF:00bb BC:0a68 DE:09e4 HL:09e5 SP:f795 IX:0000 IY:0000 Flags:10111011 [4e 2b cd]
==> 23ea:  DEC HL              PC:23eb AF:00bb BC:0a68 DE:09e4 HL:09e4 SP:f795 IX:0000 IY:0000 Flags:10111011 [2b cd b4]
==> 23eb:  CALL 10b4h          PC:10b4 AF:00bb BC:0a68 DE:09e4 HL:09e4 SP:f793 IX:0000 IY:0000 Flags:10111011 [cd b4 10]
==> 10b4:  LD A, H             PC:10b5 AF:09bb BC:0a68 DE:09e4 HL:09e4 SP:f793 IX:0000 IY:0000 Flags:10111011 [7c 92 c0]
==> 10b5:  SUB A, D            PC:10b6 AF:0042 BC:0a68 DE:09e4 HL:09e4 SP:f793 IX:0000 IY:0000 Flags:01000010 [92 c0 7d]
==> 10b6:  RET NZ              PC:10b7 AF:0042 BC:0a68 DE:09e4 HL:09e4 SP:f793 IX:0000 IY:0000 Flags:01000010 [c0 7d 93]
==> 10b7:  LD A, L             PC:10b8 AF:e442 BC:0a68 DE:09e4 HL:09e4 SP:f793 IX:0000 IY:0000 Flags:01000010 [7d 93 c9]
==> 10b8:  SUB A, E            PC:10b9 AF:0042 BC:0a68 DE:09e4 HL:09e4 SP:f793 IX:0000 IY:0000 Flags:01000010 [93 c9 7e]
==> 10b9:  RET                 PC:23ee AF:0042 BC:0a68 DE:09e4 HL:09e4 SP:f795 IX:0000 IY:0000 Flags:01000010 [c9 7e e3]
==> 23ee:  RET NZ              PC:23ef AF:0042 BC:0a68 DE:09e4 HL:09e4 SP:f795 IX:0000 IY:0000 Flags:01000010 [c0 22 e2]
==> 23ef:  LD (09e2h), HL      PC:23f2 AF:0042 BC:0a68 DE:09e4 HL:09e4 SP:f795 IX:0000 IY:0000 Flags:01000010 [22 e2 09]
==> 23f2:  RET                 PC:23cc AF:0042 BC:0a68 DE:09e4 HL:09e4 SP:f797 IX:0000 IY:0000 Flags:01000010 [c9 01 69]
==> 23cc:  EX DE, HL           PC:23cd AF:0042 BC:0a68 DE:09e4 HL:09e4 SP:f797 IX:0000 IY:0000 Flags:01000010 [eb c0 d5]
==> 23cd:  RET NZ              PC:23ce AF:0042 BC:0a68 DE:09e4 HL:09e4 SP:f797 IX:0000 IY:0000 Flags:01000010 [c0 d5 50]
==> 23ce:  PUSH DE             PC:23cf AF:0042 BC:0a68 DE:09e4 HL:09e4 SP:f795 IX:0000 IY:0000 Flags:01000010 [d5 50 59]
==> 23cf:  LD D, B             PC:23d0 AF:0042 BC:0a68 DE:0ae4 HL:09e4 SP:f795 IX:0000 IY:0000 Flags:01000010 [50 59 1b]
==> 23d0:  LD E, C             PC:23d1 AF:0042 BC:0a68 DE:0a68 HL:09e4 SP:f795 IX:0000 IY:0000 Flags:01000010 [59 1b 4e]
==> 23d1:  DEC DE              PC:23d2 AF:0042 BC:0a68 DE:0a67 HL:09e4 SP:f795 IX:0000 IY:0000 Flags:01000010 [1b 4e 2a]
==> 23d2:  LD C, (HL)          PC:23d3 AF:0042 BC:0a05 DE:0a67 HL:09e4 SP:f795 IX:0000 IY:0000 Flags:01000010 [4e 2a 05]
==> 23d3:  LD HL, (0a05h)      PC:23d6 AF:0042 BC:0a05 DE:0a67 HL:0000 SP:f795 IX:0000 IY:0000 Flags:01000010 [2a 05 0a]
==> 23d6:  CALL 10b4h          PC:10b4 AF:0042 BC:0a05 DE:0a67 HL:0000 SP:f793 IX:0000 IY:0000 Flags:01000010 [cd b4 10]
==> 10b4:  LD A, H             PC:10b5 AF:0042 BC:0a05 DE:0a67 HL:0000 SP:f793 IX:0000 IY:0000 Flags:01000010 [7c 92 c0]
==> 10b5:  SUB A, D            PC:10b6 AF:f6b3 BC:0a05 DE:0a67 HL:0000 SP:f793 IX:0000 IY:0000 Flags:10110011 [92 c0 7d]
==> 10b6:  RET NZ              PC:23d9 AF:f6b3 BC:0a05 DE:0a67 HL:0000 SP:f795 IX:0000 IY:0000 Flags:10110011 [c0 7d 93]
==> 23d9:  JP NZ, 23e1h        PC:23e1 AF:f6b3 BC:0a05 DE:0a67 HL:0000 SP:f795 IX:0000 IY:0000 Flags:10110011 [c2 e1 23]
==> 23e1:  POP HL              PC:23e2 AF:f6b3 BC:0a05 DE:0a67 HL:09e4 SP:f797 IX:0000 IY:0000 Flags:10110011 [e1 c9 2a]
==> 23e2:  RET                 PC:2282 AF:f6b3 BC:0a05 DE:0a67 HL:09e4 SP:f799 IX:0000 IY:0000 Flags:10110011 [c9 2a e2]
==> 2282:  CALL 3946h          PC:3946 AF:f6b3 BC:0a05 DE:0a67 HL:09e4 SP:f797 IX:0000 IY:0000 Flags:10110011 [cd 46 39]
==> 3946:  LD D, (HL)          PC:3947 AF:f6b3 BC:0a05 DE:0567 HL:09e4 SP:f797 IX:0000 IY:0000 Flags:10110011 [56 23 4e]
==> 3947:  INC HL              PC:3948 AF:f6b3 BC:0a05 DE:0567 HL:09e5 SP:f797 IX:0000 IY:0000 Flags:10110011 [23 4e 23]
==> 3948:  LD C, (HL)          PC:3949 AF:f6b3 BC:0a68 DE:0567 HL:09e5 SP:f797 IX:0000 IY:0000 Flags:10110011 [4e 23 46]
==> 3949:  INC HL              PC:394a AF:f6b3 BC:0a68 DE:0567 HL:09e6 SP:f797 IX:0000 IY:0000 Flags:10110011 [23 46 23]
==> 394a:  LD B, (HL)          PC:394b AF:f6b3 BC:0a68 DE:0567 HL:09e6 SP:f797 IX:0000 IY:0000 Flags:10110011 [46 23 c9]
==> 394b:  INC HL              PC:394c AF:f6b3 BC:0a68 DE:0567 HL:09e7 SP:f797 IX:0000 IY:0000 Flags:10110011 [23 c9 11]
==> 394c:  RET                 PC:2285 AF:f6b3 BC:0a68 DE:0567 HL:09e7 SP:f799 IX:0000 IY:0000 Flags:10110011 [c9 11 58]
==> 2285:  INC D               PC:2286 AF:f601 BC:0a68 DE:0667 HL:09e7 SP:f799 IX:0000 IY:0000 Flags:00000001 [14 15 c8]
==> 2286:  DEC D               PC:2287 AF:f603 BC:0a68 DE:0567 HL:09e7 SP:f799 IX:0000 IY:0000 Flags:00000011 [15 c8 0a]
==> 2287:  RET Z               PC:2288 AF:f603 BC:0a68 DE:0567 HL:09e7 SP:f799 IX:0000 IY:0000 Flags:00000011 [c8 0a cd]
==> 2288:  LD A, (BC)          PC:2289 AF:3403 BC:0a68 DE:0567 HL:09e7 SP:f799 IX:0000 IY:0000 Flags:00000011 [0a cd c5]
==> 2289:  CALL 10c5h          PC:10c5 AF:3403 BC:0a68 DE:0567 HL:09e7 SP:f797 IX:0000 IY:0000 Flags:00000011 [cd c5 10]
==> 10c5:  PUSH AF             PC:10c6 AF:3403 BC:0a68 DE:0567 HL:09e7 SP:f795 IX:0000 IY:0000 Flags:00000011 [f5 e5 2a]
==> 10c6:  PUSH HL             PC:10c7 AF:3403 BC:0a68 DE:0567 HL:09e7 SP:f793 IX:0000 IY:0000 Flags:00000011 [e5 2a 35]
==> 10c7:  LD HL, (0735h)      PC:10ca AF:3403 BC:0a68 DE:0567 HL:0000 SP:f793 IX:0000 IY:0000 Flags:00000011 [2a 35 07]
==> 10ca:  LD A, H             PC:10cb AF:0003 BC:0a68 DE:0567 HL:0000 SP:f793 IX:0000 IY:0000 Flags:00000011 [7c b5 c2]
==> 10cb:  OR A, L             PC:10cc AF:0044 BC:0a68 DE:0567 HL:0000 SP:f793 IX:0000 IY:0000 Flags:01000100 [b5 c2 14]
==> 10cc:  JP NZ, 2e14h        PC:10cf AF:0044 BC:0a68 DE:0567 HL:0000 SP:f793 IX:0000 IY:0000 Flags:01000100 [c2 14 2e]
==> 10cf:  POP HL              PC:10d0 AF:0044 BC:0a68 DE:0567 HL:09e7 SP:f795 IX:0000 IY:0000 Flags:01000100 [e1 3a 26]
==> 10d0:  LD A, (0726h)       PC:10d3 AF:0044 BC:0a68 DE:0567 HL:09e7 SP:f795 IX:0000 IY:0000 Flags:01000100 [3a 26 07]
==> 10d3:  OR A, A             PC:10d4 AF:0044 BC:0a68 DE:0567 HL:09e7 SP:f795 IX:0000 IY:0000 Flags:01000100 [b7 ca 29]
==> 10d4:  JP Z, 1129h         PC:1129 AF:0044 BC:0a68 DE:0567 HL:09e7 SP:f795 IX:0000 IY:0000 Flags:01000100 [ca 29 11]
==> 1129:  LD A, (072ah)       PC:112c AF:0044 BC:0a68 DE:0567 HL:09e7 SP:f795 IX:0000 IY:0000 Flags:01000100 [3a 2a 07]
==> 112c:  OR A, A             PC:112d AF:0044 BC:0a68 DE:0567 HL:09e7 SP:f795 IX:0000 IY:0000 Flags:01000100 [b7 c2 b1]
==> 112d:  JP NZ, 22b1h        PC:1130 AF:0044 BC:0a68 DE:0567 HL:09e7 SP:f795 IX:0000 IY:0000 Flags:01000100 [c2 b1 22]
==> 1130:  POP AF              PC:1131 AF:3403 BC:0a68 DE:0567 HL:09e7 SP:f797 IX:0000 IY:0000 Flags:00000011 [f1 c5 f5]
==> 1131:  PUSH BC             PC:1132 AF:3403 BC:0a68 DE:0567 HL:09e7 SP:f795 IX:0000 IY:0000 Flags:00000011 [c5 f5 fe]
==> 1132:  PUSH AF             PC:1133 AF:3403 BC:0a68 DE:0567 HL:09e7 SP:f793 IX:0000 IY:0000 Flags:00000011 [f5 fe 09]
==> 1133:  CP A, 09h           PC:1135 AF:341a BC:0a68 DE:0567 HL:09e7 SP:f793 IX:0000 IY:0000 Flags:00011010 [fe 09 c2]
==> 1135:  JP NZ, 1148h        PC:1148 AF:341a BC:0a68 DE:0567 HL:09e7 SP:f793 IX:0000 IY:0000 Flags:00011010 [c2 48 11]
==> 1148:  CP A, 20h           PC:114a AF:3422 BC:0a68 DE:0567 HL:09e7 SP:f793 IX:0000 IY:0000 Flags:00100010 [fe 20 da]
==> 114a:  JP C, 115ch         PC:114d AF:3422 BC:0a68 DE:0567 HL:09e7 SP:f793 IX:0000 IY:0000 Flags:00100010 [da 5c 11]
==> 114d:  LD A, (0727h)       PC:1150 AF:4822 BC:0a68 DE:0567 HL:09e7 SP:f793 IX:0000 IY:0000 Flags:00100010 [3a 27 07]
==> 1150:  LD B, A             PC:1151 AF:4822 BC:4868 DE:0567 HL:09e7 SP:f793 IX:0000 IY:0000 Flags:00100010 [47 3a cf]
==> 1151:  LD A, (09cfh)       PC:1154 AF:0022 BC:4868 DE:0567 HL:09e7 SP:f793 IX:0000 IY:0000 Flags:00100010 [3a cf 09]
==> 1154:  CP A, B             PC:1155 AF:009b BC:4868 DE:0567 HL:09e7 SP:f793 IX:0000 IY:0000 Flags:10011011 [b8 cc e8]
==> 1155:  CALL Z, 17e8h       PC:1158 AF:009b BC:4868 DE:0567 HL:09e7 SP:f793 IX:0000 IY:0000 Flags:10011011 [cc e8 17]
==> 1158:  INC A               PC:1159 AF:0101 BC:4868 DE:0567 HL:09e7 SP:f793 IX:0000 IY:0000 Flags:00000001 [3c 32 cf]
==> 1159:  LD (09cfh), A       PC:115c AF:0101 BC:4868 DE:0567 HL:09e7 SP:f793 IX:0000 IY:0000 Flags:00000001 [32 cf 09]
==> 115c:  POP AF              PC:115d AF:3403 BC:4868 DE:0567 HL:09e7 SP:f795 IX:0000 IY:0000 Flags:00000011 [f1 c1 f5]
==> 115d:  POP BC              PC:115e AF:3403 BC:0a68 DE:0567 HL:09e7 SP:f797 IX:0000 IY:0000 Flags:00000011 [c1 f5 f1]
==> 115e:  PUSH AF             PC:115f AF:3403 BC:0a68 DE:0567 HL:09e7 SP:f795 IX:0000 IY:0000 Flags:00000011 [f5 f1 f5]
==> 115f:  POP AF              PC:1160 AF:3403 BC:0a68 DE:0567 HL:09e7 SP:f797 IX:0000 IY:0000 Flags:00000011 [f1 f5 c5]
==> 1160:  PUSH AF             PC:1161 AF:3403 BC:0a68 DE:0567 HL:09e7 SP:f795 IX:0000 IY:0000 Flags:00000011 [f5 c5 d5]
==> 1161:  PUSH BC             PC:1162 AF:3403 BC:0a68 DE:0567 HL:09e7 SP:f793 IX:0000 IY:0000 Flags:00000011 [c5 d5 0e]
==> 1162:  PUSH DE             PC:1163 AF:3403 BC:0a68 DE:0567 HL:09e7 SP:f791 IX:0000 IY:0000 Flags:00000011 [d5 0e 02]
==> 1163:  LD C, 02h           PC:1165 AF:3403 BC:0a02 DE:0567 HL:09e7 SP:f791 IX:0000 IY:0000 Flags:00000011 [0e 02 4f]
==> 1165:  LD C, A             PC:1166 AF:3403 BC:0a34 DE:0567 HL:09e7 SP:f791 IX:0000 IY:0000 Flags:00000011 [4f e5 cd]
==> 1166:  PUSH HL             PC:1167 AF:3403 BC:0a34 DE:0567 HL:09e7 SP:f78f IX:0000 IY:0000 Flags:00000011 [e5 cd 84]
==> 1167:  CALL ff84h          PC:ff84 AF:3403 BC:0a34 DE:0567 HL:09e7 SP:f78d IX:0000 IY:0000 Flags:00000011 [cd 84 ff]
4==> ff84:  RET                 PC:116a AF:3403 BC:0a34 DE:0567 HL:09e7 SP:f78f IX:0000 IY:0000 Flags:00000011 [c9 c9 c9]
==> 116a:  POP HL              PC:116b AF:3403 BC:0a34 DE:0567 HL:09e7 SP:f791 IX:0000 IY:0000 Flags:00000011 [e1 d1 c1]
==> 116b:  POP DE              PC:116c AF:3403 BC:0a34 DE:0567 HL:09e7 SP:f793 IX:0000 IY:0000 Flags:00000011 [d1 c1 f1]
==> 116c:  POP BC              PC:116d AF:3403 BC:0a68 DE:0567 HL:09e7 SP:f795 IX:0000 IY:0000 Flags:00000011 [c1 f1 c9]
==> 116d:  POP AF              PC:116e AF:3403 BC:0a68 DE:0567 HL:09e7 SP:f797 IX:0000 IY:0000 Flags:00000011 [f1 c9 e5]
==> 116e:  RET                 PC:228c AF:3403 BC:0a68 DE:0567 HL:09e7 SP:f799 IX:0000 IY:0000 Flags:00000011 [c9 e5 2a]
==> 228c:  CP A, 0dh           PC:228e AF:341a BC:0a68 DE:0567 HL:09e7 SP:f799 IX:0000 IY:0000 Flags:00011010 [fe 0d cc]
==> 228e:  CALL Z, 17f2h       PC:2291 AF:341a BC:0a68 DE:0567 HL:09e7 SP:f799 IX:0000 IY:0000 Flags:00011010 [cc f2 17]
==> 2291:  INC BC              PC:2292 AF:341a BC:0a69 DE:0567 HL:09e7 SP:f799 IX:0000 IY:0000 Flags:00011010 [03 c3 86]
==> 2292:  JP 2286h            PC:2286 AF:341a BC:0a69 DE:0567 HL:09e7 SP:f799 IX:0000 IY:0000 Flags:00011010 [c3 86 22]
==> 2286:  DEC D               PC:2287 AF:3402 BC:0a69 DE:0467 HL:09e7 SP:f799 IX:0000 IY:0000 Flags:00000010 [15 c8 0a]
==> 2287:  RET Z               PC:2288 AF:3402 BC:0a69 DE:0467 HL:09e7 SP:f799 IX:0000 IY:0000 Flags:00000010 [c8 0a cd]
==> 2288:  LD A, (BC)          PC:2289 AF:3402 BC:0a69 DE:0467 HL:09e7 SP:f799 IX:0000 IY:0000 Flags:00000010 [0a cd c5]
==> 2289:  CALL 10c5h          PC:10c5 AF:3402 BC:0a69 DE:0467 HL:09e7 SP:f797 IX:0000 IY:0000 Flags:00000010 [cd c5 10]
==> 10c5:  PUSH AF             PC:10c6 AF:3402 BC:0a69 DE:0467 HL:09e7 SP:f795 IX:0000 IY:0000 Flags:00000010 [f5 e5 2a]
==> 10c6:  PUSH HL             PC:10c7 AF:3402 BC:0a69 DE:0467 HL:09e7 SP:f793 IX:0000 IY:0000 Flags:00000010 [e5 2a 35]
==> 10c7:  LD HL, (0735h)      PC:10ca AF:3402 BC:0a69 DE:0467 HL:0000 SP:f793 IX:0000 IY:0000 Flags:00000010 [2a 35 07]
==> 10ca:  LD A, H             PC:10cb AF:0002 BC:0a69 DE:0467 HL:0000 SP:f793 IX:0000 IY:0000 Flags:00000010 [7c b5 c2]
==> 10cb:  OR A, L             PC:10cc AF:0044 BC:0a69 DE:0467 HL:0000 SP:f793 IX:0000 IY:0000 Flags:01000100 [b5 c2 14]
==> 10cc:  JP NZ, 2e14h        PC:10cf AF:0044 BC:0a69 DE:0467 HL:0000 SP:f793 IX:0000 IY:0000 Flags:01000100 [c2 14 2e]
==> 10cf:  POP HL              PC:10d0 AF:0044 BC:0a69 DE:0467 HL:09e7 SP:f795 IX:0000 IY:0000 Flags:01000100 [e1 3a 26]
==> 10d0:  LD A, (0726h)       PC:10d3 AF:0044 BC:0a69 DE:0467 HL:09e7 SP:f795 IX:0000 IY:0000 Flags:01000100 [3a 26 07]
==> 10d3:  OR A, A             PC:10d4 AF:0044 BC:0a69 DE:0467 HL:09e7 SP:f795 IX:0000 IY:0000 Flags:01000100 [b7 ca 29]
==> 10d4:  JP Z, 1129h         PC:1129 AF:0044 BC:0a69 DE:0467 HL:09e7 SP:f795 IX:0000 IY:0000 Flags:01000100 [ca 29 11]
==> 1129:  LD A, (072ah)       PC:112c AF:0044 BC:0a69 DE:0467 HL:09e7 SP:f795 IX:0000 IY:0000 Flags:01000100 [3a 2a 07]
==> 112c:  OR A, A             PC:112d AF:0044 BC:0a69 DE:0467 HL:09e7 SP:f795 IX:0000 IY:0000 Flags:01000100 [b7 c2 b1]
==> 112d:  JP NZ, 22b1h        PC:1130 AF:0044 BC:0a69 DE:0467 HL:09e7 SP:f795 IX:0000 IY:0000 Flags:01000100 [c2 b1 22]
==> 1130:  POP AF              PC:1131 AF:3402 BC:0a69 DE:0467 HL:09e7 SP:f797 IX:0000 IY:0000 Flags:00000010 [f1 c5 f5]
==> 1131:  PUSH BC             PC:1132 AF:3402 BC:0a69 DE:0467 HL:09e7 SP:f795 IX:0000 IY:0000 Flags:00000010 [c5 f5 fe]
==> 1132:  PUSH AF             PC:1133 AF:3402 BC:0a69 DE:0467 HL:09e7 SP:f793 IX:0000 IY:0000 Flags:00000010 [f5 fe 09]
==> 1133:  CP A, 09h           PC:1135 AF:341a BC:0a69 DE:0467 HL:09e7 SP:f793 IX:0000 IY:0000 Flags:00011010 [fe 09 c2]
==> 1135:  JP NZ, 1148h        PC:1148 AF:341a BC:0a69 DE:0467 HL:09e7 SP:f793 IX:0000 IY:0000 Flags:00011010 [c2 48 11]
==> 1148:  CP A, 20h           PC:114a AF:3422 BC:0a69 DE:0467 HL:09e7 SP:f793 IX:0000 IY:0000 Flags:00100010 [fe 20 da]
==> 114a:  JP C, 115ch         PC:114d AF:3422 BC:0a69 DE:0467 HL:09e7 SP:f793 IX:0000 IY:0000 Flags:00100010 [da 5c 11]
==> 114d:  LD A, (0727h)       PC:1150 AF:4822 BC:0a69 DE:0467 HL:09e7 SP:f793 IX:0000 IY:0000 Flags:00100010 [3a 27 07]
==> 1150:  LD B, A             PC:1151 AF:4822 BC:4869 DE:0467 HL:09e7 SP:f793 IX:0000 IY:0000 Flags:00100010 [47 3a cf]
==> 1151:  LD A, (09cfh)       PC:1154 AF:0122 BC:4869 DE:0467 HL:09e7 SP:f793 IX:0000 IY:0000 Flags:00100010 [3a cf 09]
==> 1154:  CP A, B             PC:1155 AF:019b BC:4869 DE:0467 HL:09e7 SP:f793 IX:0000 IY:0000 Flags:10011011 [b8 cc e8]
==> 1155:  CALL Z, 17e8h       PC:1158 AF:019b BC:4869 DE:0467 HL:09e7 SP:f793 IX:0000 IY:0000 Flags:10011011 [cc e8 17]
==> 1158:  INC A               PC:1159 AF:0201 BC:4869 DE:0467 HL:09e7 SP:f793 IX:0000 IY:0000 Flags:00000001 [3c 32 cf]
==> 1159:  LD (09cfh), A       PC:115c AF:0201 BC:4869 DE:0467 HL:09e7 SP:f793 IX:0000 IY:0000 Flags:00000001 [32 cf 09]
==> 115c:  POP AF              PC:115d AF:3402 BC:4869 DE:0467 HL:09e7 SP:f795 IX:0000 IY:0000 Flags:00000010 [f1 c1 f5]
==> 115d:  POP BC              PC:115e AF:3402 BC:0a69 DE:0467 HL:09e7 SP:f797 IX:0000 IY:0000 Flags:00000010 [c1 f5 f1]
==> 115e:  PUSH AF             PC:115f AF:3402 BC:0a69 DE:0467 HL:09e7 SP:f795 IX:0000 IY:0000 Flags:00000010 [f5 f1 f5]
==> 115f:  POP AF              PC:1160 AF:3402 BC:0a69 DE:0467 HL:09e7 SP:f797 IX:0000 IY:0000 Flags:00000010 [f1 f5 c5]
==> 1160:  PUSH AF             PC:1161 AF:3402 BC:0a69 DE:0467 HL:09e7 SP:f795 IX:0000 IY:0000 Flags:00000010 [f5 c5 d5]
==> 1161:  PUSH BC             PC:1162 AF:3402 BC:0a69 DE:0467 HL:09e7 SP:f793 IX:0000 IY:0000 Flags:00000010 [c5 d5 0e]
==> 1162:  PUSH DE             PC:1163 AF:3402 BC:0a69 DE:0467 HL:09e7 SP:f791 IX:0000 IY:0000 Flags:00000010 [d5 0e 02]
==> 1163:  LD C, 02h           PC:1165 AF:3402 BC:0a02 DE:0467 HL:09e7 SP:f791 IX:0000 IY:0000 Flags:00000010 [0e 02 4f]
==> 1165:  LD C, A             PC:1166 AF:3402 BC:0a34 DE:0467 HL:09e7 SP:f791 IX:0000 IY:0000 Flags:00000010 [4f e5 cd]
==> 1166:  PUSH HL             PC:1167 AF:3402 BC:0a34 DE:0467 HL:09e7 SP:f78f IX:0000 IY:0000 Flags:00000010 [e5 cd 84]
==> 1167:  CALL ff84h          PC:ff84 AF:3402 BC:0a34 DE:0467 HL:09e7 SP:f78d IX:0000 IY:0000 Flags:00000010 [cd 84 ff]
4==> ff84:  RET                 PC:116a AF:3402 BC:0a34 DE:0467 HL:09e7 SP:f78f IX:0000 IY:0000 Flags:00000010 [c9 c9 c9]
==> 116a:  POP HL              PC:116b AF:3402 BC:0a34 DE:0467 HL:09e7 SP:f791 IX:0000 IY:0000 Flags:00000010 [e1 d1 c1]
==> 116b:  POP DE              PC:116c AF:3402 BC:0a34 DE:0467 HL:09e7 SP:f793 IX:0000 IY:0000 Flags:00000010 [d1 c1 f1]
==> 116c:  POP BC              PC:116d AF:3402 BC:0a69 DE:0467 HL:09e7 SP:f795 IX:0000 IY:0000 Flags:00000010 [c1 f1 c9]
==> 116d:  POP AF              PC:116e AF:3402 BC:0a69 DE:0467 HL:09e7 SP:f797 IX:0000 IY:0000 Flags:00000010 [f1 c9 e5]
==> 116e:  RET                 PC:228c AF:3402 BC:0a69 DE:0467 HL:09e7 SP:f799 IX:0000 IY:0000 Flags:00000010 [c9 e5 2a]
==> 228c:  CP A, 0dh           PC:228e AF:341a BC:0a69 DE:0467 HL:09e7 SP:f799 IX:0000 IY:0000 Flags:00011010 [fe 0d cc]
==> 228e:  CALL Z, 17f2h       PC:2291 AF:341a BC:0a69 DE:0467 HL:09e7 SP:f799 IX:0000 IY:0000 Flags:00011010 [cc f2 17]
==> 2291:  INC BC              PC:2292 AF:341a BC:0a6a DE:0467 HL:09e7 SP:f799 IX:0000 IY:0000 Flags:00011010 [03 c3 86]
==> 2292:  JP 2286h            PC:2286 AF:341a BC:0a6a DE:0467 HL:09e7 SP:f799 IX:0000 IY:0000 Flags:00011010 [c3 86 22]
==> 2286:  DEC D               PC:2287 AF:3402 BC:0a6a DE:0367 HL:09e7 SP:f799 IX:0000 IY:0000 Flags:00000010 [15 c8 0a]
==> 2287:  RET Z               PC:2288 AF:3402 BC:0a6a DE:0367 HL:09e7 SP:f799 IX:0000 IY:0000 Flags:00000010 [c8 0a cd]
==> 2288:  LD A, (BC)          PC:2289 AF:3502 BC:0a6a DE:0367 HL:09e7 SP:f799 IX:0000 IY:0000 Flags:00000010 [0a cd c5]
==> 2289:  CALL 10c5h          PC:10c5 AF:3502 BC:0a6a DE:0367 HL:09e7 SP:f797 IX:0000 IY:0000 Flags:00000010 [cd c5 10]
==> 10c5:  PUSH AF             PC:10c6 AF:3502 BC:0a6a DE:0367 HL:09e7 SP:f795 IX:0000 IY:0000 Flags:00000010 [f5 e5 2a]
==> 10c6:  PUSH HL             PC:10c7 AF:3502 BC:0a6a DE:0367 HL:09e7 SP:f793 IX:0000 IY:0000 Flags:00000010 [e5 2a 35]
==> 10c7:  LD HL, (0735h)      PC:10ca AF:3502 BC:0a6a DE:0367 HL:0000 SP:f793 IX:0000 IY:0000 Flags:00000010 [2a 35 07]
==> 10ca:  LD A, H             PC:10cb AF:0002 BC:0a6a DE:0367 HL:0000 SP:f793 IX:0000 IY:0000 Flags:00000010 [7c b5 c2]
==> 10cb:  OR A, L             PC:10cc AF:0044 BC:0a6a DE:0367 HL:0000 SP:f793 IX:0000 IY:0000 Flags:01000100 [b5 c2 14]
==> 10cc:  JP NZ, 2e14h        PC:10cf AF:0044 BC:0a6a DE:0367 HL:0000 SP:f793 IX:0000 IY:0000 Flags:01000100 [c2 14 2e]
==> 10cf:  POP HL              PC:10d0 AF:0044 BC:0a6a DE:0367 HL:09e7 SP:f795 IX:0000 IY:0000 Flags:01000100 [e1 3a 26]
==> 10d0:  LD A, (0726h)       PC:10d3 AF:0044 BC:0a6a DE:0367 HL:09e7 SP:f795 IX:0000 IY:0000 Flags:01000100 [3a 26 07]
==> 10d3:  OR A, A             PC:10d4 AF:0044 BC:0a6a DE:0367 HL:09e7 SP:f795 IX:0000 IY:0000 Flags:01000100 [b7 ca 29]
==> 10d4:  JP Z, 1129h         PC:1129 AF:0044 BC:0a6a DE:0367 HL:09e7 SP:f795 IX:0000 IY:0000 Flags:01000100 [ca 29 11]
==> 1129:  LD A, (072ah)       PC:112c AF:0044 BC:0a6a DE:0367 HL:09e7 SP:f795 IX:0000 IY:0000 Flags:01000100 [3a 2a 07]
==> 112c:  OR A, A             PC:112d AF:0044 BC:0a6a DE:0367 HL:09e7 SP:f795 IX:0000 IY:0000 Flags:01000100 [b7 c2 b1]
==> 112d:  JP NZ, 22b1h        PC:1130 AF:0044 BC:0a6a DE:0367 HL:09e7 SP:f795 IX:0000 IY:0000 Flags:01000100 [c2 b1 22]
==> 1130:  POP AF              PC:1131 AF:3502 BC:0a6a DE:0367 HL:09e7 SP:f797 IX:0000 IY:0000 Flags:00000010 [f1 c5 f5]
==> 1131:  PUSH BC             PC:1132 AF:3502 BC:0a6a DE:0367 HL:09e7 SP:f795 IX:0000 IY:0000 Flags:00000010 [c5 f5 fe]
==> 1132:  PUSH AF             PC:1133 AF:3502 BC:0a6a DE:0367 HL:09e7 SP:f793 IX:0000 IY:0000 Flags:00000010 [f5 fe 09]
==> 1133:  CP A, 09h           PC:1135 AF:351a BC:0a6a DE:0367 HL:09e7 SP:f793 IX:0000 IY:0000 Flags:00011010 [fe 09 c2]
==> 1135:  JP NZ, 1148h        PC:1148 AF:351a BC:0a6a DE:0367 HL:09e7 SP:f793 IX:0000 IY:0000 Flags:00011010 [c2 48 11]
==> 1148:  CP A, 20h           PC:114a AF:3522 BC:0a6a DE:0367 HL:09e7 SP:f793 IX:0000 IY:0000 Flags:00100010 [fe 20 da]
==> 114a:  JP C, 115ch         PC:114d AF:3522 BC:0a6a DE:0367 HL:09e7 SP:f793 IX:0000 IY:0000 Flags:00100010 [da 5c 11]
==> 114d:  LD A, (0727h)       PC:1150 AF:4822 BC:0a6a DE:0367 HL:09e7 SP:f793 IX:0000 IY:0000 Flags:00100010 [3a 27 07]
==> 1150:  LD B, A             PC:1151 AF:4822 BC:486a DE:0367 HL:09e7 SP:f793 IX:0000 IY:0000 Flags:00100010 [47 3a cf]
==> 1151:  LD A, (09cfh)       PC:1154 AF:0222 BC:486a DE:0367 HL:09e7 SP:f793 IX:0000 IY:0000 Flags:00100010 [3a cf 09]
==> 1154:  CP A, B             PC:1155 AF:029b BC:486a DE:0367 HL:09e7 SP:f793 IX:0000 IY:0000 Flags:10011011 [b8 cc e8]
==> 1155:  CALL Z, 17e8h       PC:1158 AF:029b BC:486a DE:0367 HL:09e7 SP:f793 IX:0000 IY:0000 Flags:10011011 [cc e8 17]
==> 1158:  INC A               PC:1159 AF:0301 BC:486a DE:0367 HL:09e7 SP:f793 IX:0000 IY:0000 Flags:00000001 [3c 32 cf]
==> 1159:  LD (09cfh), A       PC:115c AF:0301 BC:486a DE:0367 HL:09e7 SP:f793 IX:0000 IY:0000 Flags:00000001 [32 cf 09]
==> 115c:  POP AF              PC:115d AF:3502 BC:486a DE:0367 HL:09e7 SP:f795 IX:0000 IY:0000 Flags:00000010 [f1 c1 f5]
==> 115d:  POP BC              PC:115e AF:3502 BC:0a6a DE:0367 HL:09e7 SP:f797 IX:0000 IY:0000 Flags:00000010 [c1 f5 f1]
==> 115e:  PUSH AF             PC:115f AF:3502 BC:0a6a DE:0367 HL:09e7 SP:f795 IX:0000 IY:0000 Flags:00000010 [f5 f1 f5]
==> 115f:  POP AF              PC:1160 AF:3502 BC:0a6a DE:0367 HL:09e7 SP:f797 IX:0000 IY:0000 Flags:00000010 [f1 f5 c5]
==> 1160:  PUSH AF             PC:1161 AF:3502 BC:0a6a DE:0367 HL:09e7 SP:f795 IX:0000 IY:0000 Flags:00000010 [f5 c5 d5]
==> 1161:  PUSH BC             PC:1162 AF:3502 BC:0a6a DE:0367 HL:09e7 SP:f793 IX:0000 IY:0000 Flags:00000010 [c5 d5 0e]
==> 1162:  PUSH DE             PC:1163 AF:3502 BC:0a6a DE:0367 HL:09e7 SP:f791 IX:0000 IY:0000 Flags:00000010 [d5 0e 02]
==> 1163:  LD C, 02h           PC:1165 AF:3502 BC:0a02 DE:0367 HL:09e7 SP:f791 IX:0000 IY:0000 Flags:00000010 [0e 02 4f]
==> 1165:  LD C, A             PC:1166 AF:3502 BC:0a35 DE:0367 HL:09e7 SP:f791 IX:0000 IY:0000 Flags:00000010 [4f e5 cd]
==> 1166:  PUSH HL             PC:1167 AF:3502 BC:0a35 DE:0367 HL:09e7 SP:f78f IX:0000 IY:0000 Flags:00000010 [e5 cd 84]
==> 1167:  CALL ff84h          PC:ff84 AF:3502 BC:0a35 DE:0367 HL:09e7 SP:f78d IX:0000 IY:0000 Flags:00000010 [cd 84 ff]
5==> ff84:  RET                 PC:116a AF:3502 BC:0a35 DE:0367 HL:09e7 SP:f78f IX:0000 IY:0000 Flags:00000010 [c9 c9 c9]
==> 116a:  POP HL              PC:116b AF:3502 BC:0a35 DE:0367 HL:09e7 SP:f791 IX:0000 IY:0000 Flags:00000010 [e1 d1 c1]
==> 116b:  POP DE              PC:116c AF:3502 BC:0a35 DE:0367 HL:09e7 SP:f793 IX:0000 IY:0000 Flags:00000010 [d1 c1 f1]
==> 116c:  POP BC              PC:116d AF:3502 BC:0a6a DE:0367 HL:09e7 SP:f795 IX:0000 IY:0000 Flags:00000010 [c1 f1 c9]
==> 116d:  POP AF              PC:116e AF:3502 BC:0a6a DE:0367 HL:09e7 SP:f797 IX:0000 IY:0000 Flags:00000010 [f1 c9 e5]
==> 116e:  RET                 PC:228c AF:3502 BC:0a6a DE:0367 HL:09e7 SP:f799 IX:0000 IY:0000 Flags:00000010 [c9 e5 2a]
==> 228c:  CP A, 0dh           PC:228e AF:351a BC:0a6a DE:0367 HL:09e7 SP:f799 IX:0000 IY:0000 Flags:00011010 [fe 0d cc]
==> 228e:  CALL Z, 17f2h       PC:2291 AF:351a BC:0a6a DE:0367 HL:09e7 SP:f799 IX:0000 IY:0000 Flags:00011010 [cc f2 17]
==> 2291:  INC BC              PC:2292 AF:351a BC:0a6b DE:0367 HL:09e7 SP:f799 IX:0000 IY:0000 Flags:00011010 [03 c3 86]
==> 2292:  JP 2286h            PC:2286 AF:351a BC:0a6b DE:0367 HL:09e7 SP:f799 IX:0000 IY:0000 Flags:00011010 [c3 86 22]
==> 2286:  DEC D               PC:2287 AF:3502 BC:0a6b DE:0267 HL:09e7 SP:f799 IX:0000 IY:0000 Flags:00000010 [15 c8 0a]
==> 2287:  RET Z               PC:2288 AF:3502 BC:0a6b DE:0267 HL:09e7 SP:f799 IX:0000 IY:0000 Flags:00000010 [c8 0a cd]
==> 2288:  LD A, (BC)          PC:2289 AF:3302 BC:0a6b DE:0267 HL:09e7 SP:f799 IX:0000 IY:0000 Flags:00000010 [0a cd c5]
==> 2289:  CALL 10c5h          PC:10c5 AF:3302 BC:0a6b DE:0267 HL:09e7 SP:f797 IX:0000 IY:0000 Flags:00000010 [cd c5 10]
==> 10c5:  PUSH AF             PC:10c6 AF:3302 BC:0a6b DE:0267 HL:09e7 SP:f795 IX:0000 IY:0000 Flags:00000010 [f5 e5 2a]
==> 10c6:  PUSH HL             PC:10c7 AF:3302 BC:0a6b DE:0267 HL:09e7 SP:f793 IX:0000 IY:0000 Flags:00000010 [e5 2a 35]
==> 10c7:  LD HL, (0735h)      PC:10ca AF:3302 BC:0a6b DE:0267 HL:0000 SP:f793 IX:0000 IY:0000 Flags:00000010 [2a 35 07]
==> 10ca:  LD A, H             PC:10cb AF:0002 BC:0a6b DE:0267 HL:0000 SP:f793 IX:0000 IY:0000 Flags:00000010 [7c b5 c2]
==> 10cb:  OR A, L             PC:10cc AF:0044 BC:0a6b DE:0267 HL:0000 SP:f793 IX:0000 IY:0000 Flags:01000100 [b5 c2 14]
==> 10cc:  JP NZ, 2e14h        PC:10cf AF:0044 BC:0a6b DE:0267 HL:0000 SP:f793 IX:0000 IY:0000 Flags:01000100 [c2 14 2e]
==> 10cf:  POP HL              PC:10d0 AF:0044 BC:0a6b DE:0267 HL:09e7 SP:f795 IX:0000 IY:0000 Flags:01000100 [e1 3a 26]
==> 10d0:  LD A, (0726h)       PC:10d3 AF:0044 BC:0a6b DE:0267 HL:09e7 SP:f795 IX:0000 IY:0000 Flags:01000100 [3a 26 07]
==> 10d3:  OR A, A             PC:10d4 AF:0044 BC:0a6b DE:0267 HL:09e7 SP:f795 IX:0000 IY:0000 Flags:01000100 [b7 ca 29]
==> 10d4:  JP Z, 1129h         PC:1129 AF:0044 BC:0a6b DE:0267 HL:09e7 SP:f795 IX:0000 IY:0000 Flags:01000100 [ca 29 11]
==> 1129:  LD A, (072ah)       PC:112c AF:0044 BC:0a6b DE:0267 HL:09e7 SP:f795 IX:0000 IY:0000 Flags:01000100 [3a 2a 07]
==> 112c:  OR A, A             PC:112d AF:0044 BC:0a6b DE:0267 HL:09e7 SP:f795 IX:0000 IY:0000 Flags:01000100 [b7 c2 b1]
==> 112d:  JP NZ, 22b1h        PC:1130 AF:0044 BC:0a6b DE:0267 HL:09e7 SP:f795 IX:0000 IY:0000 Flags:01000100 [c2 b1 22]
==> 1130:  POP AF              PC:1131 AF:3302 BC:0a6b DE:0267 HL:09e7 SP:f797 IX:0000 IY:0000 Flags:00000010 [f1 c5 f5]
==> 1131:  PUSH BC             PC:1132 AF:3302 BC:0a6b DE:0267 HL:09e7 SP:f795 IX:0000 IY:0000 Flags:00000010 [c5 f5 fe]
==> 1132:  PUSH AF             PC:1133 AF:3302 BC:0a6b DE:0267 HL:09e7 SP:f793 IX:0000 IY:0000 Flags:00000010 [f5 fe 09]
==> 1133:  CP A, 09h           PC:1135 AF:331a BC:0a6b DE:0267 HL:09e7 SP:f793 IX:0000 IY:0000 Flags:00011010 [fe 09 c2]
==> 1135:  JP NZ, 1148h        PC:1148 AF:331a BC:0a6b DE:0267 HL:09e7 SP:f793 IX:0000 IY:0000 Flags:00011010 [c2 48 11]
==> 1148:  CP A, 20h           PC:114a AF:3322 BC:0a6b DE:0267 HL:09e7 SP:f793 IX:0000 IY:0000 Flags:00100010 [fe 20 da]
==> 114a:  JP C, 115ch         PC:114d AF:3322 BC:0a6b DE:0267 HL:09e7 SP:f793 IX:0000 IY:0000 Flags:00100010 [da 5c 11]
==> 114d:  LD A, (0727h)       PC:1150 AF:4822 BC:0a6b DE:0267 HL:09e7 SP:f793 IX:0000 IY:0000 Flags:00100010 [3a 27 07]
==> 1150:  LD B, A             PC:1151 AF:4822 BC:486b DE:0267 HL:09e7 SP:f793 IX:0000 IY:0000 Flags:00100010 [47 3a cf]
==> 1151:  LD A, (09cfh)       PC:1154 AF:0322 BC:486b DE:0267 HL:09e7 SP:f793 IX:0000 IY:0000 Flags:00100010 [3a cf 09]
==> 1154:  CP A, B             PC:1155 AF:039b BC:486b DE:0267 HL:09e7 SP:f793 IX:0000 IY:0000 Flags:10011011 [b8 cc e8]
==> 1155:  CALL Z, 17e8h       PC:1158 AF:039b BC:486b DE:0267 HL:09e7 SP:f793 IX:0000 IY:0000 Flags:10011011 [cc e8 17]
==> 1158:  INC A               PC:1159 AF:0401 BC:486b DE:0267 HL:09e7 SP:f793 IX:0000 IY:0000 Flags:00000001 [3c 32 cf]
==> 1159:  LD (09cfh), A       PC:115c AF:0401 BC:486b DE:0267 HL:09e7 SP:f793 IX:0000 IY:0000 Flags:00000001 [32 cf 09]
==> 115c:  POP AF              PC:115d AF:3302 BC:486b DE:0267 HL:09e7 SP:f795 IX:0000 IY:0000 Flags:00000010 [f1 c1 f5]
==> 115d:  POP BC              PC:115e AF:3302 BC:0a6b DE:0267 HL:09e7 SP:f797 IX:0000 IY:0000 Flags:00000010 [c1 f5 f1]
==> 115e:  PUSH AF             PC:115f AF:3302 BC:0a6b DE:0267 HL:09e7 SP:f795 IX:0000 IY:0000 Flags:00000010 [f5 f1 f5]
==> 115f:  POP AF              PC:1160 AF:3302 BC:0a6b DE:0267 HL:09e7 SP:f797 IX:0000 IY:0000 Flags:00000010 [f1 f5 c5]
==> 1160:  PUSH AF             PC:1161 AF:3302 BC:0a6b DE:0267 HL:09e7 SP:f795 IX:0000 IY:0000 Flags:00000010 [f5 c5 d5]
==> 1161:  PUSH BC             PC:1162 AF:3302 BC:0a6b DE:0267 HL:09e7 SP:f793 IX:0000 IY:0000 Flags:00000010 [c5 d5 0e]
==> 1162:  PUSH DE             PC:1163 AF:3302 BC:0a6b DE:0267 HL:09e7 SP:f791 IX:0000 IY:0000 Flags:00000010 [d5 0e 02]
==> 1163:  LD C, 02h           PC:1165 AF:3302 BC:0a02 DE:0267 HL:09e7 SP:f791 IX:0000 IY:0000 Flags:00000010 [0e 02 4f]
==> 1165:  LD C, A             PC:1166 AF:3302 BC:0a33 DE:0267 HL:09e7 SP:f791 IX:0000 IY:0000 Flags:00000010 [4f e5 cd]
==> 1166:  PUSH HL             PC:1167 AF:3302 BC:0a33 DE:0267 HL:09e7 SP:f78f IX:0000 IY:0000 Flags:00000010 [e5 cd 84]
==> 1167:  CALL ff84h          PC:ff84 AF:3302 BC:0a33 DE:0267 HL:09e7 SP:f78d IX:0000 IY:0000 Flags:00000010 [cd 84 ff]
3==> ff84:  RET                 PC:116a AF:3302 BC:0a33 DE:0267 HL:09e7 SP:f78f IX:0000 IY:0000 Flags:00000010 [c9 c9 c9]
==> 116a:  POP HL              PC:116b AF:3302 BC:0a33 DE:0267 HL:09e7 SP:f791 IX:0000 IY:0000 Flags:00000010 [e1 d1 c1]
==> 116b:  POP DE              PC:116c AF:3302 BC:0a33 DE:0267 HL:09e7 SP:f793 IX:0000 IY:0000 Flags:00000010 [d1 c1 f1]
==> 116c:  POP BC              PC:116d AF:3302 BC:0a6b DE:0267 HL:09e7 SP:f795 IX:0000 IY:0000 Flags:00000010 [c1 f1 c9]
==> 116d:  POP AF              PC:116e AF:3302 BC:0a6b DE:0267 HL:09e7 SP:f797 IX:0000 IY:0000 Flags:00000010 [f1 c9 e5]
==> 116e:  RET                 PC:228c AF:3302 BC:0a6b DE:0267 HL:09e7 SP:f799 IX:0000 IY:0000 Flags:00000010 [c9 e5 2a]
==> 228c:  CP A, 0dh           PC:228e AF:331a BC:0a6b DE:0267 HL:09e7 SP:f799 IX:0000 IY:0000 Flags:00011010 [fe 0d cc]
==> 228e:  CALL Z, 17f2h       PC:2291 AF:331a BC:0a6b DE:0267 HL:09e7 SP:f799 IX:0000 IY:0000 Flags:00011010 [cc f2 17]
==> 2291:  INC BC              PC:2292 AF:331a BC:0a6c DE:0267 HL:09e7 SP:f799 IX:0000 IY:0000 Flags:00011010 [03 c3 86]
==> 2292:  JP 2286h            PC:2286 AF:331a BC:0a6c DE:0267 HL:09e7 SP:f799 IX:0000 IY:0000 Flags:00011010 [c3 86 22]
==> 2286:  DEC D               PC:2287 AF:3302 BC:0a6c DE:0167 HL:09e7 SP:f799 IX:0000 IY:0000 Flags:00000010 [15 c8 0a]
==> 2287:  RET Z               PC:2288 AF:3302 BC:0a6c DE:0167 HL:09e7 SP:f799 IX:0000 IY:0000 Flags:00000010 [c8 0a cd]
==> 2288:  LD A, (BC)          PC:2289 AF:3102 BC:0a6c DE:0167 HL:09e7 SP:f799 IX:0000 IY:0000 Flags:00000010 [0a cd c5]
==> 2289:  CALL 10c5h          PC:10c5 AF:3102 BC:0a6c DE:0167 HL:09e7 SP:f797 IX:0000 IY:0000 Flags:00000010 [cd c5 10]
==> 10c5:  PUSH AF             PC:10c6 AF:3102 BC:0a6c DE:0167 HL:09e7 SP:f795 IX:0000 IY:0000 Flags:00000010 [f5 e5 2a]
==> 10c6:  PUSH HL             PC:10c7 AF:3102 BC:0a6c DE:0167 HL:09e7 SP:f793 IX:0000 IY:0000 Flags:00000010 [e5 2a 35]
==> 10c7:  LD HL, (0735h)      PC:10ca AF:3102 BC:0a6c DE:0167 HL:0000 SP:f793 IX:0000 IY:0000 Flags:00000010 [2a 35 07]
==> 10ca:  LD A, H             PC:10cb AF:0002 BC:0a6c DE:0167 HL:0000 SP:f793 IX:0000 IY:0000 Flags:00000010 [7c b5 c2]
==> 10cb:  OR A, L             PC:10cc AF:0044 BC:0a6c DE:0167 HL:0000 SP:f793 IX:0000 IY:0000 Flags:01000100 [b5 c2 14]
==> 10cc:  JP NZ, 2e14h        PC:10cf AF:0044 BC:0a6c DE:0167 HL:0000 SP:f793 IX:0000 IY:0000 Flags:01000100 [c2 14 2e]
==> 10cf:  POP HL              PC:10d0 AF:0044 BC:0a6c DE:0167 HL:09e7 SP:f795 IX:0000 IY:0000 Flags:01000100 [e1 3a 26]
==> 10d0:  LD A, (0726h)       PC:10d3 AF:0044 BC:0a6c DE:0167 HL:09e7 SP:f795 IX:0000 IY:0000 Flags:01000100 [3a 26 07]
==> 10d3:  OR A, A             PC:10d4 AF:0044 BC:0a6c DE:0167 HL:09e7 SP:f795 IX:0000 IY:0000 Flags:01000100 [b7 ca 29]
==> 10d4:  JP Z, 1129h         PC:1129 AF:0044 BC:0a6c DE:0167 HL:09e7 SP:f795 IX:0000 IY:0000 Flags:01000100 [ca 29 11]
==> 1129:  LD A, (072ah)       PC:112c AF:0044 BC:0a6c DE:0167 HL:09e7 SP:f795 IX:0000 IY:0000 Flags:01000100 [3a 2a 07]
==> 112c:  OR A, A             PC:112d AF:0044 BC:0a6c DE:0167 HL:09e7 SP:f795 IX:0000 IY:0000 Flags:01000100 [b7 c2 b1]
==> 112d:  JP NZ, 22b1h        PC:1130 AF:0044 BC:0a6c DE:0167 HL:09e7 SP:f795 IX:0000 IY:0000 Flags:01000100 [c2 b1 22]
==> 1130:  POP AF              PC:1131 AF:3102 BC:0a6c DE:0167 HL:09e7 SP:f797 IX:0000 IY:0000 Flags:00000010 [f1 c5 f5]
==> 1131:  PUSH BC             PC:1132 AF:3102 BC:0a6c DE:0167 HL:09e7 SP:f795 IX:0000 IY:0000 Flags:00000010 [c5 f5 fe]
==> 1132:  PUSH AF             PC:1133 AF:3102 BC:0a6c DE:0167 HL:09e7 SP:f793 IX:0000 IY:0000 Flags:00000010 [f5 fe 09]
==> 1133:  CP A, 09h           PC:1135 AF:311a BC:0a6c DE:0167 HL:09e7 SP:f793 IX:0000 IY:0000 Flags:00011010 [fe 09 c2]
==> 1135:  JP NZ, 1148h        PC:1148 AF:311a BC:0a6c DE:0167 HL:09e7 SP:f793 IX:0000 IY:0000 Flags:00011010 [c2 48 11]
==> 1148:  CP A, 20h           PC:114a AF:3122 BC:0a6c DE:0167 HL:09e7 SP:f793 IX:0000 IY:0000 Flags:00100010 [fe 20 da]
==> 114a:  JP C, 115ch         PC:114d AF:3122 BC:0a6c DE:0167 HL:09e7 SP:f793 IX:0000 IY:0000 Flags:00100010 [da 5c 11]
==> 114d:  LD A, (0727h)       PC:1150 AF:4822 BC:0a6c DE:0167 HL:09e7 SP:f793 IX:0000 IY:0000 Flags:00100010 [3a 27 07]
==> 1150:  LD B, A             PC:1151 AF:4822 BC:486c DE:0167 HL:09e7 SP:f793 IX:0000 IY:0000 Flags:00100010 [47 3a cf]
==> 1151:  LD A, (09cfh)       PC:1154 AF:0422 BC:486c DE:0167 HL:09e7 SP:f793 IX:0000 IY:0000 Flags:00100010 [3a cf 09]
==> 1154:  CP A, B             PC:1155 AF:049b BC:486c DE:0167 HL:09e7 SP:f793 IX:0000 IY:0000 Flags:10011011 [b8 cc e8]
==> 1155:  CALL Z, 17e8h       PC:1158 AF:049b BC:486c DE:0167 HL:09e7 SP:f793 IX:0000 IY:0000 Flags:10011011 [cc e8 17]
==> 1158:  INC A               PC:1159 AF:0501 BC:486c DE:0167 HL:09e7 SP:f793 IX:0000 IY:0000 Flags:00000001 [3c 32 cf]
==> 1159:  LD (09cfh), A       PC:115c AF:0501 BC:486c DE:0167 HL:09e7 SP:f793 IX:0000 IY:0000 Flags:00000001 [32 cf 09]
==> 115c:  POP AF              PC:115d AF:3102 BC:486c DE:0167 HL:09e7 SP:f795 IX:0000 IY:0000 Flags:00000010 [f1 c1 f5]
==> 115d:  POP BC              PC:115e AF:3102 BC:0a6c DE:0167 HL:09e7 SP:f797 IX:0000 IY:0000 Flags:00000010 [c1 f5 f1]
==> 115e:  PUSH AF             PC:115f AF:3102 BC:0a6c DE:0167 HL:09e7 SP:f795 IX:0000 IY:0000 Flags:00000010 [f5 f1 f5]
==> 115f:  POP AF              PC:1160 AF:3102 BC:0a6c DE:0167 HL:09e7 SP:f797 IX:0000 IY:0000 Flags:00000010 [f1 f5 c5]
==> 1160:  PUSH AF             PC:1161 AF:3102 BC:0a6c DE:0167 HL:09e7 SP:f795 IX:0000 IY:0000 Flags:00000010 [f5 c5 d5]
==> 1161:  PUSH BC             PC:1162 AF:3102 BC:0a6c DE:0167 HL:09e7 SP:f793 IX:0000 IY:0000 Flags:00000010 [c5 d5 0e]
==> 1162:  PUSH DE             PC:1163 AF:3102 BC:0a6c DE:0167 HL:09e7 SP:f791 IX:0000 IY:0000 Flags:00000010 [d5 0e 02]
==> 1163:  LD C, 02h           PC:1165 AF:3102 BC:0a02 DE:0167 HL:09e7 SP:f791 IX:0000 IY:0000 Flags:00000010 [0e 02 4f]
==> 1165:  LD C, A             PC:1166 AF:3102 BC:0a31 DE:0167 HL:09e7 SP:f791 IX:0000 IY:0000 Flags:00000010 [4f e5 cd]
==> 1166:  PUSH HL             PC:1167 AF:3102 BC:0a31 DE:0167 HL:09e7 SP:f78f IX:0000 IY:0000 Flags:00000010 [e5 cd 84]
==> 1167:  CALL ff84h          PC:ff84 AF:3102 BC:0a31 DE:0167 HL:09e7 SP:f78d IX:0000 IY:0000 Flags:00000010 [cd 84 ff]
1==> ff84:  RET                 PC:116a AF:3102 BC:0a31 DE:0167 HL:09e7 SP:f78f IX:0000 IY:0000 Flags:00000010 [c9 c9 c9]
==> 116a:  POP HL              PC:116b AF:3102 BC:0a31 DE:0167 HL:09e7 SP:f791 IX:0000 IY:0000 Flags:00000010 [e1 d1 c1]
==> 116b:  POP DE              PC:116c AF:3102 BC:0a31 DE:0167 HL:09e7 SP:f793 IX:0000 IY:0000 Flags:00000010 [d1 c1 f1]
==> 116c:  POP BC              PC:116d AF:3102 BC:0a6c DE:0167 HL:09e7 SP:f795 IX:0000 IY:0000 Flags:00000010 [c1 f1 c9]
==> 116d:  POP AF              PC:116e AF:3102 BC:0a6c DE:0167 HL:09e7 SP:f797 IX:0000 IY:0000 Flags:00000010 [f1 c9 e5]
==> 116e:  RET                 PC:228c AF:3102 BC:0a6c DE:0167 HL:09e7 SP:f799 IX:0000 IY:0000 Flags:00000010 [c9 e5 2a]
==> 228c:  CP A, 0dh           PC:228e AF:311a BC:0a6c DE:0167 HL:09e7 SP:f799 IX:0000 IY:0000 Flags:00011010 [fe 0d cc]
==> 228e:  CALL Z, 17f2h       PC:2291 AF:311a BC:0a6c DE:0167 HL:09e7 SP:f799 IX:0000 IY:0000 Flags:00011010 [cc f2 17]
==> 2291:  INC BC              PC:2292 AF:311a BC:0a6d DE:0167 HL:09e7 SP:f799 IX:0000 IY:0000 Flags:00011010 [03 c3 86]
==> 2292:  JP 2286h            PC:2286 AF:311a BC:0a6d DE:0167 HL:09e7 SP:f799 IX:0000 IY:0000 Flags:00011010 [c3 86 22]
==> 2286:  DEC D               PC:2287 AF:3142 BC:0a6d DE:0067 HL:09e7 SP:f799 IX:0000 IY:0000 Flags:01000010 [15 c8 0a]
==> 2287:  RET Z               PC:4837 AF:3142 BC:0a6d DE:0067 HL:09e7 SP:f79b IX:0000 IY:0000 Flags:01000010 [c8 0a cd]
==> 4837:  LD HL, 4870h        PC:483a AF:3142 BC:0a6d DE:0067 HL:4870 SP:f79b IX:0000 IY:0000 Flags:01000010 [21 70 48]
==> 483a:  CALL 227ch          PC:227c AF:3142 BC:0a6d DE:0067 HL:4870 SP:f799 IX:0000 IY:0000 Flags:01000010 [cd 7c 22]
==> 227c:  CALL 2235h          PC:2235 AF:3142 BC:0a6d DE:0067 HL:4870 SP:f797 IX:0000 IY:0000 Flags:01000010 [cd 35 22]
==> 2235:  DEC HL              PC:2236 AF:3142 BC:0a6d DE:0067 HL:486f SP:f797 IX:0000 IY:0000 Flags:01000010 [2b 06 22]
==> 2236:  LD B, 22h           PC:2238 AF:3142 BC:226d DE:0067 HL:486f SP:f797 IX:0000 IY:0000 Flags:01000010 [06 22 50]
==> 2238:  LD D, B             PC:2239 AF:3142 BC:226d DE:2267 HL:486f SP:f797 IX:0000 IY:0000 Flags:01000010 [50 e5 0e]
==> 2239:  PUSH HL             PC:223a AF:3142 BC:226d DE:2267 HL:486f SP:f795 IX:0000 IY:0000 Flags:01000010 [e5 0e ff]
==> 223a:  LD C, ffh           PC:223c AF:3142 BC:22ff DE:2267 HL:486f SP:f795 IX:0000 IY:0000 Flags:01000010 [0e ff 23]
==> 223c:  INC HL              PC:223d AF:3142 BC:22ff DE:2267 HL:4870 SP:f795 IX:0000 IY:0000 Flags:01000010 [23 7e 0c]
==> 223d:  LD A, (HL)          PC:223e AF:2042 BC:22ff DE:2267 HL:4870 SP:f795 IX:0000 IY:0000 Flags:01000010 [7e 0c b7]
==> 223e:  INC C               PC:223f AF:2050 BC:2200 DE:2267 HL:4870 SP:f795 IX:0000 IY:0000 Flags:01010000 [0c b7 ca]
==> 223f:  OR A, A             PC:2240 AF:2020 BC:2200 DE:2267 HL:4870 SP:f795 IX:0000 IY:0000 Flags:00100000 [b7 ca 4b]
==> 2240:  JP Z, 224bh         PC:2243 AF:2020 BC:2200 DE:2267 HL:4870 SP:f795 IX:0000 IY:0000 Flags:00100000 [ca 4b 22]
==> 2243:  CP A, D             PC:2244 AF:20b3 BC:2200 DE:2267 HL:4870 SP:f795 IX:0000 IY:0000 Flags:10110011 [ba ca 4b]
==> 2244:  JP Z, 224bh         PC:2247 AF:20b3 BC:2200 DE:2267 HL:4870 SP:f795 IX:0000 IY:0000 Flags:10110011 [ca 4b 22]
==> 2247:  CP A, B             PC:2248 AF:20b3 BC:2200 DE:2267 HL:4870 SP:f795 IX:0000 IY:0000 Flags:10110011 [b8 c2 3c]
==> 2248:  JP NZ, 223ch        PC:223c AF:20b3 BC:2200 DE:2267 HL:4870 SP:f795 IX:0000 IY:0000 Flags:10110011 [c2 3c 22]
==> 223c:  INC HL              PC:223d AF:20b3 BC:2200 DE:2267 HL:4871 SP:f795 IX:0000 IY:0000 Flags:10110011 [23 7e 0c]
==> 223d:  LD A, (HL)          PC:223e AF:42b3 BC:2200 DE:2267 HL:4871 SP:f795 IX:0000 IY:0000 Flags:10110011 [7e 0c b7]
==> 223e:  INC C               PC:223f AF:4201 BC:2201 DE:2267 HL:4871 SP:f795 IX:0000 IY:0000 Flags:00000001 [0c b7 ca]
==> 223f:  OR A, A             PC:2240 AF:4204 BC:2201 DE:2267 HL:4871 SP:f795 IX:0000 IY:0000 Flags:00000100 [b7 ca 4b]
==> 2240:  JP Z, 224bh         PC:2243 AF:4204 BC:2201 DE:2267 HL:4871 SP:f795 IX:0000 IY:0000 Flags:00000100 [ca 4b 22]
==> 2243:  CP A, D             PC:2244 AF:4222 BC:2201 DE:2267 HL:4871 SP:f795 IX:0000 IY:0000 Flags:00100010 [ba ca 4b]
==> 2244:  JP Z, 224bh         PC:2247 AF:4222 BC:2201 DE:2267 HL:4871 SP:f795 IX:0000 IY:0000 Flags:00100010 [ca 4b 22]
==> 2247:  CP A, B             PC:2248 AF:4222 BC:2201 DE:2267 HL:4871 SP:f795 IX:0000 IY:0000 Flags:00100010 [b8 c2 3c]
==> 2248:  JP NZ, 223ch        PC:223c AF:4222 BC:2201 DE:2267 HL:4871 SP:f795 IX:0000 IY:0000 Flags:00100010 [c2 3c 22]
==> 223c:  INC HL              PC:223d AF:4222 BC:2201 DE:2267 HL:4872 SP:f795 IX:0000 IY:0000 Flags:00100010 [23 7e 0c]
==> 223d:  LD A, (HL)          PC:223e AF:7922 BC:2201 DE:2267 HL:4872 SP:f795 IX:0000 IY:0000 Flags:00100010 [7e 0c b7]
==> 223e:  INC C               PC:223f AF:7900 BC:2202 DE:2267 HL:4872 SP:f795 IX:0000 IY:0000 Flags:00000000 [0c b7 ca]
==> 223f:  OR A, A             PC:2240 AF:7928 BC:2202 DE:2267 HL:4872 SP:f795 IX:0000 IY:0000 Flags:00101000 [b7 ca 4b]
==> 2240:  JP Z, 224bh         PC:2243 AF:7928 BC:2202 DE:2267 HL:4872 SP:f795 IX:0000 IY:0000 Flags:00101000 [ca 4b 22]
==> 2243:  CP A, D             PC:2244 AF:7922 BC:2202 DE:2267 HL:4872 SP:f795 IX:0000 IY:0000 Flags:00100010 [ba ca 4b]
==> 2244:  JP Z, 224bh         PC:2247 AF:7922 BC:2202 DE:2267 HL:4872 SP:f795 IX:0000 IY:0000 Flags:00100010 [ca 4b 22]
==> 2247:  CP A, B             PC:2248 AF:7922 BC:2202 DE:2267 HL:4872 SP:f795 IX:0000 IY:0000 Flags:00100010 [b8 c2 3c]
==> 2248:  JP NZ, 223ch        PC:223c AF:7922 BC:2202 DE:2267 HL:4872 SP:f795 IX:0000 IY:0000 Flags:00100010 [c2 3c 22]
==> 223c:  INC HL              PC:223d AF:7922 BC:2202 DE:2267 HL:4873 SP:f795 IX:0000 IY:0000 Flags:00100010 [23 7e 0c]
==> 223d:  LD A, (HL)          PC:223e AF:7422 BC:2202 DE:2267 HL:4873 SP:f795 IX:0000 IY:0000 Flags:00100010 [7e 0c b7]
==> 223e:  INC C               PC:223f AF:7400 BC:2203 DE:2267 HL:4873 SP:f795 IX:0000 IY:0000 Flags:00000000 [0c b7 ca]
==> 223f:  OR A, A             PC:2240 AF:7424 BC:2203 DE:2267 HL:4873 SP:f795 IX:0000 IY:0000 Flags:00100100 [b7 ca 4b]
==> 2240:  JP Z, 224bh         PC:2243 AF:7424 BC:2203 DE:2267 HL:4873 SP:f795 IX:0000 IY:0000 Flags:00100100 [ca 4b 22]
==> 2243:  CP A, D             PC:2244 AF:7422 BC:2203 DE:2267 HL:4873 SP:f795 IX:0000 IY:0000 Flags:00100010 [ba ca 4b]
==> 2244:  JP Z, 224bh         PC:2247 AF:7422 BC:2203 DE:2267 HL:4873 SP:f795 IX:0000 IY:0000 Flags:00100010 [ca 4b 22]
==> 2247:  CP A, B             PC:2248 AF:7422 BC:2203 DE:2267 HL:4873 SP:f795 IX:0000 IY:0000 Flags:00100010 [b8 c2 3c]
==> 2248:  JP NZ, 223ch        PC:223c AF:7422 BC:2203 DE:2267 HL:4873 SP:f795 IX:0000 IY:0000 Flags:00100010 [c2 3c 22]
==> 223c:  INC HL              PC:223d AF:7422 BC:2203 DE:2267 HL:4874 SP:f795 IX:0000 IY:0000 Flags:00100010 [23 7e 0c]
==> 223d:  LD A, (HL)          PC:223e AF:6522 BC:2203 DE:2267 HL:4874 SP:f795 IX:0000 IY:0000 Flags:00100010 [7e 0c b7]
==> 223e:  INC C               PC:223f AF:6500 BC:2204 DE:2267 HL:4874 SP:f795 IX:0000 IY:0000 Flags:00000000 [0c b7 ca]
==> 223f:  OR A, A             PC:2240 AF:6524 BC:2204 DE:2267 HL:4874 SP:f795 IX:0000 IY:0000 Flags:00100100 [b7 ca 4b]
==> 2240:  JP Z, 224bh         PC:2243 AF:6524 BC:2204 DE:2267 HL:4874 SP:f795 IX:0000 IY:0000 Flags:00100100 [ca 4b 22]
==> 2243:  CP A, D             PC:2244 AF:6522 BC:2204 DE:2267 HL:4874 SP:f795 IX:0000 IY:0000 Flags:00100010 [ba ca 4b]
==> 2244:  JP Z, 224bh         PC:2247 AF:6522 BC:2204 DE:2267 HL:4874 SP:f795 IX:0000 IY:0000 Flags:00100010 [ca 4b 22]
==> 2247:  CP A, B             PC:2248 AF:6522 BC:2204 DE:2267 HL:4874 SP:f795 IX:0000 IY:0000 Flags:00100010 [b8 c2 3c]
==> 2248:  JP NZ, 223ch        PC:223c AF:6522 BC:2204 DE:2267 HL:4874 SP:f795 IX:0000 IY:0000 Flags:00100010 [c2 3c 22]
==> 223c:  INC HL              PC:223d AF:6522 BC:2204 DE:2267 HL:4875 SP:f795 IX:0000 IY:0000 Flags:00100010 [23 7e 0c]
==> 223d:  LD A, (HL)          PC:223e AF:7322 BC:2204 DE:2267 HL:4875 SP:f795 IX:0000 IY:0000 Flags:00100010 [7e 0c b7]
==> 223e:  INC C               PC:223f AF:7300 BC:2205 DE:2267 HL:4875 SP:f795 IX:0000 IY:0000 Flags:00000000 [0c b7 ca]
==> 223f:  OR A, A             PC:2240 AF:7320 BC:2205 DE:2267 HL:4875 SP:f795 IX:0000 IY:0000 Flags:00100000 [b7 ca 4b]
==> 2240:  JP Z, 224bh         PC:2243 AF:7320 BC:2205 DE:2267 HL:4875 SP:f795 IX:0000 IY:0000 Flags:00100000 [ca 4b 22]
==> 2243:  CP A, D             PC:2244 AF:7322 BC:2205 DE:2267 HL:4875 SP:f795 IX:0000 IY:0000 Flags:00100010 [ba ca 4b]
==> 2244:  JP Z, 224bh         PC:2247 AF:7322 BC:2205 DE:2267 HL:4875 SP:f795 IX:0000 IY:0000 Flags:00100010 [ca 4b 22]
==> 2247:  CP A, B             PC:2248 AF:7322 BC:2205 DE:2267 HL:4875 SP:f795 IX:0000 IY:0000 Flags:00100010 [b8 c2 3c]
==> 2248:  JP NZ, 223ch        PC:223c AF:7322 BC:2205 DE:2267 HL:4875 SP:f795 IX:0000 IY:0000 Flags:00100010 [c2 3c 22]
==> 223c:  INC HL              PC:223d AF:7322 BC:2205 DE:2267 HL:4876 SP:f795 IX:0000 IY:0000 Flags:00100010 [23 7e 0c]
==> 223d:  LD A, (HL)          PC:223e AF:2022 BC:2205 DE:2267 HL:4876 SP:f795 IX:0000 IY:0000 Flags:00100010 [7e 0c b7]
==> 223e:  INC C               PC:223f AF:2000 BC:2206 DE:2267 HL:4876 SP:f795 IX:0000 IY:0000 Flags:00000000 [0c b7 ca]
==> 223f:  OR A, A             PC:2240 AF:2020 BC:2206 DE:2267 HL:4876 SP:f795 IX:0000 IY:0000 Flags:00100000 [b7 ca 4b]
==> 2240:  JP Z, 224bh         PC:2243 AF:2020 BC:2206 DE:2267 HL:4876 SP:f795 IX:0000 IY:0000 Flags:00100000 [ca 4b 22]
==> 2243:  CP A, D             PC:2244 AF:20b3 BC:2206 DE:2267 HL:4876 SP:f795 IX:0000 IY:0000 Flags:10110011 [ba ca 4b]
==> 2244:  JP Z, 224bh         PC:2247 AF:20b3 BC:2206 DE:2267 HL:4876 SP:f795 IX:0000 IY:0000 Flags:10110011 [ca 4b 22]
==> 2247:  CP A, B             PC:2248 AF:20b3 BC:2206 DE:2267 HL:4876 SP:f795 IX:0000 IY:0000 Flags:10110011 [b8 c2 3c]
==> 2248:  JP NZ, 223ch        PC:223c AF:20b3 BC:2206 DE:2267 HL:4876 SP:f795 IX:0000 IY:0000 Flags:10110011 [c2 3c 22]
==> 223c:  INC HL              PC:223d AF:20b3 BC:2206 DE:2267 HL:4877 SP:f795 IX:0000 IY:0000 Flags:10110011 [23 7e 0c]
==> 223d:  LD A, (HL)          PC:223e AF:66b3 BC:2206 DE:2267 HL:4877 SP:f795 IX:0000 IY:0000 Flags:10110011 [7e 0c b7]
==> 223e:  INC C               PC:223f AF:6601 BC:2207 DE:2267 HL:4877 SP:f795 IX:0000 IY:0000 Flags:00000001 [0c b7 ca]
==> 223f:  OR A, A             PC:2240 AF:6624 BC:2207 DE:2267 HL:4877 SP:f795 IX:0000 IY:0000 Flags:00100100 [b7 ca 4b]
==> 2240:  JP Z, 224bh         PC:2243 AF:6624 BC:2207 DE:2267 HL:4877 SP:f795 IX:0000 IY:0000 Flags:00100100 [ca 4b 22]
==> 2243:  CP A, D             PC:2244 AF:6622 BC:2207 DE:2267 HL:4877 SP:f795 IX:0000 IY:0000 Flags:00100010 [ba ca 4b]
==> 2244:  JP Z, 224bh         PC:2247 AF:6622 BC:2207 DE:2267 HL:4877 SP:f795 IX:0000 IY:0000 Flags:00100010 [ca 4b 22]
==> 2247:  CP A, B             PC:2248 AF:6622 BC:2207 DE:2267 HL:4877 SP:f795 IX:0000 IY:0000 Flags:00100010 [b8 c2 3c]
==> 2248:  JP NZ, 223ch        PC:223c AF:6622 BC:2207 DE:2267 HL:4877 SP:f795 IX:0000 IY:0000 Flags:00100010 [c2 3c 22]
==> 223c:  INC HL              PC:223d AF:6622 BC:2207 DE:2267 HL:4878 SP:f795 IX:0000 IY:0000 Flags:00100010 [23 7e 0c]
==> 223d:  LD A, (HL)          PC:223e AF:7222 BC:2207 DE:2267 HL:4878 SP:f795 IX:0000 IY:0000 Flags:00100010 [7e 0c b7]
==> 223e:  INC C               PC:223f AF:7208 BC:2208 DE:2267 HL:4878 SP:f795 IX:0000 IY:0000 Flags:00001000 [0c b7 ca]
==> 223f:  OR A, A             PC:2240 AF:7224 BC:2208 DE:2267 HL:4878 SP:f795 IX:0000 IY:0000 Flags:00100100 [b7 ca 4b]
==> 2240:  JP Z, 224bh         PC:2243 AF:7224 BC:2208 DE:2267 HL:4878 SP:f795 IX:0000 IY:0000 Flags:00100100 [ca 4b 22]
==> 2243:  CP A, D             PC:2244 AF:7222 BC:2208 DE:2267 HL:4878 SP:f795 IX:0000 IY:0000 Flags:00100010 [ba ca 4b]
==> 2244:  JP Z, 224bh         PC:2247 AF:7222 BC:2208 DE:2267 HL:4878 SP:f795 IX:0000 IY:0000 Flags:00100010 [ca 4b 22]
==> 2247:  CP A, B             PC:2248 AF:7222 BC:2208 DE:2267 HL:4878 SP:f795 IX:0000 IY:0000 Flags:00100010 [b8 c2 3c]
==> 2248:  JP NZ, 223ch        PC:223c AF:7222 BC:2208 DE:2267 HL:4878 SP:f795 IX:0000 IY:0000 Flags:00100010 [c2 3c 22]
==> 223c:  INC HL              PC:223d AF:7222 BC:2208 DE:2267 HL:4879 SP:f795 IX:0000 IY:0000 Flags:00100010 [23 7e 0c]
==> 223d:  LD A, (HL)          PC:223e AF:6522 BC:2208 DE:2267 HL:4879 SP:f795 IX:0000 IY:0000 Flags:00100010 [7e 0c b7]
==> 223e:  INC C               PC:223f AF:6508 BC:2209 DE:2267 HL:4879 SP:f795 IX:0000 IY:0000 Flags:00001000 [0c b7 ca]
==> 223f:  OR A, A             PC:2240 AF:6524 BC:2209 DE:2267 HL:4879 SP:f795 IX:0000 IY:0000 Flags:00100100 [b7 ca 4b]
==> 2240:  JP Z, 224bh         PC:2243 AF:6524 BC:2209 DE:2267 HL:4879 SP:f795 IX:0000 IY:0000 Flags:00100100 [ca 4b 22]
==> 2243:  CP A, D             PC:2244 AF:6522 BC:2209 DE:2267 HL:4879 SP:f795 IX:0000 IY:0000 Flags:00100010 [ba ca 4b]
==> 2244:  JP Z, 224bh         PC:2247 AF:6522 BC:2209 DE:2267 HL:4879 SP:f795 IX:0000 IY:0000 Flags:00100010 [ca 4b 22]
==> 2247:  CP A, B             PC:2248 AF:6522 BC:2209 DE:2267 HL:4879 SP:f795 IX:0000 IY:0000 Flags:00100010 [b8 c2 3c]
==> 2248:  JP NZ, 223ch        PC:223c AF:6522 BC:2209 DE:2267 HL:4879 SP:f795 IX:0000 IY:0000 Flags:00100010 [c2 3c 22]
==> 223c:  INC HL              PC:223d AF:6522 BC:2209 DE:2267 HL:487a SP:f795 IX:0000 IY:0000 Flags:00100010 [23 7e 0c]
==> 223d:  LD A, (HL)          PC:223e AF:6522 BC:2209 DE:2267 HL:487a SP:f795 IX:0000 IY:0000 Flags:00100010 [7e 0c b7]
==> 223e:  INC C               PC:223f AF:6508 BC:220a DE:2267 HL:487a SP:f795 IX:0000 IY:0000 Flags:00001000 [0c b7 ca]
==> 223f:  OR A, A             PC:2240 AF:6524 BC:220a DE:2267 HL:487a SP:f795 IX:0000 IY:0000 Flags:00100100 [b7 ca 4b]
==> 2240:  JP Z, 224bh         PC:2243 AF:6524 BC:220a DE:2267 HL:487a SP:f795 IX:0000 IY:0000 Flags:00100100 [ca 4b 22]
==> 2243:  CP A, D             PC:2244 AF:6522 BC:220a DE:2267 HL:487a SP:f795 IX:0000 IY:0000 Flags:00100010 [ba ca 4b]
==> 2244:  JP Z, 224bh         PC:2247 AF:6522 BC:220a DE:2267 HL:487a SP:f795 IX:0000 IY:0000 Flags:00100010 [ca 4b 22]
==> 2247:  CP A, B             PC:2248 AF:6522 BC:220a DE:2267 HL:487a SP:f795 IX:0000 IY:0000 Flags:00100010 [b8 c2 3c]
==> 2248:  JP NZ, 223ch        PC:223c AF:6522 BC:220a DE:2267 HL:487a SP:f795 IX:0000 IY:0000 Flags:00100010 [c2 3c 22]
==> 223c:  INC HL              PC:223d AF:6522 BC:220a DE:2267 HL:487b SP:f795 IX:0000 IY:0000 Flags:00100010 [23 7e 0c]
==> 223d:  LD A, (HL)          PC:223e AF:0d22 BC:220a DE:2267 HL:487b SP:f795 IX:0000 IY:0000 Flags:00100010 [7e 0c b7]
==> 223e:  INC C               PC:223f AF:0d08 BC:220b DE:2267 HL:487b SP:f795 IX:0000 IY:0000 Flags:00001000 [0c b7 ca]
==> 223f:  OR A, A             PC:2240 AF:0d08 BC:220b DE:2267 HL:487b SP:f795 IX:0000 IY:0000 Flags:00001000 [b7 ca 4b]
==> 2240:  JP Z, 224bh         PC:2243 AF:0d08 BC:220b DE:2267 HL:487b SP:f795 IX:0000 IY:0000 Flags:00001000 [ca 4b 22]
==> 2243:  CP A, D             PC:2244 AF:0da3 BC:220b DE:2267 HL:487b SP:f795 IX:0000 IY:0000 Flags:10100011 [ba ca 4b]
==> 2244:  JP Z, 224bh         PC:2247 AF:0da3 BC:220b DE:2267 HL:487b SP:f795 IX:0000 IY:0000 Flags:10100011 [ca 4b 22]
==> 2247:  CP A, B             PC:2248 AF:0da3 BC:220b DE:2267 HL:487b SP:f795 IX:0000 IY:0000 Flags:10100011 [b8 c2 3c]
==> 2248:  JP NZ, 223ch        PC:223c AF:0da3 BC:220b DE:2267 HL:487b SP:f795 IX:0000 IY:0000 Flags:10100011 [c2 3c 22]
==> 223c:  INC HL              PC:223d AF:0da3 BC:220b DE:2267 HL:487c SP:f795 IX:0000 IY:0000 Flags:10100011 [23 7e 0c]
==> 223d:  LD A, (HL)          PC:223e AF:0aa3 BC:220b DE:2267 HL:487c SP:f795 IX:0000 IY:0000 Flags:10100011 [7e 0c b7]
==> 223e:  INC C               PC:223f AF:0a09 BC:220c DE:2267 HL:487c SP:f795 IX:0000 IY:0000 Flags:00001001 [0c b7 ca]
==> 223f:  OR A, A             PC:2240 AF:0a0c BC:220c DE:2267 HL:487c SP:f795 IX:0000 IY:0000 Flags:00001100 [b7 ca 4b]
==> 2240:  JP Z, 224bh         PC:2243 AF:0a0c BC:220c DE:2267 HL:487c SP:f795 IX:0000 IY:0000 Flags:00001100 [ca 4b 22]
==> 2243:  CP A, D             PC:2244 AF:0aa3 BC:220c DE:2267 HL:487c SP:f795 IX:0000 IY:0000 Flags:10100011 [ba ca 4b]
==> 2244:  JP Z, 224bh         PC:2247 AF:0aa3 BC:220c DE:2267 HL:487c SP:f795 IX:0000 IY:0000 Flags:10100011 [ca 4b 22]
==> 2247:  CP A, B             PC:2248 AF:0aa3 BC:220c DE:2267 HL:487c SP:f795 IX:0000 IY:0000 Flags:10100011 [b8 c2 3c]
==> 2248:  JP NZ, 223ch        PC:223c AF:0aa3 BC:220c DE:2267 HL:487c SP:f795 IX:0000 IY:0000 Flags:10100011 [c2 3c 22]
==> 223c:  INC HL              PC:223d AF:0aa3 BC:220c DE:2267 HL:487d SP:f795 IX:0000 IY:0000 Flags:10100011 [23 7e 0c]
==> 223d:  LD A, (HL)          PC:223e AF:42a3 BC:220c DE:2267 HL:487d SP:f795 IX:0000 IY:0000 Flags:10100011 [7e 0c b7]
==> 223e:  INC C               PC:223f AF:4209 BC:220d DE:2267 HL:487d SP:f795 IX:0000 IY:0000 Flags:00001001 [0c b7 ca]
==> 223f:  OR A, A             PC:2240 AF:4204 BC:220d DE:2267 HL:487d SP:f795 IX:0000 IY:0000 Flags:00000100 [b7 ca 4b]
==> 2240:  JP Z, 224bh         PC:2243 AF:4204 BC:220d DE:2267 HL:487d SP:f795 IX:0000 IY:0000 Flags:00000100 [ca 4b 22]
==> 2243:  CP A, D             PC:2244 AF:4222 BC:220d DE:2267 HL:487d SP:f795 IX:0000 IY:0000 Flags:00100010 [ba ca 4b]
==> 2244:  JP Z, 224bh         PC:2247 AF:4222 BC:220d DE:2267 HL:487d SP:f795 IX:0000 IY:0000 Flags:00100010 [ca 4b 22]
==> 2247:  CP A, B             PC:2248 AF:4222 BC:220d DE:2267 HL:487d SP:f795 IX:0000 IY:0000 Flags:00100010 [b8 c2 3c]
==> 2248:  JP NZ, 223ch        PC:223c AF:4222 BC:220d DE:2267 HL:487d SP:f795 IX:0000 IY:0000 Flags:00100010 [c2 3c 22]
==> 223c:  INC HL              PC:223d AF:4222 BC:220d DE:2267 HL:487e SP:f795 IX:0000 IY:0000 Flags:00100010 [23 7e 0c]
==> 223d:  LD A, (HL)          PC:223e AF:4122 BC:220d DE:2267 HL:487e SP:f795 IX:0000 IY:0000 Flags:00100010 [7e 0c b7]
==> 223e:  INC C               PC:223f AF:4108 BC:220e DE:2267 HL:487e SP:f795 IX:0000 IY:0000 Flags:00001000 [0c b7 ca]
==> 223f:  OR A, A             PC:2240 AF:4104 BC:220e DE:2267 HL:487e SP:f795 IX:0000 IY:0000 Flags:00000100 [b7 ca 4b]
==> 2240:  JP Z, 224bh         PC:2243 AF:4104 BC:220e DE:2267 HL:487e SP:f795 IX:0000 IY:0000 Flags:00000100 [ca 4b 22]
==> 2243:  CP A, D             PC:2244 AF:4132 BC:220e DE:2267 HL:487e SP:f795 IX:0000 IY:0000 Flags:00110010 [ba ca 4b]
==> 2244:  JP Z, 224bh         PC:2247 AF:4132 BC:220e DE:2267 HL:487e SP:f795 IX:0000 IY:0000 Flags:00110010 [ca 4b 22]
==> 2247:  CP A, B             PC:2248 AF:4132 BC:220e DE:2267 HL:487e SP:f795 IX:0000 IY:0000 Flags:00110010 [b8 c2 3c]
==> 2248:  JP NZ, 223ch        PC:223c AF:4132 BC:220e DE:2267 HL:487e SP:f795 IX:0000 IY:0000 Flags:00110010 [c2 3c 22]
==> 223c:  INC HL              PC:223d AF:4132 BC:220e DE:2267 HL:487f SP:f795 IX:0000 IY:0000 Flags:00110010 [23 7e 0c]
==> 223d:  LD A, (HL)          PC:223e AF:5332 BC:220e DE:2267 HL:487f SP:f795 IX:0000 IY:0000 Flags:00110010 [7e 0c b7]
==> 223e:  INC C               PC:223f AF:5308 BC:220f DE:2267 HL:487f SP:f795 IX:0000 IY:0000 Flags:00001000 [0c b7 ca]
==> 223f:  OR A, A             PC:2240 AF:5304 BC:220f DE:2267 HL:487f SP:f795 IX:0000 IY:0000 Flags:00000100 [b7 ca 4b]
==> 2240:  JP Z, 224bh         PC:2243 AF:5304 BC:220f DE:2267 HL:487f SP:f795 IX:0000 IY:0000 Flags:00000100 [ca 4b 22]
==> 2243:  CP A, D             PC:2244 AF:5322 BC:220f DE:2267 HL:487f SP:f795 IX:0000 IY:0000 Flags:00100010 [ba ca 4b]
==> 2244:  JP Z, 224bh         PC:2247 AF:5322 BC:220f DE:2267 HL:487f SP:f795 IX:0000 IY:0000 Flags:00100010 [ca 4b 22]
==> 2247:  CP A, B             PC:2248 AF:5322 BC:220f DE:2267 HL:487f SP:f795 IX:0000 IY:0000 Flags:00100010 [b8 c2 3c]
==> 2248:  JP NZ, 223ch        PC:223c AF:5322 BC:220f DE:2267 HL:487f SP:f795 IX:0000 IY:0000 Flags:00100010 [c2 3c 22]
==> 223c:  INC HL              PC:223d AF:5322 BC:220f DE:2267 HL:4880 SP:f795 IX:0000 IY:0000 Flags:00100010 [23 7e 0c]
==> 223d:  LD A, (HL)          PC:223e AF:4922 BC:220f DE:2267 HL:4880 SP:f795 IX:0000 IY:0000 Flags:00100010 [7e 0c b7]
==> 223e:  INC C               PC:223f AF:4910 BC:2210 DE:2267 HL:4880 SP:f795 IX:0000 IY:0000 Flags:00010000 [0c b7 ca]
==> 223f:  OR A, A             PC:2240 AF:4908 BC:2210 DE:2267 HL:4880 SP:f795 IX:0000 IY:0000 Flags:00001000 [b7 ca 4b]
==> 2240:  JP Z, 224bh         PC:2243 AF:4908 BC:2210 DE:2267 HL:4880 SP:f795 IX:0000 IY:0000 Flags:00001000 [ca 4b 22]
==> 2243:  CP A, D             PC:2244 AF:4922 BC:2210 DE:2267 HL:4880 SP:f795 IX:0000 IY:0000 Flags:00100010 [ba ca 4b]
==> 2244:  JP Z, 224bh         PC:2247 AF:4922 BC:2210 DE:2267 HL:4880 SP:f795 IX:0000 IY:0000 Flags:00100010 [ca 4b 22]
==> 2247:  CP A, B             PC:2248 AF:4922 BC:2210 DE:2267 HL:4880 SP:f795 IX:0000 IY:0000 Flags:00100010 [b8 c2 3c]
==> 2248:  JP NZ, 223ch        PC:223c AF:4922 BC:2210 DE:2267 HL:4880 SP:f795 IX:0000 IY:0000 Flags:00100010 [c2 3c 22]
==> 223c:  INC HL              PC:223d AF:4922 BC:2210 DE:2267 HL:4881 SP:f795 IX:0000 IY:0000 Flags:00100010 [23 7e 0c]
==> 223d:  LD A, (HL)          PC:223e AF:4322 BC:2210 DE:2267 HL:4881 SP:f795 IX:0000 IY:0000 Flags:00100010 [7e 0c b7]
==> 223e:  INC C               PC:223f AF:4300 BC:2211 DE:2267 HL:4881 SP:f795 IX:0000 IY:0000 Flags:00000000 [0c b7 ca]
==> 223f:  OR A, A             PC:2240 AF:4300 BC:2211 DE:2267 HL:4881 SP:f795 IX:0000 IY:0000 Flags:00000000 [b7 ca 4b]
==> 2240:  JP Z, 224bh         PC:2243 AF:4300 BC:2211 DE:2267 HL:4881 SP:f795 IX:0000 IY:0000 Flags:00000000 [ca 4b 22]
==> 2243:  CP A, D             PC:2244 AF:4322 BC:2211 DE:2267 HL:4881 SP:f795 IX:0000 IY:0000 Flags:00100010 [ba ca 4b]
==> 2244:  JP Z, 224bh         PC:2247 AF:4322 BC:2211 DE:2267 HL:4881 SP:f795 IX:0000 IY:0000 Flags:00100010 [ca 4b 22]
==> 2247:  CP A, B             PC:2248 AF:4322 BC:2211 DE:2267 HL:4881 SP:f795 IX:0000 IY:0000 Flags:00100010 [b8 c2 3c]
==> 2248:  JP NZ, 223ch        PC:223c AF:4322 BC:2211 DE:2267 HL:4881 SP:f795 IX:0000 IY:0000 Flags:00100010 [c2 3c 22]
==> 223c:  INC HL              PC:223d AF:4322 BC:2211 DE:2267 HL:4882 SP:f795 IX:0000 IY:0000 Flags:00100010 [23 7e 0c]
==> 223d:  LD A, (HL)          PC:223e AF:2022 BC:2211 DE:2267 HL:4882 SP:f795 IX:0000 IY:0000 Flags:00100010 [7e 0c b7]
==> 223e:  INC C               PC:223f AF:2000 BC:2212 DE:2267 HL:4882 SP:f795 IX:0000 IY:0000 Flags:00000000 [0c b7 ca]
==> 223f:  OR A, A             PC:2240 AF:2020 BC:2212 DE:2267 HL:4882 SP:f795 IX:0000 IY:0000 Flags:00100000 [b7 ca 4b]
==> 2240:  JP Z, 224bh         PC:2243 AF:2020 BC:2212 DE:2267 HL:4882 SP:f795 IX:0000 IY:0000 Flags:00100000 [ca 4b 22]
==> 2243:  CP A, D             PC:2244 AF:20b3 BC:2212 DE:2267 HL:4882 SP:f795 IX:0000 IY:0000 Flags:10110011 [ba ca 4b]
==> 2244:  JP Z, 224bh         PC:2247 AF:20b3 BC:2212 DE:2267 HL:4882 SP:f795 IX:0000 IY:0000 Flags:10110011 [ca 4b 22]
==> 2247:  CP A, B             PC:2248 AF:20b3 BC:2212 DE:2267 HL:4882 SP:f795 IX:0000 IY:0000 Flags:10110011 [b8 c2 3c]
==> 2248:  JP NZ, 223ch        PC:223c AF:20b3 BC:2212 DE:2267 HL:4882 SP:f795 IX:0000 IY:0000 Flags:10110011 [c2 3c 22]
==> 223c:  INC HL              PC:223d AF:20b3 BC:2212 DE:2267 HL:4883 SP:f795 IX:0000 IY:0000 Flags:10110011 [23 7e 0c]
==> 223d:  LD A, (HL)          PC:223e AF:52b3 BC:2212 DE:2267 HL:4883 SP:f795 IX:0000 IY:0000 Flags:10110011 [7e 0c b7]
==> 223e:  INC C               PC:223f AF:5201 BC:2213 DE:2267 HL:4883 SP:f795 IX:0000 IY:0000 Flags:00000001 [0c b7 ca]
==> 223f:  OR A, A             PC:2240 AF:5200 BC:2213 DE:2267 HL:4883 SP:f795 IX:0000 IY:0000 Flags:00000000 [b7 ca 4b]
==> 2240:  JP Z, 224bh         PC:2243 AF:5200 BC:2213 DE:2267 HL:4883 SP:f795 IX:0000 IY:0000 Flags:00000000 [ca 4b 22]
==> 2243:  CP A, D             PC:2244 AF:5222 BC:2213 DE:2267 HL:4883 SP:f795 IX:0000 IY:0000 Flags:00100010 [ba ca 4b]
==> 2244:  JP Z, 224bh         PC:2247 AF:5222 BC:2213 DE:2267 HL:4883 SP:f795 IX:0000 IY:0000 Flags:00100010 [ca 4b 22]
==> 2247:  CP A, B             PC:2248 AF:5222 BC:2213 DE:2267 HL:4883 SP:f795 IX:0000 IY:0000 Flags:00100010 [b8 c2 3c]
==> 2248:  JP NZ, 223ch        PC:223c AF:5222 BC:2213 DE:2267 HL:4883 SP:f795 IX:0000 IY:0000 Flags:00100010 [c2 3c 22]
==> 223c:  INC HL              PC:223d AF:5222 BC:2213 DE:2267 HL:4884 SP:f795 IX:0000 IY:0000 Flags:00100010 [23 7e 0c]
==> 223d:  LD A, (HL)          PC:223e AF:6522 BC:2213 DE:2267 HL:4884 SP:f795 IX:0000 IY:0000 Flags:00100010 [7e 0c b7]
==> 223e:  INC C               PC:223f AF:6500 BC:2214 DE:2267 HL:4884 SP:f795 IX:0000 IY:0000 Flags:00000000 [0c b7 ca]
==> 223f:  OR A, A             PC:2240 AF:6524 BC:2214 DE:2267 HL:4884 SP:f795 IX:0000 IY:0000 Flags:00100100 [b7 ca 4b]
==> 2240:  JP Z, 224bh         PC:2243 AF:6524 BC:2214 DE:2267 HL:4884 SP:f795 IX:0000 IY:0000 Flags:00100100 [ca 4b 22]
==> 2243:  CP A, D             PC:2244 AF:6522 BC:2214 DE:2267 HL:4884 SP:f795 IX:0000 IY:0000 Flags:00100010 [ba ca 4b]
==> 2244:  JP Z, 224bh         PC:2247 AF:6522 BC:2214 DE:2267 HL:4884 SP:f795 IX:0000 IY:0000 Flags:00100010 [ca 4b 22]
==> 2247:  CP A, B             PC:2248 AF:6522 BC:2214 DE:2267 HL:4884 SP:f795 IX:0000 IY:0000 Flags:00100010 [b8 c2 3c]
==> 2248:  JP NZ, 223ch        PC:223c AF:6522 BC:2214 DE:2267 HL:4884 SP:f795 IX:0000 IY:0000 Flags:00100010 [c2 3c 22]
==> 223c:  INC HL              PC:223d AF:6522 BC:2214 DE:2267 HL:4885 SP:f795 IX:0000 IY:0000 Flags:00100010 [23 7e 0c]
==> 223d:  LD A, (HL)          PC:223e AF:7622 BC:2214 DE:2267 HL:4885 SP:f795 IX:0000 IY:0000 Flags:00100010 [7e 0c b7]
==> 223e:  INC C               PC:223f AF:7600 BC:2215 DE:2267 HL:4885 SP:f795 IX:0000 IY:0000 Flags:00000000 [0c b7 ca]
==> 223f:  OR A, A             PC:2240 AF:7620 BC:2215 DE:2267 HL:4885 SP:f795 IX:0000 IY:0000 Flags:00100000 [b7 ca 4b]
==> 2240:  JP Z, 224bh         PC:2243 AF:7620 BC:2215 DE:2267 HL:4885 SP:f795 IX:0000 IY:0000 Flags:00100000 [ca 4b 22]
==> 2243:  CP A, D             PC:2244 AF:7622 BC:2215 DE:2267 HL:4885 SP:f795 IX:0000 IY:0000 Flags:00100010 [ba ca 4b]
==> 2244:  JP Z, 224bh         PC:2247 AF:7622 BC:2215 DE:2267 HL:4885 SP:f795 IX:0000 IY:0000 Flags:00100010 [ca 4b 22]
==> 2247:  CP A, B             PC:2248 AF:7622 BC:2215 DE:2267 HL:4885 SP:f795 IX:0000 IY:0000 Flags:00100010 [b8 c2 3c]
==> 2248:  JP NZ, 223ch        PC:223c AF:7622 BC:2215 DE:2267 HL:4885 SP:f795 IX:0000 IY:0000 Flags:00100010 [c2 3c 22]
==> 223c:  INC HL              PC:223d AF:7622 BC:2215 DE:2267 HL:4886 SP:f795 IX:0000 IY:0000 Flags:00100010 [23 7e 0c]
==> 223d:  LD A, (HL)          PC:223e AF:2e22 BC:2215 DE:2267 HL:4886 SP:f795 IX:0000 IY:0000 Flags:00100010 [7e 0c b7]
==> 223e:  INC C               PC:223f AF:2e00 BC:2216 DE:2267 HL:4886 SP:f795 IX:0000 IY:0000 Flags:00000000 [0c b7 ca]
==> 223f:  OR A, A             PC:2240 AF:2e2c BC:2216 DE:2267 HL:4886 SP:f795 IX:0000 IY:0000 Flags:00101100 [b7 ca 4b]
==> 2240:  JP Z, 224bh         PC:2243 AF:2e2c BC:2216 DE:2267 HL:4886 SP:f795 IX:0000 IY:0000 Flags:00101100 [ca 4b 22]
==> 2243:  CP A, D             PC:2244 AF:2e22 BC:2216 DE:2267 HL:4886 SP:f795 IX:0000 IY:0000 Flags:00100010 [ba ca 4b]
==> 2244:  JP Z, 224bh         PC:2247 AF:2e22 BC:2216 DE:2267 HL:4886 SP:f795 IX:0000 IY:0000 Flags:00100010 [ca 4b 22]
==> 2247:  CP A, B             PC:2248 AF:2e22 BC:2216 DE:2267 HL:4886 SP:f795 IX:0000 IY:0000 Flags:00100010 [b8 c2 3c]
==> 2248:  JP NZ, 223ch        PC:223c AF:2e22 BC:2216 DE:2267 HL:4886 SP:f795 IX:0000 IY:0000 Flags:00100010 [c2 3c 22]
==> 223c:  INC HL              PC:223d AF:2e22 BC:2216 DE:2267 HL:4887 SP:f795 IX:0000 IY:0000 Flags:00100010 [23 7e 0c]
==> 223d:  LD A, (HL)          PC:223e AF:2022 BC:2216 DE:2267 HL:4887 SP:f795 IX:0000 IY:0000 Flags:00100010 [7e 0c b7]
==> 223e:  INC C               PC:223f AF:2000 BC:2217 DE:2267 HL:4887 SP:f795 IX:0000 IY:0000 Flags:00000000 [0c b7 ca]
==> 223f:  OR A, A             PC:2240 AF:2020 BC:2217 DE:2267 HL:4887 SP:f795 IX:0000 IY:0000 Flags:00100000 [b7 ca 4b]
==> 2240:  JP Z, 224bh         PC:2243 AF:2020 BC:2217 DE:2267 HL:4887 SP:f795 IX:0000 IY:0000 Flags:00100000 [ca 4b 22]
==> 2243:  CP A, D             PC:2244 AF:20b3 BC:2217 DE:2267 HL:4887 SP:f795 IX:0000 IY:0000 Flags:10110011 [ba ca 4b]
==> 2244:  JP Z, 224bh         PC:2247 AF:20b3 BC:2217 DE:2267 HL:4887 SP:f795 IX:0000 IY:0000 Flags:10110011 [ca 4b 22]
==> 2247:  CP A, B             PC:2248 AF:20b3 BC:2217 DE:2267 HL:4887 SP:f795 IX:0000 IY:0000 Flags:10110011 [b8 c2 3c]
==> 2248:  JP NZ, 223ch        PC:223c AF:20b3 BC:2217 DE:2267 HL:4887 SP:f795 IX:0000 IY:0000 Flags:10110011 [c2 3c 22]
==> 223c:  INC HL              PC:223d AF:20b3 BC:2217 DE:2267 HL:4888 SP:f795 IX:0000 IY:0000 Flags:10110011 [23 7e 0c]
==> 223d:  LD A, (HL)          PC:223e AF:34b3 BC:2217 DE:2267 HL:4888 SP:f795 IX:0000 IY:0000 Flags:10110011 [7e 0c b7]
==> 223e:  INC C               PC:223f AF:3409 BC:2218 DE:2267 HL:4888 SP:f795 IX:0000 IY:0000 Flags:00001001 [0c b7 ca]
==> 223f:  OR A, A             PC:2240 AF:3420 BC:2218 DE:2267 HL:4888 SP:f795 IX:0000 IY:0000 Flags:00100000 [b7 ca 4b]
==> 2240:  JP Z, 224bh         PC:2243 AF:3420 BC:2218 DE:2267 HL:4888 SP:f795 IX:0000 IY:0000 Flags:00100000 [ca 4b 22]
==> 2243:  CP A, D             PC:2244 AF:3422 BC:2218 DE:2267 HL:4888 SP:f795 IX:0000 IY:0000 Flags:00100010 [ba ca 4b]
==> 2244:  JP Z, 224bh         PC:2247 AF:3422 BC:2218 DE:2267 HL:4888 SP:f795 IX:0000 IY:0000 Flags:00100010 [ca 4b 22]
==> 2247:  CP A, B             PC:2248 AF:3422 BC:2218 DE:2267 HL:4888 SP:f795 IX:0000 IY:0000 Flags:00100010 [b8 c2 3c]
==> 2248:  JP NZ, 223ch        PC:223c AF:3422 BC:2218 DE:2267 HL:4888 SP:f795 IX:0000 IY:0000 Flags:00100010 [c2 3c 22]
==> 223c:  INC HL              PC:223d AF:3422 BC:2218 DE:2267 HL:4889 SP:f795 IX:0000 IY:0000 Flags:00100010 [23 7e 0c]
==> 223d:  LD A, (HL)          PC:223e AF:2e22 BC:2218 DE:2267 HL:4889 SP:f795 IX:0000 IY:0000 Flags:00100010 [7e 0c b7]
==> 223e:  INC C               PC:223f AF:2e08 BC:2219 DE:2267 HL:4889 SP:f795 IX:0000 IY:0000 Flags:00001000 [0c b7 ca]
==> 223f:  OR A, A             PC:2240 AF:2e2c BC:2219 DE:2267 HL:4889 SP:f795 IX:0000 IY:0000 Flags:00101100 [b7 ca 4b]
==> 2240:  JP Z, 224bh         PC:2243 AF:2e2c BC:2219 DE:2267 HL:4889 SP:f795 IX:0000 IY:0000 Flags:00101100 [ca 4b 22]
==> 2243:  CP A, D             PC:2244 AF:2e22 BC:2219 DE:2267 HL:4889 SP:f795 IX:0000 IY:0000 Flags:00100010 [ba ca 4b]
==> 2244:  JP Z, 224bh         PC:2247 AF:2e22 BC:2219 DE:2267 HL:4889 SP:f795 IX:0000 IY:0000 Flags:00100010 [ca 4b 22]
==> 2247:  CP A, B             PC:2248 AF:2e22 BC:2219 DE:2267 HL:4889 SP:f795 IX:0000 IY:0000 Flags:00100010 [b8 c2 3c]
==> 2248:  JP NZ, 223ch        PC:223c AF:2e22 BC:2219 DE:2267 HL:4889 SP:f795 IX:0000 IY:0000 Flags:00100010 [c2 3c 22]
==> 223c:  INC HL              PC:223d AF:2e22 BC:2219 DE:2267 HL:488a SP:f795 IX:0000 IY:0000 Flags:00100010 [23 7e 0c]
==> 223d:  LD A, (HL)          PC:223e AF:3522 BC:2219 DE:2267 HL:488a SP:f795 IX:0000 IY:0000 Flags:00100010 [7e 0c b7]
==> 223e:  INC C               PC:223f AF:3508 BC:221a DE:2267 HL:488a SP:f795 IX:0000 IY:0000 Flags:00001000 [0c b7 ca]
==> 223f:  OR A, A             PC:2240 AF:3524 BC:221a DE:2267 HL:488a SP:f795 IX:0000 IY:0000 Flags:00100100 [b7 ca 4b]
==> 2240:  JP Z, 224bh         PC:2243 AF:3524 BC:221a DE:2267 HL:488a SP:f795 IX:0000 IY:0000 Flags:00100100 [ca 4b 22]
==> 2243:  CP A, D             PC:2244 AF:3522 BC:221a DE:2267 HL:488a SP:f795 IX:0000 IY:0000 Flags:00100010 [ba ca 4b]
==> 2244:  JP Z, 224bh         PC:2247 AF:3522 BC:221a DE:2267 HL:488a SP:f795 IX:0000 IY:0000 Flags:00100010 [ca 4b 22]
==> 2247:  CP A, B             PC:2248 AF:3522 BC:221a DE:2267 HL:488a SP:f795 IX:0000 IY:0000 Flags:00100010 [b8 c2 3c]
==> 2248:  JP NZ, 223ch        PC:223c AF:3522 BC:221a DE:2267 HL:488a SP:f795 IX:0000 IY:0000 Flags:00100010 [c2 3c 22]
==> 223c:  INC HL              PC:223d AF:3522 BC:221a DE:2267 HL:488b SP:f795 IX:0000 IY:0000 Flags:00100010 [23 7e 0c]
==> 223d:  LD A, (HL)          PC:223e AF:3122 BC:221a DE:2267 HL:488b SP:f795 IX:0000 IY:0000 Flags:00100010 [7e 0c b7]
==> 223e:  INC C               PC:223f AF:3108 BC:221b DE:2267 HL:488b SP:f795 IX:0000 IY:0000 Flags:00001000 [0c b7 ca]
==> 223f:  OR A, A             PC:2240 AF:3120 BC:221b DE:2267 HL:488b SP:f795 IX:0000 IY:0000 Flags:00100000 [b7 ca 4b]
==> 2240:  JP Z, 224bh         PC:2243 AF:3120 BC:221b DE:2267 HL:488b SP:f795 IX:0000 IY:0000 Flags:00100000 [ca 4b 22]
==> 2243:  CP A, D             PC:2244 AF:3132 BC:221b DE:2267 HL:488b SP:f795 IX:0000 IY:0000 Flags:00110010 [ba ca 4b]
==> 2244:  JP Z, 224bh         PC:2247 AF:3132 BC:221b DE:2267 HL:488b SP:f795 IX:0000 IY:0000 Flags:00110010 [ca 4b 22]
==> 2247:  CP A, B             PC:2248 AF:3132 BC:221b DE:2267 HL:488b SP:f795 IX:0000 IY:0000 Flags:00110010 [b8 c2 3c]
==> 2248:  JP NZ, 223ch        PC:223c AF:3132 BC:221b DE:2267 HL:488b SP:f795 IX:0000 IY:0000 Flags:00110010 [c2 3c 22]
==> 223c:  INC HL              PC:223d AF:3132 BC:221b DE:2267 HL:488c SP:f795 IX:0000 IY:0000 Flags:00110010 [23 7e 0c]
==> 223d:  LD A, (HL)          PC:223e AF:0d32 BC:221b DE:2267 HL:488c SP:f795 IX:0000 IY:0000 Flags:00110010 [7e 0c b7]
==> 223e:  INC C               PC:223f AF:0d08 BC:221c DE:2267 HL:488c SP:f795 IX:0000 IY:0000 Flags:00001000 [0c b7 ca]
==> 223f:  OR A, A             PC:2240 AF:0d08 BC:221c DE:2267 HL:488c SP:f795 IX:0000 IY:0000 Flags:00001000 [b7 ca 4b]
==> 2240:  JP Z, 224bh         PC:2243 AF:0d08 BC:221c DE:2267 HL:488c SP:f795 IX:0000 IY:0000 Flags:00001000 [ca 4b 22]
==> 2243:  CP A, D             PC:2244 AF:0da3 BC:221c DE:2267 HL:488c SP:f795 IX:0000 IY:0000 Flags:10100011 [ba ca 4b]
==> 2244:  JP Z, 224bh         PC:2247 AF:0da3 BC:221c DE:2267 HL:488c SP:f795 IX:0000 IY:0000 Flags:10100011 [ca 4b 22]
==> 2247:  CP A, B             PC:2248 AF:0da3 BC:221c DE:2267 HL:488c SP:f795 IX:0000 IY:0000 Flags:10100011 [b8 c2 3c]
==> 2248:  JP NZ, 223ch        PC:223c AF:0da3 BC:221c DE:2267 HL:488c SP:f795 IX:0000 IY:0000 Flags:10100011 [c2 3c 22]
==> 223c:  INC HL              PC:223d AF:0da3 BC:221c DE:2267 HL:488d SP:f795 IX:0000 IY:0000 Flags:10100011 [23 7e 0c]
==> 223d:  LD A, (HL)          PC:223e AF:0aa3 BC:221c DE:2267 HL:488d SP:f795 IX:0000 IY:0000 Flags:10100011 [7e 0c b7]
==> 223e:  INC C               PC:223f AF:0a09 BC:221d DE:2267 HL:488d SP:f795 IX:0000 IY:0000 Flags:00001001 [0c b7 ca]
==> 223f:  OR A, A             PC:2240 AF:0a0c BC:221d DE:2267 HL:488d SP:f795 IX:0000 IY:0000 Flags:00001100 [b7 ca 4b]
==> 2240:  JP Z, 224bh         PC:2243 AF:0a0c BC:221d DE:2267 HL:488d SP:f795 IX:0000 IY:0000 Flags:00001100 [ca 4b 22]
==> 2243:  CP A, D             PC:2244 AF:0aa3 BC:221d DE:2267 HL:488d SP:f795 IX:0000 IY:0000 Flags:10100011 [ba ca 4b]
==> 2244:  JP Z, 224bh         PC:2247 AF:0aa3 BC:221d DE:2267 HL:488d SP:f795 IX:0000 IY:0000 Flags:10100011 [ca 4b 22]
==> 2247:  CP A, B             PC:2248 AF:0aa3 BC:221d DE:2267 HL:488d SP:f795 IX:0000 IY:0000 Flags:10100011 [b8 c2 3c]
==> 2248:  JP NZ, 223ch        PC:223c AF:0aa3 BC:221d DE:2267 HL:488d SP:f795 IX:0000 IY:0000 Flags:10100011 [c2 3c 22]
==> 223c:  INC HL              PC:223d AF:0aa3 BC:221d DE:2267 HL:488e SP:f795 IX:0000 IY:0000 Flags:10100011 [23 7e 0c]
==> 223d:  LD A, (HL)          PC:223e AF:5ba3 BC:221d DE:2267 HL:488e SP:f795 IX:0000 IY:0000 Flags:10100011 [7e 0c b7]
==> 223e:  INC C               PC:223f AF:5b09 BC:221e DE:2267 HL:488e SP:f795 IX:0000 IY:0000 Flags:00001001 [0c b7 ca]
==> 223f:  OR A, A             PC:2240 AF:5b08 BC:221e DE:2267 HL:488e SP:f795 IX:0000 IY:0000 Flags:00001000 [b7 ca 4b]
==> 2240:  JP Z, 224bh         PC:2243 AF:5b08 BC:221e DE:2267 HL:488e SP:f795 IX:0000 IY:0000 Flags:00001000 [ca 4b 22]
==> 2243:  CP A, D             PC:2244 AF:5b22 BC:221e DE:2267 HL:488e SP:f795 IX:0000 IY:0000 Flags:00100010 [ba ca 4b]
==> 2244:  JP Z, 224bh         PC:2247 AF:5b22 BC:221e DE:2267 HL:488e SP:f795 IX:0000 IY:0000 Flags:00100010 [ca 4b 22]
==> 2247:  CP A, B             PC:2248 AF:5b22 BC:221e DE:2267 HL:488e SP:f795 IX:0000 IY:0000 Flags:00100010 [b8 c2 3c]
==> 2248:  JP NZ, 223ch        PC:223c AF:5b22 BC:221e DE:2267 HL:488e SP:f795 IX:0000 IY:0000 Flags:00100010 [c2 3c 22]
==> 223c:  INC HL              PC:223d AF:5b22 BC:221e DE:2267 HL:488f SP:f795 IX:0000 IY:0000 Flags:00100010 [23 7e 0c]
==> 223d:  LD A, (HL)          PC:223e AF:4322 BC:221e DE:2267 HL:488f SP:f795 IX:0000 IY:0000 Flags:00100010 [7e 0c b7]
==> 223e:  INC C               PC:223f AF:4308 BC:221f DE:2267 HL:488f SP:f795 IX:0000 IY:0000 Flags:00001000 [0c b7 ca]
==> 223f:  OR A, A             PC:2240 AF:4300 BC:221f DE:2267 HL:488f SP:f795 IX:0000 IY:0000 Flags:00000000 [b7 ca 4b]
==> 2240:  JP Z, 224bh         PC:2243 AF:4300 BC:221f DE:2267 HL:488f SP:f795 IX:0000 IY:0000 Flags:00000000 [ca 4b 22]
==> 2243:  CP A, D             PC:2244 AF:4322 BC:221f DE:2267 HL:488f SP:f795 IX:0000 IY:0000 Flags:00100010 [ba ca 4b]
==> 2244:  JP Z, 224bh         PC:2247 AF:4322 BC:221f DE:2267 HL:488f SP:f795 IX:0000 IY:0000 Flags:00100010 [ca 4b 22]
==> 2247:  CP A, B             PC:2248 AF:4322 BC:221f DE:2267 HL:488f SP:f795 IX:0000 IY:0000 Flags:00100010 [b8 c2 3c]
==> 2248:  JP NZ, 223ch        PC:223c AF:4322 BC:221f DE:2267 HL:488f SP:f795 IX:0000 IY:0000 Flags:00100010 [c2 3c 22]
==> 223c:  INC HL              PC:223d AF:4322 BC:221f DE:2267 HL:4890 SP:f795 IX:0000 IY:0000 Flags:00100010 [23 7e 0c]
==> 223d:  LD A, (HL)          PC:223e AF:5022 BC:221f DE:2267 HL:4890 SP:f795 IX:0000 IY:0000 Flags:00100010 [7e 0c b7]
==> 223e:  INC C               PC:223f AF:5030 BC:2220 DE:2267 HL:4890 SP:f795 IX:0000 IY:0000 Flags:00110000 [0c b7 ca]
==> 223f:  OR A, A             PC:2240 AF:5004 BC:2220 DE:2267 HL:4890 SP:f795 IX:0000 IY:0000 Flags:00000100 [b7 ca 4b]
==> 2240:  JP Z, 224bh         PC:2243 AF:5004 BC:2220 DE:2267 HL:4890 SP:f795 IX:0000 IY:0000 Flags:00000100 [ca 4b 22]
==> 2243:  CP A, D             PC:2244 AF:5032 BC:2220 DE:2267 HL:4890 SP:f795 IX:0000 IY:0000 Flags:00110010 [ba ca 4b]
==> 2244:  JP Z, 224bh         PC:2247 AF:5032 BC:2220 DE:2267 HL:4890 SP:f795 IX:0000 IY:0000 Flags:00110010 [ca 4b 22]
==> 2247:  CP A, B             PC:2248 AF:5032 BC:2220 DE:2267 HL:4890 SP:f795 IX:0000 IY:0000 Flags:00110010 [b8 c2 3c]
==> 2248:  JP NZ, 223ch        PC:223c AF:5032 BC:2220 DE:2267 HL:4890 SP:f795 IX:0000 IY:0000 Flags:00110010 [c2 3c 22]
==> 223c:  INC HL              PC:223d AF:5032 BC:2220 DE:2267 HL:4891 SP:f795 IX:0000 IY:0000 Flags:00110010 [23 7e 0c]
==> 223d:  LD A, (HL)          PC:223e AF:2f32 BC:2220 DE:2267 HL:4891 SP:f795 IX:0000 IY:0000 Flags:00110010 [7e 0c b7]
==> 223e:  INC C               PC:223f AF:2f20 BC:2221 DE:2267 HL:4891 SP:f795 IX:0000 IY:0000 Flags:00100000 [0c b7 ca]
==> 223f:  OR A, A             PC:2240 AF:2f28 BC:2221 DE:2267 HL:4891 SP:f795 IX:0000 IY:0000 Flags:00101000 [b7 ca 4b]
==> 2240:  JP Z, 224bh         PC:2243 AF:2f28 BC:2221 DE:2267 HL:4891 SP:f795 IX:0000 IY:0000 Flags:00101000 [ca 4b 22]
==> 2243:  CP A, D             PC:2244 AF:2f22 BC:2221 DE:2267 HL:4891 SP:f795 IX:0000 IY:0000 Flags:00100010 [ba ca 4b]
==> 2244:  JP Z, 224bh         PC:2247 AF:2f22 BC:2221 DE:2267 HL:4891 SP:f795 IX:0000 IY:0000 Flags:00100010 [ca 4b 22]
==> 2247:  CP A, B             PC:2248 AF:2f22 BC:2221 DE:2267 HL:4891 SP:f795 IX:0000 IY:0000 Flags:00100010 [b8 c2 3c]
==> 2248:  JP NZ, 223ch        PC:223c AF:2f22 BC:2221 DE:2267 HL:4891 SP:f795 IX:0000 IY:0000 Flags:00100010 [c2 3c 22]
==> 223c:  INC HL              PC:223d AF:2f22 BC:2221 DE:2267 HL:4892 SP:f795 IX:0000 IY:0000 Flags:00100010 [23 7e 0c]
==> 223d:  LD A, (HL)          PC:223e AF:4d22 BC:2221 DE:2267 HL:4892 SP:f795 IX:0000 IY:0000 Flags:00100010 [7e 0c b7]
==> 223e:  INC C               PC:223f AF:4d20 BC:2222 DE:2267 HL:4892 SP:f795 IX:0000 IY:0000 Flags:00100000 [0c b7 ca]
==> 223f:  OR A, A             PC:2240 AF:4d0c BC:2222 DE:2267 HL:4892 SP:f795 IX:0000 IY:0000 Flags:00001100 [b7 ca 4b]
==> 2240:  JP Z, 224bh         PC:2243 AF:4d0c BC:2222 DE:2267 HL:4892 SP:f795 IX:0000 IY:0000 Flags:00001100 [ca 4b 22]
==> 2243:  CP A, D             PC:2244 AF:4d22 BC:2222 DE:2267 HL:4892 SP:f795 IX:0000 IY:0000 Flags:00100010 [ba ca 4b]
==> 2244:  JP Z, 224bh         PC:2247 AF:4d22 BC:2222 DE:2267 HL:4892 SP:f795 IX:0000 IY:0000 Flags:00100010 [ca 4b 22]
==> 2247:  CP A, B             PC:2248 AF:4d22 BC:2222 DE:2267 HL:4892 SP:f795 IX:0000 IY:0000 Flags:00100010 [b8 c2 3c]
==> 2248:  JP NZ, 223ch        PC:223c AF:4d22 BC:2222 DE:2267 HL:4892 SP:f795 IX:0000 IY:0000 Flags:00100010 [c2 3c 22]
==> 223c:  INC HL              PC:223d AF:4d22 BC:2222 DE:2267 HL:4893 SP:f795 IX:0000 IY:0000 Flags:00100010 [23 7e 0c]
==> 223d:  LD A, (HL)          PC:223e AF:2022 BC:2222 DE:2267 HL:4893 SP:f795 IX:0000 IY:0000 Flags:00100010 [7e 0c b7]
==> 223e:  INC C               PC:223f AF:2020 BC:2223 DE:2267 HL:4893 SP:f795 IX:0000 IY:0000 Flags:00100000 [0c b7 ca]
==> 223f:  OR A, A             PC:2240 AF:2020 BC:2223 DE:2267 HL:4893 SP:f795 IX:0000 IY:0000 Flags:00100000 [b7 ca 4b]
==> 2240:  JP Z, 224bh         PC:2243 AF:2020 BC:2223 DE:2267 HL:4893 SP:f795 IX:0000 IY:0000 Flags:00100000 [ca 4b 22]
==> 2243:  CP A, D             PC:2244 AF:20b3 BC:2223 DE:2267 HL:4893 SP:f795 IX:0000 IY:0000 Flags:10110011 [ba ca 4b]
==> 2244:  JP Z, 224bh         PC:2247 AF:20b3 BC:2223 DE:2267 HL:4893 SP:f795 IX:0000 IY:0000 Flags:10110011 [ca 4b 22]
==> 2247:  CP A, B             PC:2248 AF:20b3 BC:2223 DE:2267 HL:4893 SP:f795 IX:0000 IY:0000 Flags:10110011 [b8 c2 3c]
==> 2248:  JP NZ, 223ch        PC:223c AF:20b3 BC:2223 DE:2267 HL:4893 SP:f795 IX:0000 IY:0000 Flags:10110011 [c2 3c 22]
==> 223c:  INC HL              PC:223d AF:20b3 BC:2223 DE:2267 HL:4894 SP:f795 IX:0000 IY:0000 Flags:10110011 [23 7e 0c]
==> 223d:  LD A, (HL)          PC:223e AF:56b3 BC:2223 DE:2267 HL:4894 SP:f795 IX:0000 IY:0000 Flags:10110011 [7e 0c b7]
==> 223e:  INC C               PC:223f AF:5621 BC:2224 DE:2267 HL:4894 SP:f795 IX:0000 IY:0000 Flags:00100001 [0c b7 ca]
==> 223f:  OR A, A             PC:2240 AF:5604 BC:2224 DE:2267 HL:4894 SP:f795 IX:0000 IY:0000 Flags:00000100 [b7 ca 4b]
==> 2240:  JP Z, 224bh         PC:2243 AF:5604 BC:2224 DE:2267 HL:4894 SP:f795 IX:0000 IY:0000 Flags:00000100 [ca 4b 22]
==> 2243:  CP A, D             PC:2244 AF:5622 BC:2224 DE:2267 HL:4894 SP:f795 IX:0000 IY:0000 Flags:00100010 [ba ca 4b]
==> 2244:  JP Z, 224bh         PC:2247 AF:5622 BC:2224 DE:2267 HL:4894 SP:f795 IX:0000 IY:0000 Flags:00100010 [ca 4b 22]
==> 2247:  CP A, B             PC:2248 AF:5622 BC:2224 DE:2267 HL:4894 SP:f795 IX:0000 IY:0000 Flags:00100010 [b8 c2 3c]
==> 2248:  JP NZ, 223ch        PC:223c AF:5622 BC:2224 DE:2267 HL:4894 SP:f795 IX:0000 IY:0000 Flags:00100010 [c2 3c 22]
==> 223c:  INC HL              PC:223d AF:5622 BC:2224 DE:2267 HL:4895 SP:f795 IX:0000 IY:0000 Flags:00100010 [23 7e 0c]
==> 223d:  LD A, (HL)          PC:223e AF:6522 BC:2224 DE:2267 HL:4895 SP:f795 IX:0000 IY:0000 Flags:00100010 [7e 0c b7]
==> 223e:  INC C               PC:223f AF:6520 BC:2225 DE:2267 HL:4895 SP:f795 IX:0000 IY:0000 Flags:00100000 [0c b7 ca]
==> 223f:  OR A, A             PC:2240 AF:6524 BC:2225 DE:2267 HL:4895 SP:f795 IX:0000 IY:0000 Flags:00100100 [b7 ca 4b]
==> 2240:  JP Z, 224bh         PC:2243 AF:6524 BC:2225 DE:2267 HL:4895 SP:f795 IX:0000 IY:0000 Flags:00100100 [ca 4b 22]
==> 2243:  CP A, D             PC:2244 AF:6522 BC:2225 DE:2267 HL:4895 SP:f795 IX:0000 IY:0000 Flags:00100010 [ba ca 4b]
==> 2244:  JP Z, 224bh         PC:2247 AF:6522 BC:2225 DE:2267 HL:4895 SP:f795 IX:0000 IY:0000 Flags:00100010 [ca 4b 22]
==> 2247:  CP A, B             PC:2248 AF:6522 BC:2225 DE:2267 HL:4895 SP:f795 IX:0000 IY:0000 Flags:00100010 [b8 c2 3c]
==> 2248:  JP NZ, 223ch        PC:223c AF:6522 BC:2225 DE:2267 HL:4895 SP:f795 IX:0000 IY:0000 Flags:00100010 [c2 3c 22]
==> 223c:  INC HL              PC:223d AF:6522 BC:2225 DE:2267 HL:4896 SP:f795 IX:0000 IY:0000 Flags:00100010 [23 7e 0c]
==> 223d:  LD A, (HL)          PC:223e AF:7222 BC:2225 DE:2267 HL:4896 SP:f795 IX:0000 IY:0000 Flags:00100010 [7e 0c b7]
==> 223e:  INC C               PC:223f AF:7220 BC:2226 DE:2267 HL:4896 SP:f795 IX:0000 IY:0000 Flags:00100000 [0c b7 ca]
==> 223f:  OR A, A             PC:2240 AF:7224 BC:2226 DE:2267 HL:4896 SP:f795 IX:0000 IY:0000 Flags:00100100 [b7 ca 4b]
==> 2240:  JP Z, 224bh         PC:2243 AF:7224 BC:2226 DE:2267 HL:4896 SP:f795 IX:0000 IY:0000 Flags:00100100 [ca 4b 22]
==> 2243:  CP A, D             PC:2244 AF:7222 BC:2226 DE:2267 HL:4896 SP:f795 IX:0000 IY:0000 Flags:00100010 [ba ca 4b]
==> 2244:  JP Z, 224bh         PC:2247 AF:7222 BC:2226 DE:2267 HL:4896 SP:f795 IX:0000 IY:0000 Flags:00100010 [ca 4b 22]
==> 2247:  CP A, B             PC:2248 AF:7222 BC:2226 DE:2267 HL:4896 SP:f795 IX:0000 IY:0000 Flags:00100010 [b8 c2 3c]
==> 2248:  JP NZ, 223ch        PC:223c AF:7222 BC:2226 DE:2267 HL:4896 SP:f795 IX:0000 IY:0000 Flags:00100010 [c2 3c 22]
==> 223c:  INC HL              PC:223d AF:7222 BC:2226 DE:2267 HL:4897 SP:f795 IX:0000 IY:0000 Flags:00100010 [23 7e 0c]
==> 223d:  LD A, (HL)          PC:223e AF:7322 BC:2226 DE:2267 HL:4897 SP:f795 IX:0000 IY:0000 Flags:00100010 [7e 0c b7]
==> 223e:  INC C               PC:223f AF:7320 BC:2227 DE:2267 HL:4897 SP:f795 IX:0000 IY:0000 Flags:00100000 [0c b7 ca]
==> 223f:  OR A, A             PC:2240 AF:7320 BC:2227 DE:2267 HL:4897 SP:f795 IX:0000 IY:0000 Flags:00100000 [b7 ca 4b]
==> 2240:  JP Z, 224bh         PC:2243 AF:7320 BC:2227 DE:2267 HL:4897 SP:f795 IX:0000 IY:0000 Flags:00100000 [ca 4b 22]
==> 2243:  CP A, D             PC:2244 AF:7322 BC:2227 DE:2267 HL:4897 SP:f795 IX:0000 IY:0000 Flags:00100010 [ba ca 4b]
==> 2244:  JP Z, 224bh         PC:2247 AF:7322 BC:2227 DE:2267 HL:4897 SP:f795 IX:0000 IY:0000 Flags:00100010 [ca 4b 22]
==> 2247:  CP A, B             PC:2248 AF:7322 BC:2227 DE:2267 HL:4897 SP:f795 IX:0000 IY:0000 Flags:00100010 [b8 c2 3c]
==> 2248:  JP NZ, 223ch        PC:223c AF:7322 BC:2227 DE:2267 HL:4897 SP:f795 IX:0000 IY:0000 Flags:00100010 [c2 3c 22]
==> 223c:  INC HL              PC:223d AF:7322 BC:2227 DE:2267 HL:4898 SP:f795 IX:0000 IY:0000 Flags:00100010 [23 7e 0c]
==> 223d:  LD A, (HL)          PC:223e AF:6922 BC:2227 DE:2267 HL:4898 SP:f795 IX:0000 IY:0000 Flags:00100010 [7e 0c b7]
==> 223e:  INC C               PC:223f AF:6928 BC:2228 DE:2267 HL:4898 SP:f795 IX:0000 IY:0000 Flags:00101000 [0c b7 ca]
==> 223f:  OR A, A             PC:2240 AF:692c BC:2228 DE:2267 HL:4898 SP:f795 IX:0000 IY:0000 Flags:00101100 [b7 ca 4b]
==> 2240:  JP Z, 224bh         PC:2243 AF:692c BC:2228 DE:2267 HL:4898 SP:f795 IX:0000 IY:0000 Flags:00101100 [ca 4b 22]
==> 2243:  CP A, D             PC:2244 AF:6922 BC:2228 DE:2267 HL:4898 SP:f795 IX:0000 IY:0000 Flags:00100010 [ba ca 4b]
==> 2244:  JP Z, 224bh         PC:2247 AF:6922 BC:2228 DE:2267 HL:4898 SP:f795 IX:0000 IY:0000 Flags:00100010 [ca 4b 22]
==> 2247:  CP A, B             PC:2248 AF:6922 BC:2228 DE:2267 HL:4898 SP:f795 IX:0000 IY:0000 Flags:00100010 [b8 c2 3c]
==> 2248:  JP NZ, 223ch        PC:223c AF:6922 BC:2228 DE:2267 HL:4898 SP:f795 IX:0000 IY:0000 Flags:00100010 [c2 3c 22]
==> 223c:  INC HL              PC:223d AF:6922 BC:2228 DE:2267 HL:4899 SP:f795 IX:0000 IY:0000 Flags:00100010 [23 7e 0c]
==> 223d:  LD A, (HL)          PC:223e AF:6f22 BC:2228 DE:2267 HL:4899 SP:f795 IX:0000 IY:0000 Flags:00100010 [7e 0c b7]
==> 223e:  INC C               PC:223f AF:6f28 BC:2229 DE:2267 HL:4899 SP:f795 IX:0000 IY:0000 Flags:00101000 [0c b7 ca]
==> 223f:  OR A, A             PC:2240 AF:6f2c BC:2229 DE:2267 HL:4899 SP:f795 IX:0000 IY:0000 Flags:00101100 [b7 ca 4b]
==> 2240:  JP Z, 224bh         PC:2243 AF:6f2c BC:2229 DE:2267 HL:4899 SP:f795 IX:0000 IY:0000 Flags:00101100 [ca 4b 22]
==> 2243:  CP A, D             PC:2244 AF:6f22 BC:2229 DE:2267 HL:4899 SP:f795 IX:0000 IY:0000 Flags:00100010 [ba ca 4b]
==> 2244:  JP Z, 224bh         PC:2247 AF:6f22 BC:2229 DE:2267 HL:4899 SP:f795 IX:0000 IY:0000 Flags:00100010 [ca 4b 22]
==> 2247:  CP A, B             PC:2248 AF:6f22 BC:2229 DE:2267 HL:4899 SP:f795 IX:0000 IY:0000 Flags:00100010 [b8 c2 3c]
==> 2248:  JP NZ, 223ch        PC:223c AF:6f22 BC:2229 DE:2267 HL:4899 SP:f795 IX:0000 IY:0000 Flags:00100010 [c2 3c 22]
==> 223c:  INC HL              PC:223d AF:6f22 BC:2229 DE:2267 HL:489a SP:f795 IX:0000 IY:0000 Flags:00100010 [23 7e 0c]
==> 223d:  LD A, (HL)          PC:223e AF:6e22 BC:2229 DE:2267 HL:489a SP:f795 IX:0000 IY:0000 Flags:00100010 [7e 0c b7]
==> 223e:  INC C               PC:223f AF:6e28 BC:222a DE:2267 HL:489a SP:f795 IX:0000 IY:0000 Flags:00101000 [0c b7 ca]
==> 223f:  OR A, A             PC:2240 AF:6e28 BC:222a DE:2267 HL:489a SP:f795 IX:0000 IY:0000 Flags:00101000 [b7 ca 4b]
==> 2240:  JP Z, 224bh         PC:2243 AF:6e28 BC:222a DE:2267 HL:489a SP:f795 IX:0000 IY:0000 Flags:00101000 [ca 4b 22]
==> 2243:  CP A, D             PC:2244 AF:6e22 BC:222a DE:2267 HL:489a SP:f795 IX:0000 IY:0000 Flags:00100010 [ba ca 4b]
==> 2244:  JP Z, 224bh         PC:2247 AF:6e22 BC:222a DE:2267 HL:489a SP:f795 IX:0000 IY:0000 Flags:00100010 [ca 4b 22]
==> 2247:  CP A, B             PC:2248 AF:6e22 BC:222a DE:2267 HL:489a SP:f795 IX:0000 IY:0000 Flags:00100010 [b8 c2 3c]
==> 2248:  JP NZ, 223ch        PC:223c AF:6e22 BC:222a DE:2267 HL:489a SP:f795 IX:0000 IY:0000 Flags:00100010 [c2 3c 22]
==> 223c:  INC HL              PC:223d AF:6e22 BC:222a DE:2267 HL:489b SP:f795 IX:0000 IY:0000 Flags:00100010 [23 7e 0c]
==> 223d:  LD A, (HL)          PC:223e AF:5d22 BC:222a DE:2267 HL:489b SP:f795 IX:0000 IY:0000 Flags:00100010 [7e 0c b7]
==> 223e:  INC C               PC:223f AF:5d28 BC:222b DE:2267 HL:489b SP:f795 IX:0000 IY:0000 Flags:00101000 [0c b7 ca]
==> 223f:  OR A, A             PC:2240 AF:5d08 BC:222b DE:2267 HL:489b SP:f795 IX:0000 IY:0000 Flags:00001000 [b7 ca 4b]
==> 2240:  JP Z, 224bh         PC:2243 AF:5d08 BC:222b DE:2267 HL:489b SP:f795 IX:0000 IY:0000 Flags:00001000 [ca 4b 22]
==> 2243:  CP A, D             PC:2244 AF:5d22 BC:222b DE:2267 HL:489b SP:f795 IX:0000 IY:0000 Flags:00100010 [ba ca 4b]
==> 2244:  JP Z, 224bh         PC:2247 AF:5d22 BC:222b DE:2267 HL:489b SP:f795 IX:0000 IY:0000 Flags:00100010 [ca 4b 22]
==> 2247:  CP A, B             PC:2248 AF:5d22 BC:222b DE:2267 HL:489b SP:f795 IX:0000 IY:0000 Flags:00100010 [b8 c2 3c]
==> 2248:  JP NZ, 223ch        PC:223c AF:5d22 BC:222b DE:2267 HL:489b SP:f795 IX:0000 IY:0000 Flags:00100010 [c2 3c 22]
==> 223c:  INC HL              PC:223d AF:5d22 BC:222b DE:2267 HL:489c SP:f795 IX:0000 IY:0000 Flags:00100010 [23 7e 0c]
==> 223d:  LD A, (HL)          PC:223e AF:0d22 BC:222b DE:2267 HL:489c SP:f795 IX:0000 IY:0000 Flags:00100010 [7e 0c b7]
==> 223e:  INC C               PC:223f AF:0d28 BC:222c DE:2267 HL:489c SP:f795 IX:0000 IY:0000 Flags:00101000 [0c b7 ca]
==> 223f:  OR A, A             PC:2240 AF:0d08 BC:222c DE:2267 HL:489c SP:f795 IX:0000 IY:0000 Flags:00001000 [b7 ca 4b]
==> 2240:  JP Z, 224bh         PC:2243 AF:0d08 BC:222c DE:2267 HL:489c SP:f795 IX:0000 IY:0000 Flags:00001000 [ca 4b 22]
==> 2243:  CP A, D             PC:2244 AF:0da3 BC:222c DE:2267 HL:489c SP:f795 IX:0000 IY:0000 Flags:10100011 [ba ca 4b]
==> 2244:  JP Z, 224bh         PC:2247 AF:0da3 BC:222c DE:2267 HL:489c SP:f795 IX:0000 IY:0000 Flags:10100011 [ca 4b 22]
==> 2247:  CP A, B             PC:2248 AF:0da3 BC:222c DE:2267 HL:489c SP:f795 IX:0000 IY:0000 Flags:10100011 [b8 c2 3c]
==> 2248:  JP NZ, 223ch        PC:223c AF:0da3 BC:222c DE:2267 HL:489c SP:f795 IX:0000 IY:0000 Flags:10100011 [c2 3c 22]
==> 223c:  INC HL              PC:223d AF:0da3 BC:222c DE:2267 HL:489d SP:f795 IX:0000 IY:0000 Flags:10100011 [23 7e 0c]
==> 223d:  LD A, (HL)          PC:223e AF:0aa3 BC:222c DE:2267 HL:489d SP:f795 IX:0000 IY:0000 Flags:10100011 [7e 0c b7]
==> 223e:  INC C               PC:223f AF:0a29 BC:222d DE:2267 HL:489d SP:f795 IX:0000 IY:0000 Flags:00101001 [0c b7 ca]
==> 223f:  OR A, A             PC:2240 AF:0a0c BC:222d DE:2267 HL:489d SP:f795 IX:0000 IY:0000 Flags:00001100 [b7 ca 4b]
==> 2240:  JP Z, 224bh         PC:2243 AF:0a0c BC:222d DE:2267 HL:489d SP:f795 IX:0000 IY:0000 Flags:00001100 [ca 4b 22]
==> 2243:  CP A, D             PC:2244 AF:0aa3 BC:222d DE:2267 HL:489d SP:f795 IX:0000 IY:0000 Flags:10100011 [ba ca 4b]
==> 2244:  JP Z, 224bh         PC:2247 AF:0aa3 BC:222d DE:2267 HL:489d SP:f795 IX:0000 IY:0000 Flags:10100011 [ca 4b 22]
==> 2247:  CP A, B             PC:2248 AF:0aa3 BC:222d DE:2267 HL:489d SP:f795 IX:0000 IY:0000 Flags:10100011 [b8 c2 3c]
==> 2248:  JP NZ, 223ch        PC:223c AF:0aa3 BC:222d DE:2267 HL:489d SP:f795 IX:0000 IY:0000 Flags:10100011 [c2 3c 22]
==> 223c:  INC HL              PC:223d AF:0aa3 BC:222d DE:2267 HL:489e SP:f795 IX:0000 IY:0000 Flags:10100011 [23 7e 0c]
==> 223d:  LD A, (HL)          PC:223e AF:43a3 BC:222d DE:2267 HL:489e SP:f795 IX:0000 IY:0000 Flags:10100011 [7e 0c b7]
==> 223e:  INC C               PC:223f AF:4329 BC:222e DE:2267 HL:489e SP:f795 IX:0000 IY:0000 Flags:00101001 [0c b7 ca]
==> 223f:  OR A, A             PC:2240 AF:4300 BC:222e DE:2267 HL:489e SP:f795 IX:0000 IY:0000 Flags:00000000 [b7 ca 4b]
==> 2240:  JP Z, 224bh         PC:2243 AF:4300 BC:222e DE:2267 HL:489e SP:f795 IX:0000 IY:0000 Flags:00000000 [ca 4b 22]
==> 2243:  CP A, D             PC:2244 AF:4322 BC:222e DE:2267 HL:489e SP:f795 IX:0000 IY:0000 Flags:00100010 [ba ca 4b]
==> 2244:  JP Z, 224bh         PC:2247 AF:4322 BC:222e DE:2267 HL:489e SP:f795 IX:0000 IY:0000 Flags:00100010 [ca 4b 22]
==> 2247:  CP A, B             PC:2248 AF:4322 BC:222e DE:2267 HL:489e SP:f795 IX:0000 IY:0000 Flags:00100010 [b8 c2 3c]
==> 2248:  JP NZ, 223ch        PC:223c AF:4322 BC:222e DE:2267 HL:489e SP:f795 IX:0000 IY:0000 Flags:00100010 [c2 3c 22]
==> 223c:  INC HL              PC:223d AF:4322 BC:222e DE:2267 HL:489f SP:f795 IX:0000 IY:0000 Flags:00100010 [23 7e 0c]
==> 223d:  LD A, (HL)          PC:223e AF:6f22 BC:222e DE:2267 HL:489f SP:f795 IX:0000 IY:0000 Flags:00100010 [7e 0c b7]
==> 223e:  INC C               PC:223f AF:6f28 BC:222f DE:2267 HL:489f SP:f795 IX:0000 IY:0000 Flags:00101000 [0c b7 ca]
==> 223f:  OR A, A             PC:2240 AF:6f2c BC:222f DE:2267 HL:489f SP:f795 IX:0000 IY:0000 Flags:00101100 [b7 ca 4b]
==> 2240:  JP Z, 224bh         PC:2243 AF:6f2c BC:222f DE:2267 HL:489f SP:f795 IX:0000 IY:0000 Flags:00101100 [ca 4b 22]
==> 2243:  CP A, D             PC:2244 AF:6f22 BC:222f DE:2267 HL:489f SP:f795 IX:0000 IY:0000 Flags:00100010 [ba ca 4b]
==> 2244:  JP Z, 224bh         PC:2247 AF:6f22 BC:222f DE:2267 HL:489f SP:f795 IX:0000 IY:0000 Flags:00100010 [ca 4b 22]
==> 2247:  CP A, B             PC:2248 AF:6f22 BC:222f DE:2267 HL:489f SP:f795 IX:0000 IY:0000 Flags:00100010 [b8 c2 3c]
==> 2248:  JP NZ, 223ch        PC:223c AF:6f22 BC:222f DE:2267 HL:489f SP:f795 IX:0000 IY:0000 Flags:00100010 [c2 3c 22]
==> 223c:  INC HL              PC:223d AF:6f22 BC:222f DE:2267 HL:48a0 SP:f795 IX:0000 IY:0000 Flags:00100010 [23 7e 0c]
==> 223d:  LD A, (HL)          PC:223e AF:7022 BC:222f DE:2267 HL:48a0 SP:f795 IX:0000 IY:0000 Flags:00100010 [7e 0c b7]
==> 223e:  INC C               PC:223f AF:7030 BC:2230 DE:2267 HL:48a0 SP:f795 IX:0000 IY:0000 Flags:00110000 [0c b7 ca]
==> 223f:  OR A, A             PC:2240 AF:7020 BC:2230 DE:2267 HL:48a0 SP:f795 IX:0000 IY:0000 Flags:00100000 [b7 ca 4b]
==> 2240:  JP Z, 224bh         PC:2243 AF:7020 BC:2230 DE:2267 HL:48a0 SP:f795 IX:0000 IY:0000 Flags:00100000 [ca 4b 22]
==> 2243:  CP A, D             PC:2244 AF:7032 BC:2230 DE:2267 HL:48a0 SP:f795 IX:0000 IY:0000 Flags:00110010 [ba ca 4b]
==> 2244:  JP Z, 224bh         PC:2247 AF:7032 BC:2230 DE:2267 HL:48a0 SP:f795 IX:0000 IY:0000 Flags:00110010 [ca 4b 22]
==> 2247:  CP A, B             PC:2248 AF:7032 BC:2230 DE:2267 HL:48a0 SP:f795 IX:0000 IY:0000 Flags:00110010 [b8 c2 3c]
==> 2248:  JP NZ, 223ch        PC:223c AF:7032 BC:2230 DE:2267 HL:48a0 SP:f795 IX:0000 IY:0000 Flags:00110010 [c2 3c 22]
==> 223c:  INC HL              PC:223d AF:7032 BC:2230 DE:2267 HL:48a1 SP:f795 IX:0000 IY:0000 Flags:00110010 [23 7e 0c]
==> 223d:  LD A, (HL)          PC:223e AF:7932 BC:2230 DE:2267 HL:48a1 SP:f795 IX:0000 IY:0000 Flags:00110010 [7e 0c b7]
==> 223e:  INC C               PC:223f AF:7920 BC:2231 DE:2267 HL:48a1 SP:f795 IX:0000 IY:0000 Flags:00100000 [0c b7 ca]
==> 223f:  OR A, A             PC:2240 AF:7928 BC:2231 DE:2267 HL:48a1 SP:f795 IX:0000 IY:0000 Flags:00101000 [b7 ca 4b]
==> 2240:  JP Z, 224bh         PC:2243 AF:7928 BC:2231 DE:2267 HL:48a1 SP:f795 IX:0000 IY:0000 Flags:00101000 [ca 4b 22]
==> 2243:  CP A, D             PC:2244 AF:7922 BC:2231 DE:2267 HL:48a1 SP:f795 IX:0000 IY:0000 Flags:00100010 [ba ca 4b]
==> 2244:  JP Z, 224bh         PC:2247 AF:7922 BC:2231 DE:2267 HL:48a1 SP:f795 IX:0000 IY:0000 Flags:00100010 [ca 4b 22]
==> 2247:  CP A, B             PC:2248 AF:7922 BC:2231 DE:2267 HL:48a1 SP:f795 IX:0000 IY:0000 Flags:00100010 [b8 c2 3c]
==> 2248:  JP NZ, 223ch        PC:223c AF:7922 BC:2231 DE:2267 HL:48a1 SP:f795 IX:0000 IY:0000 Flags:00100010 [c2 3c 22]
==> 223c:  INC HL              PC:223d AF:7922 BC:2231 DE:2267 HL:48a2 SP:f795 IX:0000 IY:0000 Flags:00100010 [23 7e 0c]
==> 223d:  LD A, (HL)          PC:223e AF:7222 BC:2231 DE:2267 HL:48a2 SP:f795 IX:0000 IY:0000 Flags:00100010 [7e 0c b7]
==> 223e:  INC C               PC:223f AF:7220 BC:2232 DE:2267 HL:48a2 SP:f795 IX:0000 IY:0000 Flags:00100000 [0c b7 ca]
==> 223f:  OR A, A             PC:2240 AF:7224 BC:2232 DE:2267 HL:48a2 SP:f795 IX:0000 IY:0000 Flags:00100100 [b7 ca 4b]
==> 2240:  JP Z, 224bh         PC:2243 AF:7224 BC:2232 DE:2267 HL:48a2 SP:f795 IX:0000 IY:0000 Flags:00100100 [ca 4b 22]
==> 2243:  CP A, D             PC:2244 AF:7222 BC:2232 DE:2267 HL:48a2 SP:f795 IX:0000 IY:0000 Flags:00100010 [ba ca 4b]
==> 2244:  JP Z, 224bh         PC:2247 AF:7222 BC:2232 DE:2267 HL:48a2 SP:f795 IX:0000 IY:0000 Flags:00100010 [ca 4b 22]
==> 2247:  CP A, B             PC:2248 AF:7222 BC:2232 DE:2267 HL:48a2 SP:f795 IX:0000 IY:0000 Flags:00100010 [b8 c2 3c]
==> 2248:  JP NZ, 223ch        PC:223c AF:7222 BC:2232 DE:2267 HL:48a2 SP:f795 IX:0000 IY:0000 Flags:00100010 [c2 3c 22]
==> 223c:  INC HL              PC:223d AF:7222 BC:2232 DE:2267 HL:48a3 SP:f795 IX:0000 IY:0000 Flags:00100010 [23 7e 0c]
==> 223d:  LD A, (HL)          PC:223e AF:6922 BC:2232 DE:2267 HL:48a3 SP:f795 IX:0000 IY:0000 Flags:00100010 [7e 0c b7]
==> 223e:  INC C               PC:223f AF:6920 BC:2233 DE:2267 HL:48a3 SP:f795 IX:0000 IY:0000 Flags:00100000 [0c b7 ca]
==> 223f:  OR A, A             PC:2240 AF:692c BC:2233 DE:2267 HL:48a3 SP:f795 IX:0000 IY:0000 Flags:00101100 [b7 ca 4b]
==> 2240:  JP Z, 224bh         PC:2243 AF:692c BC:2233 DE:2267 HL:48a3 SP:f795 IX:0000 IY:0000 Flags:00101100 [ca 4b 22]
==> 2243:  CP A, D             PC:2244 AF:6922 BC:2233 DE:2267 HL:48a3 SP:f795 IX:0000 IY:0000 Flags:00100010 [ba ca 4b]
==> 2244:  JP Z, 224bh         PC:2247 AF:6922 BC:2233 DE:2267 HL:48a3 SP:f795 IX:0000 IY:0000 Flags:00100010 [ca 4b 22]
==> 2247:  CP A, B             PC:2248 AF:6922 BC:2233 DE:2267 HL:48a3 SP:f795 IX:0000 IY:0000 Flags:00100010 [b8 c2 3c]
==> 2248:  JP NZ, 223ch        PC:223c AF:6922 BC:2233 DE:2267 HL:48a3 SP:f795 IX:0000 IY:0000 Flags:00100010 [c2 3c 22]
==> 223c:  INC HL              PC:223d AF:6922 BC:2233 DE:2267 HL:48a4 SP:f795 IX:0000 IY:0000 Flags:00100010 [23 7e 0c]
==> 223d:  LD A, (HL)          PC:223e AF:6722 BC:2233 DE:2267 HL:48a4 SP:f795 IX:0000 IY:0000 Flags:00100010 [7e 0c b7]
==> 223e:  INC C               PC:223f AF:6720 BC:2234 DE:2267 HL:48a4 SP:f795 IX:0000 IY:0000 Flags:00100000 [0c b7 ca]
==> 223f:  OR A, A             PC:2240 AF:6720 BC:2234 DE:2267 HL:48a4 SP:f795 IX:0000 IY:0000 Flags:00100000 [b7 ca 4b]
==> 2240:  JP Z, 224bh         PC:2243 AF:6720 BC:2234 DE:2267 HL:48a4 SP:f795 IX:0000 IY:0000 Flags:00100000 [ca 4b 22]
==> 2243:  CP A, D             PC:2244 AF:6722 BC:2234 DE:2267 HL:48a4 SP:f795 IX:0000 IY:0000 Flags:00100010 [ba ca 4b]
==> 2244:  JP Z, 224bh         PC:2247 AF:6722 BC:2234 DE:2267 HL:48a4 SP:f795 IX:0000 IY:0000 Flags:00100010 [ca 4b 22]
==> 2247:  CP A, B             PC:2248 AF:6722 BC:2234 DE:2267 HL:48a4 SP:f795 IX:0000 IY:0000 Flags:00100010 [b8 c2 3c]
==> 2248:  JP NZ, 223ch        PC:223c AF:6722 BC:2234 DE:2267 HL:48a4 SP:f795 IX:0000 IY:0000 Flags:00100010 [c2 3c 22]
==> 223c:  INC HL              PC:223d AF:6722 BC:2234 DE:2267 HL:48a5 SP:f795 IX:0000 IY:0000 Flags:00100010 [23 7e 0c]
==> 223d:  LD A, (HL)          PC:223e AF:6822 BC:2234 DE:2267 HL:48a5 SP:f795 IX:0000 IY:0000 Flags:00100010 [7e 0c b7]
==> 223e:  INC C               PC:223f AF:6820 BC:2235 DE:2267 HL:48a5 SP:f795 IX:0000 IY:0000 Flags:00100000 [0c b7 ca]
==> 223f:  OR A, A             PC:2240 AF:6828 BC:2235 DE:2267 HL:48a5 SP:f795 IX:0000 IY:0000 Flags:00101000 [b7 ca 4b]
==> 2240:  JP Z, 224bh         PC:2243 AF:6828 BC:2235 DE:2267 HL:48a5 SP:f795 IX:0000 IY:0000 Flags:00101000 [ca 4b 22]
==> 2243:  CP A, D             PC:2244 AF:6822 BC:2235 DE:2267 HL:48a5 SP:f795 IX:0000 IY:0000 Flags:00100010 [ba ca 4b]
==> 2244:  JP Z, 224bh         PC:2247 AF:6822 BC:2235 DE:2267 HL:48a5 SP:f795 IX:0000 IY:0000 Flags:00100010 [ca 4b 22]
==> 2247:  CP A, B             PC:2248 AF:6822 BC:2235 DE:2267 HL:48a5 SP:f795 IX:0000 IY:0000 Flags:00100010 [b8 c2 3c]
==> 2248:  JP NZ, 223ch        PC:223c AF:6822 BC:2235 DE:2267 HL:48a5 SP:f795 IX:0000 IY:0000 Flags:00100010 [c2 3c 22]
==> 223c:  INC HL              PC:223d AF:6822 BC:2235 DE:2267 HL:48a6 SP:f795 IX:0000 IY:0000 Flags:00100010 [23 7e 0c]
==> 223d:  LD A, (HL)          PC:223e AF:7422 BC:2235 DE:2267 HL:48a6 SP:f795 IX:0000 IY:0000 Flags:00100010 [7e 0c b7]
==> 223e:  INC C               PC:223f AF:7420 BC:2236 DE:2267 HL:48a6 SP:f795 IX:0000 IY:0000 Flags:00100000 [0c b7 ca]
==> 223f:  OR A, A             PC:2240 AF:7424 BC:2236 DE:2267 HL:48a6 SP:f795 IX:0000 IY:0000 Flags:00100100 [b7 ca 4b]
==> 2240:  JP Z, 224bh         PC:2243 AF:7424 BC:2236 DE:2267 HL:48a6 SP:f795 IX:0000 IY:0000 Flags:00100100 [ca 4b 22]
==> 2243:  CP A, D             PC:2244 AF:7422 BC:2236 DE:2267 HL:48a6 SP:f795 IX:0000 IY:0000 Flags:00100010 [ba ca 4b]
==> 2244:  JP Z, 224bh         PC:2247 AF:7422 BC:2236 DE:2267 HL:48a6 SP:f795 IX:0000 IY:0000 Flags:00100010 [ca 4b 22]
==> 2247:  CP A, B             PC:2248 AF:7422 BC:2236 DE:2267 HL:48a6 SP:f795 IX:0000 IY:0000 Flags:00100010 [b8 c2 3c]
==> 2248:  JP NZ, 223ch        PC:223c AF:7422 BC:2236 DE:2267 HL:48a6 SP:f795 IX:0000 IY:0000 Flags:00100010 [c2 3c 22]
==> 223c:  INC HL              PC:223d AF:7422 BC:2236 DE:2267 HL:48a7 SP:f795 IX:0000 IY:0000 Flags:00100010 [23 7e 0c]
==> 223d:  LD A, (HL)          PC:223e AF:2022 BC:2236 DE:2267 HL:48a7 SP:f795 IX:0000 IY:0000 Flags:00100010 [7e 0c b7]
==> 223e:  INC C               PC:223f AF:2020 BC:2237 DE:2267 HL:48a7 SP:f795 IX:0000 IY:0000 Flags:00100000 [0c b7 ca]
==> 223f:  OR A, A             PC:2240 AF:2020 BC:2237 DE:2267 HL:48a7 SP:f795 IX:0000 IY:0000 Flags:00100000 [b7 ca 4b]
==> 2240:  JP Z, 224bh         PC:2243 AF:2020 BC:2237 DE:2267 HL:48a7 SP:f795 IX:0000 IY:0000 Flags:00100000 [ca 4b 22]
==> 2243:  CP A, D             PC:2244 AF:20b3 BC:2237 DE:2267 HL:48a7 SP:f795 IX:0000 IY:0000 Flags:10110011 [ba ca 4b]
==> 2244:  JP Z, 224bh         PC:2247 AF:20b3 BC:2237 DE:2267 HL:48a7 SP:f795 IX:0000 IY:0000 Flags:10110011 [ca 4b 22]
==> 2247:  CP A, B             PC:2248 AF:20b3 BC:2237 DE:2267 HL:48a7 SP:f795 IX:0000 IY:0000 Flags:10110011 [b8 c2 3c]
==> 2248:  JP NZ, 223ch        PC:223c AF:20b3 BC:2237 DE:2267 HL:48a7 SP:f795 IX:0000 IY:0000 Flags:10110011 [c2 3c 22]
==> 223c:  INC HL              PC:223d AF:20b3 BC:2237 DE:2267 HL:48a8 SP:f795 IX:0000 IY:0000 Flags:10110011 [23 7e 0c]
==> 223d:  LD A, (HL)          PC:223e AF:31b3 BC:2237 DE:2267 HL:48a8 SP:f795 IX:0000 IY:0000 Flags:10110011 [7e 0c b7]
==> 223e:  INC C               PC:223f AF:3129 BC:2238 DE:2267 HL:48a8 SP:f795 IX:0000 IY:0000 Flags:00101001 [0c b7 ca]
==> 223f:  OR A, A             PC:2240 AF:3120 BC:2238 DE:2267 HL:48a8 SP:f795 IX:0000 IY:0000 Flags:00100000 [b7 ca 4b]
==> 2240:  JP Z, 224bh         PC:2243 AF:3120 BC:2238 DE:2267 HL:48a8 SP:f795 IX:0000 IY:0000 Flags:00100000 [ca 4b 22]
==> 2243:  CP A, D             PC:2244 AF:3132 BC:2238 DE:2267 HL:48a8 SP:f795 IX:0000 IY:0000 Flags:00110010 [ba ca 4b]
==> 2244:  JP Z, 224bh         PC:2247 AF:3132 BC:2238 DE:2267 HL:48a8 SP:f795 IX:0000 IY:0000 Flags:00110010 [ca 4b 22]
==> 2247:  CP A, B             PC:2248 AF:3132 BC:2238 DE:2267 HL:48a8 SP:f795 IX:0000 IY:0000 Flags:00110010 [b8 c2 3c]
==> 2248:  JP NZ, 223ch        PC:223c AF:3132 BC:2238 DE:2267 HL:48a8 SP:f795 IX:0000 IY:0000 Flags:00110010 [c2 3c 22]
==> 223c:  INC HL              PC:223d AF:3132 BC:2238 DE:2267 HL:48a9 SP:f795 IX:0000 IY:0000 Flags:00110010 [23 7e 0c]
==> 223d:  LD A, (HL)          PC:223e AF:3932 BC:2238 DE:2267 HL:48a9 SP:f795 IX:0000 IY:0000 Flags:00110010 [7e 0c b7]
==> 223e:  INC C               PC:223f AF:3928 BC:2239 DE:2267 HL:48a9 SP:f795 IX:0000 IY:0000 Flags:00101000 [0c b7 ca]
==> 223f:  OR A, A             PC:2240 AF:392c BC:2239 DE:2267 HL:48a9 SP:f795 IX:0000 IY:0000 Flags:00101100 [b7 ca 4b]
==> 2240:  JP Z, 224bh         PC:2243 AF:392c BC:2239 DE:2267 HL:48a9 SP:f795 IX:0000 IY:0000 Flags:00101100 [ca 4b 22]
==> 2243:  CP A, D             PC:2244 AF:3922 BC:2239 DE:2267 HL:48a9 SP:f795 IX:0000 IY:0000 Flags:00100010 [ba ca 4b]
==> 2244:  JP Z, 224bh         PC:2247 AF:3922 BC:2239 DE:2267 HL:48a9 SP:f795 IX:0000 IY:0000 Flags:00100010 [ca 4b 22]
==> 2247:  CP A, B             PC:2248 AF:3922 BC:2239 DE:2267 HL:48a9 SP:f795 IX:0000 IY:0000 Flags:00100010 [b8 c2 3c]
==> 2248:  JP NZ, 223ch        PC:223c AF:3922 BC:2239 DE:2267 HL:48a9 SP:f795 IX:0000 IY:0000 Flags:00100010 [c2 3c 22]
==> 223c:  INC HL              PC:223d AF:3922 BC:2239 DE:2267 HL:48aa SP:f795 IX:0000 IY:0000 Flags:00100010 [23 7e 0c]
==> 223d:  LD A, (HL)          PC:223e AF:3722 BC:2239 DE:2267 HL:48aa SP:f795 IX:0000 IY:0000 Flags:00100010 [7e 0c b7]
==> 223e:  INC C               PC:223f AF:3728 BC:223a DE:2267 HL:48aa SP:f795 IX:0000 IY:0000 Flags:00101000 [0c b7 ca]
==> 223f:  OR A, A             PC:2240 AF:3720 BC:223a DE:2267 HL:48aa SP:f795 IX:0000 IY:0000 Flags:00100000 [b7 ca 4b]
==> 2240:  JP Z, 224bh         PC:2243 AF:3720 BC:223a DE:2267 HL:48aa SP:f795 IX:0000 IY:0000 Flags:00100000 [ca 4b 22]
==> 2243:  CP A, D             PC:2244 AF:3722 BC:223a DE:2267 HL:48aa SP:f795 IX:0000 IY:0000 Flags:00100010 [ba ca 4b]
==> 2244:  JP Z, 224bh         PC:2247 AF:3722 BC:223a DE:2267 HL:48aa SP:f795 IX:0000 IY:0000 Flags:00100010 [ca 4b 22]
==> 2247:  CP A, B             PC:2248 AF:3722 BC:223a DE:2267 HL:48aa SP:f795 IX:0000 IY:0000 Flags:00100010 [b8 c2 3c]
==> 2248:  JP NZ, 223ch        PC:223c AF:3722 BC:223a DE:2267 HL:48aa SP:f795 IX:0000 IY:0000 Flags:00100010 [c2 3c 22]
==> 223c:  INC HL              PC:223d AF:3722 BC:223a DE:2267 HL:48ab SP:f795 IX:0000 IY:0000 Flags:00100010 [23 7e 0c]
==> 223d:  LD A, (HL)          PC:223e AF:3722 BC:223a DE:2267 HL:48ab SP:f795 IX:0000 IY:0000 Flags:00100010 [7e 0c b7]
==> 223e:  INC C               PC:223f AF:3728 BC:223b DE:2267 HL:48ab SP:f795 IX:0000 IY:0000 Flags:00101000 [0c b7 ca]
==> 223f:  OR A, A             PC:2240 AF:3720 BC:223b DE:2267 HL:48ab SP:f795 IX:0000 IY:0000 Flags:00100000 [b7 ca 4b]
==> 2240:  JP Z, 224bh         PC:2243 AF:3720 BC:223b DE:2267 HL:48ab SP:f795 IX:0000 IY:0000 Flags:00100000 [ca 4b 22]
==> 2243:  CP A, D             PC:2244 AF:3722 BC:223b DE:2267 HL:48ab SP:f795 IX:0000 IY:0000 Flags:00100010 [ba ca 4b]
==> 2244:  JP Z, 224bh         PC:2247 AF:3722 BC:223b DE:2267 HL:48ab SP:f795 IX:0000 IY:0000 Flags:00100010 [ca 4b 22]
==> 2247:  CP A, B             PC:2248 AF:3722 BC:223b DE:2267 HL:48ab SP:f795 IX:0000 IY:0000 Flags:00100010 [b8 c2 3c]
==> 2248:  JP NZ, 223ch        PC:223c AF:3722 BC:223b DE:2267 HL:48ab SP:f795 IX:0000 IY:0000 Flags:00100010 [c2 3c 22]
==> 223c:  INC HL              PC:223d AF:3722 BC:223b DE:2267 HL:48ac SP:f795 IX:0000 IY:0000 Flags:00100010 [23 7e 0c]
==> 223d:  LD A, (HL)          PC:223e AF:2022 BC:223b DE:2267 HL:48ac SP:f795 IX:0000 IY:0000 Flags:00100010 [7e 0c b7]
==> 223e:  INC C               PC:223f AF:2028 BC:223c DE:2267 HL:48ac SP:f795 IX:0000 IY:0000 Flags:00101000 [0c b7 ca]
==> 223f:  OR A, A             PC:2240 AF:2020 BC:223c DE:2267 HL:48ac SP:f795 IX:0000 IY:0000 Flags:00100000 [b7 ca 4b]
==> 2240:  JP Z, 224bh         PC:2243 AF:2020 BC:223c DE:2267 HL:48ac SP:f795 IX:0000 IY:0000 Flags:00100000 [ca 4b 22]
==> 2243:  CP A, D             PC:2244 AF:20b3 BC:223c DE:2267 HL:48ac SP:f795 IX:0000 IY:0000 Flags:10110011 [ba ca 4b]
==> 2244:  JP Z, 224bh         PC:2247 AF:20b3 BC:223c DE:2267 HL:48ac SP:f795 IX:0000 IY:0000 Flags:10110011 [ca 4b 22]
==> 2247:  CP A, B             PC:2248 AF:20b3 BC:223c DE:2267 HL:48ac SP:f795 IX:0000 IY:0000 Flags:10110011 [b8 c2 3c]
==> 2248:  JP NZ, 223ch        PC:223c AF:20b3 BC:223c DE:2267 HL:48ac SP:f795 IX:0000 IY:0000 Flags:10110011 [c2 3c 22]
==> 223c:  INC HL              PC:223d AF:20b3 BC:223c DE:2267 HL:48ad SP:f795 IX:0000 IY:0000 Flags:10110011 [23 7e 0c]
==> 223d:  LD A, (HL)          PC:223e AF:28b3 BC:223c DE:2267 HL:48ad SP:f795 IX:0000 IY:0000 Flags:10110011 [7e 0c b7]
==> 223e:  INC C               PC:223f AF:2829 BC:223d DE:2267 HL:48ad SP:f795 IX:0000 IY:0000 Flags:00101001 [0c b7 ca]
==> 223f:  OR A, A             PC:2240 AF:282c BC:223d DE:2267 HL:48ad SP:f795 IX:0000 IY:0000 Flags:00101100 [b7 ca 4b]
==> 2240:  JP Z, 224bh         PC:2243 AF:282c BC:223d DE:2267 HL:48ad SP:f795 IX:0000 IY:0000 Flags:00101100 [ca 4b 22]
==> 2243:  CP A, D             PC:2244 AF:2822 BC:223d DE:2267 HL:48ad SP:f795 IX:0000 IY:0000 Flags:00100010 [ba ca 4b]
==> 2244:  JP Z, 224bh         PC:2247 AF:2822 BC:223d DE:2267 HL:48ad SP:f795 IX:0000 IY:0000 Flags:00100010 [ca 4b 22]
==> 2247:  CP A, B             PC:2248 AF:2822 BC:223d DE:2267 HL:48ad SP:f795 IX:0000 IY:0000 Flags:00100010 [b8 c2 3c]
==> 2248:  JP NZ, 223ch        PC:223c AF:2822 BC:223d DE:2267 HL:48ad SP:f795 IX:0000 IY:0000 Flags:00100010 [c2 3c 22]
==> 223c:  INC HL              PC:223d AF:2822 BC:223d DE:2267 HL:48ae SP:f795 IX:0000 IY:0000 Flags:00100010 [23 7e 0c]
==> 223d:  LD A, (HL)          PC:223e AF:4322 BC:223d DE:2267 HL:48ae SP:f795 IX:0000 IY:0000 Flags:00100010 [7e 0c b7]
==> 223e:  INC C               PC:223f AF:4328 BC:223e DE:2267 HL:48ae SP:f795 IX:0000 IY:0000 Flags:00101000 [0c b7 ca]
==> 223f:  OR A, A             PC:2240 AF:4300 BC:223e DE:2267 HL:48ae SP:f795 IX:0000 IY:0000 Flags:00000000 [b7 ca 4b]
==> 2240:  JP Z, 224bh         PC:2243 AF:4300 BC:223e DE:2267 HL:48ae SP:f795 IX:0000 IY:0000 Flags:00000000 [ca 4b 22]
==> 2243:  CP A, D             PC:2244 AF:4322 BC:223e DE:2267 HL:48ae SP:f795 IX:0000 IY:0000 Flags:00100010 [ba ca 4b]
==> 2244:  JP Z, 224bh         PC:2247 AF:4322 BC:223e DE:2267 HL:48ae SP:f795 IX:0000 IY:0000 Flags:00100010 [ca 4b 22]
==> 2247:  CP A, B             PC:2248 AF:4322 BC:223e DE:2267 HL:48ae SP:f795 IX:0000 IY:0000 Flags:00100010 [b8 c2 3c]
==> 2248:  JP NZ, 223ch        PC:223c AF:4322 BC:223e DE:2267 HL:48ae SP:f795 IX:0000 IY:0000 Flags:00100010 [c2 3c 22]
==> 223c:  INC HL              PC:223d AF:4322 BC:223e DE:2267 HL:48af SP:f795 IX:0000 IY:0000 Flags:00100010 [23 7e 0c]
==> 223d:  LD A, (HL)          PC:223e AF:2922 BC:223e DE:2267 HL:48af SP:f795 IX:0000 IY:0000 Flags:00100010 [7e 0c b7]
==> 223e:  INC C               PC:223f AF:2928 BC:223f DE:2267 HL:48af SP:f795 IX:0000 IY:0000 Flags:00101000 [0c b7 ca]
==> 223f:  OR A, A             PC:2240 AF:2928 BC:223f DE:2267 HL:48af SP:f795 IX:0000 IY:0000 Flags:00101000 [b7 ca 4b]
==> 2240:  JP Z, 224bh         PC:2243 AF:2928 BC:223f DE:2267 HL:48af SP:f795 IX:0000 IY:0000 Flags:00101000 [ca 4b 22]
==> 2243:  CP A, D             PC:2244 AF:2922 BC:223f DE:2267 HL:48af SP:f795 IX:0000 IY:0000 Flags:00100010 [ba ca 4b]
==> 2244:  JP Z, 224bh         PC:2247 AF:2922 BC:223f DE:2267 HL:48af SP:f795 IX:0000 IY:0000 Flags:00100010 [ca 4b 22]
==> 2247:  CP A, B             PC:2248 AF:2922 BC:223f DE:2267 HL:48af SP:f795 IX:0000 IY:0000 Flags:00100010 [b8 c2 3c]
==> 2248:  JP NZ, 223ch        PC:223c AF:2922 BC:223f DE:2267 HL:48af SP:f795 IX:0000 IY:0000 Flags:00100010 [c2 3c 22]
==> 223c:  INC HL              PC:223d AF:2922 BC:223f DE:2267 HL:48b0 SP:f795 IX:0000 IY:0000 Flags:00100010 [23 7e 0c]
==> 223d:  LD A, (HL)          PC:223e AF:2022 BC:223f DE:2267 HL:48b0 SP:f795 IX:0000 IY:0000 Flags:00100010 [7e 0c b7]
==> 223e:  INC C               PC:223f AF:2010 BC:2240 DE:2267 HL:48b0 SP:f795 IX:0000 IY:0000 Flags:00010000 [0c b7 ca]
==> 223f:  OR A, A             PC:2240 AF:2020 BC:2240 DE:2267 HL:48b0 SP:f795 IX:0000 IY:0000 Flags:00100000 [b7 ca 4b]
==> 2240:  JP Z, 224bh         PC:2243 AF:2020 BC:2240 DE:2267 HL:48b0 SP:f795 IX:0000 IY:0000 Flags:00100000 [ca 4b 22]
==> 2243:  CP A, D             PC:2244 AF:20b3 BC:2240 DE:2267 HL:48b0 SP:f795 IX:0000 IY:0000 Flags:10110011 [ba ca 4b]
==> 2244:  JP Z, 224bh         PC:2247 AF:20b3 BC:2240 DE:2267 HL:48b0 SP:f795 IX:0000 IY:0000 Flags:10110011 [ca 4b 22]
==> 2247:  CP A, B             PC:2248 AF:20b3 BC:2240 DE:2267 HL:48b0 SP:f795 IX:0000 IY:0000 Flags:10110011 [b8 c2 3c]
==> 2248:  JP NZ, 223ch        PC:223c AF:20b3 BC:2240 DE:2267 HL:48b0 SP:f795 IX:0000 IY:0000 Flags:10110011 [c2 3c 22]
==> 223c:  INC HL              PC:223d AF:20b3 BC:2240 DE:2267 HL:48b1 SP:f795 IX:0000 IY:0000 Flags:10110011 [23 7e 0c]
==> 223d:  LD A, (HL)          PC:223e AF:62b3 BC:2240 DE:2267 HL:48b1 SP:f795 IX:0000 IY:0000 Flags:10110011 [7e 0c b7]
==> 223e:  INC C               PC:223f AF:6201 BC:2241 DE:2267 HL:48b1 SP:f795 IX:0000 IY:0000 Flags:00000001 [0c b7 ca]
==> 223f:  OR A, A             PC:2240 AF:6220 BC:2241 DE:2267 HL:48b1 SP:f795 IX:0000 IY:0000 Flags:00100000 [b7 ca 4b]
==> 2240:  JP Z, 224bh         PC:2243 AF:6220 BC:2241 DE:2267 HL:48b1 SP:f795 IX:0000 IY:0000 Flags:00100000 [ca 4b 22]
==> 2243:  CP A, D             PC:2244 AF:6222 BC:2241 DE:2267 HL:48b1 SP:f795 IX:0000 IY:0000 Flags:00100010 [ba ca 4b]
==> 2244:  JP Z, 224bh         PC:2247 AF:6222 BC:2241 DE:2267 HL:48b1 SP:f795 IX:0000 IY:0000 Flags:00100010 [ca 4b 22]
==> 2247:  CP A, B             PC:2248 AF:6222 BC:2241 DE:2267 HL:48b1 SP:f795 IX:0000 IY:0000 Flags:00100010 [b8 c2 3c]
==> 2248:  JP NZ, 223ch        PC:223c AF:6222 BC:2241 DE:2267 HL:48b1 SP:f795 IX:0000 IY:0000 Flags:00100010 [c2 3c 22]
==> 223c:  INC HL              PC:223d AF:6222 BC:2241 DE:2267 HL:48b2 SP:f795 IX:0000 IY:0000 Flags:00100010 [23 7e 0c]
==> 223d:  LD A, (HL)          PC:223e AF:7922 BC:2241 DE:2267 HL:48b2 SP:f795 IX:0000 IY:0000 Flags:00100010 [7e 0c b7]
==> 223e:  INC C               PC:223f AF:7900 BC:2242 DE:2267 HL:48b2 SP:f795 IX:0000 IY:0000 Flags:00000000 [0c b7 ca]
==> 223f:  OR A, A             PC:2240 AF:7928 BC:2242 DE:2267 HL:48b2 SP:f795 IX:0000 IY:0000 Flags:00101000 [b7 ca 4b]
==> 2240:  JP Z, 224bh         PC:2243 AF:7928 BC:2242 DE:2267 HL:48b2 SP:f795 IX:0000 IY:0000 Flags:00101000 [ca 4b 22]
==> 2243:  CP A, D             PC:2244 AF:7922 BC:2242 DE:2267 HL:48b2 SP:f795 IX:0000 IY:0000 Flags:00100010 [ba ca 4b]
==> 2244:  JP Z, 224bh         PC:2247 AF:7922 BC:2242 DE:2267 HL:48b2 SP:f795 IX:0000 IY:0000 Flags:00100010 [ca 4b 22]
==> 2247:  CP A, B             PC:2248 AF:7922 BC:2242 DE:2267 HL:48b2 SP:f795 IX:0000 IY:0000 Flags:00100010 [b8 c2 3c]
==> 2248:  JP NZ, 223ch        PC:223c AF:7922 BC:2242 DE:2267 HL:48b2 SP:f795 IX:0000 IY:0000 Flags:00100010 [c2 3c 22]
==> 223c:  INC HL              PC:223d AF:7922 BC:2242 DE:2267 HL:48b3 SP:f795 IX:0000 IY:0000 Flags:00100010 [23 7e 0c]
==> 223d:  LD A, (HL)          PC:223e AF:2022 BC:2242 DE:2267 HL:48b3 SP:f795 IX:0000 IY:0000 Flags:00100010 [7e 0c b7]
==> 223e:  INC C               PC:223f AF:2000 BC:2243 DE:2267 HL:48b3 SP:f795 IX:0000 IY:0000 Flags:00000000 [0c b7 ca]
==> 223f:  OR A, A             PC:2240 AF:2020 BC:2243 DE:2267 HL:48b3 SP:f795 IX:0000 IY:0000 Flags:00100000 [b7 ca 4b]
==> 2240:  JP Z, 224bh         PC:2243 AF:2020 BC:2243 DE:2267 HL:48b3 SP:f795 IX:0000 IY:0000 Flags:00100000 [ca 4b 22]
==> 2243:  CP A, D             PC:2244 AF:20b3 BC:2243 DE:2267 HL:48b3 SP:f795 IX:0000 IY:0000 Flags:10110011 [ba ca 4b]
==> 2244:  JP Z, 224bh         PC:2247 AF:20b3 BC:2243 DE:2267 HL:48b3 SP:f795 IX:0000 IY:0000 Flags:10110011 [ca 4b 22]
==> 2247:  CP A, B             PC:2248 AF:20b3 BC:2243 DE:2267 HL:48b3 SP:f795 IX:0000 IY:0000 Flags:10110011 [b8 c2 3c]
==> 2248:  JP NZ, 223ch        PC:223c AF:20b3 BC:2243 DE:2267 HL:48b3 SP:f795 IX:0000 IY:0000 Flags:10110011 [c2 3c 22]
==> 223c:  INC HL              PC:223d AF:20b3 BC:2243 DE:2267 HL:48b4 SP:f795 IX:0000 IY:0000 Flags:10110011 [23 7e 0c]
==> 223d:  LD A, (HL)          PC:223e AF:4db3 BC:2243 DE:2267 HL:48b4 SP:f795 IX:0000 IY:0000 Flags:10110011 [7e 0c b7]
==> 223e:  INC C               PC:223f AF:4d01 BC:2244 DE:2267 HL:48b4 SP:f795 IX:0000 IY:0000 Flags:00000001 [0c b7 ca]
==> 223f:  OR A, A             PC:2240 AF:4d0c BC:2244 DE:2267 HL:48b4 SP:f795 IX:0000 IY:0000 Flags:00001100 [b7 ca 4b]
==> 2240:  JP Z, 224bh         PC:2243 AF:4d0c BC:2244 DE:2267 HL:48b4 SP:f795 IX:0000 IY:0000 Flags:00001100 [ca 4b 22]
==> 2243:  CP A, D             PC:2244 AF:4d22 BC:2244 DE:2267 HL:48b4 SP:f795 IX:0000 IY:0000 Flags:00100010 [ba ca 4b]
==> 2244:  JP Z, 224bh         PC:2247 AF:4d22 BC:2244 DE:2267 HL:48b4 SP:f795 IX:0000 IY:0000 Flags:00100010 [ca 4b 22]
==> 2247:  CP A, B             PC:2248 AF:4d22 BC:2244 DE:2267 HL:48b4 SP:f795 IX:0000 IY:0000 Flags:00100010 [b8 c2 3c]
==> 2248:  JP NZ, 223ch        PC:223c AF:4d22 BC:2244 DE:2267 HL:48b4 SP:f795 IX:0000 IY:0000 Flags:00100010 [c2 3c 22]
==> 223c:  INC HL              PC:223d AF:4d22 BC:2244 DE:2267 HL:48b5 SP:f795 IX:0000 IY:0000 Flags:00100010 [23 7e 0c]
==> 223d:  LD A, (HL)          PC:223e AF:6922 BC:2244 DE:2267 HL:48b5 SP:f795 IX:0000 IY:0000 Flags:00100010 [7e 0c b7]
==> 223e:  INC C               PC:223f AF:6900 BC:2245 DE:2267 HL:48b5 SP:f795 IX:0000 IY:0000 Flags:00000000 [0c b7 ca]
==> 223f:  OR A, A             PC:2240 AF:692c BC:2245 DE:2267 HL:48b5 SP:f795 IX:0000 IY:0000 Flags:00101100 [b7 ca 4b]
==> 2240:  JP Z, 224bh         PC:2243 AF:692c BC:2245 DE:2267 HL:48b5 SP:f795 IX:0000 IY:0000 Flags:00101100 [ca 4b 22]
==> 2243:  CP A, D             PC:2244 AF:6922 BC:2245 DE:2267 HL:48b5 SP:f795 IX:0000 IY:0000 Flags:00100010 [ba ca 4b]
==> 2244:  JP Z, 224bh         PC:2247 AF:6922 BC:2245 DE:2267 HL:48b5 SP:f795 IX:0000 IY:0000 Flags:00100010 [ca 4b 22]
==> 2247:  CP A, B             PC:2248 AF:6922 BC:2245 DE:2267 HL:48b5 SP:f795 IX:0000 IY:0000 Flags:00100010 [b8 c2 3c]
==> 2248:  JP NZ, 223ch        PC:223c AF:6922 BC:2245 DE:2267 HL:48b5 SP:f795 IX:0000 IY:0000 Flags:00100010 [c2 3c 22]
==> 223c:  INC HL              PC:223d AF:6922 BC:2245 DE:2267 HL:48b6 SP:f795 IX:0000 IY:0000 Flags:00100010 [23 7e 0c]
==> 223d:  LD A, (HL)          PC:223e AF:6322 BC:2245 DE:2267 HL:48b6 SP:f795 IX:0000 IY:0000 Flags:00100010 [7e 0c b7]
==> 223e:  INC C               PC:223f AF:6300 BC:2246 DE:2267 HL:48b6 SP:f795 IX:0000 IY:0000 Flags:00000000 [0c b7 ca]
==> 223f:  OR A, A             PC:2240 AF:6324 BC:2246 DE:2267 HL:48b6 SP:f795 IX:0000 IY:0000 Flags:00100100 [b7 ca 4b]
==> 2240:  JP Z, 224bh         PC:2243 AF:6324 BC:2246 DE:2267 HL:48b6 SP:f795 IX:0000 IY:0000 Flags:00100100 [ca 4b 22]
==> 2243:  CP A, D             PC:2244 AF:6322 BC:2246 DE:2267 HL:48b6 SP:f795 IX:0000 IY:0000 Flags:00100010 [ba ca 4b]
==> 2244:  JP Z, 224bh         PC:2247 AF:6322 BC:2246 DE:2267 HL:48b6 SP:f795 IX:0000 IY:0000 Flags:00100010 [ca 4b 22]
==> 2247:  CP A, B             PC:2248 AF:6322 BC:2246 DE:2267 HL:48b6 SP:f795 IX:0000 IY:0000 Flags:00100010 [b8 c2 3c]
==> 2248:  JP NZ, 223ch        PC:223c AF:6322 BC:2246 DE:2267 HL:48b6 SP:f795 IX:0000 IY:0000 Flags:00100010 [c2 3c 22]
==> 223c:  INC HL              PC:223d AF:6322 BC:2246 DE:2267 HL:48b7 SP:f795 IX:0000 IY:0000 Flags:00100010 [23 7e 0c]
==> 223d:  LD A, (HL)          PC:223e AF:7222 BC:2246 DE:2267 HL:48b7 SP:f795 IX:0000 IY:0000 Flags:00100010 [7e 0c b7]
==> 223e:  INC C               PC:223f AF:7200 BC:2247 DE:2267 HL:48b7 SP:f795 IX:0000 IY:0000 Flags:00000000 [0c b7 ca]
==> 223f:  OR A, A             PC:2240 AF:7224 BC:2247 DE:2267 HL:48b7 SP:f795 IX:0000 IY:0000 Flags:00100100 [b7 ca 4b]
==> 2240:  JP Z, 224bh         PC:2243 AF:7224 BC:2247 DE:2267 HL:48b7 SP:f795 IX:0000 IY:0000 Flags:00100100 [ca 4b 22]
==> 2243:  CP A, D             PC:2244 AF:7222 BC:2247 DE:2267 HL:48b7 SP:f795 IX:0000 IY:0000 Flags:00100010 [ba ca 4b]
==> 2244:  JP Z, 224bh         PC:2247 AF:7222 BC:2247 DE:2267 HL:48b7 SP:f795 IX:0000 IY:0000 Flags:00100010 [ca 4b 22]
==> 2247:  CP A, B             PC:2248 AF:7222 BC:2247 DE:2267 HL:48b7 SP:f795 IX:0000 IY:0000 Flags:00100010 [b8 c2 3c]
==> 2248:  JP NZ, 223ch        PC:223c AF:7222 BC:2247 DE:2267 HL:48b7 SP:f795 IX:0000 IY:0000 Flags:00100010 [c2 3c 22]
==> 223c:  INC HL              PC:223d AF:7222 BC:2247 DE:2267 HL:48b8 SP:f795 IX:0000 IY:0000 Flags:00100010 [23 7e 0c]
==> 223d:  LD A, (HL)          PC:223e AF:6f22 BC:2247 DE:2267 HL:48b8 SP:f795 IX:0000 IY:0000 Flags:00100010 [7e 0c b7]
==> 223e:  INC C               PC:223f AF:6f08 BC:2248 DE:2267 HL:48b8 SP:f795 IX:0000 IY:0000 Flags:00001000 [0c b7 ca]
==> 223f:  OR A, A             PC:2240 AF:6f2c BC:2248 DE:2267 HL:48b8 SP:f795 IX:0000 IY:0000 Flags:00101100 [b7 ca 4b]
==> 2240:  JP Z, 224bh         PC:2243 AF:6f2c BC:2248 DE:2267 HL:48b8 SP:f795 IX:0000 IY:0000 Flags:00101100 [ca 4b 22]
==> 2243:  CP A, D             PC:2244 AF:6f22 BC:2248 DE:2267 HL:48b8 SP:f795 IX:0000 IY:0000 Flags:00100010 [ba ca 4b]
==> 2244:  JP Z, 224bh         PC:2247 AF:6f22 BC:2248 DE:2267 HL:48b8 SP:f795 IX:0000 IY:0000 Flags:00100010 [ca 4b 22]
==> 2247:  CP A, B             PC:2248 AF:6f22 BC:2248 DE:2267 HL:48b8 SP:f795 IX:0000 IY:0000 Flags:00100010 [b8 c2 3c]
==> 2248:  JP NZ, 223ch        PC:223c AF:6f22 BC:2248 DE:2267 HL:48b8 SP:f795 IX:0000 IY:0000 Flags:00100010 [c2 3c 22]
==> 223c:  INC HL              PC:223d AF:6f22 BC:2248 DE:2267 HL:48b9 SP:f795 IX:0000 IY:0000 Flags:00100010 [23 7e 0c]
==> 223d:  LD A, (HL)          PC:223e AF:7322 BC:2248 DE:2267 HL:48b9 SP:f795 IX:0000 IY:0000 Flags:00100010 [7e 0c b7]
==> 223e:  INC C               PC:223f AF:7308 BC:2249 DE:2267 HL:48b9 SP:f795 IX:0000 IY:0000 Flags:00001000 [0c b7 ca]
==> 223f:  OR A, A             PC:2240 AF:7320 BC:2249 DE:2267 HL:48b9 SP:f795 IX:0000 IY:0000 Flags:00100000 [b7 ca 4b]
==> 2240:  JP Z, 224bh         PC:2243 AF:7320 BC:2249 DE:2267 HL:48b9 SP:f795 IX:0000 IY:0000 Flags:00100000 [ca 4b 22]
==> 2243:  CP A, D             PC:2244 AF:7322 BC:2249 DE:2267 HL:48b9 SP:f795 IX:0000 IY:0000 Flags:00100010 [ba ca 4b]
==> 2244:  JP Z, 224bh         PC:2247 AF:7322 BC:2249 DE:2267 HL:48b9 SP:f795 IX:0000 IY:0000 Flags:00100010 [ca 4b 22]
==> 2247:  CP A, B             PC:2248 AF:7322 BC:2249 DE:2267 HL:48b9 SP:f795 IX:0000 IY:0000 Flags:00100010 [b8 c2 3c]
==> 2248:  JP NZ, 223ch        PC:223c AF:7322 BC:2249 DE:2267 HL:48b9 SP:f795 IX:0000 IY:0000 Flags:00100010 [c2 3c 22]
==> 223c:  INC HL              PC:223d AF:7322 BC:2249 DE:2267 HL:48ba SP:f795 IX:0000 IY:0000 Flags:00100010 [23 7e 0c]
==> 223d:  LD A, (HL)          PC:223e AF:6f22 BC:2249 DE:2267 HL:48ba SP:f795 IX:0000 IY:0000 Flags:00100010 [7e 0c b7]
==> 223e:  INC C               PC:223f AF:6f08 BC:224a DE:2267 HL:48ba SP:f795 IX:0000 IY:0000 Flags:00001000 [0c b7 ca]
==> 223f:  OR A, A             PC:2240 AF:6f2c BC:224a DE:2267 HL:48ba SP:f795 IX:0000 IY:0000 Flags:00101100 [b7 ca 4b]
==> 2240:  JP Z, 224bh         PC:2243 AF:6f2c BC:224a DE:2267 HL:48ba SP:f795 IX:0000 IY:0000 Flags:00101100 [ca 4b 22]
==> 2243:  CP A, D             PC:2244 AF:6f22 BC:224a DE:2267 HL:48ba SP:f795 IX:0000 IY:0000 Flags:00100010 [ba ca 4b]
==> 2244:  JP Z, 224bh         PC:2247 AF:6f22 BC:224a DE:2267 HL:48ba SP:f795 IX:0000 IY:0000 Flags:00100010 [ca 4b 22]
==> 2247:  CP A, B             PC:2248 AF:6f22 BC:224a DE:2267 HL:48ba SP:f795 IX:0000 IY:0000 Flags:00100010 [b8 c2 3c]
==> 2248:  JP NZ, 223ch        PC:223c AF:6f22 BC:224a DE:2267 HL:48ba SP:f795 IX:0000 IY:0000 Flags:00100010 [c2 3c 22]
==> 223c:  INC HL              PC:223d AF:6f22 BC:224a DE:2267 HL:48bb SP:f795 IX:0000 IY:0000 Flags:00100010 [23 7e 0c]
==> 223d:  LD A, (HL)          PC:223e AF:6622 BC:224a DE:2267 HL:48bb SP:f795 IX:0000 IY:0000 Flags:00100010 [7e 0c b7]
==> 223e:  INC C               PC:223f AF:6608 BC:224b DE:2267 HL:48bb SP:f795 IX:0000 IY:0000 Flags:00001000 [0c b7 ca]
==> 223f:  OR A, A             PC:2240 AF:6624 BC:224b DE:2267 HL:48bb SP:f795 IX:0000 IY:0000 Flags:00100100 [b7 ca 4b]
==> 2240:  JP Z, 224bh         PC:2243 AF:6624 BC:224b DE:2267 HL:48bb SP:f795 IX:0000 IY:0000 Flags:00100100 [ca 4b 22]
==> 2243:  CP A, D             PC:2244 AF:6622 BC:224b DE:2267 HL:48bb SP:f795 IX:0000 IY:0000 Flags:00100010 [ba ca 4b]
==> 2244:  JP Z, 224bh         PC:2247 AF:6622 BC:224b DE:2267 HL:48bb SP:f795 IX:0000 IY:0000 Flags:00100010 [ca 4b 22]
==> 2247:  CP A, B             PC:2248 AF:6622 BC:224b DE:2267 HL:48bb SP:f795 IX:0000 IY:0000 Flags:00100010 [b8 c2 3c]
==> 2248:  JP NZ, 223ch        PC:223c AF:6622 BC:224b DE:2267 HL:48bb SP:f795 IX:0000 IY:0000 Flags:00100010 [c2 3c 22]
==> 223c:  INC HL              PC:223d AF:6622 BC:224b DE:2267 HL:48bc SP:f795 IX:0000 IY:0000 Flags:00100010 [23 7e 0c]
==> 223d:  LD A, (HL)          PC:223e AF:7422 BC:224b DE:2267 HL:48bc SP:f795 IX:0000 IY:0000 Flags:00100010 [7e 0c b7]
==> 223e:  INC C               PC:223f AF:7408 BC:224c DE:2267 HL:48bc SP:f795 IX:0000 IY:0000 Flags:00001000 [0c b7 ca]
==> 223f:  OR A, A             PC:2240 AF:7424 BC:224c DE:2267 HL:48bc SP:f795 IX:0000 IY:0000 Flags:00100100 [b7 ca 4b]
==> 2240:  JP Z, 224bh         PC:2243 AF:7424 BC:224c DE:2267 HL:48bc SP:f795 IX:0000 IY:0000 Flags:00100100 [ca 4b 22]
==> 2243:  CP A, D             PC:2244 AF:7422 BC:224c DE:2267 HL:48bc SP:f795 IX:0000 IY:0000 Flags:00100010 [ba ca 4b]
==> 2244:  JP Z, 224bh         PC:2247 AF:7422 BC:224c DE:2267 HL:48bc SP:f795 IX:0000 IY:0000 Flags:00100010 [ca 4b 22]
==> 2247:  CP A, B             PC:2248 AF:7422 BC:224c DE:2267 HL:48bc SP:f795 IX:0000 IY:0000 Flags:00100010 [b8 c2 3c]
==> 2248:  JP NZ, 223ch        PC:223c AF:7422 BC:224c DE:2267 HL:48bc SP:f795 IX:0000 IY:0000 Flags:00100010 [c2 3c 22]
==> 223c:  INC HL              PC:223d AF:7422 BC:224c DE:2267 HL:48bd SP:f795 IX:0000 IY:0000 Flags:00100010 [23 7e 0c]
==> 223d:  LD A, (HL)          PC:223e AF:0d22 BC:224c DE:2267 HL:48bd SP:f795 IX:0000 IY:0000 Flags:00100010 [7e 0c b7]
==> 223e:  INC C               PC:223f AF:0d08 BC:224d DE:2267 HL:48bd SP:f795 IX:0000 IY:0000 Flags:00001000 [0c b7 ca]
==> 223f:  OR A, A             PC:2240 AF:0d08 BC:224d DE:2267 HL:48bd SP:f795 IX:0000 IY:0000 Flags:00001000 [b7 ca 4b]
==> 2240:  JP Z, 224bh         PC:2243 AF:0d08 BC:224d DE:2267 HL:48bd SP:f795 IX:0000 IY:0000 Flags:00001000 [ca 4b 22]
==> 2243:  CP A, D             PC:2244 AF:0da3 BC:224d DE:2267 HL:48bd SP:f795 IX:0000 IY:0000 Flags:10100011 [ba ca 4b]
==> 2244:  JP Z, 224bh         PC:2247 AF:0da3 BC:224d DE:2267 HL:48bd SP:f795 IX:0000 IY:0000 Flags:10100011 [ca 4b 22]
==> 2247:  CP A, B             PC:2248 AF:0da3 BC:224d DE:2267 HL:48bd SP:f795 IX:0000 IY:0000 Flags:10100011 [b8 c2 3c]
==> 2248:  JP NZ, 223ch        PC:223c AF:0da3 BC:224d DE:2267 HL:48bd SP:f795 IX:0000 IY:0000 Flags:10100011 [c2 3c 22]
==> 223c:  INC HL              PC:223d AF:0da3 BC:224d DE:2267 HL:48be SP:f795 IX:0000 IY:0000 Flags:10100011 [23 7e 0c]
==> 223d:  LD A, (HL)          PC:223e AF:0aa3 BC:224d DE:2267 HL:48be SP:f795 IX:0000 IY:0000 Flags:10100011 [7e 0c b7]
==> 223e:  INC C               PC:223f AF:0a09 BC:224e DE:2267 HL:48be SP:f795 IX:0000 IY:0000 Flags:00001001 [0c b7 ca]
==> 223f:  OR A, A             PC:2240 AF:0a0c BC:224e DE:2267 HL:48be SP:f795 IX:0000 IY:0000 Flags:00001100 [b7 ca 4b]
==> 2240:  JP Z, 224bh         PC:2243 AF:0a0c BC:224e DE:2267 HL:48be SP:f795 IX:0000 IY:0000 Flags:00001100 [ca 4b 22]
==> 2243:  CP A, D             PC:2244 AF:0aa3 BC:224e DE:2267 HL:48be SP:f795 IX:0000 IY:0000 Flags:10100011 [ba ca 4b]
==> 2244:  JP Z, 224bh         PC:2247 AF:0aa3 BC:224e DE:2267 HL:48be SP:f795 IX:0000 IY:0000 Flags:10100011 [ca 4b 22]
==> 2247:  CP A, B             PC:2248 AF:0aa3 BC:224e DE:2267 HL:48be SP:f795 IX:0000 IY:0000 Flags:10100011 [b8 c2 3c]
==> 2248:  JP NZ, 223ch        PC:223c AF:0aa3 BC:224e DE:2267 HL:48be SP:f795 IX:0000 IY:0000 Flags:10100011 [c2 3c 22]
==> 223c:  INC HL              PC:223d AF:0aa3 BC:224e DE:2267 HL:48bf SP:f795 IX:0000 IY:0000 Flags:10100011 [23 7e 0c]
==> 223d:  LD A, (HL)          PC:223e AF:00a3 BC:224e DE:2267 HL:48bf SP:f795 IX:0000 IY:0000 Flags:10100011 [7e 0c b7]
==> 223e:  INC C               PC:223f AF:0009 BC:224f DE:2267 HL:48bf SP:f795 IX:0000 IY:0000 Flags:00001001 [0c b7 ca]
==> 223f:  OR A, A             PC:2240 AF:0044 BC:224f DE:2267 HL:48bf SP:f795 IX:0000 IY:0000 Flags:01000100 [b7 ca 4b]
==> 2240:  JP Z, 224bh         PC:224b AF:0044 BC:224f DE:2267 HL:48bf SP:f795 IX:0000 IY:0000 Flags:01000100 [ca 4b 22]
==> 224b:  CP A, 22h           PC:224d AF:00b3 BC:224f DE:2267 HL:48bf SP:f795 IX:0000 IY:0000 Flags:10110011 [fe 22 cc]
==> 224d:  CALL Z, 12abh       PC:2250 AF:00b3 BC:224f DE:2267 HL:48bf SP:f795 IX:0000 IY:0000 Flags:10110011 [cc ab 12]
==> 2250:  EX (SP), HL         PC:2251 AF:00b3 BC:224f DE:2267 HL:486f SP:f795 IX:0000 IY:0000 Flags:10110011 [e3 23 eb]
==> 2251:  INC HL              PC:2252 AF:00b3 BC:224f DE:2267 HL:4870 SP:f795 IX:0000 IY:0000 Flags:10110011 [23 eb 79]
==> 2252:  EX DE, HL           PC:2253 AF:00b3 BC:224f DE:4870 HL:2267 SP:f795 IX:0000 IY:0000 Flags:10110011 [eb 79 cd]
==> 2253:  LD A, C             PC:2254 AF:4fb3 BC:224f DE:4870 HL:2267 SP:f795 IX:0000 IY:0000 Flags:10110011 [79 cd 2a]
==> 2254:  CALL 222ah          PC:222a AF:4fb3 BC:224f DE:4870 HL:2267 SP:f793 IX:0000 IY:0000 Flags:10110011 [cd 2a 22]
==> 222a:  LD HL, 0a02h        PC:222d AF:4fb3 BC:224f DE:4870 HL:0a02 SP:f793 IX:0000 IY:0000 Flags:10110011 [21 02 0a]
==> 222d:  PUSH HL             PC:222e AF:4fb3 BC:224f DE:4870 HL:0a02 SP:f791 IX:0000 IY:0000 Flags:10110011 [e5 77 23]
==> 222e:  LD (HL), A          PC:222f AF:4fb3 BC:224f DE:4870 HL:0a02 SP:f791 IX:0000 IY:0000 Flags:10110011 [77 23 73]
==> 222f:  INC HL              PC:2230 AF:4fb3 BC:224f DE:4870 HL:0a03 SP:f791 IX:0000 IY:0000 Flags:10110011 [23 73 23]
==> 2230:  LD (HL), E          PC:2231 AF:4fb3 BC:224f DE:4870 HL:0a03 SP:f791 IX:0000 IY:0000 Flags:10110011 [73 23 72]
==> 2231:  INC HL              PC:2232 AF:4fb3 BC:224f DE:4870 HL:0a04 SP:f791 IX:0000 IY:0000 Flags:10110011 [23 72 e1]
==> 2232:  LD (HL), D          PC:2233 AF:4fb3 BC:224f DE:4870 HL:0a04 SP:f791 IX:0000 IY:0000 Flags:10110011 [72 e1 c9]
==> 2233:  POP HL              PC:2234 AF:4fb3 BC:224f DE:4870 HL:0a02 SP:f793 IX:0000 IY:0000 Flags:10110011 [e1 c9 2b]
==> 2234:  RET                 PC:2257 AF:4fb3 BC:224f DE:4870 HL:0a02 SP:f795 IX:0000 IY:0000 Flags:10110011 [c9 2b 06]
==> 2257:  LD DE, 0a02h        PC:225a AF:4fb3 BC:224f DE:0a02 HL:0a02 SP:f795 IX:0000 IY:0000 Flags:10110011 [11 02 0a]
==> 225a:  LD A, d5h           PC:225c AF:d5b3 BC:224f DE:0a02 HL:0a02 SP:f795 IX:0000 IY:0000 Flags:10110011 [3e d5 2a]
==> 225c:  LD HL, (09e2h)      PC:225f AF:d5b3 BC:224f DE:0a02 HL:09e4 SP:f795 IX:0000 IY:0000 Flags:10110011 [2a e2 09]
==> 225f:  LD (0a58h), HL      PC:2262 AF:d5b3 BC:224f DE:0a02 HL:09e4 SP:f795 IX:0000 IY:0000 Flags:10110011 [22 58 0a]
==> 2262:  LD A, 03h           PC:2264 AF:03b3 BC:224f DE:0a02 HL:09e4 SP:f795 IX:0000 IY:0000 Flags:10110011 [3e 03 32]
==> 2264:  LD (09d1h), A       PC:2267 AF:03b3 BC:224f DE:0a02 HL:09e4 SP:f795 IX:0000 IY:0000 Flags:10110011 [32 d1 09]
==> 2267:  CALL 3956h          PC:3956 AF:03b3 BC:224f DE:0a02 HL:09e4 SP:f793 IX:0000 IY:0000 Flags:10110011 [cd 56 39]
==> 3956:  LD A, (09d1h)       PC:3959 AF:03b3 BC:224f DE:0a02 HL:09e4 SP:f793 IX:0000 IY:0000 Flags:10110011 [3a d1 09]
==> 3959:  LD B, A             PC:395a AF:03b3 BC:034f DE:0a02 HL:09e4 SP:f793 IX:0000 IY:0000 Flags:10110011 [47 1a 77]
==> 395a:  LD A, (DE)          PC:395b AF:4fb3 BC:034f DE:0a02 HL:09e4 SP:f793 IX:0000 IY:0000 Flags:10110011 [1a 77 13]
==> 395b:  LD (HL), A          PC:395c AF:4fb3 BC:034f DE:0a02 HL:09e4 SP:f793 IX:0000 IY:0000 Flags:10110011 [77 13 23]
==> 395c:  INC DE              PC:395d AF:4fb3 BC:034f DE:0a03 HL:09e4 SP:f793 IX:0000 IY:0000 Flags:10110011 [13 23 05]
==> 395d:  INC HL              PC:395e AF:4fb3 BC:034f DE:0a03 HL:09e5 SP:f793 IX:0000 IY:0000 Flags:10110011 [23 05 c2]
==> 395e:  DEC B               PC:395f AF:4f03 BC:024f DE:0a03 HL:09e5 SP:f793 IX:0000 IY:0000 Flags:00000011 [05 c2 5a]
==> 395f:  JP NZ, 395ah        PC:395a AF:4f03 BC:024f DE:0a03 HL:09e5 SP:f793 IX:0000 IY:0000 Flags:00000011 [c2 5a 39]
==> 395a:  LD A, (DE)          PC:395b AF:7003 BC:024f DE:0a03 HL:09e5 SP:f793 IX:0000 IY:0000 Flags:00000011 [1a 77 13]
==> 395b:  LD (HL), A          PC:395c AF:7003 BC:024f DE:0a03 HL:09e5 SP:f793 IX:0000 IY:0000 Flags:00000011 [77 13 23]
==> 395c:  INC DE              PC:395d AF:7003 BC:024f DE:0a04 HL:09e5 SP:f793 IX:0000 IY:0000 Flags:00000011 [13 23 05]
==> 395d:  INC HL              PC:395e AF:7003 BC:024f DE:0a04 HL:09e6 SP:f793 IX:0000 IY:0000 Flags:00000011 [23 05 c2]
==> 395e:  DEC B               PC:395f AF:7003 BC:014f DE:0a04 HL:09e6 SP:f793 IX:0000 IY:0000 Flags:00000011 [05 c2 5a]
==> 395f:  JP NZ, 395ah        PC:395a AF:7003 BC:014f DE:0a04 HL:09e6 SP:f793 IX:0000 IY:0000 Flags:00000011 [c2 5a 39]
==> 395a:  LD A, (DE)          PC:395b AF:4803 BC:014f DE:0a04 HL:09e6 SP:f793 IX:0000 IY:0000 Flags:00000011 [1a 77 13]
==> 395b:  LD (HL), A          PC:395c AF:4803 BC:014f DE:0a04 HL:09e6 SP:f793 IX:0000 IY:0000 Flags:00000011 [77 13 23]
==> 395c:  INC DE              PC:395d AF:4803 BC:014f DE:0a05 HL:09e6 SP:f793 IX:0000 IY:0000 Flags:00000011 [13 23 05]
==> 395d:  INC HL              PC:395e AF:4803 BC:014f DE:0a05 HL:09e7 SP:f793 IX:0000 IY:0000 Flags:00000011 [23 05 c2]
==> 395e:  DEC B               PC:395f AF:4843 BC:004f DE:0a05 HL:09e7 SP:f793 IX:0000 IY:0000 Flags:01000011 [05 c2 5a]
==> 395f:  JP NZ, 395ah        PC:3962 AF:4843 BC:004f DE:0a05 HL:09e7 SP:f793 IX:0000 IY:0000 Flags:01000011 [c2 5a 39]
==> 3962:  RET                 PC:226a AF:4843 BC:004f DE:0a05 HL:09e7 SP:f795 IX:0000 IY:0000 Flags:01000011 [c9 21 5a]
==> 226a:  LD DE, 0a05h        PC:226d AF:4843 BC:004f DE:0a05 HL:09e7 SP:f795 IX:0000 IY:0000 Flags:01000011 [11 05 0a]
==> 226d:  CALL 10b4h          PC:10b4 AF:4843 BC:004f DE:0a05 HL:09e7 SP:f793 IX:0000 IY:0000 Flags:01000011 [cd b4 10]
==> 10b4:  LD A, H             PC:10b5 AF:0943 BC:004f DE:0a05 HL:09e7 SP:f793 IX:0000 IY:0000 Flags:01000011 [7c 92 c0]
==> 10b5:  SUB A, D            PC:10b6 AF:ffbb BC:004f DE:0a05 HL:09e7 SP:f793 IX:0000 IY:0000 Flags:10111011 [92 c0 7d]
==> 10b6:  RET NZ              PC:2270 AF:ffbb BC:004f DE:0a05 HL:09e7 SP:f795 IX:0000 IY:0000 Flags:10111011 [c0 7d 93]
==> 2270:  LD (09e2h), HL      PC:2273 AF:ffbb BC:004f DE:0a05 HL:09e7 SP:f795 IX:0000 IY:0000 Flags:10111011 [22 e2 09]
==> 2273:  POP HL              PC:2274 AF:ffbb BC:004f DE:0a05 HL:48bf SP:f797 IX:0000 IY:0000 Flags:10111011 [e1 7e c0]
==> 2274:  LD A, (HL)          PC:2275 AF:00bb BC:004f DE:0a05 HL:48bf SP:f797 IX:0000 IY:0000 Flags:10111011 [7e c0 1e]
==> 2275:  RET NZ              PC:227f AF:00bb BC:004f DE:0a05 HL:48bf SP:f799 IX:0000 IY:0000 Flags:10111011 [c0 1e 10]
==> 227f:  CALL 23c5h          PC:23c5 AF:00bb BC:004f DE:0a05 HL:48bf SP:f797 IX:0000 IY:0000 Flags:10111011 [cd c5 23]
==> 23c5:  LD HL, (0a58h)      PC:23c8 AF:00bb BC:004f DE:0a05 HL:09e4 SP:f797 IX:0000 IY:0000 Flags:10111011 [2a 58 0a]
==> 23c8:  EX DE, HL           PC:23c9 AF:00bb BC:004f DE:09e4 HL:0a05 SP:f797 IX:0000 IY:0000 Flags:10111011 [eb cd e3]
==> 23c9:  CALL 23e3h          PC:23e3 AF:00bb BC:004f DE:09e4 HL:0a05 SP:f795 IX:0000 IY:0000 Flags:10111011 [cd e3 23]
==> 23e3:  LD HL, (09e2h)      PC:23e6 AF:00bb BC:004f DE:09e4 HL:09e7 SP:f795 IX:0000 IY:0000 Flags:10111011 [2a e2 09]
==> 23e6:  DEC HL              PC:23e7 AF:00bb BC:004f DE:09e4 HL:09e6 SP:f795 IX:0000 IY:0000 Flags:10111011 [2b 46 2b]
==> 23e7:  LD B, (HL)          PC:23e8 AF:00bb BC:484f DE:09e4 HL:09e6 SP:f795 IX:0000 IY:0000 Flags:10111011 [46 2b 4e]
==> 23e8:  DEC HL              PC:23e9 AF:00bb BC:484f DE:09e4 HL:09e5 SP:f795 IX:0000 IY:0000 Flags:10111011 [2b 4e 2b]
==> 23e9:  LD C, (HL)          PC:23ea AF:00bb BC:4870 DE:09e4 HL:09e5 SP:f795 IX:0000 IY:0000 Flags:10111011 [4e 2b cd]
==> 23ea:  DEC HL              PC:23eb AF:00bb BC:4870 DE:09e4 HL:09e4 SP:f795 IX:0000 IY:0000 Flags:10111011 [2b cd b4]
==> 23eb:  CALL 10b4h          PC:10b4 AF:00bb BC:4870 DE:09e4 HL:09e4 SP:f793 IX:0000 IY:0000 Flags:10111011 [cd b4 10]
==> 10b4:  LD A, H             PC:10b5 AF:09bb BC:4870 DE:09e4 HL:09e4 SP:f793 IX:0000 IY:0000 Flags:10111011 [7c 92 c0]
==> 10b5:  SUB A, D            PC:10b6 AF:0042 BC:4870 DE:09e4 HL:09e4 SP:f793 IX:0000 IY:0000 Flags:01000010 [92 c0 7d]
==> 10b6:  RET NZ              PC:10b7 AF:0042 BC:4870 DE:09e4 HL:09e4 SP:f793 IX:0000 IY:0000 Flags:01000010 [c0 7d 93]
==> 10b7:  LD A, L             PC:10b8 AF:e442 BC:4870 DE:09e4 HL:09e4 SP:f793 IX:0000 IY:0000 Flags:01000010 [7d 93 c9]
==> 10b8:  SUB A, E            PC:10b9 AF:0042 BC:4870 DE:09e4 HL:09e4 SP:f793 IX:0000 IY:0000 Flags:01000010 [93 c9 7e]
==> 10b9:  RET                 PC:23ee AF:0042 BC:4870 DE:09e4 HL:09e4 SP:f795 IX:0000 IY:0000 Flags:01000010 [c9 7e e3]
==> 23ee:  RET NZ              PC:23ef AF:0042 BC:4870 DE:09e4 HL:09e4 SP:f795 IX:0000 IY:0000 Flags:01000010 [c0 22 e2]
==> 23ef:  LD (09e2h), HL      PC:23f2 AF:0042 BC:4870 DE:09e4 HL:09e4 SP:f795 IX:0000 IY:0000 Flags:01000010 [22 e2 09]
==> 23f2:  RET                 PC:23cc AF:0042 BC:4870 DE:09e4 HL:09e4 SP:f797 IX:0000 IY:0000 Flags:01000010 [c9 01 69]
==> 23cc:  EX DE, HL           PC:23cd AF:0042 BC:4870 DE:09e4 HL:09e4 SP:f797 IX:0000 IY:0000 Flags:01000010 [eb c0 d5]
==> 23cd:  RET NZ              PC:23ce AF:0042 BC:4870 DE:09e4 HL:09e4 SP:f797 IX:0000 IY:0000 Flags:01000010 [c0 d5 50]
==> 23ce:  PUSH DE             PC:23cf AF:0042 BC:4870 DE:09e4 HL:09e4 SP:f795 IX:0000 IY:0000 Flags:01000010 [d5 50 59]
==> 23cf:  LD D, B             PC:23d0 AF:0042 BC:4870 DE:48e4 HL:09e4 SP:f795 IX:0000 IY:0000 Flags:01000010 [50 59 1b]
==> 23d0:  LD E, C             PC:23d1 AF:0042 BC:4870 DE:4870 HL:09e4 SP:f795 IX:0000 IY:0000 Flags:01000010 [59 1b 4e]
==> 23d1:  DEC DE              PC:23d2 AF:0042 BC:4870 DE:486f HL:09e4 SP:f795 IX:0000 IY:0000 Flags:01000010 [1b 4e 2a]
==> 23d2:  LD C, (HL)          PC:23d3 AF:0042 BC:484f DE:486f HL:09e4 SP:f795 IX:0000 IY:0000 Flags:01000010 [4e 2a 05]
==> 23d3:  LD HL, (0a05h)      PC:23d6 AF:0042 BC:484f DE:486f HL:0000 SP:f795 IX:0000 IY:0000 Flags:01000010 [2a 05 0a]
==> 23d6:  CALL 10b4h          PC:10b4 AF:0042 BC:484f DE:486f HL:0000 SP:f793 IX:0000 IY:0000 Flags:01000010 [cd b4 10]
==> 10b4:  LD A, H             PC:10b5 AF:0042 BC:484f DE:486f HL:0000 SP:f793 IX:0000 IY:0000 Flags:01000010 [7c 92 c0]
==> 10b5:  SUB A, D            PC:10b6 AF:b8bb BC:484f DE:486f HL:0000 SP:f793 IX:0000 IY:0000 Flags:10111011 [92 c0 7d]
==> 10b6:  RET NZ              PC:23d9 AF:b8bb BC:484f DE:486f HL:0000 SP:f795 IX:0000 IY:0000 Flags:10111011 [c0 7d 93]
==> 23d9:  JP NZ, 23e1h        PC:23e1 AF:b8bb BC:484f DE:486f HL:0000 SP:f795 IX:0000 IY:0000 Flags:10111011 [c2 e1 23]
==> 23e1:  POP HL              PC:23e2 AF:b8bb BC:484f DE:486f HL:09e4 SP:f797 IX:0000 IY:0000 Flags:10111011 [e1 c9 2a]
==> 23e2:  RET                 PC:2282 AF:b8bb BC:484f DE:486f HL:09e4 SP:f799 IX:0000 IY:0000 Flags:10111011 [c9 2a e2]
==> 2282:  CALL 3946h          PC:3946 AF:b8bb BC:484f DE:486f HL:09e4 SP:f797 IX:0000 IY:0000 Flags:10111011 [cd 46 39]
==> 3946:  LD D, (HL)          PC:3947 AF:b8bb BC:484f DE:4f6f HL:09e4 SP:f797 IX:0000 IY:0000 Flags:10111011 [56 23 4e]
==> 3947:  INC HL              PC:3948 AF:b8bb BC:484f DE:4f6f HL:09e5 SP:f797 IX:0000 IY:0000 Flags:10111011 [23 4e 23]
==> 3948:  LD C, (HL)          PC:3949 AF:b8bb BC:4870 DE:4f6f HL:09e5 SP:f797 IX:0000 IY:0000 Flags:10111011 [4e 23 46]
==> 3949:  INC HL              PC:394a AF:b8bb BC:4870 DE:4f6f HL:09e6 SP:f797 IX:0000 IY:0000 Flags:10111011 [23 46 23]
==> 394a:  LD B, (HL)          PC:394b AF:b8bb BC:4870 DE:4f6f HL:09e6 SP:f797 IX:0000 IY:0000 Flags:10111011 [46 23 c9]
==> 394b:  INC HL              PC:394c AF:b8bb BC:4870 DE:4f6f HL:09e7 SP:f797 IX:0000 IY:0000 Flags:10111011 [23 c9 11]
==> 394c:  RET                 PC:2285 AF:b8bb BC:4870 DE:4f6f HL:09e7 SP:f799 IX:0000 IY:0000 Flags:10111011 [c9 11 58]
==> 2285:  INC D               PC:2286 AF:b811 BC:4870 DE:506f HL:09e7 SP:f799 IX:0000 IY:0000 Flags:00010001 [14 15 c8]
==> 2286:  DEC D               PC:2287 AF:b81b BC:4870 DE:4f6f HL:09e7 SP:f799 IX:0000 IY:0000 Flags:00011011 [15 c8 0a]
==> 2287:  RET Z               PC:2288 AF:b81b BC:4870 DE:4f6f HL:09e7 SP:f799 IX:0000 IY:0000 Flags:00011011 [c8 0a cd]
==> 2288:  LD A, (BC)          PC:2289 AF:201b BC:4870 DE:4f6f HL:09e7 SP:f799 IX:0000 IY:0000 Flags:00011011 [0a cd c5]
==> 2289:  CALL 10c5h          PC:10c5 AF:201b BC:4870 DE:4f6f HL:09e7 SP:f797 IX:0000 IY:0000 Flags:00011011 [cd c5 10]
==> 10c5:  PUSH AF             PC:10c6 AF:201b BC:4870 DE:4f6f HL:09e7 SP:f795 IX:0000 IY:0000 Flags:00011011 [f5 e5 2a]
==> 10c6:  PUSH HL             PC:10c7 AF:201b BC:4870 DE:4f6f HL:09e7 SP:f793 IX:0000 IY:0000 Flags:00011011 [e5 2a 35]
==> 10c7:  LD HL, (0735h)      PC:10ca AF:201b BC:4870 DE:4f6f HL:0000 SP:f793 IX:0000 IY:0000 Flags:00011011 [2a 35 07]
==> 10ca:  LD A, H             PC:10cb AF:001b BC:4870 DE:4f6f HL:0000 SP:f793 IX:0000 IY:0000 Flags:00011011 [7c b5 c2]
==> 10cb:  OR A, L             PC:10cc AF:0044 BC:4870 DE:4f6f HL:0000 SP:f793 IX:0000 IY:0000 Flags:01000100 [b5 c2 14]
==> 10cc:  JP NZ, 2e14h        PC:10cf AF:0044 BC:4870 DE:4f6f HL:0000 SP:f793 IX:0000 IY:0000 Flags:01000100 [c2 14 2e]
==> 10cf:  POP HL              PC:10d0 AF:0044 BC:4870 DE:4f6f HL:09e7 SP:f795 IX:0000 IY:0000 Flags:01000100 [e1 3a 26]
==> 10d0:  LD A, (0726h)       PC:10d3 AF:0044 BC:4870 DE:4f6f HL:09e7 SP:f795 IX:0000 IY:0000 Flags:01000100 [3a 26 07]
==> 10d3:  OR A, A             PC:10d4 AF:0044 BC:4870 DE:4f6f HL:09e7 SP:f795 IX:0000 IY:0000 Flags:01000100 [b7 ca 29]
==> 10d4:  JP Z, 1129h         PC:1129 AF:0044 BC:4870 DE:4f6f HL:09e7 SP:f795 IX:0000 IY:0000 Flags:01000100 [ca 29 11]
==> 1129:  LD A, (072ah)       PC:112c AF:0044 BC:4870 DE:4f6f HL:09e7 SP:f795 IX:0000 IY:0000 Flags:01000100 [3a 2a 07]
==> 112c:  OR A, A             PC:112d AF:0044 BC:4870 DE:4f6f HL:09e7 SP:f795 IX:0000 IY:0000 Flags:01000100 [b7 c2 b1]
==> 112d:  JP NZ, 22b1h        PC:1130 AF:0044 BC:4870 DE:4f6f HL:09e7 SP:f795 IX:0000 IY:0000 Flags:01000100 [c2 b1 22]
==> 1130:  POP AF              PC:1131 AF:201b BC:4870 DE:4f6f HL:09e7 SP:f797 IX:0000 IY:0000 Flags:00011011 [f1 c5 f5]
==> 1131:  PUSH BC             PC:1132 AF:201b BC:4870 DE:4f6f HL:09e7 SP:f795 IX:0000 IY:0000 Flags:00011011 [c5 f5 fe]
==> 1132:  PUSH AF             PC:1133 AF:201b BC:4870 DE:4f6f HL:09e7 SP:f793 IX:0000 IY:0000 Flags:00011011 [f5 fe 09]
==> 1133:  CP A, 09h           PC:1135 AF:201a BC:4870 DE:4f6f HL:09e7 SP:f793 IX:0000 IY:0000 Flags:00011010 [fe 09 c2]
==> 1135:  JP NZ, 1148h        PC:1148 AF:201a BC:4870 DE:4f6f HL:09e7 SP:f793 IX:0000 IY:0000 Flags:00011010 [c2 48 11]
==> 1148:  CP A, 20h           PC:114a AF:2062 BC:4870 DE:4f6f HL:09e7 SP:f793 IX:0000 IY:0000 Flags:01100010 [fe 20 da]
==> 114a:  JP C, 115ch         PC:114d AF:2062 BC:4870 DE:4f6f HL:09e7 SP:f793 IX:0000 IY:0000 Flags:01100010 [da 5c 11]
==> 114d:  LD A, (0727h)       PC:1150 AF:4862 BC:4870 DE:4f6f HL:09e7 SP:f793 IX:0000 IY:0000 Flags:01100010 [3a 27 07]
==> 1150:  LD B, A             PC:1151 AF:4862 BC:4870 DE:4f6f HL:09e7 SP:f793 IX:0000 IY:0000 Flags:01100010 [47 3a cf]
==> 1151:  LD A, (09cfh)       PC:1154 AF:0562 BC:4870 DE:4f6f HL:09e7 SP:f793 IX:0000 IY:0000 Flags:01100010 [3a cf 09]
==> 1154:  CP A, B             PC:1155 AF:059b BC:4870 DE:4f6f HL:09e7 SP:f793 IX:0000 IY:0000 Flags:10011011 [b8 cc e8]
==> 1155:  CALL Z, 17e8h       PC:1158 AF:059b BC:4870 DE:4f6f HL:09e7 SP:f793 IX:0000 IY:0000 Flags:10011011 [cc e8 17]
==> 1158:  INC A               PC:1159 AF:0601 BC:4870 DE:4f6f HL:09e7 SP:f793 IX:0000 IY:0000 Flags:00000001 [3c 32 cf]
==> 1159:  LD (09cfh), A       PC:115c AF:0601 BC:4870 DE:4f6f HL:09e7 SP:f793 IX:0000 IY:0000 Flags:00000001 [32 cf 09]
==> 115c:  POP AF              PC:115d AF:201b BC:4870 DE:4f6f HL:09e7 SP:f795 IX:0000 IY:0000 Flags:00011011 [f1 c1 f5]
==> 115d:  POP BC              PC:115e AF:201b BC:4870 DE:4f6f HL:09e7 SP:f797 IX:0000 IY:0000 Flags:00011011 [c1 f5 f1]
==> 115e:  PUSH AF             PC:115f AF:201b BC:4870 DE:4f6f HL:09e7 SP:f795 IX:0000 IY:0000 Flags:00011011 [f5 f1 f5]
==> 115f:  POP AF              PC:1160 AF:201b BC:4870 DE:4f6f HL:09e7 SP:f797 IX:0000 IY:0000 Flags:00011011 [f1 f5 c5]
==> 1160:  PUSH AF             PC:1161 AF:201b BC:4870 DE:4f6f HL:09e7 SP:f795 IX:0000 IY:0000 Flags:00011011 [f5 c5 d5]
==> 1161:  PUSH BC             PC:1162 AF:201b BC:4870 DE:4f6f HL:09e7 SP:f793 IX:0000 IY:0000 Flags:00011011 [c5 d5 0e]
==> 1162:  PUSH DE             PC:1163 AF:201b BC:4870 DE:4f6f HL:09e7 SP:f791 IX:0000 IY:0000 Flags:00011011 [d5 0e 02]
==> 1163:  LD C, 02h           PC:1165 AF:201b BC:4802 DE:4f6f HL:09e7 SP:f791 IX:0000 IY:0000 Flags:00011011 [0e 02 4f]
==> 1165:  LD C, A             PC:1166 AF:201b BC:4820 DE:4f6f HL:09e7 SP:f791 IX:0000 IY:0000 Flags:00011011 [4f e5 cd]
==> 1166:  PUSH HL             PC:1167 AF:201b BC:4820 DE:4f6f HL:09e7 SP:f78f IX:0000 IY:0000 Flags:00011011 [e5 cd 84]
==> 1167:  CALL ff84h          PC:ff84 AF:201b BC:4820 DE:4f6f HL:09e7 SP:f78d IX:0000 IY:0000 Flags:00011011 [cd 84 ff]
 ==> ff84:  RET                 PC:116a AF:201b BC:4820 DE:4f6f HL:09e7 SP:f78f IX:0000 IY:0000 Flags:00011011 [c9 c9 c9]
==> 116a:  POP HL              PC:116b AF:201b BC:4820 DE:4f6f HL:09e7 SP:f791 IX:0000 IY:0000 Flags:00011011 [e1 d1 c1]
==> 116b:  POP DE              PC:116c AF:201b BC:4820 DE:4f6f HL:09e7 SP:f793 IX:0000 IY:0000 Flags:00011011 [d1 c1 f1]
==> 116c:  POP BC              PC:116d AF:201b BC:4870 DE:4f6f HL:09e7 SP:f795 IX:0000 IY:0000 Flags:00011011 [c1 f1 c9]
==> 116d:  POP AF              PC:116e AF:201b BC:4870 DE:4f6f HL:09e7 SP:f797 IX:0000 IY:0000 Flags:00011011 [f1 c9 e5]
==> 116e:  RET                 PC:228c AF:201b BC:4870 DE:4f6f HL:09e7 SP:f799 IX:0000 IY:0000 Flags:00011011 [c9 e5 2a]
==> 228c:  CP A, 0dh           PC:228e AF:201a BC:4870 DE:4f6f HL:09e7 SP:f799 IX:0000 IY:0000 Flags:00011010 [fe 0d cc]
==> 228e:  CALL Z, 17f2h       PC:2291 AF:201a BC:4870 DE:4f6f HL:09e7 SP:f799 IX:0000 IY:0000 Flags:00011010 [cc f2 17]
==> 2291:  INC BC              PC:2292 AF:201a BC:4871 DE:4f6f HL:09e7 SP:f799 IX:0000 IY:0000 Flags:00011010 [03 c3 86]
==> 2292:  JP 2286h            PC:2286 AF:201a BC:4871 DE:4f6f HL:09e7 SP:f799 IX:0000 IY:0000 Flags:00011010 [c3 86 22]
==> 2286:  DEC D               PC:2287 AF:200a BC:4871 DE:4e6f HL:09e7 SP:f799 IX:0000 IY:0000 Flags:00001010 [15 c8 0a]
==> 2287:  RET Z               PC:2288 AF:200a BC:4871 DE:4e6f HL:09e7 SP:f799 IX:0000 IY:0000 Flags:00001010 [c8 0a cd]
==> 2288:  LD A, (BC)          PC:2289 AF:420a BC:4871 DE:4e6f HL:09e7 SP:f799 IX:0000 IY:0000 Flags:00001010 [0a cd c5]
==> 2289:  CALL 10c5h          PC:10c5 AF:420a BC:4871 DE:4e6f HL:09e7 SP:f797 IX:0000 IY:0000 Flags:00001010 [cd c5 10]
==> 10c5:  PUSH AF             PC:10c6 AF:420a BC:4871 DE:4e6f HL:09e7 SP:f795 IX:0000 IY:0000 Flags:00001010 [f5 e5 2a]
==> 10c6:  PUSH HL             PC:10c7 AF:420a BC:4871 DE:4e6f HL:09e7 SP:f793 IX:0000 IY:0000 Flags:00001010 [e5 2a 35]
==> 10c7:  LD HL, (0735h)      PC:10ca AF:420a BC:4871 DE:4e6f HL:0000 SP:f793 IX:0000 IY:0000 Flags:00001010 [2a 35 07]
==> 10ca:  LD A, H             PC:10cb AF:000a BC:4871 DE:4e6f HL:0000 SP:f793 IX:0000 IY:0000 Flags:00001010 [7c b5 c2]
==> 10cb:  OR A, L             PC:10cc AF:0044 BC:4871 DE:4e6f HL:0000 SP:f793 IX:0000 IY:0000 Flags:01000100 [b5 c2 14]
==> 10cc:  JP NZ, 2e14h        PC:10cf AF:0044 BC:4871 DE:4e6f HL:0000 SP:f793 IX:0000 IY:0000 Flags:01000100 [c2 14 2e]
==> 10cf:  POP HL              PC:10d0 AF:0044 BC:4871 DE:4e6f HL:09e7 SP:f795 IX:0000 IY:0000 Flags:01000100 [e1 3a 26]
==> 10d0:  LD A, (0726h)       PC:10d3 AF:0044 BC:4871 DE:4e6f HL:09e7 SP:f795 IX:0000 IY:0000 Flags:01000100 [3a 26 07]
==> 10d3:  OR A, A             PC:10d4 AF:0044 BC:4871 DE:4e6f HL:09e7 SP:f795 IX:0000 IY:0000 Flags:01000100 [b7 ca 29]
==> 10d4:  JP Z, 1129h         PC:1129 AF:0044 BC:4871 DE:4e6f HL:09e7 SP:f795 IX:0000 IY:0000 Flags:01000100 [ca 29 11]
==> 1129:  LD A, (072ah)       PC:112c AF:0044 BC:4871 DE:4e6f HL:09e7 SP:f795 IX:0000 IY:0000 Flags:01000100 [3a 2a 07]
==> 112c:  OR A, A             PC:112d AF:0044 BC:4871 DE:4e6f HL:09e7 SP:f795 IX:0000 IY:0000 Flags:01000100 [b7 c2 b1]
==> 112d:  JP NZ, 22b1h        PC:1130 AF:0044 BC:4871 DE:4e6f HL:09e7 SP:f795 IX:0000 IY:0000 Flags:01000100 [c2 b1 22]
==> 1130:  POP AF              PC:1131 AF:420a BC:4871 DE:4e6f HL:09e7 SP:f797 IX:0000 IY:0000 Flags:00001010 [f1 c5 f5]
==> 1131:  PUSH BC             PC:1132 AF:420a BC:4871 DE:4e6f HL:09e7 SP:f795 IX:0000 IY:0000 Flags:00001010 [c5 f5 fe]
==> 1132:  PUSH AF             PC:1133 AF:420a BC:4871 DE:4e6f HL:09e7 SP:f793 IX:0000 IY:0000 Flags:00001010 [f5 fe 09]
==> 1133:  CP A, 09h           PC:1135 AF:421a BC:4871 DE:4e6f HL:09e7 SP:f793 IX:0000 IY:0000 Flags:00011010 [fe 09 c2]
==> 1135:  JP NZ, 1148h        PC:1148 AF:421a BC:4871 DE:4e6f HL:09e7 SP:f793 IX:0000 IY:0000 Flags:00011010 [c2 48 11]
==> 1148:  CP A, 20h           PC:114a AF:4222 BC:4871 DE:4e6f HL:09e7 SP:f793 IX:0000 IY:0000 Flags:00100010 [fe 20 da]
==> 114a:  JP C, 115ch         PC:114d AF:4222 BC:4871 DE:4e6f HL:09e7 SP:f793 IX:0000 IY:0000 Flags:00100010 [da 5c 11]
==> 114d:  LD A, (0727h)       PC:1150 AF:4822 BC:4871 DE:4e6f HL:09e7 SP:f793 IX:0000 IY:0000 Flags:00100010 [3a 27 07]
==> 1150:  LD B, A             PC:1151 AF:4822 BC:4871 DE:4e6f HL:09e7 SP:f793 IX:0000 IY:0000 Flags:00100010 [47 3a cf]
==> 1151:  LD A, (09cfh)       PC:1154 AF:0622 BC:4871 DE:4e6f HL:09e7 SP:f793 IX:0000 IY:0000 Flags:00100010 [3a cf 09]
==> 1154:  CP A, B             PC:1155 AF:069b BC:4871 DE:4e6f HL:09e7 SP:f793 IX:0000 IY:0000 Flags:10011011 [b8 cc e8]
==> 1155:  CALL Z, 17e8h       PC:1158 AF:069b BC:4871 DE:4e6f HL:09e7 SP:f793 IX:0000 IY:0000 Flags:10011011 [cc e8 17]
==> 1158:  INC A               PC:1159 AF:0701 BC:4871 DE:4e6f HL:09e7 SP:f793 IX:0000 IY:0000 Flags:00000001 [3c 32 cf]
==> 1159:  LD (09cfh), A       PC:115c AF:0701 BC:4871 DE:4e6f HL:09e7 SP:f793 IX:0000 IY:0000 Flags:00000001 [32 cf 09]
==> 115c:  POP AF              PC:115d AF:420a BC:4871 DE:4e6f HL:09e7 SP:f795 IX:0000 IY:0000 Flags:00001010 [f1 c1 f5]
==> 115d:  POP BC              PC:115e AF:420a BC:4871 DE:4e6f HL:09e7 SP:f797 IX:0000 IY:0000 Flags:00001010 [c1 f5 f1]
==> 115e:  PUSH AF             PC:115f AF:420a BC:4871 DE:4e6f HL:09e7 SP:f795 IX:0000 IY:0000 Flags:00001010 [f5 f1 f5]
==> 115f:  POP AF              PC:1160 AF:420a BC:4871 DE:4e6f HL:09e7 SP:f797 IX:0000 IY:0000 Flags:00001010 [f1 f5 c5]
==> 1160:  PUSH AF             PC:1161 AF:420a BC:4871 DE:4e6f HL:09e7 SP:f795 IX:0000 IY:0000 Flags:00001010 [f5 c5 d5]
==> 1161:  PUSH BC             PC:1162 AF:420a BC:4871 DE:4e6f HL:09e7 SP:f793 IX:0000 IY:0000 Flags:00001010 [c5 d5 0e]
==> 1162:  PUSH DE             PC:1163 AF:420a BC:4871 DE:4e6f HL:09e7 SP:f791 IX:0000 IY:0000 Flags:00001010 [d5 0e 02]
==> 1163:  LD C, 02h           PC:1165 AF:420a BC:4802 DE:4e6f HL:09e7 SP:f791 IX:0000 IY:0000 Flags:00001010 [0e 02 4f]
==> 1165:  LD C, A             PC:1166 AF:420a BC:4842 DE:4e6f HL:09e7 SP:f791 IX:0000 IY:0000 Flags:00001010 [4f e5 cd]
==> 1166:  PUSH HL             PC:1167 AF:420a BC:4842 DE:4e6f HL:09e7 SP:f78f IX:0000 IY:0000 Flags:00001010 [e5 cd 84]
==> 1167:  CALL ff84h          PC:ff84 AF:420a BC:4842 DE:4e6f HL:09e7 SP:f78d IX:0000 IY:0000 Flags:00001010 [cd 84 ff]
B==> ff84:  RET                 PC:116a AF:420a BC:4842 DE:4e6f HL:09e7 SP:f78f IX:0000 IY:0000 Flags:00001010 [c9 c9 c9]
==> 116a:  POP HL              PC:116b AF:420a BC:4842 DE:4e6f HL:09e7 SP:f791 IX:0000 IY:0000 Flags:00001010 [e1 d1 c1]
==> 116b:  POP DE              PC:116c AF:420a BC:4842 DE:4e6f HL:09e7 SP:f793 IX:0000 IY:0000 Flags:00001010 [d1 c1 f1]
==> 116c:  POP BC              PC:116d AF:420a BC:4871 DE:4e6f HL:09e7 SP:f795 IX:0000 IY:0000 Flags:00001010 [c1 f1 c9]
==> 116d:  POP AF              PC:116e AF:420a BC:4871 DE:4e6f HL:09e7 SP:f797 IX:0000 IY:0000 Flags:00001010 [f1 c9 e5]
==> 116e:  RET                 PC:228c AF:420a BC:4871 DE:4e6f HL:09e7 SP:f799 IX:0000 IY:0000 Flags:00001010 [c9 e5 2a]
==> 228c:  CP A, 0dh           PC:228e AF:421a BC:4871 DE:4e6f HL:09e7 SP:f799 IX:0000 IY:0000 Flags:00011010 [fe 0d cc]
==> 228e:  CALL Z, 17f2h       PC:2291 AF:421a BC:4871 DE:4e6f HL:09e7 SP:f799 IX:0000 IY:0000 Flags:00011010 [cc f2 17]
==> 2291:  INC BC              PC:2292 AF:421a BC:4872 DE:4e6f HL:09e7 SP:f799 IX:0000 IY:0000 Flags:00011010 [03 c3 86]
==> 2292:  JP 2286h            PC:2286 AF:421a BC:4872 DE:4e6f HL:09e7 SP:f799 IX:0000 IY:0000 Flags:00011010 [c3 86 22]
==> 2286:  DEC D               PC:2287 AF:420a BC:4872 DE:4d6f HL:09e7 SP:f799 IX:0000 IY:0000 Flags:00001010 [15 c8 0a]
==> 2287:  RET Z               PC:2288 AF:420a BC:4872 DE:4d6f HL:09e7 SP:f799 IX:0000 IY:0000 Flags:00001010 [c8 0a cd]
==> 2288:  LD A, (BC)          PC:2289 AF:790a BC:4872 DE:4d6f HL:09e7 SP:f799 IX:0000 IY:0000 Flags:00001010 [0a cd c5]
==> 2289:  CALL 10c5h          PC:10c5 AF:790a BC:4872 DE:4d6f HL:09e7 SP:f797 IX:0000 IY:0000 Flags:00001010 [cd c5 10]
==> 10c5:  PUSH AF             PC:10c6 AF:790a BC:4872 DE:4d6f HL:09e7 SP:f795 IX:0000 IY:0000 Flags:00001010 [f5 e5 2a]
==> 10c6:  PUSH HL             PC:10c7 AF:790a BC:4872 DE:4d6f HL:09e7 SP:f793 IX:0000 IY:0000 Flags:00001010 [e5 2a 35]
==> 10c7:  LD HL, (0735h)      PC:10ca AF:790a BC:4872 DE:4d6f HL:0000 SP:f793 IX:0000 IY:0000 Flags:00001010 [2a 35 07]
==> 10ca:  LD A, H             PC:10cb AF:000a BC:4872 DE:4d6f HL:0000 SP:f793 IX:0000 IY:0000 Flags:00001010 [7c b5 c2]
==> 10cb:  OR A, L             PC:10cc AF:0044 BC:4872 DE:4d6f HL:0000 SP:f793 IX:0000 IY:0000 Flags:01000100 [b5 c2 14]
==> 10cc:  JP NZ, 2e14h        PC:10cf AF:0044 BC:4872 DE:4d6f HL:0000 SP:f793 IX:0000 IY:0000 Flags:01000100 [c2 14 2e]
==> 10cf:  POP HL              PC:10d0 AF:0044 BC:4872 DE:4d6f HL:09e7 SP:f795 IX:0000 IY:0000 Flags:01000100 [e1 3a 26]
==> 10d0:  LD A, (0726h)       PC:10d3 AF:0044 BC:4872 DE:4d6f HL:09e7 SP:f795 IX:0000 IY:0000 Flags:01000100 [3a 26 07]
==> 10d3:  OR A, A             PC:10d4 AF:0044 BC:4872 DE:4d6f HL:09e7 SP:f795 IX:0000 IY:0000 Flags:01000100 [b7 ca 29]
==> 10d4:  JP Z, 1129h         PC:1129 AF:0044 BC:4872 DE:4d6f HL:09e7 SP:f795 IX:0000 IY:0000 Flags:01000100 [ca 29 11]
==> 1129:  LD A, (072ah)       PC:112c AF:0044 BC:4872 DE:4d6f HL:09e7 SP:f795 IX:0000 IY:0000 Flags:01000100 [3a 2a 07]
==> 112c:  OR A, A             PC:112d AF:0044 BC:4872 DE:4d6f HL:09e7 SP:f795 IX:0000 IY:0000 Flags:01000100 [b7 c2 b1]
==> 112d:  JP NZ, 22b1h        PC:1130 AF:0044 BC:4872 DE:4d6f HL:09e7 SP:f795 IX:0000 IY:0000 Flags:01000100 [c2 b1 22]
==> 1130:  POP AF              PC:1131 AF:790a BC:4872 DE:4d6f HL:09e7 SP:f797 IX:0000 IY:0000 Flags:00001010 [f1 c5 f5]
==> 1131:  PUSH BC             PC:1132 AF:790a BC:4872 DE:4d6f HL:09e7 SP:f795 IX:0000 IY:0000 Flags:00001010 [c5 f5 fe]
==> 1132:  PUSH AF             PC:1133 AF:790a BC:4872 DE:4d6f HL:09e7 SP:f793 IX:0000 IY:0000 Flags:00001010 [f5 fe 09]
==> 1133:  CP A, 09h           PC:1135 AF:790a BC:4872 DE:4d6f HL:09e7 SP:f793 IX:0000 IY:0000 Flags:00001010 [fe 09 c2]
==> 1135:  JP NZ, 1148h        PC:1148 AF:790a BC:4872 DE:4d6f HL:09e7 SP:f793 IX:0000 IY:0000 Flags:00001010 [c2 48 11]
==> 1148:  CP A, 20h           PC:114a AF:7922 BC:4872 DE:4d6f HL:09e7 SP:f793 IX:0000 IY:0000 Flags:00100010 [fe 20 da]
==> 114a:  JP C, 115ch         PC:114d AF:7922 BC:4872 DE:4d6f HL:09e7 SP:f793 IX:0000 IY:0000 Flags:00100010 [da 5c 11]
==> 114d:  LD A, (0727h)       PC:1150 AF:4822 BC:4872 DE:4d6f HL:09e7 SP:f793 IX:0000 IY:0000 Flags:00100010 [3a 27 07]
==> 1150:  LD B, A             PC:1151 AF:4822 BC:4872 DE:4d6f HL:09e7 SP:f793 IX:0000 IY:0000 Flags:00100010 [47 3a cf]
==> 1151:  LD A, (09cfh)       PC:1154 AF:0722 BC:4872 DE:4d6f HL:09e7 SP:f793 IX:0000 IY:0000 Flags:00100010 [3a cf 09]
==> 1154:  CP A, B             PC:1155 AF:079b BC:4872 DE:4d6f HL:09e7 SP:f793 IX:0000 IY:0000 Flags:10011011 [b8 cc e8]
==> 1155:  CALL Z, 17e8h       PC:1158 AF:079b BC:4872 DE:4d6f HL:09e7 SP:f793 IX:0000 IY:0000 Flags:10011011 [cc e8 17]
==> 1158:  INC A               PC:1159 AF:0809 BC:4872 DE:4d6f HL:09e7 SP:f793 IX:0000 IY:0000 Flags:00001001 [3c 32 cf]
==> 1159:  LD (09cfh), A       PC:115c AF:0809 BC:4872 DE:4d6f HL:09e7 SP:f793 IX:0000 IY:0000 Flags:00001001 [32 cf 09]
==> 115c:  POP AF              PC:115d AF:790a BC:4872 DE:4d6f HL:09e7 SP:f795 IX:0000 IY:0000 Flags:00001010 [f1 c1 f5]
==> 115d:  POP BC              PC:115e AF:790a BC:4872 DE:4d6f HL:09e7 SP:f797 IX:0000 IY:0000 Flags:00001010 [c1 f5 f1]
==> 115e:  PUSH AF             PC:115f AF:790a BC:4872 DE:4d6f HL:09e7 SP:f795 IX:0000 IY:0000 Flags:00001010 [f5 f1 f5]
==> 115f:  POP AF              PC:1160 AF:790a BC:4872 DE:4d6f HL:09e7 SP:f797 IX:0000 IY:0000 Flags:00001010 [f1 f5 c5]
==> 1160:  PUSH AF             PC:1161 AF:790a BC:4872 DE:4d6f HL:09e7 SP:f795 IX:0000 IY:0000 Flags:00001010 [f5 c5 d5]
==> 1161:  PUSH BC             PC:1162 AF:790a BC:4872 DE:4d6f HL:09e7 SP:f793 IX:0000 IY:0000 Flags:00001010 [c5 d5 0e]
==> 1162:  PUSH DE             PC:1163 AF:790a BC:4872 DE:4d6f HL:09e7 SP:f791 IX:0000 IY:0000 Flags:00001010 [d5 0e 02]
==> 1163:  LD C, 02h           PC:1165 AF:790a BC:4802 DE:4d6f HL:09e7 SP:f791 IX:0000 IY:0000 Flags:00001010 [0e 02 4f]
==> 1165:  LD C, A             PC:1166 AF:790a BC:4879 DE:4d6f HL:09e7 SP:f791 IX:0000 IY:0000 Flags:00001010 [4f e5 cd]
==> 1166:  PUSH HL             PC:1167 AF:790a BC:4879 DE:4d6f HL:09e7 SP:f78f IX:0000 IY:0000 Flags:00001010 [e5 cd 84]
==> 1167:  CALL ff84h          PC:ff84 AF:790a BC:4879 DE:4d6f HL:09e7 SP:f78d IX:0000 IY:0000 Flags:00001010 [cd 84 ff]
y==> ff84:  RET                 PC:116a AF:790a BC:4879 DE:4d6f HL:09e7 SP:f78f IX:0000 IY:0000 Flags:00001010 [c9 c9 c9]
==> 116a:  POP HL              PC:116b AF:790a BC:4879 DE:4d6f HL:09e7 SP:f791 IX:0000 IY:0000 Flags:00001010 [e1 d1 c1]
==> 116b:  POP DE              PC:116c AF:790a BC:4879 DE:4d6f HL:09e7 SP:f793 IX:0000 IY:0000 Flags:00001010 [d1 c1 f1]
==> 116c:  POP BC              PC:116d AF:790a BC:4872 DE:4d6f HL:09e7 SP:f795 IX:0000 IY:0000 Flags:00001010 [c1 f1 c9]
==> 116d:  POP AF              PC:116e AF:790a BC:4872 DE:4d6f HL:09e7 SP:f797 IX:0000 IY:0000 Flags:00001010 [f1 c9 e5]
==> 116e:  RET                 PC:228c AF:790a BC:4872 DE:4d6f HL:09e7 SP:f799 IX:0000 IY:0000 Flags:00001010 [c9 e5 2a]
==> 228c:  CP A, 0dh           PC:228e AF:791a BC:4872 DE:4d6f HL:09e7 SP:f799 IX:0000 IY:0000 Flags:00011010 [fe 0d cc]
==> 228e:  CALL Z, 17f2h       PC:2291 AF:791a BC:4872 DE:4d6f HL:09e7 SP:f799 IX:0000 IY:0000 Flags:00011010 [cc f2 17]
==> 2291:  INC BC              PC:2292 AF:791a BC:4873 DE:4d6f HL:09e7 SP:f799 IX:0000 IY:0000 Flags:00011010 [03 c3 86]
==> 2292:  JP 2286h            PC:2286 AF:791a BC:4873 DE:4d6f HL:09e7 SP:f799 IX:0000 IY:0000 Flags:00011010 [c3 86 22]
==> 2286:  DEC D               PC:2287 AF:790a BC:4873 DE:4c6f HL:09e7 SP:f799 IX:0000 IY:0000 Flags:00001010 [15 c8 0a]
==> 2287:  RET Z               PC:2288 AF:790a BC:4873 DE:4c6f HL:09e7 SP:f799 IX:0000 IY:0000 Flags:00001010 [c8 0a cd]
==> 2288:  LD A, (BC)          PC:2289 AF:740a BC:4873 DE:4c6f HL:09e7 SP:f799 IX:0000 IY:0000 Flags:00001010 [0a cd c5]
==> 2289:  CALL 10c5h          PC:10c5 AF:740a BC:4873 DE:4c6f HL:09e7 SP:f797 IX:0000 IY:0000 Flags:00001010 [cd c5 10]
==> 10c5:  PUSH AF             PC:10c6 AF:740a BC:4873 DE:4c6f HL:09e7 SP:f795 IX:0000 IY:0000 Flags:00001010 [f5 e5 2a]
==> 10c6:  PUSH HL             PC:10c7 AF:740a BC:4873 DE:4c6f HL:09e7 SP:f793 IX:0000 IY:0000 Flags:00001010 [e5 2a 35]
==> 10c7:  LD HL, (0735h)      PC:10ca AF:740a BC:4873 DE:4c6f HL:0000 SP:f793 IX:0000 IY:0000 Flags:00001010 [2a 35 07]
==> 10ca:  LD A, H             PC:10cb AF:000a BC:4873 DE:4c6f HL:0000 SP:f793 IX:0000 IY:0000 Flags:00001010 [7c b5 c2]
==> 10cb:  OR A, L             PC:10cc AF:0044 BC:4873 DE:4c6f HL:0000 SP:f793 IX:0000 IY:0000 Flags:01000100 [b5 c2 14]
==> 10cc:  JP NZ, 2e14h        PC:10cf AF:0044 BC:4873 DE:4c6f HL:0000 SP:f793 IX:0000 IY:0000 Flags:01000100 [c2 14 2e]
==> 10cf:  POP HL              PC:10d0 AF:0044 BC:4873 DE:4c6f HL:09e7 SP:f795 IX:0000 IY:0000 Flags:01000100 [e1 3a 26]
==> 10d0:  LD A, (0726h)       PC:10d3 AF:0044 BC:4873 DE:4c6f HL:09e7 SP:f795 IX:0000 IY:0000 Flags:01000100 [3a 26 07]
==> 10d3:  OR A, A             PC:10d4 AF:0044 BC:4873 DE:4c6f HL:09e7 SP:f795 IX:0000 IY:0000 Flags:01000100 [b7 ca 29]
==> 10d4:  JP Z, 1129h         PC:1129 AF:0044 BC:4873 DE:4c6f HL:09e7 SP:f795 IX:0000 IY:0000 Flags:01000100 [ca 29 11]
==> 1129:  LD A, (072ah)       PC:112c AF:0044 BC:4873 DE:4c6f HL:09e7 SP:f795 IX:0000 IY:0000 Flags:01000100 [3a 2a 07]
==> 112c:  OR A, A             PC:112d AF:0044 BC:4873 DE:4c6f HL:09e7 SP:f795 IX:0000 IY:0000 Flags:01000100 [b7 c2 b1]
==> 112d:  JP NZ, 22b1h        PC:1130 AF:0044 BC:4873 DE:4c6f HL:09e7 SP:f795 IX:0000 IY:0000 Flags:01000100 [c2 b1 22]
==> 1130:  POP AF              PC:1131 AF:740a BC:4873 DE:4c6f HL:09e7 SP:f797 IX:0000 IY:0000 Flags:00001010 [f1 c5 f5]
==> 1131:  PUSH BC             PC:1132 AF:740a BC:4873 DE:4c6f HL:09e7 SP:f795 IX:0000 IY:0000 Flags:00001010 [c5 f5 fe]
==> 1132:  PUSH AF             PC:1133 AF:740a BC:4873 DE:4c6f HL:09e7 SP:f793 IX:0000 IY:0000 Flags:00001010 [f5 fe 09]
==> 1133:  CP A, 09h           PC:1135 AF:741a BC:4873 DE:4c6f HL:09e7 SP:f793 IX:0000 IY:0000 Flags:00011010 [fe 09 c2]
==> 1135:  JP NZ, 1148h        PC:1148 AF:741a BC:4873 DE:4c6f HL:09e7 SP:f793 IX:0000 IY:0000 Flags:00011010 [c2 48 11]
==> 1148:  CP A, 20h           PC:114a AF:7422 BC:4873 DE:4c6f HL:09e7 SP:f793 IX:0000 IY:0000 Flags:00100010 [fe 20 da]
==> 114a:  JP C, 115ch         PC:114d AF:7422 BC:4873 DE:4c6f HL:09e7 SP:f793 IX:0000 IY:0000 Flags:00100010 [da 5c 11]
==> 114d:  LD A, (0727h)       PC:1150 AF:4822 BC:4873 DE:4c6f HL:09e7 SP:f793 IX:0000 IY:0000 Flags:00100010 [3a 27 07]
==> 1150:  LD B, A             PC:1151 AF:4822 BC:4873 DE:4c6f HL:09e7 SP:f793 IX:0000 IY:0000 Flags:00100010 [47 3a cf]
==> 1151:  LD A, (09cfh)       PC:1154 AF:0822 BC:4873 DE:4c6f HL:09e7 SP:f793 IX:0000 IY:0000 Flags:00100010 [3a cf 09]
==> 1154:  CP A, B             PC:1155 AF:088b BC:4873 DE:4c6f HL:09e7 SP:f793 IX:0000 IY:0000 Flags:10001011 [b8 cc e8]
==> 1155:  CALL Z, 17e8h       PC:1158 AF:088b BC:4873 DE:4c6f HL:09e7 SP:f793 IX:0000 IY:0000 Flags:10001011 [cc e8 17]
==> 1158:  INC A               PC:1159 AF:0909 BC:4873 DE:4c6f HL:09e7 SP:f793 IX:0000 IY:0000 Flags:00001001 [3c 32 cf]
==> 1159:  LD (09cfh), A       PC:115c AF:0909 BC:4873 DE:4c6f HL:09e7 SP:f793 IX:0000 IY:0000 Flags:00001001 [32 cf 09]
==> 115c:  POP AF              PC:115d AF:740a BC:4873 DE:4c6f HL:09e7 SP:f795 IX:0000 IY:0000 Flags:00001010 [f1 c1 f5]
==> 115d:  POP BC              PC:115e AF:740a BC:4873 DE:4c6f HL:09e7 SP:f797 IX:0000 IY:0000 Flags:00001010 [c1 f5 f1]
==> 115e:  PUSH AF             PC:115f AF:740a BC:4873 DE:4c6f HL:09e7 SP:f795 IX:0000 IY:0000 Flags:00001010 [f5 f1 f5]
==> 115f:  POP AF              PC:1160 AF:740a BC:4873 DE:4c6f HL:09e7 SP:f797 IX:0000 IY:0000 Flags:00001010 [f1 f5 c5]
==> 1160:  PUSH AF             PC:1161 AF:740a BC:4873 DE:4c6f HL:09e7 SP:f795 IX:0000 IY:0000 Flags:00001010 [f5 c5 d5]
==> 1161:  PUSH BC             PC:1162 AF:740a BC:4873 DE:4c6f HL:09e7 SP:f793 IX:0000 IY:0000 Flags:00001010 [c5 d5 0e]
==> 1162:  PUSH DE             PC:1163 AF:740a BC:4873 DE:4c6f HL:09e7 SP:f791 IX:0000 IY:0000 Flags:00001010 [d5 0e 02]
==> 1163:  LD C, 02h           PC:1165 AF:740a BC:4802 DE:4c6f HL:09e7 SP:f791 IX:0000 IY:0000 Flags:00001010 [0e 02 4f]
==> 1165:  LD C, A             PC:1166 AF:740a BC:4874 DE:4c6f HL:09e7 SP:f791 IX:0000 IY:0000 Flags:00001010 [4f e5 cd]
==> 1166:  PUSH HL             PC:1167 AF:740a BC:4874 DE:4c6f HL:09e7 SP:f78f IX:0000 IY:0000 Flags:00001010 [e5 cd 84]
==> 1167:  CALL ff84h          PC:ff84 AF:740a BC:4874 DE:4c6f HL:09e7 SP:f78d IX:0000 IY:0000 Flags:00001010 [cd 84 ff]
t==> ff84:  RET                 PC:116a AF:740a BC:4874 DE:4c6f HL:09e7 SP:f78f IX:0000 IY:0000 Flags:00001010 [c9 c9 c9]
==> 116a:  POP HL              PC:116b AF:740a BC:4874 DE:4c6f HL:09e7 SP:f791 IX:0000 IY:0000 Flags:00001010 [e1 d1 c1]
==> 116b:  POP DE              PC:116c AF:740a BC:4874 DE:4c6f HL:09e7 SP:f793 IX:0000 IY:0000 Flags:00001010 [d1 c1 f1]
==> 116c:  POP BC              PC:116d AF:740a BC:4873 DE:4c6f HL:09e7 SP:f795 IX:0000 IY:0000 Flags:00001010 [c1 f1 c9]
==> 116d:  POP AF              PC:116e AF:740a BC:4873 DE:4c6f HL:09e7 SP:f797 IX:0000 IY:0000 Flags:00001010 [f1 c9 e5]
==> 116e:  RET                 PC:228c AF:740a BC:4873 DE:4c6f HL:09e7 SP:f799 IX:0000 IY:0000 Flags:00001010 [c9 e5 2a]
==> 228c:  CP A, 0dh           PC:228e AF:741a BC:4873 DE:4c6f HL:09e7 SP:f799 IX:0000 IY:0000 Flags:00011010 [fe 0d cc]
==> 228e:  CALL Z, 17f2h       PC:2291 AF:741a BC:4873 DE:4c6f HL:09e7 SP:f799 IX:0000 IY:0000 Flags:00011010 [cc f2 17]
==> 2291:  INC BC              PC:2292 AF:741a BC:4874 DE:4c6f HL:09e7 SP:f799 IX:0000 IY:0000 Flags:00011010 [03 c3 86]
==> 2292:  JP 2286h            PC:2286 AF:741a BC:4874 DE:4c6f HL:09e7 SP:f799 IX:0000 IY:0000 Flags:00011010 [c3 86 22]
==> 2286:  DEC D               PC:2287 AF:740a BC:4874 DE:4b6f HL:09e7 SP:f799 IX:0000 IY:0000 Flags:00001010 [15 c8 0a]
==> 2287:  RET Z               PC:2288 AF:740a BC:4874 DE:4b6f HL:09e7 SP:f799 IX:0000 IY:0000 Flags:00001010 [c8 0a cd]
==> 2288:  LD A, (BC)          PC:2289 AF:650a BC:4874 DE:4b6f HL:09e7 SP:f799 IX:0000 IY:0000 Flags:00001010 [0a cd c5]
==> 2289:  CALL 10c5h          PC:10c5 AF:650a BC:4874 DE:4b6f HL:09e7 SP:f797 IX:0000 IY:0000 Flags:00001010 [cd c5 10]
==> 10c5:  PUSH AF             PC:10c6 AF:650a BC:4874 DE:4b6f HL:09e7 SP:f795 IX:0000 IY:0000 Flags:00001010 [f5 e5 2a]
==> 10c6:  PUSH HL             PC:10c7 AF:650a BC:4874 DE:4b6f HL:09e7 SP:f793 IX:0000 IY:0000 Flags:00001010 [e5 2a 35]
==> 10c7:  LD HL, (0735h)      PC:10ca AF:650a BC:4874 DE:4b6f HL:0000 SP:f793 IX:0000 IY:0000 Flags:00001010 [2a 35 07]
==> 10ca:  LD A, H             PC:10cb AF:000a BC:4874 DE:4b6f HL:0000 SP:f793 IX:0000 IY:0000 Flags:00001010 [7c b5 c2]
==> 10cb:  OR A, L             PC:10cc AF:0044 BC:4874 DE:4b6f HL:0000 SP:f793 IX:0000 IY:0000 Flags:01000100 [b5 c2 14]
==> 10cc:  JP NZ, 2e14h        PC:10cf AF:0044 BC:4874 DE:4b6f HL:0000 SP:f793 IX:0000 IY:0000 Flags:01000100 [c2 14 2e]
==> 10cf:  POP HL              PC:10d0 AF:0044 BC:4874 DE:4b6f HL:09e7 SP:f795 IX:0000 IY:0000 Flags:01000100 [e1 3a 26]
==> 10d0:  LD A, (0726h)       PC:10d3 AF:0044 BC:4874 DE:4b6f HL:09e7 SP:f795 IX:0000 IY:0000 Flags:01000100 [3a 26 07]
==> 10d3:  OR A, A             PC:10d4 AF:0044 BC:4874 DE:4b6f HL:09e7 SP:f795 IX:0000 IY:0000 Flags:01000100 [b7 ca 29]
==> 10d4:  JP Z, 1129h         PC:1129 AF:0044 BC:4874 DE:4b6f HL:09e7 SP:f795 IX:0000 IY:0000 Flags:01000100 [ca 29 11]
==> 1129:  LD A, (072ah)       PC:112c AF:0044 BC:4874 DE:4b6f HL:09e7 SP:f795 IX:0000 IY:0000 Flags:01000100 [3a 2a 07]
==> 112c:  OR A, A             PC:112d AF:0044 BC:4874 DE:4b6f HL:09e7 SP:f795 IX:0000 IY:0000 Flags:01000100 [b7 c2 b1]
==> 112d:  JP NZ, 22b1h        PC:1130 AF:0044 BC:4874 DE:4b6f HL:09e7 SP:f795 IX:0000 IY:0000 Flags:01000100 [c2 b1 22]
==> 1130:  POP AF              PC:1131 AF:650a BC:4874 DE:4b6f HL:09e7 SP:f797 IX:0000 IY:0000 Flags:00001010 [f1 c5 f5]
==> 1131:  PUSH BC             PC:1132 AF:650a BC:4874 DE:4b6f HL:09e7 SP:f795 IX:0000 IY:0000 Flags:00001010 [c5 f5 fe]
==> 1132:  PUSH AF             PC:1133 AF:650a BC:4874 DE:4b6f HL:09e7 SP:f793 IX:0000 IY:0000 Flags:00001010 [f5 fe 09]
==> 1133:  CP A, 09h           PC:1135 AF:651a BC:4874 DE:4b6f HL:09e7 SP:f793 IX:0000 IY:0000 Flags:00011010 [fe 09 c2]
==> 1135:  JP NZ, 1148h        PC:1148 AF:651a BC:4874 DE:4b6f HL:09e7 SP:f793 IX:0000 IY:0000 Flags:00011010 [c2 48 11]
==> 1148:  CP A, 20h           PC:114a AF:6522 BC:4874 DE:4b6f HL:09e7 SP:f793 IX:0000 IY:0000 Flags:00100010 [fe 20 da]
==> 114a:  JP C, 115ch         PC:114d AF:6522 BC:4874 DE:4b6f HL:09e7 SP:f793 IX:0000 IY:0000 Flags:00100010 [da 5c 11]
==> 114d:  LD A, (0727h)       PC:1150 AF:4822 BC:4874 DE:4b6f HL:09e7 SP:f793 IX:0000 IY:0000 Flags:00100010 [3a 27 07]
==> 1150:  LD B, A             PC:1151 AF:4822 BC:4874 DE:4b6f HL:09e7 SP:f793 IX:0000 IY:0000 Flags:00100010 [47 3a cf]
==> 1151:  LD A, (09cfh)       PC:1154 AF:0922 BC:4874 DE:4b6f HL:09e7 SP:f793 IX:0000 IY:0000 Flags:00100010 [3a cf 09]
==> 1154:  CP A, B             PC:1155 AF:098b BC:4874 DE:4b6f HL:09e7 SP:f793 IX:0000 IY:0000 Flags:10001011 [b8 cc e8]
==> 1155:  CALL Z, 17e8h       PC:1158 AF:098b BC:4874 DE:4b6f HL:09e7 SP:f793 IX:0000 IY:0000 Flags:10001011 [cc e8 17]
==> 1158:  INC A               PC:1159 AF:0a09 BC:4874 DE:4b6f HL:09e7 SP:f793 IX:0000 IY:0000 Flags:00001001 [3c 32 cf]
==> 1159:  LD (09cfh), A       PC:115c AF:0a09 BC:4874 DE:4b6f HL:09e7 SP:f793 IX:0000 IY:0000 Flags:00001001 [32 cf 09]
==> 115c:  POP AF              PC:115d AF:650a BC:4874 DE:4b6f HL:09e7 SP:f795 IX:0000 IY:0000 Flags:00001010 [f1 c1 f5]
==> 115d:  POP BC              PC:115e AF:650a BC:4874 DE:4b6f HL:09e7 SP:f797 IX:0000 IY:0000 Flags:00001010 [c1 f5 f1]
==> 115e:  PUSH AF             PC:115f AF:650a BC:4874 DE:4b6f HL:09e7 SP:f795 IX:0000 IY:0000 Flags:00001010 [f5 f1 f5]
==> 115f:  POP AF              PC:1160 AF:650a BC:4874 DE:4b6f HL:09e7 SP:f797 IX:0000 IY:0000 Flags:00001010 [f1 f5 c5]
==> 1160:  PUSH AF             PC:1161 AF:650a BC:4874 DE:4b6f HL:09e7 SP:f795 IX:0000 IY:0000 Flags:00001010 [f5 c5 d5]
==> 1161:  PUSH BC             PC:1162 AF:650a BC:4874 DE:4b6f HL:09e7 SP:f793 IX:0000 IY:0000 Flags:00001010 [c5 d5 0e]
==> 1162:  PUSH DE             PC:1163 AF:650a BC:4874 DE:4b6f HL:09e7 SP:f791 IX:0000 IY:0000 Flags:00001010 [d5 0e 02]
==> 1163:  LD C, 02h           PC:1165 AF:650a BC:4802 DE:4b6f HL:09e7 SP:f791 IX:0000 IY:0000 Flags:00001010 [0e 02 4f]
==> 1165:  LD C, A             PC:1166 AF:650a BC:4865 DE:4b6f HL:09e7 SP:f791 IX:0000 IY:0000 Flags:00001010 [4f e5 cd]
==> 1166:  PUSH HL             PC:1167 AF:650a BC:4865 DE:4b6f HL:09e7 SP:f78f IX:0000 IY:0000 Flags:00001010 [e5 cd 84]
==> 1167:  CALL ff84h          PC:ff84 AF:650a BC:4865 DE:4b6f HL:09e7 SP:f78d IX:0000 IY:0000 Flags:00001010 [cd 84 ff]
e==> ff84:  RET                 PC:116a AF:650a BC:4865 DE:4b6f HL:09e7 SP:f78f IX:0000 IY:0000 Flags:00001010 [c9 c9 c9]
==> 116a:  POP HL              PC:116b AF:650a BC:4865 DE:4b6f HL:09e7 SP:f791 IX:0000 IY:0000 Flags:00001010 [e1 d1 c1]
==> 116b:  POP DE              PC:116c AF:650a BC:4865 DE:4b6f HL:09e7 SP:f793 IX:0000 IY:0000 Flags:00001010 [d1 c1 f1]
==> 116c:  POP BC              PC:116d AF:650a BC:4874 DE:4b6f HL:09e7 SP:f795 IX:0000 IY:0000 Flags:00001010 [c1 f1 c9]
==> 116d:  POP AF              PC:116e AF:650a BC:4874 DE:4b6f HL:09e7 SP:f797 IX:0000 IY:0000 Flags:00001010 [f1 c9 e5]
==> 116e:  RET                 PC:228c AF:650a BC:4874 DE:4b6f HL:09e7 SP:f799 IX:0000 IY:0000 Flags:00001010 [c9 e5 2a]
==> 228c:  CP A, 0dh           PC:228e AF:651a BC:4874 DE:4b6f HL:09e7 SP:f799 IX:0000 IY:0000 Flags:00011010 [fe 0d cc]
==> 228e:  CALL Z, 17f2h       PC:2291 AF:651a BC:4874 DE:4b6f HL:09e7 SP:f799 IX:0000 IY:0000 Flags:00011010 [cc f2 17]
==> 2291:  INC BC              PC:2292 AF:651a BC:4875 DE:4b6f HL:09e7 SP:f799 IX:0000 IY:0000 Flags:00011010 [03 c3 86]
==> 2292:  JP 2286h            PC:2286 AF:651a BC:4875 DE:4b6f HL:09e7 SP:f799 IX:0000 IY:0000 Flags:00011010 [c3 86 22]
==> 2286:  DEC D               PC:2287 AF:650a BC:4875 DE:4a6f HL:09e7 SP:f799 IX:0000 IY:0000 Flags:00001010 [15 c8 0a]
==> 2287:  RET Z               PC:2288 AF:650a BC:4875 DE:4a6f HL:09e7 SP:f799 IX:0000 IY:0000 Flags:00001010 [c8 0a cd]
==> 2288:  LD A, (BC)          PC:2289 AF:730a BC:4875 DE:4a6f HL:09e7 SP:f799 IX:0000 IY:0000 Flags:00001010 [0a cd c5]
==> 2289:  CALL 10c5h          PC:10c5 AF:730a BC:4875 DE:4a6f HL:09e7 SP:f797 IX:0000 IY:0000 Flags:00001010 [cd c5 10]
==> 10c5:  PUSH AF             PC:10c6 AF:730a BC:4875 DE:4a6f HL:09e7 SP:f795 IX:0000 IY:0000 Flags:00001010 [f5 e5 2a]
==> 10c6:  PUSH HL             PC:10c7 AF:730a BC:4875 DE:4a6f HL:09e7 SP:f793 IX:0000 IY:0000 Flags:00001010 [e5 2a 35]
==> 10c7:  LD HL, (0735h)      PC:10ca AF:730a BC:4875 DE:4a6f HL:0000 SP:f793 IX:0000 IY:0000 Flags:00001010 [2a 35 07]
==> 10ca:  LD A, H             PC:10cb AF:000a BC:4875 DE:4a6f HL:0000 SP:f793 IX:0000 IY:0000 Flags:00001010 [7c b5 c2]
==> 10cb:  OR A, L             PC:10cc AF:0044 BC:4875 DE:4a6f HL:0000 SP:f793 IX:0000 IY:0000 Flags:01000100 [b5 c2 14]
==> 10cc:  JP NZ, 2e14h        PC:10cf AF:0044 BC:4875 DE:4a6f HL:0000 SP:f793 IX:0000 IY:0000 Flags:01000100 [c2 14 2e]
==> 10cf:  POP HL              PC:10d0 AF:0044 BC:4875 DE:4a6f HL:09e7 SP:f795 IX:0000 IY:0000 Flags:01000100 [e1 3a 26]
==> 10d0:  LD A, (0726h)       PC:10d3 AF:0044 BC:4875 DE:4a6f HL:09e7 SP:f795 IX:0000 IY:0000 Flags:01000100 [3a 26 07]
==> 10d3:  OR A, A             PC:10d4 AF:0044 BC:4875 DE:4a6f HL:09e7 SP:f795 IX:0000 IY:0000 Flags:01000100 [b7 ca 29]
==> 10d4:  JP Z, 1129h         PC:1129 AF:0044 BC:4875 DE:4a6f HL:09e7 SP:f795 IX:0000 IY:0000 Flags:01000100 [ca 29 11]
==> 1129:  LD A, (072ah)       PC:112c AF:0044 BC:4875 DE:4a6f HL:09e7 SP:f795 IX:0000 IY:0000 Flags:01000100 [3a 2a 07]
==> 112c:  OR A, A             PC:112d AF:0044 BC:4875 DE:4a6f HL:09e7 SP:f795 IX:0000 IY:0000 Flags:01000100 [b7 c2 b1]
==> 112d:  JP NZ, 22b1h        PC:1130 AF:0044 BC:4875 DE:4a6f HL:09e7 SP:f795 IX:0000 IY:0000 Flags:01000100 [c2 b1 22]
==> 1130:  POP AF              PC:1131 AF:730a BC:4875 DE:4a6f HL:09e7 SP:f797 IX:0000 IY:0000 Flags:00001010 [f1 c5 f5]
==> 1131:  PUSH BC             PC:1132 AF:730a BC:4875 DE:4a6f HL:09e7 SP:f795 IX:0000 IY:0000 Flags:00001010 [c5 f5 fe]
==> 1132:  PUSH AF             PC:1133 AF:730a BC:4875 DE:4a6f HL:09e7 SP:f793 IX:0000 IY:0000 Flags:00001010 [f5 fe 09]
==> 1133:  CP A, 09h           PC:1135 AF:731a BC:4875 DE:4a6f HL:09e7 SP:f793 IX:0000 IY:0000 Flags:00011010 [fe 09 c2]
==> 1135:  JP NZ, 1148h        PC:1148 AF:731a BC:4875 DE:4a6f HL:09e7 SP:f793 IX:0000 IY:0000 Flags:00011010 [c2 48 11]
==> 1148:  CP A, 20h           PC:114a AF:7322 BC:4875 DE:4a6f HL:09e7 SP:f793 IX:0000 IY:0000 Flags:00100010 [fe 20 da]
==> 114a:  JP C, 115ch         PC:114d AF:7322 BC:4875 DE:4a6f HL:09e7 SP:f793 IX:0000 IY:0000 Flags:00100010 [da 5c 11]
==> 114d:  LD A, (0727h)       PC:1150 AF:4822 BC:4875 DE:4a6f HL:09e7 SP:f793 IX:0000 IY:0000 Flags:00100010 [3a 27 07]
==> 1150:  LD B, A             PC:1151 AF:4822 BC:4875 DE:4a6f HL:09e7 SP:f793 IX:0000 IY:0000 Flags:00100010 [47 3a cf]
==> 1151:  LD A, (09cfh)       PC:1154 AF:0a22 BC:4875 DE:4a6f HL:09e7 SP:f793 IX:0000 IY:0000 Flags:00100010 [3a cf 09]
==> 1154:  CP A, B             PC:1155 AF:0a8b BC:4875 DE:4a6f HL:09e7 SP:f793 IX:0000 IY:0000 Flags:10001011 [b8 cc e8]
==> 1155:  CALL Z, 17e8h       PC:1158 AF:0a8b BC:4875 DE:4a6f HL:09e7 SP:f793 IX:0000 IY:0000 Flags:10001011 [cc e8 17]
==> 1158:  INC A               PC:1159 AF:0b09 BC:4875 DE:4a6f HL:09e7 SP:f793 IX:0000 IY:0000 Flags:00001001 [3c 32 cf]
==> 1159:  LD (09cfh), A       PC:115c AF:0b09 BC:4875 DE:4a6f HL:09e7 SP:f793 IX:0000 IY:0000 Flags:00001001 [32 cf 09]
==> 115c:  POP AF              PC:115d AF:730a BC:4875 DE:4a6f HL:09e7 SP:f795 IX:0000 IY:0000 Flags:00001010 [f1 c1 f5]
==> 115d:  POP BC              PC:115e AF:730a BC:4875 DE:4a6f HL:09e7 SP:f797 IX:0000 IY:0000 Flags:00001010 [c1 f5 f1]
==> 115e:  PUSH AF             PC:115f AF:730a BC:4875 DE:4a6f HL:09e7 SP:f795 IX:0000 IY:0000 Flags:00001010 [f5 f1 f5]
==> 115f:  POP AF              PC:1160 AF:730a BC:4875 DE:4a6f HL:09e7 SP:f797 IX:0000 IY:0000 Flags:00001010 [f1 f5 c5]
==> 1160:  PUSH AF             PC:1161 AF:730a BC:4875 DE:4a6f HL:09e7 SP:f795 IX:0000 IY:0000 Flags:00001010 [f5 c5 d5]
==> 1161:  PUSH BC             PC:1162 AF:730a BC:4875 DE:4a6f HL:09e7 SP:f793 IX:0000 IY:0000 Flags:00001010 [c5 d5 0e]
==> 1162:  PUSH DE             PC:1163 AF:730a BC:4875 DE:4a6f HL:09e7 SP:f791 IX:0000 IY:0000 Flags:00001010 [d5 0e 02]
==> 1163:  LD C, 02h           PC:1165 AF:730a BC:4802 DE:4a6f HL:09e7 SP:f791 IX:0000 IY:0000 Flags:00001010 [0e 02 4f]
==> 1165:  LD C, A             PC:1166 AF:730a BC:4873 DE:4a6f HL:09e7 SP:f791 IX:0000 IY:0000 Flags:00001010 [4f e5 cd]
==> 1166:  PUSH HL             PC:1167 AF:730a BC:4873 DE:4a6f HL:09e7 SP:f78f IX:0000 IY:0000 Flags:00001010 [e5 cd 84]
==> 1167:  CALL ff84h          PC:ff84 AF:730a BC:4873 DE:4a6f HL:09e7 SP:f78d IX:0000 IY:0000 Flags:00001010 [cd 84 ff]
s==> ff84:  RET                 PC:116a AF:730a BC:4873 DE:4a6f HL:09e7 SP:f78f IX:0000 IY:0000 Flags:00001010 [c9 c9 c9]
==> 116a:  POP HL              PC:116b AF:730a BC:4873 DE:4a6f HL:09e7 SP:f791 IX:0000 IY:0000 Flags:00001010 [e1 d1 c1]
==> 116b:  POP DE              PC:116c AF:730a BC:4873 DE:4a6f HL:09e7 SP:f793 IX:0000 IY:0000 Flags:00001010 [d1 c1 f1]
==> 116c:  POP BC              PC:116d AF:730a BC:4875 DE:4a6f HL:09e7 SP:f795 IX:0000 IY:0000 Flags:00001010 [c1 f1 c9]
==> 116d:  POP AF              PC:116e AF:730a BC:4875 DE:4a6f HL:09e7 SP:f797 IX:0000 IY:0000 Flags:00001010 [f1 c9 e5]
==> 116e:  RET                 PC:228c AF:730a BC:4875 DE:4a6f HL:09e7 SP:f799 IX:0000 IY:0000 Flags:00001010 [c9 e5 2a]
==> 228c:  CP A, 0dh           PC:228e AF:731a BC:4875 DE:4a6f HL:09e7 SP:f799 IX:0000 IY:0000 Flags:00011010 [fe 0d cc]
==> 228e:  CALL Z, 17f2h       PC:2291 AF:731a BC:4875 DE:4a6f HL:09e7 SP:f799 IX:0000 IY:0000 Flags:00011010 [cc f2 17]
==> 2291:  INC BC              PC:2292 AF:731a BC:4876 DE:4a6f HL:09e7 SP:f799 IX:0000 IY:0000 Flags:00011010 [03 c3 86]
==> 2292:  JP 2286h            PC:2286 AF:731a BC:4876 DE:4a6f HL:09e7 SP:f799 IX:0000 IY:0000 Flags:00011010 [c3 86 22]
==> 2286:  DEC D               PC:2287 AF:730a BC:4876 DE:496f HL:09e7 SP:f799 IX:0000 IY:0000 Flags:00001010 [15 c8 0a]
==> 2287:  RET Z               PC:2288 AF:730a BC:4876 DE:496f HL:09e7 SP:f799 IX:0000 IY:0000 Flags:00001010 [c8 0a cd]
==> 2288:  LD A, (BC)          PC:2289 AF:200a BC:4876 DE:496f HL:09e7 SP:f799 IX:0000 IY:0000 Flags:00001010 [0a cd c5]
==> 2289:  CALL 10c5h          PC:10c5 AF:200a BC:4876 DE:496f HL:09e7 SP:f797 IX:0000 IY:0000 Flags:00001010 [cd c5 10]
==> 10c5:  PUSH AF             PC:10c6 AF:200a BC:4876 DE:496f HL:09e7 SP:f795 IX:0000 IY:0000 Flags:00001010 [f5 e5 2a]
==> 10c6:  PUSH HL             PC:10c7 AF:200a BC:4876 DE:496f HL:09e7 SP:f793 IX:0000 IY:0000 Flags:00001010 [e5 2a 35]
==> 10c7:  LD HL, (0735h)      PC:10ca AF:200a BC:4876 DE:496f HL:0000 SP:f793 IX:0000 IY:0000 Flags:00001010 [2a 35 07]
==> 10ca:  LD A, H             PC:10cb AF:000a BC:4876 DE:496f HL:0000 SP:f793 IX:0000 IY:0000 Flags:00001010 [7c b5 c2]
==> 10cb:  OR A, L             PC:10cc AF:0044 BC:4876 DE:496f HL:0000 SP:f793 IX:0000 IY:0000 Flags:01000100 [b5 c2 14]
==> 10cc:  JP NZ, 2e14h        PC:10cf AF:0044 BC:4876 DE:496f HL:0000 SP:f793 IX:0000 IY:0000 Flags:01000100 [c2 14 2e]
==> 10cf:  POP HL              PC:10d0 AF:0044 BC:4876 DE:496f HL:09e7 SP:f795 IX:0000 IY:0000 Flags:01000100 [e1 3a 26]
==> 10d0:  LD A, (0726h)       PC:10d3 AF:0044 BC:4876 DE:496f HL:09e7 SP:f795 IX:0000 IY:0000 Flags:01000100 [3a 26 07]
==> 10d3:  OR A, A             PC:10d4 AF:0044 BC:4876 DE:496f HL:09e7 SP:f795 IX:0000 IY:0000 Flags:01000100 [b7 ca 29]
==> 10d4:  JP Z, 1129h         PC:1129 AF:0044 BC:4876 DE:496f HL:09e7 SP:f795 IX:0000 IY:0000 Flags:01000100 [ca 29 11]
==> 1129:  LD A, (072ah)       PC:112c AF:0044 BC:4876 DE:496f HL:09e7 SP:f795 IX:0000 IY:0000 Flags:01000100 [3a 2a 07]
==> 112c:  OR A, A             PC:112d AF:0044 BC:4876 DE:496f HL:09e7 SP:f795 IX:0000 IY:0000 Flags:01000100 [b7 c2 b1]
==> 112d:  JP NZ, 22b1h        PC:1130 AF:0044 BC:4876 DE:496f HL:09e7 SP:f795 IX:0000 IY:0000 Flags:01000100 [c2 b1 22]
==> 1130:  POP AF              PC:1131 AF:200a BC:4876 DE:496f HL:09e7 SP:f797 IX:0000 IY:0000 Flags:00001010 [f1 c5 f5]
==> 1131:  PUSH BC             PC:1132 AF:200a BC:4876 DE:496f HL:09e7 SP:f795 IX:0000 IY:0000 Flags:00001010 [c5 f5 fe]
==> 1132:  PUSH AF             PC:1133 AF:200a BC:4876 DE:496f HL:09e7 SP:f793 IX:0000 IY:0000 Flags:00001010 [f5 fe 09]
==> 1133:  CP A, 09h           PC:1135 AF:201a BC:4876 DE:496f HL:09e7 SP:f793 IX:0000 IY:0000 Flags:00011010 [fe 09 c2]
==> 1135:  JP NZ, 1148h        PC:1148 AF:201a BC:4876 DE:496f HL:09e7 SP:f793 IX:0000 IY:0000 Flags:00011010 [c2 48 11]
==> 1148:  CP A, 20h           PC:114a AF:2062 BC:4876 DE:496f HL:09e7 SP:f793 IX:0000 IY:0000 Flags:01100010 [fe 20 da]
==> 114a:  JP C, 115ch         PC:114d AF:2062 BC:4876 DE:496f HL:09e7 SP:f793 IX:0000 IY:0000 Flags:01100010 [da 5c 11]
==> 114d:  LD A, (0727h)       PC:1150 AF:4862 BC:4876 DE:496f HL:09e7 SP:f793 IX:0000 IY:0000 Flags:01100010 [3a 27 07]
==> 1150:  LD B, A             PC:1151 AF:4862 BC:4876 DE:496f HL:09e7 SP:f793 IX:0000 IY:0000 Flags:01100010 [47 3a cf]
==> 1151:  LD A, (09cfh)       PC:1154 AF:0b62 BC:4876 DE:496f HL:09e7 SP:f793 IX:0000 IY:0000 Flags:01100010 [3a cf 09]
==> 1154:  CP A, B             PC:1155 AF:0b8b BC:4876 DE:496f HL:09e7 SP:f793 IX:0000 IY:0000 Flags:10001011 [b8 cc e8]
==> 1155:  CALL Z, 17e8h       PC:1158 AF:0b8b BC:4876 DE:496f HL:09e7 SP:f793 IX:0000 IY:0000 Flags:10001011 [cc e8 17]
==> 1158:  INC A               PC:1159 AF:0c09 BC:4876 DE:496f HL:09e7 SP:f793 IX:0000 IY:0000 Flags:00001001 [3c 32 cf]
==> 1159:  LD (09cfh), A       PC:115c AF:0c09 BC:4876 DE:496f HL:09e7 SP:f793 IX:0000 IY:0000 Flags:00001001 [32 cf 09]
==> 115c:  POP AF              PC:115d AF:200a BC:4876 DE:496f HL:09e7 SP:f795 IX:0000 IY:0000 Flags:00001010 [f1 c1 f5]
==> 115d:  POP BC              PC:115e AF:200a BC:4876 DE:496f HL:09e7 SP:f797 IX:0000 IY:0000 Flags:00001010 [c1 f5 f1]
==> 115e:  PUSH AF             PC:115f AF:200a BC:4876 DE:496f HL:09e7 SP:f795 IX:0000 IY:0000 Flags:00001010 [f5 f1 f5]
==> 115f:  POP AF              PC:1160 AF:200a BC:4876 DE:496f HL:09e7 SP:f797 IX:0000 IY:0000 Flags:00001010 [f1 f5 c5]
==> 1160:  PUSH AF             PC:1161 AF:200a BC:4876 DE:496f HL:09e7 SP:f795 IX:0000 IY:0000 Flags:00001010 [f5 c5 d5]
==> 1161:  PUSH BC             PC:1162 AF:200a BC:4876 DE:496f HL:09e7 SP:f793 IX:0000 IY:0000 Flags:00001010 [c5 d5 0e]
==> 1162:  PUSH DE             PC:1163 AF:200a BC:4876 DE:496f HL:09e7 SP:f791 IX:0000 IY:0000 Flags:00001010 [d5 0e 02]
==> 1163:  LD C, 02h           PC:1165 AF:200a BC:4802 DE:496f HL:09e7 SP:f791 IX:0000 IY:0000 Flags:00001010 [0e 02 4f]
==> 1165:  LD C, A             PC:1166 AF:200a BC:4820 DE:496f HL:09e7 SP:f791 IX:0000 IY:0000 Flags:00001010 [4f e5 cd]
==> 1166:  PUSH HL             PC:1167 AF:200a BC:4820 DE:496f HL:09e7 SP:f78f IX:0000 IY:0000 Flags:00001010 [e5 cd 84]
==> 1167:  CALL ff84h          PC:ff84 AF:200a BC:4820 DE:496f HL:09e7 SP:f78d IX:0000 IY:0000 Flags:00001010 [cd 84 ff]
 ==> ff84:  RET                 PC:116a AF:200a BC:4820 DE:496f HL:09e7 SP:f78f IX:0000 IY:0000 Flags:00001010 [c9 c9 c9]
==> 116a:  POP HL              PC:116b AF:200a BC:4820 DE:496f HL:09e7 SP:f791 IX:0000 IY:0000 Flags:00001010 [e1 d1 c1]
==> 116b:  POP DE              PC:116c AF:200a BC:4820 DE:496f HL:09e7 SP:f793 IX:0000 IY:0000 Flags:00001010 [d1 c1 f1]
==> 116c:  POP BC              PC:116d AF:200a BC:4876 DE:496f HL:09e7 SP:f795 IX:0000 IY:0000 Flags:00001010 [c1 f1 c9]
==> 116d:  POP AF              PC:116e AF:200a BC:4876 DE:496f HL:09e7 SP:f797 IX:0000 IY:0000 Flags:00001010 [f1 c9 e5]
==> 116e:  RET                 PC:228c AF:200a BC:4876 DE:496f HL:09e7 SP:f799 IX:0000 IY:0000 Flags:00001010 [c9 e5 2a]
==> 228c:  CP A, 0dh           PC:228e AF:201a BC:4876 DE:496f HL:09e7 SP:f799 IX:0000 IY:0000 Flags:00011010 [fe 0d cc]
==> 228e:  CALL Z, 17f2h       PC:2291 AF:201a BC:4876 DE:496f HL:09e7 SP:f799 IX:0000 IY:0000 Flags:00011010 [cc f2 17]
==> 2291:  INC BC              PC:2292 AF:201a BC:4877 DE:496f HL:09e7 SP:f799 IX:0000 IY:0000 Flags:00011010 [03 c3 86]
==> 2292:  JP 2286h            PC:2286 AF:201a BC:4877 DE:496f HL:09e7 SP:f799 IX:0000 IY:0000 Flags:00011010 [c3 86 22]
==> 2286:  DEC D               PC:2287 AF:200a BC:4877 DE:486f HL:09e7 SP:f799 IX:0000 IY:0000 Flags:00001010 [15 c8 0a]
==> 2287:  RET Z               PC:2288 AF:200a BC:4877 DE:486f HL:09e7 SP:f799 IX:0000 IY:0000 Flags:00001010 [c8 0a cd]
==> 2288:  LD A, (BC)          PC:2289 AF:660a BC:4877 DE:486f HL:09e7 SP:f799 IX:0000 IY:0000 Flags:00001010 [0a cd c5]
==> 2289:  CALL 10c5h          PC:10c5 AF:660a BC:4877 DE:486f HL:09e7 SP:f797 IX:0000 IY:0000 Flags:00001010 [cd c5 10]
==> 10c5:  PUSH AF             PC:10c6 AF:660a BC:4877 DE:486f HL:09e7 SP:f795 IX:0000 IY:0000 Flags:00001010 [f5 e5 2a]
==> 10c6:  PUSH HL             PC:10c7 AF:660a BC:4877 DE:486f HL:09e7 SP:f793 IX:0000 IY:0000 Flags:00001010 [e5 2a 35]
==> 10c7:  LD HL, (0735h)      PC:10ca AF:660a BC:4877 DE:486f HL:0000 SP:f793 IX:0000 IY:0000 Flags:00001010 [2a 35 07]
==> 10ca:  LD A, H             PC:10cb AF:000a BC:4877 DE:486f HL:0000 SP:f793 IX:0000 IY:0000 Flags:00001010 [7c b5 c2]
==> 10cb:  OR A, L             PC:10cc AF:0044 BC:4877 DE:486f HL:0000 SP:f793 IX:0000 IY:0000 Flags:01000100 [b5 c2 14]
==> 10cc:  JP NZ, 2e14h        PC:10cf AF:0044 BC:4877 DE:486f HL:0000 SP:f793 IX:0000 IY:0000 Flags:01000100 [c2 14 2e]
==> 10cf:  POP HL              PC:10d0 AF:0044 BC:4877 DE:486f HL:09e7 SP:f795 IX:0000 IY:0000 Flags:01000100 [e1 3a 26]
==> 10d0:  LD A, (0726h)       PC:10d3 AF:0044 BC:4877 DE:486f HL:09e7 SP:f795 IX:0000 IY:0000 Flags:01000100 [3a 26 07]
==> 10d3:  OR A, A             PC:10d4 AF:0044 BC:4877 DE:486f HL:09e7 SP:f795 IX:0000 IY:0000 Flags:01000100 [b7 ca 29]
==> 10d4:  JP Z, 1129h         PC:1129 AF:0044 BC:4877 DE:486f HL:09e7 SP:f795 IX:0000 IY:0000 Flags:01000100 [ca 29 11]
==> 1129:  LD A, (072ah)       PC:112c AF:0044 BC:4877 DE:486f HL:09e7 SP:f795 IX:0000 IY:0000 Flags:01000100 [3a 2a 07]
==> 112c:  OR A, A             PC:112d AF:0044 BC:4877 DE:486f HL:09e7 SP:f795 IX:0000 IY:0000 Flags:01000100 [b7 c2 b1]
==> 112d:  JP NZ, 22b1h        PC:1130 AF:0044 BC:4877 DE:486f HL:09e7 SP:f795 IX:0000 IY:0000 Flags:01000100 [c2 b1 22]
==> 1130:  POP AF              PC:1131 AF:660a BC:4877 DE:486f HL:09e7 SP:f797 IX:0000 IY:0000 Flags:00001010 [f1 c5 f5]
==> 1131:  PUSH BC             PC:1132 AF:660a BC:4877 DE:486f HL:09e7 SP:f795 IX:0000 IY:0000 Flags:00001010 [c5 f5 fe]
==> 1132:  PUSH AF             PC:1133 AF:660a BC:4877 DE:486f HL:09e7 SP:f793 IX:0000 IY:0000 Flags:00001010 [f5 fe 09]
==> 1133:  CP A, 09h           PC:1135 AF:661a BC:4877 DE:486f HL:09e7 SP:f793 IX:0000 IY:0000 Flags:00011010 [fe 09 c2]
==> 1135:  JP NZ, 1148h        PC:1148 AF:661a BC:4877 DE:486f HL:09e7 SP:f793 IX:0000 IY:0000 Flags:00011010 [c2 48 11]
==> 1148:  CP A, 20h           PC:114a AF:6622 BC:4877 DE:486f HL:09e7 SP:f793 IX:0000 IY:0000 Flags:00100010 [fe 20 da]
==> 114a:  JP C, 115ch         PC:114d AF:6622 BC:4877 DE:486f HL:09e7 SP:f793 IX:0000 IY:0000 Flags:00100010 [da 5c 11]
==> 114d:  LD A, (0727h)       PC:1150 AF:4822 BC:4877 DE:486f HL:09e7 SP:f793 IX:0000 IY:0000 Flags:00100010 [3a 27 07]
==> 1150:  LD B, A             PC:1151 AF:4822 BC:4877 DE:486f HL:09e7 SP:f793 IX:0000 IY:0000 Flags:00100010 [47 3a cf]
==> 1151:  LD A, (09cfh)       PC:1154 AF:0c22 BC:4877 DE:486f HL:09e7 SP:f793 IX:0000 IY:0000 Flags:00100010 [3a cf 09]
==> 1154:  CP A, B             PC:1155 AF:0c8b BC:4877 DE:486f HL:09e7 SP:f793 IX:0000 IY:0000 Flags:10001011 [b8 cc e8]
==> 1155:  CALL Z, 17e8h       PC:1158 AF:0c8b BC:4877 DE:486f HL:09e7 SP:f793 IX:0000 IY:0000 Flags:10001011 [cc e8 17]
==> 1158:  INC A               PC:1159 AF:0d09 BC:4877 DE:486f HL:09e7 SP:f793 IX:0000 IY:0000 Flags:00001001 [3c 32 cf]
==> 1159:  LD (09cfh), A       PC:115c AF:0d09 BC:4877 DE:486f HL:09e7 SP:f793 IX:0000 IY:0000 Flags:00001001 [32 cf 09]
==> 115c:  POP AF              PC:115d AF:660a BC:4877 DE:486f HL:09e7 SP:f795 IX:0000 IY:0000 Flags:00001010 [f1 c1 f5]
==> 115d:  POP BC              PC:115e AF:660a BC:4877 DE:486f HL:09e7 SP:f797 IX:0000 IY:0000 Flags:00001010 [c1 f5 f1]
==> 115e:  PUSH AF             PC:115f AF:660a BC:4877 DE:486f HL:09e7 SP:f795 IX:0000 IY:0000 Flags:00001010 [f5 f1 f5]
==> 115f:  POP AF              PC:1160 AF:660a BC:4877 DE:486f HL:09e7 SP:f797 IX:0000 IY:0000 Flags:00001010 [f1 f5 c5]
==> 1160:  PUSH AF             PC:1161 AF:660a BC:4877 DE:486f HL:09e7 SP:f795 IX:0000 IY:0000 Flags:00001010 [f5 c5 d5]
==> 1161:  PUSH BC             PC:1162 AF:660a BC:4877 DE:486f HL:09e7 SP:f793 IX:0000 IY:0000 Flags:00001010 [c5 d5 0e]
==> 1162:  PUSH DE             PC:1163 AF:660a BC:4877 DE:486f HL:09e7 SP:f791 IX:0000 IY:0000 Flags:00001010 [d5 0e 02]
==> 1163:  LD C, 02h           PC:1165 AF:660a BC:4802 DE:486f HL:09e7 SP:f791 IX:0000 IY:0000 Flags:00001010 [0e 02 4f]
==> 1165:  LD C, A             PC:1166 AF:660a BC:4866 DE:486f HL:09e7 SP:f791 IX:0000 IY:0000 Flags:00001010 [4f e5 cd]
==> 1166:  PUSH HL             PC:1167 AF:660a BC:4866 DE:486f HL:09e7 SP:f78f IX:0000 IY:0000 Flags:00001010 [e5 cd 84]
==> 1167:  CALL ff84h          PC:ff84 AF:660a BC:4866 DE:486f HL:09e7 SP:f78d IX:0000 IY:0000 Flags:00001010 [cd 84 ff]
f==> ff84:  RET                 PC:116a AF:660a BC:4866 DE:486f HL:09e7 SP:f78f IX:0000 IY:0000 Flags:00001010 [c9 c9 c9]
==> 116a:  POP HL              PC:116b AF:660a BC:4866 DE:486f HL:09e7 SP:f791 IX:0000 IY:0000 Flags:00001010 [e1 d1 c1]
==> 116b:  POP DE              PC:116c AF:660a BC:4866 DE:486f HL:09e7 SP:f793 IX:0000 IY:0000 Flags:00001010 [d1 c1 f1]
==> 116c:  POP BC              PC:116d AF:660a BC:4877 DE:486f HL:09e7 SP:f795 IX:0000 IY:0000 Flags:00001010 [c1 f1 c9]
==> 116d:  POP AF              PC:116e AF:660a BC:4877 DE:486f HL:09e7 SP:f797 IX:0000 IY:0000 Flags:00001010 [f1 c9 e5]
==> 116e:  RET                 PC:228c AF:660a BC:4877 DE:486f HL:09e7 SP:f799 IX:0000 IY:0000 Flags:00001010 [c9 e5 2a]
==> 228c:  CP A, 0dh           PC:228e AF:661a BC:4877 DE:486f HL:09e7 SP:f799 IX:0000 IY:0000 Flags:00011010 [fe 0d cc]
==> 228e:  CALL Z, 17f2h       PC:2291 AF:661a BC:4877 DE:486f HL:09e7 SP:f799 IX:0000 IY:0000 Flags:00011010 [cc f2 17]
==> 2291:  INC BC              PC:2292 AF:661a BC:4878 DE:486f HL:09e7 SP:f799 IX:0000 IY:0000 Flags:00011010 [03 c3 86]
==> 2292:  JP 2286h            PC:2286 AF:661a BC:4878 DE:486f HL:09e7 SP:f799 IX:0000 IY:0000 Flags:00011010 [c3 86 22]
==> 2286:  DEC D               PC:2287 AF:6602 BC:4878 DE:476f HL:09e7 SP:f799 IX:0000 IY:0000 Flags:00000010 [15 c8 0a]
==> 2287:  RET Z               PC:2288 AF:6602 BC:4878 DE:476f HL:09e7 SP:f799 IX:0000 IY:0000 Flags:00000010 [c8 0a cd]
==> 2288:  LD A, (BC)          PC:2289 AF:7202 BC:4878 DE:476f HL:09e7 SP:f799 IX:0000 IY:0000 Flags:00000010 [0a cd c5]
==> 2289:  CALL 10c5h          PC:10c5 AF:7202 BC:4878 DE:476f HL:09e7 SP:f797 IX:0000 IY:0000 Flags:00000010 [cd c5 10]
==> 10c5:  PUSH AF             PC:10c6 AF:7202 BC:4878 DE:476f HL:09e7 SP:f795 IX:0000 IY:0000 Flags:00000010 [f5 e5 2a]
==> 10c6:  PUSH HL             PC:10c7 AF:7202 BC:4878 DE:476f HL:09e7 SP:f793 IX:0000 IY:0000 Flags:00000010 [e5 2a 35]
==> 10c7:  LD HL, (0735h)      PC:10ca AF:7202 BC:4878 DE:476f HL:0000 SP:f793 IX:0000 IY:0000 Flags:00000010 [2a 35 07]
==> 10ca:  LD A, H             PC:10cb AF:0002 BC:4878 DE:476f HL:0000 SP:f793 IX:0000 IY:0000 Flags:00000010 [7c b5 c2]
==> 10cb:  OR A, L             PC:10cc AF:0044 BC:4878 DE:476f HL:0000 SP:f793 IX:0000 IY:0000 Flags:01000100 [b5 c2 14]
==> 10cc:  JP NZ, 2e14h        PC:10cf AF:0044 BC:4878 DE:476f HL:0000 SP:f793 IX:0000 IY:0000 Flags:01000100 [c2 14 2e]
==> 10cf:  POP HL              PC:10d0 AF:0044 BC:4878 DE:476f HL:09e7 SP:f795 IX:0000 IY:0000 Flags:01000100 [e1 3a 26]
==> 10d0:  LD A, (0726h)       PC:10d3 AF:0044 BC:4878 DE:476f HL:09e7 SP:f795 IX:0000 IY:0000 Flags:01000100 [3a 26 07]
==> 10d3:  OR A, A             PC:10d4 AF:0044 BC:4878 DE:476f HL:09e7 SP:f795 IX:0000 IY:0000 Flags:01000100 [b7 ca 29]
==> 10d4:  JP Z, 1129h         PC:1129 AF:0044 BC:4878 DE:476f HL:09e7 SP:f795 IX:0000 IY:0000 Flags:01000100 [ca 29 11]
==> 1129:  LD A, (072ah)       PC:112c AF:0044 BC:4878 DE:476f HL:09e7 SP:f795 IX:0000 IY:0000 Flags:01000100 [3a 2a 07]
==> 112c:  OR A, A             PC:112d AF:0044 BC:4878 DE:476f HL:09e7 SP:f795 IX:0000 IY:0000 Flags:01000100 [b7 c2 b1]
==> 112d:  JP NZ, 22b1h        PC:1130 AF:0044 BC:4878 DE:476f HL:09e7 SP:f795 IX:0000 IY:0000 Flags:01000100 [c2 b1 22]
==> 1130:  POP AF              PC:1131 AF:7202 BC:4878 DE:476f HL:09e7 SP:f797 IX:0000 IY:0000 Flags:00000010 [f1 c5 f5]
==> 1131:  PUSH BC             PC:1132 AF:7202 BC:4878 DE:476f HL:09e7 SP:f795 IX:0000 IY:0000 Flags:00000010 [c5 f5 fe]
==> 1132:  PUSH AF             PC:1133 AF:7202 BC:4878 DE:476f HL:09e7 SP:f793 IX:0000 IY:0000 Flags:00000010 [f5 fe 09]
==> 1133:  CP A, 09h           PC:1135 AF:721a BC:4878 DE:476f HL:09e7 SP:f793 IX:0000 IY:0000 Flags:00011010 [fe 09 c2]
==> 1135:  JP NZ, 1148h        PC:1148 AF:721a BC:4878 DE:476f HL:09e7 SP:f793 IX:0000 IY:0000 Flags:00011010 [c2 48 11]
==> 1148:  CP A, 20h           PC:114a AF:7222 BC:4878 DE:476f HL:09e7 SP:f793 IX:0000 IY:0000 Flags:00100010 [fe 20 da]
==> 114a:  JP C, 115ch         PC:114d AF:7222 BC:4878 DE:476f HL:09e7 SP:f793 IX:0000 IY:0000 Flags:00100010 [da 5c 11]
==> 114d:  LD A, (0727h)       PC:1150 AF:4822 BC:4878 DE:476f HL:09e7 SP:f793 IX:0000 IY:0000 Flags:00100010 [3a 27 07]
==> 1150:  LD B, A             PC:1151 AF:4822 BC:4878 DE:476f HL:09e7 SP:f793 IX:0000 IY:0000 Flags:00100010 [47 3a cf]
==> 1151:  LD A, (09cfh)       PC:1154 AF:0d22 BC:4878 DE:476f HL:09e7 SP:f793 IX:0000 IY:0000 Flags:00100010 [3a cf 09]
==> 1154:  CP A, B             PC:1155 AF:0d8b BC:4878 DE:476f HL:09e7 SP:f793 IX:0000 IY:0000 Flags:10001011 [b8 cc e8]
==> 1155:  CALL Z, 17e8h       PC:1158 AF:0d8b BC:4878 DE:476f HL:09e7 SP:f793 IX:0000 IY:0000 Flags:10001011 [cc e8 17]
==> 1158:  INC A               PC:1159 AF:0e09 BC:4878 DE:476f HL:09e7 SP:f793 IX:0000 IY:0000 Flags:00001001 [3c 32 cf]
==> 1159:  LD (09cfh), A       PC:115c AF:0e09 BC:4878 DE:476f HL:09e7 SP:f793 IX:0000 IY:0000 Flags:00001001 [32 cf 09]
==> 115c:  POP AF              PC:115d AF:7202 BC:4878 DE:476f HL:09e7 SP:f795 IX:0000 IY:0000 Flags:00000010 [f1 c1 f5]
==> 115d:  POP BC              PC:115e AF:7202 BC:4878 DE:476f HL:09e7 SP:f797 IX:0000 IY:0000 Flags:00000010 [c1 f5 f1]
==> 115e:  PUSH AF             PC:115f AF:7202 BC:4878 DE:476f HL:09e7 SP:f795 IX:0000 IY:0000 Flags:00000010 [f5 f1 f5]
==> 115f:  POP AF              PC:1160 AF:7202 BC:4878 DE:476f HL:09e7 SP:f797 IX:0000 IY:0000 Flags:00000010 [f1 f5 c5]
==> 1160:  PUSH AF             PC:1161 AF:7202 BC:4878 DE:476f HL:09e7 SP:f795 IX:0000 IY:0000 Flags:00000010 [f5 c5 d5]
==> 1161:  PUSH BC             PC:1162 AF:7202 BC:4878 DE:476f HL:09e7 SP:f793 IX:0000 IY:0000 Flags:00000010 [c5 d5 0e]
==> 1162:  PUSH DE             PC:1163 AF:7202 BC:4878 DE:476f HL:09e7 SP:f791 IX:0000 IY:0000 Flags:00000010 [d5 0e 02]
==> 1163:  LD C, 02h           PC:1165 AF:7202 BC:4802 DE:476f HL:09e7 SP:f791 IX:0000 IY:0000 Flags:00000010 [0e 02 4f]
==> 1165:  LD C, A             PC:1166 AF:7202 BC:4872 DE:476f HL:09e7 SP:f791 IX:0000 IY:0000 Flags:00000010 [4f e5 cd]
==> 1166:  PUSH HL             PC:1167 AF:7202 BC:4872 DE:476f HL:09e7 SP:f78f IX:0000 IY:0000 Flags:00000010 [e5 cd 84]
==> 1167:  CALL ff84h          PC:ff84 AF:7202 BC:4872 DE:476f HL:09e7 SP:f78d IX:0000 IY:0000 Flags:00000010 [cd 84 ff]
r==> ff84:  RET                 PC:116a AF:7202 BC:4872 DE:476f HL:09e7 SP:f78f IX:0000 IY:0000 Flags:00000010 [c9 c9 c9]
==> 116a:  POP HL              PC:116b AF:7202 BC:4872 DE:476f HL:09e7 SP:f791 IX:0000 IY:0000 Flags:00000010 [e1 d1 c1]
==> 116b:  POP DE              PC:116c AF:7202 BC:4872 DE:476f HL:09e7 SP:f793 IX:0000 IY:0000 Flags:00000010 [d1 c1 f1]
==> 116c:  POP BC              PC:116d AF:7202 BC:4878 DE:476f HL:09e7 SP:f795 IX:0000 IY:0000 Flags:00000010 [c1 f1 c9]
==> 116d:  POP AF              PC:116e AF:7202 BC:4878 DE:476f HL:09e7 SP:f797 IX:0000 IY:0000 Flags:00000010 [f1 c9 e5]
==> 116e:  RET                 PC:228c AF:7202 BC:4878 DE:476f HL:09e7 SP:f799 IX:0000 IY:0000 Flags:00000010 [c9 e5 2a]
==> 228c:  CP A, 0dh           PC:228e AF:721a BC:4878 DE:476f HL:09e7 SP:f799 IX:0000 IY:0000 Flags:00011010 [fe 0d cc]
==> 228e:  CALL Z, 17f2h       PC:2291 AF:721a BC:4878 DE:476f HL:09e7 SP:f799 IX:0000 IY:0000 Flags:00011010 [cc f2 17]
==> 2291:  INC BC              PC:2292 AF:721a BC:4879 DE:476f HL:09e7 SP:f799 IX:0000 IY:0000 Flags:00011010 [03 c3 86]
==> 2292:  JP 2286h            PC:2286 AF:721a BC:4879 DE:476f HL:09e7 SP:f799 IX:0000 IY:0000 Flags:00011010 [c3 86 22]
==> 2286:  DEC D               PC:2287 AF:7202 BC:4879 DE:466f HL:09e7 SP:f799 IX:0000 IY:0000 Flags:00000010 [15 c8 0a]
==> 2287:  RET Z               PC:2288 AF:7202 BC:4879 DE:466f HL:09e7 SP:f799 IX:0000 IY:0000 Flags:00000010 [c8 0a cd]
==> 2288:  LD A, (BC)          PC:2289 AF:6502 BC:4879 DE:466f HL:09e7 SP:f799 IX:0000 IY:0000 Flags:00000010 [0a cd c5]
==> 2289:  CALL 10c5h          PC:10c5 AF:6502 BC:4879 DE:466f HL:09e7 SP:f797 IX:0000 IY:0000 Flags:00000010 [cd c5 10]
==> 10c5:  PUSH AF             PC:10c6 AF:6502 BC:4879 DE:466f HL:09e7 SP:f795 IX:0000 IY:0000 Flags:00000010 [f5 e5 2a]
==> 10c6:  PUSH HL             PC:10c7 AF:6502 BC:4879 DE:466f HL:09e7 SP:f793 IX:0000 IY:0000 Flags:00000010 [e5 2a 35]
==> 10c7:  LD HL, (0735h)      PC:10ca AF:6502 BC:4879 DE:466f HL:0000 SP:f793 IX:0000 IY:0000 Flags:00000010 [2a 35 07]
==> 10ca:  LD A, H             PC:10cb AF:0002 BC:4879 DE:466f HL:0000 SP:f793 IX:0000 IY:0000 Flags:00000010 [7c b5 c2]
==> 10cb:  OR A, L             PC:10cc AF:0044 BC:4879 DE:466f HL:0000 SP:f793 IX:0000 IY:0000 Flags:01000100 [b5 c2 14]
==> 10cc:  JP NZ, 2e14h        PC:10cf AF:0044 BC:4879 DE:466f HL:0000 SP:f793 IX:0000 IY:0000 Flags:01000100 [c2 14 2e]
==> 10cf:  POP HL              PC:10d0 AF:0044 BC:4879 DE:466f HL:09e7 SP:f795 IX:0000 IY:0000 Flags:01000100 [e1 3a 26]
==> 10d0:  LD A, (0726h)       PC:10d3 AF:0044 BC:4879 DE:466f HL:09e7 SP:f795 IX:0000 IY:0000 Flags:01000100 [3a 26 07]
==> 10d3:  OR A, A             PC:10d4 AF:0044 BC:4879 DE:466f HL:09e7 SP:f795 IX:0000 IY:0000 Flags:01000100 [b7 ca 29]
==> 10d4:  JP Z, 1129h         PC:1129 AF:0044 BC:4879 DE:466f HL:09e7 SP:f795 IX:0000 IY:0000 Flags:01000100 [ca 29 11]
==> 1129:  LD A, (072ah)       PC:112c AF:0044 BC:4879 DE:466f HL:09e7 SP:f795 IX:0000 IY:0000 Flags:01000100 [3a 2a 07]
==> 112c:  OR A, A             PC:112d AF:0044 BC:4879 DE:466f HL:09e7 SP:f795 IX:0000 IY:0000 Flags:01000100 [b7 c2 b1]
==> 112d:  JP NZ, 22b1h        PC:1130 AF:0044 BC:4879 DE:466f HL:09e7 SP:f795 IX:0000 IY:0000 Flags:01000100 [c2 b1 22]
==> 1130:  POP AF              PC:1131 AF:6502 BC:4879 DE:466f HL:09e7 SP:f797 IX:0000 IY:0000 Flags:00000010 [f1 c5 f5]
==> 1131:  PUSH BC             PC:1132 AF:6502 BC:4879 DE:466f HL:09e7 SP:f795 IX:0000 IY:0000 Flags:00000010 [c5 f5 fe]
==> 1132:  PUSH AF             PC:1133 AF:6502 BC:4879 DE:466f HL:09e7 SP:f793 IX:0000 IY:0000 Flags:00000010 [f5 fe 09]
==> 1133:  CP A, 09h           PC:1135 AF:651a BC:4879 DE:466f HL:09e7 SP:f793 IX:0000 IY:0000 Flags:00011010 [fe 09 c2]
==> 1135:  JP NZ, 1148h        PC:1148 AF:651a BC:4879 DE:466f HL:09e7 SP:f793 IX:0000 IY:0000 Flags:00011010 [c2 48 11]
==> 1148:  CP A, 20h           PC:114a AF:6522 BC:4879 DE:466f HL:09e7 SP:f793 IX:0000 IY:0000 Flags:00100010 [fe 20 da]
==> 114a:  JP C, 115ch         PC:114d AF:6522 BC:4879 DE:466f HL:09e7 SP:f793 IX:0000 IY:0000 Flags:00100010 [da 5c 11]
==> 114d:  LD A, (0727h)       PC:1150 AF:4822 BC:4879 DE:466f HL:09e7 SP:f793 IX:0000 IY:0000 Flags:00100010 [3a 27 07]
==> 1150:  LD B, A             PC:1151 AF:4822 BC:4879 DE:466f HL:09e7 SP:f793 IX:0000 IY:0000 Flags:00100010 [47 3a cf]
==> 1151:  LD A, (09cfh)       PC:1154 AF:0e22 BC:4879 DE:466f HL:09e7 SP:f793 IX:0000 IY:0000 Flags:00100010 [3a cf 09]
==> 1154:  CP A, B             PC:1155 AF:0e8b BC:4879 DE:466f HL:09e7 SP:f793 IX:0000 IY:0000 Flags:10001011 [b8 cc e8]
==> 1155:  CALL Z, 17e8h       PC:1158 AF:0e8b BC:4879 DE:466f HL:09e7 SP:f793 IX:0000 IY:0000 Flags:10001011 [cc e8 17]
==> 1158:  INC A               PC:1159 AF:0f09 BC:4879 DE:466f HL:09e7 SP:f793 IX:0000 IY:0000 Flags:00001001 [3c 32 cf]
==> 1159:  LD (09cfh), A       PC:115c AF:0f09 BC:4879 DE:466f HL:09e7 SP:f793 IX:0000 IY:0000 Flags:00001001 [32 cf 09]
==> 115c:  POP AF              PC:115d AF:6502 BC:4879 DE:466f HL:09e7 SP:f795 IX:0000 IY:0000 Flags:00000010 [f1 c1 f5]
==> 115d:  POP BC              PC:115e AF:6502 BC:4879 DE:466f HL:09e7 SP:f797 IX:0000 IY:0000 Flags:00000010 [c1 f5 f1]
==> 115e:  PUSH AF             PC:115f AF:6502 BC:4879 DE:466f HL:09e7 SP:f795 IX:0000 IY:0000 Flags:00000010 [f5 f1 f5]
==> 115f:  POP AF              PC:1160 AF:6502 BC:4879 DE:466f HL:09e7 SP:f797 IX:0000 IY:0000 Flags:00000010 [f1 f5 c5]
==> 1160:  PUSH AF             PC:1161 AF:6502 BC:4879 DE:466f HL:09e7 SP:f795 IX:0000 IY:0000 Flags:00000010 [f5 c5 d5]
==> 1161:  PUSH BC             PC:1162 AF:6502 BC:4879 DE:466f HL:09e7 SP:f793 IX:0000 IY:0000 Flags:00000010 [c5 d5 0e]
==> 1162:  PUSH DE             PC:1163 AF:6502 BC:4879 DE:466f HL:09e7 SP:f791 IX:0000 IY:0000 Flags:00000010 [d5 0e 02]
==> 1163:  LD C, 02h           PC:1165 AF:6502 BC:4802 DE:466f HL:09e7 SP:f791 IX:0000 IY:0000 Flags:00000010 [0e 02 4f]
==> 1165:  LD C, A             PC:1166 AF:6502 BC:4865 DE:466f HL:09e7 SP:f791 IX:0000 IY:0000 Flags:00000010 [4f e5 cd]
==> 1166:  PUSH HL             PC:1167 AF:6502 BC:4865 DE:466f HL:09e7 SP:f78f IX:0000 IY:0000 Flags:00000010 [e5 cd 84]
==> 1167:  CALL ff84h          PC:ff84 AF:6502 BC:4865 DE:466f HL:09e7 SP:f78d IX:0000 IY:0000 Flags:00000010 [cd 84 ff]
e==> ff84:  RET                 PC:116a AF:6502 BC:4865 DE:466f HL:09e7 SP:f78f IX:0000 IY:0000 Flags:00000010 [c9 c9 c9]
==> 116a:  POP HL              PC:116b AF:6502 BC:4865 DE:466f HL:09e7 SP:f791 IX:0000 IY:0000 Flags:00000010 [e1 d1 c1]
==> 116b:  POP DE              PC:116c AF:6502 BC:4865 DE:466f HL:09e7 SP:f793 IX:0000 IY:0000 Flags:00000010 [d1 c1 f1]
==> 116c:  POP BC              PC:116d AF:6502 BC:4879 DE:466f HL:09e7 SP:f795 IX:0000 IY:0000 Flags:00000010 [c1 f1 c9]
==> 116d:  POP AF              PC:116e AF:6502 BC:4879 DE:466f HL:09e7 SP:f797 IX:0000 IY:0000 Flags:00000010 [f1 c9 e5]
==> 116e:  RET                 PC:228c AF:6502 BC:4879 DE:466f HL:09e7 SP:f799 IX:0000 IY:0000 Flags:00000010 [c9 e5 2a]
==> 228c:  CP A, 0dh           PC:228e AF:651a BC:4879 DE:466f HL:09e7 SP:f799 IX:0000 IY:0000 Flags:00011010 [fe 0d cc]
==> 228e:  CALL Z, 17f2h       PC:2291 AF:651a BC:4879 DE:466f HL:09e7 SP:f799 IX:0000 IY:0000 Flags:00011010 [cc f2 17]
==> 2291:  INC BC              PC:2292 AF:651a BC:487a DE:466f HL:09e7 SP:f799 IX:0000 IY:0000 Flags:00011010 [03 c3 86]
==> 2292:  JP 2286h            PC:2286 AF:651a BC:487a DE:466f HL:09e7 SP:f799 IX:0000 IY:0000 Flags:00011010 [c3 86 22]
==> 2286:  DEC D               PC:2287 AF:6502 BC:487a DE:456f HL:09e7 SP:f799 IX:0000 IY:0000 Flags:00000010 [15 c8 0a]
==> 2287:  RET Z               PC:2288 AF:6502 BC:487a DE:456f HL:09e7 SP:f799 IX:0000 IY:0000 Flags:00000010 [c8 0a cd]
==> 2288:  LD A, (BC)          PC:2289 AF:6502 BC:487a DE:456f HL:09e7 SP:f799 IX:0000 IY:0000 Flags:00000010 [0a cd c5]
==> 2289:  CALL 10c5h          PC:10c5 AF:6502 BC:487a DE:456f HL:09e7 SP:f797 IX:0000 IY:0000 Flags:00000010 [cd c5 10]
==> 10c5:  PUSH AF             PC:10c6 AF:6502 BC:487a DE:456f HL:09e7 SP:f795 IX:0000 IY:0000 Flags:00000010 [f5 e5 2a]
==> 10c6:  PUSH HL             PC:10c7 AF:6502 BC:487a DE:456f HL:09e7 SP:f793 IX:0000 IY:0000 Flags:00000010 [e5 2a 35]
==> 10c7:  LD HL, (0735h)      PC:10ca AF:6502 BC:487a DE:456f HL:0000 SP:f793 IX:0000 IY:0000 Flags:00000010 [2a 35 07]
==> 10ca:  LD A, H             PC:10cb AF:0002 BC:487a DE:456f HL:0000 SP:f793 IX:0000 IY:0000 Flags:00000010 [7c b5 c2]
==> 10cb:  OR A, L             PC:10cc AF:0044 BC:487a DE:456f HL:0000 SP:f793 IX:0000 IY:0000 Flags:01000100 [b5 c2 14]
==> 10cc:  JP NZ, 2e14h        PC:10cf AF:0044 BC:487a DE:456f HL:0000 SP:f793 IX:0000 IY:0000 Flags:01000100 [c2 14 2e]
==> 10cf:  POP HL              PC:10d0 AF:0044 BC:487a DE:456f HL:09e7 SP:f795 IX:0000 IY:0000 Flags:01000100 [e1 3a 26]
==> 10d0:  LD A, (0726h)       PC:10d3 AF:0044 BC:487a DE:456f HL:09e7 SP:f795 IX:0000 IY:0000 Flags:01000100 [3a 26 07]
==> 10d3:  OR A, A             PC:10d4 AF:0044 BC:487a DE:456f HL:09e7 SP:f795 IX:0000 IY:0000 Flags:01000100 [b7 ca 29]
==> 10d4:  JP Z, 1129h         PC:1129 AF:0044 BC:487a DE:456f HL:09e7 SP:f795 IX:0000 IY:0000 Flags:01000100 [ca 29 11]
==> 1129:  LD A, (072ah)       PC:112c AF:0044 BC:487a DE:456f HL:09e7 SP:f795 IX:0000 IY:0000 Flags:01000100 [3a 2a 07]
==> 112c:  OR A, A             PC:112d AF:0044 BC:487a DE:456f HL:09e7 SP:f795 IX:0000 IY:0000 Flags:01000100 [b7 c2 b1]
==> 112d:  JP NZ, 22b1h        PC:1130 AF:0044 BC:487a DE:456f HL:09e7 SP:f795 IX:0000 IY:0000 Flags:01000100 [c2 b1 22]
==> 1130:  POP AF              PC:1131 AF:6502 BC:487a DE:456f HL:09e7 SP:f797 IX:0000 IY:0000 Flags:00000010 [f1 c5 f5]
==> 1131:  PUSH BC             PC:1132 AF:6502 BC:487a DE:456f HL:09e7 SP:f795 IX:0000 IY:0000 Flags:00000010 [c5 f5 fe]
==> 1132:  PUSH AF             PC:1133 AF:6502 BC:487a DE:456f HL:09e7 SP:f793 IX:0000 IY:0000 Flags:00000010 [f5 fe 09]
==> 1133:  CP A, 09h           PC:1135 AF:651a BC:487a DE:456f HL:09e7 SP:f793 IX:0000 IY:0000 Flags:00011010 [fe 09 c2]
==> 1135:  JP NZ, 1148h        PC:1148 AF:651a BC:487a DE:456f HL:09e7 SP:f793 IX:0000 IY:0000 Flags:00011010 [c2 48 11]
==> 1148:  CP A, 20h           PC:114a AF:6522 BC:487a DE:456f HL:09e7 SP:f793 IX:0000 IY:0000 Flags:00100010 [fe 20 da]
==> 114a:  JP C, 115ch         PC:114d AF:6522 BC:487a DE:456f HL:09e7 SP:f793 IX:0000 IY:0000 Flags:00100010 [da 5c 11]
==> 114d:  LD A, (0727h)       PC:1150 AF:4822 BC:487a DE:456f HL:09e7 SP:f793 IX:0000 IY:0000 Flags:00100010 [3a 27 07]
==> 1150:  LD B, A             PC:1151 AF:4822 BC:487a DE:456f HL:09e7 SP:f793 IX:0000 IY:0000 Flags:00100010 [47 3a cf]
==> 1151:  LD A, (09cfh)       PC:1154 AF:0f22 BC:487a DE:456f HL:09e7 SP:f793 IX:0000 IY:0000 Flags:00100010 [3a cf 09]
==> 1154:  CP A, B             PC:1155 AF:0f8b BC:487a DE:456f HL:09e7 SP:f793 IX:0000 IY:0000 Flags:10001011 [b8 cc e8]
==> 1155:  CALL Z, 17e8h       PC:1158 AF:0f8b BC:487a DE:456f HL:09e7 SP:f793 IX:0000 IY:0000 Flags:10001011 [cc e8 17]
==> 1158:  INC A               PC:1159 AF:1011 BC:487a DE:456f HL:09e7 SP:f793 IX:0000 IY:0000 Flags:00010001 [3c 32 cf]
==> 1159:  LD (09cfh), A       PC:115c AF:1011 BC:487a DE:456f HL:09e7 SP:f793 IX:0000 IY:0000 Flags:00010001 [32 cf 09]
==> 115c:  POP AF              PC:115d AF:6502 BC:487a DE:456f HL:09e7 SP:f795 IX:0000 IY:0000 Flags:00000010 [f1 c1 f5]
==> 115d:  POP BC              PC:115e AF:6502 BC:487a DE:456f HL:09e7 SP:f797 IX:0000 IY:0000 Flags:00000010 [c1 f5 f1]
==> 115e:  PUSH AF             PC:115f AF:6502 BC:487a DE:456f HL:09e7 SP:f795 IX:0000 IY:0000 Flags:00000010 [f5 f1 f5]
==> 115f:  POP AF              PC:1160 AF:6502 BC:487a DE:456f HL:09e7 SP:f797 IX:0000 IY:0000 Flags:00000010 [f1 f5 c5]
==> 1160:  PUSH AF             PC:1161 AF:6502 BC:487a DE:456f HL:09e7 SP:f795 IX:0000 IY:0000 Flags:00000010 [f5 c5 d5]
==> 1161:  PUSH BC             PC:1162 AF:6502 BC:487a DE:456f HL:09e7 SP:f793 IX:0000 IY:0000 Flags:00000010 [c5 d5 0e]
==> 1162:  PUSH DE             PC:1163 AF:6502 BC:487a DE:456f HL:09e7 SP:f791 IX:0000 IY:0000 Flags:00000010 [d5 0e 02]
==> 1163:  LD C, 02h           PC:1165 AF:6502 BC:4802 DE:456f HL:09e7 SP:f791 IX:0000 IY:0000 Flags:00000010 [0e 02 4f]
==> 1165:  LD C, A             PC:1166 AF:6502 BC:4865 DE:456f HL:09e7 SP:f791 IX:0000 IY:0000 Flags:00000010 [4f e5 cd]
==> 1166:  PUSH HL             PC:1167 AF:6502 BC:4865 DE:456f HL:09e7 SP:f78f IX:0000 IY:0000 Flags:00000010 [e5 cd 84]
==> 1167:  CALL ff84h          PC:ff84 AF:6502 BC:4865 DE:456f HL:09e7 SP:f78d IX:0000 IY:0000 Flags:00000010 [cd 84 ff]
e==> ff84:  RET                 PC:116a AF:6502 BC:4865 DE:456f HL:09e7 SP:f78f IX:0000 IY:0000 Flags:00000010 [c9 c9 c9]
==> 116a:  POP HL              PC:116b AF:6502 BC:4865 DE:456f HL:09e7 SP:f791 IX:0000 IY:0000 Flags:00000010 [e1 d1 c1]
==> 116b:  POP DE              PC:116c AF:6502 BC:4865 DE:456f HL:09e7 SP:f793 IX:0000 IY:0000 Flags:00000010 [d1 c1 f1]
==> 116c:  POP BC              PC:116d AF:6502 BC:487a DE:456f HL:09e7 SP:f795 IX:0000 IY:0000 Flags:00000010 [c1 f1 c9]
==> 116d:  POP AF              PC:116e AF:6502 BC:487a DE:456f HL:09e7 SP:f797 IX:0000 IY:0000 Flags:00000010 [f1 c9 e5]
==> 116e:  RET                 PC:228c AF:6502 BC:487a DE:456f HL:09e7 SP:f799 IX:0000 IY:0000 Flags:00000010 [c9 e5 2a]
==> 228c:  CP A, 0dh           PC:228e AF:651a BC:487a DE:456f HL:09e7 SP:f799 IX:0000 IY:0000 Flags:00011010 [fe 0d cc]
==> 228e:  CALL Z, 17f2h       PC:2291 AF:651a BC:487a DE:456f HL:09e7 SP:f799 IX:0000 IY:0000 Flags:00011010 [cc f2 17]
==> 2291:  INC BC              PC:2292 AF:651a BC:487b DE:456f HL:09e7 SP:f799 IX:0000 IY:0000 Flags:00011010 [03 c3 86]
==> 2292:  JP 2286h            PC:2286 AF:651a BC:487b DE:456f HL:09e7 SP:f799 IX:0000 IY:0000 Flags:00011010 [c3 86 22]
==> 2286:  DEC D               PC:2287 AF:6502 BC:487b DE:446f HL:09e7 SP:f799 IX:0000 IY:0000 Flags:00000010 [15 c8 0a]
==> 2287:  RET Z               PC:2288 AF:6502 BC:487b DE:446f HL:09e7 SP:f799 IX:0000 IY:0000 Flags:00000010 [c8 0a cd]
==> 2288:  LD A, (BC)          PC:2289 AF:0d02 BC:487b DE:446f HL:09e7 SP:f799 IX:0000 IY:0000 Flags:00000010 [0a cd c5]
==> 2289:  CALL 10c5h          PC:10c5 AF:0d02 BC:487b DE:446f HL:09e7 SP:f797 IX:0000 IY:0000 Flags:00000010 [cd c5 10]
==> 10c5:  PUSH AF             PC:10c6 AF:0d02 BC:487b DE:446f HL:09e7 SP:f795 IX:0000 IY:0000 Flags:00000010 [f5 e5 2a]
==> 10c6:  PUSH HL             PC:10c7 AF:0d02 BC:487b DE:446f HL:09e7 SP:f793 IX:0000 IY:0000 Flags:00000010 [e5 2a 35]
==> 10c7:  LD HL, (0735h)      PC:10ca AF:0d02 BC:487b DE:446f HL:0000 SP:f793 IX:0000 IY:0000 Flags:00000010 [2a 35 07]
==> 10ca:  LD A, H             PC:10cb AF:0002 BC:487b DE:446f HL:0000 SP:f793 IX:0000 IY:0000 Flags:00000010 [7c b5 c2]
==> 10cb:  OR A, L             PC:10cc AF:0044 BC:487b DE:446f HL:0000 SP:f793 IX:0000 IY:0000 Flags:01000100 [b5 c2 14]
==> 10cc:  JP NZ, 2e14h        PC:10cf AF:0044 BC:487b DE:446f HL:0000 SP:f793 IX:0000 IY:0000 Flags:01000100 [c2 14 2e]
==> 10cf:  POP HL              PC:10d0 AF:0044 BC:487b DE:446f HL:09e7 SP:f795 IX:0000 IY:0000 Flags:01000100 [e1 3a 26]
==> 10d0:  LD A, (0726h)       PC:10d3 AF:0044 BC:487b DE:446f HL:09e7 SP:f795 IX:0000 IY:0000 Flags:01000100 [3a 26 07]
==> 10d3:  OR A, A             PC:10d4 AF:0044 BC:487b DE:446f HL:09e7 SP:f795 IX:0000 IY:0000 Flags:01000100 [b7 ca 29]
==> 10d4:  JP Z, 1129h         PC:1129 AF:0044 BC:487b DE:446f HL:09e7 SP:f795 IX:0000 IY:0000 Flags:01000100 [ca 29 11]
==> 1129:  LD A, (072ah)       PC:112c AF:0044 BC:487b DE:446f HL:09e7 SP:f795 IX:0000 IY:0000 Flags:01000100 [3a 2a 07]
==> 112c:  OR A, A             PC:112d AF:0044 BC:487b DE:446f HL:09e7 SP:f795 IX:0000 IY:0000 Flags:01000100 [b7 c2 b1]
==> 112d:  JP NZ, 22b1h        PC:1130 AF:0044 BC:487b DE:446f HL:09e7 SP:f795 IX:0000 IY:0000 Flags:01000100 [c2 b1 22]
==> 1130:  POP AF              PC:1131 AF:0d02 BC:487b DE:446f HL:09e7 SP:f797 IX:0000 IY:0000 Flags:00000010 [f1 c5 f5]
==> 1131:  PUSH BC             PC:1132 AF:0d02 BC:487b DE:446f HL:09e7 SP:f795 IX:0000 IY:0000 Flags:00000010 [c5 f5 fe]
==> 1132:  PUSH AF             PC:1133 AF:0d02 BC:487b DE:446f HL:09e7 SP:f793 IX:0000 IY:0000 Flags:00000010 [f5 fe 09]
==> 1133:  CP A, 09h           PC:1135 AF:0d0a BC:487b DE:446f HL:09e7 SP:f793 IX:0000 IY:0000 Flags:00001010 [fe 09 c2]
==> 1135:  JP NZ, 1148h        PC:1148 AF:0d0a BC:487b DE:446f HL:09e7 SP:f793 IX:0000 IY:0000 Flags:00001010 [c2 48 11]
==> 1148:  CP A, 20h           PC:114a AF:0da3 BC:487b DE:446f HL:09e7 SP:f793 IX:0000 IY:0000 Flags:10100011 [fe 20 da]
==> 114a:  JP C, 115ch         PC:115c AF:0da3 BC:487b DE:446f HL:09e7 SP:f793 IX:0000 IY:0000 Flags:10100011 [da 5c 11]
==> 115c:  POP AF              PC:115d AF:0d02 BC:487b DE:446f HL:09e7 SP:f795 IX:0000 IY:0000 Flags:00000010 [f1 c1 f5]
==> 115d:  POP BC              PC:115e AF:0d02 BC:487b DE:446f HL:09e7 SP:f797 IX:0000 IY:0000 Flags:00000010 [c1 f5 f1]
==> 115e:  PUSH AF             PC:115f AF:0d02 BC:487b DE:446f HL:09e7 SP:f795 IX:0000 IY:0000 Flags:00000010 [f5 f1 f5]
==> 115f:  POP AF              PC:1160 AF:0d02 BC:487b DE:446f HL:09e7 SP:f797 IX:0000 IY:0000 Flags:00000010 [f1 f5 c5]
==> 1160:  PUSH AF             PC:1161 AF:0d02 BC:487b DE:446f HL:09e7 SP:f795 IX:0000 IY:0000 Flags:00000010 [f5 c5 d5]
==> 1161:  PUSH BC             PC:1162 AF:0d02 BC:487b DE:446f HL:09e7 SP:f793 IX:0000 IY:0000 Flags:00000010 [c5 d5 0e]
==> 1162:  PUSH DE             PC:1163 AF:0d02 BC:487b DE:446f HL:09e7 SP:f791 IX:0000 IY:0000 Flags:00000010 [d5 0e 02]
==> 1163:  LD C, 02h           PC:1165 AF:0d02 BC:4802 DE:446f HL:09e7 SP:f791 IX:0000 IY:0000 Flags:00000010 [0e 02 4f]
==> 1165:  LD C, A             PC:1166 AF:0d02 BC:480d DE:446f HL:09e7 SP:f791 IX:0000 IY:0000 Flags:00000010 [4f e5 cd]
==> 1166:  PUSH HL             PC:1167 AF:0d02 BC:480d DE:446f HL:09e7 SP:f78f IX:0000 IY:0000 Flags:00000010 [e5 cd 84]
==> 1167:  CALL ff84h          PC:ff84 AF:0d02 BC:480d DE:446f HL:09e7 SP:f78d IX:0000 IY:0000 Flags:00000010 [cd 84 ff]
==> ff84:  RET                 PC:116a AF:0d02 BC:480d DE:446f HL:09e7 SP:f78f IX:0000 IY:0000 Flags:00000010 [c9 c9 c9]
==> 116a:  POP HL              PC:116b AF:0d02 BC:480d DE:446f HL:09e7 SP:f791 IX:0000 IY:0000 Flags:00000010 [e1 d1 c1]
==> 116b:  POP DE              PC:116c AF:0d02 BC:480d DE:446f HL:09e7 SP:f793 IX:0000 IY:0000 Flags:00000010 [d1 c1 f1]
==> 116c:  POP BC              PC:116d AF:0d02 BC:487b DE:446f HL:09e7 SP:f795 IX:0000 IY:0000 Flags:00000010 [c1 f1 c9]
==> 116d:  POP AF              PC:116e AF:0d02 BC:487b DE:446f HL:09e7 SP:f797 IX:0000 IY:0000 Flags:00000010 [f1 c9 e5]
==> 116e:  RET                 PC:228c AF:0d02 BC:487b DE:446f HL:09e7 SP:f799 IX:0000 IY:0000 Flags:00000010 [c9 e5 2a]
==> 228c:  CP A, 0dh           PC:228e AF:0d4a BC:487b DE:446f HL:09e7 SP:f799 IX:0000 IY:0000 Flags:01001010 [fe 0d cc]
==> 228e:  CALL Z, 17f2h       PC:17f2 AF:0d4a BC:487b DE:446f HL:09e7 SP:f797 IX:0000 IY:0000 Flags:01001010 [cc f2 17]
==> 17f2:  PUSH HL             PC:17f3 AF:0d4a BC:487b DE:446f HL:09e7 SP:f795 IX:0000 IY:0000 Flags:01001010 [e5 2a 35]
==> 17f3:  LD HL, (0735h)      PC:17f6 AF:0d4a BC:487b DE:446f HL:0000 SP:f795 IX:0000 IY:0000 Flags:01001010 [2a 35 07]
==> 17f6:  LD A, H             PC:17f7 AF:004a BC:487b DE:446f HL:0000 SP:f795 IX:0000 IY:0000 Flags:01001010 [7c b5 e1]
==> 17f7:  OR A, L             PC:17f8 AF:0044 BC:487b DE:446f HL:0000 SP:f795 IX:0000 IY:0000 Flags:01000100 [b5 e1 ca]
==> 17f8:  POP HL              PC:17f9 AF:0044 BC:487b DE:446f HL:09e7 SP:f797 IX:0000 IY:0000 Flags:01000100 [e1 ca fe]
==> 17f9:  JP Z, 17feh         PC:17fe AF:0044 BC:487b DE:446f HL:09e7 SP:f797 IX:0000 IY:0000 Flags:01000100 [ca fe 17]
==> 17fe:  LD A, (0722h)       PC:1801 AF:0144 BC:487b DE:446f HL:09e7 SP:f797 IX:0000 IY:0000 Flags:01000100 [3a 22 07]
==> 1801:  DEC A               PC:1802 AF:0042 BC:487b DE:446f HL:09e7 SP:f797 IX:0000 IY:0000 Flags:01000010 [3d 32 cf]
==> 1802:  LD (09cfh), A       PC:1805 AF:0042 BC:487b DE:446f HL:09e7 SP:f797 IX:0000 IY:0000 Flags:01000010 [32 cf 09]
==> 1805:  RET Z               PC:2291 AF:0042 BC:487b DE:446f HL:09e7 SP:f799 IX:0000 IY:0000 Flags:01000010 [c8 f5 af]
==> 2291:  INC BC              PC:2292 AF:0042 BC:487c DE:446f HL:09e7 SP:f799 IX:0000 IY:0000 Flags:01000010 [03 c3 86]
==> 2292:  JP 2286h            PC:2286 AF:0042 BC:487c DE:446f HL:09e7 SP:f799 IX:0000 IY:0000 Flags:01000010 [c3 86 22]
==> 2286:  DEC D               PC:2287 AF:0002 BC:487c DE:436f HL:09e7 SP:f799 IX:0000 IY:0000 Flags:00000010 [15 c8 0a]
==> 2287:  RET Z               PC:2288 AF:0002 BC:487c DE:436f HL:09e7 SP:f799 IX:0000 IY:0000 Flags:00000010 [c8 0a cd]
==> 2288:  LD A, (BC)          PC:2289 AF:0a02 BC:487c DE:436f HL:09e7 SP:f799 IX:0000 IY:0000 Flags:00000010 [0a cd c5]
==> 2289:  CALL 10c5h          PC:10c5 AF:0a02 BC:487c DE:436f HL:09e7 SP:f797 IX:0000 IY:0000 Flags:00000010 [cd c5 10]
==> 10c5:  PUSH AF             PC:10c6 AF:0a02 BC:487c DE:436f HL:09e7 SP:f795 IX:0000 IY:0000 Flags:00000010 [f5 e5 2a]
==> 10c6:  PUSH HL             PC:10c7 AF:0a02 BC:487c DE:436f HL:09e7 SP:f793 IX:0000 IY:0000 Flags:00000010 [e5 2a 35]
==> 10c7:  LD HL, (0735h)      PC:10ca AF:0a02 BC:487c DE:436f HL:0000 SP:f793 IX:0000 IY:0000 Flags:00000010 [2a 35 07]
==> 10ca:  LD A, H             PC:10cb AF:0002 BC:487c DE:436f HL:0000 SP:f793 IX:0000 IY:0000 Flags:00000010 [7c b5 c2]
==> 10cb:  OR A, L             PC:10cc AF:0044 BC:487c DE:436f HL:0000 SP:f793 IX:0000 IY:0000 Flags:01000100 [b5 c2 14]
==> 10cc:  JP NZ, 2e14h        PC:10cf AF:0044 BC:487c DE:436f HL:0000 SP:f793 IX:0000 IY:0000 Flags:01000100 [c2 14 2e]
==> 10cf:  POP HL              PC:10d0 AF:0044 BC:487c DE:436f HL:09e7 SP:f795 IX:0000 IY:0000 Flags:01000100 [e1 3a 26]
==> 10d0:  LD A, (0726h)       PC:10d3 AF:0044 BC:487c DE:436f HL:09e7 SP:f795 IX:0000 IY:0000 Flags:01000100 [3a 26 07]
==> 10d3:  OR A, A             PC:10d4 AF:0044 BC:487c DE:436f HL:09e7 SP:f795 IX:0000 IY:0000 Flags:01000100 [b7 ca 29]
==> 10d4:  JP Z, 1129h         PC:1129 AF:0044 BC:487c DE:436f HL:09e7 SP:f795 IX:0000 IY:0000 Flags:01000100 [ca 29 11]
==> 1129:  LD A, (072ah)       PC:112c AF:0044 BC:487c DE:436f HL:09e7 SP:f795 IX:0000 IY:0000 Flags:01000100 [3a 2a 07]
==> 112c:  OR A, A             PC:112d AF:0044 BC:487c DE:436f HL:09e7 SP:f795 IX:0000 IY:0000 Flags:01000100 [b7 c2 b1]
==> 112d:  JP NZ, 22b1h        PC:1130 AF:0044 BC:487c DE:436f HL:09e7 SP:f795 IX:0000 IY:0000 Flags:01000100 [c2 b1 22]
==> 1130:  POP AF              PC:1131 AF:0a02 BC:487c DE:436f HL:09e7 SP:f797 IX:0000 IY:0000 Flags:00000010 [f1 c5 f5]
==> 1131:  PUSH BC             PC:1132 AF:0a02 BC:487c DE:436f HL:09e7 SP:f795 IX:0000 IY:0000 Flags:00000010 [c5 f5 fe]
==> 1132:  PUSH AF             PC:1133 AF:0a02 BC:487c DE:436f HL:09e7 SP:f793 IX:0000 IY:0000 Flags:00000010 [f5 fe 09]
==> 1133:  CP A, 09h           PC:1135 AF:0a0a BC:487c DE:436f HL:09e7 SP:f793 IX:0000 IY:0000 Flags:00001010 [fe 09 c2]
==> 1135:  JP NZ, 1148h        PC:1148 AF:0a0a BC:487c DE:436f HL:09e7 SP:f793 IX:0000 IY:0000 Flags:00001010 [c2 48 11]
==> 1148:  CP A, 20h           PC:114a AF:0aa3 BC:487c DE:436f HL:09e7 SP:f793 IX:0000 IY:0000 Flags:10100011 [fe 20 da]
==> 114a:  JP C, 115ch         PC:115c AF:0aa3 BC:487c DE:436f HL:09e7 SP:f793 IX:0000 IY:0000 Flags:10100011 [da 5c 11]
==> 115c:  POP AF              PC:115d AF:0a02 BC:487c DE:436f HL:09e7 SP:f795 IX:0000 IY:0000 Flags:00000010 [f1 c1 f5]
==> 115d:  POP BC              PC:115e AF:0a02 BC:487c DE:436f HL:09e7 SP:f797 IX:0000 IY:0000 Flags:00000010 [c1 f5 f1]
==> 115e:  PUSH AF             PC:115f AF:0a02 BC:487c DE:436f HL:09e7 SP:f795 IX:0000 IY:0000 Flags:00000010 [f5 f1 f5]
==> 115f:  POP AF              PC:1160 AF:0a02 BC:487c DE:436f HL:09e7 SP:f797 IX:0000 IY:0000 Flags:00000010 [f1 f5 c5]
==> 1160:  PUSH AF             PC:1161 AF:0a02 BC:487c DE:436f HL:09e7 SP:f795 IX:0000 IY:0000 Flags:00000010 [f5 c5 d5]
==> 1161:  PUSH BC             PC:1162 AF:0a02 BC:487c DE:436f HL:09e7 SP:f793 IX:0000 IY:0000 Flags:00000010 [c5 d5 0e]
==> 1162:  PUSH DE             PC:1163 AF:0a02 BC:487c DE:436f HL:09e7 SP:f791 IX:0000 IY:0000 Flags:00000010 [d5 0e 02]
==> 1163:  LD C, 02h           PC:1165 AF:0a02 BC:4802 DE:436f HL:09e7 SP:f791 IX:0000 IY:0000 Flags:00000010 [0e 02 4f]
==> 1165:  LD C, A             PC:1166 AF:0a02 BC:480a DE:436f HL:09e7 SP:f791 IX:0000 IY:0000 Flags:00000010 [4f e5 cd]
==> 1166:  PUSH HL             PC:1167 AF:0a02 BC:480a DE:436f HL:09e7 SP:f78f IX:0000 IY:0000 Flags:00000010 [e5 cd 84]
==> 1167:  CALL ff84h          PC:ff84 AF:0a02 BC:480a DE:436f HL:09e7 SP:f78d IX:0000 IY:0000 Flags:00000010 [cd 84 ff]

==> ff84:  RET                 PC:116a AF:0a02 BC:480a DE:436f HL:09e7 SP:f78f IX:0000 IY:0000 Flags:00000010 [c9 c9 c9]
==> 116a:  POP HL              PC:116b AF:0a02 BC:480a DE:436f HL:09e7 SP:f791 IX:0000 IY:0000 Flags:00000010 [e1 d1 c1]
==> 116b:  POP DE              PC:116c AF:0a02 BC:480a DE:436f HL:09e7 SP:f793 IX:0000 IY:0000 Flags:00000010 [d1 c1 f1]
==> 116c:  POP BC              PC:116d AF:0a02 BC:487c DE:436f HL:09e7 SP:f795 IX:0000 IY:0000 Flags:00000010 [c1 f1 c9]
==> 116d:  POP AF              PC:116e AF:0a02 BC:487c DE:436f HL:09e7 SP:f797 IX:0000 IY:0000 Flags:00000010 [f1 c9 e5]
==> 116e:  RET                 PC:228c AF:0a02 BC:487c DE:436f HL:09e7 SP:f799 IX:0000 IY:0000 Flags:00000010 [c9 e5 2a]
==> 228c:  CP A, 0dh           PC:228e AF:0a9b BC:487c DE:436f HL:09e7 SP:f799 IX:0000 IY:0000 Flags:10011011 [fe 0d cc]
==> 228e:  CALL Z, 17f2h       PC:2291 AF:0a9b BC:487c DE:436f HL:09e7 SP:f799 IX:0000 IY:0000 Flags:10011011 [cc f2 17]
==> 2291:  INC BC              PC:2292 AF:0a9b BC:487d DE:436f HL:09e7 SP:f799 IX:0000 IY:0000 Flags:10011011 [03 c3 86]
==> 2292:  JP 2286h            PC:2286 AF:0a9b BC:487d DE:436f HL:09e7 SP:f799 IX:0000 IY:0000 Flags:10011011 [c3 86 22]
==> 2286:  DEC D               PC:2287 AF:0a03 BC:487d DE:426f HL:09e7 SP:f799 IX:0000 IY:0000 Flags:00000011 [15 c8 0a]
==> 2287:  RET Z               PC:2288 AF:0a03 BC:487d DE:426f HL:09e7 SP:f799 IX:0000 IY:0000 Flags:00000011 [c8 0a cd]
==> 2288:  LD A, (BC)          PC:2289 AF:4203 BC:487d DE:426f HL:09e7 SP:f799 IX:0000 IY:0000 Flags:00000011 [0a cd c5]
==> 2289:  CALL 10c5h          PC:10c5 AF:4203 BC:487d DE:426f HL:09e7 SP:f797 IX:0000 IY:0000 Flags:00000011 [cd c5 10]
==> 10c5:  PUSH AF             PC:10c6 AF:4203 BC:487d DE:426f HL:09e7 SP:f795 IX:0000 IY:0000 Flags:00000011 [f5 e5 2a]
==> 10c6:  PUSH HL             PC:10c7 AF:4203 BC:487d DE:426f HL:09e7 SP:f793 IX:0000 IY:0000 Flags:00000011 [e5 2a 35]
==> 10c7:  LD HL, (0735h)      PC:10ca AF:4203 BC:487d DE:426f HL:0000 SP:f793 IX:0000 IY:0000 Flags:00000011 [2a 35 07]
==> 10ca:  LD A, H             PC:10cb AF:0003 BC:487d DE:426f HL:0000 SP:f793 IX:0000 IY:0000 Flags:00000011 [7c b5 c2]
==> 10cb:  OR A, L             PC:10cc AF:0044 BC:487d DE:426f HL:0000 SP:f793 IX:0000 IY:0000 Flags:01000100 [b5 c2 14]
==> 10cc:  JP NZ, 2e14h        PC:10cf AF:0044 BC:487d DE:426f HL:0000 SP:f793 IX:0000 IY:0000 Flags:01000100 [c2 14 2e]
==> 10cf:  POP HL              PC:10d0 AF:0044 BC:487d DE:426f HL:09e7 SP:f795 IX:0000 IY:0000 Flags:01000100 [e1 3a 26]
==> 10d0:  LD A, (0726h)       PC:10d3 AF:0044 BC:487d DE:426f HL:09e7 SP:f795 IX:0000 IY:0000 Flags:01000100 [3a 26 07]
==> 10d3:  OR A, A             PC:10d4 AF:0044 BC:487d DE:426f HL:09e7 SP:f795 IX:0000 IY:0000 Flags:01000100 [b7 ca 29]
==> 10d4:  JP Z, 1129h         PC:1129 AF:0044 BC:487d DE:426f HL:09e7 SP:f795 IX:0000 IY:0000 Flags:01000100 [ca 29 11]
==> 1129:  LD A, (072ah)       PC:112c AF:0044 BC:487d DE:426f HL:09e7 SP:f795 IX:0000 IY:0000 Flags:01000100 [3a 2a 07]
==> 112c:  OR A, A             PC:112d AF:0044 BC:487d DE:426f HL:09e7 SP:f795 IX:0000 IY:0000 Flags:01000100 [b7 c2 b1]
==> 112d:  JP NZ, 22b1h        PC:1130 AF:0044 BC:487d DE:426f HL:09e7 SP:f795 IX:0000 IY:0000 Flags:01000100 [c2 b1 22]
==> 1130:  POP AF              PC:1131 AF:4203 BC:487d DE:426f HL:09e7 SP:f797 IX:0000 IY:0000 Flags:00000011 [f1 c5 f5]
==> 1131:  PUSH BC             PC:1132 AF:4203 BC:487d DE:426f HL:09e7 SP:f795 IX:0000 IY:0000 Flags:00000011 [c5 f5 fe]
==> 1132:  PUSH AF             PC:1133 AF:4203 BC:487d DE:426f HL:09e7 SP:f793 IX:0000 IY:0000 Flags:00000011 [f5 fe 09]
==> 1133:  CP A, 09h           PC:1135 AF:421a BC:487d DE:426f HL:09e7 SP:f793 IX:0000 IY:0000 Flags:00011010 [fe 09 c2]
==> 1135:  JP NZ, 1148h        PC:1148 AF:421a BC:487d DE:426f HL:09e7 SP:f793 IX:0000 IY:0000 Flags:00011010 [c2 48 11]
==> 1148:  CP A, 20h           PC:114a AF:4222 BC:487d DE:426f HL:09e7 SP:f793 IX:0000 IY:0000 Flags:00100010 [fe 20 da]
==> 114a:  JP C, 115ch         PC:114d AF:4222 BC:487d DE:426f HL:09e7 SP:f793 IX:0000 IY:0000 Flags:00100010 [da 5c 11]
==> 114d:  LD A, (0727h)       PC:1150 AF:4822 BC:487d DE:426f HL:09e7 SP:f793 IX:0000 IY:0000 Flags:00100010 [3a 27 07]
==> 1150:  LD B, A             PC:1151 AF:4822 BC:487d DE:426f HL:09e7 SP:f793 IX:0000 IY:0000 Flags:00100010 [47 3a cf]
==> 1151:  LD A, (09cfh)       PC:1154 AF:0022 BC:487d DE:426f HL:09e7 SP:f793 IX:0000 IY:0000 Flags:00100010 [3a cf 09]
==> 1154:  CP A, B             PC:1155 AF:009b BC:487d DE:426f HL:09e7 SP:f793 IX:0000 IY:0000 Flags:10011011 [b8 cc e8]
==> 1155:  CALL Z, 17e8h       PC:1158 AF:009b BC:487d DE:426f HL:09e7 SP:f793 IX:0000 IY:0000 Flags:10011011 [cc e8 17]
==> 1158:  INC A               PC:1159 AF:0101 BC:487d DE:426f HL:09e7 SP:f793 IX:0000 IY:0000 Flags:00000001 [3c 32 cf]
==> 1159:  LD (09cfh), A       PC:115c AF:0101 BC:487d DE:426f HL:09e7 SP:f793 IX:0000 IY:0000 Flags:00000001 [32 cf 09]
==> 115c:  POP AF              PC:115d AF:4203 BC:487d DE:426f HL:09e7 SP:f795 IX:0000 IY:0000 Flags:00000011 [f1 c1 f5]
==> 115d:  POP BC              PC:115e AF:4203 BC:487d DE:426f HL:09e7 SP:f797 IX:0000 IY:0000 Flags:00000011 [c1 f5 f1]
==> 115e:  PUSH AF             PC:115f AF:4203 BC:487d DE:426f HL:09e7 SP:f795 IX:0000 IY:0000 Flags:00000011 [f5 f1 f5]
==> 115f:  POP AF              PC:1160 AF:4203 BC:487d DE:426f HL:09e7 SP:f797 IX:0000 IY:0000 Flags:00000011 [f1 f5 c5]
==> 1160:  PUSH AF             PC:1161 AF:4203 BC:487d DE:426f HL:09e7 SP:f795 IX:0000 IY:0000 Flags:00000011 [f5 c5 d5]
==> 1161:  PUSH BC             PC:1162 AF:4203 BC:487d DE:426f HL:09e7 SP:f793 IX:0000 IY:0000 Flags:00000011 [c5 d5 0e]
==> 1162:  PUSH DE             PC:1163 AF:4203 BC:487d DE:426f HL:09e7 SP:f791 IX:0000 IY:0000 Flags:00000011 [d5 0e 02]
==> 1163:  LD C, 02h           PC:1165 AF:4203 BC:4802 DE:426f HL:09e7 SP:f791 IX:0000 IY:0000 Flags:00000011 [0e 02 4f]
==> 1165:  LD C, A             PC:1166 AF:4203 BC:4842 DE:426f HL:09e7 SP:f791 IX:0000 IY:0000 Flags:00000011 [4f e5 cd]
==> 1166:  PUSH HL             PC:1167 AF:4203 BC:4842 DE:426f HL:09e7 SP:f78f IX:0000 IY:0000 Flags:00000011 [e5 cd 84]
==> 1167:  CALL ff84h          PC:ff84 AF:4203 BC:4842 DE:426f HL:09e7 SP:f78d IX:0000 IY:0000 Flags:00000011 [cd 84 ff]
B==> ff84:  RET                 PC:116a AF:4203 BC:4842 DE:426f HL:09e7 SP:f78f IX:0000 IY:0000 Flags:00000011 [c9 c9 c9]
==> 116a:  POP HL              PC:116b AF:4203 BC:4842 DE:426f HL:09e7 SP:f791 IX:0000 IY:0000 Flags:00000011 [e1 d1 c1]
==> 116b:  POP DE              PC:116c AF:4203 BC:4842 DE:426f HL:09e7 SP:f793 IX:0000 IY:0000 Flags:00000011 [d1 c1 f1]
==> 116c:  POP BC              PC:116d AF:4203 BC:487d DE:426f HL:09e7 SP:f795 IX:0000 IY:0000 Flags:00000011 [c1 f1 c9]
==> 116d:  POP AF              PC:116e AF:4203 BC:487d DE:426f HL:09e7 SP:f797 IX:0000 IY:0000 Flags:00000011 [f1 c9 e5]
==> 116e:  RET                 PC:228c AF:4203 BC:487d DE:426f HL:09e7 SP:f799 IX:0000 IY:0000 Flags:00000011 [c9 e5 2a]
==> 228c:  CP A, 0dh           PC:228e AF:421a BC:487d DE:426f HL:09e7 SP:f799 IX:0000 IY:0000 Flags:00011010 [fe 0d cc]
==> 228e:  CALL Z, 17f2h       PC:2291 AF:421a BC:487d DE:426f HL:09e7 SP:f799 IX:0000 IY:0000 Flags:00011010 [cc f2 17]
==> 2291:  INC BC              PC:2292 AF:421a BC:487e DE:426f HL:09e7 SP:f799 IX:0000 IY:0000 Flags:00011010 [03 c3 86]
==> 2292:  JP 2286h            PC:2286 AF:421a BC:487e DE:426f HL:09e7 SP:f799 IX:0000 IY:0000 Flags:00011010 [c3 86 22]
==> 2286:  DEC D               PC:2287 AF:4202 BC:487e DE:416f HL:09e7 SP:f799 IX:0000 IY:0000 Flags:00000010 [15 c8 0a]
==> 2287:  RET Z               PC:2288 AF:4202 BC:487e DE:416f HL:09e7 SP:f799 IX:0000 IY:0000 Flags:00000010 [c8 0a cd]
==> 2288:  LD A, (BC)          PC:2289 AF:4102 BC:487e DE:416f HL:09e7 SP:f799 IX:0000 IY:0000 Flags:00000010 [0a cd c5]
==> 2289:  CALL 10c5h          PC:10c5 AF:4102 BC:487e DE:416f HL:09e7 SP:f797 IX:0000 IY:0000 Flags:00000010 [cd c5 10]
==> 10c5:  PUSH AF             PC:10c6 AF:4102 BC:487e DE:416f HL:09e7 SP:f795 IX:0000 IY:0000 Flags:00000010 [f5 e5 2a]
==> 10c6:  PUSH HL             PC:10c7 AF:4102 BC:487e DE:416f HL:09e7 SP:f793 IX:0000 IY:0000 Flags:00000010 [e5 2a 35]
==> 10c7:  LD HL, (0735h)      PC:10ca AF:4102 BC:487e DE:416f HL:0000 SP:f793 IX:0000 IY:0000 Flags:00000010 [2a 35 07]
==> 10ca:  LD A, H             PC:10cb AF:0002 BC:487e DE:416f HL:0000 SP:f793 IX:0000 IY:0000 Flags:00000010 [7c b5 c2]
==> 10cb:  OR A, L             PC:10cc AF:0044 BC:487e DE:416f HL:0000 SP:f793 IX:0000 IY:0000 Flags:01000100 [b5 c2 14]
==> 10cc:  JP NZ, 2e14h        PC:10cf AF:0044 BC:487e DE:416f HL:0000 SP:f793 IX:0000 IY:0000 Flags:01000100 [c2 14 2e]
==> 10cf:  POP HL              PC:10d0 AF:0044 BC:487e DE:416f HL:09e7 SP:f795 IX:0000 IY:0000 Flags:01000100 [e1 3a 26]
==> 10d0:  LD A, (0726h)       PC:10d3 AF:0044 BC:487e DE:416f HL:09e7 SP:f795 IX:0000 IY:0000 Flags:01000100 [3a 26 07]
==> 10d3:  OR A, A             PC:10d4 AF:0044 BC:487e DE:416f HL:09e7 SP:f795 IX:0000 IY:0000 Flags:01000100 [b7 ca 29]
==> 10d4:  JP Z, 1129h         PC:1129 AF:0044 BC:487e DE:416f HL:09e7 SP:f795 IX:0000 IY:0000 Flags:01000100 [ca 29 11]
==> 1129:  LD A, (072ah)       PC:112c AF:0044 BC:487e DE:416f HL:09e7 SP:f795 IX:0000 IY:0000 Flags:01000100 [3a 2a 07]
==> 112c:  OR A, A             PC:112d AF:0044 BC:487e DE:416f HL:09e7 SP:f795 IX:0000 IY:0000 Flags:01000100 [b7 c2 b1]
==> 112d:  JP NZ, 22b1h        PC:1130 AF:0044 BC:487e DE:416f HL:09e7 SP:f795 IX:0000 IY:0000 Flags:01000100 [c2 b1 22]
==> 1130:  POP AF              PC:1131 AF:4102 BC:487e DE:416f HL:09e7 SP:f797 IX:0000 IY:0000 Flags:00000010 [f1 c5 f5]
==> 1131:  PUSH BC             PC:1132 AF:4102 BC:487e DE:416f HL:09e7 SP:f795 IX:0000 IY:0000 Flags:00000010 [c5 f5 fe]
==> 1132:  PUSH AF             PC:1133 AF:4102 BC:487e DE:416f HL:09e7 SP:f793 IX:0000 IY:0000 Flags:00000010 [f5 fe 09]
==> 1133:  CP A, 09h           PC:1135 AF:411a BC:487e DE:416f HL:09e7 SP:f793 IX:0000 IY:0000 Flags:00011010 [fe 09 c2]
==> 1135:  JP NZ, 1148h        PC:1148 AF:411a BC:487e DE:416f HL:09e7 SP:f793 IX:0000 IY:0000 Flags:00011010 [c2 48 11]
==> 1148:  CP A, 20h           PC:114a AF:4122 BC:487e DE:416f HL:09e7 SP:f793 IX:0000 IY:0000 Flags:00100010 [fe 20 da]
==> 114a:  JP C, 115ch         PC:114d AF:4122 BC:487e DE:416f HL:09e7 SP:f793 IX:0000 IY:0000 Flags:00100010 [da 5c 11]
==> 114d:  LD A, (0727h)       PC:1150 AF:4822 BC:487e DE:416f HL:09e7 SP:f793 IX:0000 IY:0000 Flags:00100010 [3a 27 07]
==> 1150:  LD B, A             PC:1151 AF:4822 BC:487e DE:416f HL:09e7 SP:f793 IX:0000 IY:0000 Flags:00100010 [47 3a cf]
==> 1151:  LD A, (09cfh)       PC:1154 AF:0122 BC:487e DE:416f HL:09e7 SP:f793 IX:0000 IY:0000 Flags:00100010 [3a cf 09]
==> 1154:  CP A, B             PC:1155 AF:019b BC:487e DE:416f HL:09e7 SP:f793 IX:0000 IY:0000 Flags:10011011 [b8 cc e8]
==> 1155:  CALL Z, 17e8h       PC:1158 AF:019b BC:487e DE:416f HL:09e7 SP:f793 IX:0000 IY:0000 Flags:10011011 [cc e8 17]
==> 1158:  INC A               PC:1159 AF:0201 BC:487e DE:416f HL:09e7 SP:f793 IX:0000 IY:0000 Flags:00000001 [3c 32 cf]
==> 1159:  LD (09cfh), A       PC:115c AF:0201 BC:487e DE:416f HL:09e7 SP:f793 IX:0000 IY:0000 Flags:00000001 [32 cf 09]
==> 115c:  POP AF              PC:115d AF:4102 BC:487e DE:416f HL:09e7 SP:f795 IX:0000 IY:0000 Flags:00000010 [f1 c1 f5]
==> 115d:  POP BC              PC:115e AF:4102 BC:487e DE:416f HL:09e7 SP:f797 IX:0000 IY:0000 Flags:00000010 [c1 f5 f1]
==> 115e:  PUSH AF             PC:115f AF:4102 BC:487e DE:416f HL:09e7 SP:f795 IX:0000 IY:0000 Flags:00000010 [f5 f1 f5]
==> 115f:  POP AF              PC:1160 AF:4102 BC:487e DE:416f HL:09e7 SP:f797 IX:0000 IY:0000 Flags:00000010 [f1 f5 c5]
==> 1160:  PUSH AF             PC:1161 AF:4102 BC:487e DE:416f HL:09e7 SP:f795 IX:0000 IY:0000 Flags:00000010 [f5 c5 d5]
==> 1161:  PUSH BC             PC:1162 AF:4102 BC:487e DE:416f HL:09e7 SP:f793 IX:0000 IY:0000 Flags:00000010 [c5 d5 0e]
==> 1162:  PUSH DE             PC:1163 AF:4102 BC:487e DE:416f HL:09e7 SP:f791 IX:0000 IY:0000 Flags:00000010 [d5 0e 02]
==> 1163:  LD C, 02h           PC:1165 AF:4102 BC:4802 DE:416f HL:09e7 SP:f791 IX:0000 IY:0000 Flags:00000010 [0e 02 4f]
==> 1165:  LD C, A             PC:1166 AF:4102 BC:4841 DE:416f HL:09e7 SP:f791 IX:0000 IY:0000 Flags:00000010 [4f e5 cd]
==> 1166:  PUSH HL             PC:1167 AF:4102 BC:4841 DE:416f HL:09e7 SP:f78f IX:0000 IY:0000 Flags:00000010 [e5 cd 84]
==> 1167:  CALL ff84h          PC:ff84 AF:4102 BC:4841 DE:416f HL:09e7 SP:f78d IX:0000 IY:0000 Flags:00000010 [cd 84 ff]
A==> ff84:  RET                 PC:116a AF:4102 BC:4841 DE:416f HL:09e7 SP:f78f IX:0000 IY:0000 Flags:00000010 [c9 c9 c9]
==> 116a:  POP HL              PC:116b AF:4102 BC:4841 DE:416f HL:09e7 SP:f791 IX:0000 IY:0000 Flags:00000010 [e1 d1 c1]
==> 116b:  POP DE              PC:116c AF:4102 BC:4841 DE:416f HL:09e7 SP:f793 IX:0000 IY:0000 Flags:00000010 [d1 c1 f1]
==> 116c:  POP BC              PC:116d AF:4102 BC:487e DE:416f HL:09e7 SP:f795 IX:0000 IY:0000 Flags:00000010 [c1 f1 c9]
==> 116d:  POP AF              PC:116e AF:4102 BC:487e DE:416f HL:09e7 SP:f797 IX:0000 IY:0000 Flags:00000010 [f1 c9 e5]
==> 116e:  RET                 PC:228c AF:4102 BC:487e DE:416f HL:09e7 SP:f799 IX:0000 IY:0000 Flags:00000010 [c9 e5 2a]
==> 228c:  CP A, 0dh           PC:228e AF:411a BC:487e DE:416f HL:09e7 SP:f799 IX:0000 IY:0000 Flags:00011010 [fe 0d cc]
==> 228e:  CALL Z, 17f2h       PC:2291 AF:411a BC:487e DE:416f HL:09e7 SP:f799 IX:0000 IY:0000 Flags:00011010 [cc f2 17]
==> 2291:  INC BC              PC:2292 AF:411a BC:487f DE:416f HL:09e7 SP:f799 IX:0000 IY:0000 Flags:00011010 [03 c3 86]
==> 2292:  JP 2286h            PC:2286 AF:411a BC:487f DE:416f HL:09e7 SP:f799 IX:0000 IY:0000 Flags:00011010 [c3 86 22]
==> 2286:  DEC D               PC:2287 AF:4102 BC:487f DE:406f HL:09e7 SP:f799 IX:0000 IY:0000 Flags:00000010 [15 c8 0a]
==> 2287:  RET Z               PC:2288 AF:4102 BC:487f DE:406f HL:09e7 SP:f799 IX:0000 IY:0000 Flags:00000010 [c8 0a cd]
==> 2288:  LD A, (BC)          PC:2289 AF:5302 BC:487f DE:406f HL:09e7 SP:f799 IX:0000 IY:0000 Flags:00000010 [0a cd c5]
==> 2289:  CALL 10c5h          PC:10c5 AF:5302 BC:487f DE:406f HL:09e7 SP:f797 IX:0000 IY:0000 Flags:00000010 [cd c5 10]
==> 10c5:  PUSH AF             PC:10c6 AF:5302 BC:487f DE:406f HL:09e7 SP:f795 IX:0000 IY:0000 Flags:00000010 [f5 e5 2a]
==> 10c6:  PUSH HL             PC:10c7 AF:5302 BC:487f DE:406f HL:09e7 SP:f793 IX:0000 IY:0000 Flags:00000010 [e5 2a 35]
==> 10c7:  LD HL, (0735h)      PC:10ca AF:5302 BC:487f DE:406f HL:0000 SP:f793 IX:0000 IY:0000 Flags:00000010 [2a 35 07]
==> 10ca:  LD A, H             PC:10cb AF:0002 BC:487f DE:406f HL:0000 SP:f793 IX:0000 IY:0000 Flags:00000010 [7c b5 c2]
==> 10cb:  OR A, L             PC:10cc AF:0044 BC:487f DE:406f HL:0000 SP:f793 IX:0000 IY:0000 Flags:01000100 [b5 c2 14]
==> 10cc:  JP NZ, 2e14h        PC:10cf AF:0044 BC:487f DE:406f HL:0000 SP:f793 IX:0000 IY:0000 Flags:01000100 [c2 14 2e]
==> 10cf:  POP HL              PC:10d0 AF:0044 BC:487f DE:406f HL:09e7 SP:f795 IX:0000 IY:0000 Flags:01000100 [e1 3a 26]
==> 10d0:  LD A, (0726h)       PC:10d3 AF:0044 BC:487f DE:406f HL:09e7 SP:f795 IX:0000 IY:0000 Flags:01000100 [3a 26 07]
==> 10d3:  OR A, A             PC:10d4 AF:0044 BC:487f DE:406f HL:09e7 SP:f795 IX:0000 IY:0000 Flags:01000100 [b7 ca 29]
==> 10d4:  JP Z, 1129h         PC:1129 AF:0044 BC:487f DE:406f HL:09e7 SP:f795 IX:0000 IY:0000 Flags:01000100 [ca 29 11]
==> 1129:  LD A, (072ah)       PC:112c AF:0044 BC:487f DE:406f HL:09e7 SP:f795 IX:0000 IY:0000 Flags:01000100 [3a 2a 07]
==> 112c:  OR A, A             PC:112d AF:0044 BC:487f DE:406f HL:09e7 SP:f795 IX:0000 IY:0000 Flags:01000100 [b7 c2 b1]
==> 112d:  JP NZ, 22b1h        PC:1130 AF:0044 BC:487f DE:406f HL:09e7 SP:f795 IX:0000 IY:0000 Flags:01000100 [c2 b1 22]
==> 1130:  POP AF              PC:1131 AF:5302 BC:487f DE:406f HL:09e7 SP:f797 IX:0000 IY:0000 Flags:00000010 [f1 c5 f5]
==> 1131:  PUSH BC             PC:1132 AF:5302 BC:487f DE:406f HL:09e7 SP:f795 IX:0000 IY:0000 Flags:00000010 [c5 f5 fe]
==> 1132:  PUSH AF             PC:1133 AF:5302 BC:487f DE:406f HL:09e7 SP:f793 IX:0000 IY:0000 Flags:00000010 [f5 fe 09]
==> 1133:  CP A, 09h           PC:1135 AF:531a BC:487f DE:406f HL:09e7 SP:f793 IX:0000 IY:0000 Flags:00011010 [fe 09 c2]
==> 1135:  JP NZ, 1148h        PC:1148 AF:531a BC:487f DE:406f HL:09e7 SP:f793 IX:0000 IY:0000 Flags:00011010 [c2 48 11]
==> 1148:  CP A, 20h           PC:114a AF:5322 BC:487f DE:406f HL:09e7 SP:f793 IX:0000 IY:0000 Flags:00100010 [fe 20 da]
==> 114a:  JP C, 115ch         PC:114d AF:5322 BC:487f DE:406f HL:09e7 SP:f793 IX:0000 IY:0000 Flags:00100010 [da 5c 11]
==> 114d:  LD A, (0727h)       PC:1150 AF:4822 BC:487f DE:406f HL:09e7 SP:f793 IX:0000 IY:0000 Flags:00100010 [3a 27 07]
==> 1150:  LD B, A             PC:1151 AF:4822 BC:487f DE:406f HL:09e7 SP:f793 IX:0000 IY:0000 Flags:00100010 [47 3a cf]
==> 1151:  LD A, (09cfh)       PC:1154 AF:0222 BC:487f DE:406f HL:09e7 SP:f793 IX:0000 IY:0000 Flags:00100010 [3a cf 09]
==> 1154:  CP A, B             PC:1155 AF:029b BC:487f DE:406f HL:09e7 SP:f793 IX:0000 IY:0000 Flags:10011011 [b8 cc e8]
==> 1155:  CALL Z, 17e8h       PC:1158 AF:029b BC:487f DE:406f HL:09e7 SP:f793 IX:0000 IY:0000 Flags:10011011 [cc e8 17]
==> 1158:  INC A               PC:1159 AF:0301 BC:487f DE:406f HL:09e7 SP:f793 IX:0000 IY:0000 Flags:00000001 [3c 32 cf]
==> 1159:  LD (09cfh), A       PC:115c AF:0301 BC:487f DE:406f HL:09e7 SP:f793 IX:0000 IY:0000 Flags:00000001 [32 cf 09]
==> 115c:  POP AF              PC:115d AF:5302 BC:487f DE:406f HL:09e7 SP:f795 IX:0000 IY:0000 Flags:00000010 [f1 c1 f5]
==> 115d:  POP BC              PC:115e AF:5302 BC:487f DE:406f HL:09e7 SP:f797 IX:0000 IY:0000 Flags:00000010 [c1 f5 f1]
==> 115e:  PUSH AF             PC:115f AF:5302 BC:487f DE:406f HL:09e7 SP:f795 IX:0000 IY:0000 Flags:00000010 [f5 f1 f5]
==> 115f:  POP AF              PC:1160 AF:5302 BC:487f DE:406f HL:09e7 SP:f797 IX:0000 IY:0000 Flags:00000010 [f1 f5 c5]
==> 1160:  PUSH AF             PC:1161 AF:5302 BC:487f DE:406f HL:09e7 SP:f795 IX:0000 IY:0000 Flags:00000010 [f5 c5 d5]
==> 1161:  PUSH BC             PC:1162 AF:5302 BC:487f DE:406f HL:09e7 SP:f793 IX:0000 IY:0000 Flags:00000010 [c5 d5 0e]
==> 1162:  PUSH DE             PC:1163 AF:5302 BC:487f DE:406f HL:09e7 SP:f791 IX:0000 IY:0000 Flags:00000010 [d5 0e 02]
==> 1163:  LD C, 02h           PC:1165 AF:5302 BC:4802 DE:406f HL:09e7 SP:f791 IX:0000 IY:0000 Flags:00000010 [0e 02 4f]
==> 1165:  LD C, A             PC:1166 AF:5302 BC:4853 DE:406f HL:09e7 SP:f791 IX:0000 IY:0000 Flags:00000010 [4f e5 cd]
==> 1166:  PUSH HL             PC:1167 AF:5302 BC:4853 DE:406f HL:09e7 SP:f78f IX:0000 IY:0000 Flags:00000010 [e5 cd 84]
==> 1167:  CALL ff84h          PC:ff84 AF:5302 BC:4853 DE:406f HL:09e7 SP:f78d IX:0000 IY:0000 Flags:00000010 [cd 84 ff]
S==> ff84:  RET                 PC:116a AF:5302 BC:4853 DE:406f HL:09e7 SP:f78f IX:0000 IY:0000 Flags:00000010 [c9 c9 c9]
==> 116a:  POP HL              PC:116b AF:5302 BC:4853 DE:406f HL:09e7 SP:f791 IX:0000 IY:0000 Flags:00000010 [e1 d1 c1]
==> 116b:  POP DE              PC:116c AF:5302 BC:4853 DE:406f HL:09e7 SP:f793 IX:0000 IY:0000 Flags:00000010 [d1 c1 f1]
==> 116c:  POP BC              PC:116d AF:5302 BC:487f DE:406f HL:09e7 SP:f795 IX:0000 IY:0000 Flags:00000010 [c1 f1 c9]
==> 116d:  POP AF              PC:116e AF:5302 BC:487f DE:406f HL:09e7 SP:f797 IX:0000 IY:0000 Flags:00000010 [f1 c9 e5]
==> 116e:  RET                 PC:228c AF:5302 BC:487f DE:406f HL:09e7 SP:f799 IX:0000 IY:0000 Flags:00000010 [c9 e5 2a]
==> 228c:  CP A, 0dh           PC:228e AF:531a BC:487f DE:406f HL:09e7 SP:f799 IX:0000 IY:0000 Flags:00011010 [fe 0d cc]
==> 228e:  CALL Z, 17f2h       PC:2291 AF:531a BC:487f DE:406f HL:09e7 SP:f799 IX:0000 IY:0000 Flags:00011010 [cc f2 17]
==> 2291:  INC BC              PC:2292 AF:531a BC:4880 DE:406f HL:09e7 SP:f799 IX:0000 IY:0000 Flags:00011010 [03 c3 86]
==> 2292:  JP 2286h            PC:2286 AF:531a BC:4880 DE:406f HL:09e7 SP:f799 IX:0000 IY:0000 Flags:00011010 [c3 86 22]
==> 2286:  DEC D               PC:2287 AF:533a BC:4880 DE:3f6f HL:09e7 SP:f799 IX:0000 IY:0000 Flags:00111010 [15 c8 0a]
==> 2287:  RET Z               PC:2288 AF:533a BC:4880 DE:3f6f HL:09e7 SP:f799 IX:0000 IY:0000 Flags:00111010 [c8 0a cd]
==> 2288:  LD A, (BC)          PC:2289 AF:493a BC:4880 DE:3f6f HL:09e7 SP:f799 IX:0000 IY:0000 Flags:00111010 [0a cd c5]
==> 2289:  CALL 10c5h          PC:10c5 AF:493a BC:4880 DE:3f6f HL:09e7 SP:f797 IX:0000 IY:0000 Flags:00111010 [cd c5 10]
==> 10c5:  PUSH AF             PC:10c6 AF:493a BC:4880 DE:3f6f HL:09e7 SP:f795 IX:0000 IY:0000 Flags:00111010 [f5 e5 2a]
==> 10c6:  PUSH HL             PC:10c7 AF:493a BC:4880 DE:3f6f HL:09e7 SP:f793 IX:0000 IY:0000 Flags:00111010 [e5 2a 35]
==> 10c7:  LD HL, (0735h)      PC:10ca AF:493a BC:4880 DE:3f6f HL:0000 SP:f793 IX:0000 IY:0000 Flags:00111010 [2a 35 07]
==> 10ca:  LD A, H             PC:10cb AF:003a BC:4880 DE:3f6f HL:0000 SP:f793 IX:0000 IY:0000 Flags:00111010 [7c b5 c2]
==> 10cb:  OR A, L             PC:10cc AF:0044 BC:4880 DE:3f6f HL:0000 SP:f793 IX:0000 IY:0000 Flags:01000100 [b5 c2 14]
==> 10cc:  JP NZ, 2e14h        PC:10cf AF:0044 BC:4880 DE:3f6f HL:0000 SP:f793 IX:0000 IY:0000 Flags:01000100 [c2 14 2e]
==> 10cf:  POP HL              PC:10d0 AF:0044 BC:4880 DE:3f6f HL:09e7 SP:f795 IX:0000 IY:0000 Flags:01000100 [e1 3a 26]
==> 10d0:  LD A, (0726h)       PC:10d3 AF:0044 BC:4880 DE:3f6f HL:09e7 SP:f795 IX:0000 IY:0000 Flags:01000100 [3a 26 07]
==> 10d3:  OR A, A             PC:10d4 AF:0044 BC:4880 DE:3f6f HL:09e7 SP:f795 IX:0000 IY:0000 Flags:01000100 [b7 ca 29]
==> 10d4:  JP Z, 1129h         PC:1129 AF:0044 BC:4880 DE:3f6f HL:09e7 SP:f795 IX:0000 IY:0000 Flags:01000100 [ca 29 11]
==> 1129:  LD A, (072ah)       PC:112c AF:0044 BC:4880 DE:3f6f HL:09e7 SP:f795 IX:0000 IY:0000 Flags:01000100 [3a 2a 07]
==> 112c:  OR A, A             PC:112d AF:0044 BC:4880 DE:3f6f HL:09e7 SP:f795 IX:0000 IY:0000 Flags:01000100 [b7 c2 b1]
==> 112d:  JP NZ, 22b1h        PC:1130 AF:0044 BC:4880 DE:3f6f HL:09e7 SP:f795 IX:0000 IY:0000 Flags:01000100 [c2 b1 22]
==> 1130:  POP AF              PC:1131 AF:493a BC:4880 DE:3f6f HL:09e7 SP:f797 IX:0000 IY:0000 Flags:00111010 [f1 c5 f5]
==> 1131:  PUSH BC             PC:1132 AF:493a BC:4880 DE:3f6f HL:09e7 SP:f795 IX:0000 IY:0000 Flags:00111010 [c5 f5 fe]
==> 1132:  PUSH AF             PC:1133 AF:493a BC:4880 DE:3f6f HL:09e7 SP:f793 IX:0000 IY:0000 Flags:00111010 [f5 fe 09]
==> 1133:  CP A, 09h           PC:1135 AF:490a BC:4880 DE:3f6f HL:09e7 SP:f793 IX:0000 IY:0000 Flags:00001010 [fe 09 c2]
==> 1135:  JP NZ, 1148h        PC:1148 AF:490a BC:4880 DE:3f6f HL:09e7 SP:f793 IX:0000 IY:0000 Flags:00001010 [c2 48 11]
==> 1148:  CP A, 20h           PC:114a AF:4922 BC:4880 DE:3f6f HL:09e7 SP:f793 IX:0000 IY:0000 Flags:00100010 [fe 20 da]
==> 114a:  JP C, 115ch         PC:114d AF:4922 BC:4880 DE:3f6f HL:09e7 SP:f793 IX:0000 IY:0000 Flags:00100010 [da 5c 11]
==> 114d:  LD A, (0727h)       PC:1150 AF:4822 BC:4880 DE:3f6f HL:09e7 SP:f793 IX:0000 IY:0000 Flags:00100010 [3a 27 07]
==> 1150:  LD B, A             PC:1151 AF:4822 BC:4880 DE:3f6f HL:09e7 SP:f793 IX:0000 IY:0000 Flags:00100010 [47 3a cf]
==> 1151:  LD A, (09cfh)       PC:1154 AF:0322 BC:4880 DE:3f6f HL:09e7 SP:f793 IX:0000 IY:0000 Flags:00100010 [3a cf 09]
==> 1154:  CP A, B             PC:1155 AF:039b BC:4880 DE:3f6f HL:09e7 SP:f793 IX:0000 IY:0000 Flags:10011011 [b8 cc e8]
==> 1155:  CALL Z, 17e8h       PC:1158 AF:039b BC:4880 DE:3f6f HL:09e7 SP:f793 IX:0000 IY:0000 Flags:10011011 [cc e8 17]
==> 1158:  INC A               PC:1159 AF:0401 BC:4880 DE:3f6f HL:09e7 SP:f793 IX:0000 IY:0000 Flags:00000001 [3c 32 cf]
==> 1159:  LD (09cfh), A       PC:115c AF:0401 BC:4880 DE:3f6f HL:09e7 SP:f793 IX:0000 IY:0000 Flags:00000001 [32 cf 09]
==> 115c:  POP AF              PC:115d AF:493a BC:4880 DE:3f6f HL:09e7 SP:f795 IX:0000 IY:0000 Flags:00111010 [f1 c1 f5]
==> 115d:  POP BC              PC:115e AF:493a BC:4880 DE:3f6f HL:09e7 SP:f797 IX:0000 IY:0000 Flags:00111010 [c1 f5 f1]
==> 115e:  PUSH AF             PC:115f AF:493a BC:4880 DE:3f6f HL:09e7 SP:f795 IX:0000 IY:0000 Flags:00111010 [f5 f1 f5]
==> 115f:  POP AF              PC:1160 AF:493a BC:4880 DE:3f6f HL:09e7 SP:f797 IX:0000 IY:0000 Flags:00111010 [f1 f5 c5]
==> 1160:  PUSH AF             PC:1161 AF:493a BC:4880 DE:3f6f HL:09e7 SP:f795 IX:0000 IY:0000 Flags:00111010 [f5 c5 d5]
==> 1161:  PUSH BC             PC:1162 AF:493a BC:4880 DE:3f6f HL:09e7 SP:f793 IX:0000 IY:0000 Flags:00111010 [c5 d5 0e]
==> 1162:  PUSH DE             PC:1163 AF:493a BC:4880 DE:3f6f HL:09e7 SP:f791 IX:0000 IY:0000 Flags:00111010 [d5 0e 02]
==> 1163:  LD C, 02h           PC:1165 AF:493a BC:4802 DE:3f6f HL:09e7 SP:f791 IX:0000 IY:0000 Flags:00111010 [0e 02 4f]
==> 1165:  LD C, A             PC:1166 AF:493a BC:4849 DE:3f6f HL:09e7 SP:f791 IX:0000 IY:0000 Flags:00111010 [4f e5 cd]
==> 1166:  PUSH HL             PC:1167 AF:493a BC:4849 DE:3f6f HL:09e7 SP:f78f IX:0000 IY:0000 Flags:00111010 [e5 cd 84]
==> 1167:  CALL ff84h          PC:ff84 AF:493a BC:4849 DE:3f6f HL:09e7 SP:f78d IX:0000 IY:0000 Flags:00111010 [cd 84 ff]
I==> ff84:  RET                 PC:116a AF:493a BC:4849 DE:3f6f HL:09e7 SP:f78f IX:0000 IY:0000 Flags:00111010 [c9 c9 c9]
==> 116a:  POP HL              PC:116b AF:493a BC:4849 DE:3f6f HL:09e7 SP:f791 IX:0000 IY:0000 Flags:00111010 [e1 d1 c1]
==> 116b:  POP DE              PC:116c AF:493a BC:4849 DE:3f6f HL:09e7 SP:f793 IX:0000 IY:0000 Flags:00111010 [d1 c1 f1]
==> 116c:  POP BC              PC:116d AF:493a BC:4880 DE:3f6f HL:09e7 SP:f795 IX:0000 IY:0000 Flags:00111010 [c1 f1 c9]
==> 116d:  POP AF              PC:116e AF:493a BC:4880 DE:3f6f HL:09e7 SP:f797 IX:0000 IY:0000 Flags:00111010 [f1 c9 e5]
==> 116e:  RET                 PC:228c AF:493a BC:4880 DE:3f6f HL:09e7 SP:f799 IX:0000 IY:0000 Flags:00111010 [c9 e5 2a]
==> 228c:  CP A, 0dh           PC:228e AF:491a BC:4880 DE:3f6f HL:09e7 SP:f799 IX:0000 IY:0000 Flags:00011010 [fe 0d cc]
==> 228e:  CALL Z, 17f2h       PC:2291 AF:491a BC:4880 DE:3f6f HL:09e7 SP:f799 IX:0000 IY:0000 Flags:00011010 [cc f2 17]
==> 2291:  INC BC              PC:2292 AF:491a BC:4881 DE:3f6f HL:09e7 SP:f799 IX:0000 IY:0000 Flags:00011010 [03 c3 86]
==> 2292:  JP 2286h            PC:2286 AF:491a BC:4881 DE:3f6f HL:09e7 SP:f799 IX:0000 IY:0000 Flags:00011010 [c3 86 22]
==> 2286:  DEC D               PC:2287 AF:492a BC:4881 DE:3e6f HL:09e7 SP:f799 IX:0000 IY:0000 Flags:00101010 [15 c8 0a]
==> 2287:  RET Z               PC:2288 AF:492a BC:4881 DE:3e6f HL:09e7 SP:f799 IX:0000 IY:0000 Flags:00101010 [c8 0a cd]
==> 2288:  LD A, (BC)          PC:2289 AF:432a BC:4881 DE:3e6f HL:09e7 SP:f799 IX:0000 IY:0000 Flags:00101010 [0a cd c5]
==> 2289:  CALL 10c5h          PC:10c5 AF:432a BC:4881 DE:3e6f HL:09e7 SP:f797 IX:0000 IY:0000 Flags:00101010 [cd c5 10]
==> 10c5:  PUSH AF             PC:10c6 AF:432a BC:4881 DE:3e6f HL:09e7 SP:f795 IX:0000 IY:0000 Flags:00101010 [f5 e5 2a]
==> 10c6:  PUSH HL             PC:10c7 AF:432a BC:4881 DE:3e6f HL:09e7 SP:f793 IX:0000 IY:0000 Flags:00101010 [e5 2a 35]
==> 10c7:  LD HL, (0735h)      PC:10ca AF:432a BC:4881 DE:3e6f HL:0000 SP:f793 IX:0000 IY:0000 Flags:00101010 [2a 35 07]
==> 10ca:  LD A, H             PC:10cb AF:002a BC:4881 DE:3e6f HL:0000 SP:f793 IX:0000 IY:0000 Flags:00101010 [7c b5 c2]
==> 10cb:  OR A, L             PC:10cc AF:0044 BC:4881 DE:3e6f HL:0000 SP:f793 IX:0000 IY:0000 Flags:01000100 [b5 c2 14]
==> 10cc:  JP NZ, 2e14h        PC:10cf AF:0044 BC:4881 DE:3e6f HL:0000 SP:f793 IX:0000 IY:0000 Flags:01000100 [c2 14 2e]
==> 10cf:  POP HL              PC:10d0 AF:0044 BC:4881 DE:3e6f HL:09e7 SP:f795 IX:0000 IY:0000 Flags:01000100 [e1 3a 26]
==> 10d0:  LD A, (0726h)       PC:10d3 AF:0044 BC:4881 DE:3e6f HL:09e7 SP:f795 IX:0000 IY:0000 Flags:01000100 [3a 26 07]
==> 10d3:  OR A, A             PC:10d4 AF:0044 BC:4881 DE:3e6f HL:09e7 SP:f795 IX:0000 IY:0000 Flags:01000100 [b7 ca 29]
==> 10d4:  JP Z, 1129h         PC:1129 AF:0044 BC:4881 DE:3e6f HL:09e7 SP:f795 IX:0000 IY:0000 Flags:01000100 [ca 29 11]
==> 1129:  LD A, (072ah)       PC:112c AF:0044 BC:4881 DE:3e6f HL:09e7 SP:f795 IX:0000 IY:0000 Flags:01000100 [3a 2a 07]
==> 112c:  OR A, A             PC:112d AF:0044 BC:4881 DE:3e6f HL:09e7 SP:f795 IX:0000 IY:0000 Flags:01000100 [b7 c2 b1]
==> 112d:  JP NZ, 22b1h        PC:1130 AF:0044 BC:4881 DE:3e6f HL:09e7 SP:f795 IX:0000 IY:0000 Flags:01000100 [c2 b1 22]
==> 1130:  POP AF              PC:1131 AF:432a BC:4881 DE:3e6f HL:09e7 SP:f797 IX:0000 IY:0000 Flags:00101010 [f1 c5 f5]
==> 1131:  PUSH BC             PC:1132 AF:432a BC:4881 DE:3e6f HL:09e7 SP:f795 IX:0000 IY:0000 Flags:00101010 [c5 f5 fe]
==> 1132:  PUSH AF             PC:1133 AF:432a BC:4881 DE:3e6f HL:09e7 SP:f793 IX:0000 IY:0000 Flags:00101010 [f5 fe 09]
==> 1133:  CP A, 09h           PC:1135 AF:431a BC:4881 DE:3e6f HL:09e7 SP:f793 IX:0000 IY:0000 Flags:00011010 [fe 09 c2]
==> 1135:  JP NZ, 1148h        PC:1148 AF:431a BC:4881 DE:3e6f HL:09e7 SP:f793 IX:0000 IY:0000 Flags:00011010 [c2 48 11]
==> 1148:  CP A, 20h           PC:114a AF:4322 BC:4881 DE:3e6f HL:09e7 SP:f793 IX:0000 IY:0000 Flags:00100010 [fe 20 da]
==> 114a:  JP C, 115ch         PC:114d AF:4322 BC:4881 DE:3e6f HL:09e7 SP:f793 IX:0000 IY:0000 Flags:00100010 [da 5c 11]
==> 114d:  LD A, (0727h)       PC:1150 AF:4822 BC:4881 DE:3e6f HL:09e7 SP:f793 IX:0000 IY:0000 Flags:00100010 [3a 27 07]
==> 1150:  LD B, A             PC:1151 AF:4822 BC:4881 DE:3e6f HL:09e7 SP:f793 IX:0000 IY:0000 Flags:00100010 [47 3a cf]
==> 1151:  LD A, (09cfh)       PC:1154 AF:0422 BC:4881 DE:3e6f HL:09e7 SP:f793 IX:0000 IY:0000 Flags:00100010 [3a cf 09]
==> 1154:  CP A, B             PC:1155 AF:049b BC:4881 DE:3e6f HL:09e7 SP:f793 IX:0000 IY:0000 Flags:10011011 [b8 cc e8]
==> 1155:  CALL Z, 17e8h       PC:1158 AF:049b BC:4881 DE:3e6f HL:09e7 SP:f793 IX:0000 IY:0000 Flags:10011011 [cc e8 17]
==> 1158:  INC A               PC:1159 AF:0501 BC:4881 DE:3e6f HL:09e7 SP:f793 IX:0000 IY:0000 Flags:00000001 [3c 32 cf]
==> 1159:  LD (09cfh), A       PC:115c AF:0501 BC:4881 DE:3e6f HL:09e7 SP:f793 IX:0000 IY:0000 Flags:00000001 [32 cf 09]
==> 115c:  POP AF              PC:115d AF:432a BC:4881 DE:3e6f HL:09e7 SP:f795 IX:0000 IY:0000 Flags:00101010 [f1 c1 f5]
==> 115d:  POP BC              PC:115e AF:432a BC:4881 DE:3e6f HL:09e7 SP:f797 IX:0000 IY:0000 Flags:00101010 [c1 f5 f1]
==> 115e:  PUSH AF             PC:115f AF:432a BC:4881 DE:3e6f HL:09e7 SP:f795 IX:0000 IY:0000 Flags:00101010 [f5 f1 f5]
==> 115f:  POP AF              PC:1160 AF:432a BC:4881 DE:3e6f HL:09e7 SP:f797 IX:0000 IY:0000 Flags:00101010 [f1 f5 c5]
==> 1160:  PUSH AF             PC:1161 AF:432a BC:4881 DE:3e6f HL:09e7 SP:f795 IX:0000 IY:0000 Flags:00101010 [f5 c5 d5]
==> 1161:  PUSH BC             PC:1162 AF:432a BC:4881 DE:3e6f HL:09e7 SP:f793 IX:0000 IY:0000 Flags:00101010 [c5 d5 0e]
==> 1162:  PUSH DE             PC:1163 AF:432a BC:4881 DE:3e6f HL:09e7 SP:f791 IX:0000 IY:0000 Flags:00101010 [d5 0e 02]
==> 1163:  LD C, 02h           PC:1165 AF:432a BC:4802 DE:3e6f HL:09e7 SP:f791 IX:0000 IY:0000 Flags:00101010 [0e 02 4f]
==> 1165:  LD C, A             PC:1166 AF:432a BC:4843 DE:3e6f HL:09e7 SP:f791 IX:0000 IY:0000 Flags:00101010 [4f e5 cd]
==> 1166:  PUSH HL             PC:1167 AF:432a BC:4843 DE:3e6f HL:09e7 SP:f78f IX:0000 IY:0000 Flags:00101010 [e5 cd 84]
==> 1167:  CALL ff84h          PC:ff84 AF:432a BC:4843 DE:3e6f HL:09e7 SP:f78d IX:0000 IY:0000 Flags:00101010 [cd 84 ff]
C==> ff84:  RET                 PC:116a AF:432a BC:4843 DE:3e6f HL:09e7 SP:f78f IX:0000 IY:0000 Flags:00101010 [c9 c9 c9]
==> 116a:  POP HL              PC:116b AF:432a BC:4843 DE:3e6f HL:09e7 SP:f791 IX:0000 IY:0000 Flags:00101010 [e1 d1 c1]
==> 116b:  POP DE              PC:116c AF:432a BC:4843 DE:3e6f HL:09e7 SP:f793 IX:0000 IY:0000 Flags:00101010 [d1 c1 f1]
==> 116c:  POP BC              PC:116d AF:432a BC:4881 DE:3e6f HL:09e7 SP:f795 IX:0000 IY:0000 Flags:00101010 [c1 f1 c9]
==> 116d:  POP AF              PC:116e AF:432a BC:4881 DE:3e6f HL:09e7 SP:f797 IX:0000 IY:0000 Flags:00101010 [f1 c9 e5]
==> 116e:  RET                 PC:228c AF:432a BC:4881 DE:3e6f HL:09e7 SP:f799 IX:0000 IY:0000 Flags:00101010 [c9 e5 2a]
==> 228c:  CP A, 0dh           PC:228e AF:431a BC:4881 DE:3e6f HL:09e7 SP:f799 IX:0000 IY:0000 Flags:00011010 [fe 0d cc]
==> 228e:  CALL Z, 17f2h       PC:2291 AF:431a BC:4881 DE:3e6f HL:09e7 SP:f799 IX:0000 IY:0000 Flags:00011010 [cc f2 17]
==> 2291:  INC BC              PC:2292 AF:431a BC:4882 DE:3e6f HL:09e7 SP:f799 IX:0000 IY:0000 Flags:00011010 [03 c3 86]
==> 2292:  JP 2286h            PC:2286 AF:431a BC:4882 DE:3e6f HL:09e7 SP:f799 IX:0000 IY:0000 Flags:00011010 [c3 86 22]
==> 2286:  DEC D               PC:2287 AF:432a BC:4882 DE:3d6f HL:09e7 SP:f799 IX:0000 IY:0000 Flags:00101010 [15 c8 0a]
==> 2287:  RET Z               PC:2288 AF:432a BC:4882 DE:3d6f HL:09e7 SP:f799 IX:0000 IY:0000 Flags:00101010 [c8 0a cd]
==> 2288:  LD A, (BC)          PC:2289 AF:202a BC:4882 DE:3d6f HL:09e7 SP:f799 IX:0000 IY:0000 Flags:00101010 [0a cd c5]
==> 2289:  CALL 10c5h          PC:10c5 AF:202a BC:4882 DE:3d6f HL:09e7 SP:f797 IX:0000 IY:0000 Flags:00101010 [cd c5 10]
==> 10c5:  PUSH AF             PC:10c6 AF:202a BC:4882 DE:3d6f HL:09e7 SP:f795 IX:0000 IY:0000 Flags:00101010 [f5 e5 2a]
==> 10c6:  PUSH HL             PC:10c7 AF:202a BC:4882 DE:3d6f HL:09e7 SP:f793 IX:0000 IY:0000 Flags:00101010 [e5 2a 35]
==> 10c7:  LD HL, (0735h)      PC:10ca AF:202a BC:4882 DE:3d6f HL:0000 SP:f793 IX:0000 IY:0000 Flags:00101010 [2a 35 07]
==> 10ca:  LD A, H             PC:10cb AF:002a BC:4882 DE:3d6f HL:0000 SP:f793 IX:0000 IY:0000 Flags:00101010 [7c b5 c2]
==> 10cb:  OR A, L             PC:10cc AF:0044 BC:4882 DE:3d6f HL:0000 SP:f793 IX:0000 IY:0000 Flags:01000100 [b5 c2 14]
==> 10cc:  JP NZ, 2e14h        PC:10cf AF:0044 BC:4882 DE:3d6f HL:0000 SP:f793 IX:0000 IY:0000 Flags:01000100 [c2 14 2e]
==> 10cf:  POP HL              PC:10d0 AF:0044 BC:4882 DE:3d6f HL:09e7 SP:f795 IX:0000 IY:0000 Flags:01000100 [e1 3a 26]
==> 10d0:  LD A, (0726h)       PC:10d3 AF:0044 BC:4882 DE:3d6f HL:09e7 SP:f795 IX:0000 IY:0000 Flags:01000100 [3a 26 07]
==> 10d3:  OR A, A             PC:10d4 AF:0044 BC:4882 DE:3d6f HL:09e7 SP:f795 IX:0000 IY:0000 Flags:01000100 [b7 ca 29]
==> 10d4:  JP Z, 1129h         PC:1129 AF:0044 BC:4882 DE:3d6f HL:09e7 SP:f795 IX:0000 IY:0000 Flags:01000100 [ca 29 11]
==> 1129:  LD A, (072ah)       PC:112c AF:0044 BC:4882 DE:3d6f HL:09e7 SP:f795 IX:0000 IY:0000 Flags:01000100 [3a 2a 07]
==> 112c:  OR A, A             PC:112d AF:0044 BC:4882 DE:3d6f HL:09e7 SP:f795 IX:0000 IY:0000 Flags:01000100 [b7 c2 b1]
==> 112d:  JP NZ, 22b1h        PC:1130 AF:0044 BC:4882 DE:3d6f HL:09e7 SP:f795 IX:0000 IY:0000 Flags:01000100 [c2 b1 22]
==> 1130:  POP AF              PC:1131 AF:202a BC:4882 DE:3d6f HL:09e7 SP:f797 IX:0000 IY:0000 Flags:00101010 [f1 c5 f5]
==> 1131:  PUSH BC             PC:1132 AF:202a BC:4882 DE:3d6f HL:09e7 SP:f795 IX:0000 IY:0000 Flags:00101010 [c5 f5 fe]
==> 1132:  PUSH AF             PC:1133 AF:202a BC:4882 DE:3d6f HL:09e7 SP:f793 IX:0000 IY:0000 Flags:00101010 [f5 fe 09]
==> 1133:  CP A, 09h           PC:1135 AF:201a BC:4882 DE:3d6f HL:09e7 SP:f793 IX:0000 IY:0000 Flags:00011010 [fe 09 c2]
==> 1135:  JP NZ, 1148h        PC:1148 AF:201a BC:4882 DE:3d6f HL:09e7 SP:f793 IX:0000 IY:0000 Flags:00011010 [c2 48 11]
==> 1148:  CP A, 20h           PC:114a AF:2062 BC:4882 DE:3d6f HL:09e7 SP:f793 IX:0000 IY:0000 Flags:01100010 [fe 20 da]
==> 114a:  JP C, 115ch         PC:114d AF:2062 BC:4882 DE:3d6f HL:09e7 SP:f793 IX:0000 IY:0000 Flags:01100010 [da 5c 11]
==> 114d:  LD A, (0727h)       PC:1150 AF:4862 BC:4882 DE:3d6f HL:09e7 SP:f793 IX:0000 IY:0000 Flags:01100010 [3a 27 07]
==> 1150:  LD B, A             PC:1151 AF:4862 BC:4882 DE:3d6f HL:09e7 SP:f793 IX:0000 IY:0000 Flags:01100010 [47 3a cf]
==> 1151:  LD A, (09cfh)       PC:1154 AF:0562 BC:4882 DE:3d6f HL:09e7 SP:f793 IX:0000 IY:0000 Flags:01100010 [3a cf 09]
==> 1154:  CP A, B             PC:1155 AF:059b BC:4882 DE:3d6f HL:09e7 SP:f793 IX:0000 IY:0000 Flags:10011011 [b8 cc e8]
==> 1155:  CALL Z, 17e8h       PC:1158 AF:059b BC:4882 DE:3d6f HL:09e7 SP:f793 IX:0000 IY:0000 Flags:10011011 [cc e8 17]
==> 1158:  INC A               PC:1159 AF:0601 BC:4882 DE:3d6f HL:09e7 SP:f793 IX:0000 IY:0000 Flags:00000001 [3c 32 cf]
==> 1159:  LD (09cfh), A       PC:115c AF:0601 BC:4882 DE:3d6f HL:09e7 SP:f793 IX:0000 IY:0000 Flags:00000001 [32 cf 09]
==> 115c:  POP AF              PC:115d AF:202a BC:4882 DE:3d6f HL:09e7 SP:f795 IX:0000 IY:0000 Flags:00101010 [f1 c1 f5]
==> 115d:  POP BC              PC:115e AF:202a BC:4882 DE:3d6f HL:09e7 SP:f797 IX:0000 IY:0000 Flags:00101010 [c1 f5 f1]
==> 115e:  PUSH AF             PC:115f AF:202a BC:4882 DE:3d6f HL:09e7 SP:f795 IX:0000 IY:0000 Flags:00101010 [f5 f1 f5]
==> 115f:  POP AF              PC:1160 AF:202a BC:4882 DE:3d6f HL:09e7 SP:f797 IX:0000 IY:0000 Flags:00101010 [f1 f5 c5]
==> 1160:  PUSH AF             PC:1161 AF:202a BC:4882 DE:3d6f HL:09e7 SP:f795 IX:0000 IY:0000 Flags:00101010 [f5 c5 d5]
==> 1161:  PUSH BC             PC:1162 AF:202a BC:4882 DE:3d6f HL:09e7 SP:f793 IX:0000 IY:0000 Flags:00101010 [c5 d5 0e]
==> 1162:  PUSH DE             PC:1163 AF:202a BC:4882 DE:3d6f HL:09e7 SP:f791 IX:0000 IY:0000 Flags:00101010 [d5 0e 02]
==> 1163:  LD C, 02h           PC:1165 AF:202a BC:4802 DE:3d6f HL:09e7 SP:f791 IX:0000 IY:0000 Flags:00101010 [0e 02 4f]
==> 1165:  LD C, A             PC:1166 AF:202a BC:4820 DE:3d6f HL:09e7 SP:f791 IX:0000 IY:0000 Flags:00101010 [4f e5 cd]
==> 1166:  PUSH HL             PC:1167 AF:202a BC:4820 DE:3d6f HL:09e7 SP:f78f IX:0000 IY:0000 Flags:00101010 [e5 cd 84]
==> 1167:  CALL ff84h          PC:ff84 AF:202a BC:4820 DE:3d6f HL:09e7 SP:f78d IX:0000 IY:0000 Flags:00101010 [cd 84 ff]
 ==> ff84:  RET                 PC:116a AF:202a BC:4820 DE:3d6f HL:09e7 SP:f78f IX:0000 IY:0000 Flags:00101010 [c9 c9 c9]
==> 116a:  POP HL              PC:116b AF:202a BC:4820 DE:3d6f HL:09e7 SP:f791 IX:0000 IY:0000 Flags:00101010 [e1 d1 c1]
==> 116b:  POP DE              PC:116c AF:202a BC:4820 DE:3d6f HL:09e7 SP:f793 IX:0000 IY:0000 Flags:00101010 [d1 c1 f1]
==> 116c:  POP BC              PC:116d AF:202a BC:4882 DE:3d6f HL:09e7 SP:f795 IX:0000 IY:0000 Flags:00101010 [c1 f1 c9]
==> 116d:  POP AF              PC:116e AF:202a BC:4882 DE:3d6f HL:09e7 SP:f797 IX:0000 IY:0000 Flags:00101010 [f1 c9 e5]
==> 116e:  RET                 PC:228c AF:202a BC:4882 DE:3d6f HL:09e7 SP:f799 IX:0000 IY:0000 Flags:00101010 [c9 e5 2a]
==> 228c:  CP A, 0dh           PC:228e AF:201a BC:4882 DE:3d6f HL:09e7 SP:f799 IX:0000 IY:0000 Flags:00011010 [fe 0d cc]
==> 228e:  CALL Z, 17f2h       PC:2291 AF:201a BC:4882 DE:3d6f HL:09e7 SP:f799 IX:0000 IY:0000 Flags:00011010 [cc f2 17]
==> 2291:  INC BC              PC:2292 AF:201a BC:4883 DE:3d6f HL:09e7 SP:f799 IX:0000 IY:0000 Flags:00011010 [03 c3 86]
==> 2292:  JP 2286h            PC:2286 AF:201a BC:4883 DE:3d6f HL:09e7 SP:f799 IX:0000 IY:0000 Flags:00011010 [c3 86 22]
==> 2286:  DEC D               PC:2287 AF:202a BC:4883 DE:3c6f HL:09e7 SP:f799 IX:0000 IY:0000 Flags:00101010 [15 c8 0a]
==> 2287:  RET Z               PC:2288 AF:202a BC:4883 DE:3c6f HL:09e7 SP:f799 IX:0000 IY:0000 Flags:00101010 [c8 0a cd]
==> 2288:  LD A, (BC)          PC:2289 AF:522a BC:4883 DE:3c6f HL:09e7 SP:f799 IX:0000 IY:0000 Flags:00101010 [0a cd c5]
==> 2289:  CALL 10c5h          PC:10c5 AF:522a BC:4883 DE:3c6f HL:09e7 SP:f797 IX:0000 IY:0000 Flags:00101010 [cd c5 10]
==> 10c5:  PUSH AF             PC:10c6 AF:522a BC:4883 DE:3c6f HL:09e7 SP:f795 IX:0000 IY:0000 Flags:00101010 [f5 e5 2a]
==> 10c6:  PUSH HL             PC:10c7 AF:522a BC:4883 DE:3c6f HL:09e7 SP:f793 IX:0000 IY:0000 Flags:00101010 [e5 2a 35]
==> 10c7:  LD HL, (0735h)      PC:10ca AF:522a BC:4883 DE:3c6f HL:0000 SP:f793 IX:0000 IY:0000 Flags:00101010 [2a 35 07]
==> 10ca:  LD A, H             PC:10cb AF:002a BC:4883 DE:3c6f HL:0000 SP:f793 IX:0000 IY:0000 Flags:00101010 [7c b5 c2]
==> 10cb:  OR A, L             PC:10cc AF:0044 BC:4883 DE:3c6f HL:0000 SP:f793 IX:0000 IY:0000 Flags:01000100 [b5 c2 14]
==> 10cc:  JP NZ, 2e14h        PC:10cf AF:0044 BC:4883 DE:3c6f HL:0000 SP:f793 IX:0000 IY:0000 Flags:01000100 [c2 14 2e]
==> 10cf:  POP HL              PC:10d0 AF:0044 BC:4883 DE:3c6f HL:09e7 SP:f795 IX:0000 IY:0000 Flags:01000100 [e1 3a 26]
==> 10d0:  LD A, (0726h)       PC:10d3 AF:0044 BC:4883 DE:3c6f HL:09e7 SP:f795 IX:0000 IY:0000 Flags:01000100 [3a 26 07]
==> 10d3:  OR A, A             PC:10d4 AF:0044 BC:4883 DE:3c6f HL:09e7 SP:f795 IX:0000 IY:0000 Flags:01000100 [b7 ca 29]
==> 10d4:  JP Z, 1129h         PC:1129 AF:0044 BC:4883 DE:3c6f HL:09e7 SP:f795 IX:0000 IY:0000 Flags:01000100 [ca 29 11]
==> 1129:  LD A, (072ah)       PC:112c AF:0044 BC:4883 DE:3c6f HL:09e7 SP:f795 IX:0000 IY:0000 Flags:01000100 [3a 2a 07]
==> 112c:  OR A, A             PC:112d AF:0044 BC:4883 DE:3c6f HL:09e7 SP:f795 IX:0000 IY:0000 Flags:01000100 [b7 c2 b1]
==> 112d:  JP NZ, 22b1h        PC:1130 AF:0044 BC:4883 DE:3c6f HL:09e7 SP:f795 IX:0000 IY:0000 Flags:01000100 [c2 b1 22]
==> 1130:  POP AF              PC:1131 AF:522a BC:4883 DE:3c6f HL:09e7 SP:f797 IX:0000 IY:0000 Flags:00101010 [f1 c5 f5]
==> 1131:  PUSH BC             PC:1132 AF:522a BC:4883 DE:3c6f HL:09e7 SP:f795 IX:0000 IY:0000 Flags:00101010 [c5 f5 fe]
==> 1132:  PUSH AF             PC:1133 AF:522a BC:4883 DE:3c6f HL:09e7 SP:f793 IX:0000 IY:0000 Flags:00101010 [f5 fe 09]
==> 1133:  CP A, 09h           PC:1135 AF:521a BC:4883 DE:3c6f HL:09e7 SP:f793 IX:0000 IY:0000 Flags:00011010 [fe 09 c2]
==> 1135:  JP NZ, 1148h        PC:1148 AF:521a BC:4883 DE:3c6f HL:09e7 SP:f793 IX:0000 IY:0000 Flags:00011010 [c2 48 11]
==> 1148:  CP A, 20h           PC:114a AF:5222 BC:4883 DE:3c6f HL:09e7 SP:f793 IX:0000 IY:0000 Flags:00100010 [fe 20 da]
==> 114a:  JP C, 115ch         PC:114d AF:5222 BC:4883 DE:3c6f HL:09e7 SP:f793 IX:0000 IY:0000 Flags:00100010 [da 5c 11]
==> 114d:  LD A, (0727h)       PC:1150 AF:4822 BC:4883 DE:3c6f HL:09e7 SP:f793 IX:0000 IY:0000 Flags:00100010 [3a 27 07]
==> 1150:  LD B, A             PC:1151 AF:4822 BC:4883 DE:3c6f HL:09e7 SP:f793 IX:0000 IY:0000 Flags:00100010 [47 3a cf]
==> 1151:  LD A, (09cfh)       PC:1154 AF:0622 BC:4883 DE:3c6f HL:09e7 SP:f793 IX:0000 IY:0000 Flags:00100010 [3a cf 09]
==> 1154:  CP A, B             PC:1155 AF:069b BC:4883 DE:3c6f HL:09e7 SP:f793 IX:0000 IY:0000 Flags:10011011 [b8 cc e8]
==> 1155:  CALL Z, 17e8h       PC:1158 AF:069b BC:4883 DE:3c6f HL:09e7 SP:f793 IX:0000 IY:0000 Flags:10011011 [cc e8 17]
==> 1158:  INC A               PC:1159 AF:0701 BC:4883 DE:3c6f HL:09e7 SP:f793 IX:0000 IY:0000 Flags:00000001 [3c 32 cf]
==> 1159:  LD (09cfh), A       PC:115c AF:0701 BC:4883 DE:3c6f HL:09e7 SP:f793 IX:0000 IY:0000 Flags:00000001 [32 cf 09]
==> 115c:  POP AF              PC:115d AF:522a BC:4883 DE:3c6f HL:09e7 SP:f795 IX:0000 IY:0000 Flags:00101010 [f1 c1 f5]
==> 115d:  POP BC              PC:115e AF:522a BC:4883 DE:3c6f HL:09e7 SP:f797 IX:0000 IY:0000 Flags:00101010 [c1 f5 f1]
==> 115e:  PUSH AF             PC:115f AF:522a BC:4883 DE:3c6f HL:09e7 SP:f795 IX:0000 IY:0000 Flags:00101010 [f5 f1 f5]
==> 115f:  POP AF              PC:1160 AF:522a BC:4883 DE:3c6f HL:09e7 SP:f797 IX:0000 IY:0000 Flags:00101010 [f1 f5 c5]
==> 1160:  PUSH AF             PC:1161 AF:522a BC:4883 DE:3c6f HL:09e7 SP:f795 IX:0000 IY:0000 Flags:00101010 [f5 c5 d5]
==> 1161:  PUSH BC             PC:1162 AF:522a BC:4883 DE:3c6f HL:09e7 SP:f793 IX:0000 IY:0000 Flags:00101010 [c5 d5 0e]
==> 1162:  PUSH DE             PC:1163 AF:522a BC:4883 DE:3c6f HL:09e7 SP:f791 IX:0000 IY:0000 Flags:00101010 [d5 0e 02]
==> 1163:  LD C, 02h           PC:1165 AF:522a BC:4802 DE:3c6f HL:09e7 SP:f791 IX:0000 IY:0000 Flags:00101010 [0e 02 4f]
==> 1165:  LD C, A             PC:1166 AF:522a BC:4852 DE:3c6f HL:09e7 SP:f791 IX:0000 IY:0000 Flags:00101010 [4f e5 cd]
==> 1166:  PUSH HL             PC:1167 AF:522a BC:4852 DE:3c6f HL:09e7 SP:f78f IX:0000 IY:0000 Flags:00101010 [e5 cd 84]
==> 1167:  CALL ff84h          PC:ff84 AF:522a BC:4852 DE:3c6f HL:09e7 SP:f78d IX:0000 IY:0000 Flags:00101010 [cd 84 ff]
R==> ff84:  RET                 PC:116a AF:522a BC:4852 DE:3c6f HL:09e7 SP:f78f IX:0000 IY:0000 Flags:00101010 [c9 c9 c9]
==> 116a:  POP HL              PC:116b AF:522a BC:4852 DE:3c6f HL:09e7 SP:f791 IX:0000 IY:0000 Flags:00101010 [e1 d1 c1]
==> 116b:  POP DE              PC:116c AF:522a BC:4852 DE:3c6f HL:09e7 SP:f793 IX:0000 IY:0000 Flags:00101010 [d1 c1 f1]
==> 116c:  POP BC              PC:116d AF:522a BC:4883 DE:3c6f HL:09e7 SP:f795 IX:0000 IY:0000 Flags:00101010 [c1 f1 c9]
==> 116d:  POP AF              PC:116e AF:522a BC:4883 DE:3c6f HL:09e7 SP:f797 IX:0000 IY:0000 Flags:00101010 [f1 c9 e5]
==> 116e:  RET                 PC:228c AF:522a BC:4883 DE:3c6f HL:09e7 SP:f799 IX:0000 IY:0000 Flags:00101010 [c9 e5 2a]
==> 228c:  CP A, 0dh           PC:228e AF:521a BC:4883 DE:3c6f HL:09e7 SP:f799 IX:0000 IY:0000 Flags:00011010 [fe 0d cc]
==> 228e:  CALL Z, 17f2h       PC:2291 AF:521a BC:4883 DE:3c6f HL:09e7 SP:f799 IX:0000 IY:0000 Flags:00011010 [cc f2 17]
==> 2291:  INC BC              PC:2292 AF:521a BC:4884 DE:3c6f HL:09e7 SP:f799 IX:0000 IY:0000 Flags:00011010 [03 c3 86]
==> 2292:  JP 2286h            PC:2286 AF:521a BC:4884 DE:3c6f HL:09e7 SP:f799 IX:0000 IY:0000 Flags:00011010 [c3 86 22]
==> 2286:  DEC D               PC:2287 AF:522a BC:4884 DE:3b6f HL:09e7 SP:f799 IX:0000 IY:0000 Flags:00101010 [15 c8 0a]
==> 2287:  RET Z               PC:2288 AF:522a BC:4884 DE:3b6f HL:09e7 SP:f799 IX:0000 IY:0000 Flags:00101010 [c8 0a cd]
==> 2288:  LD A, (BC)          PC:2289 AF:652a BC:4884 DE:3b6f HL:09e7 SP:f799 IX:0000 IY:0000 Flags:00101010 [0a cd c5]
==> 2289:  CALL 10c5h          PC:10c5 AF:652a BC:4884 DE:3b6f HL:09e7 SP:f797 IX:0000 IY:0000 Flags:00101010 [cd c5 10]
==> 10c5:  PUSH AF             PC:10c6 AF:652a BC:4884 DE:3b6f HL:09e7 SP:f795 IX:0000 IY:0000 Flags:00101010 [f5 e5 2a]
==> 10c6:  PUSH HL             PC:10c7 AF:652a BC:4884 DE:3b6f HL:09e7 SP:f793 IX:0000 IY:0000 Flags:00101010 [e5 2a 35]
==> 10c7:  LD HL, (0735h)      PC:10ca AF:652a BC:4884 DE:3b6f HL:0000 SP:f793 IX:0000 IY:0000 Flags:00101010 [2a 35 07]
==> 10ca:  LD A, H             PC:10cb AF:002a BC:4884 DE:3b6f HL:0000 SP:f793 IX:0000 IY:0000 Flags:00101010 [7c b5 c2]
==> 10cb:  OR A, L             PC:10cc AF:0044 BC:4884 DE:3b6f HL:0000 SP:f793 IX:0000 IY:0000 Flags:01000100 [b5 c2 14]
==> 10cc:  JP NZ, 2e14h        PC:10cf AF:0044 BC:4884 DE:3b6f HL:0000 SP:f793 IX:0000 IY:0000 Flags:01000100 [c2 14 2e]
==> 10cf:  POP HL              PC:10d0 AF:0044 BC:4884 DE:3b6f HL:09e7 SP:f795 IX:0000 IY:0000 Flags:01000100 [e1 3a 26]
==> 10d0:  LD A, (0726h)       PC:10d3 AF:0044 BC:4884 DE:3b6f HL:09e7 SP:f795 IX:0000 IY:0000 Flags:01000100 [3a 26 07]
==> 10d3:  OR A, A             PC:10d4 AF:0044 BC:4884 DE:3b6f HL:09e7 SP:f795 IX:0000 IY:0000 Flags:01000100 [b7 ca 29]
==> 10d4:  JP Z, 1129h         PC:1129 AF:0044 BC:4884 DE:3b6f HL:09e7 SP:f795 IX:0000 IY:0000 Flags:01000100 [ca 29 11]
==> 1129:  LD A, (072ah)       PC:112c AF:0044 BC:4884 DE:3b6f HL:09e7 SP:f795 IX:0000 IY:0000 Flags:01000100 [3a 2a 07]
==> 112c:  OR A, A             PC:112d AF:0044 BC:4884 DE:3b6f HL:09e7 SP:f795 IX:0000 IY:0000 Flags:01000100 [b7 c2 b1]
==> 112d:  JP NZ, 22b1h        PC:1130 AF:0044 BC:4884 DE:3b6f HL:09e7 SP:f795 IX:0000 IY:0000 Flags:01000100 [c2 b1 22]
==> 1130:  POP AF              PC:1131 AF:652a BC:4884 DE:3b6f HL:09e7 SP:f797 IX:0000 IY:0000 Flags:00101010 [f1 c5 f5]
==> 1131:  PUSH BC             PC:1132 AF:652a BC:4884 DE:3b6f HL:09e7 SP:f795 IX:0000 IY:0000 Flags:00101010 [c5 f5 fe]
==> 1132:  PUSH AF             PC:1133 AF:652a BC:4884 DE:3b6f HL:09e7 SP:f793 IX:0000 IY:0000 Flags:00101010 [f5 fe 09]
==> 1133:  CP A, 09h           PC:1135 AF:651a BC:4884 DE:3b6f HL:09e7 SP:f793 IX:0000 IY:0000 Flags:00011010 [fe 09 c2]
==> 1135:  JP NZ, 1148h        PC:1148 AF:651a BC:4884 DE:3b6f HL:09e7 SP:f793 IX:0000 IY:0000 Flags:00011010 [c2 48 11]
==> 1148:  CP A, 20h           PC:114a AF:6522 BC:4884 DE:3b6f HL:09e7 SP:f793 IX:0000 IY:0000 Flags:00100010 [fe 20 da]
==> 114a:  JP C, 115ch         PC:114d AF:6522 BC:4884 DE:3b6f HL:09e7 SP:f793 IX:0000 IY:0000 Flags:00100010 [da 5c 11]
==> 114d:  LD A, (0727h)       PC:1150 AF:4822 BC:4884 DE:3b6f HL:09e7 SP:f793 IX:0000 IY:0000 Flags:00100010 [3a 27 07]
==> 1150:  LD B, A             PC:1151 AF:4822 BC:4884 DE:3b6f HL:09e7 SP:f793 IX:0000 IY:0000 Flags:00100010 [47 3a cf]
==> 1151:  LD A, (09cfh)       PC:1154 AF:0722 BC:4884 DE:3b6f HL:09e7 SP:f793 IX:0000 IY:0000 Flags:00100010 [3a cf 09]
==> 1154:  CP A, B             PC:1155 AF:079b BC:4884 DE:3b6f HL:09e7 SP:f793 IX:0000 IY:0000 Flags:10011011 [b8 cc e8]
==> 1155:  CALL Z, 17e8h       PC:1158 AF:079b BC:4884 DE:3b6f HL:09e7 SP:f793 IX:0000 IY:0000 Flags:10011011 [cc e8 17]
==> 1158:  INC A               PC:1159 AF:0809 BC:4884 DE:3b6f HL:09e7 SP:f793 IX:0000 IY:0000 Flags:00001001 [3c 32 cf]
==> 1159:  LD (09cfh), A       PC:115c AF:0809 BC:4884 DE:3b6f HL:09e7 SP:f793 IX:0000 IY:0000 Flags:00001001 [32 cf 09]
==> 115c:  POP AF              PC:115d AF:652a BC:4884 DE:3b6f HL:09e7 SP:f795 IX:0000 IY:0000 Flags:00101010 [f1 c1 f5]
==> 115d:  POP BC              PC:115e AF:652a BC:4884 DE:3b6f HL:09e7 SP:f797 IX:0000 IY:0000 Flags:00101010 [c1 f5 f1]
==> 115e:  PUSH AF             PC:115f AF:652a BC:4884 DE:3b6f HL:09e7 SP:f795 IX:0000 IY:0000 Flags:00101010 [f5 f1 f5]
==> 115f:  POP AF              PC:1160 AF:652a BC:4884 DE:3b6f HL:09e7 SP:f797 IX:0000 IY:0000 Flags:00101010 [f1 f5 c5]
==> 1160:  PUSH AF             PC:1161 AF:652a BC:4884 DE:3b6f HL:09e7 SP:f795 IX:0000 IY:0000 Flags:00101010 [f5 c5 d5]
==> 1161:  PUSH BC             PC:1162 AF:652a BC:4884 DE:3b6f HL:09e7 SP:f793 IX:0000 IY:0000 Flags:00101010 [c5 d5 0e]
==> 1162:  PUSH DE             PC:1163 AF:652a BC:4884 DE:3b6f HL:09e7 SP:f791 IX:0000 IY:0000 Flags:00101010 [d5 0e 02]
==> 1163:  LD C, 02h           PC:1165 AF:652a BC:4802 DE:3b6f HL:09e7 SP:f791 IX:0000 IY:0000 Flags:00101010 [0e 02 4f]
==> 1165:  LD C, A             PC:1166 AF:652a BC:4865 DE:3b6f HL:09e7 SP:f791 IX:0000 IY:0000 Flags:00101010 [4f e5 cd]
==> 1166:  PUSH HL             PC:1167 AF:652a BC:4865 DE:3b6f HL:09e7 SP:f78f IX:0000 IY:0000 Flags:00101010 [e5 cd 84]
==> 1167:  CALL ff84h          PC:ff84 AF:652a BC:4865 DE:3b6f HL:09e7 SP:f78d IX:0000 IY:0000 Flags:00101010 [cd 84 ff]
e==> ff84:  RET                 PC:116a AF:652a BC:4865 DE:3b6f HL:09e7 SP:f78f IX:0000 IY:0000 Flags:00101010 [c9 c9 c9]
==> 116a:  POP HL              PC:116b AF:652a BC:4865 DE:3b6f HL:09e7 SP:f791 IX:0000 IY:0000 Flags:00101010 [e1 d1 c1]
==> 116b:  POP DE              PC:116c AF:652a BC:4865 DE:3b6f HL:09e7 SP:f793 IX:0000 IY:0000 Flags:00101010 [d1 c1 f1]
==> 116c:  POP BC              PC:116d AF:652a BC:4884 DE:3b6f HL:09e7 SP:f795 IX:0000 IY:0000 Flags:00101010 [c1 f1 c9]
==> 116d:  POP AF              PC:116e AF:652a BC:4884 DE:3b6f HL:09e7 SP:f797 IX:0000 IY:0000 Flags:00101010 [f1 c9 e5]
==> 116e:  RET                 PC:228c AF:652a BC:4884 DE:3b6f HL:09e7 SP:f799 IX:0000 IY:0000 Flags:00101010 [c9 e5 2a]
==> 228c:  CP A, 0dh           PC:228e AF:651a BC:4884 DE:3b6f HL:09e7 SP:f799 IX:0000 IY:0000 Flags:00011010 [fe 0d cc]
==> 228e:  CALL Z, 17f2h       PC:2291 AF:651a BC:4884 DE:3b6f HL:09e7 SP:f799 IX:0000 IY:0000 Flags:00011010 [cc f2 17]
==> 2291:  INC BC              PC:2292 AF:651a BC:4885 DE:3b6f HL:09e7 SP:f799 IX:0000 IY:0000 Flags:00011010 [03 c3 86]
==> 2292:  JP 2286h            PC:2286 AF:651a BC:4885 DE:3b6f HL:09e7 SP:f799 IX:0000 IY:0000 Flags:00011010 [c3 86 22]
==> 2286:  DEC D               PC:2287 AF:652a BC:4885 DE:3a6f HL:09e7 SP:f799 IX:0000 IY:0000 Flags:00101010 [15 c8 0a]
==> 2287:  RET Z               PC:2288 AF:652a BC:4885 DE:3a6f HL:09e7 SP:f799 IX:0000 IY:0000 Flags:00101010 [c8 0a cd]
==> 2288:  LD A, (BC)          PC:2289 AF:762a BC:4885 DE:3a6f HL:09e7 SP:f799 IX:0000 IY:0000 Flags:00101010 [0a cd c5]
==> 2289:  CALL 10c5h          PC:10c5 AF:762a BC:4885 DE:3a6f HL:09e7 SP:f797 IX:0000 IY:0000 Flags:00101010 [cd c5 10]
==> 10c5:  PUSH AF             PC:10c6 AF:762a BC:4885 DE:3a6f HL:09e7 SP:f795 IX:0000 IY:0000 Flags:00101010 [f5 e5 2a]
==> 10c6:  PUSH HL             PC:10c7 AF:762a BC:4885 DE:3a6f HL:09e7 SP:f793 IX:0000 IY:0000 Flags:00101010 [e5 2a 35]
==> 10c7:  LD HL, (0735h)      PC:10ca AF:762a BC:4885 DE:3a6f HL:0000 SP:f793 IX:0000 IY:0000 Flags:00101010 [2a 35 07]
==> 10ca:  LD A, H             PC:10cb AF:002a BC:4885 DE:3a6f HL:0000 SP:f793 IX:0000 IY:0000 Flags:00101010 [7c b5 c2]
==> 10cb:  OR A, L             PC:10cc AF:0044 BC:4885 DE:3a6f HL:0000 SP:f793 IX:0000 IY:0000 Flags:01000100 [b5 c2 14]
==> 10cc:  JP NZ, 2e14h        PC:10cf AF:0044 BC:4885 DE:3a6f HL:0000 SP:f793 IX:0000 IY:0000 Flags:01000100 [c2 14 2e]
==> 10cf:  POP HL              PC:10d0 AF:0044 BC:4885 DE:3a6f HL:09e7 SP:f795 IX:0000 IY:0000 Flags:01000100 [e1 3a 26]
==> 10d0:  LD A, (0726h)       PC:10d3 AF:0044 BC:4885 DE:3a6f HL:09e7 SP:f795 IX:0000 IY:0000 Flags:01000100 [3a 26 07]
==> 10d3:  OR A, A             PC:10d4 AF:0044 BC:4885 DE:3a6f HL:09e7 SP:f795 IX:0000 IY:0000 Flags:01000100 [b7 ca 29]
==> 10d4:  JP Z, 1129h         PC:1129 AF:0044 BC:4885 DE:3a6f HL:09e7 SP:f795 IX:0000 IY:0000 Flags:01000100 [ca 29 11]
==> 1129:  LD A, (072ah)       PC:112c AF:0044 BC:4885 DE:3a6f HL:09e7 SP:f795 IX:0000 IY:0000 Flags:01000100 [3a 2a 07]
==> 112c:  OR A, A             PC:112d AF:0044 BC:4885 DE:3a6f HL:09e7 SP:f795 IX:0000 IY:0000 Flags:01000100 [b7 c2 b1]
==> 112d:  JP NZ, 22b1h        PC:1130 AF:0044 BC:4885 DE:3a6f HL:09e7 SP:f795 IX:0000 IY:0000 Flags:01000100 [c2 b1 22]
==> 1130:  POP AF              PC:1131 AF:762a BC:4885 DE:3a6f HL:09e7 SP:f797 IX:0000 IY:0000 Flags:00101010 [f1 c5 f5]
==> 1131:  PUSH BC             PC:1132 AF:762a BC:4885 DE:3a6f HL:09e7 SP:f795 IX:0000 IY:0000 Flags:00101010 [c5 f5 fe]
==> 1132:  PUSH AF             PC:1133 AF:762a BC:4885 DE:3a6f HL:09e7 SP:f793 IX:0000 IY:0000 Flags:00101010 [f5 fe 09]
==> 1133:  CP A, 09h           PC:1135 AF:761a BC:4885 DE:3a6f HL:09e7 SP:f793 IX:0000 IY:0000 Flags:00011010 [fe 09 c2]
==> 1135:  JP NZ, 1148h        PC:1148 AF:761a BC:4885 DE:3a6f HL:09e7 SP:f793 IX:0000 IY:0000 Flags:00011010 [c2 48 11]
==> 1148:  CP A, 20h           PC:114a AF:7622 BC:4885 DE:3a6f HL:09e7 SP:f793 IX:0000 IY:0000 Flags:00100010 [fe 20 da]
==> 114a:  JP C, 115ch         PC:114d AF:7622 BC:4885 DE:3a6f HL:09e7 SP:f793 IX:0000 IY:0000 Flags:00100010 [da 5c 11]
==> 114d:  LD A, (0727h)       PC:1150 AF:4822 BC:4885 DE:3a6f HL:09e7 SP:f793 IX:0000 IY:0000 Flags:00100010 [3a 27 07]
==> 1150:  LD B, A             PC:1151 AF:4822 BC:4885 DE:3a6f HL:09e7 SP:f793 IX:0000 IY:0000 Flags:00100010 [47 3a cf]
==> 1151:  LD A, (09cfh)       PC:1154 AF:0822 BC:4885 DE:3a6f HL:09e7 SP:f793 IX:0000 IY:0000 Flags:00100010 [3a cf 09]
==> 1154:  CP A, B             PC:1155 AF:088b BC:4885 DE:3a6f HL:09e7 SP:f793 IX:0000 IY:0000 Flags:10001011 [b8 cc e8]
==> 1155:  CALL Z, 17e8h       PC:1158 AF:088b BC:4885 DE:3a6f HL:09e7 SP:f793 IX:0000 IY:0000 Flags:10001011 [cc e8 17]
==> 1158:  INC A               PC:1159 AF:0909 BC:4885 DE:3a6f HL:09e7 SP:f793 IX:0000 IY:0000 Flags:00001001 [3c 32 cf]
==> 1159:  LD (09cfh), A       PC:115c AF:0909 BC:4885 DE:3a6f HL:09e7 SP:f793 IX:0000 IY:0000 Flags:00001001 [32 cf 09]
==> 115c:  POP AF              PC:115d AF:762a BC:4885 DE:3a6f HL:09e7 SP:f795 IX:0000 IY:0000 Flags:00101010 [f1 c1 f5]
==> 115d:  POP BC              PC:115e AF:762a BC:4885 DE:3a6f HL:09e7 SP:f797 IX:0000 IY:0000 Flags:00101010 [c1 f5 f1]
==> 115e:  PUSH AF             PC:115f AF:762a BC:4885 DE:3a6f HL:09e7 SP:f795 IX:0000 IY:0000 Flags:00101010 [f5 f1 f5]
==> 115f:  POP AF              PC:1160 AF:762a BC:4885 DE:3a6f HL:09e7 SP:f797 IX:0000 IY:0000 Flags:00101010 [f1 f5 c5]
==> 1160:  PUSH AF             PC:1161 AF:762a BC:4885 DE:3a6f HL:09e7 SP:f795 IX:0000 IY:0000 Flags:00101010 [f5 c5 d5]
==> 1161:  PUSH BC             PC:1162 AF:762a BC:4885 DE:3a6f HL:09e7 SP:f793 IX:0000 IY:0000 Flags:00101010 [c5 d5 0e]
==> 1162:  PUSH DE             PC:1163 AF:762a BC:4885 DE:3a6f HL:09e7 SP:f791 IX:0000 IY:0000 Flags:00101010 [d5 0e 02]
==> 1163:  LD C, 02h           PC:1165 AF:762a BC:4802 DE:3a6f HL:09e7 SP:f791 IX:0000 IY:0000 Flags:00101010 [0e 02 4f]
==> 1165:  LD C, A             PC:1166 AF:762a BC:4876 DE:3a6f HL:09e7 SP:f791 IX:0000 IY:0000 Flags:00101010 [4f e5 cd]
==> 1166:  PUSH HL             PC:1167 AF:762a BC:4876 DE:3a6f HL:09e7 SP:f78f IX:0000 IY:0000 Flags:00101010 [e5 cd 84]
==> 1167:  CALL ff84h          PC:ff84 AF:762a BC:4876 DE:3a6f HL:09e7 SP:f78d IX:0000 IY:0000 Flags:00101010 [cd 84 ff]
v==> ff84:  RET                 PC:116a AF:762a BC:4876 DE:3a6f HL:09e7 SP:f78f IX:0000 IY:0000 Flags:00101010 [c9 c9 c9]
==> 116a:  POP HL              PC:116b AF:762a BC:4876 DE:3a6f HL:09e7 SP:f791 IX:0000 IY:0000 Flags:00101010 [e1 d1 c1]
==> 116b:  POP DE              PC:116c AF:762a BC:4876 DE:3a6f HL:09e7 SP:f793 IX:0000 IY:0000 Flags:00101010 [d1 c1 f1]
==> 116c:  POP BC              PC:116d AF:762a BC:4885 DE:3a6f HL:09e7 SP:f795 IX:0000 IY:0000 Flags:00101010 [c1 f1 c9]
==> 116d:  POP AF              PC:116e AF:762a BC:4885 DE:3a6f HL:09e7 SP:f797 IX:0000 IY:0000 Flags:00101010 [f1 c9 e5]
==> 116e:  RET                 PC:228c AF:762a BC:4885 DE:3a6f HL:09e7 SP:f799 IX:0000 IY:0000 Flags:00101010 [c9 e5 2a]
==> 228c:  CP A, 0dh           PC:228e AF:761a BC:4885 DE:3a6f HL:09e7 SP:f799 IX:0000 IY:0000 Flags:00011010 [fe 0d cc]
==> 228e:  CALL Z, 17f2h       PC:2291 AF:761a BC:4885 DE:3a6f HL:09e7 SP:f799 IX:0000 IY:0000 Flags:00011010 [cc f2 17]
==> 2291:  INC BC              PC:2292 AF:761a BC:4886 DE:3a6f HL:09e7 SP:f799 IX:0000 IY:0000 Flags:00011010 [03 c3 86]
==> 2292:  JP 2286h            PC:2286 AF:761a BC:4886 DE:3a6f HL:09e7 SP:f799 IX:0000 IY:0000 Flags:00011010 [c3 86 22]
==> 2286:  DEC D               PC:2287 AF:762a BC:4886 DE:396f HL:09e7 SP:f799 IX:0000 IY:0000 Flags:00101010 [15 c8 0a]
==> 2287:  RET Z               PC:2288 AF:762a BC:4886 DE:396f HL:09e7 SP:f799 IX:0000 IY:0000 Flags:00101010 [c8 0a cd]
==> 2288:  LD A, (BC)          PC:2289 AF:2e2a BC:4886 DE:396f HL:09e7 SP:f799 IX:0000 IY:0000 Flags:00101010 [0a cd c5]
==> 2289:  CALL 10c5h          PC:10c5 AF:2e2a BC:4886 DE:396f HL:09e7 SP:f797 IX:0000 IY:0000 Flags:00101010 [cd c5 10]
==> 10c5:  PUSH AF             PC:10c6 AF:2e2a BC:4886 DE:396f HL:09e7 SP:f795 IX:0000 IY:0000 Flags:00101010 [f5 e5 2a]
==> 10c6:  PUSH HL             PC:10c7 AF:2e2a BC:4886 DE:396f HL:09e7 SP:f793 IX:0000 IY:0000 Flags:00101010 [e5 2a 35]
==> 10c7:  LD HL, (0735h)      PC:10ca AF:2e2a BC:4886 DE:396f HL:0000 SP:f793 IX:0000 IY:0000 Flags:00101010 [2a 35 07]
==> 10ca:  LD A, H             PC:10cb AF:002a BC:4886 DE:396f HL:0000 SP:f793 IX:0000 IY:0000 Flags:00101010 [7c b5 c2]
==> 10cb:  OR A, L             PC:10cc AF:0044 BC:4886 DE:396f HL:0000 SP:f793 IX:0000 IY:0000 Flags:01000100 [b5 c2 14]
==> 10cc:  JP NZ, 2e14h        PC:10cf AF:0044 BC:4886 DE:396f HL:0000 SP:f793 IX:0000 IY:0000 Flags:01000100 [c2 14 2e]
==> 10cf:  POP HL              PC:10d0 AF:0044 BC:4886 DE:396f HL:09e7 SP:f795 IX:0000 IY:0000 Flags:01000100 [e1 3a 26]
==> 10d0:  LD A, (0726h)       PC:10d3 AF:0044 BC:4886 DE:396f HL:09e7 SP:f795 IX:0000 IY:0000 Flags:01000100 [3a 26 07]
==> 10d3:  OR A, A             PC:10d4 AF:0044 BC:4886 DE:396f HL:09e7 SP:f795 IX:0000 IY:0000 Flags:01000100 [b7 ca 29]
==> 10d4:  JP Z, 1129h         PC:1129 AF:0044 BC:4886 DE:396f HL:09e7 SP:f795 IX:0000 IY:0000 Flags:01000100 [ca 29 11]
==> 1129:  LD A, (072ah)       PC:112c AF:0044 BC:4886 DE:396f HL:09e7 SP:f795 IX:0000 IY:0000 Flags:01000100 [3a 2a 07]
==> 112c:  OR A, A             PC:112d AF:0044 BC:4886 DE:396f HL:09e7 SP:f795 IX:0000 IY:0000 Flags:01000100 [b7 c2 b1]
==> 112d:  JP NZ, 22b1h        PC:1130 AF:0044 BC:4886 DE:396f HL:09e7 SP:f795 IX:0000 IY:0000 Flags:01000100 [c2 b1 22]
==> 1130:  POP AF              PC:1131 AF:2e2a BC:4886 DE:396f HL:09e7 SP:f797 IX:0000 IY:0000 Flags:00101010 [f1 c5 f5]
==> 1131:  PUSH BC             PC:1132 AF:2e2a BC:4886 DE:396f HL:09e7 SP:f795 IX:0000 IY:0000 Flags:00101010 [c5 f5 fe]
==> 1132:  PUSH AF             PC:1133 AF:2e2a BC:4886 DE:396f HL:09e7 SP:f793 IX:0000 IY:0000 Flags:00101010 [f5 fe 09]
==> 1133:  CP A, 09h           PC:1135 AF:2e0a BC:4886 DE:396f HL:09e7 SP:f793 IX:0000 IY:0000 Flags:00001010 [fe 09 c2]
==> 1135:  JP NZ, 1148h        PC:1148 AF:2e0a BC:4886 DE:396f HL:09e7 SP:f793 IX:0000 IY:0000 Flags:00001010 [c2 48 11]
==> 1148:  CP A, 20h           PC:114a AF:2e22 BC:4886 DE:396f HL:09e7 SP:f793 IX:0000 IY:0000 Flags:00100010 [fe 20 da]
==> 114a:  JP C, 115ch         PC:114d AF:2e22 BC:4886 DE:396f HL:09e7 SP:f793 IX:0000 IY:0000 Flags:00100010 [da 5c 11]
==> 114d:  LD A, (0727h)       PC:1150 AF:4822 BC:4886 DE:396f HL:09e7 SP:f793 IX:0000 IY:0000 Flags:00100010 [3a 27 07]
==> 1150:  LD B, A             PC:1151 AF:4822 BC:4886 DE:396f HL:09e7 SP:f793 IX:0000 IY:0000 Flags:00100010 [47 3a cf]
==> 1151:  LD A, (09cfh)       PC:1154 AF:0922 BC:4886 DE:396f HL:09e7 SP:f793 IX:0000 IY:0000 Flags:00100010 [3a cf 09]
==> 1154:  CP A, B             PC:1155 AF:098b BC:4886 DE:396f HL:09e7 SP:f793 IX:0000 IY:0000 Flags:10001011 [b8 cc e8]
==> 1155:  CALL Z, 17e8h       PC:1158 AF:098b BC:4886 DE:396f HL:09e7 SP:f793 IX:0000 IY:0000 Flags:10001011 [cc e8 17]
==> 1158:  INC A               PC:1159 AF:0a09 BC:4886 DE:396f HL:09e7 SP:f793 IX:0000 IY:0000 Flags:00001001 [3c 32 cf]
==> 1159:  LD (09cfh), A       PC:115c AF:0a09 BC:4886 DE:396f HL:09e7 SP:f793 IX:0000 IY:0000 Flags:00001001 [32 cf 09]
==> 115c:  POP AF              PC:115d AF:2e2a BC:4886 DE:396f HL:09e7 SP:f795 IX:0000 IY:0000 Flags:00101010 [f1 c1 f5]
==> 115d:  POP BC              PC:115e AF:2e2a BC:4886 DE:396f HL:09e7 SP:f797 IX:0000 IY:0000 Flags:00101010 [c1 f5 f1]
==> 115e:  PUSH AF             PC:115f AF:2e2a BC:4886 DE:396f HL:09e7 SP:f795 IX:0000 IY:0000 Flags:00101010 [f5 f1 f5]
==> 115f:  POP AF              PC:1160 AF:2e2a BC:4886 DE:396f HL:09e7 SP:f797 IX:0000 IY:0000 Flags:00101010 [f1 f5 c5]
==> 1160:  PUSH AF             PC:1161 AF:2e2a BC:4886 DE:396f HL:09e7 SP:f795 IX:0000 IY:0000 Flags:00101010 [f5 c5 d5]
==> 1161:  PUSH BC             PC:1162 AF:2e2a BC:4886 DE:396f HL:09e7 SP:f793 IX:0000 IY:0000 Flags:00101010 [c5 d5 0e]
==> 1162:  PUSH DE             PC:1163 AF:2e2a BC:4886 DE:396f HL:09e7 SP:f791 IX:0000 IY:0000 Flags:00101010 [d5 0e 02]
==> 1163:  LD C, 02h           PC:1165 AF:2e2a BC:4802 DE:396f HL:09e7 SP:f791 IX:0000 IY:0000 Flags:00101010 [0e 02 4f]
==> 1165:  LD C, A             PC:1166 AF:2e2a BC:482e DE:396f HL:09e7 SP:f791 IX:0000 IY:0000 Flags:00101010 [4f e5 cd]
==> 1166:  PUSH HL             PC:1167 AF:2e2a BC:482e DE:396f HL:09e7 SP:f78f IX:0000 IY:0000 Flags:00101010 [e5 cd 84]
==> 1167:  CALL ff84h          PC:ff84 AF:2e2a BC:482e DE:396f HL:09e7 SP:f78d IX:0000 IY:0000 Flags:00101010 [cd 84 ff]
.==> ff84:  RET                 PC:116a AF:2e2a BC:482e DE:396f HL:09e7 SP:f78f IX:0000 IY:0000 Flags:00101010 [c9 c9 c9]
==> 116a:  POP HL              PC:116b AF:2e2a BC:482e DE:396f HL:09e7 SP:f791 IX:0000 IY:0000 Flags:00101010 [e1 d1 c1]
==> 116b:  POP DE              PC:116c AF:2e2a BC:482e DE:396f HL:09e7 SP:f793 IX:0000 IY:0000 Flags:00101010 [d1 c1 f1]
==> 116c:  POP BC              PC:116d AF:2e2a BC:4886 DE:396f HL:09e7 SP:f795 IX:0000 IY:0000 Flags:00101010 [c1 f1 c9]
==> 116d:  POP AF              PC:116e AF:2e2a BC:4886 DE:396f HL:09e7 SP:f797 IX:0000 IY:0000 Flags:00101010 [f1 c9 e5]
==> 116e:  RET                 PC:228c AF:2e2a BC:4886 DE:396f HL:09e7 SP:f799 IX:0000 IY:0000 Flags:00101010 [c9 e5 2a]
==> 228c:  CP A, 0dh           PC:228e AF:2e0a BC:4886 DE:396f HL:09e7 SP:f799 IX:0000 IY:0000 Flags:00001010 [fe 0d cc]
==> 228e:  CALL Z, 17f2h       PC:2291 AF:2e0a BC:4886 DE:396f HL:09e7 SP:f799 IX:0000 IY:0000 Flags:00001010 [cc f2 17]
==> 2291:  INC BC              PC:2292 AF:2e0a BC:4887 DE:396f HL:09e7 SP:f799 IX:0000 IY:0000 Flags:00001010 [03 c3 86]
==> 2292:  JP 2286h            PC:2286 AF:2e0a BC:4887 DE:396f HL:09e7 SP:f799 IX:0000 IY:0000 Flags:00001010 [c3 86 22]
==> 2286:  DEC D               PC:2287 AF:2e2a BC:4887 DE:386f HL:09e7 SP:f799 IX:0000 IY:0000 Flags:00101010 [15 c8 0a]
==> 2287:  RET Z               PC:2288 AF:2e2a BC:4887 DE:386f HL:09e7 SP:f799 IX:0000 IY:0000 Flags:00101010 [c8 0a cd]
==> 2288:  LD A, (BC)          PC:2289 AF:202a BC:4887 DE:386f HL:09e7 SP:f799 IX:0000 IY:0000 Flags:00101010 [0a cd c5]
==> 2289:  CALL 10c5h          PC:10c5 AF:202a BC:4887 DE:386f HL:09e7 SP:f797 IX:0000 IY:0000 Flags:00101010 [cd c5 10]
==> 10c5:  PUSH AF             PC:10c6 AF:202a BC:4887 DE:386f HL:09e7 SP:f795 IX:0000 IY:0000 Flags:00101010 [f5 e5 2a]
==> 10c6:  PUSH HL             PC:10c7 AF:202a BC:4887 DE:386f HL:09e7 SP:f793 IX:0000 IY:0000 Flags:00101010 [e5 2a 35]
==> 10c7:  LD HL, (0735h)      PC:10ca AF:202a BC:4887 DE:386f HL:0000 SP:f793 IX:0000 IY:0000 Flags:00101010 [2a 35 07]
==> 10ca:  LD A, H             PC:10cb AF:002a BC:4887 DE:386f HL:0000 SP:f793 IX:0000 IY:0000 Flags:00101010 [7c b5 c2]
==> 10cb:  OR A, L             PC:10cc AF:0044 BC:4887 DE:386f HL:0000 SP:f793 IX:0000 IY:0000 Flags:01000100 [b5 c2 14]
==> 10cc:  JP NZ, 2e14h        PC:10cf AF:0044 BC:4887 DE:386f HL:0000 SP:f793 IX:0000 IY:0000 Flags:01000100 [c2 14 2e]
==> 10cf:  POP HL              PC:10d0 AF:0044 BC:4887 DE:386f HL:09e7 SP:f795 IX:0000 IY:0000 Flags:01000100 [e1 3a 26]
==> 10d0:  LD A, (0726h)       PC:10d3 AF:0044 BC:4887 DE:386f HL:09e7 SP:f795 IX:0000 IY:0000 Flags:01000100 [3a 26 07]
==> 10d3:  OR A, A             PC:10d4 AF:0044 BC:4887 DE:386f HL:09e7 SP:f795 IX:0000 IY:0000 Flags:01000100 [b7 ca 29]
==> 10d4:  JP Z, 1129h         PC:1129 AF:0044 BC:4887 DE:386f HL:09e7 SP:f795 IX:0000 IY:0000 Flags:01000100 [ca 29 11]
==> 1129:  LD A, (072ah)       PC:112c AF:0044 BC:4887 DE:386f HL:09e7 SP:f795 IX:0000 IY:0000 Flags:01000100 [3a 2a 07]
==> 112c:  OR A, A             PC:112d AF:0044 BC:4887 DE:386f HL:09e7 SP:f795 IX:0000 IY:0000 Flags:01000100 [b7 c2 b1]
==> 112d:  JP NZ, 22b1h        PC:1130 AF:0044 BC:4887 DE:386f HL:09e7 SP:f795 IX:0000 IY:0000 Flags:01000100 [c2 b1 22]
==> 1130:  POP AF              PC:1131 AF:202a BC:4887 DE:386f HL:09e7 SP:f797 IX:0000 IY:0000 Flags:00101010 [f1 c5 f5]
==> 1131:  PUSH BC             PC:1132 AF:202a BC:4887 DE:386f HL:09e7 SP:f795 IX:0000 IY:0000 Flags:00101010 [c5 f5 fe]
==> 1132:  PUSH AF             PC:1133 AF:202a BC:4887 DE:386f HL:09e7 SP:f793 IX:0000 IY:0000 Flags:00101010 [f5 fe 09]
==> 1133:  CP A, 09h           PC:1135 AF:201a BC:4887 DE:386f HL:09e7 SP:f793 IX:0000 IY:0000 Flags:00011010 [fe 09 c2]
==> 1135:  JP NZ, 1148h        PC:1148 AF:201a BC:4887 DE:386f HL:09e7 SP:f793 IX:0000 IY:0000 Flags:00011010 [c2 48 11]
==> 1148:  CP A, 20h           PC:114a AF:2062 BC:4887 DE:386f HL:09e7 SP:f793 IX:0000 IY:0000 Flags:01100010 [fe 20 da]
==> 114a:  JP C, 115ch         PC:114d AF:2062 BC:4887 DE:386f HL:09e7 SP:f793 IX:0000 IY:0000 Flags:01100010 [da 5c 11]
==> 114d:  LD A, (0727h)       PC:1150 AF:4862 BC:4887 DE:386f HL:09e7 SP:f793 IX:0000 IY:0000 Flags:01100010 [3a 27 07]
==> 1150:  LD B, A             PC:1151 AF:4862 BC:4887 DE:386f HL:09e7 SP:f793 IX:0000 IY:0000 Flags:01100010 [47 3a cf]
==> 1151:  LD A, (09cfh)       PC:1154 AF:0a62 BC:4887 DE:386f HL:09e7 SP:f793 IX:0000 IY:0000 Flags:01100010 [3a cf 09]
==> 1154:  CP A, B             PC:1155 AF:0a8b BC:4887 DE:386f HL:09e7 SP:f793 IX:0000 IY:0000 Flags:10001011 [b8 cc e8]
==> 1155:  CALL Z, 17e8h       PC:1158 AF:0a8b BC:4887 DE:386f HL:09e7 SP:f793 IX:0000 IY:0000 Flags:10001011 [cc e8 17]
==> 1158:  INC A               PC:1159 AF:0b09 BC:4887 DE:386f HL:09e7 SP:f793 IX:0000 IY:0000 Flags:00001001 [3c 32 cf]
==> 1159:  LD (09cfh), A       PC:115c AF:0b09 BC:4887 DE:386f HL:09e7 SP:f793 IX:0000 IY:0000 Flags:00001001 [32 cf 09]
==> 115c:  POP AF              PC:115d AF:202a BC:4887 DE:386f HL:09e7 SP:f795 IX:0000 IY:0000 Flags:00101010 [f1 c1 f5]
==> 115d:  POP BC              PC:115e AF:202a BC:4887 DE:386f HL:09e7 SP:f797 IX:0000 IY:0000 Flags:00101010 [c1 f5 f1]
==> 115e:  PUSH AF             PC:115f AF:202a BC:4887 DE:386f HL:09e7 SP:f795 IX:0000 IY:0000 Flags:00101010 [f5 f1 f5]
==> 115f:  POP AF              PC:1160 AF:202a BC:4887 DE:386f HL:09e7 SP:f797 IX:0000 IY:0000 Flags:00101010 [f1 f5 c5]
==> 1160:  PUSH AF             PC:1161 AF:202a BC:4887 DE:386f HL:09e7 SP:f795 IX:0000 IY:0000 Flags:00101010 [f5 c5 d5]
==> 1161:  PUSH BC             PC:1162 AF:202a BC:4887 DE:386f HL:09e7 SP:f793 IX:0000 IY:0000 Flags:00101010 [c5 d5 0e]
==> 1162:  PUSH DE             PC:1163 AF:202a BC:4887 DE:386f HL:09e7 SP:f791 IX:0000 IY:0000 Flags:00101010 [d5 0e 02]
==> 1163:  LD C, 02h           PC:1165 AF:202a BC:4802 DE:386f HL:09e7 SP:f791 IX:0000 IY:0000 Flags:00101010 [0e 02 4f]
==> 1165:  LD C, A             PC:1166 AF:202a BC:4820 DE:386f HL:09e7 SP:f791 IX:0000 IY:0000 Flags:00101010 [4f e5 cd]
==> 1166:  PUSH HL             PC:1167 AF:202a BC:4820 DE:386f HL:09e7 SP:f78f IX:0000 IY:0000 Flags:00101010 [e5 cd 84]
==> 1167:  CALL ff84h          PC:ff84 AF:202a BC:4820 DE:386f HL:09e7 SP:f78d IX:0000 IY:0000 Flags:00101010 [cd 84 ff]
 ==> ff84:  RET                 PC:116a AF:202a BC:4820 DE:386f HL:09e7 SP:f78f IX:0000 IY:0000 Flags:00101010 [c9 c9 c9]
==> 116a:  POP HL              PC:116b AF:202a BC:4820 DE:386f HL:09e7 SP:f791 IX:0000 IY:0000 Flags:00101010 [e1 d1 c1]
==> 116b:  POP DE              PC:116c AF:202a BC:4820 DE:386f HL:09e7 SP:f793 IX:0000 IY:0000 Flags:00101010 [d1 c1 f1]
==> 116c:  POP BC              PC:116d AF:202a BC:4887 DE:386f HL:09e7 SP:f795 IX:0000 IY:0000 Flags:00101010 [c1 f1 c9]
==> 116d:  POP AF              PC:116e AF:202a BC:4887 DE:386f HL:09e7 SP:f797 IX:0000 IY:0000 Flags:00101010 [f1 c9 e5]
==> 116e:  RET                 PC:228c AF:202a BC:4887 DE:386f HL:09e7 SP:f799 IX:0000 IY:0000 Flags:00101010 [c9 e5 2a]
==> 228c:  CP A, 0dh           PC:228e AF:201a BC:4887 DE:386f HL:09e7 SP:f799 IX:0000 IY:0000 Flags:00011010 [fe 0d cc]
==> 228e:  CALL Z, 17f2h       PC:2291 AF:201a BC:4887 DE:386f HL:09e7 SP:f799 IX:0000 IY:0000 Flags:00011010 [cc f2 17]
==> 2291:  INC BC              PC:2292 AF:201a BC:4888 DE:386f HL:09e7 SP:f799 IX:0000 IY:0000 Flags:00011010 [03 c3 86]
==> 2292:  JP 2286h            PC:2286 AF:201a BC:4888 DE:386f HL:09e7 SP:f799 IX:0000 IY:0000 Flags:00011010 [c3 86 22]
==> 2286:  DEC D               PC:2287 AF:2022 BC:4888 DE:376f HL:09e7 SP:f799 IX:0000 IY:0000 Flags:00100010 [15 c8 0a]
==> 2287:  RET Z               PC:2288 AF:2022 BC:4888 DE:376f HL:09e7 SP:f799 IX:0000 IY:0000 Flags:00100010 [c8 0a cd]
==> 2288:  LD A, (BC)          PC:2289 AF:3422 BC:4888 DE:376f HL:09e7 SP:f799 IX:0000 IY:0000 Flags:00100010 [0a cd c5]
==> 2289:  CALL 10c5h          PC:10c5 AF:3422 BC:4888 DE:376f HL:09e7 SP:f797 IX:0000 IY:0000 Flags:00100010 [cd c5 10]
==> 10c5:  PUSH AF             PC:10c6 AF:3422 BC:4888 DE:376f HL:09e7 SP:f795 IX:0000 IY:0000 Flags:00100010 [f5 e5 2a]
==> 10c6:  PUSH HL             PC:10c7 AF:3422 BC:4888 DE:376f HL:09e7 SP:f793 IX:0000 IY:0000 Flags:00100010 [e5 2a 35]
==> 10c7:  LD HL, (0735h)      PC:10ca AF:3422 BC:4888 DE:376f HL:0000 SP:f793 IX:0000 IY:0000 Flags:00100010 [2a 35 07]
==> 10ca:  LD A, H             PC:10cb AF:0022 BC:4888 DE:376f HL:0000 SP:f793 IX:0000 IY:0000 Flags:00100010 [7c b5 c2]
==> 10cb:  OR A, L             PC:10cc AF:0044 BC:4888 DE:376f HL:0000 SP:f793 IX:0000 IY:0000 Flags:01000100 [b5 c2 14]
==> 10cc:  JP NZ, 2e14h        PC:10cf AF:0044 BC:4888 DE:376f HL:0000 SP:f793 IX:0000 IY:0000 Flags:01000100 [c2 14 2e]
==> 10cf:  POP HL              PC:10d0 AF:0044 BC:4888 DE:376f HL:09e7 SP:f795 IX:0000 IY:0000 Flags:01000100 [e1 3a 26]
==> 10d0:  LD A, (0726h)       PC:10d3 AF:0044 BC:4888 DE:376f HL:09e7 SP:f795 IX:0000 IY:0000 Flags:01000100 [3a 26 07]
==> 10d3:  OR A, A             PC:10d4 AF:0044 BC:4888 DE:376f HL:09e7 SP:f795 IX:0000 IY:0000 Flags:01000100 [b7 ca 29]
==> 10d4:  JP Z, 1129h         PC:1129 AF:0044 BC:4888 DE:376f HL:09e7 SP:f795 IX:0000 IY:0000 Flags:01000100 [ca 29 11]
==> 1129:  LD A, (072ah)       PC:112c AF:0044 BC:4888 DE:376f HL:09e7 SP:f795 IX:0000 IY:0000 Flags:01000100 [3a 2a 07]
==> 112c:  OR A, A             PC:112d AF:0044 BC:4888 DE:376f HL:09e7 SP:f795 IX:0000 IY:0000 Flags:01000100 [b7 c2 b1]
==> 112d:  JP NZ, 22b1h        PC:1130 AF:0044 BC:4888 DE:376f HL:09e7 SP:f795 IX:0000 IY:0000 Flags:01000100 [c2 b1 22]
==> 1130:  POP AF              PC:1131 AF:3422 BC:4888 DE:376f HL:09e7 SP:f797 IX:0000 IY:0000 Flags:00100010 [f1 c5 f5]
==> 1131:  PUSH BC             PC:1132 AF:3422 BC:4888 DE:376f HL:09e7 SP:f795 IX:0000 IY:0000 Flags:00100010 [c5 f5 fe]
==> 1132:  PUSH AF             PC:1133 AF:3422 BC:4888 DE:376f HL:09e7 SP:f793 IX:0000 IY:0000 Flags:00100010 [f5 fe 09]
==> 1133:  CP A, 09h           PC:1135 AF:341a BC:4888 DE:376f HL:09e7 SP:f793 IX:0000 IY:0000 Flags:00011010 [fe 09 c2]
==> 1135:  JP NZ, 1148h        PC:1148 AF:341a BC:4888 DE:376f HL:09e7 SP:f793 IX:0000 IY:0000 Flags:00011010 [c2 48 11]
==> 1148:  CP A, 20h           PC:114a AF:3422 BC:4888 DE:376f HL:09e7 SP:f793 IX:0000 IY:0000 Flags:00100010 [fe 20 da]
==> 114a:  JP C, 115ch         PC:114d AF:3422 BC:4888 DE:376f HL:09e7 SP:f793 IX:0000 IY:0000 Flags:00100010 [da 5c 11]
==> 114d:  LD A, (0727h)       PC:1150 AF:4822 BC:4888 DE:376f HL:09e7 SP:f793 IX:0000 IY:0000 Flags:00100010 [3a 27 07]
==> 1150:  LD B, A             PC:1151 AF:4822 BC:4888 DE:376f HL:09e7 SP:f793 IX:0000 IY:0000 Flags:00100010 [47 3a cf]
==> 1151:  LD A, (09cfh)       PC:1154 AF:0b22 BC:4888 DE:376f HL:09e7 SP:f793 IX:0000 IY:0000 Flags:00100010 [3a cf 09]
==> 1154:  CP A, B             PC:1155 AF:0b8b BC:4888 DE:376f HL:09e7 SP:f793 IX:0000 IY:0000 Flags:10001011 [b8 cc e8]
==> 1155:  CALL Z, 17e8h       PC:1158 AF:0b8b BC:4888 DE:376f HL:09e7 SP:f793 IX:0000 IY:0000 Flags:10001011 [cc e8 17]
==> 1158:  INC A               PC:1159 AF:0c09 BC:4888 DE:376f HL:09e7 SP:f793 IX:0000 IY:0000 Flags:00001001 [3c 32 cf]
==> 1159:  LD (09cfh), A       PC:115c AF:0c09 BC:4888 DE:376f HL:09e7 SP:f793 IX:0000 IY:0000 Flags:00001001 [32 cf 09]
==> 115c:  POP AF              PC:115d AF:3422 BC:4888 DE:376f HL:09e7 SP:f795 IX:0000 IY:0000 Flags:00100010 [f1 c1 f5]
==> 115d:  POP BC              PC:115e AF:3422 BC:4888 DE:376f HL:09e7 SP:f797 IX:0000 IY:0000 Flags:00100010 [c1 f5 f1]
==> 115e:  PUSH AF             PC:115f AF:3422 BC:4888 DE:376f HL:09e7 SP:f795 IX:0000 IY:0000 Flags:00100010 [f5 f1 f5]
==> 115f:  POP AF              PC:1160 AF:3422 BC:4888 DE:376f HL:09e7 SP:f797 IX:0000 IY:0000 Flags:00100010 [f1 f5 c5]
==> 1160:  PUSH AF             PC:1161 AF:3422 BC:4888 DE:376f HL:09e7 SP:f795 IX:0000 IY:0000 Flags:00100010 [f5 c5 d5]
==> 1161:  PUSH BC             PC:1162 AF:3422 BC:4888 DE:376f HL:09e7 SP:f793 IX:0000 IY:0000 Flags:00100010 [c5 d5 0e]
==> 1162:  PUSH DE             PC:1163 AF:3422 BC:4888 DE:376f HL:09e7 SP:f791 IX:0000 IY:0000 Flags:00100010 [d5 0e 02]
==> 1163:  LD C, 02h           PC:1165 AF:3422 BC:4802 DE:376f HL:09e7 SP:f791 IX:0000 IY:0000 Flags:00100010 [0e 02 4f]
==> 1165:  LD C, A             PC:1166 AF:3422 BC:4834 DE:376f HL:09e7 SP:f791 IX:0000 IY:0000 Flags:00100010 [4f e5 cd]
==> 1166:  PUSH HL             PC:1167 AF:3422 BC:4834 DE:376f HL:09e7 SP:f78f IX:0000 IY:0000 Flags:00100010 [e5 cd 84]
==> 1167:  CALL ff84h          PC:ff84 AF:3422 BC:4834 DE:376f HL:09e7 SP:f78d IX:0000 IY:0000 Flags:00100010 [cd 84 ff]
4==> ff84:  RET                 PC:116a AF:3422 BC:4834 DE:376f HL:09e7 SP:f78f IX:0000 IY:0000 Flags:00100010 [c9 c9 c9]
==> 116a:  POP HL              PC:116b AF:3422 BC:4834 DE:376f HL:09e7 SP:f791 IX:0000 IY:0000 Flags:00100010 [e1 d1 c1]
==> 116b:  POP DE              PC:116c AF:3422 BC:4834 DE:376f HL:09e7 SP:f793 IX:0000 IY:0000 Flags:00100010 [d1 c1 f1]
==> 116c:  POP BC              PC:116d AF:3422 BC:4888 DE:376f HL:09e7 SP:f795 IX:0000 IY:0000 Flags:00100010 [c1 f1 c9]
==> 116d:  POP AF              PC:116e AF:3422 BC:4888 DE:376f HL:09e7 SP:f797 IX:0000 IY:0000 Flags:00100010 [f1 c9 e5]
==> 116e:  RET                 PC:228c AF:3422 BC:4888 DE:376f HL:09e7 SP:f799 IX:0000 IY:0000 Flags:00100010 [c9 e5 2a]
==> 228c:  CP A, 0dh           PC:228e AF:341a BC:4888 DE:376f HL:09e7 SP:f799 IX:0000 IY:0000 Flags:00011010 [fe 0d cc]
==> 228e:  CALL Z, 17f2h       PC:2291 AF:341a BC:4888 DE:376f HL:09e7 SP:f799 IX:0000 IY:0000 Flags:00011010 [cc f2 17]
==> 2291:  INC BC              PC:2292 AF:341a BC:4889 DE:376f HL:09e7 SP:f799 IX:0000 IY:0000 Flags:00011010 [03 c3 86]
==> 2292:  JP 2286h            PC:2286 AF:341a BC:4889 DE:376f HL:09e7 SP:f799 IX:0000 IY:0000 Flags:00011010 [c3 86 22]
==> 2286:  DEC D               PC:2287 AF:3422 BC:4889 DE:366f HL:09e7 SP:f799 IX:0000 IY:0000 Flags:00100010 [15 c8 0a]
==> 2287:  RET Z               PC:2288 AF:3422 BC:4889 DE:366f HL:09e7 SP:f799 IX:0000 IY:0000 Flags:00100010 [c8 0a cd]
==> 2288:  LD A, (BC)          PC:2289 AF:2e22 BC:4889 DE:366f HL:09e7 SP:f799 IX:0000 IY:0000 Flags:00100010 [0a cd c5]
==> 2289:  CALL 10c5h          PC:10c5 AF:2e22 BC:4889 DE:366f HL:09e7 SP:f797 IX:0000 IY:0000 Flags:00100010 [cd c5 10]
==> 10c5:  PUSH AF             PC:10c6 AF:2e22 BC:4889 DE:366f HL:09e7 SP:f795 IX:0000 IY:0000 Flags:00100010 [f5 e5 2a]
==> 10c6:  PUSH HL             PC:10c7 AF:2e22 BC:4889 DE:366f HL:09e7 SP:f793 IX:0000 IY:0000 Flags:00100010 [e5 2a 35]
==> 10c7:  LD HL, (0735h)      PC:10ca AF:2e22 BC:4889 DE:366f HL:0000 SP:f793 IX:0000 IY:0000 Flags:00100010 [2a 35 07]
==> 10ca:  LD A, H             PC:10cb AF:0022 BC:4889 DE:366f HL:0000 SP:f793 IX:0000 IY:0000 Flags:00100010 [7c b5 c2]
==> 10cb:  OR A, L             PC:10cc AF:0044 BC:4889 DE:366f HL:0000 SP:f793 IX:0000 IY:0000 Flags:01000100 [b5 c2 14]
==> 10cc:  JP NZ, 2e14h        PC:10cf AF:0044 BC:4889 DE:366f HL:0000 SP:f793 IX:0000 IY:0000 Flags:01000100 [c2 14 2e]
==> 10cf:  POP HL              PC:10d0 AF:0044 BC:4889 DE:366f HL:09e7 SP:f795 IX:0000 IY:0000 Flags:01000100 [e1 3a 26]
==> 10d0:  LD A, (0726h)       PC:10d3 AF:0044 BC:4889 DE:366f HL:09e7 SP:f795 IX:0000 IY:0000 Flags:01000100 [3a 26 07]
==> 10d3:  OR A, A             PC:10d4 AF:0044 BC:4889 DE:366f HL:09e7 SP:f795 IX:0000 IY:0000 Flags:01000100 [b7 ca 29]
==> 10d4:  JP Z, 1129h         PC:1129 AF:0044 BC:4889 DE:366f HL:09e7 SP:f795 IX:0000 IY:0000 Flags:01000100 [ca 29 11]
==> 1129:  LD A, (072ah)       PC:112c AF:0044 BC:4889 DE:366f HL:09e7 SP:f795 IX:0000 IY:0000 Flags:01000100 [3a 2a 07]
==> 112c:  OR A, A             PC:112d AF:0044 BC:4889 DE:366f HL:09e7 SP:f795 IX:0000 IY:0000 Flags:01000100 [b7 c2 b1]
==> 112d:  JP NZ, 22b1h        PC:1130 AF:0044 BC:4889 DE:366f HL:09e7 SP:f795 IX:0000 IY:0000 Flags:01000100 [c2 b1 22]
==> 1130:  POP AF              PC:1131 AF:2e22 BC:4889 DE:366f HL:09e7 SP:f797 IX:0000 IY:0000 Flags:00100010 [f1 c5 f5]
==> 1131:  PUSH BC             PC:1132 AF:2e22 BC:4889 DE:366f HL:09e7 SP:f795 IX:0000 IY:0000 Flags:00100010 [c5 f5 fe]
==> 1132:  PUSH AF             PC:1133 AF:2e22 BC:4889 DE:366f HL:09e7 SP:f793 IX:0000 IY:0000 Flags:00100010 [f5 fe 09]
==> 1133:  CP A, 09h           PC:1135 AF:2e0a BC:4889 DE:366f HL:09e7 SP:f793 IX:0000 IY:0000 Flags:00001010 [fe 09 c2]
==> 1135:  JP NZ, 1148h        PC:1148 AF:2e0a BC:4889 DE:366f HL:09e7 SP:f793 IX:0000 IY:0000 Flags:00001010 [c2 48 11]
==> 1148:  CP A, 20h           PC:114a AF:2e22 BC:4889 DE:366f HL:09e7 SP:f793 IX:0000 IY:0000 Flags:00100010 [fe 20 da]
==> 114a:  JP C, 115ch         PC:114d AF:2e22 BC:4889 DE:366f HL:09e7 SP:f793 IX:0000 IY:0000 Flags:00100010 [da 5c 11]
==> 114d:  LD A, (0727h)       PC:1150 AF:4822 BC:4889 DE:366f HL:09e7 SP:f793 IX:0000 IY:0000 Flags:00100010 [3a 27 07]
==> 1150:  LD B, A             PC:1151 AF:4822 BC:4889 DE:366f HL:09e7 SP:f793 IX:0000 IY:0000 Flags:00100010 [47 3a cf]
==> 1151:  LD A, (09cfh)       PC:1154 AF:0c22 BC:4889 DE:366f HL:09e7 SP:f793 IX:0000 IY:0000 Flags:00100010 [3a cf 09]
==> 1154:  CP A, B             PC:1155 AF:0c8b BC:4889 DE:366f HL:09e7 SP:f793 IX:0000 IY:0000 Flags:10001011 [b8 cc e8]
==> 1155:  CALL Z, 17e8h       PC:1158 AF:0c8b BC:4889 DE:366f HL:09e7 SP:f793 IX:0000 IY:0000 Flags:10001011 [cc e8 17]
==> 1158:  INC A               PC:1159 AF:0d09 BC:4889 DE:366f HL:09e7 SP:f793 IX:0000 IY:0000 Flags:00001001 [3c 32 cf]
==> 1159:  LD (09cfh), A       PC:115c AF:0d09 BC:4889 DE:366f HL:09e7 SP:f793 IX:0000 IY:0000 Flags:00001001 [32 cf 09]
==> 115c:  POP AF              PC:115d AF:2e22 BC:4889 DE:366f HL:09e7 SP:f795 IX:0000 IY:0000 Flags:00100010 [f1 c1 f5]
==> 115d:  POP BC              PC:115e AF:2e22 BC:4889 DE:366f HL:09e7 SP:f797 IX:0000 IY:0000 Flags:00100010 [c1 f5 f1]
==> 115e:  PUSH AF             PC:115f AF:2e22 BC:4889 DE:366f HL:09e7 SP:f795 IX:0000 IY:0000 Flags:00100010 [f5 f1 f5]
==> 115f:  POP AF              PC:1160 AF:2e22 BC:4889 DE:366f HL:09e7 SP:f797 IX:0000 IY:0000 Flags:00100010 [f1 f5 c5]
==> 1160:  PUSH AF             PC:1161 AF:2e22 BC:4889 DE:366f HL:09e7 SP:f795 IX:0000 IY:0000 Flags:00100010 [f5 c5 d5]
==> 1161:  PUSH BC             PC:1162 AF:2e22 BC:4889 DE:366f HL:09e7 SP:f793 IX:0000 IY:0000 Flags:00100010 [c5 d5 0e]
==> 1162:  PUSH DE             PC:1163 AF:2e22 BC:4889 DE:366f HL:09e7 SP:f791 IX:0000 IY:0000 Flags:00100010 [d5 0e 02]
==> 1163:  LD C, 02h           PC:1165 AF:2e22 BC:4802 DE:366f HL:09e7 SP:f791 IX:0000 IY:0000 Flags:00100010 [0e 02 4f]
==> 1165:  LD C, A             PC:1166 AF:2e22 BC:482e DE:366f HL:09e7 SP:f791 IX:0000 IY:0000 Flags:00100010 [4f e5 cd]
==> 1166:  PUSH HL             PC:1167 AF:2e22 BC:482e DE:366f HL:09e7 SP:f78f IX:0000 IY:0000 Flags:00100010 [e5 cd 84]
==> 1167:  CALL ff84h          PC:ff84 AF:2e22 BC:482e DE:366f HL:09e7 SP:f78d IX:0000 IY:0000 Flags:00100010 [cd 84 ff]
.==> ff84:  RET                 PC:116a AF:2e22 BC:482e DE:366f HL:09e7 SP:f78f IX:0000 IY:0000 Flags:00100010 [c9 c9 c9]
==> 116a:  POP HL              PC:116b AF:2e22 BC:482e DE:366f HL:09e7 SP:f791 IX:0000 IY:0000 Flags:00100010 [e1 d1 c1]
==> 116b:  POP DE              PC:116c AF:2e22 BC:482e DE:366f HL:09e7 SP:f793 IX:0000 IY:0000 Flags:00100010 [d1 c1 f1]
==> 116c:  POP BC              PC:116d AF:2e22 BC:4889 DE:366f HL:09e7 SP:f795 IX:0000 IY:0000 Flags:00100010 [c1 f1 c9]
==> 116d:  POP AF              PC:116e AF:2e22 BC:4889 DE:366f HL:09e7 SP:f797 IX:0000 IY:0000 Flags:00100010 [f1 c9 e5]
==> 116e:  RET                 PC:228c AF:2e22 BC:4889 DE:366f HL:09e7 SP:f799 IX:0000 IY:0000 Flags:00100010 [c9 e5 2a]
==> 228c:  CP A, 0dh           PC:228e AF:2e0a BC:4889 DE:366f HL:09e7 SP:f799 IX:0000 IY:0000 Flags:00001010 [fe 0d cc]
==> 228e:  CALL Z, 17f2h       PC:2291 AF:2e0a BC:4889 DE:366f HL:09e7 SP:f799 IX:0000 IY:0000 Flags:00001010 [cc f2 17]
==> 2291:  INC BC              PC:2292 AF:2e0a BC:488a DE:366f HL:09e7 SP:f799 IX:0000 IY:0000 Flags:00001010 [03 c3 86]
==> 2292:  JP 2286h            PC:2286 AF:2e0a BC:488a DE:366f HL:09e7 SP:f799 IX:0000 IY:0000 Flags:00001010 [c3 86 22]
==> 2286:  DEC D               PC:2287 AF:2e22 BC:488a DE:356f HL:09e7 SP:f799 IX:0000 IY:0000 Flags:00100010 [15 c8 0a]
==> 2287:  RET Z               PC:2288 AF:2e22 BC:488a DE:356f HL:09e7 SP:f799 IX:0000 IY:0000 Flags:00100010 [c8 0a cd]
==> 2288:  LD A, (BC)          PC:2289 AF:3522 BC:488a DE:356f HL:09e7 SP:f799 IX:0000 IY:0000 Flags:00100010 [0a cd c5]
==> 2289:  CALL 10c5h          PC:10c5 AF:3522 BC:488a DE:356f HL:09e7 SP:f797 IX:0000 IY:0000 Flags:00100010 [cd c5 10]
==> 10c5:  PUSH AF             PC:10c6 AF:3522 BC:488a DE:356f HL:09e7 SP:f795 IX:0000 IY:0000 Flags:00100010 [f5 e5 2a]
==> 10c6:  PUSH HL             PC:10c7 AF:3522 BC:488a DE:356f HL:09e7 SP:f793 IX:0000 IY:0000 Flags:00100010 [e5 2a 35]
==> 10c7:  LD HL, (0735h)      PC:10ca AF:3522 BC:488a DE:356f HL:0000 SP:f793 IX:0000 IY:0000 Flags:00100010 [2a 35 07]
==> 10ca:  LD A, H             PC:10cb AF:0022 BC:488a DE:356f HL:0000 SP:f793 IX:0000 IY:0000 Flags:00100010 [7c b5 c2]
==> 10cb:  OR A, L             PC:10cc AF:0044 BC:488a DE:356f HL:0000 SP:f793 IX:0000 IY:0000 Flags:01000100 [b5 c2 14]
==> 10cc:  JP NZ, 2e14h        PC:10cf AF:0044 BC:488a DE:356f HL:0000 SP:f793 IX:0000 IY:0000 Flags:01000100 [c2 14 2e]
==> 10cf:  POP HL              PC:10d0 AF:0044 BC:488a DE:356f HL:09e7 SP:f795 IX:0000 IY:0000 Flags:01000100 [e1 3a 26]
==> 10d0:  LD A, (0726h)       PC:10d3 AF:0044 BC:488a DE:356f HL:09e7 SP:f795 IX:0000 IY:0000 Flags:01000100 [3a 26 07]
==> 10d3:  OR A, A             PC:10d4 AF:0044 BC:488a DE:356f HL:09e7 SP:f795 IX:0000 IY:0000 Flags:01000100 [b7 ca 29]
==> 10d4:  JP Z, 1129h         PC:1129 AF:0044 BC:488a DE:356f HL:09e7 SP:f795 IX:0000 IY:0000 Flags:01000100 [ca 29 11]
==> 1129:  LD A, (072ah)       PC:112c AF:0044 BC:488a DE:356f HL:09e7 SP:f795 IX:0000 IY:0000 Flags:01000100 [3a 2a 07]
==> 112c:  OR A, A             PC:112d AF:0044 BC:488a DE:356f HL:09e7 SP:f795 IX:0000 IY:0000 Flags:01000100 [b7 c2 b1]
==> 112d:  JP NZ, 22b1h        PC:1130 AF:0044 BC:488a DE:356f HL:09e7 SP:f795 IX:0000 IY:0000 Flags:01000100 [c2 b1 22]
==> 1130:  POP AF              PC:1131 AF:3522 BC:488a DE:356f HL:09e7 SP:f797 IX:0000 IY:0000 Flags:00100010 [f1 c5 f5]
==> 1131:  PUSH BC             PC:1132 AF:3522 BC:488a DE:356f HL:09e7 SP:f795 IX:0000 IY:0000 Flags:00100010 [c5 f5 fe]
==> 1132:  PUSH AF             PC:1133 AF:3522 BC:488a DE:356f HL:09e7 SP:f793 IX:0000 IY:0000 Flags:00100010 [f5 fe 09]
==> 1133:  CP A, 09h           PC:1135 AF:351a BC:488a DE:356f HL:09e7 SP:f793 IX:0000 IY:0000 Flags:00011010 [fe 09 c2]
==> 1135:  JP NZ, 1148h        PC:1148 AF:351a BC:488a DE:356f HL:09e7 SP:f793 IX:0000 IY:0000 Flags:00011010 [c2 48 11]
==> 1148:  CP A, 20h           PC:114a AF:3522 BC:488a DE:356f HL:09e7 SP:f793 IX:0000 IY:0000 Flags:00100010 [fe 20 da]
==> 114a:  JP C, 115ch         PC:114d AF:3522 BC:488a DE:356f HL:09e7 SP:f793 IX:0000 IY:0000 Flags:00100010 [da 5c 11]
==> 114d:  LD A, (0727h)       PC:1150 AF:4822 BC:488a DE:356f HL:09e7 SP:f793 IX:0000 IY:0000 Flags:00100010 [3a 27 07]
==> 1150:  LD B, A             PC:1151 AF:4822 BC:488a DE:356f HL:09e7 SP:f793 IX:0000 IY:0000 Flags:00100010 [47 3a cf]
==> 1151:  LD A, (09cfh)       PC:1154 AF:0d22 BC:488a DE:356f HL:09e7 SP:f793 IX:0000 IY:0000 Flags:00100010 [3a cf 09]
==> 1154:  CP A, B             PC:1155 AF:0d8b BC:488a DE:356f HL:09e7 SP:f793 IX:0000 IY:0000 Flags:10001011 [b8 cc e8]
==> 1155:  CALL Z, 17e8h       PC:1158 AF:0d8b BC:488a DE:356f HL:09e7 SP:f793 IX:0000 IY:0000 Flags:10001011 [cc e8 17]
==> 1158:  INC A               PC:1159 AF:0e09 BC:488a DE:356f HL:09e7 SP:f793 IX:0000 IY:0000 Flags:00001001 [3c 32 cf]
==> 1159:  LD (09cfh), A       PC:115c AF:0e09 BC:488a DE:356f HL:09e7 SP:f793 IX:0000 IY:0000 Flags:00001001 [32 cf 09]
==> 115c:  POP AF              PC:115d AF:3522 BC:488a DE:356f HL:09e7 SP:f795 IX:0000 IY:0000 Flags:00100010 [f1 c1 f5]
==> 115d:  POP BC              PC:115e AF:3522 BC:488a DE:356f HL:09e7 SP:f797 IX:0000 IY:0000 Flags:00100010 [c1 f5 f1]
==> 115e:  PUSH AF             PC:115f AF:3522 BC:488a DE:356f HL:09e7 SP:f795 IX:0000 IY:0000 Flags:00100010 [f5 f1 f5]
==> 115f:  POP AF              PC:1160 AF:3522 BC:488a DE:356f HL:09e7 SP:f797 IX:0000 IY:0000 Flags:00100010 [f1 f5 c5]
==> 1160:  PUSH AF             PC:1161 AF:3522 BC:488a DE:356f HL:09e7 SP:f795 IX:0000 IY:0000 Flags:00100010 [f5 c5 d5]
==> 1161:  PUSH BC             PC:1162 AF:3522 BC:488a DE:356f HL:09e7 SP:f793 IX:0000 IY:0000 Flags:00100010 [c5 d5 0e]
==> 1162:  PUSH DE             PC:1163 AF:3522 BC:488a DE:356f HL:09e7 SP:f791 IX:0000 IY:0000 Flags:00100010 [d5 0e 02]
==> 1163:  LD C, 02h           PC:1165 AF:3522 BC:4802 DE:356f HL:09e7 SP:f791 IX:0000 IY:0000 Flags:00100010 [0e 02 4f]
==> 1165:  LD C, A             PC:1166 AF:3522 BC:4835 DE:356f HL:09e7 SP:f791 IX:0000 IY:0000 Flags:00100010 [4f e5 cd]
==> 1166:  PUSH HL             PC:1167 AF:3522 BC:4835 DE:356f HL:09e7 SP:f78f IX:0000 IY:0000 Flags:00100010 [e5 cd 84]
==> 1167:  CALL ff84h          PC:ff84 AF:3522 BC:4835 DE:356f HL:09e7 SP:f78d IX:0000 IY:0000 Flags:00100010 [cd 84 ff]
5==> ff84:  RET                 PC:116a AF:3522 BC:4835 DE:356f HL:09e7 SP:f78f IX:0000 IY:0000 Flags:00100010 [c9 c9 c9]
==> 116a:  POP HL              PC:116b AF:3522 BC:4835 DE:356f HL:09e7 SP:f791 IX:0000 IY:0000 Flags:00100010 [e1 d1 c1]
==> 116b:  POP DE              PC:116c AF:3522 BC:4835 DE:356f HL:09e7 SP:f793 IX:0000 IY:0000 Flags:00100010 [d1 c1 f1]
==> 116c:  POP BC              PC:116d AF:3522 BC:488a DE:356f HL:09e7 SP:f795 IX:0000 IY:0000 Flags:00100010 [c1 f1 c9]
==> 116d:  POP AF              PC:116e AF:3522 BC:488a DE:356f HL:09e7 SP:f797 IX:0000 IY:0000 Flags:00100010 [f1 c9 e5]
==> 116e:  RET                 PC:228c AF:3522 BC:488a DE:356f HL:09e7 SP:f799 IX:0000 IY:0000 Flags:00100010 [c9 e5 2a]
==> 228c:  CP A, 0dh           PC:228e AF:351a BC:488a DE:356f HL:09e7 SP:f799 IX:0000 IY:0000 Flags:00011010 [fe 0d cc]
==> 228e:  CALL Z, 17f2h       PC:2291 AF:351a BC:488a DE:356f HL:09e7 SP:f799 IX:0000 IY:0000 Flags:00011010 [cc f2 17]
==> 2291:  INC BC              PC:2292 AF:351a BC:488b DE:356f HL:09e7 SP:f799 IX:0000 IY:0000 Flags:00011010 [03 c3 86]
==> 2292:  JP 2286h            PC:2286 AF:351a BC:488b DE:356f HL:09e7 SP:f799 IX:0000 IY:0000 Flags:00011010 [c3 86 22]
==> 2286:  DEC D               PC:2287 AF:3522 BC:488b DE:346f HL:09e7 SP:f799 IX:0000 IY:0000 Flags:00100010 [15 c8 0a]
==> 2287:  RET Z               PC:2288 AF:3522 BC:488b DE:346f HL:09e7 SP:f799 IX:0000 IY:0000 Flags:00100010 [c8 0a cd]
==> 2288:  LD A, (BC)          PC:2289 AF:3122 BC:488b DE:346f HL:09e7 SP:f799 IX:0000 IY:0000 Flags:00100010 [0a cd c5]
==> 2289:  CALL 10c5h          PC:10c5 AF:3122 BC:488b DE:346f HL:09e7 SP:f797 IX:0000 IY:0000 Flags:00100010 [cd c5 10]
==> 10c5:  PUSH AF             PC:10c6 AF:3122 BC:488b DE:346f HL:09e7 SP:f795 IX:0000 IY:0000 Flags:00100010 [f5 e5 2a]
==> 10c6:  PUSH HL             PC:10c7 AF:3122 BC:488b DE:346f HL:09e7 SP:f793 IX:0000 IY:0000 Flags:00100010 [e5 2a 35]
==> 10c7:  LD HL, (0735h)      PC:10ca AF:3122 BC:488b DE:346f HL:0000 SP:f793 IX:0000 IY:0000 Flags:00100010 [2a 35 07]
==> 10ca:  LD A, H             PC:10cb AF:0022 BC:488b DE:346f HL:0000 SP:f793 IX:0000 IY:0000 Flags:00100010 [7c b5 c2]
==> 10cb:  OR A, L             PC:10cc AF:0044 BC:488b DE:346f HL:0000 SP:f793 IX:0000 IY:0000 Flags:01000100 [b5 c2 14]
==> 10cc:  JP NZ, 2e14h        PC:10cf AF:0044 BC:488b DE:346f HL:0000 SP:f793 IX:0000 IY:0000 Flags:01000100 [c2 14 2e]
==> 10cf:  POP HL              PC:10d0 AF:0044 BC:488b DE:346f HL:09e7 SP:f795 IX:0000 IY:0000 Flags:01000100 [e1 3a 26]
==> 10d0:  LD A, (0726h)       PC:10d3 AF:0044 BC:488b DE:346f HL:09e7 SP:f795 IX:0000 IY:0000 Flags:01000100 [3a 26 07]
==> 10d3:  OR A, A             PC:10d4 AF:0044 BC:488b DE:346f HL:09e7 SP:f795 IX:0000 IY:0000 Flags:01000100 [b7 ca 29]
==> 10d4:  JP Z, 1129h         PC:1129 AF:0044 BC:488b DE:346f HL:09e7 SP:f795 IX:0000 IY:0000 Flags:01000100 [ca 29 11]
==> 1129:  LD A, (072ah)       PC:112c AF:0044 BC:488b DE:346f HL:09e7 SP:f795 IX:0000 IY:0000 Flags:01000100 [3a 2a 07]
==> 112c:  OR A, A             PC:112d AF:0044 BC:488b DE:346f HL:09e7 SP:f795 IX:0000 IY:0000 Flags:01000100 [b7 c2 b1]
==> 112d:  JP NZ, 22b1h        PC:1130 AF:0044 BC:488b DE:346f HL:09e7 SP:f795 IX:0000 IY:0000 Flags:01000100 [c2 b1 22]
==> 1130:  POP AF              PC:1131 AF:3122 BC:488b DE:346f HL:09e7 SP:f797 IX:0000 IY:0000 Flags:00100010 [f1 c5 f5]
==> 1131:  PUSH BC             PC:1132 AF:3122 BC:488b DE:346f HL:09e7 SP:f795 IX:0000 IY:0000 Flags:00100010 [c5 f5 fe]
==> 1132:  PUSH AF             PC:1133 AF:3122 BC:488b DE:346f HL:09e7 SP:f793 IX:0000 IY:0000 Flags:00100010 [f5 fe 09]
==> 1133:  CP A, 09h           PC:1135 AF:311a BC:488b DE:346f HL:09e7 SP:f793 IX:0000 IY:0000 Flags:00011010 [fe 09 c2]
==> 1135:  JP NZ, 1148h        PC:1148 AF:311a BC:488b DE:346f HL:09e7 SP:f793 IX:0000 IY:0000 Flags:00011010 [c2 48 11]
==> 1148:  CP A, 20h           PC:114a AF:3122 BC:488b DE:346f HL:09e7 SP:f793 IX:0000 IY:0000 Flags:00100010 [fe 20 da]
==> 114a:  JP C, 115ch         PC:114d AF:3122 BC:488b DE:346f HL:09e7 SP:f793 IX:0000 IY:0000 Flags:00100010 [da 5c 11]
==> 114d:  LD A, (0727h)       PC:1150 AF:4822 BC:488b DE:346f HL:09e7 SP:f793 IX:0000 IY:0000 Flags:00100010 [3a 27 07]
==> 1150:  LD B, A             PC:1151 AF:4822 BC:488b DE:346f HL:09e7 SP:f793 IX:0000 IY:0000 Flags:00100010 [47 3a cf]
==> 1151:  LD A, (09cfh)       PC:1154 AF:0e22 BC:488b DE:346f HL:09e7 SP:f793 IX:0000 IY:0000 Flags:00100010 [3a cf 09]
==> 1154:  CP A, B             PC:1155 AF:0e8b BC:488b DE:346f HL:09e7 SP:f793 IX:0000 IY:0000 Flags:10001011 [b8 cc e8]
==> 1155:  CALL Z, 17e8h       PC:1158 AF:0e8b BC:488b DE:346f HL:09e7 SP:f793 IX:0000 IY:0000 Flags:10001011 [cc e8 17]
==> 1158:  INC A               PC:1159 AF:0f09 BC:488b DE:346f HL:09e7 SP:f793 IX:0000 IY:0000 Flags:00001001 [3c 32 cf]
==> 1159:  LD (09cfh), A       PC:115c AF:0f09 BC:488b DE:346f HL:09e7 SP:f793 IX:0000 IY:0000 Flags:00001001 [32 cf 09]
==> 115c:  POP AF              PC:115d AF:3122 BC:488b DE:346f HL:09e7 SP:f795 IX:0000 IY:0000 Flags:00100010 [f1 c1 f5]
==> 115d:  POP BC              PC:115e AF:3122 BC:488b DE:346f HL:09e7 SP:f797 IX:0000 IY:0000 Flags:00100010 [c1 f5 f1]
==> 115e:  PUSH AF             PC:115f AF:3122 BC:488b DE:346f HL:09e7 SP:f795 IX:0000 IY:0000 Flags:00100010 [f5 f1 f5]
==> 115f:  POP AF              PC:1160 AF:3122 BC:488b DE:346f HL:09e7 SP:f797 IX:0000 IY:0000 Flags:00100010 [f1 f5 c5]
==> 1160:  PUSH AF             PC:1161 AF:3122 BC:488b DE:346f HL:09e7 SP:f795 IX:0000 IY:0000 Flags:00100010 [f5 c5 d5]
==> 1161:  PUSH BC             PC:1162 AF:3122 BC:488b DE:346f HL:09e7 SP:f793 IX:0000 IY:0000 Flags:00100010 [c5 d5 0e]
==> 1162:  PUSH DE             PC:1163 AF:3122 BC:488b DE:346f HL:09e7 SP:f791 IX:0000 IY:0000 Flags:00100010 [d5 0e 02]
==> 1163:  LD C, 02h           PC:1165 AF:3122 BC:4802 DE:346f HL:09e7 SP:f791 IX:0000 IY:0000 Flags:00100010 [0e 02 4f]
==> 1165:  LD C, A             PC:1166 AF:3122 BC:4831 DE:346f HL:09e7 SP:f791 IX:0000 IY:0000 Flags:00100010 [4f e5 cd]
==> 1166:  PUSH HL             PC:1167 AF:3122 BC:4831 DE:346f HL:09e7 SP:f78f IX:0000 IY:0000 Flags:00100010 [e5 cd 84]
==> 1167:  CALL ff84h          PC:ff84 AF:3122 BC:4831 DE:346f HL:09e7 SP:f78d IX:0000 IY:0000 Flags:00100010 [cd 84 ff]
1==> ff84:  RET                 PC:116a AF:3122 BC:4831 DE:346f HL:09e7 SP:f78f IX:0000 IY:0000 Flags:00100010 [c9 c9 c9]
==> 116a:  POP HL              PC:116b AF:3122 BC:4831 DE:346f HL:09e7 SP:f791 IX:0000 IY:0000 Flags:00100010 [e1 d1 c1]
==> 116b:  POP DE              PC:116c AF:3122 BC:4831 DE:346f HL:09e7 SP:f793 IX:0000 IY:0000 Flags:00100010 [d1 c1 f1]
==> 116c:  POP BC              PC:116d AF:3122 BC:488b DE:346f HL:09e7 SP:f795 IX:0000 IY:0000 Flags:00100010 [c1 f1 c9]
==> 116d:  POP AF              PC:116e AF:3122 BC:488b DE:346f HL:09e7 SP:f797 IX:0000 IY:0000 Flags:00100010 [f1 c9 e5]
==> 116e:  RET                 PC:228c AF:3122 BC:488b DE:346f HL:09e7 SP:f799 IX:0000 IY:0000 Flags:00100010 [c9 e5 2a]
==> 228c:  CP A, 0dh           PC:228e AF:311a BC:488b DE:346f HL:09e7 SP:f799 IX:0000 IY:0000 Flags:00011010 [fe 0d cc]
==> 228e:  CALL Z, 17f2h       PC:2291 AF:311a BC:488b DE:346f HL:09e7 SP:f799 IX:0000 IY:0000 Flags:00011010 [cc f2 17]
==> 2291:  INC BC              PC:2292 AF:311a BC:488c DE:346f HL:09e7 SP:f799 IX:0000 IY:0000 Flags:00011010 [03 c3 86]
==> 2292:  JP 2286h            PC:2286 AF:311a BC:488c DE:346f HL:09e7 SP:f799 IX:0000 IY:0000 Flags:00011010 [c3 86 22]
==> 2286:  DEC D               PC:2287 AF:3122 BC:488c DE:336f HL:09e7 SP:f799 IX:0000 IY:0000 Flags:00100010 [15 c8 0a]
==> 2287:  RET Z               PC:2288 AF:3122 BC:488c DE:336f HL:09e7 SP:f799 IX:0000 IY:0000 Flags:00100010 [c8 0a cd]
==> 2288:  LD A, (BC)          PC:2289 AF:0d22 BC:488c DE:336f HL:09e7 SP:f799 IX:0000 IY:0000 Flags:00100010 [0a cd c5]
==> 2289:  CALL 10c5h          PC:10c5 AF:0d22 BC:488c DE:336f HL:09e7 SP:f797 IX:0000 IY:0000 Flags:00100010 [cd c5 10]
==> 10c5:  PUSH AF             PC:10c6 AF:0d22 BC:488c DE:336f HL:09e7 SP:f795 IX:0000 IY:0000 Flags:00100010 [f5 e5 2a]
==> 10c6:  PUSH HL             PC:10c7 AF:0d22 BC:488c DE:336f HL:09e7 SP:f793 IX:0000 IY:0000 Flags:00100010 [e5 2a 35]
==> 10c7:  LD HL, (0735h)      PC:10ca AF:0d22 BC:488c DE:336f HL:0000 SP:f793 IX:0000 IY:0000 Flags:00100010 [2a 35 07]
==> 10ca:  LD A, H             PC:10cb AF:0022 BC:488c DE:336f HL:0000 SP:f793 IX:0000 IY:0000 Flags:00100010 [7c b5 c2]
==> 10cb:  OR A, L             PC:10cc AF:0044 BC:488c DE:336f HL:0000 SP:f793 IX:0000 IY:0000 Flags:01000100 [b5 c2 14]
==> 10cc:  JP NZ, 2e14h        PC:10cf AF:0044 BC:488c DE:336f HL:0000 SP:f793 IX:0000 IY:0000 Flags:01000100 [c2 14 2e]
==> 10cf:  POP HL              PC:10d0 AF:0044 BC:488c DE:336f HL:09e7 SP:f795 IX:0000 IY:0000 Flags:01000100 [e1 3a 26]
==> 10d0:  LD A, (0726h)       PC:10d3 AF:0044 BC:488c DE:336f HL:09e7 SP:f795 IX:0000 IY:0000 Flags:01000100 [3a 26 07]
==> 10d3:  OR A, A             PC:10d4 AF:0044 BC:488c DE:336f HL:09e7 SP:f795 IX:0000 IY:0000 Flags:01000100 [b7 ca 29]
==> 10d4:  JP Z, 1129h         PC:1129 AF:0044 BC:488c DE:336f HL:09e7 SP:f795 IX:0000 IY:0000 Flags:01000100 [ca 29 11]
==> 1129:  LD A, (072ah)       PC:112c AF:0044 BC:488c DE:336f HL:09e7 SP:f795 IX:0000 IY:0000 Flags:01000100 [3a 2a 07]
==> 112c:  OR A, A             PC:112d AF:0044 BC:488c DE:336f HL:09e7 SP:f795 IX:0000 IY:0000 Flags:01000100 [b7 c2 b1]
==> 112d:  JP NZ, 22b1h        PC:1130 AF:0044 BC:488c DE:336f HL:09e7 SP:f795 IX:0000 IY:0000 Flags:01000100 [c2 b1 22]
==> 1130:  POP AF              PC:1131 AF:0d22 BC:488c DE:336f HL:09e7 SP:f797 IX:0000 IY:0000 Flags:00100010 [f1 c5 f5]
==> 1131:  PUSH BC             PC:1132 AF:0d22 BC:488c DE:336f HL:09e7 SP:f795 IX:0000 IY:0000 Flags:00100010 [c5 f5 fe]
==> 1132:  PUSH AF             PC:1133 AF:0d22 BC:488c DE:336f HL:09e7 SP:f793 IX:0000 IY:0000 Flags:00100010 [f5 fe 09]
==> 1133:  CP A, 09h           PC:1135 AF:0d0a BC:488c DE:336f HL:09e7 SP:f793 IX:0000 IY:0000 Flags:00001010 [fe 09 c2]
==> 1135:  JP NZ, 1148h        PC:1148 AF:0d0a BC:488c DE:336f HL:09e7 SP:f793 IX:0000 IY:0000 Flags:00001010 [c2 48 11]
==> 1148:  CP A, 20h           PC:114a AF:0da3 BC:488c DE:336f HL:09e7 SP:f793 IX:0000 IY:0000 Flags:10100011 [fe 20 da]
==> 114a:  JP C, 115ch         PC:115c AF:0da3 BC:488c DE:336f HL:09e7 SP:f793 IX:0000 IY:0000 Flags:10100011 [da 5c 11]
==> 115c:  POP AF              PC:115d AF:0d22 BC:488c DE:336f HL:09e7 SP:f795 IX:0000 IY:0000 Flags:00100010 [f1 c1 f5]
==> 115d:  POP BC              PC:115e AF:0d22 BC:488c DE:336f HL:09e7 SP:f797 IX:0000 IY:0000 Flags:00100010 [c1 f5 f1]
==> 115e:  PUSH AF             PC:115f AF:0d22 BC:488c DE:336f HL:09e7 SP:f795 IX:0000 IY:0000 Flags:00100010 [f5 f1 f5]
==> 115f:  POP AF              PC:1160 AF:0d22 BC:488c DE:336f HL:09e7 SP:f797 IX:0000 IY:0000 Flags:00100010 [f1 f5 c5]
==> 1160:  PUSH AF             PC:1161 AF:0d22 BC:488c DE:336f HL:09e7 SP:f795 IX:0000 IY:0000 Flags:00100010 [f5 c5 d5]
==> 1161:  PUSH BC             PC:1162 AF:0d22 BC:488c DE:336f HL:09e7 SP:f793 IX:0000 IY:0000 Flags:00100010 [c5 d5 0e]
==> 1162:  PUSH DE             PC:1163 AF:0d22 BC:488c DE:336f HL:09e7 SP:f791 IX:0000 IY:0000 Flags:00100010 [d5 0e 02]
==> 1163:  LD C, 02h           PC:1165 AF:0d22 BC:4802 DE:336f HL:09e7 SP:f791 IX:0000 IY:0000 Flags:00100010 [0e 02 4f]
==> 1165:  LD C, A             PC:1166 AF:0d22 BC:480d DE:336f HL:09e7 SP:f791 IX:0000 IY:0000 Flags:00100010 [4f e5 cd]
==> 1166:  PUSH HL             PC:1167 AF:0d22 BC:480d DE:336f HL:09e7 SP:f78f IX:0000 IY:0000 Flags:00100010 [e5 cd 84]
==> 1167:  CALL ff84h          PC:ff84 AF:0d22 BC:480d DE:336f HL:09e7 SP:f78d IX:0000 IY:0000 Flags:00100010 [cd 84 ff]
==> ff84:  RET                 PC:116a AF:0d22 BC:480d DE:336f HL:09e7 SP:f78f IX:0000 IY:0000 Flags:00100010 [c9 c9 c9]
==> 116a:  POP HL              PC:116b AF:0d22 BC:480d DE:336f HL:09e7 SP:f791 IX:0000 IY:0000 Flags:00100010 [e1 d1 c1]
==> 116b:  POP DE              PC:116c AF:0d22 BC:480d DE:336f HL:09e7 SP:f793 IX:0000 IY:0000 Flags:00100010 [d1 c1 f1]
==> 116c:  POP BC              PC:116d AF:0d22 BC:488c DE:336f HL:09e7 SP:f795 IX:0000 IY:0000 Flags:00100010 [c1 f1 c9]
==> 116d:  POP AF              PC:116e AF:0d22 BC:488c DE:336f HL:09e7 SP:f797 IX:0000 IY:0000 Flags:00100010 [f1 c9 e5]
==> 116e:  RET                 PC:228c AF:0d22 BC:488c DE:336f HL:09e7 SP:f799 IX:0000 IY:0000 Flags:00100010 [c9 e5 2a]
==> 228c:  CP A, 0dh           PC:228e AF:0d4a BC:488c DE:336f HL:09e7 SP:f799 IX:0000 IY:0000 Flags:01001010 [fe 0d cc]
==> 228e:  CALL Z, 17f2h       PC:17f2 AF:0d4a BC:488c DE:336f HL:09e7 SP:f797 IX:0000 IY:0000 Flags:01001010 [cc f2 17]
==> 17f2:  PUSH HL             PC:17f3 AF:0d4a BC:488c DE:336f HL:09e7 SP:f795 IX:0000 IY:0000 Flags:01001010 [e5 2a 35]
==> 17f3:  LD HL, (0735h)      PC:17f6 AF:0d4a BC:488c DE:336f HL:0000 SP:f795 IX:0000 IY:0000 Flags:01001010 [2a 35 07]
==> 17f6:  LD A, H             PC:17f7 AF:004a BC:488c DE:336f HL:0000 SP:f795 IX:0000 IY:0000 Flags:01001010 [7c b5 e1]
==> 17f7:  OR A, L             PC:17f8 AF:0044 BC:488c DE:336f HL:0000 SP:f795 IX:0000 IY:0000 Flags:01000100 [b5 e1 ca]
==> 17f8:  POP HL              PC:17f9 AF:0044 BC:488c DE:336f HL:09e7 SP:f797 IX:0000 IY:0000 Flags:01000100 [e1 ca fe]
==> 17f9:  JP Z, 17feh         PC:17fe AF:0044 BC:488c DE:336f HL:09e7 SP:f797 IX:0000 IY:0000 Flags:01000100 [ca fe 17]
==> 17fe:  LD A, (0722h)       PC:1801 AF:0144 BC:488c DE:336f HL:09e7 SP:f797 IX:0000 IY:0000 Flags:01000100 [3a 22 07]
==> 1801:  DEC A               PC:1802 AF:0042 BC:488c DE:336f HL:09e7 SP:f797 IX:0000 IY:0000 Flags:01000010 [3d 32 cf]
==> 1802:  LD (09cfh), A       PC:1805 AF:0042 BC:488c DE:336f HL:09e7 SP:f797 IX:0000 IY:0000 Flags:01000010 [32 cf 09]
==> 1805:  RET Z               PC:2291 AF:0042 BC:488c DE:336f HL:09e7 SP:f799 IX:0000 IY:0000 Flags:01000010 [c8 f5 af]
==> 2291:  INC BC              PC:2292 AF:0042 BC:488d DE:336f HL:09e7 SP:f799 IX:0000 IY:0000 Flags:01000010 [03 c3 86]
==> 2292:  JP 2286h            PC:2286 AF:0042 BC:488d DE:336f HL:09e7 SP:f799 IX:0000 IY:0000 Flags:01000010 [c3 86 22]
==> 2286:  DEC D               PC:2287 AF:0022 BC:488d DE:326f HL:09e7 SP:f799 IX:0000 IY:0000 Flags:00100010 [15 c8 0a]
==> 2287:  RET Z               PC:2288 AF:0022 BC:488d DE:326f HL:09e7 SP:f799 IX:0000 IY:0000 Flags:00100010 [c8 0a cd]
==> 2288:  LD A, (BC)          PC:2289 AF:0a22 BC:488d DE:326f HL:09e7 SP:f799 IX:0000 IY:0000 Flags:00100010 [0a cd c5]
==> 2289:  CALL 10c5h          PC:10c5 AF:0a22 BC:488d DE:326f HL:09e7 SP:f797 IX:0000 IY:0000 Flags:00100010 [cd c5 10]
==> 10c5:  PUSH AF             PC:10c6 AF:0a22 BC:488d DE:326f HL:09e7 SP:f795 IX:0000 IY:0000 Flags:00100010 [f5 e5 2a]
==> 10c6:  PUSH HL             PC:10c7 AF:0a22 BC:488d DE:326f HL:09e7 SP:f793 IX:0000 IY:0000 Flags:00100010 [e5 2a 35]
==> 10c7:  LD HL, (0735h)      PC:10ca AF:0a22 BC:488d DE:326f HL:0000 SP:f793 IX:0000 IY:0000 Flags:00100010 [2a 35 07]
==> 10ca:  LD A, H             PC:10cb AF:0022 BC:488d DE:326f HL:0000 SP:f793 IX:0000 IY:0000 Flags:00100010 [7c b5 c2]
==> 10cb:  OR A, L             PC:10cc AF:0044 BC:488d DE:326f HL:0000 SP:f793 IX:0000 IY:0000 Flags:01000100 [b5 c2 14]
==> 10cc:  JP NZ, 2e14h        PC:10cf AF:0044 BC:488d DE:326f HL:0000 SP:f793 IX:0000 IY:0000 Flags:01000100 [c2 14 2e]
==> 10cf:  POP HL              PC:10d0 AF:0044 BC:488d DE:326f HL:09e7 SP:f795 IX:0000 IY:0000 Flags:01000100 [e1 3a 26]
==> 10d0:  LD A, (0726h)       PC:10d3 AF:0044 BC:488d DE:326f HL:09e7 SP:f795 IX:0000 IY:0000 Flags:01000100 [3a 26 07]
==> 10d3:  OR A, A             PC:10d4 AF:0044 BC:488d DE:326f HL:09e7 SP:f795 IX:0000 IY:0000 Flags:01000100 [b7 ca 29]
==> 10d4:  JP Z, 1129h         PC:1129 AF:0044 BC:488d DE:326f HL:09e7 SP:f795 IX:0000 IY:0000 Flags:01000100 [ca 29 11]
==> 1129:  LD A, (072ah)       PC:112c AF:0044 BC:488d DE:326f HL:09e7 SP:f795 IX:0000 IY:0000 Flags:01000100 [3a 2a 07]
==> 112c:  OR A, A             PC:112d AF:0044 BC:488d DE:326f HL:09e7 SP:f795 IX:0000 IY:0000 Flags:01000100 [b7 c2 b1]
==> 112d:  JP NZ, 22b1h        PC:1130 AF:0044 BC:488d DE:326f HL:09e7 SP:f795 IX:0000 IY:0000 Flags:01000100 [c2 b1 22]
==> 1130:  POP AF              PC:1131 AF:0a22 BC:488d DE:326f HL:09e7 SP:f797 IX:0000 IY:0000 Flags:00100010 [f1 c5 f5]
==> 1131:  PUSH BC             PC:1132 AF:0a22 BC:488d DE:326f HL:09e7 SP:f795 IX:0000 IY:0000 Flags:00100010 [c5 f5 fe]
==> 1132:  PUSH AF             PC:1133 AF:0a22 BC:488d DE:326f HL:09e7 SP:f793 IX:0000 IY:0000 Flags:00100010 [f5 fe 09]
==> 1133:  CP A, 09h           PC:1135 AF:0a0a BC:488d DE:326f HL:09e7 SP:f793 IX:0000 IY:0000 Flags:00001010 [fe 09 c2]
==> 1135:  JP NZ, 1148h        PC:1148 AF:0a0a BC:488d DE:326f HL:09e7 SP:f793 IX:0000 IY:0000 Flags:00001010 [c2 48 11]
==> 1148:  CP A, 20h           PC:114a AF:0aa3 BC:488d DE:326f HL:09e7 SP:f793 IX:0000 IY:0000 Flags:10100011 [fe 20 da]
==> 114a:  JP C, 115ch         PC:115c AF:0aa3 BC:488d DE:326f HL:09e7 SP:f793 IX:0000 IY:0000 Flags:10100011 [da 5c 11]
==> 115c:  POP AF              PC:115d AF:0a22 BC:488d DE:326f HL:09e7 SP:f795 IX:0000 IY:0000 Flags:00100010 [f1 c1 f5]
==> 115d:  POP BC              PC:115e AF:0a22 BC:488d DE:326f HL:09e7 SP:f797 IX:0000 IY:0000 Flags:00100010 [c1 f5 f1]
==> 115e:  PUSH AF             PC:115f AF:0a22 BC:488d DE:326f HL:09e7 SP:f795 IX:0000 IY:0000 Flags:00100010 [f5 f1 f5]
==> 115f:  POP AF              PC:1160 AF:0a22 BC:488d DE:326f HL:09e7 SP:f797 IX:0000 IY:0000 Flags:00100010 [f1 f5 c5]
==> 1160:  PUSH AF             PC:1161 AF:0a22 BC:488d DE:326f HL:09e7 SP:f795 IX:0000 IY:0000 Flags:00100010 [f5 c5 d5]
==> 1161:  PUSH BC             PC:1162 AF:0a22 BC:488d DE:326f HL:09e7 SP:f793 IX:0000 IY:0000 Flags:00100010 [c5 d5 0e]
==> 1162:  PUSH DE             PC:1163 AF:0a22 BC:488d DE:326f HL:09e7 SP:f791 IX:0000 IY:0000 Flags:00100010 [d5 0e 02]
==> 1163:  LD C, 02h           PC:1165 AF:0a22 BC:4802 DE:326f HL:09e7 SP:f791 IX:0000 IY:0000 Flags:00100010 [0e 02 4f]
==> 1165:  LD C, A             PC:1166 AF:0a22 BC:480a DE:326f HL:09e7 SP:f791 IX:0000 IY:0000 Flags:00100010 [4f e5 cd]
==> 1166:  PUSH HL             PC:1167 AF:0a22 BC:480a DE:326f HL:09e7 SP:f78f IX:0000 IY:0000 Flags:00100010 [e5 cd 84]
==> 1167:  CALL ff84h          PC:ff84 AF:0a22 BC:480a DE:326f HL:09e7 SP:f78d IX:0000 IY:0000 Flags:00100010 [cd 84 ff]

==> ff84:  RET                 PC:116a AF:0a22 BC:480a DE:326f HL:09e7 SP:f78f IX:0000 IY:0000 Flags:00100010 [c9 c9 c9]
==> 116a:  POP HL              PC:116b AF:0a22 BC:480a DE:326f HL:09e7 SP:f791 IX:0000 IY:0000 Flags:00100010 [e1 d1 c1]
==> 116b:  POP DE              PC:116c AF:0a22 BC:480a DE:326f HL:09e7 SP:f793 IX:0000 IY:0000 Flags:00100010 [d1 c1 f1]
==> 116c:  POP BC              PC:116d AF:0a22 BC:488d DE:326f HL:09e7 SP:f795 IX:0000 IY:0000 Flags:00100010 [c1 f1 c9]
==> 116d:  POP AF              PC:116e AF:0a22 BC:488d DE:326f HL:09e7 SP:f797 IX:0000 IY:0000 Flags:00100010 [f1 c9 e5]
==> 116e:  RET                 PC:228c AF:0a22 BC:488d DE:326f HL:09e7 SP:f799 IX:0000 IY:0000 Flags:00100010 [c9 e5 2a]
==> 228c:  CP A, 0dh           PC:228e AF:0a9b BC:488d DE:326f HL:09e7 SP:f799 IX:0000 IY:0000 Flags:10011011 [fe 0d cc]
==> 228e:  CALL Z, 17f2h       PC:2291 AF:0a9b BC:488d DE:326f HL:09e7 SP:f799 IX:0000 IY:0000 Flags:10011011 [cc f2 17]
==> 2291:  INC BC              PC:2292 AF:0a9b BC:488e DE:326f HL:09e7 SP:f799 IX:0000 IY:0000 Flags:10011011 [03 c3 86]
==> 2292:  JP 2286h            PC:2286 AF:0a9b BC:488e DE:326f HL:09e7 SP:f799 IX:0000 IY:0000 Flags:10011011 [c3 86 22]
==> 2286:  DEC D               PC:2287 AF:0a23 BC:488e DE:316f HL:09e7 SP:f799 IX:0000 IY:0000 Flags:00100011 [15 c8 0a]
==> 2287:  RET Z               PC:2288 AF:0a23 BC:488e DE:316f HL:09e7 SP:f799 IX:0000 IY:0000 Flags:00100011 [c8 0a cd]
==> 2288:  LD A, (BC)          PC:2289 AF:5b23 BC:488e DE:316f HL:09e7 SP:f799 IX:0000 IY:0000 Flags:00100011 [0a cd c5]
==> 2289:  CALL 10c5h          PC:10c5 AF:5b23 BC:488e DE:316f HL:09e7 SP:f797 IX:0000 IY:0000 Flags:00100011 [cd c5 10]
==> 10c5:  PUSH AF             PC:10c6 AF:5b23 BC:488e DE:316f HL:09e7 SP:f795 IX:0000 IY:0000 Flags:00100011 [f5 e5 2a]
==> 10c6:  PUSH HL             PC:10c7 AF:5b23 BC:488e DE:316f HL:09e7 SP:f793 IX:0000 IY:0000 Flags:00100011 [e5 2a 35]
==> 10c7:  LD HL, (0735h)      PC:10ca AF:5b23 BC:488e DE:316f HL:0000 SP:f793 IX:0000 IY:0000 Flags:00100011 [2a 35 07]
==> 10ca:  LD A, H             PC:10cb AF:0023 BC:488e DE:316f HL:0000 SP:f793 IX:0000 IY:0000 Flags:00100011 [7c b5 c2]
==> 10cb:  OR A, L             PC:10cc AF:0044 BC:488e DE:316f HL:0000 SP:f793 IX:0000 IY:0000 Flags:01000100 [b5 c2 14]
==> 10cc:  JP NZ, 2e14h        PC:10cf AF:0044 BC:488e DE:316f HL:0000 SP:f793 IX:0000 IY:0000 Flags:01000100 [c2 14 2e]
==> 10cf:  POP HL              PC:10d0 AF:0044 BC:488e DE:316f HL:09e7 SP:f795 IX:0000 IY:0000 Flags:01000100 [e1 3a 26]
==> 10d0:  LD A, (0726h)       PC:10d3 AF:0044 BC:488e DE:316f HL:09e7 SP:f795 IX:0000 IY:0000 Flags:01000100 [3a 26 07]
==> 10d3:  OR A, A             PC:10d4 AF:0044 BC:488e DE:316f HL:09e7 SP:f795 IX:0000 IY:0000 Flags:01000100 [b7 ca 29]
==> 10d4:  JP Z, 1129h         PC:1129 AF:0044 BC:488e DE:316f HL:09e7 SP:f795 IX:0000 IY:0000 Flags:01000100 [ca 29 11]
==> 1129:  LD A, (072ah)       PC:112c AF:0044 BC:488e DE:316f HL:09e7 SP:f795 IX:0000 IY:0000 Flags:01000100 [3a 2a 07]
==> 112c:  OR A, A             PC:112d AF:0044 BC:488e DE:316f HL:09e7 SP:f795 IX:0000 IY:0000 Flags:01000100 [b7 c2 b1]
==> 112d:  JP NZ, 22b1h        PC:1130 AF:0044 BC:488e DE:316f HL:09e7 SP:f795 IX:0000 IY:0000 Flags:01000100 [c2 b1 22]
==> 1130:  POP AF              PC:1131 AF:5b23 BC:488e DE:316f HL:09e7 SP:f797 IX:0000 IY:0000 Flags:00100011 [f1 c5 f5]
==> 1131:  PUSH BC             PC:1132 AF:5b23 BC:488e DE:316f HL:09e7 SP:f795 IX:0000 IY:0000 Flags:00100011 [c5 f5 fe]
==> 1132:  PUSH AF             PC:1133 AF:5b23 BC:488e DE:316f HL:09e7 SP:f793 IX:0000 IY:0000 Flags:00100011 [f5 fe 09]
==> 1133:  CP A, 09h           PC:1135 AF:5b0a BC:488e DE:316f HL:09e7 SP:f793 IX:0000 IY:0000 Flags:00001010 [fe 09 c2]
==> 1135:  JP NZ, 1148h        PC:1148 AF:5b0a BC:488e DE:316f HL:09e7 SP:f793 IX:0000 IY:0000 Flags:00001010 [c2 48 11]
==> 1148:  CP A, 20h           PC:114a AF:5b22 BC:488e DE:316f HL:09e7 SP:f793 IX:0000 IY:0000 Flags:00100010 [fe 20 da]
==> 114a:  JP C, 115ch         PC:114d AF:5b22 BC:488e DE:316f HL:09e7 SP:f793 IX:0000 IY:0000 Flags:00100010 [da 5c 11]
==> 114d:  LD A, (0727h)       PC:1150 AF:4822 BC:488e DE:316f HL:09e7 SP:f793 IX:0000 IY:0000 Flags:00100010 [3a 27 07]
==> 1150:  LD B, A             PC:1151 AF:4822 BC:488e DE:316f HL:09e7 SP:f793 IX:0000 IY:0000 Flags:00100010 [47 3a cf]
==> 1151:  LD A, (09cfh)       PC:1154 AF:0022 BC:488e DE:316f HL:09e7 SP:f793 IX:0000 IY:0000 Flags:00100010 [3a cf 09]
==> 1154:  CP A, B             PC:1155 AF:009b BC:488e DE:316f HL:09e7 SP:f793 IX:0000 IY:0000 Flags:10011011 [b8 cc e8]
==> 1155:  CALL Z, 17e8h       PC:1158 AF:009b BC:488e DE:316f HL:09e7 SP:f793 IX:0000 IY:0000 Flags:10011011 [cc e8 17]
==> 1158:  INC A               PC:1159 AF:0101 BC:488e DE:316f HL:09e7 SP:f793 IX:0000 IY:0000 Flags:00000001 [3c 32 cf]
==> 1159:  LD (09cfh), A       PC:115c AF:0101 BC:488e DE:316f HL:09e7 SP:f793 IX:0000 IY:0000 Flags:00000001 [32 cf 09]
==> 115c:  POP AF              PC:115d AF:5b23 BC:488e DE:316f HL:09e7 SP:f795 IX:0000 IY:0000 Flags:00100011 [f1 c1 f5]
==> 115d:  POP BC              PC:115e AF:5b23 BC:488e DE:316f HL:09e7 SP:f797 IX:0000 IY:0000 Flags:00100011 [c1 f5 f1]
==> 115e:  PUSH AF             PC:115f AF:5b23 BC:488e DE:316f HL:09e7 SP:f795 IX:0000 IY:0000 Flags:00100011 [f5 f1 f5]
==> 115f:  POP AF              PC:1160 AF:5b23 BC:488e DE:316f HL:09e7 SP:f797 IX:0000 IY:0000 Flags:00100011 [f1 f5 c5]
==> 1160:  PUSH AF             PC:1161 AF:5b23 BC:488e DE:316f HL:09e7 SP:f795 IX:0000 IY:0000 Flags:00100011 [f5 c5 d5]
==> 1161:  PUSH BC             PC:1162 AF:5b23 BC:488e DE:316f HL:09e7 SP:f793 IX:0000 IY:0000 Flags:00100011 [c5 d5 0e]
==> 1162:  PUSH DE             PC:1163 AF:5b23 BC:488e DE:316f HL:09e7 SP:f791 IX:0000 IY:0000 Flags:00100011 [d5 0e 02]
==> 1163:  LD C, 02h           PC:1165 AF:5b23 BC:4802 DE:316f HL:09e7 SP:f791 IX:0000 IY:0000 Flags:00100011 [0e 02 4f]
==> 1165:  LD C, A             PC:1166 AF:5b23 BC:485b DE:316f HL:09e7 SP:f791 IX:0000 IY:0000 Flags:00100011 [4f e5 cd]
==> 1166:  PUSH HL             PC:1167 AF:5b23 BC:485b DE:316f HL:09e7 SP:f78f IX:0000 IY:0000 Flags:00100011 [e5 cd 84]
==> 1167:  CALL ff84h          PC:ff84 AF:5b23 BC:485b DE:316f HL:09e7 SP:f78d IX:0000 IY:0000 Flags:00100011 [cd 84 ff]
[==> ff84:  RET                 PC:116a AF:5b23 BC:485b DE:316f HL:09e7 SP:f78f IX:0000 IY:0000 Flags:00100011 [c9 c9 c9]
==> 116a:  POP HL              PC:116b AF:5b23 BC:485b DE:316f HL:09e7 SP:f791 IX:0000 IY:0000 Flags:00100011 [e1 d1 c1]
==> 116b:  POP DE              PC:116c AF:5b23 BC:485b DE:316f HL:09e7 SP:f793 IX:0000 IY:0000 Flags:00100011 [d1 c1 f1]
==> 116c:  POP BC              PC:116d AF:5b23 BC:488e DE:316f HL:09e7 SP:f795 IX:0000 IY:0000 Flags:00100011 [c1 f1 c9]
==> 116d:  POP AF              PC:116e AF:5b23 BC:488e DE:316f HL:09e7 SP:f797 IX:0000 IY:0000 Flags:00100011 [f1 c9 e5]
==> 116e:  RET                 PC:228c AF:5b23 BC:488e DE:316f HL:09e7 SP:f799 IX:0000 IY:0000 Flags:00100011 [c9 e5 2a]
==> 228c:  CP A, 0dh           PC:228e AF:5b1a BC:488e DE:316f HL:09e7 SP:f799 IX:0000 IY:0000 Flags:00011010 [fe 0d cc]
==> 228e:  CALL Z, 17f2h       PC:2291 AF:5b1a BC:488e DE:316f HL:09e7 SP:f799 IX:0000 IY:0000 Flags:00011010 [cc f2 17]
==> 2291:  INC BC              PC:2292 AF:5b1a BC:488f DE:316f HL:09e7 SP:f799 IX:0000 IY:0000 Flags:00011010 [03 c3 86]
==> 2292:  JP 2286h            PC:2286 AF:5b1a BC:488f DE:316f HL:09e7 SP:f799 IX:0000 IY:0000 Flags:00011010 [c3 86 22]
==> 2286:  DEC D               PC:2287 AF:5b22 BC:488f DE:306f HL:09e7 SP:f799 IX:0000 IY:0000 Flags:00100010 [15 c8 0a]
==> 2287:  RET Z               PC:2288 AF:5b22 BC:488f DE:306f HL:09e7 SP:f799 IX:0000 IY:0000 Flags:00100010 [c8 0a cd]
==> 2288:  LD A, (BC)          PC:2289 AF:4322 BC:488f DE:306f HL:09e7 SP:f799 IX:0000 IY:0000 Flags:00100010 [0a cd c5]
==> 2289:  CALL 10c5h          PC:10c5 AF:4322 BC:488f DE:306f HL:09e7 SP:f797 IX:0000 IY:0000 Flags:00100010 [cd c5 10]
==> 10c5:  PUSH AF             PC:10c6 AF:4322 BC:488f DE:306f HL:09e7 SP:f795 IX:0000 IY:0000 Flags:00100010 [f5 e5 2a]
==> 10c6:  PUSH HL             PC:10c7 AF:4322 BC:488f DE:306f HL:09e7 SP:f793 IX:0000 IY:0000 Flags:00100010 [e5 2a 35]
==> 10c7:  LD HL, (0735h)      PC:10ca AF:4322 BC:488f DE:306f HL:0000 SP:f793 IX:0000 IY:0000 Flags:00100010 [2a 35 07]
==> 10ca:  LD A, H             PC:10cb AF:0022 BC:488f DE:306f HL:0000 SP:f793 IX:0000 IY:0000 Flags:00100010 [7c b5 c2]
==> 10cb:  OR A, L             PC:10cc AF:0044 BC:488f DE:306f HL:0000 SP:f793 IX:0000 IY:0000 Flags:01000100 [b5 c2 14]
==> 10cc:  JP NZ, 2e14h        PC:10cf AF:0044 BC:488f DE:306f HL:0000 SP:f793 IX:0000 IY:0000 Flags:01000100 [c2 14 2e]
==> 10cf:  POP HL              PC:10d0 AF:0044 BC:488f DE:306f HL:09e7 SP:f795 IX:0000 IY:0000 Flags:01000100 [e1 3a 26]
==> 10d0:  LD A, (0726h)       PC:10d3 AF:0044 BC:488f DE:306f HL:09e7 SP:f795 IX:0000 IY:0000 Flags:01000100 [3a 26 07]
==> 10d3:  OR A, A             PC:10d4 AF:0044 BC:488f DE:306f HL:09e7 SP:f795 IX:0000 IY:0000 Flags:01000100 [b7 ca 29]
==> 10d4:  JP Z, 1129h         PC:1129 AF:0044 BC:488f DE:306f HL:09e7 SP:f795 IX:0000 IY:0000 Flags:01000100 [ca 29 11]
==> 1129:  LD A, (072ah)       PC:112c AF:0044 BC:488f DE:306f HL:09e7 SP:f795 IX:0000 IY:0000 Flags:01000100 [3a 2a 07]
==> 112c:  OR A, A             PC:112d AF:0044 BC:488f DE:306f HL:09e7 SP:f795 IX:0000 IY:0000 Flags:01000100 [b7 c2 b1]
==> 112d:  JP NZ, 22b1h        PC:1130 AF:0044 BC:488f DE:306f HL:09e7 SP:f795 IX:0000 IY:0000 Flags:01000100 [c2 b1 22]
==> 1130:  POP AF              PC:1131 AF:4322 BC:488f DE:306f HL:09e7 SP:f797 IX:0000 IY:0000 Flags:00100010 [f1 c5 f5]
==> 1131:  PUSH BC             PC:1132 AF:4322 BC:488f DE:306f HL:09e7 SP:f795 IX:0000 IY:0000 Flags:00100010 [c5 f5 fe]
==> 1132:  PUSH AF             PC:1133 AF:4322 BC:488f DE:306f HL:09e7 SP:f793 IX:0000 IY:0000 Flags:00100010 [f5 fe 09]
==> 1133:  CP A, 09h           PC:1135 AF:431a BC:488f DE:306f HL:09e7 SP:f793 IX:0000 IY:0000 Flags:00011010 [fe 09 c2]
==> 1135:  JP NZ, 1148h        PC:1148 AF:431a BC:488f DE:306f HL:09e7 SP:f793 IX:0000 IY:0000 Flags:00011010 [c2 48 11]
==> 1148:  CP A, 20h           PC:114a AF:4322 BC:488f DE:306f HL:09e7 SP:f793 IX:0000 IY:0000 Flags:00100010 [fe 20 da]
==> 114a:  JP C, 115ch         PC:114d AF:4322 BC:488f DE:306f HL:09e7 SP:f793 IX:0000 IY:0000 Flags:00100010 [da 5c 11]
==> 114d:  LD A, (0727h)       PC:1150 AF:4822 BC:488f DE:306f HL:09e7 SP:f793 IX:0000 IY:0000 Flags:00100010 [3a 27 07]
==> 1150:  LD B, A             PC:1151 AF:4822 BC:488f DE:306f HL:09e7 SP:f793 IX:0000 IY:0000 Flags:00100010 [47 3a cf]
==> 1151:  LD A, (09cfh)       PC:1154 AF:0122 BC:488f DE:306f HL:09e7 SP:f793 IX:0000 IY:0000 Flags:00100010 [3a cf 09]
==> 1154:  CP A, B             PC:1155 AF:019b BC:488f DE:306f HL:09e7 SP:f793 IX:0000 IY:0000 Flags:10011011 [b8 cc e8]
==> 1155:  CALL Z, 17e8h       PC:1158 AF:019b BC:488f DE:306f HL:09e7 SP:f793 IX:0000 IY:0000 Flags:10011011 [cc e8 17]
==> 1158:  INC A               PC:1159 AF:0201 BC:488f DE:306f HL:09e7 SP:f793 IX:0000 IY:0000 Flags:00000001 [3c 32 cf]
==> 1159:  LD (09cfh), A       PC:115c AF:0201 BC:488f DE:306f HL:09e7 SP:f793 IX:0000 IY:0000 Flags:00000001 [32 cf 09]
==> 115c:  POP AF              PC:115d AF:4322 BC:488f DE:306f HL:09e7 SP:f795 IX:0000 IY:0000 Flags:00100010 [f1 c1 f5]
==> 115d:  POP BC              PC:115e AF:4322 BC:488f DE:306f HL:09e7 SP:f797 IX:0000 IY:0000 Flags:00100010 [c1 f5 f1]
==> 115e:  PUSH AF             PC:115f AF:4322 BC:488f DE:306f HL:09e7 SP:f795 IX:0000 IY:0000 Flags:00100010 [f5 f1 f5]
==> 115f:  POP AF              PC:1160 AF:4322 BC:488f DE:306f HL:09e7 SP:f797 IX:0000 IY:0000 Flags:00100010 [f1 f5 c5]
==> 1160:  PUSH AF             PC:1161 AF:4322 BC:488f DE:306f HL:09e7 SP:f795 IX:0000 IY:0000 Flags:00100010 [f5 c5 d5]
==> 1161:  PUSH BC             PC:1162 AF:4322 BC:488f DE:306f HL:09e7 SP:f793 IX:0000 IY:0000 Flags:00100010 [c5 d5 0e]
==> 1162:  PUSH DE             PC:1163 AF:4322 BC:488f DE:306f HL:09e7 SP:f791 IX:0000 IY:0000 Flags:00100010 [d5 0e 02]
==> 1163:  LD C, 02h           PC:1165 AF:4322 BC:4802 DE:306f HL:09e7 SP:f791 IX:0000 IY:0000 Flags:00100010 [0e 02 4f]
==> 1165:  LD C, A             PC:1166 AF:4322 BC:4843 DE:306f HL:09e7 SP:f791 IX:0000 IY:0000 Flags:00100010 [4f e5 cd]
==> 1166:  PUSH HL             PC:1167 AF:4322 BC:4843 DE:306f HL:09e7 SP:f78f IX:0000 IY:0000 Flags:00100010 [e5 cd 84]
==> 1167:  CALL ff84h          PC:ff84 AF:4322 BC:4843 DE:306f HL:09e7 SP:f78d IX:0000 IY:0000 Flags:00100010 [cd 84 ff]
C==> ff84:  RET                 PC:116a AF:4322 BC:4843 DE:306f HL:09e7 SP:f78f IX:0000 IY:0000 Flags:00100010 [c9 c9 c9]
==> 116a:  POP HL              PC:116b AF:4322 BC:4843 DE:306f HL:09e7 SP:f791 IX:0000 IY:0000 Flags:00100010 [e1 d1 c1]
==> 116b:  POP DE              PC:116c AF:4322 BC:4843 DE:306f HL:09e7 SP:f793 IX:0000 IY:0000 Flags:00100010 [d1 c1 f1]
==> 116c:  POP BC              PC:116d AF:4322 BC:488f DE:306f HL:09e7 SP:f795 IX:0000 IY:0000 Flags:00100010 [c1 f1 c9]
==> 116d:  POP AF              PC:116e AF:4322 BC:488f DE:306f HL:09e7 SP:f797 IX:0000 IY:0000 Flags:00100010 [f1 c9 e5]
==> 116e:  RET                 PC:228c AF:4322 BC:488f DE:306f HL:09e7 SP:f799 IX:0000 IY:0000 Flags:00100010 [c9 e5 2a]
==> 228c:  CP A, 0dh           PC:228e AF:431a BC:488f DE:306f HL:09e7 SP:f799 IX:0000 IY:0000 Flags:00011010 [fe 0d cc]
==> 228e:  CALL Z, 17f2h       PC:2291 AF:431a BC:488f DE:306f HL:09e7 SP:f799 IX:0000 IY:0000 Flags:00011010 [cc f2 17]
==> 2291:  INC BC              PC:2292 AF:431a BC:4890 DE:306f HL:09e7 SP:f799 IX:0000 IY:0000 Flags:00011010 [03 c3 86]
==> 2292:  JP 2286h            PC:2286 AF:431a BC:4890 DE:306f HL:09e7 SP:f799 IX:0000 IY:0000 Flags:00011010 [c3 86 22]
==> 2286:  DEC D               PC:2287 AF:433a BC:4890 DE:2f6f HL:09e7 SP:f799 IX:0000 IY:0000 Flags:00111010 [15 c8 0a]
==> 2287:  RET Z               PC:2288 AF:433a BC:4890 DE:2f6f HL:09e7 SP:f799 IX:0000 IY:0000 Flags:00111010 [c8 0a cd]
==> 2288:  LD A, (BC)          PC:2289 AF:503a BC:4890 DE:2f6f HL:09e7 SP:f799 IX:0000 IY:0000 Flags:00111010 [0a cd c5]
==> 2289:  CALL 10c5h          PC:10c5 AF:503a BC:4890 DE:2f6f HL:09e7 SP:f797 IX:0000 IY:0000 Flags:00111010 [cd c5 10]
==> 10c5:  PUSH AF             PC:10c6 AF:503a BC:4890 DE:2f6f HL:09e7 SP:f795 IX:0000 IY:0000 Flags:00111010 [f5 e5 2a]
==> 10c6:  PUSH HL             PC:10c7 AF:503a BC:4890 DE:2f6f HL:09e7 SP:f793 IX:0000 IY:0000 Flags:00111010 [e5 2a 35]
==> 10c7:  LD HL, (0735h)      PC:10ca AF:503a BC:4890 DE:2f6f HL:0000 SP:f793 IX:0000 IY:0000 Flags:00111010 [2a 35 07]
==> 10ca:  LD A, H             PC:10cb AF:003a BC:4890 DE:2f6f HL:0000 SP:f793 IX:0000 IY:0000 Flags:00111010 [7c b5 c2]
==> 10cb:  OR A, L             PC:10cc AF:0044 BC:4890 DE:2f6f HL:0000 SP:f793 IX:0000 IY:0000 Flags:01000100 [b5 c2 14]
==> 10cc:  JP NZ, 2e14h        PC:10cf AF:0044 BC:4890 DE:2f6f HL:0000 SP:f793 IX:0000 IY:0000 Flags:01000100 [c2 14 2e]
==> 10cf:  POP HL              PC:10d0 AF:0044 BC:4890 DE:2f6f HL:09e7 SP:f795 IX:0000 IY:0000 Flags:01000100 [e1 3a 26]
==> 10d0:  LD A, (0726h)       PC:10d3 AF:0044 BC:4890 DE:2f6f HL:09e7 SP:f795 IX:0000 IY:0000 Flags:01000100 [3a 26 07]
==> 10d3:  OR A, A             PC:10d4 AF:0044 BC:4890 DE:2f6f HL:09e7 SP:f795 IX:0000 IY:0000 Flags:01000100 [b7 ca 29]
==> 10d4:  JP Z, 1129h         PC:1129 AF:0044 BC:4890 DE:2f6f HL:09e7 SP:f795 IX:0000 IY:0000 Flags:01000100 [ca 29 11]
==> 1129:  LD A, (072ah)       PC:112c AF:0044 BC:4890 DE:2f6f HL:09e7 SP:f795 IX:0000 IY:0000 Flags:01000100 [3a 2a 07]
==> 112c:  OR A, A             PC:112d AF:0044 BC:4890 DE:2f6f HL:09e7 SP:f795 IX:0000 IY:0000 Flags:01000100 [b7 c2 b1]
==> 112d:  JP NZ, 22b1h        PC:1130 AF:0044 BC:4890 DE:2f6f HL:09e7 SP:f795 IX:0000 IY:0000 Flags:01000100 [c2 b1 22]
==> 1130:  POP AF              PC:1131 AF:503a BC:4890 DE:2f6f HL:09e7 SP:f797 IX:0000 IY:0000 Flags:00111010 [f1 c5 f5]
==> 1131:  PUSH BC             PC:1132 AF:503a BC:4890 DE:2f6f HL:09e7 SP:f795 IX:0000 IY:0000 Flags:00111010 [c5 f5 fe]
==> 1132:  PUSH AF             PC:1133 AF:503a BC:4890 DE:2f6f HL:09e7 SP:f793 IX:0000 IY:0000 Flags:00111010 [f5 fe 09]
==> 1133:  CP A, 09h           PC:1135 AF:501a BC:4890 DE:2f6f HL:09e7 SP:f793 IX:0000 IY:0000 Flags:00011010 [fe 09 c2]
==> 1135:  JP NZ, 1148h        PC:1148 AF:501a BC:4890 DE:2f6f HL:09e7 SP:f793 IX:0000 IY:0000 Flags:00011010 [c2 48 11]
==> 1148:  CP A, 20h           PC:114a AF:5022 BC:4890 DE:2f6f HL:09e7 SP:f793 IX:0000 IY:0000 Flags:00100010 [fe 20 da]
==> 114a:  JP C, 115ch         PC:114d AF:5022 BC:4890 DE:2f6f HL:09e7 SP:f793 IX:0000 IY:0000 Flags:00100010 [da 5c 11]
==> 114d:  LD A, (0727h)       PC:1150 AF:4822 BC:4890 DE:2f6f HL:09e7 SP:f793 IX:0000 IY:0000 Flags:00100010 [3a 27 07]
==> 1150:  LD B, A             PC:1151 AF:4822 BC:4890 DE:2f6f HL:09e7 SP:f793 IX:0000 IY:0000 Flags:00100010 [47 3a cf]
==> 1151:  LD A, (09cfh)       PC:1154 AF:0222 BC:4890 DE:2f6f HL:09e7 SP:f793 IX:0000 IY:0000 Flags:00100010 [3a cf 09]
==> 1154:  CP A, B             PC:1155 AF:029b BC:4890 DE:2f6f HL:09e7 SP:f793 IX:0000 IY:0000 Flags:10011011 [b8 cc e8]
==> 1155:  CALL Z, 17e8h       PC:1158 AF:029b BC:4890 DE:2f6f HL:09e7 SP:f793 IX:0000 IY:0000 Flags:10011011 [cc e8 17]
==> 1158:  INC A               PC:1159 AF:0301 BC:4890 DE:2f6f HL:09e7 SP:f793 IX:0000 IY:0000 Flags:00000001 [3c 32 cf]
==> 1159:  LD (09cfh), A       PC:115c AF:0301 BC:4890 DE:2f6f HL:09e7 SP:f793 IX:0000 IY:0000 Flags:00000001 [32 cf 09]
==> 115c:  POP AF              PC:115d AF:503a BC:4890 DE:2f6f HL:09e7 SP:f795 IX:0000 IY:0000 Flags:00111010 [f1 c1 f5]
==> 115d:  POP BC              PC:115e AF:503a BC:4890 DE:2f6f HL:09e7 SP:f797 IX:0000 IY:0000 Flags:00111010 [c1 f5 f1]
==> 115e:  PUSH AF             PC:115f AF:503a BC:4890 DE:2f6f HL:09e7 SP:f795 IX:0000 IY:0000 Flags:00111010 [f5 f1 f5]
==> 115f:  POP AF              PC:1160 AF:503a BC:4890 DE:2f6f HL:09e7 SP:f797 IX:0000 IY:0000 Flags:00111010 [f1 f5 c5]
==> 1160:  PUSH AF             PC:1161 AF:503a BC:4890 DE:2f6f HL:09e7 SP:f795 IX:0000 IY:0000 Flags:00111010 [f5 c5 d5]
==> 1161:  PUSH BC             PC:1162 AF:503a BC:4890 DE:2f6f HL:09e7 SP:f793 IX:0000 IY:0000 Flags:00111010 [c5 d5 0e]
==> 1162:  PUSH DE             PC:1163 AF:503a BC:4890 DE:2f6f HL:09e7 SP:f791 IX:0000 IY:0000 Flags:00111010 [d5 0e 02]
==> 1163:  LD C, 02h           PC:1165 AF:503a BC:4802 DE:2f6f HL:09e7 SP:f791 IX:0000 IY:0000 Flags:00111010 [0e 02 4f]
==> 1165:  LD C, A             PC:1166 AF:503a BC:4850 DE:2f6f HL:09e7 SP:f791 IX:0000 IY:0000 Flags:00111010 [4f e5 cd]
==> 1166:  PUSH HL             PC:1167 AF:503a BC:4850 DE:2f6f HL:09e7 SP:f78f IX:0000 IY:0000 Flags:00111010 [e5 cd 84]
==> 1167:  CALL ff84h          PC:ff84 AF:503a BC:4850 DE:2f6f HL:09e7 SP:f78d IX:0000 IY:0000 Flags:00111010 [cd 84 ff]
P==> ff84:  RET                 PC:116a AF:503a BC:4850 DE:2f6f HL:09e7 SP:f78f IX:0000 IY:0000 Flags:00111010 [c9 c9 c9]
==> 116a:  POP HL              PC:116b AF:503a BC:4850 DE:2f6f HL:09e7 SP:f791 IX:0000 IY:0000 Flags:00111010 [e1 d1 c1]
==> 116b:  POP DE              PC:116c AF:503a BC:4850 DE:2f6f HL:09e7 SP:f793 IX:0000 IY:0000 Flags:00111010 [d1 c1 f1]
==> 116c:  POP BC              PC:116d AF:503a BC:4890 DE:2f6f HL:09e7 SP:f795 IX:0000 IY:0000 Flags:00111010 [c1 f1 c9]
==> 116d:  POP AF              PC:116e AF:503a BC:4890 DE:2f6f HL:09e7 SP:f797 IX:0000 IY:0000 Flags:00111010 [f1 c9 e5]
==> 116e:  RET                 PC:228c AF:503a BC:4890 DE:2f6f HL:09e7 SP:f799 IX:0000 IY:0000 Flags:00111010 [c9 e5 2a]
==> 228c:  CP A, 0dh           PC:228e AF:501a BC:4890 DE:2f6f HL:09e7 SP:f799 IX:0000 IY:0000 Flags:00011010 [fe 0d cc]
==> 228e:  CALL Z, 17f2h       PC:2291 AF:501a BC:4890 DE:2f6f HL:09e7 SP:f799 IX:0000 IY:0000 Flags:00011010 [cc f2 17]
==> 2291:  INC BC              PC:2292 AF:501a BC:4891 DE:2f6f HL:09e7 SP:f799 IX:0000 IY:0000 Flags:00011010 [03 c3 86]
==> 2292:  JP 2286h            PC:2286 AF:501a BC:4891 DE:2f6f HL:09e7 SP:f799 IX:0000 IY:0000 Flags:00011010 [c3 86 22]
==> 2286:  DEC D               PC:2287 AF:502a BC:4891 DE:2e6f HL:09e7 SP:f799 IX:0000 IY:0000 Flags:00101010 [15 c8 0a]
==> 2287:  RET Z               PC:2288 AF:502a BC:4891 DE:2e6f HL:09e7 SP:f799 IX:0000 IY:0000 Flags:00101010 [c8 0a cd]
==> 2288:  LD A, (BC)          PC:2289 AF:2f2a BC:4891 DE:2e6f HL:09e7 SP:f799 IX:0000 IY:0000 Flags:00101010 [0a cd c5]
==> 2289:  CALL 10c5h          PC:10c5 AF:2f2a BC:4891 DE:2e6f HL:09e7 SP:f797 IX:0000 IY:0000 Flags:00101010 [cd c5 10]
==> 10c5:  PUSH AF             PC:10c6 AF:2f2a BC:4891 DE:2e6f HL:09e7 SP:f795 IX:0000 IY:0000 Flags:00101010 [f5 e5 2a]
==> 10c6:  PUSH HL             PC:10c7 AF:2f2a BC:4891 DE:2e6f HL:09e7 SP:f793 IX:0000 IY:0000 Flags:00101010 [e5 2a 35]
==> 10c7:  LD HL, (0735h)      PC:10ca AF:2f2a BC:4891 DE:2e6f HL:0000 SP:f793 IX:0000 IY:0000 Flags:00101010 [2a 35 07]
==> 10ca:  LD A, H             PC:10cb AF:002a BC:4891 DE:2e6f HL:0000 SP:f793 IX:0000 IY:0000 Flags:00101010 [7c b5 c2]
==> 10cb:  OR A, L             PC:10cc AF:0044 BC:4891 DE:2e6f HL:0000 SP:f793 IX:0000 IY:0000 Flags:01000100 [b5 c2 14]
==> 10cc:  JP NZ, 2e14h        PC:10cf AF:0044 BC:4891 DE:2e6f HL:0000 SP:f793 IX:0000 IY:0000 Flags:01000100 [c2 14 2e]
==> 10cf:  POP HL              PC:10d0 AF:0044 BC:4891 DE:2e6f HL:09e7 SP:f795 IX:0000 IY:0000 Flags:01000100 [e1 3a 26]
==> 10d0:  LD A, (0726h)       PC:10d3 AF:0044 BC:4891 DE:2e6f HL:09e7 SP:f795 IX:0000 IY:0000 Flags:01000100 [3a 26 07]
==> 10d3:  OR A, A             PC:10d4 AF:0044 BC:4891 DE:2e6f HL:09e7 SP:f795 IX:0000 IY:0000 Flags:01000100 [b7 ca 29]
==> 10d4:  JP Z, 1129h         PC:1129 AF:0044 BC:4891 DE:2e6f HL:09e7 SP:f795 IX:0000 IY:0000 Flags:01000100 [ca 29 11]
==> 1129:  LD A, (072ah)       PC:112c AF:0044 BC:4891 DE:2e6f HL:09e7 SP:f795 IX:0000 IY:0000 Flags:01000100 [3a 2a 07]
==> 112c:  OR A, A             PC:112d AF:0044 BC:4891 DE:2e6f HL:09e7 SP:f795 IX:0000 IY:0000 Flags:01000100 [b7 c2 b1]
==> 112d:  JP NZ, 22b1h        PC:1130 AF:0044 BC:4891 DE:2e6f HL:09e7 SP:f795 IX:0000 IY:0000 Flags:01000100 [c2 b1 22]
==> 1130:  POP AF              PC:1131 AF:2f2a BC:4891 DE:2e6f HL:09e7 SP:f797 IX:0000 IY:0000 Flags:00101010 [f1 c5 f5]
==> 1131:  PUSH BC             PC:1132 AF:2f2a BC:4891 DE:2e6f HL:09e7 SP:f795 IX:0000 IY:0000 Flags:00101010 [c5 f5 fe]
==> 1132:  PUSH AF             PC:1133 AF:2f2a BC:4891 DE:2e6f HL:09e7 SP:f793 IX:0000 IY:0000 Flags:00101010 [f5 fe 09]
==> 1133:  CP A, 09h           PC:1135 AF:2f0a BC:4891 DE:2e6f HL:09e7 SP:f793 IX:0000 IY:0000 Flags:00001010 [fe 09 c2]
==> 1135:  JP NZ, 1148h        PC:1148 AF:2f0a BC:4891 DE:2e6f HL:09e7 SP:f793 IX:0000 IY:0000 Flags:00001010 [c2 48 11]
==> 1148:  CP A, 20h           PC:114a AF:2f22 BC:4891 DE:2e6f HL:09e7 SP:f793 IX:0000 IY:0000 Flags:00100010 [fe 20 da]
==> 114a:  JP C, 115ch         PC:114d AF:2f22 BC:4891 DE:2e6f HL:09e7 SP:f793 IX:0000 IY:0000 Flags:00100010 [da 5c 11]
==> 114d:  LD A, (0727h)       PC:1150 AF:4822 BC:4891 DE:2e6f HL:09e7 SP:f793 IX:0000 IY:0000 Flags:00100010 [3a 27 07]
==> 1150:  LD B, A             PC:1151 AF:4822 BC:4891 DE:2e6f HL:09e7 SP:f793 IX:0000 IY:0000 Flags:00100010 [47 3a cf]
==> 1151:  LD A, (09cfh)       PC:1154 AF:0322 BC:4891 DE:2e6f HL:09e7 SP:f793 IX:0000 IY:0000 Flags:00100010 [3a cf 09]
==> 1154:  CP A, B             PC:1155 AF:039b BC:4891 DE:2e6f HL:09e7 SP:f793 IX:0000 IY:0000 Flags:10011011 [b8 cc e8]
==> 1155:  CALL Z, 17e8h       PC:1158 AF:039b BC:4891 DE:2e6f HL:09e7 SP:f793 IX:0000 IY:0000 Flags:10011011 [cc e8 17]
==> 1158:  INC A               PC:1159 AF:0401 BC:4891 DE:2e6f HL:09e7 SP:f793 IX:0000 IY:0000 Flags:00000001 [3c 32 cf]
==> 1159:  LD (09cfh), A       PC:115c AF:0401 BC:4891 DE:2e6f HL:09e7 SP:f793 IX:0000 IY:0000 Flags:00000001 [32 cf 09]
==> 115c:  POP AF              PC:115d AF:2f2a BC:4891 DE:2e6f HL:09e7 SP:f795 IX:0000 IY:0000 Flags:00101010 [f1 c1 f5]
==> 115d:  POP BC              PC:115e AF:2f2a BC:4891 DE:2e6f HL:09e7 SP:f797 IX:0000 IY:0000 Flags:00101010 [c1 f5 f1]
==> 115e:  PUSH AF             PC:115f AF:2f2a BC:4891 DE:2e6f HL:09e7 SP:f795 IX:0000 IY:0000 Flags:00101010 [f5 f1 f5]
==> 115f:  POP AF              PC:1160 AF:2f2a BC:4891 DE:2e6f HL:09e7 SP:f797 IX:0000 IY:0000 Flags:00101010 [f1 f5 c5]
==> 1160:  PUSH AF             PC:1161 AF:2f2a BC:4891 DE:2e6f HL:09e7 SP:f795 IX:0000 IY:0000 Flags:00101010 [f5 c5 d5]
==> 1161:  PUSH BC             PC:1162 AF:2f2a BC:4891 DE:2e6f HL:09e7 SP:f793 IX:0000 IY:0000 Flags:00101010 [c5 d5 0e]
==> 1162:  PUSH DE             PC:1163 AF:2f2a BC:4891 DE:2e6f HL:09e7 SP:f791 IX:0000 IY:0000 Flags:00101010 [d5 0e 02]
==> 1163:  LD C, 02h           PC:1165 AF:2f2a BC:4802 DE:2e6f HL:09e7 SP:f791 IX:0000 IY:0000 Flags:00101010 [0e 02 4f]
==> 1165:  LD C, A             PC:1166 AF:2f2a BC:482f DE:2e6f HL:09e7 SP:f791 IX:0000 IY:0000 Flags:00101010 [4f e5 cd]
==> 1166:  PUSH HL             PC:1167 AF:2f2a BC:482f DE:2e6f HL:09e7 SP:f78f IX:0000 IY:0000 Flags:00101010 [e5 cd 84]
==> 1167:  CALL ff84h          PC:ff84 AF:2f2a BC:482f DE:2e6f HL:09e7 SP:f78d IX:0000 IY:0000 Flags:00101010 [cd 84 ff]
/==> ff84:  RET                 PC:116a AF:2f2a BC:482f DE:2e6f HL:09e7 SP:f78f IX:0000 IY:0000 Flags:00101010 [c9 c9 c9]
==> 116a:  POP HL              PC:116b AF:2f2a BC:482f DE:2e6f HL:09e7 SP:f791 IX:0000 IY:0000 Flags:00101010 [e1 d1 c1]
==> 116b:  POP DE              PC:116c AF:2f2a BC:482f DE:2e6f HL:09e7 SP:f793 IX:0000 IY:0000 Flags:00101010 [d1 c1 f1]
==> 116c:  POP BC              PC:116d AF:2f2a BC:4891 DE:2e6f HL:09e7 SP:f795 IX:0000 IY:0000 Flags:00101010 [c1 f1 c9]
==> 116d:  POP AF              PC:116e AF:2f2a BC:4891 DE:2e6f HL:09e7 SP:f797 IX:0000 IY:0000 Flags:00101010 [f1 c9 e5]
==> 116e:  RET                 PC:228c AF:2f2a BC:4891 DE:2e6f HL:09e7 SP:f799 IX:0000 IY:0000 Flags:00101010 [c9 e5 2a]
==> 228c:  CP A, 0dh           PC:228e AF:2f0a BC:4891 DE:2e6f HL:09e7 SP:f799 IX:0000 IY:0000 Flags:00001010 [fe 0d cc]
==> 228e:  CALL Z, 17f2h       PC:2291 AF:2f0a BC:4891 DE:2e6f HL:09e7 SP:f799 IX:0000 IY:0000 Flags:00001010 [cc f2 17]
==> 2291:  INC BC              PC:2292 AF:2f0a BC:4892 DE:2e6f HL:09e7 SP:f799 IX:0000 IY:0000 Flags:00001010 [03 c3 86]
==> 2292:  JP 2286h            PC:2286 AF:2f0a BC:4892 DE:2e6f HL:09e7 SP:f799 IX:0000 IY:0000 Flags:00001010 [c3 86 22]
==> 2286:  DEC D               PC:2287 AF:2f2a BC:4892 DE:2d6f HL:09e7 SP:f799 IX:0000 IY:0000 Flags:00101010 [15 c8 0a]
==> 2287:  RET Z               PC:2288 AF:2f2a BC:4892 DE:2d6f HL:09e7 SP:f799 IX:0000 IY:0000 Flags:00101010 [c8 0a cd]
==> 2288:  LD A, (BC)          PC:2289 AF:4d2a BC:4892 DE:2d6f HL:09e7 SP:f799 IX:0000 IY:0000 Flags:00101010 [0a cd c5]
==> 2289:  CALL 10c5h          PC:10c5 AF:4d2a BC:4892 DE:2d6f HL:09e7 SP:f797 IX:0000 IY:0000 Flags:00101010 [cd c5 10]
==> 10c5:  PUSH AF             PC:10c6 AF:4d2a BC:4892 DE:2d6f HL:09e7 SP:f795 IX:0000 IY:0000 Flags:00101010 [f5 e5 2a]
==> 10c6:  PUSH HL             PC:10c7 AF:4d2a BC:4892 DE:2d6f HL:09e7 SP:f793 IX:0000 IY:0000 Flags:00101010 [e5 2a 35]
==> 10c7:  LD HL, (0735h)      PC:10ca AF:4d2a BC:4892 DE:2d6f HL:0000 SP:f793 IX:0000 IY:0000 Flags:00101010 [2a 35 07]
==> 10ca:  LD A, H             PC:10cb AF:002a BC:4892 DE:2d6f HL:0000 SP:f793 IX:0000 IY:0000 Flags:00101010 [7c b5 c2]
==> 10cb:  OR A, L             PC:10cc AF:0044 BC:4892 DE:2d6f HL:0000 SP:f793 IX:0000 IY:0000 Flags:01000100 [b5 c2 14]
==> 10cc:  JP NZ, 2e14h        PC:10cf AF:0044 BC:4892 DE:2d6f HL:0000 SP:f793 IX:0000 IY:0000 Flags:01000100 [c2 14 2e]
==> 10cf:  POP HL              PC:10d0 AF:0044 BC:4892 DE:2d6f HL:09e7 SP:f795 IX:0000 IY:0000 Flags:01000100 [e1 3a 26]
==> 10d0:  LD A, (0726h)       PC:10d3 AF:0044 BC:4892 DE:2d6f HL:09e7 SP:f795 IX:0000 IY:0000 Flags:01000100 [3a 26 07]
==> 10d3:  OR A, A             PC:10d4 AF:0044 BC:4892 DE:2d6f HL:09e7 SP:f795 IX:0000 IY:0000 Flags:01000100 [b7 ca 29]
==> 10d4:  JP Z, 1129h         PC:1129 AF:0044 BC:4892 DE:2d6f HL:09e7 SP:f795 IX:0000 IY:0000 Flags:01000100 [ca 29 11]
==> 1129:  LD A, (072ah)       PC:112c AF:0044 BC:4892 DE:2d6f HL:09e7 SP:f795 IX:0000 IY:0000 Flags:01000100 [3a 2a 07]
==> 112c:  OR A, A             PC:112d AF:0044 BC:4892 DE:2d6f HL:09e7 SP:f795 IX:0000 IY:0000 Flags:01000100 [b7 c2 b1]
==> 112d:  JP NZ, 22b1h        PC:1130 AF:0044 BC:4892 DE:2d6f HL:09e7 SP:f795 IX:0000 IY:0000 Flags:01000100 [c2 b1 22]
==> 1130:  POP AF              PC:1131 AF:4d2a BC:4892 DE:2d6f HL:09e7 SP:f797 IX:0000 IY:0000 Flags:00101010 [f1 c5 f5]
==> 1131:  PUSH BC             PC:1132 AF:4d2a BC:4892 DE:2d6f HL:09e7 SP:f795 IX:0000 IY:0000 Flags:00101010 [c5 f5 fe]
==> 1132:  PUSH AF             PC:1133 AF:4d2a BC:4892 DE:2d6f HL:09e7 SP:f793 IX:0000 IY:0000 Flags:00101010 [f5 fe 09]
==> 1133:  CP A, 09h           PC:1135 AF:4d0a BC:4892 DE:2d6f HL:09e7 SP:f793 IX:0000 IY:0000 Flags:00001010 [fe 09 c2]
==> 1135:  JP NZ, 1148h        PC:1148 AF:4d0a BC:4892 DE:2d6f HL:09e7 SP:f793 IX:0000 IY:0000 Flags:00001010 [c2 48 11]
==> 1148:  CP A, 20h           PC:114a AF:4d22 BC:4892 DE:2d6f HL:09e7 SP:f793 IX:0000 IY:0000 Flags:00100010 [fe 20 da]
==> 114a:  JP C, 115ch         PC:114d AF:4d22 BC:4892 DE:2d6f HL:09e7 SP:f793 IX:0000 IY:0000 Flags:00100010 [da 5c 11]
==> 114d:  LD A, (0727h)       PC:1150 AF:4822 BC:4892 DE:2d6f HL:09e7 SP:f793 IX:0000 IY:0000 Flags:00100010 [3a 27 07]
==> 1150:  LD B, A             PC:1151 AF:4822 BC:4892 DE:2d6f HL:09e7 SP:f793 IX:0000 IY:0000 Flags:00100010 [47 3a cf]
==> 1151:  LD A, (09cfh)       PC:1154 AF:0422 BC:4892 DE:2d6f HL:09e7 SP:f793 IX:0000 IY:0000 Flags:00100010 [3a cf 09]
==> 1154:  CP A, B             PC:1155 AF:049b BC:4892 DE:2d6f HL:09e7 SP:f793 IX:0000 IY:0000 Flags:10011011 [b8 cc e8]
==> 1155:  CALL Z, 17e8h       PC:1158 AF:049b BC:4892 DE:2d6f HL:09e7 SP:f793 IX:0000 IY:0000 Flags:10011011 [cc e8 17]
==> 1158:  INC A               PC:1159 AF:0501 BC:4892 DE:2d6f HL:09e7 SP:f793 IX:0000 IY:0000 Flags:00000001 [3c 32 cf]
==> 1159:  LD (09cfh), A       PC:115c AF:0501 BC:4892 DE:2d6f HL:09e7 SP:f793 IX:0000 IY:0000 Flags:00000001 [32 cf 09]
==> 115c:  POP AF              PC:115d AF:4d2a BC:4892 DE:2d6f HL:09e7 SP:f795 IX:0000 IY:0000 Flags:00101010 [f1 c1 f5]
==> 115d:  POP BC              PC:115e AF:4d2a BC:4892 DE:2d6f HL:09e7 SP:f797 IX:0000 IY:0000 Flags:00101010 [c1 f5 f1]
==> 115e:  PUSH AF             PC:115f AF:4d2a BC:4892 DE:2d6f HL:09e7 SP:f795 IX:0000 IY:0000 Flags:00101010 [f5 f1 f5]
==> 115f:  POP AF              PC:1160 AF:4d2a BC:4892 DE:2d6f HL:09e7 SP:f797 IX:0000 IY:0000 Flags:00101010 [f1 f5 c5]
==> 1160:  PUSH AF             PC:1161 AF:4d2a BC:4892 DE:2d6f HL:09e7 SP:f795 IX:0000 IY:0000 Flags:00101010 [f5 c5 d5]
==> 1161:  PUSH BC             PC:1162 AF:4d2a BC:4892 DE:2d6f HL:09e7 SP:f793 IX:0000 IY:0000 Flags:00101010 [c5 d5 0e]
==> 1162:  PUSH DE             PC:1163 AF:4d2a BC:4892 DE:2d6f HL:09e7 SP:f791 IX:0000 IY:0000 Flags:00101010 [d5 0e 02]
==> 1163:  LD C, 02h           PC:1165 AF:4d2a BC:4802 DE:2d6f HL:09e7 SP:f791 IX:0000 IY:0000 Flags:00101010 [0e 02 4f]
==> 1165:  LD C, A             PC:1166 AF:4d2a BC:484d DE:2d6f HL:09e7 SP:f791 IX:0000 IY:0000 Flags:00101010 [4f e5 cd]
==> 1166:  PUSH HL             PC:1167 AF:4d2a BC:484d DE:2d6f HL:09e7 SP:f78f IX:0000 IY:0000 Flags:00101010 [e5 cd 84]
==> 1167:  CALL ff84h          PC:ff84 AF:4d2a BC:484d DE:2d6f HL:09e7 SP:f78d IX:0000 IY:0000 Flags:00101010 [cd 84 ff]
M==> ff84:  RET                 PC:116a AF:4d2a BC:484d DE:2d6f HL:09e7 SP:f78f IX:0000 IY:0000 Flags:00101010 [c9 c9 c9]
==> 116a:  POP HL              PC:116b AF:4d2a BC:484d DE:2d6f HL:09e7 SP:f791 IX:0000 IY:0000 Flags:00101010 [e1 d1 c1]
==> 116b:  POP DE              PC:116c AF:4d2a BC:484d DE:2d6f HL:09e7 SP:f793 IX:0000 IY:0000 Flags:00101010 [d1 c1 f1]
==> 116c:  POP BC              PC:116d AF:4d2a BC:4892 DE:2d6f HL:09e7 SP:f795 IX:0000 IY:0000 Flags:00101010 [c1 f1 c9]
==> 116d:  POP AF              PC:116e AF:4d2a BC:4892 DE:2d6f HL:09e7 SP:f797 IX:0000 IY:0000 Flags:00101010 [f1 c9 e5]
==> 116e:  RET                 PC:228c AF:4d2a BC:4892 DE:2d6f HL:09e7 SP:f799 IX:0000 IY:0000 Flags:00101010 [c9 e5 2a]
==> 228c:  CP A, 0dh           PC:228e AF:4d0a BC:4892 DE:2d6f HL:09e7 SP:f799 IX:0000 IY:0000 Flags:00001010 [fe 0d cc]
==> 228e:  CALL Z, 17f2h       PC:2291 AF:4d0a BC:4892 DE:2d6f HL:09e7 SP:f799 IX:0000 IY:0000 Flags:00001010 [cc f2 17]
==> 2291:  INC BC              PC:2292 AF:4d0a BC:4893 DE:2d6f HL:09e7 SP:f799 IX:0000 IY:0000 Flags:00001010 [03 c3 86]
==> 2292:  JP 2286h            PC:2286 AF:4d0a BC:4893 DE:2d6f HL:09e7 SP:f799 IX:0000 IY:0000 Flags:00001010 [c3 86 22]
==> 2286:  DEC D               PC:2287 AF:4d2a BC:4893 DE:2c6f HL:09e7 SP:f799 IX:0000 IY:0000 Flags:00101010 [15 c8 0a]
==> 2287:  RET Z               PC:2288 AF:4d2a BC:4893 DE:2c6f HL:09e7 SP:f799 IX:0000 IY:0000 Flags:00101010 [c8 0a cd]
==> 2288:  LD A, (BC)          PC:2289 AF:202a BC:4893 DE:2c6f HL:09e7 SP:f799 IX:0000 IY:0000 Flags:00101010 [0a cd c5]
==> 2289:  CALL 10c5h          PC:10c5 AF:202a BC:4893 DE:2c6f HL:09e7 SP:f797 IX:0000 IY:0000 Flags:00101010 [cd c5 10]
==> 10c5:  PUSH AF             PC:10c6 AF:202a BC:4893 DE:2c6f HL:09e7 SP:f795 IX:0000 IY:0000 Flags:00101010 [f5 e5 2a]
==> 10c6:  PUSH HL             PC:10c7 AF:202a BC:4893 DE:2c6f HL:09e7 SP:f793 IX:0000 IY:0000 Flags:00101010 [e5 2a 35]
==> 10c7:  LD HL, (0735h)      PC:10ca AF:202a BC:4893 DE:2c6f HL:0000 SP:f793 IX:0000 IY:0000 Flags:00101010 [2a 35 07]
==> 10ca:  LD A, H             PC:10cb AF:002a BC:4893 DE:2c6f HL:0000 SP:f793 IX:0000 IY:0000 Flags:00101010 [7c b5 c2]
==> 10cb:  OR A, L             PC:10cc AF:0044 BC:4893 DE:2c6f HL:0000 SP:f793 IX:0000 IY:0000 Flags:01000100 [b5 c2 14]
==> 10cc:  JP NZ, 2e14h        PC:10cf AF:0044 BC:4893 DE:2c6f HL:0000 SP:f793 IX:0000 IY:0000 Flags:01000100 [c2 14 2e]
==> 10cf:  POP HL              PC:10d0 AF:0044 BC:4893 DE:2c6f HL:09e7 SP:f795 IX:0000 IY:0000 Flags:01000100 [e1 3a 26]
==> 10d0:  LD A, (0726h)       PC:10d3 AF:0044 BC:4893 DE:2c6f HL:09e7 SP:f795 IX:0000 IY:0000 Flags:01000100 [3a 26 07]
==> 10d3:  OR A, A             PC:10d4 AF:0044 BC:4893 DE:2c6f HL:09e7 SP:f795 IX:0000 IY:0000 Flags:01000100 [b7 ca 29]
==> 10d4:  JP Z, 1129h         PC:1129 AF:0044 BC:4893 DE:2c6f HL:09e7 SP:f795 IX:0000 IY:0000 Flags:01000100 [ca 29 11]
==> 1129:  LD A, (072ah)       PC:112c AF:0044 BC:4893 DE:2c6f HL:09e7 SP:f795 IX:0000 IY:0000 Flags:01000100 [3a 2a 07]
==> 112c:  OR A, A             PC:112d AF:0044 BC:4893 DE:2c6f HL:09e7 SP:f795 IX:0000 IY:0000 Flags:01000100 [b7 c2 b1]
==> 112d:  JP NZ, 22b1h        PC:1130 AF:0044 BC:4893 DE:2c6f HL:09e7 SP:f795 IX:0000 IY:0000 Flags:01000100 [c2 b1 22]
==> 1130:  POP AF              PC:1131 AF:202a BC:4893 DE:2c6f HL:09e7 SP:f797 IX:0000 IY:0000 Flags:00101010 [f1 c5 f5]
==> 1131:  PUSH BC             PC:1132 AF:202a BC:4893 DE:2c6f HL:09e7 SP:f795 IX:0000 IY:0000 Flags:00101010 [c5 f5 fe]
==> 1132:  PUSH AF             PC:1133 AF:202a BC:4893 DE:2c6f HL:09e7 SP:f793 IX:0000 IY:0000 Flags:00101010 [f5 fe 09]
==> 1133:  CP A, 09h           PC:1135 AF:201a BC:4893 DE:2c6f HL:09e7 SP:f793 IX:0000 IY:0000 Flags:00011010 [fe 09 c2]
==> 1135:  JP NZ, 1148h        PC:1148 AF:201a BC:4893 DE:2c6f HL:09e7 SP:f793 IX:0000 IY:0000 Flags:00011010 [c2 48 11]
==> 1148:  CP A, 20h           PC:114a AF:2062 BC:4893 DE:2c6f HL:09e7 SP:f793 IX:0000 IY:0000 Flags:01100010 [fe 20 da]
==> 114a:  JP C, 115ch         PC:114d AF:2062 BC:4893 DE:2c6f HL:09e7 SP:f793 IX:0000 IY:0000 Flags:01100010 [da 5c 11]
==> 114d:  LD A, (0727h)       PC:1150 AF:4862 BC:4893 DE:2c6f HL:09e7 SP:f793 IX:0000 IY:0000 Flags:01100010 [3a 27 07]
==> 1150:  LD B, A             PC:1151 AF:4862 BC:4893 DE:2c6f HL:09e7 SP:f793 IX:0000 IY:0000 Flags:01100010 [47 3a cf]
==> 1151:  LD A, (09cfh)       PC:1154 AF:0562 BC:4893 DE:2c6f HL:09e7 SP:f793 IX:0000 IY:0000 Flags:01100010 [3a cf 09]
==> 1154:  CP A, B             PC:1155 AF:059b BC:4893 DE:2c6f HL:09e7 SP:f793 IX:0000 IY:0000 Flags:10011011 [b8 cc e8]
==> 1155:  CALL Z, 17e8h       PC:1158 AF:059b BC:4893 DE:2c6f HL:09e7 SP:f793 IX:0000 IY:0000 Flags:10011011 [cc e8 17]
==> 1158:  INC A               PC:1159 AF:0601 BC:4893 DE:2c6f HL:09e7 SP:f793 IX:0000 IY:0000 Flags:00000001 [3c 32 cf]
==> 1159:  LD (09cfh), A       PC:115c AF:0601 BC:4893 DE:2c6f HL:09e7 SP:f793 IX:0000 IY:0000 Flags:00000001 [32 cf 09]
==> 115c:  POP AF              PC:115d AF:202a BC:4893 DE:2c6f HL:09e7 SP:f795 IX:0000 IY:0000 Flags:00101010 [f1 c1 f5]
==> 115d:  POP BC              PC:115e AF:202a BC:4893 DE:2c6f HL:09e7 SP:f797 IX:0000 IY:0000 Flags:00101010 [c1 f5 f1]
==> 115e:  PUSH AF             PC:115f AF:202a BC:4893 DE:2c6f HL:09e7 SP:f795 IX:0000 IY:0000 Flags:00101010 [f5 f1 f5]
==> 115f:  POP AF              PC:1160 AF:202a BC:4893 DE:2c6f HL:09e7 SP:f797 IX:0000 IY:0000 Flags:00101010 [f1 f5 c5]
==> 1160:  PUSH AF             PC:1161 AF:202a BC:4893 DE:2c6f HL:09e7 SP:f795 IX:0000 IY:0000 Flags:00101010 [f5 c5 d5]
==> 1161:  PUSH BC             PC:1162 AF:202a BC:4893 DE:2c6f HL:09e7 SP:f793 IX:0000 IY:0000 Flags:00101010 [c5 d5 0e]
==> 1162:  PUSH DE             PC:1163 AF:202a BC:4893 DE:2c6f HL:09e7 SP:f791 IX:0000 IY:0000 Flags:00101010 [d5 0e 02]
==> 1163:  LD C, 02h           PC:1165 AF:202a BC:4802 DE:2c6f HL:09e7 SP:f791 IX:0000 IY:0000 Flags:00101010 [0e 02 4f]
==> 1165:  LD C, A             PC:1166 AF:202a BC:4820 DE:2c6f HL:09e7 SP:f791 IX:0000 IY:0000 Flags:00101010 [4f e5 cd]
==> 1166:  PUSH HL             PC:1167 AF:202a BC:4820 DE:2c6f HL:09e7 SP:f78f IX:0000 IY:0000 Flags:00101010 [e5 cd 84]
==> 1167:  CALL ff84h          PC:ff84 AF:202a BC:4820 DE:2c6f HL:09e7 SP:f78d IX:0000 IY:0000 Flags:00101010 [cd 84 ff]
 ==> ff84:  RET                 PC:116a AF:202a BC:4820 DE:2c6f HL:09e7 SP:f78f IX:0000 IY:0000 Flags:00101010 [c9 c9 c9]
==> 116a:  POP HL              PC:116b AF:202a BC:4820 DE:2c6f HL:09e7 SP:f791 IX:0000 IY:0000 Flags:00101010 [e1 d1 c1]
==> 116b:  POP DE              PC:116c AF:202a BC:4820 DE:2c6f HL:09e7 SP:f793 IX:0000 IY:0000 Flags:00101010 [d1 c1 f1]
==> 116c:  POP BC              PC:116d AF:202a BC:4893 DE:2c6f HL:09e7 SP:f795 IX:0000 IY:0000 Flags:00101010 [c1 f1 c9]
==> 116d:  POP AF              PC:116e AF:202a BC:4893 DE:2c6f HL:09e7 SP:f797 IX:0000 IY:0000 Flags:00101010 [f1 c9 e5]
==> 116e:  RET                 PC:228c AF:202a BC:4893 DE:2c6f HL:09e7 SP:f799 IX:0000 IY:0000 Flags:00101010 [c9 e5 2a]
==> 228c:  CP A, 0dh           PC:228e AF:201a BC:4893 DE:2c6f HL:09e7 SP:f799 IX:0000 IY:0000 Flags:00011010 [fe 0d cc]
==> 228e:  CALL Z, 17f2h       PC:2291 AF:201a BC:4893 DE:2c6f HL:09e7 SP:f799 IX:0000 IY:0000 Flags:00011010 [cc f2 17]
==> 2291:  INC BC              PC:2292 AF:201a BC:4894 DE:2c6f HL:09e7 SP:f799 IX:0000 IY:0000 Flags:00011010 [03 c3 86]
==> 2292:  JP 2286h            PC:2286 AF:201a BC:4894 DE:2c6f HL:09e7 SP:f799 IX:0000 IY:0000 Flags:00011010 [c3 86 22]
==> 2286:  DEC D               PC:2287 AF:202a BC:4894 DE:2b6f HL:09e7 SP:f799 IX:0000 IY:0000 Flags:00101010 [15 c8 0a]
==> 2287:  RET Z               PC:2288 AF:202a BC:4894 DE:2b6f HL:09e7 SP:f799 IX:0000 IY:0000 Flags:00101010 [c8 0a cd]
==> 2288:  LD A, (BC)          PC:2289 AF:562a BC:4894 DE:2b6f HL:09e7 SP:f799 IX:0000 IY:0000 Flags:00101010 [0a cd c5]
==> 2289:  CALL 10c5h          PC:10c5 AF:562a BC:4894 DE:2b6f HL:09e7 SP:f797 IX:0000 IY:0000 Flags:00101010 [cd c5 10]
==> 10c5:  PUSH AF             PC:10c6 AF:562a BC:4894 DE:2b6f HL:09e7 SP:f795 IX:0000 IY:0000 Flags:00101010 [f5 e5 2a]
==> 10c6:  PUSH HL             PC:10c7 AF:562a BC:4894 DE:2b6f HL:09e7 SP:f793 IX:0000 IY:0000 Flags:00101010 [e5 2a 35]
==> 10c7:  LD HL, (0735h)      PC:10ca AF:562a BC:4894 DE:2b6f HL:0000 SP:f793 IX:0000 IY:0000 Flags:00101010 [2a 35 07]
==> 10ca:  LD A, H             PC:10cb AF:002a BC:4894 DE:2b6f HL:0000 SP:f793 IX:0000 IY:0000 Flags:00101010 [7c b5 c2]
==> 10cb:  OR A, L             PC:10cc AF:0044 BC:4894 DE:2b6f HL:0000 SP:f793 IX:0000 IY:0000 Flags:01000100 [b5 c2 14]
==> 10cc:  JP NZ, 2e14h        PC:10cf AF:0044 BC:4894 DE:2b6f HL:0000 SP:f793 IX:0000 IY:0000 Flags:01000100 [c2 14 2e]
==> 10cf:  POP HL              PC:10d0 AF:0044 BC:4894 DE:2b6f HL:09e7 SP:f795 IX:0000 IY:0000 Flags:01000100 [e1 3a 26]
==> 10d0:  LD A, (0726h)       PC:10d3 AF:0044 BC:4894 DE:2b6f HL:09e7 SP:f795 IX:0000 IY:0000 Flags:01000100 [3a 26 07]
==> 10d3:  OR A, A             PC:10d4 AF:0044 BC:4894 DE:2b6f HL:09e7 SP:f795 IX:0000 IY:0000 Flags:01000100 [b7 ca 29]
==> 10d4:  JP Z, 1129h         PC:1129 AF:0044 BC:4894 DE:2b6f HL:09e7 SP:f795 IX:0000 IY:0000 Flags:01000100 [ca 29 11]
==> 1129:  LD A, (072ah)       PC:112c AF:0044 BC:4894 DE:2b6f HL:09e7 SP:f795 IX:0000 IY:0000 Flags:01000100 [3a 2a 07]
==> 112c:  OR A, A             PC:112d AF:0044 BC:4894 DE:2b6f HL:09e7 SP:f795 IX:0000 IY:0000 Flags:01000100 [b7 c2 b1]
==> 112d:  JP NZ, 22b1h        PC:1130 AF:0044 BC:4894 DE:2b6f HL:09e7 SP:f795 IX:0000 IY:0000 Flags:01000100 [c2 b1 22]
==> 1130:  POP AF              PC:1131 AF:562a BC:4894 DE:2b6f HL:09e7 SP:f797 IX:0000 IY:0000 Flags:00101010 [f1 c5 f5]
==> 1131:  PUSH BC             PC:1132 AF:562a BC:4894 DE:2b6f HL:09e7 SP:f795 IX:0000 IY:0000 Flags:00101010 [c5 f5 fe]
==> 1132:  PUSH AF             PC:1133 AF:562a BC:4894 DE:2b6f HL:09e7 SP:f793 IX:0000 IY:0000 Flags:00101010 [f5 fe 09]
==> 1133:  CP A, 09h           PC:1135 AF:561a BC:4894 DE:2b6f HL:09e7 SP:f793 IX:0000 IY:0000 Flags:00011010 [fe 09 c2]
==> 1135:  JP NZ, 1148h        PC:1148 AF:561a BC:4894 DE:2b6f HL:09e7 SP:f793 IX:0000 IY:0000 Flags:00011010 [c2 48 11]
==> 1148:  CP A, 20h           PC:114a AF:5622 BC:4894 DE:2b6f HL:09e7 SP:f793 IX:0000 IY:0000 Flags:00100010 [fe 20 da]
==> 114a:  JP C, 115ch         PC:114d AF:5622 BC:4894 DE:2b6f HL:09e7 SP:f793 IX:0000 IY:0000 Flags:00100010 [da 5c 11]
==> 114d:  LD A, (0727h)       PC:1150 AF:4822 BC:4894 DE:2b6f HL:09e7 SP:f793 IX:0000 IY:0000 Flags:00100010 [3a 27 07]
==> 1150:  LD B, A             PC:1151 AF:4822 BC:4894 DE:2b6f HL:09e7 SP:f793 IX:0000 IY:0000 Flags:00100010 [47 3a cf]
==> 1151:  LD A, (09cfh)       PC:1154 AF:0622 BC:4894 DE:2b6f HL:09e7 SP:f793 IX:0000 IY:0000 Flags:00100010 [3a cf 09]
==> 1154:  CP A, B             PC:1155 AF:069b BC:4894 DE:2b6f HL:09e7 SP:f793 IX:0000 IY:0000 Flags:10011011 [b8 cc e8]
==> 1155:  CALL Z, 17e8h       PC:1158 AF:069b BC:4894 DE:2b6f HL:09e7 SP:f793 IX:0000 IY:0000 Flags:10011011 [cc e8 17]
==> 1158:  INC A               PC:1159 AF:0701 BC:4894 DE:2b6f HL:09e7 SP:f793 IX:0000 IY:0000 Flags:00000001 [3c 32 cf]
==> 1159:  LD (09cfh), A       PC:115c AF:0701 BC:4894 DE:2b6f HL:09e7 SP:f793 IX:0000 IY:0000 Flags:00000001 [32 cf 09]
==> 115c:  POP AF              PC:115d AF:562a BC:4894 DE:2b6f HL:09e7 SP:f795 IX:0000 IY:0000 Flags:00101010 [f1 c1 f5]
==> 115d:  POP BC              PC:115e AF:562a BC:4894 DE:2b6f HL:09e7 SP:f797 IX:0000 IY:0000 Flags:00101010 [c1 f5 f1]
==> 115e:  PUSH AF             PC:115f AF:562a BC:4894 DE:2b6f HL:09e7 SP:f795 IX:0000 IY:0000 Flags:00101010 [f5 f1 f5]
==> 115f:  POP AF              PC:1160 AF:562a BC:4894 DE:2b6f HL:09e7 SP:f797 IX:0000 IY:0000 Flags:00101010 [f1 f5 c5]
==> 1160:  PUSH AF             PC:1161 AF:562a BC:4894 DE:2b6f HL:09e7 SP:f795 IX:0000 IY:0000 Flags:00101010 [f5 c5 d5]
==> 1161:  PUSH BC             PC:1162 AF:562a BC:4894 DE:2b6f HL:09e7 SP:f793 IX:0000 IY:0000 Flags:00101010 [c5 d5 0e]
==> 1162:  PUSH DE             PC:1163 AF:562a BC:4894 DE:2b6f HL:09e7 SP:f791 IX:0000 IY:0000 Flags:00101010 [d5 0e 02]
==> 1163:  LD C, 02h           PC:1165 AF:562a BC:4802 DE:2b6f HL:09e7 SP:f791 IX:0000 IY:0000 Flags:00101010 [0e 02 4f]
==> 1165:  LD C, A             PC:1166 AF:562a BC:4856 DE:2b6f HL:09e7 SP:f791 IX:0000 IY:0000 Flags:00101010 [4f e5 cd]
==> 1166:  PUSH HL             PC:1167 AF:562a BC:4856 DE:2b6f HL:09e7 SP:f78f IX:0000 IY:0000 Flags:00101010 [e5 cd 84]
==> 1167:  CALL ff84h          PC:ff84 AF:562a BC:4856 DE:2b6f HL:09e7 SP:f78d IX:0000 IY:0000 Flags:00101010 [cd 84 ff]
V==> ff84:  RET                 PC:116a AF:562a BC:4856 DE:2b6f HL:09e7 SP:f78f IX:0000 IY:0000 Flags:00101010 [c9 c9 c9]
==> 116a:  POP HL              PC:116b AF:562a BC:4856 DE:2b6f HL:09e7 SP:f791 IX:0000 IY:0000 Flags:00101010 [e1 d1 c1]
==> 116b:  POP DE              PC:116c AF:562a BC:4856 DE:2b6f HL:09e7 SP:f793 IX:0000 IY:0000 Flags:00101010 [d1 c1 f1]
==> 116c:  POP BC              PC:116d AF:562a BC:4894 DE:2b6f HL:09e7 SP:f795 IX:0000 IY:0000 Flags:00101010 [c1 f1 c9]
==> 116d:  POP AF              PC:116e AF:562a BC:4894 DE:2b6f HL:09e7 SP:f797 IX:0000 IY:0000 Flags:00101010 [f1 c9 e5]
==> 116e:  RET                 PC:228c AF:562a BC:4894 DE:2b6f HL:09e7 SP:f799 IX:0000 IY:0000 Flags:00101010 [c9 e5 2a]
==> 228c:  CP A, 0dh           PC:228e AF:561a BC:4894 DE:2b6f HL:09e7 SP:f799 IX:0000 IY:0000 Flags:00011010 [fe 0d cc]
==> 228e:  CALL Z, 17f2h       PC:2291 AF:561a BC:4894 DE:2b6f HL:09e7 SP:f799 IX:0000 IY:0000 Flags:00011010 [cc f2 17]
==> 2291:  INC BC              PC:2292 AF:561a BC:4895 DE:2b6f HL:09e7 SP:f799 IX:0000 IY:0000 Flags:00011010 [03 c3 86]
==> 2292:  JP 2286h            PC:2286 AF:561a BC:4895 DE:2b6f HL:09e7 SP:f799 IX:0000 IY:0000 Flags:00011010 [c3 86 22]
==> 2286:  DEC D               PC:2287 AF:562a BC:4895 DE:2a6f HL:09e7 SP:f799 IX:0000 IY:0000 Flags:00101010 [15 c8 0a]
==> 2287:  RET Z               PC:2288 AF:562a BC:4895 DE:2a6f HL:09e7 SP:f799 IX:0000 IY:0000 Flags:00101010 [c8 0a cd]
==> 2288:  LD A, (BC)          PC:2289 AF:652a BC:4895 DE:2a6f HL:09e7 SP:f799 IX:0000 IY:0000 Flags:00101010 [0a cd c5]
==> 2289:  CALL 10c5h          PC:10c5 AF:652a BC:4895 DE:2a6f HL:09e7 SP:f797 IX:0000 IY:0000 Flags:00101010 [cd c5 10]
==> 10c5:  PUSH AF             PC:10c6 AF:652a BC:4895 DE:2a6f HL:09e7 SP:f795 IX:0000 IY:0000 Flags:00101010 [f5 e5 2a]
==> 10c6:  PUSH HL             PC:10c7 AF:652a BC:4895 DE:2a6f HL:09e7 SP:f793 IX:0000 IY:0000 Flags:00101010 [e5 2a 35]
==> 10c7:  LD HL, (0735h)      PC:10ca AF:652a BC:4895 DE:2a6f HL:0000 SP:f793 IX:0000 IY:0000 Flags:00101010 [2a 35 07]
==> 10ca:  LD A, H             PC:10cb AF:002a BC:4895 DE:2a6f HL:0000 SP:f793 IX:0000 IY:0000 Flags:00101010 [7c b5 c2]
==> 10cb:  OR A, L             PC:10cc AF:0044 BC:4895 DE:2a6f HL:0000 SP:f793 IX:0000 IY:0000 Flags:01000100 [b5 c2 14]
==> 10cc:  JP NZ, 2e14h        PC:10cf AF:0044 BC:4895 DE:2a6f HL:0000 SP:f793 IX:0000 IY:0000 Flags:01000100 [c2 14 2e]
==> 10cf:  POP HL              PC:10d0 AF:0044 BC:4895 DE:2a6f HL:09e7 SP:f795 IX:0000 IY:0000 Flags:01000100 [e1 3a 26]
==> 10d0:  LD A, (0726h)       PC:10d3 AF:0044 BC:4895 DE:2a6f HL:09e7 SP:f795 IX:0000 IY:0000 Flags:01000100 [3a 26 07]
==> 10d3:  OR A, A             PC:10d4 AF:0044 BC:4895 DE:2a6f HL:09e7 SP:f795 IX:0000 IY:0000 Flags:01000100 [b7 ca 29]
==> 10d4:  JP Z, 1129h         PC:1129 AF:0044 BC:4895 DE:2a6f HL:09e7 SP:f795 IX:0000 IY:0000 Flags:01000100 [ca 29 11]
==> 1129:  LD A, (072ah)       PC:112c AF:0044 BC:4895 DE:2a6f HL:09e7 SP:f795 IX:0000 IY:0000 Flags:01000100 [3a 2a 07]
==> 112c:  OR A, A             PC:112d AF:0044 BC:4895 DE:2a6f HL:09e7 SP:f795 IX:0000 IY:0000 Flags:01000100 [b7 c2 b1]
==> 112d:  JP NZ, 22b1h        PC:1130 AF:0044 BC:4895 DE:2a6f HL:09e7 SP:f795 IX:0000 IY:0000 Flags:01000100 [c2 b1 22]
==> 1130:  POP AF              PC:1131 AF:652a BC:4895 DE:2a6f HL:09e7 SP:f797 IX:0000 IY:0000 Flags:00101010 [f1 c5 f5]
==> 1131:  PUSH BC             PC:1132 AF:652a BC:4895 DE:2a6f HL:09e7 SP:f795 IX:0000 IY:0000 Flags:00101010 [c5 f5 fe]
==> 1132:  PUSH AF             PC:1133 AF:652a BC:4895 DE:2a6f HL:09e7 SP:f793 IX:0000 IY:0000 Flags:00101010 [f5 fe 09]
==> 1133:  CP A, 09h           PC:1135 AF:651a BC:4895 DE:2a6f HL:09e7 SP:f793 IX:0000 IY:0000 Flags:00011010 [fe 09 c2]
==> 1135:  JP NZ, 1148h        PC:1148 AF:651a BC:4895 DE:2a6f HL:09e7 SP:f793 IX:0000 IY:0000 Flags:00011010 [c2 48 11]
==> 1148:  CP A, 20h           PC:114a AF:6522 BC:4895 DE:2a6f HL:09e7 SP:f793 IX:0000 IY:0000 Flags:00100010 [fe 20 da]
==> 114a:  JP C, 115ch         PC:114d AF:6522 BC:4895 DE:2a6f HL:09e7 SP:f793 IX:0000 IY:0000 Flags:00100010 [da 5c 11]
==> 114d:  LD A, (0727h)       PC:1150 AF:4822 BC:4895 DE:2a6f HL:09e7 SP:f793 IX:0000 IY:0000 Flags:00100010 [3a 27 07]
==> 1150:  LD B, A             PC:1151 AF:4822 BC:4895 DE:2a6f HL:09e7 SP:f793 IX:0000 IY:0000 Flags:00100010 [47 3a cf]
==> 1151:  LD A, (09cfh)       PC:1154 AF:0722 BC:4895 DE:2a6f HL:09e7 SP:f793 IX:0000 IY:0000 Flags:00100010 [3a cf 09]
==> 1154:  CP A, B             PC:1155 AF:079b BC:4895 DE:2a6f HL:09e7 SP:f793 IX:0000 IY:0000 Flags:10011011 [b8 cc e8]
==> 1155:  CALL Z, 17e8h       PC:1158 AF:079b BC:4895 DE:2a6f HL:09e7 SP:f793 IX:0000 IY:0000 Flags:10011011 [cc e8 17]
==> 1158:  INC A               PC:1159 AF:0809 BC:4895 DE:2a6f HL:09e7 SP:f793 IX:0000 IY:0000 Flags:00001001 [3c 32 cf]
==> 1159:  LD (09cfh), A       PC:115c AF:0809 BC:4895 DE:2a6f HL:09e7 SP:f793 IX:0000 IY:0000 Flags:00001001 [32 cf 09]
==> 115c:  POP AF              PC:115d AF:652a BC:4895 DE:2a6f HL:09e7 SP:f795 IX:0000 IY:0000 Flags:00101010 [f1 c1 f5]
==> 115d:  POP BC              PC:115e AF:652a BC:4895 DE:2a6f HL:09e7 SP:f797 IX:0000 IY:0000 Flags:00101010 [c1 f5 f1]
==> 115e:  PUSH AF             PC:115f AF:652a BC:4895 DE:2a6f HL:09e7 SP:f795 IX:0000 IY:0000 Flags:00101010 [f5 f1 f5]
==> 115f:  POP AF              PC:1160 AF:652a BC:4895 DE:2a6f HL:09e7 SP:f797 IX:0000 IY:0000 Flags:00101010 [f1 f5 c5]
==> 1160:  PUSH AF             PC:1161 AF:652a BC:4895 DE:2a6f HL:09e7 SP:f795 IX:0000 IY:0000 Flags:00101010 [f5 c5 d5]
==> 1161:  PUSH BC             PC:1162 AF:652a BC:4895 DE:2a6f HL:09e7 SP:f793 IX:0000 IY:0000 Flags:00101010 [c5 d5 0e]
==> 1162:  PUSH DE             PC:1163 AF:652a BC:4895 DE:2a6f HL:09e7 SP:f791 IX:0000 IY:0000 Flags:00101010 [d5 0e 02]
==> 1163:  LD C, 02h           PC:1165 AF:652a BC:4802 DE:2a6f HL:09e7 SP:f791 IX:0000 IY:0000 Flags:00101010 [0e 02 4f]
==> 1165:  LD C, A             PC:1166 AF:652a BC:4865 DE:2a6f HL:09e7 SP:f791 IX:0000 IY:0000 Flags:00101010 [4f e5 cd]
==> 1166:  PUSH HL             PC:1167 AF:652a BC:4865 DE:2a6f HL:09e7 SP:f78f IX:0000 IY:0000 Flags:00101010 [e5 cd 84]
==> 1167:  CALL ff84h          PC:ff84 AF:652a BC:4865 DE:2a6f HL:09e7 SP:f78d IX:0000 IY:0000 Flags:00101010 [cd 84 ff]
e==> ff84:  RET                 PC:116a AF:652a BC:4865 DE:2a6f HL:09e7 SP:f78f IX:0000 IY:0000 Flags:00101010 [c9 c9 c9]
==> 116a:  POP HL              PC:116b AF:652a BC:4865 DE:2a6f HL:09e7 SP:f791 IX:0000 IY:0000 Flags:00101010 [e1 d1 c1]
==> 116b:  POP DE              PC:116c AF:652a BC:4865 DE:2a6f HL:09e7 SP:f793 IX:0000 IY:0000 Flags:00101010 [d1 c1 f1]
==> 116c:  POP BC              PC:116d AF:652a BC:4895 DE:2a6f HL:09e7 SP:f795 IX:0000 IY:0000 Flags:00101010 [c1 f1 c9]
==> 116d:  POP AF              PC:116e AF:652a BC:4895 DE:2a6f HL:09e7 SP:f797 IX:0000 IY:0000 Flags:00101010 [f1 c9 e5]
==> 116e:  RET                 PC:228c AF:652a BC:4895 DE:2a6f HL:09e7 SP:f799 IX:0000 IY:0000 Flags:00101010 [c9 e5 2a]
==> 228c:  CP A, 0dh           PC:228e AF:651a BC:4895 DE:2a6f HL:09e7 SP:f799 IX:0000 IY:0000 Flags:00011010 [fe 0d cc]
==> 228e:  CALL Z, 17f2h       PC:2291 AF:651a BC:4895 DE:2a6f HL:09e7 SP:f799 IX:0000 IY:0000 Flags:00011010 [cc f2 17]
==> 2291:  INC BC              PC:2292 AF:651a BC:4896 DE:2a6f HL:09e7 SP:f799 IX:0000 IY:0000 Flags:00011010 [03 c3 86]
==> 2292:  JP 2286h            PC:2286 AF:651a BC:4896 DE:2a6f HL:09e7 SP:f799 IX:0000 IY:0000 Flags:00011010 [c3 86 22]
==> 2286:  DEC D               PC:2287 AF:652a BC:4896 DE:296f HL:09e7 SP:f799 IX:0000 IY:0000 Flags:00101010 [15 c8 0a]
==> 2287:  RET Z               PC:2288 AF:652a BC:4896 DE:296f HL:09e7 SP:f799 IX:0000 IY:0000 Flags:00101010 [c8 0a cd]
==> 2288:  LD A, (BC)          PC:2289 AF:722a BC:4896 DE:296f HL:09e7 SP:f799 IX:0000 IY:0000 Flags:00101010 [0a cd c5]
==> 2289:  CALL 10c5h          PC:10c5 AF:722a BC:4896 DE:296f HL:09e7 SP:f797 IX:0000 IY:0000 Flags:00101010 [cd c5 10]
==> 10c5:  PUSH AF             PC:10c6 AF:722a BC:4896 DE:296f HL:09e7 SP:f795 IX:0000 IY:0000 Flags:00101010 [f5 e5 2a]
==> 10c6:  PUSH HL             PC:10c7 AF:722a BC:4896 DE:296f HL:09e7 SP:f793 IX:0000 IY:0000 Flags:00101010 [e5 2a 35]
==> 10c7:  LD HL, (0735h)      PC:10ca AF:722a BC:4896 DE:296f HL:0000 SP:f793 IX:0000 IY:0000 Flags:00101010 [2a 35 07]
==> 10ca:  LD A, H             PC:10cb AF:002a BC:4896 DE:296f HL:0000 SP:f793 IX:0000 IY:0000 Flags:00101010 [7c b5 c2]
==> 10cb:  OR A, L             PC:10cc AF:0044 BC:4896 DE:296f HL:0000 SP:f793 IX:0000 IY:0000 Flags:01000100 [b5 c2 14]
==> 10cc:  JP NZ, 2e14h        PC:10cf AF:0044 BC:4896 DE:296f HL:0000 SP:f793 IX:0000 IY:0000 Flags:01000100 [c2 14 2e]
==> 10cf:  POP HL              PC:10d0 AF:0044 BC:4896 DE:296f HL:09e7 SP:f795 IX:0000 IY:0000 Flags:01000100 [e1 3a 26]
==> 10d0:  LD A, (0726h)       PC:10d3 AF:0044 BC:4896 DE:296f HL:09e7 SP:f795 IX:0000 IY:0000 Flags:01000100 [3a 26 07]
==> 10d3:  OR A, A             PC:10d4 AF:0044 BC:4896 DE:296f HL:09e7 SP:f795 IX:0000 IY:0000 Flags:01000100 [b7 ca 29]
==> 10d4:  JP Z, 1129h         PC:1129 AF:0044 BC:4896 DE:296f HL:09e7 SP:f795 IX:0000 IY:0000 Flags:01000100 [ca 29 11]
==> 1129:  LD A, (072ah)       PC:112c AF:0044 BC:4896 DE:296f HL:09e7 SP:f795 IX:0000 IY:0000 Flags:01000100 [3a 2a 07]
==> 112c:  OR A, A             PC:112d AF:0044 BC:4896 DE:296f HL:09e7 SP:f795 IX:0000 IY:0000 Flags:01000100 [b7 c2 b1]
==> 112d:  JP NZ, 22b1h        PC:1130 AF:0044 BC:4896 DE:296f HL:09e7 SP:f795 IX:0000 IY:0000 Flags:01000100 [c2 b1 22]
==> 1130:  POP AF              PC:1131 AF:722a BC:4896 DE:296f HL:09e7 SP:f797 IX:0000 IY:0000 Flags:00101010 [f1 c5 f5]
==> 1131:  PUSH BC             PC:1132 AF:722a BC:4896 DE:296f HL:09e7 SP:f795 IX:0000 IY:0000 Flags:00101010 [c5 f5 fe]
==> 1132:  PUSH AF             PC:1133 AF:722a BC:4896 DE:296f HL:09e7 SP:f793 IX:0000 IY:0000 Flags:00101010 [f5 fe 09]
==> 1133:  CP A, 09h           PC:1135 AF:721a BC:4896 DE:296f HL:09e7 SP:f793 IX:0000 IY:0000 Flags:00011010 [fe 09 c2]
==> 1135:  JP NZ, 1148h        PC:1148 AF:721a BC:4896 DE:296f HL:09e7 SP:f793 IX:0000 IY:0000 Flags:00011010 [c2 48 11]
==> 1148:  CP A, 20h           PC:114a AF:7222 BC:4896 DE:296f HL:09e7 SP:f793 IX:0000 IY:0000 Flags:00100010 [fe 20 da]
==> 114a:  JP C, 115ch         PC:114d AF:7222 BC:4896 DE:296f HL:09e7 SP:f793 IX:0000 IY:0000 Flags:00100010 [da 5c 11]
==> 114d:  LD A, (0727h)       PC:1150 AF:4822 BC:4896 DE:296f HL:09e7 SP:f793 IX:0000 IY:0000 Flags:00100010 [3a 27 07]
==> 1150:  LD B, A             PC:1151 AF:4822 BC:4896 DE:296f HL:09e7 SP:f793 IX:0000 IY:0000 Flags:00100010 [47 3a cf]
==> 1151:  LD A, (09cfh)       PC:1154 AF:0822 BC:4896 DE:296f HL:09e7 SP:f793 IX:0000 IY:0000 Flags:00100010 [3a cf 09]
==> 1154:  CP A, B             PC:1155 AF:088b BC:4896 DE:296f HL:09e7 SP:f793 IX:0000 IY:0000 Flags:10001011 [b8 cc e8]
==> 1155:  CALL Z, 17e8h       PC:1158 AF:088b BC:4896 DE:296f HL:09e7 SP:f793 IX:0000 IY:0000 Flags:10001011 [cc e8 17]
==> 1158:  INC A               PC:1159 AF:0909 BC:4896 DE:296f HL:09e7 SP:f793 IX:0000 IY:0000 Flags:00001001 [3c 32 cf]
==> 1159:  LD (09cfh), A       PC:115c AF:0909 BC:4896 DE:296f HL:09e7 SP:f793 IX:0000 IY:0000 Flags:00001001 [32 cf 09]
==> 115c:  POP AF              PC:115d AF:722a BC:4896 DE:296f HL:09e7 SP:f795 IX:0000 IY:0000 Flags:00101010 [f1 c1 f5]
==> 115d:  POP BC              PC:115e AF:722a BC:4896 DE:296f HL:09e7 SP:f797 IX:0000 IY:0000 Flags:00101010 [c1 f5 f1]
==> 115e:  PUSH AF             PC:115f AF:722a BC:4896 DE:296f HL:09e7 SP:f795 IX:0000 IY:0000 Flags:00101010 [f5 f1 f5]
==> 115f:  POP AF              PC:1160 AF:722a BC:4896 DE:296f HL:09e7 SP:f797 IX:0000 IY:0000 Flags:00101010 [f1 f5 c5]
==> 1160:  PUSH AF             PC:1161 AF:722a BC:4896 DE:296f HL:09e7 SP:f795 IX:0000 IY:0000 Flags:00101010 [f5 c5 d5]
==> 1161:  PUSH BC             PC:1162 AF:722a BC:4896 DE:296f HL:09e7 SP:f793 IX:0000 IY:0000 Flags:00101010 [c5 d5 0e]
==> 1162:  PUSH DE             PC:1163 AF:722a BC:4896 DE:296f HL:09e7 SP:f791 IX:0000 IY:0000 Flags:00101010 [d5 0e 02]
==> 1163:  LD C, 02h           PC:1165 AF:722a BC:4802 DE:296f HL:09e7 SP:f791 IX:0000 IY:0000 Flags:00101010 [0e 02 4f]
==> 1165:  LD C, A             PC:1166 AF:722a BC:4872 DE:296f HL:09e7 SP:f791 IX:0000 IY:0000 Flags:00101010 [4f e5 cd]
==> 1166:  PUSH HL             PC:1167 AF:722a BC:4872 DE:296f HL:09e7 SP:f78f IX:0000 IY:0000 Flags:00101010 [e5 cd 84]
==> 1167:  CALL ff84h          PC:ff84 AF:722a BC:4872 DE:296f HL:09e7 SP:f78d IX:0000 IY:0000 Flags:00101010 [cd 84 ff]
r==> ff84:  RET                 PC:116a AF:722a BC:4872 DE:296f HL:09e7 SP:f78f IX:0000 IY:0000 Flags:00101010 [c9 c9 c9]
==> 116a:  POP HL              PC:116b AF:722a BC:4872 DE:296f HL:09e7 SP:f791 IX:0000 IY:0000 Flags:00101010 [e1 d1 c1]
==> 116b:  POP DE              PC:116c AF:722a BC:4872 DE:296f HL:09e7 SP:f793 IX:0000 IY:0000 Flags:00101010 [d1 c1 f1]
==> 116c:  POP BC              PC:116d AF:722a BC:4896 DE:296f HL:09e7 SP:f795 IX:0000 IY:0000 Flags:00101010 [c1 f1 c9]
==> 116d:  POP AF              PC:116e AF:722a BC:4896 DE:296f HL:09e7 SP:f797 IX:0000 IY:0000 Flags:00101010 [f1 c9 e5]
==> 116e:  RET                 PC:228c AF:722a BC:4896 DE:296f HL:09e7 SP:f799 IX:0000 IY:0000 Flags:00101010 [c9 e5 2a]
==> 228c:  CP A, 0dh           PC:228e AF:721a BC:4896 DE:296f HL:09e7 SP:f799 IX:0000 IY:0000 Flags:00011010 [fe 0d cc]
==> 228e:  CALL Z, 17f2h       PC:2291 AF:721a BC:4896 DE:296f HL:09e7 SP:f799 IX:0000 IY:0000 Flags:00011010 [cc f2 17]
==> 2291:  INC BC              PC:2292 AF:721a BC:4897 DE:296f HL:09e7 SP:f799 IX:0000 IY:0000 Flags:00011010 [03 c3 86]
==> 2292:  JP 2286h            PC:2286 AF:721a BC:4897 DE:296f HL:09e7 SP:f799 IX:0000 IY:0000 Flags:00011010 [c3 86 22]
==> 2286:  DEC D               PC:2287 AF:722a BC:4897 DE:286f HL:09e7 SP:f799 IX:0000 IY:0000 Flags:00101010 [15 c8 0a]
==> 2287:  RET Z               PC:2288 AF:722a BC:4897 DE:286f HL:09e7 SP:f799 IX:0000 IY:0000 Flags:00101010 [c8 0a cd]
==> 2288:  LD A, (BC)          PC:2289 AF:732a BC:4897 DE:286f HL:09e7 SP:f799 IX:0000 IY:0000 Flags:00101010 [0a cd c5]
==> 2289:  CALL 10c5h          PC:10c5 AF:732a BC:4897 DE:286f HL:09e7 SP:f797 IX:0000 IY:0000 Flags:00101010 [cd c5 10]
==> 10c5:  PUSH AF             PC:10c6 AF:732a BC:4897 DE:286f HL:09e7 SP:f795 IX:0000 IY:0000 Flags:00101010 [f5 e5 2a]
==> 10c6:  PUSH HL             PC:10c7 AF:732a BC:4897 DE:286f HL:09e7 SP:f793 IX:0000 IY:0000 Flags:00101010 [e5 2a 35]
==> 10c7:  LD HL, (0735h)      PC:10ca AF:732a BC:4897 DE:286f HL:0000 SP:f793 IX:0000 IY:0000 Flags:00101010 [2a 35 07]
==> 10ca:  LD A, H             PC:10cb AF:002a BC:4897 DE:286f HL:0000 SP:f793 IX:0000 IY:0000 Flags:00101010 [7c b5 c2]
==> 10cb:  OR A, L             PC:10cc AF:0044 BC:4897 DE:286f HL:0000 SP:f793 IX:0000 IY:0000 Flags:01000100 [b5 c2 14]
==> 10cc:  JP NZ, 2e14h        PC:10cf AF:0044 BC:4897 DE:286f HL:0000 SP:f793 IX:0000 IY:0000 Flags:01000100 [c2 14 2e]
==> 10cf:  POP HL              PC:10d0 AF:0044 BC:4897 DE:286f HL:09e7 SP:f795 IX:0000 IY:0000 Flags:01000100 [e1 3a 26]
==> 10d0:  LD A, (0726h)       PC:10d3 AF:0044 BC:4897 DE:286f HL:09e7 SP:f795 IX:0000 IY:0000 Flags:01000100 [3a 26 07]
==> 10d3:  OR A, A             PC:10d4 AF:0044 BC:4897 DE:286f HL:09e7 SP:f795 IX:0000 IY:0000 Flags:01000100 [b7 ca 29]
==> 10d4:  JP Z, 1129h         PC:1129 AF:0044 BC:4897 DE:286f HL:09e7 SP:f795 IX:0000 IY:0000 Flags:01000100 [ca 29 11]
==> 1129:  LD A, (072ah)       PC:112c AF:0044 BC:4897 DE:286f HL:09e7 SP:f795 IX:0000 IY:0000 Flags:01000100 [3a 2a 07]
==> 112c:  OR A, A             PC:112d AF:0044 BC:4897 DE:286f HL:09e7 SP:f795 IX:0000 IY:0000 Flags:01000100 [b7 c2 b1]
==> 112d:  JP NZ, 22b1h        PC:1130 AF:0044 BC:4897 DE:286f HL:09e7 SP:f795 IX:0000 IY:0000 Flags:01000100 [c2 b1 22]
==> 1130:  POP AF              PC:1131 AF:732a BC:4897 DE:286f HL:09e7 SP:f797 IX:0000 IY:0000 Flags:00101010 [f1 c5 f5]
==> 1131:  PUSH BC             PC:1132 AF:732a BC:4897 DE:286f HL:09e7 SP:f795 IX:0000 IY:0000 Flags:00101010 [c5 f5 fe]
==> 1132:  PUSH AF             PC:1133 AF:732a BC:4897 DE:286f HL:09e7 SP:f793 IX:0000 IY:0000 Flags:00101010 [f5 fe 09]
==> 1133:  CP A, 09h           PC:1135 AF:731a BC:4897 DE:286f HL:09e7 SP:f793 IX:0000 IY:0000 Flags:00011010 [fe 09 c2]
==> 1135:  JP NZ, 1148h        PC:1148 AF:731a BC:4897 DE:286f HL:09e7 SP:f793 IX:0000 IY:0000 Flags:00011010 [c2 48 11]
==> 1148:  CP A, 20h           PC:114a AF:7322 BC:4897 DE:286f HL:09e7 SP:f793 IX:0000 IY:0000 Flags:00100010 [fe 20 da]
==> 114a:  JP C, 115ch         PC:114d AF:7322 BC:4897 DE:286f HL:09e7 SP:f793 IX:0000 IY:0000 Flags:00100010 [da 5c 11]
==> 114d:  LD A, (0727h)       PC:1150 AF:4822 BC:4897 DE:286f HL:09e7 SP:f793 IX:0000 IY:0000 Flags:00100010 [3a 27 07]
==> 1150:  LD B, A             PC:1151 AF:4822 BC:4897 DE:286f HL:09e7 SP:f793 IX:0000 IY:0000 Flags:00100010 [47 3a cf]
==> 1151:  LD A, (09cfh)       PC:1154 AF:0922 BC:4897 DE:286f HL:09e7 SP:f793 IX:0000 IY:0000 Flags:00100010 [3a cf 09]
==> 1154:  CP A, B             PC:1155 AF:098b BC:4897 DE:286f HL:09e7 SP:f793 IX:0000 IY:0000 Flags:10001011 [b8 cc e8]
==> 1155:  CALL Z, 17e8h       PC:1158 AF:098b BC:4897 DE:286f HL:09e7 SP:f793 IX:0000 IY:0000 Flags:10001011 [cc e8 17]
==> 1158:  INC A               PC:1159 AF:0a09 BC:4897 DE:286f HL:09e7 SP:f793 IX:0000 IY:0000 Flags:00001001 [3c 32 cf]
==> 1159:  LD (09cfh), A       PC:115c AF:0a09 BC:4897 DE:286f HL:09e7 SP:f793 IX:0000 IY:0000 Flags:00001001 [32 cf 09]
==> 115c:  POP AF              PC:115d AF:732a BC:4897 DE:286f HL:09e7 SP:f795 IX:0000 IY:0000 Flags:00101010 [f1 c1 f5]
==> 115d:  POP BC              PC:115e AF:732a BC:4897 DE:286f HL:09e7 SP:f797 IX:0000 IY:0000 Flags:00101010 [c1 f5 f1]
==> 115e:  PUSH AF             PC:115f AF:732a BC:4897 DE:286f HL:09e7 SP:f795 IX:0000 IY:0000 Flags:00101010 [f5 f1 f5]
==> 115f:  POP AF              PC:1160 AF:732a BC:4897 DE:286f HL:09e7 SP:f797 IX:0000 IY:0000 Flags:00101010 [f1 f5 c5]
==> 1160:  PUSH AF             PC:1161 AF:732a BC:4897 DE:286f HL:09e7 SP:f795 IX:0000 IY:0000 Flags:00101010 [f5 c5 d5]
==> 1161:  PUSH BC             PC:1162 AF:732a BC:4897 DE:286f HL:09e7 SP:f793 IX:0000 IY:0000 Flags:00101010 [c5 d5 0e]
==> 1162:  PUSH DE             PC:1163 AF:732a BC:4897 DE:286f HL:09e7 SP:f791 IX:0000 IY:0000 Flags:00101010 [d5 0e 02]
==> 1163:  LD C, 02h           PC:1165 AF:732a BC:4802 DE:286f HL:09e7 SP:f791 IX:0000 IY:0000 Flags:00101010 [0e 02 4f]
==> 1165:  LD C, A             PC:1166 AF:732a BC:4873 DE:286f HL:09e7 SP:f791 IX:0000 IY:0000 Flags:00101010 [4f e5 cd]
==> 1166:  PUSH HL             PC:1167 AF:732a BC:4873 DE:286f HL:09e7 SP:f78f IX:0000 IY:0000 Flags:00101010 [e5 cd 84]
==> 1167:  CALL ff84h          PC:ff84 AF:732a BC:4873 DE:286f HL:09e7 SP:f78d IX:0000 IY:0000 Flags:00101010 [cd 84 ff]
s==> ff84:  RET                 PC:116a AF:732a BC:4873 DE:286f HL:09e7 SP:f78f IX:0000 IY:0000 Flags:00101010 [c9 c9 c9]
==> 116a:  POP HL              PC:116b AF:732a BC:4873 DE:286f HL:09e7 SP:f791 IX:0000 IY:0000 Flags:00101010 [e1 d1 c1]
==> 116b:  POP DE              PC:116c AF:732a BC:4873 DE:286f HL:09e7 SP:f793 IX:0000 IY:0000 Flags:00101010 [d1 c1 f1]
==> 116c:  POP BC              PC:116d AF:732a BC:4897 DE:286f HL:09e7 SP:f795 IX:0000 IY:0000 Flags:00101010 [c1 f1 c9]
==> 116d:  POP AF              PC:116e AF:732a BC:4897 DE:286f HL:09e7 SP:f797 IX:0000 IY:0000 Flags:00101010 [f1 c9 e5]
==> 116e:  RET                 PC:228c AF:732a BC:4897 DE:286f HL:09e7 SP:f799 IX:0000 IY:0000 Flags:00101010 [c9 e5 2a]
==> 228c:  CP A, 0dh           PC:228e AF:731a BC:4897 DE:286f HL:09e7 SP:f799 IX:0000 IY:0000 Flags:00011010 [fe 0d cc]
==> 228e:  CALL Z, 17f2h       PC:2291 AF:731a BC:4897 DE:286f HL:09e7 SP:f799 IX:0000 IY:0000 Flags:00011010 [cc f2 17]
==> 2291:  INC BC              PC:2292 AF:731a BC:4898 DE:286f HL:09e7 SP:f799 IX:0000 IY:0000 Flags:00011010 [03 c3 86]
==> 2292:  JP 2286h            PC:2286 AF:731a BC:4898 DE:286f HL:09e7 SP:f799 IX:0000 IY:0000 Flags:00011010 [c3 86 22]
==> 2286:  DEC D               PC:2287 AF:7322 BC:4898 DE:276f HL:09e7 SP:f799 IX:0000 IY:0000 Flags:00100010 [15 c8 0a]
==> 2287:  RET Z               PC:2288 AF:7322 BC:4898 DE:276f HL:09e7 SP:f799 IX:0000 IY:0000 Flags:00100010 [c8 0a cd]
==> 2288:  LD A, (BC)          PC:2289 AF:6922 BC:4898 DE:276f HL:09e7 SP:f799 IX:0000 IY:0000 Flags:00100010 [0a cd c5]
==> 2289:  CALL 10c5h          PC:10c5 AF:6922 BC:4898 DE:276f HL:09e7 SP:f797 IX:0000 IY:0000 Flags:00100010 [cd c5 10]
==> 10c5:  PUSH AF             PC:10c6 AF:6922 BC:4898 DE:276f HL:09e7 SP:f795 IX:0000 IY:0000 Flags:00100010 [f5 e5 2a]
==> 10c6:  PUSH HL             PC:10c7 AF:6922 BC:4898 DE:276f HL:09e7 SP:f793 IX:0000 IY:0000 Flags:00100010 [e5 2a 35]
==> 10c7:  LD HL, (0735h)      PC:10ca AF:6922 BC:4898 DE:276f HL:0000 SP:f793 IX:0000 IY:0000 Flags:00100010 [2a 35 07]
==> 10ca:  LD A, H             PC:10cb AF:0022 BC:4898 DE:276f HL:0000 SP:f793 IX:0000 IY:0000 Flags:00100010 [7c b5 c2]
==> 10cb:  OR A, L             PC:10cc AF:0044 BC:4898 DE:276f HL:0000 SP:f793 IX:0000 IY:0000 Flags:01000100 [b5 c2 14]
==> 10cc:  JP NZ, 2e14h        PC:10cf AF:0044 BC:4898 DE:276f HL:0000 SP:f793 IX:0000 IY:0000 Flags:01000100 [c2 14 2e]
==> 10cf:  POP HL              PC:10d0 AF:0044 BC:4898 DE:276f HL:09e7 SP:f795 IX:0000 IY:0000 Flags:01000100 [e1 3a 26]
==> 10d0:  LD A, (0726h)       PC:10d3 AF:0044 BC:4898 DE:276f HL:09e7 SP:f795 IX:0000 IY:0000 Flags:01000100 [3a 26 07]
==> 10d3:  OR A, A             PC:10d4 AF:0044 BC:4898 DE:276f HL:09e7 SP:f795 IX:0000 IY:0000 Flags:01000100 [b7 ca 29]
==> 10d4:  JP Z, 1129h         PC:1129 AF:0044 BC:4898 DE:276f HL:09e7 SP:f795 IX:0000 IY:0000 Flags:01000100 [ca 29 11]
==> 1129:  LD A, (072ah)       PC:112c AF:0044 BC:4898 DE:276f HL:09e7 SP:f795 IX:0000 IY:0000 Flags:01000100 [3a 2a 07]
==> 112c:  OR A, A             PC:112d AF:0044 BC:4898 DE:276f HL:09e7 SP:f795 IX:0000 IY:0000 Flags:01000100 [b7 c2 b1]
==> 112d:  JP NZ, 22b1h        PC:1130 AF:0044 BC:4898 DE:276f HL:09e7 SP:f795 IX:0000 IY:0000 Flags:01000100 [c2 b1 22]
==> 1130:  POP AF              PC:1131 AF:6922 BC:4898 DE:276f HL:09e7 SP:f797 IX:0000 IY:0000 Flags:00100010 [f1 c5 f5]
==> 1131:  PUSH BC             PC:1132 AF:6922 BC:4898 DE:276f HL:09e7 SP:f795 IX:0000 IY:0000 Flags:00100010 [c5 f5 fe]
==> 1132:  PUSH AF             PC:1133 AF:6922 BC:4898 DE:276f HL:09e7 SP:f793 IX:0000 IY:0000 Flags:00100010 [f5 fe 09]
==> 1133:  CP A, 09h           PC:1135 AF:690a BC:4898 DE:276f HL:09e7 SP:f793 IX:0000 IY:0000 Flags:00001010 [fe 09 c2]
==> 1135:  JP NZ, 1148h        PC:1148 AF:690a BC:4898 DE:276f HL:09e7 SP:f793 IX:0000 IY:0000 Flags:00001010 [c2 48 11]
==> 1148:  CP A, 20h           PC:114a AF:6922 BC:4898 DE:276f HL:09e7 SP:f793 IX:0000 IY:0000 Flags:00100010 [fe 20 da]
==> 114a:  JP C, 115ch         PC:114d AF:6922 BC:4898 DE:276f HL:09e7 SP:f793 IX:0000 IY:0000 Flags:00100010 [da 5c 11]
==> 114d:  LD A, (0727h)       PC:1150 AF:4822 BC:4898 DE:276f HL:09e7 SP:f793 IX:0000 IY:0000 Flags:00100010 [3a 27 07]
==> 1150:  LD B, A             PC:1151 AF:4822 BC:4898 DE:276f HL:09e7 SP:f793 IX:0000 IY:0000 Flags:00100010 [47 3a cf]
==> 1151:  LD A, (09cfh)       PC:1154 AF:0a22 BC:4898 DE:276f HL:09e7 SP:f793 IX:0000 IY:0000 Flags:00100010 [3a cf 09]
==> 1154:  CP A, B             PC:1155 AF:0a8b BC:4898 DE:276f HL:09e7 SP:f793 IX:0000 IY:0000 Flags:10001011 [b8 cc e8]
==> 1155:  CALL Z, 17e8h       PC:1158 AF:0a8b BC:4898 DE:276f HL:09e7 SP:f793 IX:0000 IY:0000 Flags:10001011 [cc e8 17]
==> 1158:  INC A               PC:1159 AF:0b09 BC:4898 DE:276f HL:09e7 SP:f793 IX:0000 IY:0000 Flags:00001001 [3c 32 cf]
==> 1159:  LD (09cfh), A       PC:115c AF:0b09 BC:4898 DE:276f HL:09e7 SP:f793 IX:0000 IY:0000 Flags:00001001 [32 cf 09]
==> 115c:  POP AF              PC:115d AF:6922 BC:4898 DE:276f HL:09e7 SP:f795 IX:0000 IY:0000 Flags:00100010 [f1 c1 f5]
==> 115d:  POP BC              PC:115e AF:6922 BC:4898 DE:276f HL:09e7 SP:f797 IX:0000 IY:0000 Flags:00100010 [c1 f5 f1]
==> 115e:  PUSH AF             PC:115f AF:6922 BC:4898 DE:276f HL:09e7 SP:f795 IX:0000 IY:0000 Flags:00100010 [f5 f1 f5]
==> 115f:  POP AF              PC:1160 AF:6922 BC:4898 DE:276f HL:09e7 SP:f797 IX:0000 IY:0000 Flags:00100010 [f1 f5 c5]
==> 1160:  PUSH AF             PC:1161 AF:6922 BC:4898 DE:276f HL:09e7 SP:f795 IX:0000 IY:0000 Flags:00100010 [f5 c5 d5]
==> 1161:  PUSH BC             PC:1162 AF:6922 BC:4898 DE:276f HL:09e7 SP:f793 IX:0000 IY:0000 Flags:00100010 [c5 d5 0e]
==> 1162:  PUSH DE             PC:1163 AF:6922 BC:4898 DE:276f HL:09e7 SP:f791 IX:0000 IY:0000 Flags:00100010 [d5 0e 02]
==> 1163:  LD C, 02h           PC:1165 AF:6922 BC:4802 DE:276f HL:09e7 SP:f791 IX:0000 IY:0000 Flags:00100010 [0e 02 4f]
==> 1165:  LD C, A             PC:1166 AF:6922 BC:4869 DE:276f HL:09e7 SP:f791 IX:0000 IY:0000 Flags:00100010 [4f e5 cd]
==> 1166:  PUSH HL             PC:1167 AF:6922 BC:4869 DE:276f HL:09e7 SP:f78f IX:0000 IY:0000 Flags:00100010 [e5 cd 84]
==> 1167:  CALL ff84h          PC:ff84 AF:6922 BC:4869 DE:276f HL:09e7 SP:f78d IX:0000 IY:0000 Flags:00100010 [cd 84 ff]
i==> ff84:  RET                 PC:116a AF:6922 BC:4869 DE:276f HL:09e7 SP:f78f IX:0000 IY:0000 Flags:00100010 [c9 c9 c9]
==> 116a:  POP HL              PC:116b AF:6922 BC:4869 DE:276f HL:09e7 SP:f791 IX:0000 IY:0000 Flags:00100010 [e1 d1 c1]
==> 116b:  POP DE              PC:116c AF:6922 BC:4869 DE:276f HL:09e7 SP:f793 IX:0000 IY:0000 Flags:00100010 [d1 c1 f1]
==> 116c:  POP BC              PC:116d AF:6922 BC:4898 DE:276f HL:09e7 SP:f795 IX:0000 IY:0000 Flags:00100010 [c1 f1 c9]
==> 116d:  POP AF              PC:116e AF:6922 BC:4898 DE:276f HL:09e7 SP:f797 IX:0000 IY:0000 Flags:00100010 [f1 c9 e5]
==> 116e:  RET                 PC:228c AF:6922 BC:4898 DE:276f HL:09e7 SP:f799 IX:0000 IY:0000 Flags:00100010 [c9 e5 2a]
==> 228c:  CP A, 0dh           PC:228e AF:691a BC:4898 DE:276f HL:09e7 SP:f799 IX:0000 IY:0000 Flags:00011010 [fe 0d cc]
==> 228e:  CALL Z, 17f2h       PC:2291 AF:691a BC:4898 DE:276f HL:09e7 SP:f799 IX:0000 IY:0000 Flags:00011010 [cc f2 17]
==> 2291:  INC BC              PC:2292 AF:691a BC:4899 DE:276f HL:09e7 SP:f799 IX:0000 IY:0000 Flags:00011010 [03 c3 86]
==> 2292:  JP 2286h            PC:2286 AF:691a BC:4899 DE:276f HL:09e7 SP:f799 IX:0000 IY:0000 Flags:00011010 [c3 86 22]
==> 2286:  DEC D               PC:2287 AF:6922 BC:4899 DE:266f HL:09e7 SP:f799 IX:0000 IY:0000 Flags:00100010 [15 c8 0a]
==> 2287:  RET Z               PC:2288 AF:6922 BC:4899 DE:266f HL:09e7 SP:f799 IX:0000 IY:0000 Flags:00100010 [c8 0a cd]
==> 2288:  LD A, (BC)          PC:2289 AF:6f22 BC:4899 DE:266f HL:09e7 SP:f799 IX:0000 IY:0000 Flags:00100010 [0a cd c5]
==> 2289:  CALL 10c5h          PC:10c5 AF:6f22 BC:4899 DE:266f HL:09e7 SP:f797 IX:0000 IY:0000 Flags:00100010 [cd c5 10]
==> 10c5:  PUSH AF             PC:10c6 AF:6f22 BC:4899 DE:266f HL:09e7 SP:f795 IX:0000 IY:0000 Flags:00100010 [f5 e5 2a]
==> 10c6:  PUSH HL             PC:10c7 AF:6f22 BC:4899 DE:266f HL:09e7 SP:f793 IX:0000 IY:0000 Flags:00100010 [e5 2a 35]
==> 10c7:  LD HL, (0735h)      PC:10ca AF:6f22 BC:4899 DE:266f HL:0000 SP:f793 IX:0000 IY:0000 Flags:00100010 [2a 35 07]
==> 10ca:  LD A, H             PC:10cb AF:0022 BC:4899 DE:266f HL:0000 SP:f793 IX:0000 IY:0000 Flags:00100010 [7c b5 c2]
==> 10cb:  OR A, L             PC:10cc AF:0044 BC:4899 DE:266f HL:0000 SP:f793 IX:0000 IY:0000 Flags:01000100 [b5 c2 14]
==> 10cc:  JP NZ, 2e14h        PC:10cf AF:0044 BC:4899 DE:266f HL:0000 SP:f793 IX:0000 IY:0000 Flags:01000100 [c2 14 2e]
==> 10cf:  POP HL              PC:10d0 AF:0044 BC:4899 DE:266f HL:09e7 SP:f795 IX:0000 IY:0000 Flags:01000100 [e1 3a 26]
==> 10d0:  LD A, (0726h)       PC:10d3 AF:0044 BC:4899 DE:266f HL:09e7 SP:f795 IX:0000 IY:0000 Flags:01000100 [3a 26 07]
==> 10d3:  OR A, A             PC:10d4 AF:0044 BC:4899 DE:266f HL:09e7 SP:f795 IX:0000 IY:0000 Flags:01000100 [b7 ca 29]
==> 10d4:  JP Z, 1129h         PC:1129 AF:0044 BC:4899 DE:266f HL:09e7 SP:f795 IX:0000 IY:0000 Flags:01000100 [ca 29 11]
==> 1129:  LD A, (072ah)       PC:112c AF:0044 BC:4899 DE:266f HL:09e7 SP:f795 IX:0000 IY:0000 Flags:01000100 [3a 2a 07]
==> 112c:  OR A, A             PC:112d AF:0044 BC:4899 DE:266f HL:09e7 SP:f795 IX:0000 IY:0000 Flags:01000100 [b7 c2 b1]
==> 112d:  JP NZ, 22b1h        PC:1130 AF:0044 BC:4899 DE:266f HL:09e7 SP:f795 IX:0000 IY:0000 Flags:01000100 [c2 b1 22]
==> 1130:  POP AF              PC:1131 AF:6f22 BC:4899 DE:266f HL:09e7 SP:f797 IX:0000 IY:0000 Flags:00100010 [f1 c5 f5]
==> 1131:  PUSH BC             PC:1132 AF:6f22 BC:4899 DE:266f HL:09e7 SP:f795 IX:0000 IY:0000 Flags:00100010 [c5 f5 fe]
==> 1132:  PUSH AF             PC:1133 AF:6f22 BC:4899 DE:266f HL:09e7 SP:f793 IX:0000 IY:0000 Flags:00100010 [f5 fe 09]
==> 1133:  CP A, 09h           PC:1135 AF:6f0a BC:4899 DE:266f HL:09e7 SP:f793 IX:0000 IY:0000 Flags:00001010 [fe 09 c2]
==> 1135:  JP NZ, 1148h        PC:1148 AF:6f0a BC:4899 DE:266f HL:09e7 SP:f793 IX:0000 IY:0000 Flags:00001010 [c2 48 11]
==> 1148:  CP A, 20h           PC:114a AF:6f22 BC:4899 DE:266f HL:09e7 SP:f793 IX:0000 IY:0000 Flags:00100010 [fe 20 da]
==> 114a:  JP C, 115ch         PC:114d AF:6f22 BC:4899 DE:266f HL:09e7 SP:f793 IX:0000 IY:0000 Flags:00100010 [da 5c 11]
==> 114d:  LD A, (0727h)       PC:1150 AF:4822 BC:4899 DE:266f HL:09e7 SP:f793 IX:0000 IY:0000 Flags:00100010 [3a 27 07]
==> 1150:  LD B, A             PC:1151 AF:4822 BC:4899 DE:266f HL:09e7 SP:f793 IX:0000 IY:0000 Flags:00100010 [47 3a cf]
==> 1151:  LD A, (09cfh)       PC:1154 AF:0b22 BC:4899 DE:266f HL:09e7 SP:f793 IX:0000 IY:0000 Flags:00100010 [3a cf 09]
==> 1154:  CP A, B             PC:1155 AF:0b8b BC:4899 DE:266f HL:09e7 SP:f793 IX:0000 IY:0000 Flags:10001011 [b8 cc e8]
==> 1155:  CALL Z, 17e8h       PC:1158 AF:0b8b BC:4899 DE:266f HL:09e7 SP:f793 IX:0000 IY:0000 Flags:10001011 [cc e8 17]
==> 1158:  INC A               PC:1159 AF:0c09 BC:4899 DE:266f HL:09e7 SP:f793 IX:0000 IY:0000 Flags:00001001 [3c 32 cf]
==> 1159:  LD (09cfh), A       PC:115c AF:0c09 BC:4899 DE:266f HL:09e7 SP:f793 IX:0000 IY:0000 Flags:00001001 [32 cf 09]
==> 115c:  POP AF              PC:115d AF:6f22 BC:4899 DE:266f HL:09e7 SP:f795 IX:0000 IY:0000 Flags:00100010 [f1 c1 f5]
==> 115d:  POP BC              PC:115e AF:6f22 BC:4899 DE:266f HL:09e7 SP:f797 IX:0000 IY:0000 Flags:00100010 [c1 f5 f1]
==> 115e:  PUSH AF             PC:115f AF:6f22 BC:4899 DE:266f HL:09e7 SP:f795 IX:0000 IY:0000 Flags:00100010 [f5 f1 f5]
==> 115f:  POP AF              PC:1160 AF:6f22 BC:4899 DE:266f HL:09e7 SP:f797 IX:0000 IY:0000 Flags:00100010 [f1 f5 c5]
==> 1160:  PUSH AF             PC:1161 AF:6f22 BC:4899 DE:266f HL:09e7 SP:f795 IX:0000 IY:0000 Flags:00100010 [f5 c5 d5]
==> 1161:  PUSH BC             PC:1162 AF:6f22 BC:4899 DE:266f HL:09e7 SP:f793 IX:0000 IY:0000 Flags:00100010 [c5 d5 0e]
==> 1162:  PUSH DE             PC:1163 AF:6f22 BC:4899 DE:266f HL:09e7 SP:f791 IX:0000 IY:0000 Flags:00100010 [d5 0e 02]
==> 1163:  LD C, 02h           PC:1165 AF:6f22 BC:4802 DE:266f HL:09e7 SP:f791 IX:0000 IY:0000 Flags:00100010 [0e 02 4f]
==> 1165:  LD C, A             PC:1166 AF:6f22 BC:486f DE:266f HL:09e7 SP:f791 IX:0000 IY:0000 Flags:00100010 [4f e5 cd]
==> 1166:  PUSH HL             PC:1167 AF:6f22 BC:486f DE:266f HL:09e7 SP:f78f IX:0000 IY:0000 Flags:00100010 [e5 cd 84]
==> 1167:  CALL ff84h          PC:ff84 AF:6f22 BC:486f DE:266f HL:09e7 SP:f78d IX:0000 IY:0000 Flags:00100010 [cd 84 ff]
o==> ff84:  RET                 PC:116a AF:6f22 BC:486f DE:266f HL:09e7 SP:f78f IX:0000 IY:0000 Flags:00100010 [c9 c9 c9]
==> 116a:  POP HL              PC:116b AF:6f22 BC:486f DE:266f HL:09e7 SP:f791 IX:0000 IY:0000 Flags:00100010 [e1 d1 c1]
==> 116b:  POP DE              PC:116c AF:6f22 BC:486f DE:266f HL:09e7 SP:f793 IX:0000 IY:0000 Flags:00100010 [d1 c1 f1]
==> 116c:  POP BC              PC:116d AF:6f22 BC:4899 DE:266f HL:09e7 SP:f795 IX:0000 IY:0000 Flags:00100010 [c1 f1 c9]
==> 116d:  POP AF              PC:116e AF:6f22 BC:4899 DE:266f HL:09e7 SP:f797 IX:0000 IY:0000 Flags:00100010 [f1 c9 e5]
==> 116e:  RET                 PC:228c AF:6f22 BC:4899 DE:266f HL:09e7 SP:f799 IX:0000 IY:0000 Flags:00100010 [c9 e5 2a]
==> 228c:  CP A, 0dh           PC:228e AF:6f0a BC:4899 DE:266f HL:09e7 SP:f799 IX:0000 IY:0000 Flags:00001010 [fe 0d cc]
==> 228e:  CALL Z, 17f2h       PC:2291 AF:6f0a BC:4899 DE:266f HL:09e7 SP:f799 IX:0000 IY:0000 Flags:00001010 [cc f2 17]
==> 2291:  INC BC              PC:2292 AF:6f0a BC:489a DE:266f HL:09e7 SP:f799 IX:0000 IY:0000 Flags:00001010 [03 c3 86]
==> 2292:  JP 2286h            PC:2286 AF:6f0a BC:489a DE:266f HL:09e7 SP:f799 IX:0000 IY:0000 Flags:00001010 [c3 86 22]
==> 2286:  DEC D               PC:2287 AF:6f22 BC:489a DE:256f HL:09e7 SP:f799 IX:0000 IY:0000 Flags:00100010 [15 c8 0a]
==> 2287:  RET Z               PC:2288 AF:6f22 BC:489a DE:256f HL:09e7 SP:f799 IX:0000 IY:0000 Flags:00100010 [c8 0a cd]
==> 2288:  LD A, (BC)          PC:2289 AF:6e22 BC:489a DE:256f HL:09e7 SP:f799 IX:0000 IY:0000 Flags:00100010 [0a cd c5]
==> 2289:  CALL 10c5h          PC:10c5 AF:6e22 BC:489a DE:256f HL:09e7 SP:f797 IX:0000 IY:0000 Flags:00100010 [cd c5 10]
==> 10c5:  PUSH AF             PC:10c6 AF:6e22 BC:489a DE:256f HL:09e7 SP:f795 IX:0000 IY:0000 Flags:00100010 [f5 e5 2a]
==> 10c6:  PUSH HL             PC:10c7 AF:6e22 BC:489a DE:256f HL:09e7 SP:f793 IX:0000 IY:0000 Flags:00100010 [e5 2a 35]
==> 10c7:  LD HL, (0735h)      PC:10ca AF:6e22 BC:489a DE:256f HL:0000 SP:f793 IX:0000 IY:0000 Flags:00100010 [2a 35 07]
==> 10ca:  LD A, H             PC:10cb AF:0022 BC:489a DE:256f HL:0000 SP:f793 IX:0000 IY:0000 Flags:00100010 [7c b5 c2]
==> 10cb:  OR A, L             PC:10cc AF:0044 BC:489a DE:256f HL:0000 SP:f793 IX:0000 IY:0000 Flags:01000100 [b5 c2 14]
==> 10cc:  JP NZ, 2e14h        PC:10cf AF:0044 BC:489a DE:256f HL:0000 SP:f793 IX:0000 IY:0000 Flags:01000100 [c2 14 2e]
==> 10cf:  POP HL              PC:10d0 AF:0044 BC:489a DE:256f HL:09e7 SP:f795 IX:0000 IY:0000 Flags:01000100 [e1 3a 26]
==> 10d0:  LD A, (0726h)       PC:10d3 AF:0044 BC:489a DE:256f HL:09e7 SP:f795 IX:0000 IY:0000 Flags:01000100 [3a 26 07]
==> 10d3:  OR A, A             PC:10d4 AF:0044 BC:489a DE:256f HL:09e7 SP:f795 IX:0000 IY:0000 Flags:01000100 [b7 ca 29]
==> 10d4:  JP Z, 1129h         PC:1129 AF:0044 BC:489a DE:256f HL:09e7 SP:f795 IX:0000 IY:0000 Flags:01000100 [ca 29 11]
==> 1129:  LD A, (072ah)       PC:112c AF:0044 BC:489a DE:256f HL:09e7 SP:f795 IX:0000 IY:0000 Flags:01000100 [3a 2a 07]
==> 112c:  OR A, A             PC:112d AF:0044 BC:489a DE:256f HL:09e7 SP:f795 IX:0000 IY:0000 Flags:01000100 [b7 c2 b1]
==> 112d:  JP NZ, 22b1h        PC:1130 AF:0044 BC:489a DE:256f HL:09e7 SP:f795 IX:0000 IY:0000 Flags:01000100 [c2 b1 22]
==> 1130:  POP AF              PC:1131 AF:6e22 BC:489a DE:256f HL:09e7 SP:f797 IX:0000 IY:0000 Flags:00100010 [f1 c5 f5]
==> 1131:  PUSH BC             PC:1132 AF:6e22 BC:489a DE:256f HL:09e7 SP:f795 IX:0000 IY:0000 Flags:00100010 [c5 f5 fe]
==> 1132:  PUSH AF             PC:1133 AF:6e22 BC:489a DE:256f HL:09e7 SP:f793 IX:0000 IY:0000 Flags:00100010 [f5 fe 09]
==> 1133:  CP A, 09h           PC:1135 AF:6e0a BC:489a DE:256f HL:09e7 SP:f793 IX:0000 IY:0000 Flags:00001010 [fe 09 c2]
==> 1135:  JP NZ, 1148h        PC:1148 AF:6e0a BC:489a DE:256f HL:09e7 SP:f793 IX:0000 IY:0000 Flags:00001010 [c2 48 11]
==> 1148:  CP A, 20h           PC:114a AF:6e22 BC:489a DE:256f HL:09e7 SP:f793 IX:0000 IY:0000 Flags:00100010 [fe 20 da]
==> 114a:  JP C, 115ch         PC:114d AF:6e22 BC:489a DE:256f HL:09e7 SP:f793 IX:0000 IY:0000 Flags:00100010 [da 5c 11]
==> 114d:  LD A, (0727h)       PC:1150 AF:4822 BC:489a DE:256f HL:09e7 SP:f793 IX:0000 IY:0000 Flags:00100010 [3a 27 07]
==> 1150:  LD B, A             PC:1151 AF:4822 BC:489a DE:256f HL:09e7 SP:f793 IX:0000 IY:0000 Flags:00100010 [47 3a cf]
==> 1151:  LD A, (09cfh)       PC:1154 AF:0c22 BC:489a DE:256f HL:09e7 SP:f793 IX:0000 IY:0000 Flags:00100010 [3a cf 09]
==> 1154:  CP A, B             PC:1155 AF:0c8b BC:489a DE:256f HL:09e7 SP:f793 IX:0000 IY:0000 Flags:10001011 [b8 cc e8]
==> 1155:  CALL Z, 17e8h       PC:1158 AF:0c8b BC:489a DE:256f HL:09e7 SP:f793 IX:0000 IY:0000 Flags:10001011 [cc e8 17]
==> 1158:  INC A               PC:1159 AF:0d09 BC:489a DE:256f HL:09e7 SP:f793 IX:0000 IY:0000 Flags:00001001 [3c 32 cf]
==> 1159:  LD (09cfh), A       PC:115c AF:0d09 BC:489a DE:256f HL:09e7 SP:f793 IX:0000 IY:0000 Flags:00001001 [32 cf 09]
==> 115c:  POP AF              PC:115d AF:6e22 BC:489a DE:256f HL:09e7 SP:f795 IX:0000 IY:0000 Flags:00100010 [f1 c1 f5]
==> 115d:  POP BC              PC:115e AF:6e22 BC:489a DE:256f HL:09e7 SP:f797 IX:0000 IY:0000 Flags:00100010 [c1 f5 f1]
==> 115e:  PUSH AF             PC:115f AF:6e22 BC:489a DE:256f HL:09e7 SP:f795 IX:0000 IY:0000 Flags:00100010 [f5 f1 f5]
==> 115f:  POP AF              PC:1160 AF:6e22 BC:489a DE:256f HL:09e7 SP:f797 IX:0000 IY:0000 Flags:00100010 [f1 f5 c5]
==> 1160:  PUSH AF             PC:1161 AF:6e22 BC:489a DE:256f HL:09e7 SP:f795 IX:0000 IY:0000 Flags:00100010 [f5 c5 d5]
==> 1161:  PUSH BC             PC:1162 AF:6e22 BC:489a DE:256f HL:09e7 SP:f793 IX:0000 IY:0000 Flags:00100010 [c5 d5 0e]
==> 1162:  PUSH DE             PC:1163 AF:6e22 BC:489a DE:256f HL:09e7 SP:f791 IX:0000 IY:0000 Flags:00100010 [d5 0e 02]
==> 1163:  LD C, 02h           PC:1165 AF:6e22 BC:4802 DE:256f HL:09e7 SP:f791 IX:0000 IY:0000 Flags:00100010 [0e 02 4f]
==> 1165:  LD C, A             PC:1166 AF:6e22 BC:486e DE:256f HL:09e7 SP:f791 IX:0000 IY:0000 Flags:00100010 [4f e5 cd]
==> 1166:  PUSH HL             PC:1167 AF:6e22 BC:486e DE:256f HL:09e7 SP:f78f IX:0000 IY:0000 Flags:00100010 [e5 cd 84]
==> 1167:  CALL ff84h          PC:ff84 AF:6e22 BC:486e DE:256f HL:09e7 SP:f78d IX:0000 IY:0000 Flags:00100010 [cd 84 ff]
n==> ff84:  RET                 PC:116a AF:6e22 BC:486e DE:256f HL:09e7 SP:f78f IX:0000 IY:0000 Flags:00100010 [c9 c9 c9]
==> 116a:  POP HL              PC:116b AF:6e22 BC:486e DE:256f HL:09e7 SP:f791 IX:0000 IY:0000 Flags:00100010 [e1 d1 c1]
==> 116b:  POP DE              PC:116c AF:6e22 BC:486e DE:256f HL:09e7 SP:f793 IX:0000 IY:0000 Flags:00100010 [d1 c1 f1]
==> 116c:  POP BC              PC:116d AF:6e22 BC:489a DE:256f HL:09e7 SP:f795 IX:0000 IY:0000 Flags:00100010 [c1 f1 c9]
==> 116d:  POP AF              PC:116e AF:6e22 BC:489a DE:256f HL:09e7 SP:f797 IX:0000 IY:0000 Flags:00100010 [f1 c9 e5]
==> 116e:  RET                 PC:228c AF:6e22 BC:489a DE:256f HL:09e7 SP:f799 IX:0000 IY:0000 Flags:00100010 [c9 e5 2a]
==> 228c:  CP A, 0dh           PC:228e AF:6e0a BC:489a DE:256f HL:09e7 SP:f799 IX:0000 IY:0000 Flags:00001010 [fe 0d cc]
==> 228e:  CALL Z, 17f2h       PC:2291 AF:6e0a BC:489a DE:256f HL:09e7 SP:f799 IX:0000 IY:0000 Flags:00001010 [cc f2 17]
==> 2291:  INC BC              PC:2292 AF:6e0a BC:489b DE:256f HL:09e7 SP:f799 IX:0000 IY:0000 Flags:00001010 [03 c3 86]
==> 2292:  JP 2286h            PC:2286 AF:6e0a BC:489b DE:256f HL:09e7 SP:f799 IX:0000 IY:0000 Flags:00001010 [c3 86 22]
==> 2286:  DEC D               PC:2287 AF:6e22 BC:489b DE:246f HL:09e7 SP:f799 IX:0000 IY:0000 Flags:00100010 [15 c8 0a]
==> 2287:  RET Z               PC:2288 AF:6e22 BC:489b DE:246f HL:09e7 SP:f799 IX:0000 IY:0000 Flags:00100010 [c8 0a cd]
==> 2288:  LD A, (BC)          PC:2289 AF:5d22 BC:489b DE:246f HL:09e7 SP:f799 IX:0000 IY:0000 Flags:00100010 [0a cd c5]
==> 2289:  CALL 10c5h          PC:10c5 AF:5d22 BC:489b DE:246f HL:09e7 SP:f797 IX:0000 IY:0000 Flags:00100010 [cd c5 10]
==> 10c5:  PUSH AF             PC:10c6 AF:5d22 BC:489b DE:246f HL:09e7 SP:f795 IX:0000 IY:0000 Flags:00100010 [f5 e5 2a]
==> 10c6:  PUSH HL             PC:10c7 AF:5d22 BC:489b DE:246f HL:09e7 SP:f793 IX:0000 IY:0000 Flags:00100010 [e5 2a 35]
==> 10c7:  LD HL, (0735h)      PC:10ca AF:5d22 BC:489b DE:246f HL:0000 SP:f793 IX:0000 IY:0000 Flags:00100010 [2a 35 07]
==> 10ca:  LD A, H             PC:10cb AF:0022 BC:489b DE:246f HL:0000 SP:f793 IX:0000 IY:0000 Flags:00100010 [7c b5 c2]
==> 10cb:  OR A, L             PC:10cc AF:0044 BC:489b DE:246f HL:0000 SP:f793 IX:0000 IY:0000 Flags:01000100 [b5 c2 14]
==> 10cc:  JP NZ, 2e14h        PC:10cf AF:0044 BC:489b DE:246f HL:0000 SP:f793 IX:0000 IY:0000 Flags:01000100 [c2 14 2e]
==> 10cf:  POP HL              PC:10d0 AF:0044 BC:489b DE:246f HL:09e7 SP:f795 IX:0000 IY:0000 Flags:01000100 [e1 3a 26]
==> 10d0:  LD A, (0726h)       PC:10d3 AF:0044 BC:489b DE:246f HL:09e7 SP:f795 IX:0000 IY:0000 Flags:01000100 [3a 26 07]
==> 10d3:  OR A, A             PC:10d4 AF:0044 BC:489b DE:246f HL:09e7 SP:f795 IX:0000 IY:0000 Flags:01000100 [b7 ca 29]
==> 10d4:  JP Z, 1129h         PC:1129 AF:0044 BC:489b DE:246f HL:09e7 SP:f795 IX:0000 IY:0000 Flags:01000100 [ca 29 11]
==> 1129:  LD A, (072ah)       PC:112c AF:0044 BC:489b DE:246f HL:09e7 SP:f795 IX:0000 IY:0000 Flags:01000100 [3a 2a 07]
==> 112c:  OR A, A             PC:112d AF:0044 BC:489b DE:246f HL:09e7 SP:f795 IX:0000 IY:0000 Flags:01000100 [b7 c2 b1]
==> 112d:  JP NZ, 22b1h        PC:1130 AF:0044 BC:489b DE:246f HL:09e7 SP:f795 IX:0000 IY:0000 Flags:01000100 [c2 b1 22]
==> 1130:  POP AF              PC:1131 AF:5d22 BC:489b DE:246f HL:09e7 SP:f797 IX:0000 IY:0000 Flags:00100010 [f1 c5 f5]
==> 1131:  PUSH BC             PC:1132 AF:5d22 BC:489b DE:246f HL:09e7 SP:f795 IX:0000 IY:0000 Flags:00100010 [c5 f5 fe]
==> 1132:  PUSH AF             PC:1133 AF:5d22 BC:489b DE:246f HL:09e7 SP:f793 IX:0000 IY:0000 Flags:00100010 [f5 fe 09]
==> 1133:  CP A, 09h           PC:1135 AF:5d0a BC:489b DE:246f HL:09e7 SP:f793 IX:0000 IY:0000 Flags:00001010 [fe 09 c2]
==> 1135:  JP NZ, 1148h        PC:1148 AF:5d0a BC:489b DE:246f HL:09e7 SP:f793 IX:0000 IY:0000 Flags:00001010 [c2 48 11]
==> 1148:  CP A, 20h           PC:114a AF:5d22 BC:489b DE:246f HL:09e7 SP:f793 IX:0000 IY:0000 Flags:00100010 [fe 20 da]
==> 114a:  JP C, 115ch         PC:114d AF:5d22 BC:489b DE:246f HL:09e7 SP:f793 IX:0000 IY:0000 Flags:00100010 [da 5c 11]
==> 114d:  LD A, (0727h)       PC:1150 AF:4822 BC:489b DE:246f HL:09e7 SP:f793 IX:0000 IY:0000 Flags:00100010 [3a 27 07]
==> 1150:  LD B, A             PC:1151 AF:4822 BC:489b DE:246f HL:09e7 SP:f793 IX:0000 IY:0000 Flags:00100010 [47 3a cf]
==> 1151:  LD A, (09cfh)       PC:1154 AF:0d22 BC:489b DE:246f HL:09e7 SP:f793 IX:0000 IY:0000 Flags:00100010 [3a cf 09]
==> 1154:  CP A, B             PC:1155 AF:0d8b BC:489b DE:246f HL:09e7 SP:f793 IX:0000 IY:0000 Flags:10001011 [b8 cc e8]
==> 1155:  CALL Z, 17e8h       PC:1158 AF:0d8b BC:489b DE:246f HL:09e7 SP:f793 IX:0000 IY:0000 Flags:10001011 [cc e8 17]
==> 1158:  INC A               PC:1159 AF:0e09 BC:489b DE:246f HL:09e7 SP:f793 IX:0000 IY:0000 Flags:00001001 [3c 32 cf]
==> 1159:  LD (09cfh), A       PC:115c AF:0e09 BC:489b DE:246f HL:09e7 SP:f793 IX:0000 IY:0000 Flags:00001001 [32 cf 09]
==> 115c:  POP AF              PC:115d AF:5d22 BC:489b DE:246f HL:09e7 SP:f795 IX:0000 IY:0000 Flags:00100010 [f1 c1 f5]
==> 115d:  POP BC              PC:115e AF:5d22 BC:489b DE:246f HL:09e7 SP:f797 IX:0000 IY:0000 Flags:00100010 [c1 f5 f1]
==> 115e:  PUSH AF             PC:115f AF:5d22 BC:489b DE:246f HL:09e7 SP:f795 IX:0000 IY:0000 Flags:00100010 [f5 f1 f5]
==> 115f:  POP AF              PC:1160 AF:5d22 BC:489b DE:246f HL:09e7 SP:f797 IX:0000 IY:0000 Flags:00100010 [f1 f5 c5]
==> 1160:  PUSH AF             PC:1161 AF:5d22 BC:489b DE:246f HL:09e7 SP:f795 IX:0000 IY:0000 Flags:00100010 [f5 c5 d5]
==> 1161:  PUSH BC             PC:1162 AF:5d22 BC:489b DE:246f HL:09e7 SP:f793 IX:0000 IY:0000 Flags:00100010 [c5 d5 0e]
==> 1162:  PUSH DE             PC:1163 AF:5d22 BC:489b DE:246f HL:09e7 SP:f791 IX:0000 IY:0000 Flags:00100010 [d5 0e 02]
==> 1163:  LD C, 02h           PC:1165 AF:5d22 BC:4802 DE:246f HL:09e7 SP:f791 IX:0000 IY:0000 Flags:00100010 [0e 02 4f]
==> 1165:  LD C, A             PC:1166 AF:5d22 BC:485d DE:246f HL:09e7 SP:f791 IX:0000 IY:0000 Flags:00100010 [4f e5 cd]
==> 1166:  PUSH HL             PC:1167 AF:5d22 BC:485d DE:246f HL:09e7 SP:f78f IX:0000 IY:0000 Flags:00100010 [e5 cd 84]
==> 1167:  CALL ff84h          PC:ff84 AF:5d22 BC:485d DE:246f HL:09e7 SP:f78d IX:0000 IY:0000 Flags:00100010 [cd 84 ff]
]==> ff84:  RET                 PC:116a AF:5d22 BC:485d DE:246f HL:09e7 SP:f78f IX:0000 IY:0000 Flags:00100010 [c9 c9 c9]
==> 116a:  POP HL              PC:116b AF:5d22 BC:485d DE:246f HL:09e7 SP:f791 IX:0000 IY:0000 Flags:00100010 [e1 d1 c1]
==> 116b:  POP DE              PC:116c AF:5d22 BC:485d DE:246f HL:09e7 SP:f793 IX:0000 IY:0000 Flags:00100010 [d1 c1 f1]
==> 116c:  POP BC              PC:116d AF:5d22 BC:489b DE:246f HL:09e7 SP:f795 IX:0000 IY:0000 Flags:00100010 [c1 f1 c9]
==> 116d:  POP AF              PC:116e AF:5d22 BC:489b DE:246f HL:09e7 SP:f797 IX:0000 IY:0000 Flags:00100010 [f1 c9 e5]
==> 116e:  RET                 PC:228c AF:5d22 BC:489b DE:246f HL:09e7 SP:f799 IX:0000 IY:0000 Flags:00100010 [c9 e5 2a]
==> 228c:  CP A, 0dh           PC:228e AF:5d0a BC:489b DE:246f HL:09e7 SP:f799 IX:0000 IY:0000 Flags:00001010 [fe 0d cc]
==> 228e:  CALL Z, 17f2h       PC:2291 AF:5d0a BC:489b DE:246f HL:09e7 SP:f799 IX:0000 IY:0000 Flags:00001010 [cc f2 17]
==> 2291:  INC BC              PC:2292 AF:5d0a BC:489c DE:246f HL:09e7 SP:f799 IX:0000 IY:0000 Flags:00001010 [03 c3 86]
==> 2292:  JP 2286h            PC:2286 AF:5d0a BC:489c DE:246f HL:09e7 SP:f799 IX:0000 IY:0000 Flags:00001010 [c3 86 22]
==> 2286:  DEC D               PC:2287 AF:5d22 BC:489c DE:236f HL:09e7 SP:f799 IX:0000 IY:0000 Flags:00100010 [15 c8 0a]
==> 2287:  RET Z               PC:2288 AF:5d22 BC:489c DE:236f HL:09e7 SP:f799 IX:0000 IY:0000 Flags:00100010 [c8 0a cd]
==> 2288:  LD A, (BC)          PC:2289 AF:0d22 BC:489c DE:236f HL:09e7 SP:f799 IX:0000 IY:0000 Flags:00100010 [0a cd c5]
==> 2289:  CALL 10c5h          PC:10c5 AF:0d22 BC:489c DE:236f HL:09e7 SP:f797 IX:0000 IY:0000 Flags:00100010 [cd c5 10]
==> 10c5:  PUSH AF             PC:10c6 AF:0d22 BC:489c DE:236f HL:09e7 SP:f795 IX:0000 IY:0000 Flags:00100010 [f5 e5 2a]
==> 10c6:  PUSH HL             PC:10c7 AF:0d22 BC:489c DE:236f HL:09e7 SP:f793 IX:0000 IY:0000 Flags:00100010 [e5 2a 35]
==> 10c7:  LD HL, (0735h)      PC:10ca AF:0d22 BC:489c DE:236f HL:0000 SP:f793 IX:0000 IY:0000 Flags:00100010 [2a 35 07]
==> 10ca:  LD A, H             PC:10cb AF:0022 BC:489c DE:236f HL:0000 SP:f793 IX:0000 IY:0000 Flags:00100010 [7c b5 c2]
==> 10cb:  OR A, L             PC:10cc AF:0044 BC:489c DE:236f HL:0000 SP:f793 IX:0000 IY:0000 Flags:01000100 [b5 c2 14]
==> 10cc:  JP NZ, 2e14h        PC:10cf AF:0044 BC:489c DE:236f HL:0000 SP:f793 IX:0000 IY:0000 Flags:01000100 [c2 14 2e]
==> 10cf:  POP HL              PC:10d0 AF:0044 BC:489c DE:236f HL:09e7 SP:f795 IX:0000 IY:0000 Flags:01000100 [e1 3a 26]
==> 10d0:  LD A, (0726h)       PC:10d3 AF:0044 BC:489c DE:236f HL:09e7 SP:f795 IX:0000 IY:0000 Flags:01000100 [3a 26 07]
==> 10d3:  OR A, A             PC:10d4 AF:0044 BC:489c DE:236f HL:09e7 SP:f795 IX:0000 IY:0000 Flags:01000100 [b7 ca 29]
==> 10d4:  JP Z, 1129h         PC:1129 AF:0044 BC:489c DE:236f HL:09e7 SP:f795 IX:0000 IY:0000 Flags:01000100 [ca 29 11]
==> 1129:  LD A, (072ah)       PC:112c AF:0044 BC:489c DE:236f HL:09e7 SP:f795 IX:0000 IY:0000 Flags:01000100 [3a 2a 07]
==> 112c:  OR A, A             PC:112d AF:0044 BC:489c DE:236f HL:09e7 SP:f795 IX:0000 IY:0000 Flags:01000100 [b7 c2 b1]
==> 112d:  JP NZ, 22b1h        PC:1130 AF:0044 BC:489c DE:236f HL:09e7 SP:f795 IX:0000 IY:0000 Flags:01000100 [c2 b1 22]
==> 1130:  POP AF              PC:1131 AF:0d22 BC:489c DE:236f HL:09e7 SP:f797 IX:0000 IY:0000 Flags:00100010 [f1 c5 f5]
==> 1131:  PUSH BC             PC:1132 AF:0d22 BC:489c DE:236f HL:09e7 SP:f795 IX:0000 IY:0000 Flags:00100010 [c5 f5 fe]
==> 1132:  PUSH AF             PC:1133 AF:0d22 BC:489c DE:236f HL:09e7 SP:f793 IX:0000 IY:0000 Flags:00100010 [f5 fe 09]
==> 1133:  CP A, 09h           PC:1135 AF:0d0a BC:489c DE:236f HL:09e7 SP:f793 IX:0000 IY:0000 Flags:00001010 [fe 09 c2]
==> 1135:  JP NZ, 1148h        PC:1148 AF:0d0a BC:489c DE:236f HL:09e7 SP:f793 IX:0000 IY:0000 Flags:00001010 [c2 48 11]
==> 1148:  CP A, 20h           PC:114a AF:0da3 BC:489c DE:236f HL:09e7 SP:f793 IX:0000 IY:0000 Flags:10100011 [fe 20 da]
==> 114a:  JP C, 115ch         PC:115c AF:0da3 BC:489c DE:236f HL:09e7 SP:f793 IX:0000 IY:0000 Flags:10100011 [da 5c 11]
==> 115c:  POP AF              PC:115d AF:0d22 BC:489c DE:236f HL:09e7 SP:f795 IX:0000 IY:0000 Flags:00100010 [f1 c1 f5]
==> 115d:  POP BC              PC:115e AF:0d22 BC:489c DE:236f HL:09e7 SP:f797 IX:0000 IY:0000 Flags:00100010 [c1 f5 f1]
==> 115e:  PUSH AF             PC:115f AF:0d22 BC:489c DE:236f HL:09e7 SP:f795 IX:0000 IY:0000 Flags:00100010 [f5 f1 f5]
==> 115f:  POP AF              PC:1160 AF:0d22 BC:489c DE:236f HL:09e7 SP:f797 IX:0000 IY:0000 Flags:00100010 [f1 f5 c5]
==> 1160:  PUSH AF             PC:1161 AF:0d22 BC:489c DE:236f HL:09e7 SP:f795 IX:0000 IY:0000 Flags:00100010 [f5 c5 d5]
==> 1161:  PUSH BC             PC:1162 AF:0d22 BC:489c DE:236f HL:09e7 SP:f793 IX:0000 IY:0000 Flags:00100010 [c5 d5 0e]
==> 1162:  PUSH DE             PC:1163 AF:0d22 BC:489c DE:236f HL:09e7 SP:f791 IX:0000 IY:0000 Flags:00100010 [d5 0e 02]
==> 1163:  LD C, 02h           PC:1165 AF:0d22 BC:4802 DE:236f HL:09e7 SP:f791 IX:0000 IY:0000 Flags:00100010 [0e 02 4f]
==> 1165:  LD C, A             PC:1166 AF:0d22 BC:480d DE:236f HL:09e7 SP:f791 IX:0000 IY:0000 Flags:00100010 [4f e5 cd]
==> 1166:  PUSH HL             PC:1167 AF:0d22 BC:480d DE:236f HL:09e7 SP:f78f IX:0000 IY:0000 Flags:00100010 [e5 cd 84]
==> 1167:  CALL ff84h          PC:ff84 AF:0d22 BC:480d DE:236f HL:09e7 SP:f78d IX:0000 IY:0000 Flags:00100010 [cd 84 ff]
==> ff84:  RET                 PC:116a AF:0d22 BC:480d DE:236f HL:09e7 SP:f78f IX:0000 IY:0000 Flags:00100010 [c9 c9 c9]
==> 116a:  POP HL              PC:116b AF:0d22 BC:480d DE:236f HL:09e7 SP:f791 IX:0000 IY:0000 Flags:00100010 [e1 d1 c1]
==> 116b:  POP DE              PC:116c AF:0d22 BC:480d DE:236f HL:09e7 SP:f793 IX:0000 IY:0000 Flags:00100010 [d1 c1 f1]
==> 116c:  POP BC              PC:116d AF:0d22 BC:489c DE:236f HL:09e7 SP:f795 IX:0000 IY:0000 Flags:00100010 [c1 f1 c9]
==> 116d:  POP AF              PC:116e AF:0d22 BC:489c DE:236f HL:09e7 SP:f797 IX:0000 IY:0000 Flags:00100010 [f1 c9 e5]
==> 116e:  RET                 PC:228c AF:0d22 BC:489c DE:236f HL:09e7 SP:f799 IX:0000 IY:0000 Flags:00100010 [c9 e5 2a]
==> 228c:  CP A, 0dh           PC:228e AF:0d4a BC:489c DE:236f HL:09e7 SP:f799 IX:0000 IY:0000 Flags:01001010 [fe 0d cc]
==> 228e:  CALL Z, 17f2h       PC:17f2 AF:0d4a BC:489c DE:236f HL:09e7 SP:f797 IX:0000 IY:0000 Flags:01001010 [cc f2 17]
==> 17f2:  PUSH HL             PC:17f3 AF:0d4a BC:489c DE:236f HL:09e7 SP:f795 IX:0000 IY:0000 Flags:01001010 [e5 2a 35]
==> 17f3:  LD HL, (0735h)      PC:17f6 AF:0d4a BC:489c DE:236f HL:0000 SP:f795 IX:0000 IY:0000 Flags:01001010 [2a 35 07]
==> 17f6:  LD A, H             PC:17f7 AF:004a BC:489c DE:236f HL:0000 SP:f795 IX:0000 IY:0000 Flags:01001010 [7c b5 e1]
==> 17f7:  OR A, L             PC:17f8 AF:0044 BC:489c DE:236f HL:0000 SP:f795 IX:0000 IY:0000 Flags:01000100 [b5 e1 ca]
==> 17f8:  POP HL              PC:17f9 AF:0044 BC:489c DE:236f HL:09e7 SP:f797 IX:0000 IY:0000 Flags:01000100 [e1 ca fe]
==> 17f9:  JP Z, 17feh         PC:17fe AF:0044 BC:489c DE:236f HL:09e7 SP:f797 IX:0000 IY:0000 Flags:01000100 [ca fe 17]
==> 17fe:  LD A, (0722h)       PC:1801 AF:0144 BC:489c DE:236f HL:09e7 SP:f797 IX:0000 IY:0000 Flags:01000100 [3a 22 07]
==> 1801:  DEC A               PC:1802 AF:0042 BC:489c DE:236f HL:09e7 SP:f797 IX:0000 IY:0000 Flags:01000010 [3d 32 cf]
==> 1802:  LD (09cfh), A       PC:1805 AF:0042 BC:489c DE:236f HL:09e7 SP:f797 IX:0000 IY:0000 Flags:01000010 [32 cf 09]
==> 1805:  RET Z               PC:2291 AF:0042 BC:489c DE:236f HL:09e7 SP:f799 IX:0000 IY:0000 Flags:01000010 [c8 f5 af]
==> 2291:  INC BC              PC:2292 AF:0042 BC:489d DE:236f HL:09e7 SP:f799 IX:0000 IY:0000 Flags:01000010 [03 c3 86]
==> 2292:  JP 2286h            PC:2286 AF:0042 BC:489d DE:236f HL:09e7 SP:f799 IX:0000 IY:0000 Flags:01000010 [c3 86 22]
==> 2286:  DEC D               PC:2287 AF:0022 BC:489d DE:226f HL:09e7 SP:f799 IX:0000 IY:0000 Flags:00100010 [15 c8 0a]
==> 2287:  RET Z               PC:2288 AF:0022 BC:489d DE:226f HL:09e7 SP:f799 IX:0000 IY:0000 Flags:00100010 [c8 0a cd]
==> 2288:  LD A, (BC)          PC:2289 AF:0a22 BC:489d DE:226f HL:09e7 SP:f799 IX:0000 IY:0000 Flags:00100010 [0a cd c5]
==> 2289:  CALL 10c5h          PC:10c5 AF:0a22 BC:489d DE:226f HL:09e7 SP:f797 IX:0000 IY:0000 Flags:00100010 [cd c5 10]
==> 10c5:  PUSH AF             PC:10c6 AF:0a22 BC:489d DE:226f HL:09e7 SP:f795 IX:0000 IY:0000 Flags:00100010 [f5 e5 2a]
==> 10c6:  PUSH HL             PC:10c7 AF:0a22 BC:489d DE:226f HL:09e7 SP:f793 IX:0000 IY:0000 Flags:00100010 [e5 2a 35]
==> 10c7:  LD HL, (0735h)      PC:10ca AF:0a22 BC:489d DE:226f HL:0000 SP:f793 IX:0000 IY:0000 Flags:00100010 [2a 35 07]
==> 10ca:  LD A, H             PC:10cb AF:0022 BC:489d DE:226f HL:0000 SP:f793 IX:0000 IY:0000 Flags:00100010 [7c b5 c2]
==> 10cb:  OR A, L             PC:10cc AF:0044 BC:489d DE:226f HL:0000 SP:f793 IX:0000 IY:0000 Flags:01000100 [b5 c2 14]
==> 10cc:  JP NZ, 2e14h        PC:10cf AF:0044 BC:489d DE:226f HL:0000 SP:f793 IX:0000 IY:0000 Flags:01000100 [c2 14 2e]
==> 10cf:  POP HL              PC:10d0 AF:0044 BC:489d DE:226f HL:09e7 SP:f795 IX:0000 IY:0000 Flags:01000100 [e1 3a 26]
==> 10d0:  LD A, (0726h)       PC:10d3 AF:0044 BC:489d DE:226f HL:09e7 SP:f795 IX:0000 IY:0000 Flags:01000100 [3a 26 07]
==> 10d3:  OR A, A             PC:10d4 AF:0044 BC:489d DE:226f HL:09e7 SP:f795 IX:0000 IY:0000 Flags:01000100 [b7 ca 29]
==> 10d4:  JP Z, 1129h         PC:1129 AF:0044 BC:489d DE:226f HL:09e7 SP:f795 IX:0000 IY:0000 Flags:01000100 [ca 29 11]
==> 1129:  LD A, (072ah)       PC:112c AF:0044 BC:489d DE:226f HL:09e7 SP:f795 IX:0000 IY:0000 Flags:01000100 [3a 2a 07]
==> 112c:  OR A, A             PC:112d AF:0044 BC:489d DE:226f HL:09e7 SP:f795 IX:0000 IY:0000 Flags:01000100 [b7 c2 b1]
==> 112d:  JP NZ, 22b1h        PC:1130 AF:0044 BC:489d DE:226f HL:09e7 SP:f795 IX:0000 IY:0000 Flags:01000100 [c2 b1 22]
==> 1130:  POP AF              PC:1131 AF:0a22 BC:489d DE:226f HL:09e7 SP:f797 IX:0000 IY:0000 Flags:00100010 [f1 c5 f5]
==> 1131:  PUSH BC             PC:1132 AF:0a22 BC:489d DE:226f HL:09e7 SP:f795 IX:0000 IY:0000 Flags:00100010 [c5 f5 fe]
==> 1132:  PUSH AF             PC:1133 AF:0a22 BC:489d DE:226f HL:09e7 SP:f793 IX:0000 IY:0000 Flags:00100010 [f5 fe 09]
==> 1133:  CP A, 09h           PC:1135 AF:0a0a BC:489d DE:226f HL:09e7 SP:f793 IX:0000 IY:0000 Flags:00001010 [fe 09 c2]
==> 1135:  JP NZ, 1148h        PC:1148 AF:0a0a BC:489d DE:226f HL:09e7 SP:f793 IX:0000 IY:0000 Flags:00001010 [c2 48 11]
==> 1148:  CP A, 20h           PC:114a AF:0aa3 BC:489d DE:226f HL:09e7 SP:f793 IX:0000 IY:0000 Flags:10100011 [fe 20 da]
==> 114a:  JP C, 115ch         PC:115c AF:0aa3 BC:489d DE:226f HL:09e7 SP:f793 IX:0000 IY:0000 Flags:10100011 [da 5c 11]
==> 115c:  POP AF              PC:115d AF:0a22 BC:489d DE:226f HL:09e7 SP:f795 IX:0000 IY:0000 Flags:00100010 [f1 c1 f5]
==> 115d:  POP BC              PC:115e AF:0a22 BC:489d DE:226f HL:09e7 SP:f797 IX:0000 IY:0000 Flags:00100010 [c1 f5 f1]
==> 115e:  PUSH AF             PC:115f AF:0a22 BC:489d DE:226f HL:09e7 SP:f795 IX:0000 IY:0000 Flags:00100010 [f5 f1 f5]
==> 115f:  POP AF              PC:1160 AF:0a22 BC:489d DE:226f HL:09e7 SP:f797 IX:0000 IY:0000 Flags:00100010 [f1 f5 c5]
==> 1160:  PUSH AF             PC:1161 AF:0a22 BC:489d DE:226f HL:09e7 SP:f795 IX:0000 IY:0000 Flags:00100010 [f5 c5 d5]
==> 1161:  PUSH BC             PC:1162 AF:0a22 BC:489d DE:226f HL:09e7 SP:f793 IX:0000 IY:0000 Flags:00100010 [c5 d5 0e]
==> 1162:  PUSH DE             PC:1163 AF:0a22 BC:489d DE:226f HL:09e7 SP:f791 IX:0000 IY:0000 Flags:00100010 [d5 0e 02]
==> 1163:  LD C, 02h           PC:1165 AF:0a22 BC:4802 DE:226f HL:09e7 SP:f791 IX:0000 IY:0000 Flags:00100010 [0e 02 4f]
==> 1165:  LD C, A             PC:1166 AF:0a22 BC:480a DE:226f HL:09e7 SP:f791 IX:0000 IY:0000 Flags:00100010 [4f e5 cd]
==> 1166:  PUSH HL             PC:1167 AF:0a22 BC:480a DE:226f HL:09e7 SP:f78f IX:0000 IY:0000 Flags:00100010 [e5 cd 84]
==> 1167:  CALL ff84h          PC:ff84 AF:0a22 BC:480a DE:226f HL:09e7 SP:f78d IX:0000 IY:0000 Flags:00100010 [cd 84 ff]

==> ff84:  RET                 PC:116a AF:0a22 BC:480a DE:226f HL:09e7 SP:f78f IX:0000 IY:0000 Flags:00100010 [c9 c9 c9]
==> 116a:  POP HL              PC:116b AF:0a22 BC:480a DE:226f HL:09e7 SP:f791 IX:0000 IY:0000 Flags:00100010 [e1 d1 c1]
==> 116b:  POP DE              PC:116c AF:0a22 BC:480a DE:226f HL:09e7 SP:f793 IX:0000 IY:0000 Flags:00100010 [d1 c1 f1]
==> 116c:  POP BC              PC:116d AF:0a22 BC:489d DE:226f HL:09e7 SP:f795 IX:0000 IY:0000 Flags:00100010 [c1 f1 c9]
==> 116d:  POP AF              PC:116e AF:0a22 BC:489d DE:226f HL:09e7 SP:f797 IX:0000 IY:0000 Flags:00100010 [f1 c9 e5]
==> 116e:  RET                 PC:228c AF:0a22 BC:489d DE:226f HL:09e7 SP:f799 IX:0000 IY:0000 Flags:00100010 [c9 e5 2a]
==> 228c:  CP A, 0dh           PC:228e AF:0a9b BC:489d DE:226f HL:09e7 SP:f799 IX:0000 IY:0000 Flags:10011011 [fe 0d cc]
==> 228e:  CALL Z, 17f2h       PC:2291 AF:0a9b BC:489d DE:226f HL:09e7 SP:f799 IX:0000 IY:0000 Flags:10011011 [cc f2 17]
==> 2291:  INC BC              PC:2292 AF:0a9b BC:489e DE:226f HL:09e7 SP:f799 IX:0000 IY:0000 Flags:10011011 [03 c3 86]
==> 2292:  JP 2286h            PC:2286 AF:0a9b BC:489e DE:226f HL:09e7 SP:f799 IX:0000 IY:0000 Flags:10011011 [c3 86 22]
==> 2286:  DEC D               PC:2287 AF:0a23 BC:489e DE:216f HL:09e7 SP:f799 IX:0000 IY:0000 Flags:00100011 [15 c8 0a]
==> 2287:  RET Z               PC:2288 AF:0a23 BC:489e DE:216f HL:09e7 SP:f799 IX:0000 IY:0000 Flags:00100011 [c8 0a cd]
==> 2288:  LD A, (BC)          PC:2289 AF:4323 BC:489e DE:216f HL:09e7 SP:f799 IX:0000 IY:0000 Flags:00100011 [0a cd c5]
==> 2289:  CALL 10c5h          PC:10c5 AF:4323 BC:489e DE:216f HL:09e7 SP:f797 IX:0000 IY:0000 Flags:00100011 [cd c5 10]
==> 10c5:  PUSH AF             PC:10c6 AF:4323 BC:489e DE:216f HL:09e7 SP:f795 IX:0000 IY:0000 Flags:00100011 [f5 e5 2a]
==> 10c6:  PUSH HL             PC:10c7 AF:4323 BC:489e DE:216f HL:09e7 SP:f793 IX:0000 IY:0000 Flags:00100011 [e5 2a 35]
==> 10c7:  LD HL, (0735h)      PC:10ca AF:4323 BC:489e DE:216f HL:0000 SP:f793 IX:0000 IY:0000 Flags:00100011 [2a 35 07]
==> 10ca:  LD A, H             PC:10cb AF:0023 BC:489e DE:216f HL:0000 SP:f793 IX:0000 IY:0000 Flags:00100011 [7c b5 c2]
==> 10cb:  OR A, L             PC:10cc AF:0044 BC:489e DE:216f HL:0000 SP:f793 IX:0000 IY:0000 Flags:01000100 [b5 c2 14]
==> 10cc:  JP NZ, 2e14h        PC:10cf AF:0044 BC:489e DE:216f HL:0000 SP:f793 IX:0000 IY:0000 Flags:01000100 [c2 14 2e]
==> 10cf:  POP HL              PC:10d0 AF:0044 BC:489e DE:216f HL:09e7 SP:f795 IX:0000 IY:0000 Flags:01000100 [e1 3a 26]
==> 10d0:  LD A, (0726h)       PC:10d3 AF:0044 BC:489e DE:216f HL:09e7 SP:f795 IX:0000 IY:0000 Flags:01000100 [3a 26 07]
==> 10d3:  OR A, A             PC:10d4 AF:0044 BC:489e DE:216f HL:09e7 SP:f795 IX:0000 IY:0000 Flags:01000100 [b7 ca 29]
==> 10d4:  JP Z, 1129h         PC:1129 AF:0044 BC:489e DE:216f HL:09e7 SP:f795 IX:0000 IY:0000 Flags:01000100 [ca 29 11]
==> 1129:  LD A, (072ah)       PC:112c AF:0044 BC:489e DE:216f HL:09e7 SP:f795 IX:0000 IY:0000 Flags:01000100 [3a 2a 07]
==> 112c:  OR A, A             PC:112d AF:0044 BC:489e DE:216f HL:09e7 SP:f795 IX:0000 IY:0000 Flags:01000100 [b7 c2 b1]
==> 112d:  JP NZ, 22b1h        PC:1130 AF:0044 BC:489e DE:216f HL:09e7 SP:f795 IX:0000 IY:0000 Flags:01000100 [c2 b1 22]
==> 1130:  POP AF              PC:1131 AF:4323 BC:489e DE:216f HL:09e7 SP:f797 IX:0000 IY:0000 Flags:00100011 [f1 c5 f5]
==> 1131:  PUSH BC             PC:1132 AF:4323 BC:489e DE:216f HL:09e7 SP:f795 IX:0000 IY:0000 Flags:00100011 [c5 f5 fe]
==> 1132:  PUSH AF             PC:1133 AF:4323 BC:489e DE:216f HL:09e7 SP:f793 IX:0000 IY:0000 Flags:00100011 [f5 fe 09]
==> 1133:  CP A, 09h           PC:1135 AF:431a BC:489e DE:216f HL:09e7 SP:f793 IX:0000 IY:0000 Flags:00011010 [fe 09 c2]
==> 1135:  JP NZ, 1148h        PC:1148 AF:431a BC:489e DE:216f HL:09e7 SP:f793 IX:0000 IY:0000 Flags:00011010 [c2 48 11]
==> 1148:  CP A, 20h           PC:114a AF:4322 BC:489e DE:216f HL:09e7 SP:f793 IX:0000 IY:0000 Flags:00100010 [fe 20 da]
==> 114a:  JP C, 115ch         PC:114d AF:4322 BC:489e DE:216f HL:09e7 SP:f793 IX:0000 IY:0000 Flags:00100010 [da 5c 11]
==> 114d:  LD A, (0727h)       PC:1150 AF:4822 BC:489e DE:216f HL:09e7 SP:f793 IX:0000 IY:0000 Flags:00100010 [3a 27 07]
==> 1150:  LD B, A             PC:1151 AF:4822 BC:489e DE:216f HL:09e7 SP:f793 IX:0000 IY:0000 Flags:00100010 [47 3a cf]
==> 1151:  LD A, (09cfh)       PC:1154 AF:0022 BC:489e DE:216f HL:09e7 SP:f793 IX:0000 IY:0000 Flags:00100010 [3a cf 09]
==> 1154:  CP A, B             PC:1155 AF:009b BC:489e DE:216f HL:09e7 SP:f793 IX:0000 IY:0000 Flags:10011011 [b8 cc e8]
==> 1155:  CALL Z, 17e8h       PC:1158 AF:009b BC:489e DE:216f HL:09e7 SP:f793 IX:0000 IY:0000 Flags:10011011 [cc e8 17]
==> 1158:  INC A               PC:1159 AF:0101 BC:489e DE:216f HL:09e7 SP:f793 IX:0000 IY:0000 Flags:00000001 [3c 32 cf]
==> 1159:  LD (09cfh), A       PC:115c AF:0101 BC:489e DE:216f HL:09e7 SP:f793 IX:0000 IY:0000 Flags:00000001 [32 cf 09]
==> 115c:  POP AF              PC:115d AF:4323 BC:489e DE:216f HL:09e7 SP:f795 IX:0000 IY:0000 Flags:00100011 [f1 c1 f5]
==> 115d:  POP BC              PC:115e AF:4323 BC:489e DE:216f HL:09e7 SP:f797 IX:0000 IY:0000 Flags:00100011 [c1 f5 f1]
==> 115e:  PUSH AF             PC:115f AF:4323 BC:489e DE:216f HL:09e7 SP:f795 IX:0000 IY:0000 Flags:00100011 [f5 f1 f5]
==> 115f:  POP AF              PC:1160 AF:4323 BC:489e DE:216f HL:09e7 SP:f797 IX:0000 IY:0000 Flags:00100011 [f1 f5 c5]
==> 1160:  PUSH AF             PC:1161 AF:4323 BC:489e DE:216f HL:09e7 SP:f795 IX:0000 IY:0000 Flags:00100011 [f5 c5 d5]
==> 1161:  PUSH BC             PC:1162 AF:4323 BC:489e DE:216f HL:09e7 SP:f793 IX:0000 IY:0000 Flags:00100011 [c5 d5 0e]
==> 1162:  PUSH DE             PC:1163 AF:4323 BC:489e DE:216f HL:09e7 SP:f791 IX:0000 IY:0000 Flags:00100011 [d5 0e 02]
==> 1163:  LD C, 02h           PC:1165 AF:4323 BC:4802 DE:216f HL:09e7 SP:f791 IX:0000 IY:0000 Flags:00100011 [0e 02 4f]
==> 1165:  LD C, A             PC:1166 AF:4323 BC:4843 DE:216f HL:09e7 SP:f791 IX:0000 IY:0000 Flags:00100011 [4f e5 cd]
==> 1166:  PUSH HL             PC:1167 AF:4323 BC:4843 DE:216f HL:09e7 SP:f78f IX:0000 IY:0000 Flags:00100011 [e5 cd 84]
==> 1167:  CALL ff84h          PC:ff84 AF:4323 BC:4843 DE:216f HL:09e7 SP:f78d IX:0000 IY:0000 Flags:00100011 [cd 84 ff]
C==> ff84:  RET                 PC:116a AF:4323 BC:4843 DE:216f HL:09e7 SP:f78f IX:0000 IY:0000 Flags:00100011 [c9 c9 c9]
==> 116a:  POP HL              PC:116b AF:4323 BC:4843 DE:216f HL:09e7 SP:f791 IX:0000 IY:0000 Flags:00100011 [e1 d1 c1]
==> 116b:  POP DE              PC:116c AF:4323 BC:4843 DE:216f HL:09e7 SP:f793 IX:0000 IY:0000 Flags:00100011 [d1 c1 f1]
==> 116c:  POP BC              PC:116d AF:4323 BC:489e DE:216f HL:09e7 SP:f795 IX:0000 IY:0000 Flags:00100011 [c1 f1 c9]
==> 116d:  POP AF              PC:116e AF:4323 BC:489e DE:216f HL:09e7 SP:f797 IX:0000 IY:0000 Flags:00100011 [f1 c9 e5]
==> 116e:  RET                 PC:228c AF:4323 BC:489e DE:216f HL:09e7 SP:f799 IX:0000 IY:0000 Flags:00100011 [c9 e5 2a]
==> 228c:  CP A, 0dh           PC:228e AF:431a BC:489e DE:216f HL:09e7 SP:f799 IX:0000 IY:0000 Flags:00011010 [fe 0d cc]
==> 228e:  CALL Z, 17f2h       PC:2291 AF:431a BC:489e DE:216f HL:09e7 SP:f799 IX:0000 IY:0000 Flags:00011010 [cc f2 17]
==> 2291:  INC BC              PC:2292 AF:431a BC:489f DE:216f HL:09e7 SP:f799 IX:0000 IY:0000 Flags:00011010 [03 c3 86]
==> 2292:  JP 2286h            PC:2286 AF:431a BC:489f DE:216f HL:09e7 SP:f799 IX:0000 IY:0000 Flags:00011010 [c3 86 22]
==> 2286:  DEC D               PC:2287 AF:4322 BC:489f DE:206f HL:09e7 SP:f799 IX:0000 IY:0000 Flags:00100010 [15 c8 0a]
==> 2287:  RET Z               PC:2288 AF:4322 BC:489f DE:206f HL:09e7 SP:f799 IX:0000 IY:0000 Flags:00100010 [c8 0a cd]
==> 2288:  LD A, (BC)          PC:2289 AF:6f22 BC:489f DE:206f HL:09e7 SP:f799 IX:0000 IY:0000 Flags:00100010 [0a cd c5]
==> 2289:  CALL 10c5h          PC:10c5 AF:6f22 BC:489f DE:206f HL:09e7 SP:f797 IX:0000 IY:0000 Flags:00100010 [cd c5 10]
==> 10c5:  PUSH AF             PC:10c6 AF:6f22 BC:489f DE:206f HL:09e7 SP:f795 IX:0000 IY:0000 Flags:00100010 [f5 e5 2a]
==> 10c6:  PUSH HL             PC:10c7 AF:6f22 BC:489f DE:206f HL:09e7 SP:f793 IX:0000 IY:0000 Flags:00100010 [e5 2a 35]
==> 10c7:  LD HL, (0735h)      PC:10ca AF:6f22 BC:489f DE:206f HL:0000 SP:f793 IX:0000 IY:0000 Flags:00100010 [2a 35 07]
==> 10ca:  LD A, H             PC:10cb AF:0022 BC:489f DE:206f HL:0000 SP:f793 IX:0000 IY:0000 Flags:00100010 [7c b5 c2]
==> 10cb:  OR A, L             PC:10cc AF:0044 BC:489f DE:206f HL:0000 SP:f793 IX:0000 IY:0000 Flags:01000100 [b5 c2 14]
==> 10cc:  JP NZ, 2e14h        PC:10cf AF:0044 BC:489f DE:206f HL:0000 SP:f793 IX:0000 IY:0000 Flags:01000100 [c2 14 2e]
==> 10cf:  POP HL              PC:10d0 AF:0044 BC:489f DE:206f HL:09e7 SP:f795 IX:0000 IY:0000 Flags:01000100 [e1 3a 26]
==> 10d0:  LD A, (0726h)       PC:10d3 AF:0044 BC:489f DE:206f HL:09e7 SP:f795 IX:0000 IY:0000 Flags:01000100 [3a 26 07]
==> 10d3:  OR A, A             PC:10d4 AF:0044 BC:489f DE:206f HL:09e7 SP:f795 IX:0000 IY:0000 Flags:01000100 [b7 ca 29]
==> 10d4:  JP Z, 1129h         PC:1129 AF:0044 BC:489f DE:206f HL:09e7 SP:f795 IX:0000 IY:0000 Flags:01000100 [ca 29 11]
==> 1129:  LD A, (072ah)       PC:112c AF:0044 BC:489f DE:206f HL:09e7 SP:f795 IX:0000 IY:0000 Flags:01000100 [3a 2a 07]
==> 112c:  OR A, A             PC:112d AF:0044 BC:489f DE:206f HL:09e7 SP:f795 IX:0000 IY:0000 Flags:01000100 [b7 c2 b1]
==> 112d:  JP NZ, 22b1h        PC:1130 AF:0044 BC:489f DE:206f HL:09e7 SP:f795 IX:0000 IY:0000 Flags:01000100 [c2 b1 22]
==> 1130:  POP AF              PC:1131 AF:6f22 BC:489f DE:206f HL:09e7 SP:f797 IX:0000 IY:0000 Flags:00100010 [f1 c5 f5]
==> 1131:  PUSH BC             PC:1132 AF:6f22 BC:489f DE:206f HL:09e7 SP:f795 IX:0000 IY:0000 Flags:00100010 [c5 f5 fe]
==> 1132:  PUSH AF             PC:1133 AF:6f22 BC:489f DE:206f HL:09e7 SP:f793 IX:0000 IY:0000 Flags:00100010 [f5 fe 09]
==> 1133:  CP A, 09h           PC:1135 AF:6f0a BC:489f DE:206f HL:09e7 SP:f793 IX:0000 IY:0000 Flags:00001010 [fe 09 c2]
==> 1135:  JP NZ, 1148h        PC:1148 AF:6f0a BC:489f DE:206f HL:09e7 SP:f793 IX:0000 IY:0000 Flags:00001010 [c2 48 11]
==> 1148:  CP A, 20h           PC:114a AF:6f22 BC:489f DE:206f HL:09e7 SP:f793 IX:0000 IY:0000 Flags:00100010 [fe 20 da]
==> 114a:  JP C, 115ch         PC:114d AF:6f22 BC:489f DE:206f HL:09e7 SP:f793 IX:0000 IY:0000 Flags:00100010 [da 5c 11]
==> 114d:  LD A, (0727h)       PC:1150 AF:4822 BC:489f DE:206f HL:09e7 SP:f793 IX:0000 IY:0000 Flags:00100010 [3a 27 07]
==> 1150:  LD B, A             PC:1151 AF:4822 BC:489f DE:206f HL:09e7 SP:f793 IX:0000 IY:0000 Flags:00100010 [47 3a cf]
==> 1151:  LD A, (09cfh)       PC:1154 AF:0122 BC:489f DE:206f HL:09e7 SP:f793 IX:0000 IY:0000 Flags:00100010 [3a cf 09]
==> 1154:  CP A, B             PC:1155 AF:019b BC:489f DE:206f HL:09e7 SP:f793 IX:0000 IY:0000 Flags:10011011 [b8 cc e8]
==> 1155:  CALL Z, 17e8h       PC:1158 AF:019b BC:489f DE:206f HL:09e7 SP:f793 IX:0000 IY:0000 Flags:10011011 [cc e8 17]
==> 1158:  INC A               PC:1159 AF:0201 BC:489f DE:206f HL:09e7 SP:f793 IX:0000 IY:0000 Flags:00000001 [3c 32 cf]
==> 1159:  LD (09cfh), A       PC:115c AF:0201 BC:489f DE:206f HL:09e7 SP:f793 IX:0000 IY:0000 Flags:00000001 [32 cf 09]
==> 115c:  POP AF              PC:115d AF:6f22 BC:489f DE:206f HL:09e7 SP:f795 IX:0000 IY:0000 Flags:00100010 [f1 c1 f5]
==> 115d:  POP BC              PC:115e AF:6f22 BC:489f DE:206f HL:09e7 SP:f797 IX:0000 IY:0000 Flags:00100010 [c1 f5 f1]
==> 115e:  PUSH AF             PC:115f AF:6f22 BC:489f DE:206f HL:09e7 SP:f795 IX:0000 IY:0000 Flags:00100010 [f5 f1 f5]
==> 115f:  POP AF              PC:1160 AF:6f22 BC:489f DE:206f HL:09e7 SP:f797 IX:0000 IY:0000 Flags:00100010 [f1 f5 c5]
==> 1160:  PUSH AF             PC:1161 AF:6f22 BC:489f DE:206f HL:09e7 SP:f795 IX:0000 IY:0000 Flags:00100010 [f5 c5 d5]
==> 1161:  PUSH BC             PC:1162 AF:6f22 BC:489f DE:206f HL:09e7 SP:f793 IX:0000 IY:0000 Flags:00100010 [c5 d5 0e]
==> 1162:  PUSH DE             PC:1163 AF:6f22 BC:489f DE:206f HL:09e7 SP:f791 IX:0000 IY:0000 Flags:00100010 [d5 0e 02]
==> 1163:  LD C, 02h           PC:1165 AF:6f22 BC:4802 DE:206f HL:09e7 SP:f791 IX:0000 IY:0000 Flags:00100010 [0e 02 4f]
==> 1165:  LD C, A             PC:1166 AF:6f22 BC:486f DE:206f HL:09e7 SP:f791 IX:0000 IY:0000 Flags:00100010 [4f e5 cd]
==> 1166:  PUSH HL             PC:1167 AF:6f22 BC:486f DE:206f HL:09e7 SP:f78f IX:0000 IY:0000 Flags:00100010 [e5 cd 84]
==> 1167:  CALL ff84h          PC:ff84 AF:6f22 BC:486f DE:206f HL:09e7 SP:f78d IX:0000 IY:0000 Flags:00100010 [cd 84 ff]
o==> ff84:  RET                 PC:116a AF:6f22 BC:486f DE:206f HL:09e7 SP:f78f IX:0000 IY:0000 Flags:00100010 [c9 c9 c9]
==> 116a:  POP HL              PC:116b AF:6f22 BC:486f DE:206f HL:09e7 SP:f791 IX:0000 IY:0000 Flags:00100010 [e1 d1 c1]
==> 116b:  POP DE              PC:116c AF:6f22 BC:486f DE:206f HL:09e7 SP:f793 IX:0000 IY:0000 Flags:00100010 [d1 c1 f1]
==> 116c:  POP BC              PC:116d AF:6f22 BC:489f DE:206f HL:09e7 SP:f795 IX:0000 IY:0000 Flags:00100010 [c1 f1 c9]
==> 116d:  POP AF              PC:116e AF:6f22 BC:489f DE:206f HL:09e7 SP:f797 IX:0000 IY:0000 Flags:00100010 [f1 c9 e5]
==> 116e:  RET                 PC:228c AF:6f22 BC:489f DE:206f HL:09e7 SP:f799 IX:0000 IY:0000 Flags:00100010 [c9 e5 2a]
==> 228c:  CP A, 0dh           PC:228e AF:6f0a BC:489f DE:206f HL:09e7 SP:f799 IX:0000 IY:0000 Flags:00001010 [fe 0d cc]
==> 228e:  CALL Z, 17f2h       PC:2291 AF:6f0a BC:489f DE:206f HL:09e7 SP:f799 IX:0000 IY:0000 Flags:00001010 [cc f2 17]
==> 2291:  INC BC              PC:2292 AF:6f0a BC:48a0 DE:206f HL:09e7 SP:f799 IX:0000 IY:0000 Flags:00001010 [03 c3 86]
==> 2292:  JP 2286h            PC:2286 AF:6f0a BC:48a0 DE:206f HL:09e7 SP:f799 IX:0000 IY:0000 Flags:00001010 [c3 86 22]
==> 2286:  DEC D               PC:2287 AF:6f1a BC:48a0 DE:1f6f HL:09e7 SP:f799 IX:0000 IY:0000 Flags:00011010 [15 c8 0a]
==> 2287:  RET Z               PC:2288 AF:6f1a BC:48a0 DE:1f6f HL:09e7 SP:f799 IX:0000 IY:0000 Flags:00011010 [c8 0a cd]
==> 2288:  LD A, (BC)          PC:2289 AF:701a BC:48a0 DE:1f6f HL:09e7 SP:f799 IX:0000 IY:0000 Flags:00011010 [0a cd c5]
==> 2289:  CALL 10c5h          PC:10c5 AF:701a BC:48a0 DE:1f6f HL:09e7 SP:f797 IX:0000 IY:0000 Flags:00011010 [cd c5 10]
==> 10c5:  PUSH AF             PC:10c6 AF:701a BC:48a0 DE:1f6f HL:09e7 SP:f795 IX:0000 IY:0000 Flags:00011010 [f5 e5 2a]
==> 10c6:  PUSH HL             PC:10c7 AF:701a BC:48a0 DE:1f6f HL:09e7 SP:f793 IX:0000 IY:0000 Flags:00011010 [e5 2a 35]
==> 10c7:  LD HL, (0735h)      PC:10ca AF:701a BC:48a0 DE:1f6f HL:0000 SP:f793 IX:0000 IY:0000 Flags:00011010 [2a 35 07]
==> 10ca:  LD A, H             PC:10cb AF:001a BC:48a0 DE:1f6f HL:0000 SP:f793 IX:0000 IY:0000 Flags:00011010 [7c b5 c2]
==> 10cb:  OR A, L             PC:10cc AF:0044 BC:48a0 DE:1f6f HL:0000 SP:f793 IX:0000 IY:0000 Flags:01000100 [b5 c2 14]
==> 10cc:  JP NZ, 2e14h        PC:10cf AF:0044 BC:48a0 DE:1f6f HL:0000 SP:f793 IX:0000 IY:0000 Flags:01000100 [c2 14 2e]
==> 10cf:  POP HL              PC:10d0 AF:0044 BC:48a0 DE:1f6f HL:09e7 SP:f795 IX:0000 IY:0000 Flags:01000100 [e1 3a 26]
==> 10d0:  LD A, (0726h)       PC:10d3 AF:0044 BC:48a0 DE:1f6f HL:09e7 SP:f795 IX:0000 IY:0000 Flags:01000100 [3a 26 07]
==> 10d3:  OR A, A             PC:10d4 AF:0044 BC:48a0 DE:1f6f HL:09e7 SP:f795 IX:0000 IY:0000 Flags:01000100 [b7 ca 29]
==> 10d4:  JP Z, 1129h         PC:1129 AF:0044 BC:48a0 DE:1f6f HL:09e7 SP:f795 IX:0000 IY:0000 Flags:01000100 [ca 29 11]
==> 1129:  LD A, (072ah)       PC:112c AF:0044 BC:48a0 DE:1f6f HL:09e7 SP:f795 IX:0000 IY:0000 Flags:01000100 [3a 2a 07]
==> 112c:  OR A, A             PC:112d AF:0044 BC:48a0 DE:1f6f HL:09e7 SP:f795 IX:0000 IY:0000 Flags:01000100 [b7 c2 b1]
==> 112d:  JP NZ, 22b1h        PC:1130 AF:0044 BC:48a0 DE:1f6f HL:09e7 SP:f795 IX:0000 IY:0000 Flags:01000100 [c2 b1 22]
==> 1130:  POP AF              PC:1131 AF:701a BC:48a0 DE:1f6f HL:09e7 SP:f797 IX:0000 IY:0000 Flags:00011010 [f1 c5 f5]
==> 1131:  PUSH BC             PC:1132 AF:701a BC:48a0 DE:1f6f HL:09e7 SP:f795 IX:0000 IY:0000 Flags:00011010 [c5 f5 fe]
==> 1132:  PUSH AF             PC:1133 AF:701a BC:48a0 DE:1f6f HL:09e7 SP:f793 IX:0000 IY:0000 Flags:00011010 [f5 fe 09]
==> 1133:  CP A, 09h           PC:1135 AF:701a BC:48a0 DE:1f6f HL:09e7 SP:f793 IX:0000 IY:0000 Flags:00011010 [fe 09 c2]
==> 1135:  JP NZ, 1148h        PC:1148 AF:701a BC:48a0 DE:1f6f HL:09e7 SP:f793 IX:0000 IY:0000 Flags:00011010 [c2 48 11]
==> 1148:  CP A, 20h           PC:114a AF:7022 BC:48a0 DE:1f6f HL:09e7 SP:f793 IX:0000 IY:0000 Flags:00100010 [fe 20 da]
==> 114a:  JP C, 115ch         PC:114d AF:7022 BC:48a0 DE:1f6f HL:09e7 SP:f793 IX:0000 IY:0000 Flags:00100010 [da 5c 11]
==> 114d:  LD A, (0727h)       PC:1150 AF:4822 BC:48a0 DE:1f6f HL:09e7 SP:f793 IX:0000 IY:0000 Flags:00100010 [3a 27 07]
==> 1150:  LD B, A             PC:1151 AF:4822 BC:48a0 DE:1f6f HL:09e7 SP:f793 IX:0000 IY:0000 Flags:00100010 [47 3a cf]
==> 1151:  LD A, (09cfh)       PC:1154 AF:0222 BC:48a0 DE:1f6f HL:09e7 SP:f793 IX:0000 IY:0000 Flags:00100010 [3a cf 09]
==> 1154:  CP A, B             PC:1155 AF:029b BC:48a0 DE:1f6f HL:09e7 SP:f793 IX:0000 IY:0000 Flags:10011011 [b8 cc e8]
==> 1155:  CALL Z, 17e8h       PC:1158 AF:029b BC:48a0 DE:1f6f HL:09e7 SP:f793 IX:0000 IY:0000 Flags:10011011 [cc e8 17]
==> 1158:  INC A               PC:1159 AF:0301 BC:48a0 DE:1f6f HL:09e7 SP:f793 IX:0000 IY:0000 Flags:00000001 [3c 32 cf]
==> 1159:  LD (09cfh), A       PC:115c AF:0301 BC:48a0 DE:1f6f HL:09e7 SP:f793 IX:0000 IY:0000 Flags:00000001 [32 cf 09]
==> 115c:  POP AF              PC:115d AF:701a BC:48a0 DE:1f6f HL:09e7 SP:f795 IX:0000 IY:0000 Flags:00011010 [f1 c1 f5]
==> 115d:  POP BC              PC:115e AF:701a BC:48a0 DE:1f6f HL:09e7 SP:f797 IX:0000 IY:0000 Flags:00011010 [c1 f5 f1]
==> 115e:  PUSH AF             PC:115f AF:701a BC:48a0 DE:1f6f HL:09e7 SP:f795 IX:0000 IY:0000 Flags:00011010 [f5 f1 f5]
==> 115f:  POP AF              PC:1160 AF:701a BC:48a0 DE:1f6f HL:09e7 SP:f797 IX:0000 IY:0000 Flags:00011010 [f1 f5 c5]
==> 1160:  PUSH AF             PC:1161 AF:701a BC:48a0 DE:1f6f HL:09e7 SP:f795 IX:0000 IY:0000 Flags:00011010 [f5 c5 d5]
==> 1161:  PUSH BC             PC:1162 AF:701a BC:48a0 DE:1f6f HL:09e7 SP:f793 IX:0000 IY:0000 Flags:00011010 [c5 d5 0e]
==> 1162:  PUSH DE             PC:1163 AF:701a BC:48a0 DE:1f6f HL:09e7 SP:f791 IX:0000 IY:0000 Flags:00011010 [d5 0e 02]
==> 1163:  LD C, 02h           PC:1165 AF:701a BC:4802 DE:1f6f HL:09e7 SP:f791 IX:0000 IY:0000 Flags:00011010 [0e 02 4f]
==> 1165:  LD C, A             PC:1166 AF:701a BC:4870 DE:1f6f HL:09e7 SP:f791 IX:0000 IY:0000 Flags:00011010 [4f e5 cd]
==> 1166:  PUSH HL             PC:1167 AF:701a BC:4870 DE:1f6f HL:09e7 SP:f78f IX:0000 IY:0000 Flags:00011010 [e5 cd 84]
==> 1167:  CALL ff84h          PC:ff84 AF:701a BC:4870 DE:1f6f HL:09e7 SP:f78d IX:0000 IY:0000 Flags:00011010 [cd 84 ff]
p==> ff84:  RET                 PC:116a AF:701a BC:4870 DE:1f6f HL:09e7 SP:f78f IX:0000 IY:0000 Flags:00011010 [c9 c9 c9]
==> 116a:  POP HL              PC:116b AF:701a BC:4870 DE:1f6f HL:09e7 SP:f791 IX:0000 IY:0000 Flags:00011010 [e1 d1 c1]
==> 116b:  POP DE              PC:116c AF:701a BC:4870 DE:1f6f HL:09e7 SP:f793 IX:0000 IY:0000 Flags:00011010 [d1 c1 f1]
==> 116c:  POP BC              PC:116d AF:701a BC:48a0 DE:1f6f HL:09e7 SP:f795 IX:0000 IY:0000 Flags:00011010 [c1 f1 c9]
==> 116d:  POP AF              PC:116e AF:701a BC:48a0 DE:1f6f HL:09e7 SP:f797 IX:0000 IY:0000 Flags:00011010 [f1 c9 e5]
==> 116e:  RET                 PC:228c AF:701a BC:48a0 DE:1f6f HL:09e7 SP:f799 IX:0000 IY:0000 Flags:00011010 [c9 e5 2a]
==> 228c:  CP A, 0dh           PC:228e AF:701a BC:48a0 DE:1f6f HL:09e7 SP:f799 IX:0000 IY:0000 Flags:00011010 [fe 0d cc]
==> 228e:  CALL Z, 17f2h       PC:2291 AF:701a BC:48a0 DE:1f6f HL:09e7 SP:f799 IX:0000 IY:0000 Flags:00011010 [cc f2 17]
==> 2291:  INC BC              PC:2292 AF:701a BC:48a1 DE:1f6f HL:09e7 SP:f799 IX:0000 IY:0000 Flags:00011010 [03 c3 86]
==> 2292:  JP 2286h            PC:2286 AF:701a BC:48a1 DE:1f6f HL:09e7 SP:f799 IX:0000 IY:0000 Flags:00011010 [c3 86 22]
==> 2286:  DEC D               PC:2287 AF:700a BC:48a1 DE:1e6f HL:09e7 SP:f799 IX:0000 IY:0000 Flags:00001010 [15 c8 0a]
==> 2287:  RET Z               PC:2288 AF:700a BC:48a1 DE:1e6f HL:09e7 SP:f799 IX:0000 IY:0000 Flags:00001010 [c8 0a cd]
==> 2288:  LD A, (BC)          PC:2289 AF:790a BC:48a1 DE:1e6f HL:09e7 SP:f799 IX:0000 IY:0000 Flags:00001010 [0a cd c5]
==> 2289:  CALL 10c5h          PC:10c5 AF:790a BC:48a1 DE:1e6f HL:09e7 SP:f797 IX:0000 IY:0000 Flags:00001010 [cd c5 10]
==> 10c5:  PUSH AF             PC:10c6 AF:790a BC:48a1 DE:1e6f HL:09e7 SP:f795 IX:0000 IY:0000 Flags:00001010 [f5 e5 2a]
==> 10c6:  PUSH HL             PC:10c7 AF:790a BC:48a1 DE:1e6f HL:09e7 SP:f793 IX:0000 IY:0000 Flags:00001010 [e5 2a 35]
==> 10c7:  LD HL, (0735h)      PC:10ca AF:790a BC:48a1 DE:1e6f HL:0000 SP:f793 IX:0000 IY:0000 Flags:00001010 [2a 35 07]
==> 10ca:  LD A, H             PC:10cb AF:000a BC:48a1 DE:1e6f HL:0000 SP:f793 IX:0000 IY:0000 Flags:00001010 [7c b5 c2]
==> 10cb:  OR A, L             PC:10cc AF:0044 BC:48a1 DE:1e6f HL:0000 SP:f793 IX:0000 IY:0000 Flags:01000100 [b5 c2 14]
==> 10cc:  JP NZ, 2e14h        PC:10cf AF:0044 BC:48a1 DE:1e6f HL:0000 SP:f793 IX:0000 IY:0000 Flags:01000100 [c2 14 2e]
==> 10cf:  POP HL              PC:10d0 AF:0044 BC:48a1 DE:1e6f HL:09e7 SP:f795 IX:0000 IY:0000 Flags:01000100 [e1 3a 26]
==> 10d0:  LD A, (0726h)       PC:10d3 AF:0044 BC:48a1 DE:1e6f HL:09e7 SP:f795 IX:0000 IY:0000 Flags:01000100 [3a 26 07]
==> 10d3:  OR A, A             PC:10d4 AF:0044 BC:48a1 DE:1e6f HL:09e7 SP:f795 IX:0000 IY:0000 Flags:01000100 [b7 ca 29]
==> 10d4:  JP Z, 1129h         PC:1129 AF:0044 BC:48a1 DE:1e6f HL:09e7 SP:f795 IX:0000 IY:0000 Flags:01000100 [ca 29 11]
==> 1129:  LD A, (072ah)       PC:112c AF:0044 BC:48a1 DE:1e6f HL:09e7 SP:f795 IX:0000 IY:0000 Flags:01000100 [3a 2a 07]
==> 112c:  OR A, A             PC:112d AF:0044 BC:48a1 DE:1e6f HL:09e7 SP:f795 IX:0000 IY:0000 Flags:01000100 [b7 c2 b1]
==> 112d:  JP NZ, 22b1h        PC:1130 AF:0044 BC:48a1 DE:1e6f HL:09e7 SP:f795 IX:0000 IY:0000 Flags:01000100 [c2 b1 22]
==> 1130:  POP AF              PC:1131 AF:790a BC:48a1 DE:1e6f HL:09e7 SP:f797 IX:0000 IY:0000 Flags:00001010 [f1 c5 f5]
==> 1131:  PUSH BC             PC:1132 AF:790a BC:48a1 DE:1e6f HL:09e7 SP:f795 IX:0000 IY:0000 Flags:00001010 [c5 f5 fe]
==> 1132:  PUSH AF             PC:1133 AF:790a BC:48a1 DE:1e6f HL:09e7 SP:f793 IX:0000 IY:0000 Flags:00001010 [f5 fe 09]
==> 1133:  CP A, 09h           PC:1135 AF:790a BC:48a1 DE:1e6f HL:09e7 SP:f793 IX:0000 IY:0000 Flags:00001010 [fe 09 c2]
==> 1135:  JP NZ, 1148h        PC:1148 AF:790a BC:48a1 DE:1e6f HL:09e7 SP:f793 IX:0000 IY:0000 Flags:00001010 [c2 48 11]
==> 1148:  CP A, 20h           PC:114a AF:7922 BC:48a1 DE:1e6f HL:09e7 SP:f793 IX:0000 IY:0000 Flags:00100010 [fe 20 da]
==> 114a:  JP C, 115ch         PC:114d AF:7922 BC:48a1 DE:1e6f HL:09e7 SP:f793 IX:0000 IY:0000 Flags:00100010 [da 5c 11]
==> 114d:  LD A, (0727h)       PC:1150 AF:4822 BC:48a1 DE:1e6f HL:09e7 SP:f793 IX:0000 IY:0000 Flags:00100010 [3a 27 07]
==> 1150:  LD B, A             PC:1151 AF:4822 BC:48a1 DE:1e6f HL:09e7 SP:f793 IX:0000 IY:0000 Flags:00100010 [47 3a cf]
==> 1151:  LD A, (09cfh)       PC:1154 AF:0322 BC:48a1 DE:1e6f HL:09e7 SP:f793 IX:0000 IY:0000 Flags:00100010 [3a cf 09]
==> 1154:  CP A, B             PC:1155 AF:039b BC:48a1 DE:1e6f HL:09e7 SP:f793 IX:0000 IY:0000 Flags:10011011 [b8 cc e8]
==> 1155:  CALL Z, 17e8h       PC:1158 AF:039b BC:48a1 DE:1e6f HL:09e7 SP:f793 IX:0000 IY:0000 Flags:10011011 [cc e8 17]
==> 1158:  INC A               PC:1159 AF:0401 BC:48a1 DE:1e6f HL:09e7 SP:f793 IX:0000 IY:0000 Flags:00000001 [3c 32 cf]
==> 1159:  LD (09cfh), A       PC:115c AF:0401 BC:48a1 DE:1e6f HL:09e7 SP:f793 IX:0000 IY:0000 Flags:00000001 [32 cf 09]
==> 115c:  POP AF              PC:115d AF:790a BC:48a1 DE:1e6f HL:09e7 SP:f795 IX:0000 IY:0000 Flags:00001010 [f1 c1 f5]
==> 115d:  POP BC              PC:115e AF:790a BC:48a1 DE:1e6f HL:09e7 SP:f797 IX:0000 IY:0000 Flags:00001010 [c1 f5 f1]
==> 115e:  PUSH AF             PC:115f AF:790a BC:48a1 DE:1e6f HL:09e7 SP:f795 IX:0000 IY:0000 Flags:00001010 [f5 f1 f5]
==> 115f:  POP AF              PC:1160 AF:790a BC:48a1 DE:1e6f HL:09e7 SP:f797 IX:0000 IY:0000 Flags:00001010 [f1 f5 c5]
==> 1160:  PUSH AF             PC:1161 AF:790a BC:48a1 DE:1e6f HL:09e7 SP:f795 IX:0000 IY:0000 Flags:00001010 [f5 c5 d5]
==> 1161:  PUSH BC             PC:1162 AF:790a BC:48a1 DE:1e6f HL:09e7 SP:f793 IX:0000 IY:0000 Flags:00001010 [c5 d5 0e]
==> 1162:  PUSH DE             PC:1163 AF:790a BC:48a1 DE:1e6f HL:09e7 SP:f791 IX:0000 IY:0000 Flags:00001010 [d5 0e 02]
==> 1163:  LD C, 02h           PC:1165 AF:790a BC:4802 DE:1e6f HL:09e7 SP:f791 IX:0000 IY:0000 Flags:00001010 [0e 02 4f]
==> 1165:  LD C, A             PC:1166 AF:790a BC:4879 DE:1e6f HL:09e7 SP:f791 IX:0000 IY:0000 Flags:00001010 [4f e5 cd]
==> 1166:  PUSH HL             PC:1167 AF:790a BC:4879 DE:1e6f HL:09e7 SP:f78f IX:0000 IY:0000 Flags:00001010 [e5 cd 84]
==> 1167:  CALL ff84h          PC:ff84 AF:790a BC:4879 DE:1e6f HL:09e7 SP:f78d IX:0000 IY:0000 Flags:00001010 [cd 84 ff]
y==> ff84:  RET                 PC:116a AF:790a BC:4879 DE:1e6f HL:09e7 SP:f78f IX:0000 IY:0000 Flags:00001010 [c9 c9 c9]
==> 116a:  POP HL              PC:116b AF:790a BC:4879 DE:1e6f HL:09e7 SP:f791 IX:0000 IY:0000 Flags:00001010 [e1 d1 c1]
==> 116b:  POP DE              PC:116c AF:790a BC:4879 DE:1e6f HL:09e7 SP:f793 IX:0000 IY:0000 Flags:00001010 [d1 c1 f1]
==> 116c:  POP BC              PC:116d AF:790a BC:48a1 DE:1e6f HL:09e7 SP:f795 IX:0000 IY:0000 Flags:00001010 [c1 f1 c9]
==> 116d:  POP AF              PC:116e AF:790a BC:48a1 DE:1e6f HL:09e7 SP:f797 IX:0000 IY:0000 Flags:00001010 [f1 c9 e5]
==> 116e:  RET                 PC:228c AF:790a BC:48a1 DE:1e6f HL:09e7 SP:f799 IX:0000 IY:0000 Flags:00001010 [c9 e5 2a]
==> 228c:  CP A, 0dh           PC:228e AF:791a BC:48a1 DE:1e6f HL:09e7 SP:f799 IX:0000 IY:0000 Flags:00011010 [fe 0d cc]
==> 228e:  CALL Z, 17f2h       PC:2291 AF:791a BC:48a1 DE:1e6f HL:09e7 SP:f799 IX:0000 IY:0000 Flags:00011010 [cc f2 17]
==> 2291:  INC BC              PC:2292 AF:791a BC:48a2 DE:1e6f HL:09e7 SP:f799 IX:0000 IY:0000 Flags:00011010 [03 c3 86]
==> 2292:  JP 2286h            PC:2286 AF:791a BC:48a2 DE:1e6f HL:09e7 SP:f799 IX:0000 IY:0000 Flags:00011010 [c3 86 22]
==> 2286:  DEC D               PC:2287 AF:790a BC:48a2 DE:1d6f HL:09e7 SP:f799 IX:0000 IY:0000 Flags:00001010 [15 c8 0a]
==> 2287:  RET Z               PC:2288 AF:790a BC:48a2 DE:1d6f HL:09e7 SP:f799 IX:0000 IY:0000 Flags:00001010 [c8 0a cd]
==> 2288:  LD A, (BC)          PC:2289 AF:720a BC:48a2 DE:1d6f HL:09e7 SP:f799 IX:0000 IY:0000 Flags:00001010 [0a cd c5]
==> 2289:  CALL 10c5h          PC:10c5 AF:720a BC:48a2 DE:1d6f HL:09e7 SP:f797 IX:0000 IY:0000 Flags:00001010 [cd c5 10]
==> 10c5:  PUSH AF             PC:10c6 AF:720a BC:48a2 DE:1d6f HL:09e7 SP:f795 IX:0000 IY:0000 Flags:00001010 [f5 e5 2a]
==> 10c6:  PUSH HL             PC:10c7 AF:720a BC:48a2 DE:1d6f HL:09e7 SP:f793 IX:0000 IY:0000 Flags:00001010 [e5 2a 35]
==> 10c7:  LD HL, (0735h)      PC:10ca AF:720a BC:48a2 DE:1d6f HL:0000 SP:f793 IX:0000 IY:0000 Flags:00001010 [2a 35 07]
==> 10ca:  LD A, H             PC:10cb AF:000a BC:48a2 DE:1d6f HL:0000 SP:f793 IX:0000 IY:0000 Flags:00001010 [7c b5 c2]
==> 10cb:  OR A, L             PC:10cc AF:0044 BC:48a2 DE:1d6f HL:0000 SP:f793 IX:0000 IY:0000 Flags:01000100 [b5 c2 14]
==> 10cc:  JP NZ, 2e14h        PC:10cf AF:0044 BC:48a2 DE:1d6f HL:0000 SP:f793 IX:0000 IY:0000 Flags:01000100 [c2 14 2e]
==> 10cf:  POP HL              PC:10d0 AF:0044 BC:48a2 DE:1d6f HL:09e7 SP:f795 IX:0000 IY:0000 Flags:01000100 [e1 3a 26]
==> 10d0:  LD A, (0726h)       PC:10d3 AF:0044 BC:48a2 DE:1d6f HL:09e7 SP:f795 IX:0000 IY:0000 Flags:01000100 [3a 26 07]
==> 10d3:  OR A, A             PC:10d4 AF:0044 BC:48a2 DE:1d6f HL:09e7 SP:f795 IX:0000 IY:0000 Flags:01000100 [b7 ca 29]
==> 10d4:  JP Z, 1129h         PC:1129 AF:0044 BC:48a2 DE:1d6f HL:09e7 SP:f795 IX:0000 IY:0000 Flags:01000100 [ca 29 11]
==> 1129:  LD A, (072ah)       PC:112c AF:0044 BC:48a2 DE:1d6f HL:09e7 SP:f795 IX:0000 IY:0000 Flags:01000100 [3a 2a 07]
==> 112c:  OR A, A             PC:112d AF:0044 BC:48a2 DE:1d6f HL:09e7 SP:f795 IX:0000 IY:0000 Flags:01000100 [b7 c2 b1]
==> 112d:  JP NZ, 22b1h        PC:1130 AF:0044 BC:48a2 DE:1d6f HL:09e7 SP:f795 IX:0000 IY:0000 Flags:01000100 [c2 b1 22]
==> 1130:  POP AF              PC:1131 AF:720a BC:48a2 DE:1d6f HL:09e7 SP:f797 IX:0000 IY:0000 Flags:00001010 [f1 c5 f5]
==> 1131:  PUSH BC             PC:1132 AF:720a BC:48a2 DE:1d6f HL:09e7 SP:f795 IX:0000 IY:0000 Flags:00001010 [c5 f5 fe]
==> 1132:  PUSH AF             PC:1133 AF:720a BC:48a2 DE:1d6f HL:09e7 SP:f793 IX:0000 IY:0000 Flags:00001010 [f5 fe 09]
==> 1133:  CP A, 09h           PC:1135 AF:721a BC:48a2 DE:1d6f HL:09e7 SP:f793 IX:0000 IY:0000 Flags:00011010 [fe 09 c2]
==> 1135:  JP NZ, 1148h        PC:1148 AF:721a BC:48a2 DE:1d6f HL:09e7 SP:f793 IX:0000 IY:0000 Flags:00011010 [c2 48 11]
==> 1148:  CP A, 20h           PC:114a AF:7222 BC:48a2 DE:1d6f HL:09e7 SP:f793 IX:0000 IY:0000 Flags:00100010 [fe 20 da]
==> 114a:  JP C, 115ch         PC:114d AF:7222 BC:48a2 DE:1d6f HL:09e7 SP:f793 IX:0000 IY:0000 Flags:00100010 [da 5c 11]
==> 114d:  LD A, (0727h)       PC:1150 AF:4822 BC:48a2 DE:1d6f HL:09e7 SP:f793 IX:0000 IY:0000 Flags:00100010 [3a 27 07]
==> 1150:  LD B, A             PC:1151 AF:4822 BC:48a2 DE:1d6f HL:09e7 SP:f793 IX:0000 IY:0000 Flags:00100010 [47 3a cf]
==> 1151:  LD A, (09cfh)       PC:1154 AF:0422 BC:48a2 DE:1d6f HL:09e7 SP:f793 IX:0000 IY:0000 Flags:00100010 [3a cf 09]
==> 1154:  CP A, B             PC:1155 AF:049b BC:48a2 DE:1d6f HL:09e7 SP:f793 IX:0000 IY:0000 Flags:10011011 [b8 cc e8]
==> 1155:  CALL Z, 17e8h       PC:1158 AF:049b BC:48a2 DE:1d6f HL:09e7 SP:f793 IX:0000 IY:0000 Flags:10011011 [cc e8 17]
==> 1158:  INC A               PC:1159 AF:0501 BC:48a2 DE:1d6f HL:09e7 SP:f793 IX:0000 IY:0000 Flags:00000001 [3c 32 cf]
==> 1159:  LD (09cfh), A       PC:115c AF:0501 BC:48a2 DE:1d6f HL:09e7 SP:f793 IX:0000 IY:0000 Flags:00000001 [32 cf 09]
==> 115c:  POP AF              PC:115d AF:720a BC:48a2 DE:1d6f HL:09e7 SP:f795 IX:0000 IY:0000 Flags:00001010 [f1 c1 f5]
==> 115d:  POP BC              PC:115e AF:720a BC:48a2 DE:1d6f HL:09e7 SP:f797 IX:0000 IY:0000 Flags:00001010 [c1 f5 f1]
==> 115e:  PUSH AF             PC:115f AF:720a BC:48a2 DE:1d6f HL:09e7 SP:f795 IX:0000 IY:0000 Flags:00001010 [f5 f1 f5]
==> 115f:  POP AF              PC:1160 AF:720a BC:48a2 DE:1d6f HL:09e7 SP:f797 IX:0000 IY:0000 Flags:00001010 [f1 f5 c5]
==> 1160:  PUSH AF             PC:1161 AF:720a BC:48a2 DE:1d6f HL:09e7 SP:f795 IX:0000 IY:0000 Flags:00001010 [f5 c5 d5]
==> 1161:  PUSH BC             PC:1162 AF:720a BC:48a2 DE:1d6f HL:09e7 SP:f793 IX:0000 IY:0000 Flags:00001010 [c5 d5 0e]
==> 1162:  PUSH DE             PC:1163 AF:720a BC:48a2 DE:1d6f HL:09e7 SP:f791 IX:0000 IY:0000 Flags:00001010 [d5 0e 02]
==> 1163:  LD C, 02h           PC:1165 AF:720a BC:4802 DE:1d6f HL:09e7 SP:f791 IX:0000 IY:0000 Flags:00001010 [0e 02 4f]
==> 1165:  LD C, A             PC:1166 AF:720a BC:4872 DE:1d6f HL:09e7 SP:f791 IX:0000 IY:0000 Flags:00001010 [4f e5 cd]
==> 1166:  PUSH HL             PC:1167 AF:720a BC:4872 DE:1d6f HL:09e7 SP:f78f IX:0000 IY:0000 Flags:00001010 [e5 cd 84]
==> 1167:  CALL ff84h          PC:ff84 AF:720a BC:4872 DE:1d6f HL:09e7 SP:f78d IX:0000 IY:0000 Flags:00001010 [cd 84 ff]
r==> ff84:  RET                 PC:116a AF:720a BC:4872 DE:1d6f HL:09e7 SP:f78f IX:0000 IY:0000 Flags:00001010 [c9 c9 c9]
==> 116a:  POP HL              PC:116b AF:720a BC:4872 DE:1d6f HL:09e7 SP:f791 IX:0000 IY:0000 Flags:00001010 [e1 d1 c1]
==> 116b:  POP DE              PC:116c AF:720a BC:4872 DE:1d6f HL:09e7 SP:f793 IX:0000 IY:0000 Flags:00001010 [d1 c1 f1]
==> 116c:  POP BC              PC:116d AF:720a BC:48a2 DE:1d6f HL:09e7 SP:f795 IX:0000 IY:0000 Flags:00001010 [c1 f1 c9]
==> 116d:  POP AF              PC:116e AF:720a BC:48a2 DE:1d6f HL:09e7 SP:f797 IX:0000 IY:0000 Flags:00001010 [f1 c9 e5]
==> 116e:  RET                 PC:228c AF:720a BC:48a2 DE:1d6f HL:09e7 SP:f799 IX:0000 IY:0000 Flags:00001010 [c9 e5 2a]
==> 228c:  CP A, 0dh           PC:228e AF:721a BC:48a2 DE:1d6f HL:09e7 SP:f799 IX:0000 IY:0000 Flags:00011010 [fe 0d cc]
==> 228e:  CALL Z, 17f2h       PC:2291 AF:721a BC:48a2 DE:1d6f HL:09e7 SP:f799 IX:0000 IY:0000 Flags:00011010 [cc f2 17]
==> 2291:  INC BC              PC:2292 AF:721a BC:48a3 DE:1d6f HL:09e7 SP:f799 IX:0000 IY:0000 Flags:00011010 [03 c3 86]
==> 2292:  JP 2286h            PC:2286 AF:721a BC:48a3 DE:1d6f HL:09e7 SP:f799 IX:0000 IY:0000 Flags:00011010 [c3 86 22]
==> 2286:  DEC D               PC:2287 AF:720a BC:48a3 DE:1c6f HL:09e7 SP:f799 IX:0000 IY:0000 Flags:00001010 [15 c8 0a]
==> 2287:  RET Z               PC:2288 AF:720a BC:48a3 DE:1c6f HL:09e7 SP:f799 IX:0000 IY:0000 Flags:00001010 [c8 0a cd]
==> 2288:  LD A, (BC)          PC:2289 AF:690a BC:48a3 DE:1c6f HL:09e7 SP:f799 IX:0000 IY:0000 Flags:00001010 [0a cd c5]
==> 2289:  CALL 10c5h          PC:10c5 AF:690a BC:48a3 DE:1c6f HL:09e7 SP:f797 IX:0000 IY:0000 Flags:00001010 [cd c5 10]
==> 10c5:  PUSH AF             PC:10c6 AF:690a BC:48a3 DE:1c6f HL:09e7 SP:f795 IX:0000 IY:0000 Flags:00001010 [f5 e5 2a]
==> 10c6:  PUSH HL             PC:10c7 AF:690a BC:48a3 DE:1c6f HL:09e7 SP:f793 IX:0000 IY:0000 Flags:00001010 [e5 2a 35]
==> 10c7:  LD HL, (0735h)      PC:10ca AF:690a BC:48a3 DE:1c6f HL:0000 SP:f793 IX:0000 IY:0000 Flags:00001010 [2a 35 07]
==> 10ca:  LD A, H             PC:10cb AF:000a BC:48a3 DE:1c6f HL:0000 SP:f793 IX:0000 IY:0000 Flags:00001010 [7c b5 c2]
==> 10cb:  OR A, L             PC:10cc AF:0044 BC:48a3 DE:1c6f HL:0000 SP:f793 IX:0000 IY:0000 Flags:01000100 [b5 c2 14]
==> 10cc:  JP NZ, 2e14h        PC:10cf AF:0044 BC:48a3 DE:1c6f HL:0000 SP:f793 IX:0000 IY:0000 Flags:01000100 [c2 14 2e]
==> 10cf:  POP HL              PC:10d0 AF:0044 BC:48a3 DE:1c6f HL:09e7 SP:f795 IX:0000 IY:0000 Flags:01000100 [e1 3a 26]
==> 10d0:  LD A, (0726h)       PC:10d3 AF:0044 BC:48a3 DE:1c6f HL:09e7 SP:f795 IX:0000 IY:0000 Flags:01000100 [3a 26 07]
==> 10d3:  OR A, A             PC:10d4 AF:0044 BC:48a3 DE:1c6f HL:09e7 SP:f795 IX:0000 IY:0000 Flags:01000100 [b7 ca 29]
==> 10d4:  JP Z, 1129h         PC:1129 AF:0044 BC:48a3 DE:1c6f HL:09e7 SP:f795 IX:0000 IY:0000 Flags:01000100 [ca 29 11]
==> 1129:  LD A, (072ah)       PC:112c AF:0044 BC:48a3 DE:1c6f HL:09e7 SP:f795 IX:0000 IY:0000 Flags:01000100 [3a 2a 07]
==> 112c:  OR A, A             PC:112d AF:0044 BC:48a3 DE:1c6f HL:09e7 SP:f795 IX:0000 IY:0000 Flags:01000100 [b7 c2 b1]
==> 112d:  JP NZ, 22b1h        PC:1130 AF:0044 BC:48a3 DE:1c6f HL:09e7 SP:f795 IX:0000 IY:0000 Flags:01000100 [c2 b1 22]
==> 1130:  POP AF              PC:1131 AF:690a BC:48a3 DE:1c6f HL:09e7 SP:f797 IX:0000 IY:0000 Flags:00001010 [f1 c5 f5]
==> 1131:  PUSH BC             PC:1132 AF:690a BC:48a3 DE:1c6f HL:09e7 SP:f795 IX:0000 IY:0000 Flags:00001010 [c5 f5 fe]
==> 1132:  PUSH AF             PC:1133 AF:690a BC:48a3 DE:1c6f HL:09e7 SP:f793 IX:0000 IY:0000 Flags:00001010 [f5 fe 09]
==> 1133:  CP A, 09h           PC:1135 AF:690a BC:48a3 DE:1c6f HL:09e7 SP:f793 IX:0000 IY:0000 Flags:00001010 [fe 09 c2]
==> 1135:  JP NZ, 1148h        PC:1148 AF:690a BC:48a3 DE:1c6f HL:09e7 SP:f793 IX:0000 IY:0000 Flags:00001010 [c2 48 11]
==> 1148:  CP A, 20h           PC:114a AF:6922 BC:48a3 DE:1c6f HL:09e7 SP:f793 IX:0000 IY:0000 Flags:00100010 [fe 20 da]
==> 114a:  JP C, 115ch         PC:114d AF:6922 BC:48a3 DE:1c6f HL:09e7 SP:f793 IX:0000 IY:0000 Flags:00100010 [da 5c 11]
==> 114d:  LD A, (0727h)       PC:1150 AF:4822 BC:48a3 DE:1c6f HL:09e7 SP:f793 IX:0000 IY:0000 Flags:00100010 [3a 27 07]
==> 1150:  LD B, A             PC:1151 AF:4822 BC:48a3 DE:1c6f HL:09e7 SP:f793 IX:0000 IY:0000 Flags:00100010 [47 3a cf]
==> 1151:  LD A, (09cfh)       PC:1154 AF:0522 BC:48a3 DE:1c6f HL:09e7 SP:f793 IX:0000 IY:0000 Flags:00100010 [3a cf 09]
==> 1154:  CP A, B             PC:1155 AF:059b BC:48a3 DE:1c6f HL:09e7 SP:f793 IX:0000 IY:0000 Flags:10011011 [b8 cc e8]
==> 1155:  CALL Z, 17e8h       PC:1158 AF:059b BC:48a3 DE:1c6f HL:09e7 SP:f793 IX:0000 IY:0000 Flags:10011011 [cc e8 17]
==> 1158:  INC A               PC:1159 AF:0601 BC:48a3 DE:1c6f HL:09e7 SP:f793 IX:0000 IY:0000 Flags:00000001 [3c 32 cf]
==> 1159:  LD (09cfh), A       PC:115c AF:0601 BC:48a3 DE:1c6f HL:09e7 SP:f793 IX:0000 IY:0000 Flags:00000001 [32 cf 09]
==> 115c:  POP AF              PC:115d AF:690a BC:48a3 DE:1c6f HL:09e7 SP:f795 IX:0000 IY:0000 Flags:00001010 [f1 c1 f5]
==> 115d:  POP BC              PC:115e AF:690a BC:48a3 DE:1c6f HL:09e7 SP:f797 IX:0000 IY:0000 Flags:00001010 [c1 f5 f1]
==> 115e:  PUSH AF             PC:115f AF:690a BC:48a3 DE:1c6f HL:09e7 SP:f795 IX:0000 IY:0000 Flags:00001010 [f5 f1 f5]
==> 115f:  POP AF              PC:1160 AF:690a BC:48a3 DE:1c6f HL:09e7 SP:f797 IX:0000 IY:0000 Flags:00001010 [f1 f5 c5]
==> 1160:  PUSH AF             PC:1161 AF:690a BC:48a3 DE:1c6f HL:09e7 SP:f795 IX:0000 IY:0000 Flags:00001010 [f5 c5 d5]
==> 1161:  PUSH BC             PC:1162 AF:690a BC:48a3 DE:1c6f HL:09e7 SP:f793 IX:0000 IY:0000 Flags:00001010 [c5 d5 0e]
==> 1162:  PUSH DE             PC:1163 AF:690a BC:48a3 DE:1c6f HL:09e7 SP:f791 IX:0000 IY:0000 Flags:00001010 [d5 0e 02]
==> 1163:  LD C, 02h           PC:1165 AF:690a BC:4802 DE:1c6f HL:09e7 SP:f791 IX:0000 IY:0000 Flags:00001010 [0e 02 4f]
==> 1165:  LD C, A             PC:1166 AF:690a BC:4869 DE:1c6f HL:09e7 SP:f791 IX:0000 IY:0000 Flags:00001010 [4f e5 cd]
==> 1166:  PUSH HL             PC:1167 AF:690a BC:4869 DE:1c6f HL:09e7 SP:f78f IX:0000 IY:0000 Flags:00001010 [e5 cd 84]
==> 1167:  CALL ff84h          PC:ff84 AF:690a BC:4869 DE:1c6f HL:09e7 SP:f78d IX:0000 IY:0000 Flags:00001010 [cd 84 ff]
i==> ff84:  RET                 PC:116a AF:690a BC:4869 DE:1c6f HL:09e7 SP:f78f IX:0000 IY:0000 Flags:00001010 [c9 c9 c9]
==> 116a:  POP HL              PC:116b AF:690a BC:4869 DE:1c6f HL:09e7 SP:f791 IX:0000 IY:0000 Flags:00001010 [e1 d1 c1]
==> 116b:  POP DE              PC:116c AF:690a BC:4869 DE:1c6f HL:09e7 SP:f793 IX:0000 IY:0000 Flags:00001010 [d1 c1 f1]
==> 116c:  POP BC              PC:116d AF:690a BC:48a3 DE:1c6f HL:09e7 SP:f795 IX:0000 IY:0000 Flags:00001010 [c1 f1 c9]
==> 116d:  POP AF              PC:116e AF:690a BC:48a3 DE:1c6f HL:09e7 SP:f797 IX:0000 IY:0000 Flags:00001010 [f1 c9 e5]
==> 116e:  RET                 PC:228c AF:690a BC:48a3 DE:1c6f HL:09e7 SP:f799 IX:0000 IY:0000 Flags:00001010 [c9 e5 2a]
==> 228c:  CP A, 0dh           PC:228e AF:691a BC:48a3 DE:1c6f HL:09e7 SP:f799 IX:0000 IY:0000 Flags:00011010 [fe 0d cc]
==> 228e:  CALL Z, 17f2h       PC:2291 AF:691a BC:48a3 DE:1c6f HL:09e7 SP:f799 IX:0000 IY:0000 Flags:00011010 [cc f2 17]
==> 2291:  INC BC              PC:2292 AF:691a BC:48a4 DE:1c6f HL:09e7 SP:f799 IX:0000 IY:0000 Flags:00011010 [03 c3 86]
==> 2292:  JP 2286h            PC:2286 AF:691a BC:48a4 DE:1c6f HL:09e7 SP:f799 IX:0000 IY:0000 Flags:00011010 [c3 86 22]
==> 2286:  DEC D               PC:2287 AF:690a BC:48a4 DE:1b6f HL:09e7 SP:f799 IX:0000 IY:0000 Flags:00001010 [15 c8 0a]
==> 2287:  RET Z               PC:2288 AF:690a BC:48a4 DE:1b6f HL:09e7 SP:f799 IX:0000 IY:0000 Flags:00001010 [c8 0a cd]
==> 2288:  LD A, (BC)          PC:2289 AF:670a BC:48a4 DE:1b6f HL:09e7 SP:f799 IX:0000 IY:0000 Flags:00001010 [0a cd c5]
==> 2289:  CALL 10c5h          PC:10c5 AF:670a BC:48a4 DE:1b6f HL:09e7 SP:f797 IX:0000 IY:0000 Flags:00001010 [cd c5 10]
==> 10c5:  PUSH AF             PC:10c6 AF:670a BC:48a4 DE:1b6f HL:09e7 SP:f795 IX:0000 IY:0000 Flags:00001010 [f5 e5 2a]
==> 10c6:  PUSH HL             PC:10c7 AF:670a BC:48a4 DE:1b6f HL:09e7 SP:f793 IX:0000 IY:0000 Flags:00001010 [e5 2a 35]
==> 10c7:  LD HL, (0735h)      PC:10ca AF:670a BC:48a4 DE:1b6f HL:0000 SP:f793 IX:0000 IY:0000 Flags:00001010 [2a 35 07]
==> 10ca:  LD A, H             PC:10cb AF:000a BC:48a4 DE:1b6f HL:0000 SP:f793 IX:0000 IY:0000 Flags:00001010 [7c b5 c2]
==> 10cb:  OR A, L             PC:10cc AF:0044 BC:48a4 DE:1b6f HL:0000 SP:f793 IX:0000 IY:0000 Flags:01000100 [b5 c2 14]
==> 10cc:  JP NZ, 2e14h        PC:10cf AF:0044 BC:48a4 DE:1b6f HL:0000 SP:f793 IX:0000 IY:0000 Flags:01000100 [c2 14 2e]
==> 10cf:  POP HL              PC:10d0 AF:0044 BC:48a4 DE:1b6f HL:09e7 SP:f795 IX:0000 IY:0000 Flags:01000100 [e1 3a 26]
==> 10d0:  LD A, (0726h)       PC:10d3 AF:0044 BC:48a4 DE:1b6f HL:09e7 SP:f795 IX:0000 IY:0000 Flags:01000100 [3a 26 07]
==> 10d3:  OR A, A             PC:10d4 AF:0044 BC:48a4 DE:1b6f HL:09e7 SP:f795 IX:0000 IY:0000 Flags:01000100 [b7 ca 29]
==> 10d4:  JP Z, 1129h         PC:1129 AF:0044 BC:48a4 DE:1b6f HL:09e7 SP:f795 IX:0000 IY:0000 Flags:01000100 [ca 29 11]
==> 1129:  LD A, (072ah)       PC:112c AF:0044 BC:48a4 DE:1b6f HL:09e7 SP:f795 IX:0000 IY:0000 Flags:01000100 [3a 2a 07]
==> 112c:  OR A, A             PC:112d AF:0044 BC:48a4 DE:1b6f HL:09e7 SP:f795 IX:0000 IY:0000 Flags:01000100 [b7 c2 b1]
==> 112d:  JP NZ, 22b1h        PC:1130 AF:0044 BC:48a4 DE:1b6f HL:09e7 SP:f795 IX:0000 IY:0000 Flags:01000100 [c2 b1 22]
==> 1130:  POP AF              PC:1131 AF:670a BC:48a4 DE:1b6f HL:09e7 SP:f797 IX:0000 IY:0000 Flags:00001010 [f1 c5 f5]
==> 1131:  PUSH BC             PC:1132 AF:670a BC:48a4 DE:1b6f HL:09e7 SP:f795 IX:0000 IY:0000 Flags:00001010 [c5 f5 fe]
==> 1132:  PUSH AF             PC:1133 AF:670a BC:48a4 DE:1b6f HL:09e7 SP:f793 IX:0000 IY:0000 Flags:00001010 [f5 fe 09]
==> 1133:  CP A, 09h           PC:1135 AF:671a BC:48a4 DE:1b6f HL:09e7 SP:f793 IX:0000 IY:0000 Flags:00011010 [fe 09 c2]
==> 1135:  JP NZ, 1148h        PC:1148 AF:671a BC:48a4 DE:1b6f HL:09e7 SP:f793 IX:0000 IY:0000 Flags:00011010 [c2 48 11]
==> 1148:  CP A, 20h           PC:114a AF:6722 BC:48a4 DE:1b6f HL:09e7 SP:f793 IX:0000 IY:0000 Flags:00100010 [fe 20 da]
==> 114a:  JP C, 115ch         PC:114d AF:6722 BC:48a4 DE:1b6f HL:09e7 SP:f793 IX:0000 IY:0000 Flags:00100010 [da 5c 11]
==> 114d:  LD A, (0727h)       PC:1150 AF:4822 BC:48a4 DE:1b6f HL:09e7 SP:f793 IX:0000 IY:0000 Flags:00100010 [3a 27 07]
==> 1150:  LD B, A             PC:1151 AF:4822 BC:48a4 DE:1b6f HL:09e7 SP:f793 IX:0000 IY:0000 Flags:00100010 [47 3a cf]
==> 1151:  LD A, (09cfh)       PC:1154 AF:0622 BC:48a4 DE:1b6f HL:09e7 SP:f793 IX:0000 IY:0000 Flags:00100010 [3a cf 09]
==> 1154:  CP A, B             PC:1155 AF:069b BC:48a4 DE:1b6f HL:09e7 SP:f793 IX:0000 IY:0000 Flags:10011011 [b8 cc e8]
==> 1155:  CALL Z, 17e8h       PC:1158 AF:069b BC:48a4 DE:1b6f HL:09e7 SP:f793 IX:0000 IY:0000 Flags:10011011 [cc e8 17]
==> 1158:  INC A               PC:1159 AF:0701 BC:48a4 DE:1b6f HL:09e7 SP:f793 IX:0000 IY:0000 Flags:00000001 [3c 32 cf]
==> 1159:  LD (09cfh), A       PC:115c AF:0701 BC:48a4 DE:1b6f HL:09e7 SP:f793 IX:0000 IY:0000 Flags:00000001 [32 cf 09]
==> 115c:  POP AF              PC:115d AF:670a BC:48a4 DE:1b6f HL:09e7 SP:f795 IX:0000 IY:0000 Flags:00001010 [f1 c1 f5]
==> 115d:  POP BC              PC:115e AF:670a BC:48a4 DE:1b6f HL:09e7 SP:f797 IX:0000 IY:0000 Flags:00001010 [c1 f5 f1]
==> 115e:  PUSH AF             PC:115f AF:670a BC:48a4 DE:1b6f HL:09e7 SP:f795 IX:0000 IY:0000 Flags:00001010 [f5 f1 f5]
==> 115f:  POP AF              PC:1160 AF:670a BC:48a4 DE:1b6f HL:09e7 SP:f797 IX:0000 IY:0000 Flags:00001010 [f1 f5 c5]
==> 1160:  PUSH AF             PC:1161 AF:670a BC:48a4 DE:1b6f HL:09e7 SP:f795 IX:0000 IY:0000 Flags:00001010 [f5 c5 d5]
==> 1161:  PUSH BC             PC:1162 AF:670a BC:48a4 DE:1b6f HL:09e7 SP:f793 IX:0000 IY:0000 Flags:00001010 [c5 d5 0e]
==> 1162:  PUSH DE             PC:1163 AF:670a BC:48a4 DE:1b6f HL:09e7 SP:f791 IX:0000 IY:0000 Flags:00001010 [d5 0e 02]
==> 1163:  LD C, 02h           PC:1165 AF:670a BC:4802 DE:1b6f HL:09e7 SP:f791 IX:0000 IY:0000 Flags:00001010 [0e 02 4f]
==> 1165:  LD C, A             PC:1166 AF:670a BC:4867 DE:1b6f HL:09e7 SP:f791 IX:0000 IY:0000 Flags:00001010 [4f e5 cd]
==> 1166:  PUSH HL             PC:1167 AF:670a BC:4867 DE:1b6f HL:09e7 SP:f78f IX:0000 IY:0000 Flags:00001010 [e5 cd 84]
==> 1167:  CALL ff84h          PC:ff84 AF:670a BC:4867 DE:1b6f HL:09e7 SP:f78d IX:0000 IY:0000 Flags:00001010 [cd 84 ff]
g==> ff84:  RET                 PC:116a AF:670a BC:4867 DE:1b6f HL:09e7 SP:f78f IX:0000 IY:0000 Flags:00001010 [c9 c9 c9]
==> 116a:  POP HL              PC:116b AF:670a BC:4867 DE:1b6f HL:09e7 SP:f791 IX:0000 IY:0000 Flags:00001010 [e1 d1 c1]
==> 116b:  POP DE              PC:116c AF:670a BC:4867 DE:1b6f HL:09e7 SP:f793 IX:0000 IY:0000 Flags:00001010 [d1 c1 f1]
==> 116c:  POP BC              PC:116d AF:670a BC:48a4 DE:1b6f HL:09e7 SP:f795 IX:0000 IY:0000 Flags:00001010 [c1 f1 c9]
==> 116d:  POP AF              PC:116e AF:670a BC:48a4 DE:1b6f HL:09e7 SP:f797 IX:0000 IY:0000 Flags:00001010 [f1 c9 e5]
==> 116e:  RET                 PC:228c AF:670a BC:48a4 DE:1b6f HL:09e7 SP:f799 IX:0000 IY:0000 Flags:00001010 [c9 e5 2a]
==> 228c:  CP A, 0dh           PC:228e AF:671a BC:48a4 DE:1b6f HL:09e7 SP:f799 IX:0000 IY:0000 Flags:00011010 [fe 0d cc]
==> 228e:  CALL Z, 17f2h       PC:2291 AF:671a BC:48a4 DE:1b6f HL:09e7 SP:f799 IX:0000 IY:0000 Flags:00011010 [cc f2 17]
==> 2291:  INC BC              PC:2292 AF:671a BC:48a5 DE:1b6f HL:09e7 SP:f799 IX:0000 IY:0000 Flags:00011010 [03 c3 86]
==> 2292:  JP 2286h            PC:2286 AF:671a BC:48a5 DE:1b6f HL:09e7 SP:f799 IX:0000 IY:0000 Flags:00011010 [c3 86 22]
==> 2286:  DEC D               PC:2287 AF:670a BC:48a5 DE:1a6f HL:09e7 SP:f799 IX:0000 IY:0000 Flags:00001010 [15 c8 0a]
==> 2287:  RET Z               PC:2288 AF:670a BC:48a5 DE:1a6f HL:09e7 SP:f799 IX:0000 IY:0000 Flags:00001010 [c8 0a cd]
==> 2288:  LD A, (BC)          PC:2289 AF:680a BC:48a5 DE:1a6f HL:09e7 SP:f799 IX:0000 IY:0000 Flags:00001010 [0a cd c5]
==> 2289:  CALL 10c5h          PC:10c5 AF:680a BC:48a5 DE:1a6f HL:09e7 SP:f797 IX:0000 IY:0000 Flags:00001010 [cd c5 10]
==> 10c5:  PUSH AF             PC:10c6 AF:680a BC:48a5 DE:1a6f HL:09e7 SP:f795 IX:0000 IY:0000 Flags:00001010 [f5 e5 2a]
==> 10c6:  PUSH HL             PC:10c7 AF:680a BC:48a5 DE:1a6f HL:09e7 SP:f793 IX:0000 IY:0000 Flags:00001010 [e5 2a 35]
==> 10c7:  LD HL, (0735h)      PC:10ca AF:680a BC:48a5 DE:1a6f HL:0000 SP:f793 IX:0000 IY:0000 Flags:00001010 [2a 35 07]
==> 10ca:  LD A, H             PC:10cb AF:000a BC:48a5 DE:1a6f HL:0000 SP:f793 IX:0000 IY:0000 Flags:00001010 [7c b5 c2]
==> 10cb:  OR A, L             PC:10cc AF:0044 BC:48a5 DE:1a6f HL:0000 SP:f793 IX:0000 IY:0000 Flags:01000100 [b5 c2 14]
==> 10cc:  JP NZ, 2e14h        PC:10cf AF:0044 BC:48a5 DE:1a6f HL:0000 SP:f793 IX:0000 IY:0000 Flags:01000100 [c2 14 2e]
==> 10cf:  POP HL              PC:10d0 AF:0044 BC:48a5 DE:1a6f HL:09e7 SP:f795 IX:0000 IY:0000 Flags:01000100 [e1 3a 26]
==> 10d0:  LD A, (0726h)       PC:10d3 AF:0044 BC:48a5 DE:1a6f HL:09e7 SP:f795 IX:0000 IY:0000 Flags:01000100 [3a 26 07]
==> 10d3:  OR A, A             PC:10d4 AF:0044 BC:48a5 DE:1a6f HL:09e7 SP:f795 IX:0000 IY:0000 Flags:01000100 [b7 ca 29]
==> 10d4:  JP Z, 1129h         PC:1129 AF:0044 BC:48a5 DE:1a6f HL:09e7 SP:f795 IX:0000 IY:0000 Flags:01000100 [ca 29 11]
==> 1129:  LD A, (072ah)       PC:112c AF:0044 BC:48a5 DE:1a6f HL:09e7 SP:f795 IX:0000 IY:0000 Flags:01000100 [3a 2a 07]
==> 112c:  OR A, A             PC:112d AF:0044 BC:48a5 DE:1a6f HL:09e7 SP:f795 IX:0000 IY:0000 Flags:01000100 [b7 c2 b1]
==> 112d:  JP NZ, 22b1h        PC:1130 AF:0044 BC:48a5 DE:1a6f HL:09e7 SP:f795 IX:0000 IY:0000 Flags:01000100 [c2 b1 22]
==> 1130:  POP AF              PC:1131 AF:680a BC:48a5 DE:1a6f HL:09e7 SP:f797 IX:0000 IY:0000 Flags:00001010 [f1 c5 f5]
==> 1131:  PUSH BC             PC:1132 AF:680a BC:48a5 DE:1a6f HL:09e7 SP:f795 IX:0000 IY:0000 Flags:00001010 [c5 f5 fe]
==> 1132:  PUSH AF             PC:1133 AF:680a BC:48a5 DE:1a6f HL:09e7 SP:f793 IX:0000 IY:0000 Flags:00001010 [f5 fe 09]
==> 1133:  CP A, 09h           PC:1135 AF:681a BC:48a5 DE:1a6f HL:09e7 SP:f793 IX:0000 IY:0000 Flags:00011010 [fe 09 c2]
==> 1135:  JP NZ, 1148h        PC:1148 AF:681a BC:48a5 DE:1a6f HL:09e7 SP:f793 IX:0000 IY:0000 Flags:00011010 [c2 48 11]
==> 1148:  CP A, 20h           PC:114a AF:6822 BC:48a5 DE:1a6f HL:09e7 SP:f793 IX:0000 IY:0000 Flags:00100010 [fe 20 da]
==> 114a:  JP C, 115ch         PC:114d AF:6822 BC:48a5 DE:1a6f HL:09e7 SP:f793 IX:0000 IY:0000 Flags:00100010 [da 5c 11]
==> 114d:  LD A, (0727h)       PC:1150 AF:4822 BC:48a5 DE:1a6f HL:09e7 SP:f793 IX:0000 IY:0000 Flags:00100010 [3a 27 07]
==> 1150:  LD B, A             PC:1151 AF:4822 BC:48a5 DE:1a6f HL:09e7 SP:f793 IX:0000 IY:0000 Flags:00100010 [47 3a cf]
==> 1151:  LD A, (09cfh)       PC:1154 AF:0722 BC:48a5 DE:1a6f HL:09e7 SP:f793 IX:0000 IY:0000 Flags:00100010 [3a cf 09]
==> 1154:  CP A, B             PC:1155 AF:079b BC:48a5 DE:1a6f HL:09e7 SP:f793 IX:0000 IY:0000 Flags:10011011 [b8 cc e8]
==> 1155:  CALL Z, 17e8h       PC:1158 AF:079b BC:48a5 DE:1a6f HL:09e7 SP:f793 IX:0000 IY:0000 Flags:10011011 [cc e8 17]
==> 1158:  INC A               PC:1159 AF:0809 BC:48a5 DE:1a6f HL:09e7 SP:f793 IX:0000 IY:0000 Flags:00001001 [3c 32 cf]
==> 1159:  LD (09cfh), A       PC:115c AF:0809 BC:48a5 DE:1a6f HL:09e7 SP:f793 IX:0000 IY:0000 Flags:00001001 [32 cf 09]
==> 115c:  POP AF              PC:115d AF:680a BC:48a5 DE:1a6f HL:09e7 SP:f795 IX:0000 IY:0000 Flags:00001010 [f1 c1 f5]
==> 115d:  POP BC              PC:115e AF:680a BC:48a5 DE:1a6f HL:09e7 SP:f797 IX:0000 IY:0000 Flags:00001010 [c1 f5 f1]
==> 115e:  PUSH AF             PC:115f AF:680a BC:48a5 DE:1a6f HL:09e7 SP:f795 IX:0000 IY:0000 Flags:00001010 [f5 f1 f5]
==> 115f:  POP AF              PC:1160 AF:680a BC:48a5 DE:1a6f HL:09e7 SP:f797 IX:0000 IY:0000 Flags:00001010 [f1 f5 c5]
==> 1160:  PUSH AF             PC:1161 AF:680a BC:48a5 DE:1a6f HL:09e7 SP:f795 IX:0000 IY:0000 Flags:00001010 [f5 c5 d5]
==> 1161:  PUSH BC             PC:1162 AF:680a BC:48a5 DE:1a6f HL:09e7 SP:f793 IX:0000 IY:0000 Flags:00001010 [c5 d5 0e]
==> 1162:  PUSH DE             PC:1163 AF:680a BC:48a5 DE:1a6f HL:09e7 SP:f791 IX:0000 IY:0000 Flags:00001010 [d5 0e 02]
==> 1163:  LD C, 02h           PC:1165 AF:680a BC:4802 DE:1a6f HL:09e7 SP:f791 IX:0000 IY:0000 Flags:00001010 [0e 02 4f]
==> 1165:  LD C, A             PC:1166 AF:680a BC:4868 DE:1a6f HL:09e7 SP:f791 IX:0000 IY:0000 Flags:00001010 [4f e5 cd]
==> 1166:  PUSH HL             PC:1167 AF:680a BC:4868 DE:1a6f HL:09e7 SP:f78f IX:0000 IY:0000 Flags:00001010 [e5 cd 84]
==> 1167:  CALL ff84h          PC:ff84 AF:680a BC:4868 DE:1a6f HL:09e7 SP:f78d IX:0000 IY:0000 Flags:00001010 [cd 84 ff]
h==> ff84:  RET                 PC:116a AF:680a BC:4868 DE:1a6f HL:09e7 SP:f78f IX:0000 IY:0000 Flags:00001010 [c9 c9 c9]
==> 116a:  POP HL              PC:116b AF:680a BC:4868 DE:1a6f HL:09e7 SP:f791 IX:0000 IY:0000 Flags:00001010 [e1 d1 c1]
==> 116b:  POP DE              PC:116c AF:680a BC:4868 DE:1a6f HL:09e7 SP:f793 IX:0000 IY:0000 Flags:00001010 [d1 c1 f1]
==> 116c:  POP BC              PC:116d AF:680a BC:48a5 DE:1a6f HL:09e7 SP:f795 IX:0000 IY:0000 Flags:00001010 [c1 f1 c9]
==> 116d:  POP AF              PC:116e AF:680a BC:48a5 DE:1a6f HL:09e7 SP:f797 IX:0000 IY:0000 Flags:00001010 [f1 c9 e5]
==> 116e:  RET                 PC:228c AF:680a BC:48a5 DE:1a6f HL:09e7 SP:f799 IX:0000 IY:0000 Flags:00001010 [c9 e5 2a]
==> 228c:  CP A, 0dh           PC:228e AF:681a BC:48a5 DE:1a6f HL:09e7 SP:f799 IX:0000 IY:0000 Flags:00011010 [fe 0d cc]
==> 228e:  CALL Z, 17f2h       PC:2291 AF:681a BC:48a5 DE:1a6f HL:09e7 SP:f799 IX:0000 IY:0000 Flags:00011010 [cc f2 17]
==> 2291:  INC BC              PC:2292 AF:681a BC:48a6 DE:1a6f HL:09e7 SP:f799 IX:0000 IY:0000 Flags:00011010 [03 c3 86]
==> 2292:  JP 2286h            PC:2286 AF:681a BC:48a6 DE:1a6f HL:09e7 SP:f799 IX:0000 IY:0000 Flags:00011010 [c3 86 22]
==> 2286:  DEC D               PC:2287 AF:680a BC:48a6 DE:196f HL:09e7 SP:f799 IX:0000 IY:0000 Flags:00001010 [15 c8 0a]
==> 2287:  RET Z               PC:2288 AF:680a BC:48a6 DE:196f HL:09e7 SP:f799 IX:0000 IY:0000 Flags:00001010 [c8 0a cd]
==> 2288:  LD A, (BC)          PC:2289 AF:740a BC:48a6 DE:196f HL:09e7 SP:f799 IX:0000 IY:0000 Flags:00001010 [0a cd c5]
==> 2289:  CALL 10c5h          PC:10c5 AF:740a BC:48a6 DE:196f HL:09e7 SP:f797 IX:0000 IY:0000 Flags:00001010 [cd c5 10]
==> 10c5:  PUSH AF             PC:10c6 AF:740a BC:48a6 DE:196f HL:09e7 SP:f795 IX:0000 IY:0000 Flags:00001010 [f5 e5 2a]
==> 10c6:  PUSH HL             PC:10c7 AF:740a BC:48a6 DE:196f HL:09e7 SP:f793 IX:0000 IY:0000 Flags:00001010 [e5 2a 35]
==> 10c7:  LD HL, (0735h)      PC:10ca AF:740a BC:48a6 DE:196f HL:0000 SP:f793 IX:0000 IY:0000 Flags:00001010 [2a 35 07]
==> 10ca:  LD A, H             PC:10cb AF:000a BC:48a6 DE:196f HL:0000 SP:f793 IX:0000 IY:0000 Flags:00001010 [7c b5 c2]
==> 10cb:  OR A, L             PC:10cc AF:0044 BC:48a6 DE:196f HL:0000 SP:f793 IX:0000 IY:0000 Flags:01000100 [b5 c2 14]
==> 10cc:  JP NZ, 2e14h        PC:10cf AF:0044 BC:48a6 DE:196f HL:0000 SP:f793 IX:0000 IY:0000 Flags:01000100 [c2 14 2e]
==> 10cf:  POP HL              PC:10d0 AF:0044 BC:48a6 DE:196f HL:09e7 SP:f795 IX:0000 IY:0000 Flags:01000100 [e1 3a 26]
==> 10d0:  LD A, (0726h)       PC:10d3 AF:0044 BC:48a6 DE:196f HL:09e7 SP:f795 IX:0000 IY:0000 Flags:01000100 [3a 26 07]
==> 10d3:  OR A, A             PC:10d4 AF:0044 BC:48a6 DE:196f HL:09e7 SP:f795 IX:0000 IY:0000 Flags:01000100 [b7 ca 29]
==> 10d4:  JP Z, 1129h         PC:1129 AF:0044 BC:48a6 DE:196f HL:09e7 SP:f795 IX:0000 IY:0000 Flags:01000100 [ca 29 11]
==> 1129:  LD A, (072ah)       PC:112c AF:0044 BC:48a6 DE:196f HL:09e7 SP:f795 IX:0000 IY:0000 Flags:01000100 [3a 2a 07]
==> 112c:  OR A, A             PC:112d AF:0044 BC:48a6 DE:196f HL:09e7 SP:f795 IX:0000 IY:0000 Flags:01000100 [b7 c2 b1]
==> 112d:  JP NZ, 22b1h        PC:1130 AF:0044 BC:48a6 DE:196f HL:09e7 SP:f795 IX:0000 IY:0000 Flags:01000100 [c2 b1 22]
==> 1130:  POP AF              PC:1131 AF:740a BC:48a6 DE:196f HL:09e7 SP:f797 IX:0000 IY:0000 Flags:00001010 [f1 c5 f5]
==> 1131:  PUSH BC             PC:1132 AF:740a BC:48a6 DE:196f HL:09e7 SP:f795 IX:0000 IY:0000 Flags:00001010 [c5 f5 fe]
==> 1132:  PUSH AF             PC:1133 AF:740a BC:48a6 DE:196f HL:09e7 SP:f793 IX:0000 IY:0000 Flags:00001010 [f5 fe 09]
==> 1133:  CP A, 09h           PC:1135 AF:741a BC:48a6 DE:196f HL:09e7 SP:f793 IX:0000 IY:0000 Flags:00011010 [fe 09 c2]
==> 1135:  JP NZ, 1148h        PC:1148 AF:741a BC:48a6 DE:196f HL:09e7 SP:f793 IX:0000 IY:0000 Flags:00011010 [c2 48 11]
==> 1148:  CP A, 20h           PC:114a AF:7422 BC:48a6 DE:196f HL:09e7 SP:f793 IX:0000 IY:0000 Flags:00100010 [fe 20 da]
==> 114a:  JP C, 115ch         PC:114d AF:7422 BC:48a6 DE:196f HL:09e7 SP:f793 IX:0000 IY:0000 Flags:00100010 [da 5c 11]
==> 114d:  LD A, (0727h)       PC:1150 AF:4822 BC:48a6 DE:196f HL:09e7 SP:f793 IX:0000 IY:0000 Flags:00100010 [3a 27 07]
==> 1150:  LD B, A             PC:1151 AF:4822 BC:48a6 DE:196f HL:09e7 SP:f793 IX:0000 IY:0000 Flags:00100010 [47 3a cf]
==> 1151:  LD A, (09cfh)       PC:1154 AF:0822 BC:48a6 DE:196f HL:09e7 SP:f793 IX:0000 IY:0000 Flags:00100010 [3a cf 09]
==> 1154:  CP A, B             PC:1155 AF:088b BC:48a6 DE:196f HL:09e7 SP:f793 IX:0000 IY:0000 Flags:10001011 [b8 cc e8]
==> 1155:  CALL Z, 17e8h       PC:1158 AF:088b BC:48a6 DE:196f HL:09e7 SP:f793 IX:0000 IY:0000 Flags:10001011 [cc e8 17]
==> 1158:  INC A               PC:1159 AF:0909 BC:48a6 DE:196f HL:09e7 SP:f793 IX:0000 IY:0000 Flags:00001001 [3c 32 cf]
==> 1159:  LD (09cfh), A       PC:115c AF:0909 BC:48a6 DE:196f HL:09e7 SP:f793 IX:0000 IY:0000 Flags:00001001 [32 cf 09]
==> 115c:  POP AF              PC:115d AF:740a BC:48a6 DE:196f HL:09e7 SP:f795 IX:0000 IY:0000 Flags:00001010 [f1 c1 f5]
==> 115d:  POP BC              PC:115e AF:740a BC:48a6 DE:196f HL:09e7 SP:f797 IX:0000 IY:0000 Flags:00001010 [c1 f5 f1]
==> 115e:  PUSH AF             PC:115f AF:740a BC:48a6 DE:196f HL:09e7 SP:f795 IX:0000 IY:0000 Flags:00001010 [f5 f1 f5]
==> 115f:  POP AF              PC:1160 AF:740a BC:48a6 DE:196f HL:09e7 SP:f797 IX:0000 IY:0000 Flags:00001010 [f1 f5 c5]
==> 1160:  PUSH AF             PC:1161 AF:740a BC:48a6 DE:196f HL:09e7 SP:f795 IX:0000 IY:0000 Flags:00001010 [f5 c5 d5]
==> 1161:  PUSH BC             PC:1162 AF:740a BC:48a6 DE:196f HL:09e7 SP:f793 IX:0000 IY:0000 Flags:00001010 [c5 d5 0e]
==> 1162:  PUSH DE             PC:1163 AF:740a BC:48a6 DE:196f HL:09e7 SP:f791 IX:0000 IY:0000 Flags:00001010 [d5 0e 02]
==> 1163:  LD C, 02h           PC:1165 AF:740a BC:4802 DE:196f HL:09e7 SP:f791 IX:0000 IY:0000 Flags:00001010 [0e 02 4f]
==> 1165:  LD C, A             PC:1166 AF:740a BC:4874 DE:196f HL:09e7 SP:f791 IX:0000 IY:0000 Flags:00001010 [4f e5 cd]
==> 1166:  PUSH HL             PC:1167 AF:740a BC:4874 DE:196f HL:09e7 SP:f78f IX:0000 IY:0000 Flags:00001010 [e5 cd 84]
==> 1167:  CALL ff84h          PC:ff84 AF:740a BC:4874 DE:196f HL:09e7 SP:f78d IX:0000 IY:0000 Flags:00001010 [cd 84 ff]
t==> ff84:  RET                 PC:116a AF:740a BC:4874 DE:196f HL:09e7 SP:f78f IX:0000 IY:0000 Flags:00001010 [c9 c9 c9]
==> 116a:  POP HL              PC:116b AF:740a BC:4874 DE:196f HL:09e7 SP:f791 IX:0000 IY:0000 Flags:00001010 [e1 d1 c1]
==> 116b:  POP DE              PC:116c AF:740a BC:4874 DE:196f HL:09e7 SP:f793 IX:0000 IY:0000 Flags:00001010 [d1 c1 f1]
==> 116c:  POP BC              PC:116d AF:740a BC:48a6 DE:196f HL:09e7 SP:f795 IX:0000 IY:0000 Flags:00001010 [c1 f1 c9]
==> 116d:  POP AF              PC:116e AF:740a BC:48a6 DE:196f HL:09e7 SP:f797 IX:0000 IY:0000 Flags:00001010 [f1 c9 e5]
==> 116e:  RET                 PC:228c AF:740a BC:48a6 DE:196f HL:09e7 SP:f799 IX:0000 IY:0000 Flags:00001010 [c9 e5 2a]
==> 228c:  CP A, 0dh           PC:228e AF:741a BC:48a6 DE:196f HL:09e7 SP:f799 IX:0000 IY:0000 Flags:00011010 [fe 0d cc]
==> 228e:  CALL Z, 17f2h       PC:2291 AF:741a BC:48a6 DE:196f HL:09e7 SP:f799 IX:0000 IY:0000 Flags:00011010 [cc f2 17]
==> 2291:  INC BC              PC:2292 AF:741a BC:48a7 DE:196f HL:09e7 SP:f799 IX:0000 IY:0000 Flags:00011010 [03 c3 86]
==> 2292:  JP 2286h            PC:2286 AF:741a BC:48a7 DE:196f HL:09e7 SP:f799 IX:0000 IY:0000 Flags:00011010 [c3 86 22]
==> 2286:  DEC D               PC:2287 AF:740a BC:48a7 DE:186f HL:09e7 SP:f799 IX:0000 IY:0000 Flags:00001010 [15 c8 0a]
==> 2287:  RET Z               PC:2288 AF:740a BC:48a7 DE:186f HL:09e7 SP:f799 IX:0000 IY:0000 Flags:00001010 [c8 0a cd]
==> 2288:  LD A, (BC)          PC:2289 AF:200a BC:48a7 DE:186f HL:09e7 SP:f799 IX:0000 IY:0000 Flags:00001010 [0a cd c5]
==> 2289:  CALL 10c5h          PC:10c5 AF:200a BC:48a7 DE:186f HL:09e7 SP:f797 IX:0000 IY:0000 Flags:00001010 [cd c5 10]
==> 10c5:  PUSH AF             PC:10c6 AF:200a BC:48a7 DE:186f HL:09e7 SP:f795 IX:0000 IY:0000 Flags:00001010 [f5 e5 2a]
==> 10c6:  PUSH HL             PC:10c7 AF:200a BC:48a7 DE:186f HL:09e7 SP:f793 IX:0000 IY:0000 Flags:00001010 [e5 2a 35]
==> 10c7:  LD HL, (0735h)      PC:10ca AF:200a BC:48a7 DE:186f HL:0000 SP:f793 IX:0000 IY:0000 Flags:00001010 [2a 35 07]
==> 10ca:  LD A, H             PC:10cb AF:000a BC:48a7 DE:186f HL:0000 SP:f793 IX:0000 IY:0000 Flags:00001010 [7c b5 c2]
==> 10cb:  OR A, L             PC:10cc AF:0044 BC:48a7 DE:186f HL:0000 SP:f793 IX:0000 IY:0000 Flags:01000100 [b5 c2 14]
==> 10cc:  JP NZ, 2e14h        PC:10cf AF:0044 BC:48a7 DE:186f HL:0000 SP:f793 IX:0000 IY:0000 Flags:01000100 [c2 14 2e]
==> 10cf:  POP HL              PC:10d0 AF:0044 BC:48a7 DE:186f HL:09e7 SP:f795 IX:0000 IY:0000 Flags:01000100 [e1 3a 26]
==> 10d0:  LD A, (0726h)       PC:10d3 AF:0044 BC:48a7 DE:186f HL:09e7 SP:f795 IX:0000 IY:0000 Flags:01000100 [3a 26 07]
==> 10d3:  OR A, A             PC:10d4 AF:0044 BC:48a7 DE:186f HL:09e7 SP:f795 IX:0000 IY:0000 Flags:01000100 [b7 ca 29]
==> 10d4:  JP Z, 1129h         PC:1129 AF:0044 BC:48a7 DE:186f HL:09e7 SP:f795 IX:0000 IY:0000 Flags:01000100 [ca 29 11]
==> 1129:  LD A, (072ah)       PC:112c AF:0044 BC:48a7 DE:186f HL:09e7 SP:f795 IX:0000 IY:0000 Flags:01000100 [3a 2a 07]
==> 112c:  OR A, A             PC:112d AF:0044 BC:48a7 DE:186f HL:09e7 SP:f795 IX:0000 IY:0000 Flags:01000100 [b7 c2 b1]
==> 112d:  JP NZ, 22b1h        PC:1130 AF:0044 BC:48a7 DE:186f HL:09e7 SP:f795 IX:0000 IY:0000 Flags:01000100 [c2 b1 22]
==> 1130:  POP AF              PC:1131 AF:200a BC:48a7 DE:186f HL:09e7 SP:f797 IX:0000 IY:0000 Flags:00001010 [f1 c5 f5]
==> 1131:  PUSH BC             PC:1132 AF:200a BC:48a7 DE:186f HL:09e7 SP:f795 IX:0000 IY:0000 Flags:00001010 [c5 f5 fe]
==> 1132:  PUSH AF             PC:1133 AF:200a BC:48a7 DE:186f HL:09e7 SP:f793 IX:0000 IY:0000 Flags:00001010 [f5 fe 09]
==> 1133:  CP A, 09h           PC:1135 AF:201a BC:48a7 DE:186f HL:09e7 SP:f793 IX:0000 IY:0000 Flags:00011010 [fe 09 c2]
==> 1135:  JP NZ, 1148h        PC:1148 AF:201a BC:48a7 DE:186f HL:09e7 SP:f793 IX:0000 IY:0000 Flags:00011010 [c2 48 11]
==> 1148:  CP A, 20h           PC:114a AF:2062 BC:48a7 DE:186f HL:09e7 SP:f793 IX:0000 IY:0000 Flags:01100010 [fe 20 da]
==> 114a:  JP C, 115ch         PC:114d AF:2062 BC:48a7 DE:186f HL:09e7 SP:f793 IX:0000 IY:0000 Flags:01100010 [da 5c 11]
==> 114d:  LD A, (0727h)       PC:1150 AF:4862 BC:48a7 DE:186f HL:09e7 SP:f793 IX:0000 IY:0000 Flags:01100010 [3a 27 07]
==> 1150:  LD B, A             PC:1151 AF:4862 BC:48a7 DE:186f HL:09e7 SP:f793 IX:0000 IY:0000 Flags:01100010 [47 3a cf]
==> 1151:  LD A, (09cfh)       PC:1154 AF:0962 BC:48a7 DE:186f HL:09e7 SP:f793 IX:0000 IY:0000 Flags:01100010 [3a cf 09]
==> 1154:  CP A, B             PC:1155 AF:098b BC:48a7 DE:186f HL:09e7 SP:f793 IX:0000 IY:0000 Flags:10001011 [b8 cc e8]
==> 1155:  CALL Z, 17e8h       PC:1158 AF:098b BC:48a7 DE:186f HL:09e7 SP:f793 IX:0000 IY:0000 Flags:10001011 [cc e8 17]
==> 1158:  INC A               PC:1159 AF:0a09 BC:48a7 DE:186f HL:09e7 SP:f793 IX:0000 IY:0000 Flags:00001001 [3c 32 cf]
==> 1159:  LD (09cfh), A       PC:115c AF:0a09 BC:48a7 DE:186f HL:09e7 SP:f793 IX:0000 IY:0000 Flags:00001001 [32 cf 09]
==> 115c:  POP AF              PC:115d AF:200a BC:48a7 DE:186f HL:09e7 SP:f795 IX:0000 IY:0000 Flags:00001010 [f1 c1 f5]
==> 115d:  POP BC              PC:115e AF:200a BC:48a7 DE:186f HL:09e7 SP:f797 IX:0000 IY:0000 Flags:00001010 [c1 f5 f1]
==> 115e:  PUSH AF             PC:115f AF:200a BC:48a7 DE:186f HL:09e7 SP:f795 IX:0000 IY:0000 Flags:00001010 [f5 f1 f5]
==> 115f:  POP AF              PC:1160 AF:200a BC:48a7 DE:186f HL:09e7 SP:f797 IX:0000 IY:0000 Flags:00001010 [f1 f5 c5]
==> 1160:  PUSH AF             PC:1161 AF:200a BC:48a7 DE:186f HL:09e7 SP:f795 IX:0000 IY:0000 Flags:00001010 [f5 c5 d5]
==> 1161:  PUSH BC             PC:1162 AF:200a BC:48a7 DE:186f HL:09e7 SP:f793 IX:0000 IY:0000 Flags:00001010 [c5 d5 0e]
==> 1162:  PUSH DE             PC:1163 AF:200a BC:48a7 DE:186f HL:09e7 SP:f791 IX:0000 IY:0000 Flags:00001010 [d5 0e 02]
==> 1163:  LD C, 02h           PC:1165 AF:200a BC:4802 DE:186f HL:09e7 SP:f791 IX:0000 IY:0000 Flags:00001010 [0e 02 4f]
==> 1165:  LD C, A             PC:1166 AF:200a BC:4820 DE:186f HL:09e7 SP:f791 IX:0000 IY:0000 Flags:00001010 [4f e5 cd]
==> 1166:  PUSH HL             PC:1167 AF:200a BC:4820 DE:186f HL:09e7 SP:f78f IX:0000 IY:0000 Flags:00001010 [e5 cd 84]
==> 1167:  CALL ff84h          PC:ff84 AF:200a BC:4820 DE:186f HL:09e7 SP:f78d IX:0000 IY:0000 Flags:00001010 [cd 84 ff]
 ==> ff84:  RET                 PC:116a AF:200a BC:4820 DE:186f HL:09e7 SP:f78f IX:0000 IY:0000 Flags:00001010 [c9 c9 c9]
==> 116a:  POP HL              PC:116b AF:200a BC:4820 DE:186f HL:09e7 SP:f791 IX:0000 IY:0000 Flags:00001010 [e1 d1 c1]
==> 116b:  POP DE              PC:116c AF:200a BC:4820 DE:186f HL:09e7 SP:f793 IX:0000 IY:0000 Flags:00001010 [d1 c1 f1]
==> 116c:  POP BC              PC:116d AF:200a BC:48a7 DE:186f HL:09e7 SP:f795 IX:0000 IY:0000 Flags:00001010 [c1 f1 c9]
==> 116d:  POP AF              PC:116e AF:200a BC:48a7 DE:186f HL:09e7 SP:f797 IX:0000 IY:0000 Flags:00001010 [f1 c9 e5]
==> 116e:  RET                 PC:228c AF:200a BC:48a7 DE:186f HL:09e7 SP:f799 IX:0000 IY:0000 Flags:00001010 [c9 e5 2a]
==> 228c:  CP A, 0dh           PC:228e AF:201a BC:48a7 DE:186f HL:09e7 SP:f799 IX:0000 IY:0000 Flags:00011010 [fe 0d cc]
==> 228e:  CALL Z, 17f2h       PC:2291 AF:201a BC:48a7 DE:186f HL:09e7 SP:f799 IX:0000 IY:0000 Flags:00011010 [cc f2 17]
==> 2291:  INC BC              PC:2292 AF:201a BC:48a8 DE:186f HL:09e7 SP:f799 IX:0000 IY:0000 Flags:00011010 [03 c3 86]
==> 2292:  JP 2286h            PC:2286 AF:201a BC:48a8 DE:186f HL:09e7 SP:f799 IX:0000 IY:0000 Flags:00011010 [c3 86 22]
==> 2286:  DEC D               PC:2287 AF:2002 BC:48a8 DE:176f HL:09e7 SP:f799 IX:0000 IY:0000 Flags:00000010 [15 c8 0a]
==> 2287:  RET Z               PC:2288 AF:2002 BC:48a8 DE:176f HL:09e7 SP:f799 IX:0000 IY:0000 Flags:00000010 [c8 0a cd]
==> 2288:  LD A, (BC)          PC:2289 AF:3102 BC:48a8 DE:176f HL:09e7 SP:f799 IX:0000 IY:0000 Flags:00000010 [0a cd c5]
==> 2289:  CALL 10c5h          PC:10c5 AF:3102 BC:48a8 DE:176f HL:09e7 SP:f797 IX:0000 IY:0000 Flags:00000010 [cd c5 10]
==> 10c5:  PUSH AF             PC:10c6 AF:3102 BC:48a8 DE:176f HL:09e7 SP:f795 IX:0000 IY:0000 Flags:00000010 [f5 e5 2a]
==> 10c6:  PUSH HL             PC:10c7 AF:3102 BC:48a8 DE:176f HL:09e7 SP:f793 IX:0000 IY:0000 Flags:00000010 [e5 2a 35]
==> 10c7:  LD HL, (0735h)      PC:10ca AF:3102 BC:48a8 DE:176f HL:0000 SP:f793 IX:0000 IY:0000 Flags:00000010 [2a 35 07]
==> 10ca:  LD A, H             PC:10cb AF:0002 BC:48a8 DE:176f HL:0000 SP:f793 IX:0000 IY:0000 Flags:00000010 [7c b5 c2]
==> 10cb:  OR A, L             PC:10cc AF:0044 BC:48a8 DE:176f HL:0000 SP:f793 IX:0000 IY:0000 Flags:01000100 [b5 c2 14]
==> 10cc:  JP NZ, 2e14h        PC:10cf AF:0044 BC:48a8 DE:176f HL:0000 SP:f793 IX:0000 IY:0000 Flags:01000100 [c2 14 2e]
==> 10cf:  POP HL              PC:10d0 AF:0044 BC:48a8 DE:176f HL:09e7 SP:f795 IX:0000 IY:0000 Flags:01000100 [e1 3a 26]
==> 10d0:  LD A, (0726h)       PC:10d3 AF:0044 BC:48a8 DE:176f HL:09e7 SP:f795 IX:0000 IY:0000 Flags:01000100 [3a 26 07]
==> 10d3:  OR A, A             PC:10d4 AF:0044 BC:48a8 DE:176f HL:09e7 SP:f795 IX:0000 IY:0000 Flags:01000100 [b7 ca 29]
==> 10d4:  JP Z, 1129h         PC:1129 AF:0044 BC:48a8 DE:176f HL:09e7 SP:f795 IX:0000 IY:0000 Flags:01000100 [ca 29 11]
==> 1129:  LD A, (072ah)       PC:112c AF:0044 BC:48a8 DE:176f HL:09e7 SP:f795 IX:0000 IY:0000 Flags:01000100 [3a 2a 07]
==> 112c:  OR A, A             PC:112d AF:0044 BC:48a8 DE:176f HL:09e7 SP:f795 IX:0000 IY:0000 Flags:01000100 [b7 c2 b1]
==> 112d:  JP NZ, 22b1h        PC:1130 AF:0044 BC:48a8 DE:176f HL:09e7 SP:f795 IX:0000 IY:0000 Flags:01000100 [c2 b1 22]
==> 1130:  POP AF              PC:1131 AF:3102 BC:48a8 DE:176f HL:09e7 SP:f797 IX:0000 IY:0000 Flags:00000010 [f1 c5 f5]
==> 1131:  PUSH BC             PC:1132 AF:3102 BC:48a8 DE:176f HL:09e7 SP:f795 IX:0000 IY:0000 Flags:00000010 [c5 f5 fe]
==> 1132:  PUSH AF             PC:1133 AF:3102 BC:48a8 DE:176f HL:09e7 SP:f793 IX:0000 IY:0000 Flags:00000010 [f5 fe 09]
==> 1133:  CP A, 09h           PC:1135 AF:311a BC:48a8 DE:176f HL:09e7 SP:f793 IX:0000 IY:0000 Flags:00011010 [fe 09 c2]
==> 1135:  JP NZ, 1148h        PC:1148 AF:311a BC:48a8 DE:176f HL:09e7 SP:f793 IX:0000 IY:0000 Flags:00011010 [c2 48 11]
==> 1148:  CP A, 20h           PC:114a AF:3122 BC:48a8 DE:176f HL:09e7 SP:f793 IX:0000 IY:0000 Flags:00100010 [fe 20 da]
==> 114a:  JP C, 115ch         PC:114d AF:3122 BC:48a8 DE:176f HL:09e7 SP:f793 IX:0000 IY:0000 Flags:00100010 [da 5c 11]
==> 114d:  LD A, (0727h)       PC:1150 AF:4822 BC:48a8 DE:176f HL:09e7 SP:f793 IX:0000 IY:0000 Flags:00100010 [3a 27 07]
==> 1150:  LD B, A             PC:1151 AF:4822 BC:48a8 DE:176f HL:09e7 SP:f793 IX:0000 IY:0000 Flags:00100010 [47 3a cf]
==> 1151:  LD A, (09cfh)       PC:1154 AF:0a22 BC:48a8 DE:176f HL:09e7 SP:f793 IX:0000 IY:0000 Flags:00100010 [3a cf 09]
==> 1154:  CP A, B             PC:1155 AF:0a8b BC:48a8 DE:176f HL:09e7 SP:f793 IX:0000 IY:0000 Flags:10001011 [b8 cc e8]
==> 1155:  CALL Z, 17e8h       PC:1158 AF:0a8b BC:48a8 DE:176f HL:09e7 SP:f793 IX:0000 IY:0000 Flags:10001011 [cc e8 17]
==> 1158:  INC A               PC:1159 AF:0b09 BC:48a8 DE:176f HL:09e7 SP:f793 IX:0000 IY:0000 Flags:00001001 [3c 32 cf]
==> 1159:  LD (09cfh), A       PC:115c AF:0b09 BC:48a8 DE:176f HL:09e7 SP:f793 IX:0000 IY:0000 Flags:00001001 [32 cf 09]
==> 115c:  POP AF              PC:115d AF:3102 BC:48a8 DE:176f HL:09e7 SP:f795 IX:0000 IY:0000 Flags:00000010 [f1 c1 f5]
==> 115d:  POP BC              PC:115e AF:3102 BC:48a8 DE:176f HL:09e7 SP:f797 IX:0000 IY:0000 Flags:00000010 [c1 f5 f1]
==> 115e:  PUSH AF             PC:115f AF:3102 BC:48a8 DE:176f HL:09e7 SP:f795 IX:0000 IY:0000 Flags:00000010 [f5 f1 f5]
==> 115f:  POP AF              PC:1160 AF:3102 BC:48a8 DE:176f HL:09e7 SP:f797 IX:0000 IY:0000 Flags:00000010 [f1 f5 c5]
==> 1160:  PUSH AF             PC:1161 AF:3102 BC:48a8 DE:176f HL:09e7 SP:f795 IX:0000 IY:0000 Flags:00000010 [f5 c5 d5]
==> 1161:  PUSH BC             PC:1162 AF:3102 BC:48a8 DE:176f HL:09e7 SP:f793 IX:0000 IY:0000 Flags:00000010 [c5 d5 0e]
==> 1162:  PUSH DE             PC:1163 AF:3102 BC:48a8 DE:176f HL:09e7 SP:f791 IX:0000 IY:0000 Flags:00000010 [d5 0e 02]
==> 1163:  LD C, 02h           PC:1165 AF:3102 BC:4802 DE:176f HL:09e7 SP:f791 IX:0000 IY:0000 Flags:00000010 [0e 02 4f]
==> 1165:  LD C, A             PC:1166 AF:3102 BC:4831 DE:176f HL:09e7 SP:f791 IX:0000 IY:0000 Flags:00000010 [4f e5 cd]
==> 1166:  PUSH HL             PC:1167 AF:3102 BC:4831 DE:176f HL:09e7 SP:f78f IX:0000 IY:0000 Flags:00000010 [e5 cd 84]
==> 1167:  CALL ff84h          PC:ff84 AF:3102 BC:4831 DE:176f HL:09e7 SP:f78d IX:0000 IY:0000 Flags:00000010 [cd 84 ff]
1==> ff84:  RET                 PC:116a AF:3102 BC:4831 DE:176f HL:09e7 SP:f78f IX:0000 IY:0000 Flags:00000010 [c9 c9 c9]
==> 116a:  POP HL              PC:116b AF:3102 BC:4831 DE:176f HL:09e7 SP:f791 IX:0000 IY:0000 Flags:00000010 [e1 d1 c1]
==> 116b:  POP DE              PC:116c AF:3102 BC:4831 DE:176f HL:09e7 SP:f793 IX:0000 IY:0000 Flags:00000010 [d1 c1 f1]
==> 116c:  POP BC              PC:116d AF:3102 BC:48a8 DE:176f HL:09e7 SP:f795 IX:0000 IY:0000 Flags:00000010 [c1 f1 c9]
==> 116d:  POP AF              PC:116e AF:3102 BC:48a8 DE:176f HL:09e7 SP:f797 IX:0000 IY:0000 Flags:00000010 [f1 c9 e5]
==> 116e:  RET                 PC:228c AF:3102 BC:48a8 DE:176f HL:09e7 SP:f799 IX:0000 IY:0000 Flags:00000010 [c9 e5 2a]
==> 228c:  CP A, 0dh           PC:228e AF:311a BC:48a8 DE:176f HL:09e7 SP:f799 IX:0000 IY:0000 Flags:00011010 [fe 0d cc]
==> 228e:  CALL Z, 17f2h       PC:2291 AF:311a BC:48a8 DE:176f HL:09e7 SP:f799 IX:0000 IY:0000 Flags:00011010 [cc f2 17]
==> 2291:  INC BC              PC:2292 AF:311a BC:48a9 DE:176f HL:09e7 SP:f799 IX:0000 IY:0000 Flags:00011010 [03 c3 86]
==> 2292:  JP 2286h            PC:2286 AF:311a BC:48a9 DE:176f HL:09e7 SP:f799 IX:0000 IY:0000 Flags:00011010 [c3 86 22]
==> 2286:  DEC D               PC:2287 AF:3102 BC:48a9 DE:166f HL:09e7 SP:f799 IX:0000 IY:0000 Flags:00000010 [15 c8 0a]
==> 2287:  RET Z               PC:2288 AF:3102 BC:48a9 DE:166f HL:09e7 SP:f799 IX:0000 IY:0000 Flags:00000010 [c8 0a cd]
==> 2288:  LD A, (BC)          PC:2289 AF:3902 BC:48a9 DE:166f HL:09e7 SP:f799 IX:0000 IY:0000 Flags:00000010 [0a cd c5]
==> 2289:  CALL 10c5h          PC:10c5 AF:3902 BC:48a9 DE:166f HL:09e7 SP:f797 IX:0000 IY:0000 Flags:00000010 [cd c5 10]
==> 10c5:  PUSH AF             PC:10c6 AF:3902 BC:48a9 DE:166f HL:09e7 SP:f795 IX:0000 IY:0000 Flags:00000010 [f5 e5 2a]
==> 10c6:  PUSH HL             PC:10c7 AF:3902 BC:48a9 DE:166f HL:09e7 SP:f793 IX:0000 IY:0000 Flags:00000010 [e5 2a 35]
==> 10c7:  LD HL, (0735h)      PC:10ca AF:3902 BC:48a9 DE:166f HL:0000 SP:f793 IX:0000 IY:0000 Flags:00000010 [2a 35 07]
==> 10ca:  LD A, H             PC:10cb AF:0002 BC:48a9 DE:166f HL:0000 SP:f793 IX:0000 IY:0000 Flags:00000010 [7c b5 c2]
==> 10cb:  OR A, L             PC:10cc AF:0044 BC:48a9 DE:166f HL:0000 SP:f793 IX:0000 IY:0000 Flags:01000100 [b5 c2 14]
==> 10cc:  JP NZ, 2e14h        PC:10cf AF:0044 BC:48a9 DE:166f HL:0000 SP:f793 IX:0000 IY:0000 Flags:01000100 [c2 14 2e]
==> 10cf:  POP HL              PC:10d0 AF:0044 BC:48a9 DE:166f HL:09e7 SP:f795 IX:0000 IY:0000 Flags:01000100 [e1 3a 26]
==> 10d0:  LD A, (0726h)       PC:10d3 AF:0044 BC:48a9 DE:166f HL:09e7 SP:f795 IX:0000 IY:0000 Flags:01000100 [3a 26 07]
==> 10d3:  OR A, A             PC:10d4 AF:0044 BC:48a9 DE:166f HL:09e7 SP:f795 IX:0000 IY:0000 Flags:01000100 [b7 ca 29]
==> 10d4:  JP Z, 1129h         PC:1129 AF:0044 BC:48a9 DE:166f HL:09e7 SP:f795 IX:0000 IY:0000 Flags:01000100 [ca 29 11]
==> 1129:  LD A, (072ah)       PC:112c AF:0044 BC:48a9 DE:166f HL:09e7 SP:f795 IX:0000 IY:0000 Flags:01000100 [3a 2a 07]
==> 112c:  OR A, A             PC:112d AF:0044 BC:48a9 DE:166f HL:09e7 SP:f795 IX:0000 IY:0000 Flags:01000100 [b7 c2 b1]
==> 112d:  JP NZ, 22b1h        PC:1130 AF:0044 BC:48a9 DE:166f HL:09e7 SP:f795 IX:0000 IY:0000 Flags:01000100 [c2 b1 22]
==> 1130:  POP AF              PC:1131 AF:3902 BC:48a9 DE:166f HL:09e7 SP:f797 IX:0000 IY:0000 Flags:00000010 [f1 c5 f5]
==> 1131:  PUSH BC             PC:1132 AF:3902 BC:48a9 DE:166f HL:09e7 SP:f795 IX:0000 IY:0000 Flags:00000010 [c5 f5 fe]
==> 1132:  PUSH AF             PC:1133 AF:3902 BC:48a9 DE:166f HL:09e7 SP:f793 IX:0000 IY:0000 Flags:00000010 [f5 fe 09]
==> 1133:  CP A, 09h           PC:1135 AF:390a BC:48a9 DE:166f HL:09e7 SP:f793 IX:0000 IY:0000 Flags:00001010 [fe 09 c2]
==> 1135:  JP NZ, 1148h        PC:1148 AF:390a BC:48a9 DE:166f HL:09e7 SP:f793 IX:0000 IY:0000 Flags:00001010 [c2 48 11]
==> 1148:  CP A, 20h           PC:114a AF:3922 BC:48a9 DE:166f HL:09e7 SP:f793 IX:0000 IY:0000 Flags:00100010 [fe 20 da]
==> 114a:  JP C, 115ch         PC:114d AF:3922 BC:48a9 DE:166f HL:09e7 SP:f793 IX:0000 IY:0000 Flags:00100010 [da 5c 11]
==> 114d:  LD A, (0727h)       PC:1150 AF:4822 BC:48a9 DE:166f HL:09e7 SP:f793 IX:0000 IY:0000 Flags:00100010 [3a 27 07]
==> 1150:  LD B, A             PC:1151 AF:4822 BC:48a9 DE:166f HL:09e7 SP:f793 IX:0000 IY:0000 Flags:00100010 [47 3a cf]
==> 1151:  LD A, (09cfh)       PC:1154 AF:0b22 BC:48a9 DE:166f HL:09e7 SP:f793 IX:0000 IY:0000 Flags:00100010 [3a cf 09]
==> 1154:  CP A, B             PC:1155 AF:0b8b BC:48a9 DE:166f HL:09e7 SP:f793 IX:0000 IY:0000 Flags:10001011 [b8 cc e8]
==> 1155:  CALL Z, 17e8h       PC:1158 AF:0b8b BC:48a9 DE:166f HL:09e7 SP:f793 IX:0000 IY:0000 Flags:10001011 [cc e8 17]
==> 1158:  INC A               PC:1159 AF:0c09 BC:48a9 DE:166f HL:09e7 SP:f793 IX:0000 IY:0000 Flags:00001001 [3c 32 cf]
==> 1159:  LD (09cfh), A       PC:115c AF:0c09 BC:48a9 DE:166f HL:09e7 SP:f793 IX:0000 IY:0000 Flags:00001001 [32 cf 09]
==> 115c:  POP AF              PC:115d AF:3902 BC:48a9 DE:166f HL:09e7 SP:f795 IX:0000 IY:0000 Flags:00000010 [f1 c1 f5]
==> 115d:  POP BC              PC:115e AF:3902 BC:48a9 DE:166f HL:09e7 SP:f797 IX:0000 IY:0000 Flags:00000010 [c1 f5 f1]
==> 115e:  PUSH AF             PC:115f AF:3902 BC:48a9 DE:166f HL:09e7 SP:f795 IX:0000 IY:0000 Flags:00000010 [f5 f1 f5]
==> 115f:  POP AF              PC:1160 AF:3902 BC:48a9 DE:166f HL:09e7 SP:f797 IX:0000 IY:0000 Flags:00000010 [f1 f5 c5]
==> 1160:  PUSH AF             PC:1161 AF:3902 BC:48a9 DE:166f HL:09e7 SP:f795 IX:0000 IY:0000 Flags:00000010 [f5 c5 d5]
==> 1161:  PUSH BC             PC:1162 AF:3902 BC:48a9 DE:166f HL:09e7 SP:f793 IX:0000 IY:0000 Flags:00000010 [c5 d5 0e]
==> 1162:  PUSH DE             PC:1163 AF:3902 BC:48a9 DE:166f HL:09e7 SP:f791 IX:0000 IY:0000 Flags:00000010 [d5 0e 02]
==> 1163:  LD C, 02h           PC:1165 AF:3902 BC:4802 DE:166f HL:09e7 SP:f791 IX:0000 IY:0000 Flags:00000010 [0e 02 4f]
==> 1165:  LD C, A             PC:1166 AF:3902 BC:4839 DE:166f HL:09e7 SP:f791 IX:0000 IY:0000 Flags:00000010 [4f e5 cd]
==> 1166:  PUSH HL             PC:1167 AF:3902 BC:4839 DE:166f HL:09e7 SP:f78f IX:0000 IY:0000 Flags:00000010 [e5 cd 84]
==> 1167:  CALL ff84h          PC:ff84 AF:3902 BC:4839 DE:166f HL:09e7 SP:f78d IX:0000 IY:0000 Flags:00000010 [cd 84 ff]
9==> ff84:  RET                 PC:116a AF:3902 BC:4839 DE:166f HL:09e7 SP:f78f IX:0000 IY:0000 Flags:00000010 [c9 c9 c9]
==> 116a:  POP HL              PC:116b AF:3902 BC:4839 DE:166f HL:09e7 SP:f791 IX:0000 IY:0000 Flags:00000010 [e1 d1 c1]
==> 116b:  POP DE              PC:116c AF:3902 BC:4839 DE:166f HL:09e7 SP:f793 IX:0000 IY:0000 Flags:00000010 [d1 c1 f1]
==> 116c:  POP BC              PC:116d AF:3902 BC:48a9 DE:166f HL:09e7 SP:f795 IX:0000 IY:0000 Flags:00000010 [c1 f1 c9]
==> 116d:  POP AF              PC:116e AF:3902 BC:48a9 DE:166f HL:09e7 SP:f797 IX:0000 IY:0000 Flags:00000010 [f1 c9 e5]
==> 116e:  RET                 PC:228c AF:3902 BC:48a9 DE:166f HL:09e7 SP:f799 IX:0000 IY:0000 Flags:00000010 [c9 e5 2a]
==> 228c:  CP A, 0dh           PC:228e AF:391a BC:48a9 DE:166f HL:09e7 SP:f799 IX:0000 IY:0000 Flags:00011010 [fe 0d cc]
==> 228e:  CALL Z, 17f2h       PC:2291 AF:391a BC:48a9 DE:166f HL:09e7 SP:f799 IX:0000 IY:0000 Flags:00011010 [cc f2 17]
==> 2291:  INC BC              PC:2292 AF:391a BC:48aa DE:166f HL:09e7 SP:f799 IX:0000 IY:0000 Flags:00011010 [03 c3 86]
==> 2292:  JP 2286h            PC:2286 AF:391a BC:48aa DE:166f HL:09e7 SP:f799 IX:0000 IY:0000 Flags:00011010 [c3 86 22]
==> 2286:  DEC D               PC:2287 AF:3902 BC:48aa DE:156f HL:09e7 SP:f799 IX:0000 IY:0000 Flags:00000010 [15 c8 0a]
==> 2287:  RET Z               PC:2288 AF:3902 BC:48aa DE:156f HL:09e7 SP:f799 IX:0000 IY:0000 Flags:00000010 [c8 0a cd]
==> 2288:  LD A, (BC)          PC:2289 AF:3702 BC:48aa DE:156f HL:09e7 SP:f799 IX:0000 IY:0000 Flags:00000010 [0a cd c5]
==> 2289:  CALL 10c5h          PC:10c5 AF:3702 BC:48aa DE:156f HL:09e7 SP:f797 IX:0000 IY:0000 Flags:00000010 [cd c5 10]
==> 10c5:  PUSH AF             PC:10c6 AF:3702 BC:48aa DE:156f HL:09e7 SP:f795 IX:0000 IY:0000 Flags:00000010 [f5 e5 2a]
==> 10c6:  PUSH HL             PC:10c7 AF:3702 BC:48aa DE:156f HL:09e7 SP:f793 IX:0000 IY:0000 Flags:00000010 [e5 2a 35]
==> 10c7:  LD HL, (0735h)      PC:10ca AF:3702 BC:48aa DE:156f HL:0000 SP:f793 IX:0000 IY:0000 Flags:00000010 [2a 35 07]
==> 10ca:  LD A, H             PC:10cb AF:0002 BC:48aa DE:156f HL:0000 SP:f793 IX:0000 IY:0000 Flags:00000010 [7c b5 c2]
==> 10cb:  OR A, L             PC:10cc AF:0044 BC:48aa DE:156f HL:0000 SP:f793 IX:0000 IY:0000 Flags:01000100 [b5 c2 14]
==> 10cc:  JP NZ, 2e14h        PC:10cf AF:0044 BC:48aa DE:156f HL:0000 SP:f793 IX:0000 IY:0000 Flags:01000100 [c2 14 2e]
==> 10cf:  POP HL              PC:10d0 AF:0044 BC:48aa DE:156f HL:09e7 SP:f795 IX:0000 IY:0000 Flags:01000100 [e1 3a 26]
==> 10d0:  LD A, (0726h)       PC:10d3 AF:0044 BC:48aa DE:156f HL:09e7 SP:f795 IX:0000 IY:0000 Flags:01000100 [3a 26 07]
==> 10d3:  OR A, A             PC:10d4 AF:0044 BC:48aa DE:156f HL:09e7 SP:f795 IX:0000 IY:0000 Flags:01000100 [b7 ca 29]
==> 10d4:  JP Z, 1129h         PC:1129 AF:0044 BC:48aa DE:156f HL:09e7 SP:f795 IX:0000 IY:0000 Flags:01000100 [ca 29 11]
==> 1129:  LD A, (072ah)       PC:112c AF:0044 BC:48aa DE:156f HL:09e7 SP:f795 IX:0000 IY:0000 Flags:01000100 [3a 2a 07]
==> 112c:  OR A, A             PC:112d AF:0044 BC:48aa DE:156f HL:09e7 SP:f795 IX:0000 IY:0000 Flags:01000100 [b7 c2 b1]
==> 112d:  JP NZ, 22b1h        PC:1130 AF:0044 BC:48aa DE:156f HL:09e7 SP:f795 IX:0000 IY:0000 Flags:01000100 [c2 b1 22]
==> 1130:  POP AF              PC:1131 AF:3702 BC:48aa DE:156f HL:09e7 SP:f797 IX:0000 IY:0000 Flags:00000010 [f1 c5 f5]
==> 1131:  PUSH BC             PC:1132 AF:3702 BC:48aa DE:156f HL:09e7 SP:f795 IX:0000 IY:0000 Flags:00000010 [c5 f5 fe]
==> 1132:  PUSH AF             PC:1133 AF:3702 BC:48aa DE:156f HL:09e7 SP:f793 IX:0000 IY:0000 Flags:00000010 [f5 fe 09]
==> 1133:  CP A, 09h           PC:1135 AF:371a BC:48aa DE:156f HL:09e7 SP:f793 IX:0000 IY:0000 Flags:00011010 [fe 09 c2]
==> 1135:  JP NZ, 1148h        PC:1148 AF:371a BC:48aa DE:156f HL:09e7 SP:f793 IX:0000 IY:0000 Flags:00011010 [c2 48 11]
==> 1148:  CP A, 20h           PC:114a AF:3722 BC:48aa DE:156f HL:09e7 SP:f793 IX:0000 IY:0000 Flags:00100010 [fe 20 da]
==> 114a:  JP C, 115ch         PC:114d AF:3722 BC:48aa DE:156f HL:09e7 SP:f793 IX:0000 IY:0000 Flags:00100010 [da 5c 11]
==> 114d:  LD A, (0727h)       PC:1150 AF:4822 BC:48aa DE:156f HL:09e7 SP:f793 IX:0000 IY:0000 Flags:00100010 [3a 27 07]
==> 1150:  LD B, A             PC:1151 AF:4822 BC:48aa DE:156f HL:09e7 SP:f793 IX:0000 IY:0000 Flags:00100010 [47 3a cf]
==> 1151:  LD A, (09cfh)       PC:1154 AF:0c22 BC:48aa DE:156f HL:09e7 SP:f793 IX:0000 IY:0000 Flags:00100010 [3a cf 09]
==> 1154:  CP A, B             PC:1155 AF:0c8b BC:48aa DE:156f HL:09e7 SP:f793 IX:0000 IY:0000 Flags:10001011 [b8 cc e8]
==> 1155:  CALL Z, 17e8h       PC:1158 AF:0c8b BC:48aa DE:156f HL:09e7 SP:f793 IX:0000 IY:0000 Flags:10001011 [cc e8 17]
==> 1158:  INC A               PC:1159 AF:0d09 BC:48aa DE:156f HL:09e7 SP:f793 IX:0000 IY:0000 Flags:00001001 [3c 32 cf]
==> 1159:  LD (09cfh), A       PC:115c AF:0d09 BC:48aa DE:156f HL:09e7 SP:f793 IX:0000 IY:0000 Flags:00001001 [32 cf 09]
==> 115c:  POP AF              PC:115d AF:3702 BC:48aa DE:156f HL:09e7 SP:f795 IX:0000 IY:0000 Flags:00000010 [f1 c1 f5]
==> 115d:  POP BC              PC:115e AF:3702 BC:48aa DE:156f HL:09e7 SP:f797 IX:0000 IY:0000 Flags:00000010 [c1 f5 f1]
==> 115e:  PUSH AF             PC:115f AF:3702 BC:48aa DE:156f HL:09e7 SP:f795 IX:0000 IY:0000 Flags:00000010 [f5 f1 f5]
==> 115f:  POP AF              PC:1160 AF:3702 BC:48aa DE:156f HL:09e7 SP:f797 IX:0000 IY:0000 Flags:00000010 [f1 f5 c5]
==> 1160:  PUSH AF             PC:1161 AF:3702 BC:48aa DE:156f HL:09e7 SP:f795 IX:0000 IY:0000 Flags:00000010 [f5 c5 d5]
==> 1161:  PUSH BC             PC:1162 AF:3702 BC:48aa DE:156f HL:09e7 SP:f793 IX:0000 IY:0000 Flags:00000010 [c5 d5 0e]
==> 1162:  PUSH DE             PC:1163 AF:3702 BC:48aa DE:156f HL:09e7 SP:f791 IX:0000 IY:0000 Flags:00000010 [d5 0e 02]
==> 1163:  LD C, 02h           PC:1165 AF:3702 BC:4802 DE:156f HL:09e7 SP:f791 IX:0000 IY:0000 Flags:00000010 [0e 02 4f]
==> 1165:  LD C, A             PC:1166 AF:3702 BC:4837 DE:156f HL:09e7 SP:f791 IX:0000 IY:0000 Flags:00000010 [4f e5 cd]
==> 1166:  PUSH HL             PC:1167 AF:3702 BC:4837 DE:156f HL:09e7 SP:f78f IX:0000 IY:0000 Flags:00000010 [e5 cd 84]
==> 1167:  CALL ff84h          PC:ff84 AF:3702 BC:4837 DE:156f HL:09e7 SP:f78d IX:0000 IY:0000 Flags:00000010 [cd 84 ff]
7==> ff84:  RET                 PC:116a AF:3702 BC:4837 DE:156f HL:09e7 SP:f78f IX:0000 IY:0000 Flags:00000010 [c9 c9 c9]
==> 116a:  POP HL              PC:116b AF:3702 BC:4837 DE:156f HL:09e7 SP:f791 IX:0000 IY:0000 Flags:00000010 [e1 d1 c1]
==> 116b:  POP DE              PC:116c AF:3702 BC:4837 DE:156f HL:09e7 SP:f793 IX:0000 IY:0000 Flags:00000010 [d1 c1 f1]
==> 116c:  POP BC              PC:116d AF:3702 BC:48aa DE:156f HL:09e7 SP:f795 IX:0000 IY:0000 Flags:00000010 [c1 f1 c9]
==> 116d:  POP AF              PC:116e AF:3702 BC:48aa DE:156f HL:09e7 SP:f797 IX:0000 IY:0000 Flags:00000010 [f1 c9 e5]
==> 116e:  RET                 PC:228c AF:3702 BC:48aa DE:156f HL:09e7 SP:f799 IX:0000 IY:0000 Flags:00000010 [c9 e5 2a]
==> 228c:  CP A, 0dh           PC:228e AF:371a BC:48aa DE:156f HL:09e7 SP:f799 IX:0000 IY:0000 Flags:00011010 [fe 0d cc]
==> 228e:  CALL Z, 17f2h       PC:2291 AF:371a BC:48aa DE:156f HL:09e7 SP:f799 IX:0000 IY:0000 Flags:00011010 [cc f2 17]
==> 2291:  INC BC              PC:2292 AF:371a BC:48ab DE:156f HL:09e7 SP:f799 IX:0000 IY:0000 Flags:00011010 [03 c3 86]
==> 2292:  JP 2286h            PC:2286 AF:371a BC:48ab DE:156f HL:09e7 SP:f799 IX:0000 IY:0000 Flags:00011010 [c3 86 22]
==> 2286:  DEC D               PC:2287 AF:3702 BC:48ab DE:146f HL:09e7 SP:f799 IX:0000 IY:0000 Flags:00000010 [15 c8 0a]
==> 2287:  RET Z               PC:2288 AF:3702 BC:48ab DE:146f HL:09e7 SP:f799 IX:0000 IY:0000 Flags:00000010 [c8 0a cd]
==> 2288:  LD A, (BC)          PC:2289 AF:3702 BC:48ab DE:146f HL:09e7 SP:f799 IX:0000 IY:0000 Flags:00000010 [0a cd c5]
==> 2289:  CALL 10c5h          PC:10c5 AF:3702 BC:48ab DE:146f HL:09e7 SP:f797 IX:0000 IY:0000 Flags:00000010 [cd c5 10]
==> 10c5:  PUSH AF             PC:10c6 AF:3702 BC:48ab DE:146f HL:09e7 SP:f795 IX:0000 IY:0000 Flags:00000010 [f5 e5 2a]
==> 10c6:  PUSH HL             PC:10c7 AF:3702 BC:48ab DE:146f HL:09e7 SP:f793 IX:0000 IY:0000 Flags:00000010 [e5 2a 35]
==> 10c7:  LD HL, (0735h)      PC:10ca AF:3702 BC:48ab DE:146f HL:0000 SP:f793 IX:0000 IY:0000 Flags:00000010 [2a 35 07]
==> 10ca:  LD A, H             PC:10cb AF:0002 BC:48ab DE:146f HL:0000 SP:f793 IX:0000 IY:0000 Flags:00000010 [7c b5 c2]
==> 10cb:  OR A, L             PC:10cc AF:0044 BC:48ab DE:146f HL:0000 SP:f793 IX:0000 IY:0000 Flags:01000100 [b5 c2 14]
==> 10cc:  JP NZ, 2e14h        PC:10cf AF:0044 BC:48ab DE:146f HL:0000 SP:f793 IX:0000 IY:0000 Flags:01000100 [c2 14 2e]
==> 10cf:  POP HL              PC:10d0 AF:0044 BC:48ab DE:146f HL:09e7 SP:f795 IX:0000 IY:0000 Flags:01000100 [e1 3a 26]
==> 10d0:  LD A, (0726h)       PC:10d3 AF:0044 BC:48ab DE:146f HL:09e7 SP:f795 IX:0000 IY:0000 Flags:01000100 [3a 26 07]
==> 10d3:  OR A, A             PC:10d4 AF:0044 BC:48ab DE:146f HL:09e7 SP:f795 IX:0000 IY:0000 Flags:01000100 [b7 ca 29]
==> 10d4:  JP Z, 1129h         PC:1129 AF:0044 BC:48ab DE:146f HL:09e7 SP:f795 IX:0000 IY:0000 Flags:01000100 [ca 29 11]
==> 1129:  LD A, (072ah)       PC:112c AF:0044 BC:48ab DE:146f HL:09e7 SP:f795 IX:0000 IY:0000 Flags:01000100 [3a 2a 07]
==> 112c:  OR A, A             PC:112d AF:0044 BC:48ab DE:146f HL:09e7 SP:f795 IX:0000 IY:0000 Flags:01000100 [b7 c2 b1]
==> 112d:  JP NZ, 22b1h        PC:1130 AF:0044 BC:48ab DE:146f HL:09e7 SP:f795 IX:0000 IY:0000 Flags:01000100 [c2 b1 22]
==> 1130:  POP AF              PC:1131 AF:3702 BC:48ab DE:146f HL:09e7 SP:f797 IX:0000 IY:0000 Flags:00000010 [f1 c5 f5]
==> 1131:  PUSH BC             PC:1132 AF:3702 BC:48ab DE:146f HL:09e7 SP:f795 IX:0000 IY:0000 Flags:00000010 [c5 f5 fe]
==> 1132:  PUSH AF             PC:1133 AF:3702 BC:48ab DE:146f HL:09e7 SP:f793 IX:0000 IY:0000 Flags:00000010 [f5 fe 09]
==> 1133:  CP A, 09h           PC:1135 AF:371a BC:48ab DE:146f HL:09e7 SP:f793 IX:0000 IY:0000 Flags:00011010 [fe 09 c2]
==> 1135:  JP NZ, 1148h        PC:1148 AF:371a BC:48ab DE:146f HL:09e7 SP:f793 IX:0000 IY:0000 Flags:00011010 [c2 48 11]
==> 1148:  CP A, 20h           PC:114a AF:3722 BC:48ab DE:146f HL:09e7 SP:f793 IX:0000 IY:0000 Flags:00100010 [fe 20 da]
==> 114a:  JP C, 115ch         PC:114d AF:3722 BC:48ab DE:146f HL:09e7 SP:f793 IX:0000 IY:0000 Flags:00100010 [da 5c 11]
==> 114d:  LD A, (0727h)       PC:1150 AF:4822 BC:48ab DE:146f HL:09e7 SP:f793 IX:0000 IY:0000 Flags:00100010 [3a 27 07]
==> 1150:  LD B, A             PC:1151 AF:4822 BC:48ab DE:146f HL:09e7 SP:f793 IX:0000 IY:0000 Flags:00100010 [47 3a cf]
==> 1151:  LD A, (09cfh)       PC:1154 AF:0d22 BC:48ab DE:146f HL:09e7 SP:f793 IX:0000 IY:0000 Flags:00100010 [3a cf 09]
==> 1154:  CP A, B             PC:1155 AF:0d8b BC:48ab DE:146f HL:09e7 SP:f793 IX:0000 IY:0000 Flags:10001011 [b8 cc e8]
==> 1155:  CALL Z, 17e8h       PC:1158 AF:0d8b BC:48ab DE:146f HL:09e7 SP:f793 IX:0000 IY:0000 Flags:10001011 [cc e8 17]
==> 1158:  INC A               PC:1159 AF:0e09 BC:48ab DE:146f HL:09e7 SP:f793 IX:0000 IY:0000 Flags:00001001 [3c 32 cf]
==> 1159:  LD (09cfh), A       PC:115c AF:0e09 BC:48ab DE:146f HL:09e7 SP:f793 IX:0000 IY:0000 Flags:00001001 [32 cf 09]
==> 115c:  POP AF              PC:115d AF:3702 BC:48ab DE:146f HL:09e7 SP:f795 IX:0000 IY:0000 Flags:00000010 [f1 c1 f5]
==> 115d:  POP BC              PC:115e AF:3702 BC:48ab DE:146f HL:09e7 SP:f797 IX:0000 IY:0000 Flags:00000010 [c1 f5 f1]
==> 115e:  PUSH AF             PC:115f AF:3702 BC:48ab DE:146f HL:09e7 SP:f795 IX:0000 IY:0000 Flags:00000010 [f5 f1 f5]
==> 115f:  POP AF              PC:1160 AF:3702 BC:48ab DE:146f HL:09e7 SP:f797 IX:0000 IY:0000 Flags:00000010 [f1 f5 c5]
==> 1160:  PUSH AF             PC:1161 AF:3702 BC:48ab DE:146f HL:09e7 SP:f795 IX:0000 IY:0000 Flags:00000010 [f5 c5 d5]
==> 1161:  PUSH BC             PC:1162 AF:3702 BC:48ab DE:146f HL:09e7 SP:f793 IX:0000 IY:0000 Flags:00000010 [c5 d5 0e]
==> 1162:  PUSH DE             PC:1163 AF:3702 BC:48ab DE:146f HL:09e7 SP:f791 IX:0000 IY:0000 Flags:00000010 [d5 0e 02]
==> 1163:  LD C, 02h           PC:1165 AF:3702 BC:4802 DE:146f HL:09e7 SP:f791 IX:0000 IY:0000 Flags:00000010 [0e 02 4f]
==> 1165:  LD C, A             PC:1166 AF:3702 BC:4837 DE:146f HL:09e7 SP:f791 IX:0000 IY:0000 Flags:00000010 [4f e5 cd]
==> 1166:  PUSH HL             PC:1167 AF:3702 BC:4837 DE:146f HL:09e7 SP:f78f IX:0000 IY:0000 Flags:00000010 [e5 cd 84]
==> 1167:  CALL ff84h          PC:ff84 AF:3702 BC:4837 DE:146f HL:09e7 SP:f78d IX:0000 IY:0000 Flags:00000010 [cd 84 ff]
7==> ff84:  RET                 PC:116a AF:3702 BC:4837 DE:146f HL:09e7 SP:f78f IX:0000 IY:0000 Flags:00000010 [c9 c9 c9]
==> 116a:  POP HL              PC:116b AF:3702 BC:4837 DE:146f HL:09e7 SP:f791 IX:0000 IY:0000 Flags:00000010 [e1 d1 c1]
==> 116b:  POP DE              PC:116c AF:3702 BC:4837 DE:146f HL:09e7 SP:f793 IX:0000 IY:0000 Flags:00000010 [d1 c1 f1]
==> 116c:  POP BC              PC:116d AF:3702 BC:48ab DE:146f HL:09e7 SP:f795 IX:0000 IY:0000 Flags:00000010 [c1 f1 c9]
==> 116d:  POP AF              PC:116e AF:3702 BC:48ab DE:146f HL:09e7 SP:f797 IX:0000 IY:0000 Flags:00000010 [f1 c9 e5]
==> 116e:  RET                 PC:228c AF:3702 BC:48ab DE:146f HL:09e7 SP:f799 IX:0000 IY:0000 Flags:00000010 [c9 e5 2a]
==> 228c:  CP A, 0dh           PC:228e AF:371a BC:48ab DE:146f HL:09e7 SP:f799 IX:0000 IY:0000 Flags:00011010 [fe 0d cc]
==> 228e:  CALL Z, 17f2h       PC:2291 AF:371a BC:48ab DE:146f HL:09e7 SP:f799 IX:0000 IY:0000 Flags:00011010 [cc f2 17]
==> 2291:  INC BC              PC:2292 AF:371a BC:48ac DE:146f HL:09e7 SP:f799 IX:0000 IY:0000 Flags:00011010 [03 c3 86]
==> 2292:  JP 2286h            PC:2286 AF:371a BC:48ac DE:146f HL:09e7 SP:f799 IX:0000 IY:0000 Flags:00011010 [c3 86 22]
==> 2286:  DEC D               PC:2287 AF:3702 BC:48ac DE:136f HL:09e7 SP:f799 IX:0000 IY:0000 Flags:00000010 [15 c8 0a]
==> 2287:  RET Z               PC:2288 AF:3702 BC:48ac DE:136f HL:09e7 SP:f799 IX:0000 IY:0000 Flags:00000010 [c8 0a cd]
==> 2288:  LD A, (BC)          PC:2289 AF:2002 BC:48ac DE:136f HL:09e7 SP:f799 IX:0000 IY:0000 Flags:00000010 [0a cd c5]
==> 2289:  CALL 10c5h          PC:10c5 AF:2002 BC:48ac DE:136f HL:09e7 SP:f797 IX:0000 IY:0000 Flags:00000010 [cd c5 10]
==> 10c5:  PUSH AF             PC:10c6 AF:2002 BC:48ac DE:136f HL:09e7 SP:f795 IX:0000 IY:0000 Flags:00000010 [f5 e5 2a]
==> 10c6:  PUSH HL             PC:10c7 AF:2002 BC:48ac DE:136f HL:09e7 SP:f793 IX:0000 IY:0000 Flags:00000010 [e5 2a 35]
==> 10c7:  LD HL, (0735h)      PC:10ca AF:2002 BC:48ac DE:136f HL:0000 SP:f793 IX:0000 IY:0000 Flags:00000010 [2a 35 07]
==> 10ca:  LD A, H             PC:10cb AF:0002 BC:48ac DE:136f HL:0000 SP:f793 IX:0000 IY:0000 Flags:00000010 [7c b5 c2]
==> 10cb:  OR A, L             PC:10cc AF:0044 BC:48ac DE:136f HL:0000 SP:f793 IX:0000 IY:0000 Flags:01000100 [b5 c2 14]
==> 10cc:  JP NZ, 2e14h        PC:10cf AF:0044 BC:48ac DE:136f HL:0000 SP:f793 IX:0000 IY:0000 Flags:01000100 [c2 14 2e]
==> 10cf:  POP HL              PC:10d0 AF:0044 BC:48ac DE:136f HL:09e7 SP:f795 IX:0000 IY:0000 Flags:01000100 [e1 3a 26]
==> 10d0:  LD A, (0726h)       PC:10d3 AF:0044 BC:48ac DE:136f HL:09e7 SP:f795 IX:0000 IY:0000 Flags:01000100 [3a 26 07]
==> 10d3:  OR A, A             PC:10d4 AF:0044 BC:48ac DE:136f HL:09e7 SP:f795 IX:0000 IY:0000 Flags:01000100 [b7 ca 29]
==> 10d4:  JP Z, 1129h         PC:1129 AF:0044 BC:48ac DE:136f HL:09e7 SP:f795 IX:0000 IY:0000 Flags:01000100 [ca 29 11]
==> 1129:  LD A, (072ah)       PC:112c AF:0044 BC:48ac DE:136f HL:09e7 SP:f795 IX:0000 IY:0000 Flags:01000100 [3a 2a 07]
==> 112c:  OR A, A             PC:112d AF:0044 BC:48ac DE:136f HL:09e7 SP:f795 IX:0000 IY:0000 Flags:01000100 [b7 c2 b1]
==> 112d:  JP NZ, 22b1h        PC:1130 AF:0044 BC:48ac DE:136f HL:09e7 SP:f795 IX:0000 IY:0000 Flags:01000100 [c2 b1 22]
==> 1130:  POP AF              PC:1131 AF:2002 BC:48ac DE:136f HL:09e7 SP:f797 IX:0000 IY:0000 Flags:00000010 [f1 c5 f5]
==> 1131:  PUSH BC             PC:1132 AF:2002 BC:48ac DE:136f HL:09e7 SP:f795 IX:0000 IY:0000 Flags:00000010 [c5 f5 fe]
==> 1132:  PUSH AF             PC:1133 AF:2002 BC:48ac DE:136f HL:09e7 SP:f793 IX:0000 IY:0000 Flags:00000010 [f5 fe 09]
==> 1133:  CP A, 09h           PC:1135 AF:201a BC:48ac DE:136f HL:09e7 SP:f793 IX:0000 IY:0000 Flags:00011010 [fe 09 c2]
==> 1135:  JP NZ, 1148h        PC:1148 AF:201a BC:48ac DE:136f HL:09e7 SP:f793 IX:0000 IY:0000 Flags:00011010 [c2 48 11]
==> 1148:  CP A, 20h           PC:114a AF:2062 BC:48ac DE:136f HL:09e7 SP:f793 IX:0000 IY:0000 Flags:01100010 [fe 20 da]
==> 114a:  JP C, 115ch         PC:114d AF:2062 BC:48ac DE:136f HL:09e7 SP:f793 IX:0000 IY:0000 Flags:01100010 [da 5c 11]
==> 114d:  LD A, (0727h)       PC:1150 AF:4862 BC:48ac DE:136f HL:09e7 SP:f793 IX:0000 IY:0000 Flags:01100010 [3a 27 07]
==> 1150:  LD B, A             PC:1151 AF:4862 BC:48ac DE:136f HL:09e7 SP:f793 IX:0000 IY:0000 Flags:01100010 [47 3a cf]
==> 1151:  LD A, (09cfh)       PC:1154 AF:0e62 BC:48ac DE:136f HL:09e7 SP:f793 IX:0000 IY:0000 Flags:01100010 [3a cf 09]
==> 1154:  CP A, B             PC:1155 AF:0e8b BC:48ac DE:136f HL:09e7 SP:f793 IX:0000 IY:0000 Flags:10001011 [b8 cc e8]
==> 1155:  CALL Z, 17e8h       PC:1158 AF:0e8b BC:48ac DE:136f HL:09e7 SP:f793 IX:0000 IY:0000 Flags:10001011 [cc e8 17]
==> 1158:  INC A               PC:1159 AF:0f09 BC:48ac DE:136f HL:09e7 SP:f793 IX:0000 IY:0000 Flags:00001001 [3c 32 cf]
==> 1159:  LD (09cfh), A       PC:115c AF:0f09 BC:48ac DE:136f HL:09e7 SP:f793 IX:0000 IY:0000 Flags:00001001 [32 cf 09]
==> 115c:  POP AF              PC:115d AF:2002 BC:48ac DE:136f HL:09e7 SP:f795 IX:0000 IY:0000 Flags:00000010 [f1 c1 f5]
==> 115d:  POP BC              PC:115e AF:2002 BC:48ac DE:136f HL:09e7 SP:f797 IX:0000 IY:0000 Flags:00000010 [c1 f5 f1]
==> 115e:  PUSH AF             PC:115f AF:2002 BC:48ac DE:136f HL:09e7 SP:f795 IX:0000 IY:0000 Flags:00000010 [f5 f1 f5]
==> 115f:  POP AF              PC:1160 AF:2002 BC:48ac DE:136f HL:09e7 SP:f797 IX:0000 IY:0000 Flags:00000010 [f1 f5 c5]
==> 1160:  PUSH AF             PC:1161 AF:2002 BC:48ac DE:136f HL:09e7 SP:f795 IX:0000 IY:0000 Flags:00000010 [f5 c5 d5]
==> 1161:  PUSH BC             PC:1162 AF:2002 BC:48ac DE:136f HL:09e7 SP:f793 IX:0000 IY:0000 Flags:00000010 [c5 d5 0e]
==> 1162:  PUSH DE             PC:1163 AF:2002 BC:48ac DE:136f HL:09e7 SP:f791 IX:0000 IY:0000 Flags:00000010 [d5 0e 02]
==> 1163:  LD C, 02h           PC:1165 AF:2002 BC:4802 DE:136f HL:09e7 SP:f791 IX:0000 IY:0000 Flags:00000010 [0e 02 4f]
==> 1165:  LD C, A             PC:1166 AF:2002 BC:4820 DE:136f HL:09e7 SP:f791 IX:0000 IY:0000 Flags:00000010 [4f e5 cd]
==> 1166:  PUSH HL             PC:1167 AF:2002 BC:4820 DE:136f HL:09e7 SP:f78f IX:0000 IY:0000 Flags:00000010 [e5 cd 84]
==> 1167:  CALL ff84h          PC:ff84 AF:2002 BC:4820 DE:136f HL:09e7 SP:f78d IX:0000 IY:0000 Flags:00000010 [cd 84 ff]
 ==> ff84:  RET                 PC:116a AF:2002 BC:4820 DE:136f HL:09e7 SP:f78f IX:0000 IY:0000 Flags:00000010 [c9 c9 c9]
==> 116a:  POP HL              PC:116b AF:2002 BC:4820 DE:136f HL:09e7 SP:f791 IX:0000 IY:0000 Flags:00000010 [e1 d1 c1]
==> 116b:  POP DE              PC:116c AF:2002 BC:4820 DE:136f HL:09e7 SP:f793 IX:0000 IY:0000 Flags:00000010 [d1 c1 f1]
==> 116c:  POP BC              PC:116d AF:2002 BC:48ac DE:136f HL:09e7 SP:f795 IX:0000 IY:0000 Flags:00000010 [c1 f1 c9]
==> 116d:  POP AF              PC:116e AF:2002 BC:48ac DE:136f HL:09e7 SP:f797 IX:0000 IY:0000 Flags:00000010 [f1 c9 e5]
==> 116e:  RET                 PC:228c AF:2002 BC:48ac DE:136f HL:09e7 SP:f799 IX:0000 IY:0000 Flags:00000010 [c9 e5 2a]
==> 228c:  CP A, 0dh           PC:228e AF:201a BC:48ac DE:136f HL:09e7 SP:f799 IX:0000 IY:0000 Flags:00011010 [fe 0d cc]
==> 228e:  CALL Z, 17f2h       PC:2291 AF:201a BC:48ac DE:136f HL:09e7 SP:f799 IX:0000 IY:0000 Flags:00011010 [cc f2 17]
==> 2291:  INC BC              PC:2292 AF:201a BC:48ad DE:136f HL:09e7 SP:f799 IX:0000 IY:0000 Flags:00011010 [03 c3 86]
==> 2292:  JP 2286h            PC:2286 AF:201a BC:48ad DE:136f HL:09e7 SP:f799 IX:0000 IY:0000 Flags:00011010 [c3 86 22]
==> 2286:  DEC D               PC:2287 AF:2002 BC:48ad DE:126f HL:09e7 SP:f799 IX:0000 IY:0000 Flags:00000010 [15 c8 0a]
==> 2287:  RET Z               PC:2288 AF:2002 BC:48ad DE:126f HL:09e7 SP:f799 IX:0000 IY:0000 Flags:00000010 [c8 0a cd]
==> 2288:  LD A, (BC)          PC:2289 AF:2802 BC:48ad DE:126f HL:09e7 SP:f799 IX:0000 IY:0000 Flags:00000010 [0a cd c5]
==> 2289:  CALL 10c5h          PC:10c5 AF:2802 BC:48ad DE:126f HL:09e7 SP:f797 IX:0000 IY:0000 Flags:00000010 [cd c5 10]
==> 10c5:  PUSH AF             PC:10c6 AF:2802 BC:48ad DE:126f HL:09e7 SP:f795 IX:0000 IY:0000 Flags:00000010 [f5 e5 2a]
==> 10c6:  PUSH HL             PC:10c7 AF:2802 BC:48ad DE:126f HL:09e7 SP:f793 IX:0000 IY:0000 Flags:00000010 [e5 2a 35]
==> 10c7:  LD HL, (0735h)      PC:10ca AF:2802 BC:48ad DE:126f HL:0000 SP:f793 IX:0000 IY:0000 Flags:00000010 [2a 35 07]
==> 10ca:  LD A, H             PC:10cb AF:0002 BC:48ad DE:126f HL:0000 SP:f793 IX:0000 IY:0000 Flags:00000010 [7c b5 c2]
==> 10cb:  OR A, L             PC:10cc AF:0044 BC:48ad DE:126f HL:0000 SP:f793 IX:0000 IY:0000 Flags:01000100 [b5 c2 14]
==> 10cc:  JP NZ, 2e14h        PC:10cf AF:0044 BC:48ad DE:126f HL:0000 SP:f793 IX:0000 IY:0000 Flags:01000100 [c2 14 2e]
==> 10cf:  POP HL              PC:10d0 AF:0044 BC:48ad DE:126f HL:09e7 SP:f795 IX:0000 IY:0000 Flags:01000100 [e1 3a 26]
==> 10d0:  LD A, (0726h)       PC:10d3 AF:0044 BC:48ad DE:126f HL:09e7 SP:f795 IX:0000 IY:0000 Flags:01000100 [3a 26 07]
==> 10d3:  OR A, A             PC:10d4 AF:0044 BC:48ad DE:126f HL:09e7 SP:f795 IX:0000 IY:0000 Flags:01000100 [b7 ca 29]
==> 10d4:  JP Z, 1129h         PC:1129 AF:0044 BC:48ad DE:126f HL:09e7 SP:f795 IX:0000 IY:0000 Flags:01000100 [ca 29 11]
==> 1129:  LD A, (072ah)       PC:112c AF:0044 BC:48ad DE:126f HL:09e7 SP:f795 IX:0000 IY:0000 Flags:01000100 [3a 2a 07]
==> 112c:  OR A, A             PC:112d AF:0044 BC:48ad DE:126f HL:09e7 SP:f795 IX:0000 IY:0000 Flags:01000100 [b7 c2 b1]
==> 112d:  JP NZ, 22b1h        PC:1130 AF:0044 BC:48ad DE:126f HL:09e7 SP:f795 IX:0000 IY:0000 Flags:01000100 [c2 b1 22]
==> 1130:  POP AF              PC:1131 AF:2802 BC:48ad DE:126f HL:09e7 SP:f797 IX:0000 IY:0000 Flags:00000010 [f1 c5 f5]
==> 1131:  PUSH BC             PC:1132 AF:2802 BC:48ad DE:126f HL:09e7 SP:f795 IX:0000 IY:0000 Flags:00000010 [c5 f5 fe]
==> 1132:  PUSH AF             PC:1133 AF:2802 BC:48ad DE:126f HL:09e7 SP:f793 IX:0000 IY:0000 Flags:00000010 [f5 fe 09]
==> 1133:  CP A, 09h           PC:1135 AF:281a BC:48ad DE:126f HL:09e7 SP:f793 IX:0000 IY:0000 Flags:00011010 [fe 09 c2]
==> 1135:  JP NZ, 1148h        PC:1148 AF:281a BC:48ad DE:126f HL:09e7 SP:f793 IX:0000 IY:0000 Flags:00011010 [c2 48 11]
==> 1148:  CP A, 20h           PC:114a AF:2822 BC:48ad DE:126f HL:09e7 SP:f793 IX:0000 IY:0000 Flags:00100010 [fe 20 da]
==> 114a:  JP C, 115ch         PC:114d AF:2822 BC:48ad DE:126f HL:09e7 SP:f793 IX:0000 IY:0000 Flags:00100010 [da 5c 11]
==> 114d:  LD A, (0727h)       PC:1150 AF:4822 BC:48ad DE:126f HL:09e7 SP:f793 IX:0000 IY:0000 Flags:00100010 [3a 27 07]
==> 1150:  LD B, A             PC:1151 AF:4822 BC:48ad DE:126f HL:09e7 SP:f793 IX:0000 IY:0000 Flags:00100010 [47 3a cf]
==> 1151:  LD A, (09cfh)       PC:1154 AF:0f22 BC:48ad DE:126f HL:09e7 SP:f793 IX:0000 IY:0000 Flags:00100010 [3a cf 09]
==> 1154:  CP A, B             PC:1155 AF:0f8b BC:48ad DE:126f HL:09e7 SP:f793 IX:0000 IY:0000 Flags:10001011 [b8 cc e8]
==> 1155:  CALL Z, 17e8h       PC:1158 AF:0f8b BC:48ad DE:126f HL:09e7 SP:f793 IX:0000 IY:0000 Flags:10001011 [cc e8 17]
==> 1158:  INC A               PC:1159 AF:1011 BC:48ad DE:126f HL:09e7 SP:f793 IX:0000 IY:0000 Flags:00010001 [3c 32 cf]
==> 1159:  LD (09cfh), A       PC:115c AF:1011 BC:48ad DE:126f HL:09e7 SP:f793 IX:0000 IY:0000 Flags:00010001 [32 cf 09]
==> 115c:  POP AF              PC:115d AF:2802 BC:48ad DE:126f HL:09e7 SP:f795 IX:0000 IY:0000 Flags:00000010 [f1 c1 f5]
==> 115d:  POP BC              PC:115e AF:2802 BC:48ad DE:126f HL:09e7 SP:f797 IX:0000 IY:0000 Flags:00000010 [c1 f5 f1]
==> 115e:  PUSH AF             PC:115f AF:2802 BC:48ad DE:126f HL:09e7 SP:f795 IX:0000 IY:0000 Flags:00000010 [f5 f1 f5]
==> 115f:  POP AF              PC:1160 AF:2802 BC:48ad DE:126f HL:09e7 SP:f797 IX:0000 IY:0000 Flags:00000010 [f1 f5 c5]
==> 1160:  PUSH AF             PC:1161 AF:2802 BC:48ad DE:126f HL:09e7 SP:f795 IX:0000 IY:0000 Flags:00000010 [f5 c5 d5]
==> 1161:  PUSH BC             PC:1162 AF:2802 BC:48ad DE:126f HL:09e7 SP:f793 IX:0000 IY:0000 Flags:00000010 [c5 d5 0e]
==> 1162:  PUSH DE             PC:1163 AF:2802 BC:48ad DE:126f HL:09e7 SP:f791 IX:0000 IY:0000 Flags:00000010 [d5 0e 02]
==> 1163:  LD C, 02h           PC:1165 AF:2802 BC:4802 DE:126f HL:09e7 SP:f791 IX:0000 IY:0000 Flags:00000010 [0e 02 4f]
==> 1165:  LD C, A             PC:1166 AF:2802 BC:4828 DE:126f HL:09e7 SP:f791 IX:0000 IY:0000 Flags:00000010 [4f e5 cd]
==> 1166:  PUSH HL             PC:1167 AF:2802 BC:4828 DE:126f HL:09e7 SP:f78f IX:0000 IY:0000 Flags:00000010 [e5 cd 84]
==> 1167:  CALL ff84h          PC:ff84 AF:2802 BC:4828 DE:126f HL:09e7 SP:f78d IX:0000 IY:0000 Flags:00000010 [cd 84 ff]
(==> ff84:  RET                 PC:116a AF:2802 BC:4828 DE:126f HL:09e7 SP:f78f IX:0000 IY:0000 Flags:00000010 [c9 c9 c9]
==> 116a:  POP HL              PC:116b AF:2802 BC:4828 DE:126f HL:09e7 SP:f791 IX:0000 IY:0000 Flags:00000010 [e1 d1 c1]
==> 116b:  POP DE              PC:116c AF:2802 BC:4828 DE:126f HL:09e7 SP:f793 IX:0000 IY:0000 Flags:00000010 [d1 c1 f1]
==> 116c:  POP BC              PC:116d AF:2802 BC:48ad DE:126f HL:09e7 SP:f795 IX:0000 IY:0000 Flags:00000010 [c1 f1 c9]
==> 116d:  POP AF              PC:116e AF:2802 BC:48ad DE:126f HL:09e7 SP:f797 IX:0000 IY:0000 Flags:00000010 [f1 c9 e5]
==> 116e:  RET                 PC:228c AF:2802 BC:48ad DE:126f HL:09e7 SP:f799 IX:0000 IY:0000 Flags:00000010 [c9 e5 2a]
==> 228c:  CP A, 0dh           PC:228e AF:281a BC:48ad DE:126f HL:09e7 SP:f799 IX:0000 IY:0000 Flags:00011010 [fe 0d cc]
==> 228e:  CALL Z, 17f2h       PC:2291 AF:281a BC:48ad DE:126f HL:09e7 SP:f799 IX:0000 IY:0000 Flags:00011010 [cc f2 17]
==> 2291:  INC BC              PC:2292 AF:281a BC:48ae DE:126f HL:09e7 SP:f799 IX:0000 IY:0000 Flags:00011010 [03 c3 86]
==> 2292:  JP 2286h            PC:2286 AF:281a BC:48ae DE:126f HL:09e7 SP:f799 IX:0000 IY:0000 Flags:00011010 [c3 86 22]
==> 2286:  DEC D               PC:2287 AF:2802 BC:48ae DE:116f HL:09e7 SP:f799 IX:0000 IY:0000 Flags:00000010 [15 c8 0a]
==> 2287:  RET Z               PC:2288 AF:2802 BC:48ae DE:116f HL:09e7 SP:f799 IX:0000 IY:0000 Flags:00000010 [c8 0a cd]
==> 2288:  LD A, (BC)          PC:2289 AF:4302 BC:48ae DE:116f HL:09e7 SP:f799 IX:0000 IY:0000 Flags:00000010 [0a cd c5]
==> 2289:  CALL 10c5h          PC:10c5 AF:4302 BC:48ae DE:116f HL:09e7 SP:f797 IX:0000 IY:0000 Flags:00000010 [cd c5 10]
==> 10c5:  PUSH AF             PC:10c6 AF:4302 BC:48ae DE:116f HL:09e7 SP:f795 IX:0000 IY:0000 Flags:00000010 [f5 e5 2a]
==> 10c6:  PUSH HL             PC:10c7 AF:4302 BC:48ae DE:116f HL:09e7 SP:f793 IX:0000 IY:0000 Flags:00000010 [e5 2a 35]
==> 10c7:  LD HL, (0735h)      PC:10ca AF:4302 BC:48ae DE:116f HL:0000 SP:f793 IX:0000 IY:0000 Flags:00000010 [2a 35 07]
==> 10ca:  LD A, H             PC:10cb AF:0002 BC:48ae DE:116f HL:0000 SP:f793 IX:0000 IY:0000 Flags:00000010 [7c b5 c2]
==> 10cb:  OR A, L             PC:10cc AF:0044 BC:48ae DE:116f HL:0000 SP:f793 IX:0000 IY:0000 Flags:01000100 [b5 c2 14]
==> 10cc:  JP NZ, 2e14h        PC:10cf AF:0044 BC:48ae DE:116f HL:0000 SP:f793 IX:0000 IY:0000 Flags:01000100 [c2 14 2e]
==> 10cf:  POP HL              PC:10d0 AF:0044 BC:48ae DE:116f HL:09e7 SP:f795 IX:0000 IY:0000 Flags:01000100 [e1 3a 26]
==> 10d0:  LD A, (0726h)       PC:10d3 AF:0044 BC:48ae DE:116f HL:09e7 SP:f795 IX:0000 IY:0000 Flags:01000100 [3a 26 07]
==> 10d3:  OR A, A             PC:10d4 AF:0044 BC:48ae DE:116f HL:09e7 SP:f795 IX:0000 IY:0000 Flags:01000100 [b7 ca 29]
==> 10d4:  JP Z, 1129h         PC:1129 AF:0044 BC:48ae DE:116f HL:09e7 SP:f795 IX:0000 IY:0000 Flags:01000100 [ca 29 11]
==> 1129:  LD A, (072ah)       PC:112c AF:0044 BC:48ae DE:116f HL:09e7 SP:f795 IX:0000 IY:0000 Flags:01000100 [3a 2a 07]
==> 112c:  OR A, A             PC:112d AF:0044 BC:48ae DE:116f HL:09e7 SP:f795 IX:0000 IY:0000 Flags:01000100 [b7 c2 b1]
==> 112d:  JP NZ, 22b1h        PC:1130 AF:0044 BC:48ae DE:116f HL:09e7 SP:f795 IX:0000 IY:0000 Flags:01000100 [c2 b1 22]
==> 1130:  POP AF              PC:1131 AF:4302 BC:48ae DE:116f HL:09e7 SP:f797 IX:0000 IY:0000 Flags:00000010 [f1 c5 f5]
==> 1131:  PUSH BC             PC:1132 AF:4302 BC:48ae DE:116f HL:09e7 SP:f795 IX:0000 IY:0000 Flags:00000010 [c5 f5 fe]
==> 1132:  PUSH AF             PC:1133 AF:4302 BC:48ae DE:116f HL:09e7 SP:f793 IX:0000 IY:0000 Flags:00000010 [f5 fe 09]
==> 1133:  CP A, 09h           PC:1135 AF:431a BC:48ae DE:116f HL:09e7 SP:f793 IX:0000 IY:0000 Flags:00011010 [fe 09 c2]
==> 1135:  JP NZ, 1148h        PC:1148 AF:431a BC:48ae DE:116f HL:09e7 SP:f793 IX:0000 IY:0000 Flags:00011010 [c2 48 11]
==> 1148:  CP A, 20h           PC:114a AF:4322 BC:48ae DE:116f HL:09e7 SP:f793 IX:0000 IY:0000 Flags:00100010 [fe 20 da]
==> 114a:  JP C, 115ch         PC:114d AF:4322 BC:48ae DE:116f HL:09e7 SP:f793 IX:0000 IY:0000 Flags:00100010 [da 5c 11]
==> 114d:  LD A, (0727h)       PC:1150 AF:4822 BC:48ae DE:116f HL:09e7 SP:f793 IX:0000 IY:0000 Flags:00100010 [3a 27 07]
==> 1150:  LD B, A             PC:1151 AF:4822 BC:48ae DE:116f HL:09e7 SP:f793 IX:0000 IY:0000 Flags:00100010 [47 3a cf]
==> 1151:  LD A, (09cfh)       PC:1154 AF:1022 BC:48ae DE:116f HL:09e7 SP:f793 IX:0000 IY:0000 Flags:00100010 [3a cf 09]
==> 1154:  CP A, B             PC:1155 AF:109b BC:48ae DE:116f HL:09e7 SP:f793 IX:0000 IY:0000 Flags:10011011 [b8 cc e8]
==> 1155:  CALL Z, 17e8h       PC:1158 AF:109b BC:48ae DE:116f HL:09e7 SP:f793 IX:0000 IY:0000 Flags:10011011 [cc e8 17]
==> 1158:  INC A               PC:1159 AF:1101 BC:48ae DE:116f HL:09e7 SP:f793 IX:0000 IY:0000 Flags:00000001 [3c 32 cf]
==> 1159:  LD (09cfh), A       PC:115c AF:1101 BC:48ae DE:116f HL:09e7 SP:f793 IX:0000 IY:0000 Flags:00000001 [32 cf 09]
==> 115c:  POP AF              PC:115d AF:4302 BC:48ae DE:116f HL:09e7 SP:f795 IX:0000 IY:0000 Flags:00000010 [f1 c1 f5]
==> 115d:  POP BC              PC:115e AF:4302 BC:48ae DE:116f HL:09e7 SP:f797 IX:0000 IY:0000 Flags:00000010 [c1 f5 f1]
==> 115e:  PUSH AF             PC:115f AF:4302 BC:48ae DE:116f HL:09e7 SP:f795 IX:0000 IY:0000 Flags:00000010 [f5 f1 f5]
==> 115f:  POP AF              PC:1160 AF:4302 BC:48ae DE:116f HL:09e7 SP:f797 IX:0000 IY:0000 Flags:00000010 [f1 f5 c5]
==> 1160:  PUSH AF             PC:1161 AF:4302 BC:48ae DE:116f HL:09e7 SP:f795 IX:0000 IY:0000 Flags:00000010 [f5 c5 d5]
==> 1161:  PUSH BC             PC:1162 AF:4302 BC:48ae DE:116f HL:09e7 SP:f793 IX:0000 IY:0000 Flags:00000010 [c5 d5 0e]
==> 1162:  PUSH DE             PC:1163 AF:4302 BC:48ae DE:116f HL:09e7 SP:f791 IX:0000 IY:0000 Flags:00000010 [d5 0e 02]
==> 1163:  LD C, 02h           PC:1165 AF:4302 BC:4802 DE:116f HL:09e7 SP:f791 IX:0000 IY:0000 Flags:00000010 [0e 02 4f]
==> 1165:  LD C, A             PC:1166 AF:4302 BC:4843 DE:116f HL:09e7 SP:f791 IX:0000 IY:0000 Flags:00000010 [4f e5 cd]
==> 1166:  PUSH HL             PC:1167 AF:4302 BC:4843 DE:116f HL:09e7 SP:f78f IX:0000 IY:0000 Flags:00000010 [e5 cd 84]
==> 1167:  CALL ff84h          PC:ff84 AF:4302 BC:4843 DE:116f HL:09e7 SP:f78d IX:0000 IY:0000 Flags:00000010 [cd 84 ff]
C==> ff84:  RET                 PC:116a AF:4302 BC:4843 DE:116f HL:09e7 SP:f78f IX:0000 IY:0000 Flags:00000010 [c9 c9 c9]
==> 116a:  POP HL              PC:116b AF:4302 BC:4843 DE:116f HL:09e7 SP:f791 IX:0000 IY:0000 Flags:00000010 [e1 d1 c1]
==> 116b:  POP DE              PC:116c AF:4302 BC:4843 DE:116f HL:09e7 SP:f793 IX:0000 IY:0000 Flags:00000010 [d1 c1 f1]
==> 116c:  POP BC              PC:116d AF:4302 BC:48ae DE:116f HL:09e7 SP:f795 IX:0000 IY:0000 Flags:00000010 [c1 f1 c9]
==> 116d:  POP AF              PC:116e AF:4302 BC:48ae DE:116f HL:09e7 SP:f797 IX:0000 IY:0000 Flags:00000010 [f1 c9 e5]
==> 116e:  RET                 PC:228c AF:4302 BC:48ae DE:116f HL:09e7 SP:f799 IX:0000 IY:0000 Flags:00000010 [c9 e5 2a]
==> 228c:  CP A, 0dh           PC:228e AF:431a BC:48ae DE:116f HL:09e7 SP:f799 IX:0000 IY:0000 Flags:00011010 [fe 0d cc]
==> 228e:  CALL Z, 17f2h       PC:2291 AF:431a BC:48ae DE:116f HL:09e7 SP:f799 IX:0000 IY:0000 Flags:00011010 [cc f2 17]
==> 2291:  INC BC              PC:2292 AF:431a BC:48af DE:116f HL:09e7 SP:f799 IX:0000 IY:0000 Flags:00011010 [03 c3 86]
==> 2292:  JP 2286h            PC:2286 AF:431a BC:48af DE:116f HL:09e7 SP:f799 IX:0000 IY:0000 Flags:00011010 [c3 86 22]
==> 2286:  DEC D               PC:2287 AF:4302 BC:48af DE:106f HL:09e7 SP:f799 IX:0000 IY:0000 Flags:00000010 [15 c8 0a]
==> 2287:  RET Z               PC:2288 AF:4302 BC:48af DE:106f HL:09e7 SP:f799 IX:0000 IY:0000 Flags:00000010 [c8 0a cd]
==> 2288:  LD A, (BC)          PC:2289 AF:2902 BC:48af DE:106f HL:09e7 SP:f799 IX:0000 IY:0000 Flags:00000010 [0a cd c5]
==> 2289:  CALL 10c5h          PC:10c5 AF:2902 BC:48af DE:106f HL:09e7 SP:f797 IX:0000 IY:0000 Flags:00000010 [cd c5 10]
==> 10c5:  PUSH AF             PC:10c6 AF:2902 BC:48af DE:106f HL:09e7 SP:f795 IX:0000 IY:0000 Flags:00000010 [f5 e5 2a]
==> 10c6:  PUSH HL             PC:10c7 AF:2902 BC:48af DE:106f HL:09e7 SP:f793 IX:0000 IY:0000 Flags:00000010 [e5 2a 35]
==> 10c7:  LD HL, (0735h)      PC:10ca AF:2902 BC:48af DE:106f HL:0000 SP:f793 IX:0000 IY:0000 Flags:00000010 [2a 35 07]
==> 10ca:  LD A, H             PC:10cb AF:0002 BC:48af DE:106f HL:0000 SP:f793 IX:0000 IY:0000 Flags:00000010 [7c b5 c2]
==> 10cb:  OR A, L             PC:10cc AF:0044 BC:48af DE:106f HL:0000 SP:f793 IX:0000 IY:0000 Flags:01000100 [b5 c2 14]
==> 10cc:  JP NZ, 2e14h        PC:10cf AF:0044 BC:48af DE:106f HL:0000 SP:f793 IX:0000 IY:0000 Flags:01000100 [c2 14 2e]
==> 10cf:  POP HL              PC:10d0 AF:0044 BC:48af DE:106f HL:09e7 SP:f795 IX:0000 IY:0000 Flags:01000100 [e1 3a 26]
==> 10d0:  LD A, (0726h)       PC:10d3 AF:0044 BC:48af DE:106f HL:09e7 SP:f795 IX:0000 IY:0000 Flags:01000100 [3a 26 07]
==> 10d3:  OR A, A             PC:10d4 AF:0044 BC:48af DE:106f HL:09e7 SP:f795 IX:0000 IY:0000 Flags:01000100 [b7 ca 29]
==> 10d4:  JP Z, 1129h         PC:1129 AF:0044 BC:48af DE:106f HL:09e7 SP:f795 IX:0000 IY:0000 Flags:01000100 [ca 29 11]
==> 1129:  LD A, (072ah)       PC:112c AF:0044 BC:48af DE:106f HL:09e7 SP:f795 IX:0000 IY:0000 Flags:01000100 [3a 2a 07]
==> 112c:  OR A, A             PC:112d AF:0044 BC:48af DE:106f HL:09e7 SP:f795 IX:0000 IY:0000 Flags:01000100 [b7 c2 b1]
==> 112d:  JP NZ, 22b1h        PC:1130 AF:0044 BC:48af DE:106f HL:09e7 SP:f795 IX:0000 IY:0000 Flags:01000100 [c2 b1 22]
==> 1130:  POP AF              PC:1131 AF:2902 BC:48af DE:106f HL:09e7 SP:f797 IX:0000 IY:0000 Flags:00000010 [f1 c5 f5]
==> 1131:  PUSH BC             PC:1132 AF:2902 BC:48af DE:106f HL:09e7 SP:f795 IX:0000 IY:0000 Flags:00000010 [c5 f5 fe]
==> 1132:  PUSH AF             PC:1133 AF:2902 BC:48af DE:106f HL:09e7 SP:f793 IX:0000 IY:0000 Flags:00000010 [f5 fe 09]
==> 1133:  CP A, 09h           PC:1135 AF:290a BC:48af DE:106f HL:09e7 SP:f793 IX:0000 IY:0000 Flags:00001010 [fe 09 c2]
==> 1135:  JP NZ, 1148h        PC:1148 AF:290a BC:48af DE:106f HL:09e7 SP:f793 IX:0000 IY:0000 Flags:00001010 [c2 48 11]
==> 1148:  CP A, 20h           PC:114a AF:2922 BC:48af DE:106f HL:09e7 SP:f793 IX:0000 IY:0000 Flags:00100010 [fe 20 da]
==> 114a:  JP C, 115ch         PC:114d AF:2922 BC:48af DE:106f HL:09e7 SP:f793 IX:0000 IY:0000 Flags:00100010 [da 5c 11]
==> 114d:  LD A, (0727h)       PC:1150 AF:4822 BC:48af DE:106f HL:09e7 SP:f793 IX:0000 IY:0000 Flags:00100010 [3a 27 07]
==> 1150:  LD B, A             PC:1151 AF:4822 BC:48af DE:106f HL:09e7 SP:f793 IX:0000 IY:0000 Flags:00100010 [47 3a cf]
==> 1151:  LD A, (09cfh)       PC:1154 AF:1122 BC:48af DE:106f HL:09e7 SP:f793 IX:0000 IY:0000 Flags:00100010 [3a cf 09]
==> 1154:  CP A, B             PC:1155 AF:119b BC:48af DE:106f HL:09e7 SP:f793 IX:0000 IY:0000 Flags:10011011 [b8 cc e8]
==> 1155:  CALL Z, 17e8h       PC:1158 AF:119b BC:48af DE:106f HL:09e7 SP:f793 IX:0000 IY:0000 Flags:10011011 [cc e8 17]
==> 1158:  INC A               PC:1159 AF:1201 BC:48af DE:106f HL:09e7 SP:f793 IX:0000 IY:0000 Flags:00000001 [3c 32 cf]
==> 1159:  LD (09cfh), A       PC:115c AF:1201 BC:48af DE:106f HL:09e7 SP:f793 IX:0000 IY:0000 Flags:00000001 [32 cf 09]
==> 115c:  POP AF              PC:115d AF:2902 BC:48af DE:106f HL:09e7 SP:f795 IX:0000 IY:0000 Flags:00000010 [f1 c1 f5]
==> 115d:  POP BC              PC:115e AF:2902 BC:48af DE:106f HL:09e7 SP:f797 IX:0000 IY:0000 Flags:00000010 [c1 f5 f1]
==> 115e:  PUSH AF             PC:115f AF:2902 BC:48af DE:106f HL:09e7 SP:f795 IX:0000 IY:0000 Flags:00000010 [f5 f1 f5]
==> 115f:  POP AF              PC:1160 AF:2902 BC:48af DE:106f HL:09e7 SP:f797 IX:0000 IY:0000 Flags:00000010 [f1 f5 c5]
==> 1160:  PUSH AF             PC:1161 AF:2902 BC:48af DE:106f HL:09e7 SP:f795 IX:0000 IY:0000 Flags:00000010 [f5 c5 d5]
==> 1161:  PUSH BC             PC:1162 AF:2902 BC:48af DE:106f HL:09e7 SP:f793 IX:0000 IY:0000 Flags:00000010 [c5 d5 0e]
==> 1162:  PUSH DE             PC:1163 AF:2902 BC:48af DE:106f HL:09e7 SP:f791 IX:0000 IY:0000 Flags:00000010 [d5 0e 02]
==> 1163:  LD C, 02h           PC:1165 AF:2902 BC:4802 DE:106f HL:09e7 SP:f791 IX:0000 IY:0000 Flags:00000010 [0e 02 4f]
==> 1165:  LD C, A             PC:1166 AF:2902 BC:4829 DE:106f HL:09e7 SP:f791 IX:0000 IY:0000 Flags:00000010 [4f e5 cd]
==> 1166:  PUSH HL             PC:1167 AF:2902 BC:4829 DE:106f HL:09e7 SP:f78f IX:0000 IY:0000 Flags:00000010 [e5 cd 84]
==> 1167:  CALL ff84h          PC:ff84 AF:2902 BC:4829 DE:106f HL:09e7 SP:f78d IX:0000 IY:0000 Flags:00000010 [cd 84 ff]
)==> ff84:  RET                 PC:116a AF:2902 BC:4829 DE:106f HL:09e7 SP:f78f IX:0000 IY:0000 Flags:00000010 [c9 c9 c9]
==> 116a:  POP HL              PC:116b AF:2902 BC:4829 DE:106f HL:09e7 SP:f791 IX:0000 IY:0000 Flags:00000010 [e1 d1 c1]
==> 116b:  POP DE              PC:116c AF:2902 BC:4829 DE:106f HL:09e7 SP:f793 IX:0000 IY:0000 Flags:00000010 [d1 c1 f1]
==> 116c:  POP BC              PC:116d AF:2902 BC:48af DE:106f HL:09e7 SP:f795 IX:0000 IY:0000 Flags:00000010 [c1 f1 c9]
==> 116d:  POP AF              PC:116e AF:2902 BC:48af DE:106f HL:09e7 SP:f797 IX:0000 IY:0000 Flags:00000010 [f1 c9 e5]
==> 116e:  RET                 PC:228c AF:2902 BC:48af DE:106f HL:09e7 SP:f799 IX:0000 IY:0000 Flags:00000010 [c9 e5 2a]
==> 228c:  CP A, 0dh           PC:228e AF:291a BC:48af DE:106f HL:09e7 SP:f799 IX:0000 IY:0000 Flags:00011010 [fe 0d cc]
==> 228e:  CALL Z, 17f2h       PC:2291 AF:291a BC:48af DE:106f HL:09e7 SP:f799 IX:0000 IY:0000 Flags:00011010 [cc f2 17]
==> 2291:  INC BC              PC:2292 AF:291a BC:48b0 DE:106f HL:09e7 SP:f799 IX:0000 IY:0000 Flags:00011010 [03 c3 86]
==> 2292:  JP 2286h            PC:2286 AF:291a BC:48b0 DE:106f HL:09e7 SP:f799 IX:0000 IY:0000 Flags:00011010 [c3 86 22]
==> 2286:  DEC D               PC:2287 AF:291a BC:48b0 DE:0f6f HL:09e7 SP:f799 IX:0000 IY:0000 Flags:00011010 [15 c8 0a]
==> 2287:  RET Z               PC:2288 AF:291a BC:48b0 DE:0f6f HL:09e7 SP:f799 IX:0000 IY:0000 Flags:00011010 [c8 0a cd]
==> 2288:  LD A, (BC)          PC:2289 AF:201a BC:48b0 DE:0f6f HL:09e7 SP:f799 IX:0000 IY:0000 Flags:00011010 [0a cd c5]
==> 2289:  CALL 10c5h          PC:10c5 AF:201a BC:48b0 DE:0f6f HL:09e7 SP:f797 IX:0000 IY:0000 Flags:00011010 [cd c5 10]
==> 10c5:  PUSH AF             PC:10c6 AF:201a BC:48b0 DE:0f6f HL:09e7 SP:f795 IX:0000 IY:0000 Flags:00011010 [f5 e5 2a]
==> 10c6:  PUSH HL             PC:10c7 AF:201a BC:48b0 DE:0f6f HL:09e7 SP:f793 IX:0000 IY:0000 Flags:00011010 [e5 2a 35]
==> 10c7:  LD HL, (0735h)      PC:10ca AF:201a BC:48b0 DE:0f6f HL:0000 SP:f793 IX:0000 IY:0000 Flags:00011010 [2a 35 07]
==> 10ca:  LD A, H             PC:10cb AF:001a BC:48b0 DE:0f6f HL:0000 SP:f793 IX:0000 IY:0000 Flags:00011010 [7c b5 c2]
==> 10cb:  OR A, L             PC:10cc AF:0044 BC:48b0 DE:0f6f HL:0000 SP:f793 IX:0000 IY:0000 Flags:01000100 [b5 c2 14]
==> 10cc:  JP NZ, 2e14h        PC:10cf AF:0044 BC:48b0 DE:0f6f HL:0000 SP:f793 IX:0000 IY:0000 Flags:01000100 [c2 14 2e]
==> 10cf:  POP HL              PC:10d0 AF:0044 BC:48b0 DE:0f6f HL:09e7 SP:f795 IX:0000 IY:0000 Flags:01000100 [e1 3a 26]
==> 10d0:  LD A, (0726h)       PC:10d3 AF:0044 BC:48b0 DE:0f6f HL:09e7 SP:f795 IX:0000 IY:0000 Flags:01000100 [3a 26 07]
==> 10d3:  OR A, A             PC:10d4 AF:0044 BC:48b0 DE:0f6f HL:09e7 SP:f795 IX:0000 IY:0000 Flags:01000100 [b7 ca 29]
==> 10d4:  JP Z, 1129h         PC:1129 AF:0044 BC:48b0 DE:0f6f HL:09e7 SP:f795 IX:0000 IY:0000 Flags:01000100 [ca 29 11]
==> 1129:  LD A, (072ah)       PC:112c AF:0044 BC:48b0 DE:0f6f HL:09e7 SP:f795 IX:0000 IY:0000 Flags:01000100 [3a 2a 07]
==> 112c:  OR A, A             PC:112d AF:0044 BC:48b0 DE:0f6f HL:09e7 SP:f795 IX:0000 IY:0000 Flags:01000100 [b7 c2 b1]
==> 112d:  JP NZ, 22b1h        PC:1130 AF:0044 BC:48b0 DE:0f6f HL:09e7 SP:f795 IX:0000 IY:0000 Flags:01000100 [c2 b1 22]
==> 1130:  POP AF              PC:1131 AF:201a BC:48b0 DE:0f6f HL:09e7 SP:f797 IX:0000 IY:0000 Flags:00011010 [f1 c5 f5]
==> 1131:  PUSH BC             PC:1132 AF:201a BC:48b0 DE:0f6f HL:09e7 SP:f795 IX:0000 IY:0000 Flags:00011010 [c5 f5 fe]
==> 1132:  PUSH AF             PC:1133 AF:201a BC:48b0 DE:0f6f HL:09e7 SP:f793 IX:0000 IY:0000 Flags:00011010 [f5 fe 09]
==> 1133:  CP A, 09h           PC:1135 AF:201a BC:48b0 DE:0f6f HL:09e7 SP:f793 IX:0000 IY:0000 Flags:00011010 [fe 09 c2]
==> 1135:  JP NZ, 1148h        PC:1148 AF:201a BC:48b0 DE:0f6f HL:09e7 SP:f793 IX:0000 IY:0000 Flags:00011010 [c2 48 11]
==> 1148:  CP A, 20h           PC:114a AF:2062 BC:48b0 DE:0f6f HL:09e7 SP:f793 IX:0000 IY:0000 Flags:01100010 [fe 20 da]
==> 114a:  JP C, 115ch         PC:114d AF:2062 BC:48b0 DE:0f6f HL:09e7 SP:f793 IX:0000 IY:0000 Flags:01100010 [da 5c 11]
==> 114d:  LD A, (0727h)       PC:1150 AF:4862 BC:48b0 DE:0f6f HL:09e7 SP:f793 IX:0000 IY:0000 Flags:01100010 [3a 27 07]
==> 1150:  LD B, A             PC:1151 AF:4862 BC:48b0 DE:0f6f HL:09e7 SP:f793 IX:0000 IY:0000 Flags:01100010 [47 3a cf]
==> 1151:  LD A, (09cfh)       PC:1154 AF:1262 BC:48b0 DE:0f6f HL:09e7 SP:f793 IX:0000 IY:0000 Flags:01100010 [3a cf 09]
==> 1154:  CP A, B             PC:1155 AF:129b BC:48b0 DE:0f6f HL:09e7 SP:f793 IX:0000 IY:0000 Flags:10011011 [b8 cc e8]
==> 1155:  CALL Z, 17e8h       PC:1158 AF:129b BC:48b0 DE:0f6f HL:09e7 SP:f793 IX:0000 IY:0000 Flags:10011011 [cc e8 17]
==> 1158:  INC A               PC:1159 AF:1301 BC:48b0 DE:0f6f HL:09e7 SP:f793 IX:0000 IY:0000 Flags:00000001 [3c 32 cf]
==> 1159:  LD (09cfh), A       PC:115c AF:1301 BC:48b0 DE:0f6f HL:09e7 SP:f793 IX:0000 IY:0000 Flags:00000001 [32 cf 09]
==> 115c:  POP AF              PC:115d AF:201a BC:48b0 DE:0f6f HL:09e7 SP:f795 IX:0000 IY:0000 Flags:00011010 [f1 c1 f5]
==> 115d:  POP BC              PC:115e AF:201a BC:48b0 DE:0f6f HL:09e7 SP:f797 IX:0000 IY:0000 Flags:00011010 [c1 f5 f1]
==> 115e:  PUSH AF             PC:115f AF:201a BC:48b0 DE:0f6f HL:09e7 SP:f795 IX:0000 IY:0000 Flags:00011010 [f5 f1 f5]
==> 115f:  POP AF              PC:1160 AF:201a BC:48b0 DE:0f6f HL:09e7 SP:f797 IX:0000 IY:0000 Flags:00011010 [f1 f5 c5]
==> 1160:  PUSH AF             PC:1161 AF:201a BC:48b0 DE:0f6f HL:09e7 SP:f795 IX:0000 IY:0000 Flags:00011010 [f5 c5 d5]
==> 1161:  PUSH BC             PC:1162 AF:201a BC:48b0 DE:0f6f HL:09e7 SP:f793 IX:0000 IY:0000 Flags:00011010 [c5 d5 0e]
==> 1162:  PUSH DE             PC:1163 AF:201a BC:48b0 DE:0f6f HL:09e7 SP:f791 IX:0000 IY:0000 Flags:00011010 [d5 0e 02]
==> 1163:  LD C, 02h           PC:1165 AF:201a BC:4802 DE:0f6f HL:09e7 SP:f791 IX:0000 IY:0000 Flags:00011010 [0e 02 4f]
==> 1165:  LD C, A             PC:1166 AF:201a BC:4820 DE:0f6f HL:09e7 SP:f791 IX:0000 IY:0000 Flags:00011010 [4f e5 cd]
==> 1166:  PUSH HL             PC:1167 AF:201a BC:4820 DE:0f6f HL:09e7 SP:f78f IX:0000 IY:0000 Flags:00011010 [e5 cd 84]
==> 1167:  CALL ff84h          PC:ff84 AF:201a BC:4820 DE:0f6f HL:09e7 SP:f78d IX:0000 IY:0000 Flags:00011010 [cd 84 ff]
 ==> ff84:  RET                 PC:116a AF:201a BC:4820 DE:0f6f HL:09e7 SP:f78f IX:0000 IY:0000 Flags:00011010 [c9 c9 c9]
==> 116a:  POP HL              PC:116b AF:201a BC:4820 DE:0f6f HL:09e7 SP:f791 IX:0000 IY:0000 Flags:00011010 [e1 d1 c1]
==> 116b:  POP DE              PC:116c AF:201a BC:4820 DE:0f6f HL:09e7 SP:f793 IX:0000 IY:0000 Flags:00011010 [d1 c1 f1]
==> 116c:  POP BC              PC:116d AF:201a BC:48b0 DE:0f6f HL:09e7 SP:f795 IX:0000 IY:0000 Flags:00011010 [c1 f1 c9]
==> 116d:  POP AF              PC:116e AF:201a BC:48b0 DE:0f6f HL:09e7 SP:f797 IX:0000 IY:0000 Flags:00011010 [f1 c9 e5]
==> 116e:  RET                 PC:228c AF:201a BC:48b0 DE:0f6f HL:09e7 SP:f799 IX:0000 IY:0000 Flags:00011010 [c9 e5 2a]
==> 228c:  CP A, 0dh           PC:228e AF:201a BC:48b0 DE:0f6f HL:09e7 SP:f799 IX:0000 IY:0000 Flags:00011010 [fe 0d cc]
==> 228e:  CALL Z, 17f2h       PC:2291 AF:201a BC:48b0 DE:0f6f HL:09e7 SP:f799 IX:0000 IY:0000 Flags:00011010 [cc f2 17]
==> 2291:  INC BC              PC:2292 AF:201a BC:48b1 DE:0f6f HL:09e7 SP:f799 IX:0000 IY:0000 Flags:00011010 [03 c3 86]
==> 2292:  JP 2286h            PC:2286 AF:201a BC:48b1 DE:0f6f HL:09e7 SP:f799 IX:0000 IY:0000 Flags:00011010 [c3 86 22]
==> 2286:  DEC D               PC:2287 AF:200a BC:48b1 DE:0e6f HL:09e7 SP:f799 IX:0000 IY:0000 Flags:00001010 [15 c8 0a]
==> 2287:  RET Z               PC:2288 AF:200a BC:48b1 DE:0e6f HL:09e7 SP:f799 IX:0000 IY:0000 Flags:00001010 [c8 0a cd]
==> 2288:  LD A, (BC)          PC:2289 AF:620a BC:48b1 DE:0e6f HL:09e7 SP:f799 IX:0000 IY:0000 Flags:00001010 [0a cd c5]
==> 2289:  CALL 10c5h          PC:10c5 AF:620a BC:48b1 DE:0e6f HL:09e7 SP:f797 IX:0000 IY:0000 Flags:00001010 [cd c5 10]
==> 10c5:  PUSH AF             PC:10c6 AF:620a BC:48b1 DE:0e6f HL:09e7 SP:f795 IX:0000 IY:0000 Flags:00001010 [f5 e5 2a]
==> 10c6:  PUSH HL             PC:10c7 AF:620a BC:48b1 DE:0e6f HL:09e7 SP:f793 IX:0000 IY:0000 Flags:00001010 [e5 2a 35]
==> 10c7:  LD HL, (0735h)      PC:10ca AF:620a BC:48b1 DE:0e6f HL:0000 SP:f793 IX:0000 IY:0000 Flags:00001010 [2a 35 07]
==> 10ca:  LD A, H             PC:10cb AF:000a BC:48b1 DE:0e6f HL:0000 SP:f793 IX:0000 IY:0000 Flags:00001010 [7c b5 c2]
==> 10cb:  OR A, L             PC:10cc AF:0044 BC:48b1 DE:0e6f HL:0000 SP:f793 IX:0000 IY:0000 Flags:01000100 [b5 c2 14]
==> 10cc:  JP NZ, 2e14h        PC:10cf AF:0044 BC:48b1 DE:0e6f HL:0000 SP:f793 IX:0000 IY:0000 Flags:01000100 [c2 14 2e]
==> 10cf:  POP HL              PC:10d0 AF:0044 BC:48b1 DE:0e6f HL:09e7 SP:f795 IX:0000 IY:0000 Flags:01000100 [e1 3a 26]
==> 10d0:  LD A, (0726h)       PC:10d3 AF:0044 BC:48b1 DE:0e6f HL:09e7 SP:f795 IX:0000 IY:0000 Flags:01000100 [3a 26 07]
==> 10d3:  OR A, A             PC:10d4 AF:0044 BC:48b1 DE:0e6f HL:09e7 SP:f795 IX:0000 IY:0000 Flags:01000100 [b7 ca 29]
==> 10d4:  JP Z, 1129h         PC:1129 AF:0044 BC:48b1 DE:0e6f HL:09e7 SP:f795 IX:0000 IY:0000 Flags:01000100 [ca 29 11]
==> 1129:  LD A, (072ah)       PC:112c AF:0044 BC:48b1 DE:0e6f HL:09e7 SP:f795 IX:0000 IY:0000 Flags:01000100 [3a 2a 07]
==> 112c:  OR A, A             PC:112d AF:0044 BC:48b1 DE:0e6f HL:09e7 SP:f795 IX:0000 IY:0000 Flags:01000100 [b7 c2 b1]
==> 112d:  JP NZ, 22b1h        PC:1130 AF:0044 BC:48b1 DE:0e6f HL:09e7 SP:f795 IX:0000 IY:0000 Flags:01000100 [c2 b1 22]
==> 1130:  POP AF              PC:1131 AF:620a BC:48b1 DE:0e6f HL:09e7 SP:f797 IX:0000 IY:0000 Flags:00001010 [f1 c5 f5]
==> 1131:  PUSH BC             PC:1132 AF:620a BC:48b1 DE:0e6f HL:09e7 SP:f795 IX:0000 IY:0000 Flags:00001010 [c5 f5 fe]
==> 1132:  PUSH AF             PC:1133 AF:620a BC:48b1 DE:0e6f HL:09e7 SP:f793 IX:0000 IY:0000 Flags:00001010 [f5 fe 09]
==> 1133:  CP A, 09h           PC:1135 AF:621a BC:48b1 DE:0e6f HL:09e7 SP:f793 IX:0000 IY:0000 Flags:00011010 [fe 09 c2]
==> 1135:  JP NZ, 1148h        PC:1148 AF:621a BC:48b1 DE:0e6f HL:09e7 SP:f793 IX:0000 IY:0000 Flags:00011010 [c2 48 11]
==> 1148:  CP A, 20h           PC:114a AF:6222 BC:48b1 DE:0e6f HL:09e7 SP:f793 IX:0000 IY:0000 Flags:00100010 [fe 20 da]
==> 114a:  JP C, 115ch         PC:114d AF:6222 BC:48b1 DE:0e6f HL:09e7 SP:f793 IX:0000 IY:0000 Flags:00100010 [da 5c 11]
==> 114d:  LD A, (0727h)       PC:1150 AF:4822 BC:48b1 DE:0e6f HL:09e7 SP:f793 IX:0000 IY:0000 Flags:00100010 [3a 27 07]
==> 1150:  LD B, A             PC:1151 AF:4822 BC:48b1 DE:0e6f HL:09e7 SP:f793 IX:0000 IY:0000 Flags:00100010 [47 3a cf]
==> 1151:  LD A, (09cfh)       PC:1154 AF:1322 BC:48b1 DE:0e6f HL:09e7 SP:f793 IX:0000 IY:0000 Flags:00100010 [3a cf 09]
==> 1154:  CP A, B             PC:1155 AF:139b BC:48b1 DE:0e6f HL:09e7 SP:f793 IX:0000 IY:0000 Flags:10011011 [b8 cc e8]
==> 1155:  CALL Z, 17e8h       PC:1158 AF:139b BC:48b1 DE:0e6f HL:09e7 SP:f793 IX:0000 IY:0000 Flags:10011011 [cc e8 17]
==> 1158:  INC A               PC:1159 AF:1401 BC:48b1 DE:0e6f HL:09e7 SP:f793 IX:0000 IY:0000 Flags:00000001 [3c 32 cf]
==> 1159:  LD (09cfh), A       PC:115c AF:1401 BC:48b1 DE:0e6f HL:09e7 SP:f793 IX:0000 IY:0000 Flags:00000001 [32 cf 09]
==> 115c:  POP AF              PC:115d AF:620a BC:48b1 DE:0e6f HL:09e7 SP:f795 IX:0000 IY:0000 Flags:00001010 [f1 c1 f5]
==> 115d:  POP BC              PC:115e AF:620a BC:48b1 DE:0e6f HL:09e7 SP:f797 IX:0000 IY:0000 Flags:00001010 [c1 f5 f1]
==> 115e:  PUSH AF             PC:115f AF:620a BC:48b1 DE:0e6f HL:09e7 SP:f795 IX:0000 IY:0000 Flags:00001010 [f5 f1 f5]
==> 115f:  POP AF              PC:1160 AF:620a BC:48b1 DE:0e6f HL:09e7 SP:f797 IX:0000 IY:0000 Flags:00001010 [f1 f5 c5]
==> 1160:  PUSH AF             PC:1161 AF:620a BC:48b1 DE:0e6f HL:09e7 SP:f795 IX:0000 IY:0000 Flags:00001010 [f5 c5 d5]
==> 1161:  PUSH BC             PC:1162 AF:620a BC:48b1 DE:0e6f HL:09e7 SP:f793 IX:0000 IY:0000 Flags:00001010 [c5 d5 0e]
==> 1162:  PUSH DE             PC:1163 AF:620a BC:48b1 DE:0e6f HL:09e7 SP:f791 IX:0000 IY:0000 Flags:00001010 [d5 0e 02]
==> 1163:  LD C, 02h           PC:1165 AF:620a BC:4802 DE:0e6f HL:09e7 SP:f791 IX:0000 IY:0000 Flags:00001010 [0e 02 4f]
==> 1165:  LD C, A             PC:1166 AF:620a BC:4862 DE:0e6f HL:09e7 SP:f791 IX:0000 IY:0000 Flags:00001010 [4f e5 cd]
==> 1166:  PUSH HL             PC:1167 AF:620a BC:4862 DE:0e6f HL:09e7 SP:f78f IX:0000 IY:0000 Flags:00001010 [e5 cd 84]
==> 1167:  CALL ff84h          PC:ff84 AF:620a BC:4862 DE:0e6f HL:09e7 SP:f78d IX:0000 IY:0000 Flags:00001010 [cd 84 ff]
b==> ff84:  RET                 PC:116a AF:620a BC:4862 DE:0e6f HL:09e7 SP:f78f IX:0000 IY:0000 Flags:00001010 [c9 c9 c9]
==> 116a:  POP HL              PC:116b AF:620a BC:4862 DE:0e6f HL:09e7 SP:f791 IX:0000 IY:0000 Flags:00001010 [e1 d1 c1]
==> 116b:  POP DE              PC:116c AF:620a BC:4862 DE:0e6f HL:09e7 SP:f793 IX:0000 IY:0000 Flags:00001010 [d1 c1 f1]
==> 116c:  POP BC              PC:116d AF:620a BC:48b1 DE:0e6f HL:09e7 SP:f795 IX:0000 IY:0000 Flags:00001010 [c1 f1 c9]
==> 116d:  POP AF              PC:116e AF:620a BC:48b1 DE:0e6f HL:09e7 SP:f797 IX:0000 IY:0000 Flags:00001010 [f1 c9 e5]
==> 116e:  RET                 PC:228c AF:620a BC:48b1 DE:0e6f HL:09e7 SP:f799 IX:0000 IY:0000 Flags:00001010 [c9 e5 2a]
==> 228c:  CP A, 0dh           PC:228e AF:621a BC:48b1 DE:0e6f HL:09e7 SP:f799 IX:0000 IY:0000 Flags:00011010 [fe 0d cc]
==> 228e:  CALL Z, 17f2h       PC:2291 AF:621a BC:48b1 DE:0e6f HL:09e7 SP:f799 IX:0000 IY:0000 Flags:00011010 [cc f2 17]
==> 2291:  INC BC              PC:2292 AF:621a BC:48b2 DE:0e6f HL:09e7 SP:f799 IX:0000 IY:0000 Flags:00011010 [03 c3 86]
==> 2292:  JP 2286h            PC:2286 AF:621a BC:48b2 DE:0e6f HL:09e7 SP:f799 IX:0000 IY:0000 Flags:00011010 [c3 86 22]
==> 2286:  DEC D               PC:2287 AF:620a BC:48b2 DE:0d6f HL:09e7 SP:f799 IX:0000 IY:0000 Flags:00001010 [15 c8 0a]
==> 2287:  RET Z               PC:2288 AF:620a BC:48b2 DE:0d6f HL:09e7 SP:f799 IX:0000 IY:0000 Flags:00001010 [c8 0a cd]
==> 2288:  LD A, (BC)          PC:2289 AF:790a BC:48b2 DE:0d6f HL:09e7 SP:f799 IX:0000 IY:0000 Flags:00001010 [0a cd c5]
==> 2289:  CALL 10c5h          PC:10c5 AF:790a BC:48b2 DE:0d6f HL:09e7 SP:f797 IX:0000 IY:0000 Flags:00001010 [cd c5 10]
==> 10c5:  PUSH AF             PC:10c6 AF:790a BC:48b2 DE:0d6f HL:09e7 SP:f795 IX:0000 IY:0000 Flags:00001010 [f5 e5 2a]
==> 10c6:  PUSH HL             PC:10c7 AF:790a BC:48b2 DE:0d6f HL:09e7 SP:f793 IX:0000 IY:0000 Flags:00001010 [e5 2a 35]
==> 10c7:  LD HL, (0735h)      PC:10ca AF:790a BC:48b2 DE:0d6f HL:0000 SP:f793 IX:0000 IY:0000 Flags:00001010 [2a 35 07]
==> 10ca:  LD A, H             PC:10cb AF:000a BC:48b2 DE:0d6f HL:0000 SP:f793 IX:0000 IY:0000 Flags:00001010 [7c b5 c2]
==> 10cb:  OR A, L             PC:10cc AF:0044 BC:48b2 DE:0d6f HL:0000 SP:f793 IX:0000 IY:0000 Flags:01000100 [b5 c2 14]
==> 10cc:  JP NZ, 2e14h        PC:10cf AF:0044 BC:48b2 DE:0d6f HL:0000 SP:f793 IX:0000 IY:0000 Flags:01000100 [c2 14 2e]
==> 10cf:  POP HL              PC:10d0 AF:0044 BC:48b2 DE:0d6f HL:09e7 SP:f795 IX:0000 IY:0000 Flags:01000100 [e1 3a 26]
==> 10d0:  LD A, (0726h)       PC:10d3 AF:0044 BC:48b2 DE:0d6f HL:09e7 SP:f795 IX:0000 IY:0000 Flags:01000100 [3a 26 07]
==> 10d3:  OR A, A             PC:10d4 AF:0044 BC:48b2 DE:0d6f HL:09e7 SP:f795 IX:0000 IY:0000 Flags:01000100 [b7 ca 29]
==> 10d4:  JP Z, 1129h         PC:1129 AF:0044 BC:48b2 DE:0d6f HL:09e7 SP:f795 IX:0000 IY:0000 Flags:01000100 [ca 29 11]
==> 1129:  LD A, (072ah)       PC:112c AF:0044 BC:48b2 DE:0d6f HL:09e7 SP:f795 IX:0000 IY:0000 Flags:01000100 [3a 2a 07]
==> 112c:  OR A, A             PC:112d AF:0044 BC:48b2 DE:0d6f HL:09e7 SP:f795 IX:0000 IY:0000 Flags:01000100 [b7 c2 b1]
==> 112d:  JP NZ, 22b1h        PC:1130 AF:0044 BC:48b2 DE:0d6f HL:09e7 SP:f795 IX:0000 IY:0000 Flags:01000100 [c2 b1 22]
==> 1130:  POP AF              PC:1131 AF:790a BC:48b2 DE:0d6f HL:09e7 SP:f797 IX:0000 IY:0000 Flags:00001010 [f1 c5 f5]
==> 1131:  PUSH BC             PC:1132 AF:790a BC:48b2 DE:0d6f HL:09e7 SP:f795 IX:0000 IY:0000 Flags:00001010 [c5 f5 fe]
==> 1132:  PUSH AF             PC:1133 AF:790a BC:48b2 DE:0d6f HL:09e7 SP:f793 IX:0000 IY:0000 Flags:00001010 [f5 fe 09]
==> 1133:  CP A, 09h           PC:1135 AF:790a BC:48b2 DE:0d6f HL:09e7 SP:f793 IX:0000 IY:0000 Flags:00001010 [fe 09 c2]
==> 1135:  JP NZ, 1148h        PC:1148 AF:790a BC:48b2 DE:0d6f HL:09e7 SP:f793 IX:0000 IY:0000 Flags:00001010 [c2 48 11]
==> 1148:  CP A, 20h           PC:114a AF:7922 BC:48b2 DE:0d6f HL:09e7 SP:f793 IX:0000 IY:0000 Flags:00100010 [fe 20 da]
==> 114a:  JP C, 115ch         PC:114d AF:7922 BC:48b2 DE:0d6f HL:09e7 SP:f793 IX:0000 IY:0000 Flags:00100010 [da 5c 11]
==> 114d:  LD A, (0727h)       PC:1150 AF:4822 BC:48b2 DE:0d6f HL:09e7 SP:f793 IX:0000 IY:0000 Flags:00100010 [3a 27 07]
==> 1150:  LD B, A             PC:1151 AF:4822 BC:48b2 DE:0d6f HL:09e7 SP:f793 IX:0000 IY:0000 Flags:00100010 [47 3a cf]
==> 1151:  LD A, (09cfh)       PC:1154 AF:1422 BC:48b2 DE:0d6f HL:09e7 SP:f793 IX:0000 IY:0000 Flags:00100010 [3a cf 09]
==> 1154:  CP A, B             PC:1155 AF:149b BC:48b2 DE:0d6f HL:09e7 SP:f793 IX:0000 IY:0000 Flags:10011011 [b8 cc e8]
==> 1155:  CALL Z, 17e8h       PC:1158 AF:149b BC:48b2 DE:0d6f HL:09e7 SP:f793 IX:0000 IY:0000 Flags:10011011 [cc e8 17]
==> 1158:  INC A               PC:1159 AF:1501 BC:48b2 DE:0d6f HL:09e7 SP:f793 IX:0000 IY:0000 Flags:00000001 [3c 32 cf]
==> 1159:  LD (09cfh), A       PC:115c AF:1501 BC:48b2 DE:0d6f HL:09e7 SP:f793 IX:0000 IY:0000 Flags:00000001 [32 cf 09]
==> 115c:  POP AF              PC:115d AF:790a BC:48b2 DE:0d6f HL:09e7 SP:f795 IX:0000 IY:0000 Flags:00001010 [f1 c1 f5]
==> 115d:  POP BC              PC:115e AF:790a BC:48b2 DE:0d6f HL:09e7 SP:f797 IX:0000 IY:0000 Flags:00001010 [c1 f5 f1]
==> 115e:  PUSH AF             PC:115f AF:790a BC:48b2 DE:0d6f HL:09e7 SP:f795 IX:0000 IY:0000 Flags:00001010 [f5 f1 f5]
==> 115f:  POP AF              PC:1160 AF:790a BC:48b2 DE:0d6f HL:09e7 SP:f797 IX:0000 IY:0000 Flags:00001010 [f1 f5 c5]
==> 1160:  PUSH AF             PC:1161 AF:790a BC:48b2 DE:0d6f HL:09e7 SP:f795 IX:0000 IY:0000 Flags:00001010 [f5 c5 d5]
==> 1161:  PUSH BC             PC:1162 AF:790a BC:48b2 DE:0d6f HL:09e7 SP:f793 IX:0000 IY:0000 Flags:00001010 [c5 d5 0e]
==> 1162:  PUSH DE             PC:1163 AF:790a BC:48b2 DE:0d6f HL:09e7 SP:f791 IX:0000 IY:0000 Flags:00001010 [d5 0e 02]
==> 1163:  LD C, 02h           PC:1165 AF:790a BC:4802 DE:0d6f HL:09e7 SP:f791 IX:0000 IY:0000 Flags:00001010 [0e 02 4f]
==> 1165:  LD C, A             PC:1166 AF:790a BC:4879 DE:0d6f HL:09e7 SP:f791 IX:0000 IY:0000 Flags:00001010 [4f e5 cd]
==> 1166:  PUSH HL             PC:1167 AF:790a BC:4879 DE:0d6f HL:09e7 SP:f78f IX:0000 IY:0000 Flags:00001010 [e5 cd 84]
==> 1167:  CALL ff84h          PC:ff84 AF:790a BC:4879 DE:0d6f HL:09e7 SP:f78d IX:0000 IY:0000 Flags:00001010 [cd 84 ff]
y==> ff84:  RET                 PC:116a AF:790a BC:4879 DE:0d6f HL:09e7 SP:f78f IX:0000 IY:0000 Flags:00001010 [c9 c9 c9]
==> 116a:  POP HL              PC:116b AF:790a BC:4879 DE:0d6f HL:09e7 SP:f791 IX:0000 IY:0000 Flags:00001010 [e1 d1 c1]
==> 116b:  POP DE              PC:116c AF:790a BC:4879 DE:0d6f HL:09e7 SP:f793 IX:0000 IY:0000 Flags:00001010 [d1 c1 f1]
==> 116c:  POP BC              PC:116d AF:790a BC:48b2 DE:0d6f HL:09e7 SP:f795 IX:0000 IY:0000 Flags:00001010 [c1 f1 c9]
==> 116d:  POP AF              PC:116e AF:790a BC:48b2 DE:0d6f HL:09e7 SP:f797 IX:0000 IY:0000 Flags:00001010 [f1 c9 e5]
==> 116e:  RET                 PC:228c AF:790a BC:48b2 DE:0d6f HL:09e7 SP:f799 IX:0000 IY:0000 Flags:00001010 [c9 e5 2a]
==> 228c:  CP A, 0dh           PC:228e AF:791a BC:48b2 DE:0d6f HL:09e7 SP:f799 IX:0000 IY:0000 Flags:00011010 [fe 0d cc]
==> 228e:  CALL Z, 17f2h       PC:2291 AF:791a BC:48b2 DE:0d6f HL:09e7 SP:f799 IX:0000 IY:0000 Flags:00011010 [cc f2 17]
==> 2291:  INC BC              PC:2292 AF:791a BC:48b3 DE:0d6f HL:09e7 SP:f799 IX:0000 IY:0000 Flags:00011010 [03 c3 86]
==> 2292:  JP 2286h            PC:2286 AF:791a BC:48b3 DE:0d6f HL:09e7 SP:f799 IX:0000 IY:0000 Flags:00011010 [c3 86 22]
==> 2286:  DEC D               PC:2287 AF:790a BC:48b3 DE:0c6f HL:09e7 SP:f799 IX:0000 IY:0000 Flags:00001010 [15 c8 0a]
==> 2287:  RET Z               PC:2288 AF:790a BC:48b3 DE:0c6f HL:09e7 SP:f799 IX:0000 IY:0000 Flags:00001010 [c8 0a cd]
==> 2288:  LD A, (BC)          PC:2289 AF:200a BC:48b3 DE:0c6f HL:09e7 SP:f799 IX:0000 IY:0000 Flags:00001010 [0a cd c5]
==> 2289:  CALL 10c5h          PC:10c5 AF:200a BC:48b3 DE:0c6f HL:09e7 SP:f797 IX:0000 IY:0000 Flags:00001010 [cd c5 10]
==> 10c5:  PUSH AF             PC:10c6 AF:200a BC:48b3 DE:0c6f HL:09e7 SP:f795 IX:0000 IY:0000 Flags:00001010 [f5 e5 2a]
==> 10c6:  PUSH HL             PC:10c7 AF:200a BC:48b3 DE:0c6f HL:09e7 SP:f793 IX:0000 IY:0000 Flags:00001010 [e5 2a 35]
==> 10c7:  LD HL, (0735h)      PC:10ca AF:200a BC:48b3 DE:0c6f HL:0000 SP:f793 IX:0000 IY:0000 Flags:00001010 [2a 35 07]
==> 10ca:  LD A, H             PC:10cb AF:000a BC:48b3 DE:0c6f HL:0000 SP:f793 IX:0000 IY:0000 Flags:00001010 [7c b5 c2]
==> 10cb:  OR A, L             PC:10cc AF:0044 BC:48b3 DE:0c6f HL:0000 SP:f793 IX:0000 IY:0000 Flags:01000100 [b5 c2 14]
==> 10cc:  JP NZ, 2e14h        PC:10cf AF:0044 BC:48b3 DE:0c6f HL:0000 SP:f793 IX:0000 IY:0000 Flags:01000100 [c2 14 2e]
==> 10cf:  POP HL              PC:10d0 AF:0044 BC:48b3 DE:0c6f HL:09e7 SP:f795 IX:0000 IY:0000 Flags:01000100 [e1 3a 26]
==> 10d0:  LD A, (0726h)       PC:10d3 AF:0044 BC:48b3 DE:0c6f HL:09e7 SP:f795 IX:0000 IY:0000 Flags:01000100 [3a 26 07]
==> 10d3:  OR A, A             PC:10d4 AF:0044 BC:48b3 DE:0c6f HL:09e7 SP:f795 IX:0000 IY:0000 Flags:01000100 [b7 ca 29]
==> 10d4:  JP Z, 1129h         PC:1129 AF:0044 BC:48b3 DE:0c6f HL:09e7 SP:f795 IX:0000 IY:0000 Flags:01000100 [ca 29 11]
==> 1129:  LD A, (072ah)       PC:112c AF:0044 BC:48b3 DE:0c6f HL:09e7 SP:f795 IX:0000 IY:0000 Flags:01000100 [3a 2a 07]
==> 112c:  OR A, A             PC:112d AF:0044 BC:48b3 DE:0c6f HL:09e7 SP:f795 IX:0000 IY:0000 Flags:01000100 [b7 c2 b1]
==> 112d:  JP NZ, 22b1h        PC:1130 AF:0044 BC:48b3 DE:0c6f HL:09e7 SP:f795 IX:0000 IY:0000 Flags:01000100 [c2 b1 22]
==> 1130:  POP AF              PC:1131 AF:200a BC:48b3 DE:0c6f HL:09e7 SP:f797 IX:0000 IY:0000 Flags:00001010 [f1 c5 f5]
==> 1131:  PUSH BC             PC:1132 AF:200a BC:48b3 DE:0c6f HL:09e7 SP:f795 IX:0000 IY:0000 Flags:00001010 [c5 f5 fe]
==> 1132:  PUSH AF             PC:1133 AF:200a BC:48b3 DE:0c6f HL:09e7 SP:f793 IX:0000 IY:0000 Flags:00001010 [f5 fe 09]
==> 1133:  CP A, 09h           PC:1135 AF:201a BC:48b3 DE:0c6f HL:09e7 SP:f793 IX:0000 IY:0000 Flags:00011010 [fe 09 c2]
==> 1135:  JP NZ, 1148h        PC:1148 AF:201a BC:48b3 DE:0c6f HL:09e7 SP:f793 IX:0000 IY:0000 Flags:00011010 [c2 48 11]
==> 1148:  CP A, 20h           PC:114a AF:2062 BC:48b3 DE:0c6f HL:09e7 SP:f793 IX:0000 IY:0000 Flags:01100010 [fe 20 da]
==> 114a:  JP C, 115ch         PC:114d AF:2062 BC:48b3 DE:0c6f HL:09e7 SP:f793 IX:0000 IY:0000 Flags:01100010 [da 5c 11]
==> 114d:  LD A, (0727h)       PC:1150 AF:4862 BC:48b3 DE:0c6f HL:09e7 SP:f793 IX:0000 IY:0000 Flags:01100010 [3a 27 07]
==> 1150:  LD B, A             PC:1151 AF:4862 BC:48b3 DE:0c6f HL:09e7 SP:f793 IX:0000 IY:0000 Flags:01100010 [47 3a cf]
==> 1151:  LD A, (09cfh)       PC:1154 AF:1562 BC:48b3 DE:0c6f HL:09e7 SP:f793 IX:0000 IY:0000 Flags:01100010 [3a cf 09]
==> 1154:  CP A, B             PC:1155 AF:159b BC:48b3 DE:0c6f HL:09e7 SP:f793 IX:0000 IY:0000 Flags:10011011 [b8 cc e8]
==> 1155:  CALL Z, 17e8h       PC:1158 AF:159b BC:48b3 DE:0c6f HL:09e7 SP:f793 IX:0000 IY:0000 Flags:10011011 [cc e8 17]
==> 1158:  INC A               PC:1159 AF:1601 BC:48b3 DE:0c6f HL:09e7 SP:f793 IX:0000 IY:0000 Flags:00000001 [3c 32 cf]
==> 1159:  LD (09cfh), A       PC:115c AF:1601 BC:48b3 DE:0c6f HL:09e7 SP:f793 IX:0000 IY:0000 Flags:00000001 [32 cf 09]
==> 115c:  POP AF              PC:115d AF:200a BC:48b3 DE:0c6f HL:09e7 SP:f795 IX:0000 IY:0000 Flags:00001010 [f1 c1 f5]
==> 115d:  POP BC              PC:115e AF:200a BC:48b3 DE:0c6f HL:09e7 SP:f797 IX:0000 IY:0000 Flags:00001010 [c1 f5 f1]
==> 115e:  PUSH AF             PC:115f AF:200a BC:48b3 DE:0c6f HL:09e7 SP:f795 IX:0000 IY:0000 Flags:00001010 [f5 f1 f5]
==> 115f:  POP AF              PC:1160 AF:200a BC:48b3 DE:0c6f HL:09e7 SP:f797 IX:0000 IY:0000 Flags:00001010 [f1 f5 c5]
==> 1160:  PUSH AF             PC:1161 AF:200a BC:48b3 DE:0c6f HL:09e7 SP:f795 IX:0000 IY:0000 Flags:00001010 [f5 c5 d5]
==> 1161:  PUSH BC             PC:1162 AF:200a BC:48b3 DE:0c6f HL:09e7 SP:f793 IX:0000 IY:0000 Flags:00001010 [c5 d5 0e]
==> 1162:  PUSH DE             PC:1163 AF:200a BC:48b3 DE:0c6f HL:09e7 SP:f791 IX:0000 IY:0000 Flags:00001010 [d5 0e 02]
==> 1163:  LD C, 02h           PC:1165 AF:200a BC:4802 DE:0c6f HL:09e7 SP:f791 IX:0000 IY:0000 Flags:00001010 [0e 02 4f]
==> 1165:  LD C, A             PC:1166 AF:200a BC:4820 DE:0c6f HL:09e7 SP:f791 IX:0000 IY:0000 Flags:00001010 [4f e5 cd]
==> 1166:  PUSH HL             PC:1167 AF:200a BC:4820 DE:0c6f HL:09e7 SP:f78f IX:0000 IY:0000 Flags:00001010 [e5 cd 84]
==> 1167:  CALL ff84h          PC:ff84 AF:200a BC:4820 DE:0c6f HL:09e7 SP:f78d IX:0000 IY:0000 Flags:00001010 [cd 84 ff]
 ==> ff84:  RET                 PC:116a AF:200a BC:4820 DE:0c6f HL:09e7 SP:f78f IX:0000 IY:0000 Flags:00001010 [c9 c9 c9]
==> 116a:  POP HL              PC:116b AF:200a BC:4820 DE:0c6f HL:09e7 SP:f791 IX:0000 IY:0000 Flags:00001010 [e1 d1 c1]
==> 116b:  POP DE              PC:116c AF:200a BC:4820 DE:0c6f HL:09e7 SP:f793 IX:0000 IY:0000 Flags:00001010 [d1 c1 f1]
==> 116c:  POP BC              PC:116d AF:200a BC:48b3 DE:0c6f HL:09e7 SP:f795 IX:0000 IY:0000 Flags:00001010 [c1 f1 c9]
==> 116d:  POP AF              PC:116e AF:200a BC:48b3 DE:0c6f HL:09e7 SP:f797 IX:0000 IY:0000 Flags:00001010 [f1 c9 e5]
==> 116e:  RET                 PC:228c AF:200a BC:48b3 DE:0c6f HL:09e7 SP:f799 IX:0000 IY:0000 Flags:00001010 [c9 e5 2a]
==> 228c:  CP A, 0dh           PC:228e AF:201a BC:48b3 DE:0c6f HL:09e7 SP:f799 IX:0000 IY:0000 Flags:00011010 [fe 0d cc]
==> 228e:  CALL Z, 17f2h       PC:2291 AF:201a BC:48b3 DE:0c6f HL:09e7 SP:f799 IX:0000 IY:0000 Flags:00011010 [cc f2 17]
==> 2291:  INC BC              PC:2292 AF:201a BC:48b4 DE:0c6f HL:09e7 SP:f799 IX:0000 IY:0000 Flags:00011010 [03 c3 86]
==> 2292:  JP 2286h            PC:2286 AF:201a BC:48b4 DE:0c6f HL:09e7 SP:f799 IX:0000 IY:0000 Flags:00011010 [c3 86 22]
==> 2286:  DEC D               PC:2287 AF:200a BC:48b4 DE:0b6f HL:09e7 SP:f799 IX:0000 IY:0000 Flags:00001010 [15 c8 0a]
==> 2287:  RET Z               PC:2288 AF:200a BC:48b4 DE:0b6f HL:09e7 SP:f799 IX:0000 IY:0000 Flags:00001010 [c8 0a cd]
==> 2288:  LD A, (BC)          PC:2289 AF:4d0a BC:48b4 DE:0b6f HL:09e7 SP:f799 IX:0000 IY:0000 Flags:00001010 [0a cd c5]
==> 2289:  CALL 10c5h          PC:10c5 AF:4d0a BC:48b4 DE:0b6f HL:09e7 SP:f797 IX:0000 IY:0000 Flags:00001010 [cd c5 10]
==> 10c5:  PUSH AF             PC:10c6 AF:4d0a BC:48b4 DE:0b6f HL:09e7 SP:f795 IX:0000 IY:0000 Flags:00001010 [f5 e5 2a]
==> 10c6:  PUSH HL             PC:10c7 AF:4d0a BC:48b4 DE:0b6f HL:09e7 SP:f793 IX:0000 IY:0000 Flags:00001010 [e5 2a 35]
==> 10c7:  LD HL, (0735h)      PC:10ca AF:4d0a BC:48b4 DE:0b6f HL:0000 SP:f793 IX:0000 IY:0000 Flags:00001010 [2a 35 07]
==> 10ca:  LD A, H             PC:10cb AF:000a BC:48b4 DE:0b6f HL:0000 SP:f793 IX:0000 IY:0000 Flags:00001010 [7c b5 c2]
==> 10cb:  OR A, L             PC:10cc AF:0044 BC:48b4 DE:0b6f HL:0000 SP:f793 IX:0000 IY:0000 Flags:01000100 [b5 c2 14]
==> 10cc:  JP NZ, 2e14h        PC:10cf AF:0044 BC:48b4 DE:0b6f HL:0000 SP:f793 IX:0000 IY:0000 Flags:01000100 [c2 14 2e]
==> 10cf:  POP HL              PC:10d0 AF:0044 BC:48b4 DE:0b6f HL:09e7 SP:f795 IX:0000 IY:0000 Flags:01000100 [e1 3a 26]
==> 10d0:  LD A, (0726h)       PC:10d3 AF:0044 BC:48b4 DE:0b6f HL:09e7 SP:f795 IX:0000 IY:0000 Flags:01000100 [3a 26 07]
==> 10d3:  OR A, A             PC:10d4 AF:0044 BC:48b4 DE:0b6f HL:09e7 SP:f795 IX:0000 IY:0000 Flags:01000100 [b7 ca 29]
==> 10d4:  JP Z, 1129h         PC:1129 AF:0044 BC:48b4 DE:0b6f HL:09e7 SP:f795 IX:0000 IY:0000 Flags:01000100 [ca 29 11]
==> 1129:  LD A, (072ah)       PC:112c AF:0044 BC:48b4 DE:0b6f HL:09e7 SP:f795 IX:0000 IY:0000 Flags:01000100 [3a 2a 07]
==> 112c:  OR A, A             PC:112d AF:0044 BC:48b4 DE:0b6f HL:09e7 SP:f795 IX:0000 IY:0000 Flags:01000100 [b7 c2 b1]
==> 112d:  JP NZ, 22b1h        PC:1130 AF:0044 BC:48b4 DE:0b6f HL:09e7 SP:f795 IX:0000 IY:0000 Flags:01000100 [c2 b1 22]
==> 1130:  POP AF              PC:1131 AF:4d0a BC:48b4 DE:0b6f HL:09e7 SP:f797 IX:0000 IY:0000 Flags:00001010 [f1 c5 f5]
==> 1131:  PUSH BC             PC:1132 AF:4d0a BC:48b4 DE:0b6f HL:09e7 SP:f795 IX:0000 IY:0000 Flags:00001010 [c5 f5 fe]
==> 1132:  PUSH AF             PC:1133 AF:4d0a BC:48b4 DE:0b6f HL:09e7 SP:f793 IX:0000 IY:0000 Flags:00001010 [f5 fe 09]
==> 1133:  CP A, 09h           PC:1135 AF:4d0a BC:48b4 DE:0b6f HL:09e7 SP:f793 IX:0000 IY:0000 Flags:00001010 [fe 09 c2]
==> 1135:  JP NZ, 1148h        PC:1148 AF:4d0a BC:48b4 DE:0b6f HL:09e7 SP:f793 IX:0000 IY:0000 Flags:00001010 [c2 48 11]
==> 1148:  CP A, 20h           PC:114a AF:4d22 BC:48b4 DE:0b6f HL:09e7 SP:f793 IX:0000 IY:0000 Flags:00100010 [fe 20 da]
==> 114a:  JP C, 115ch         PC:114d AF:4d22 BC:48b4 DE:0b6f HL:09e7 SP:f793 IX:0000 IY:0000 Flags:00100010 [da 5c 11]
==> 114d:  LD A, (0727h)       PC:1150 AF:4822 BC:48b4 DE:0b6f HL:09e7 SP:f793 IX:0000 IY:0000 Flags:00100010 [3a 27 07]
==> 1150:  LD B, A             PC:1151 AF:4822 BC:48b4 DE:0b6f HL:09e7 SP:f793 IX:0000 IY:0000 Flags:00100010 [47 3a cf]
==> 1151:  LD A, (09cfh)       PC:1154 AF:1622 BC:48b4 DE:0b6f HL:09e7 SP:f793 IX:0000 IY:0000 Flags:00100010 [3a cf 09]
==> 1154:  CP A, B             PC:1155 AF:169b BC:48b4 DE:0b6f HL:09e7 SP:f793 IX:0000 IY:0000 Flags:10011011 [b8 cc e8]
==> 1155:  CALL Z, 17e8h       PC:1158 AF:169b BC:48b4 DE:0b6f HL:09e7 SP:f793 IX:0000 IY:0000 Flags:10011011 [cc e8 17]
==> 1158:  INC A               PC:1159 AF:1701 BC:48b4 DE:0b6f HL:09e7 SP:f793 IX:0000 IY:0000 Flags:00000001 [3c 32 cf]
==> 1159:  LD (09cfh), A       PC:115c AF:1701 BC:48b4 DE:0b6f HL:09e7 SP:f793 IX:0000 IY:0000 Flags:00000001 [32 cf 09]
==> 115c:  POP AF              PC:115d AF:4d0a BC:48b4 DE:0b6f HL:09e7 SP:f795 IX:0000 IY:0000 Flags:00001010 [f1 c1 f5]
==> 115d:  POP BC              PC:115e AF:4d0a BC:48b4 DE:0b6f HL:09e7 SP:f797 IX:0000 IY:0000 Flags:00001010 [c1 f5 f1]
==> 115e:  PUSH AF             PC:115f AF:4d0a BC:48b4 DE:0b6f HL:09e7 SP:f795 IX:0000 IY:0000 Flags:00001010 [f5 f1 f5]
==> 115f:  POP AF              PC:1160 AF:4d0a BC:48b4 DE:0b6f HL:09e7 SP:f797 IX:0000 IY:0000 Flags:00001010 [f1 f5 c5]
==> 1160:  PUSH AF             PC:1161 AF:4d0a BC:48b4 DE:0b6f HL:09e7 SP:f795 IX:0000 IY:0000 Flags:00001010 [f5 c5 d5]
==> 1161:  PUSH BC             PC:1162 AF:4d0a BC:48b4 DE:0b6f HL:09e7 SP:f793 IX:0000 IY:0000 Flags:00001010 [c5 d5 0e]
==> 1162:  PUSH DE             PC:1163 AF:4d0a BC:48b4 DE:0b6f HL:09e7 SP:f791 IX:0000 IY:0000 Flags:00001010 [d5 0e 02]
==> 1163:  LD C, 02h           PC:1165 AF:4d0a BC:4802 DE:0b6f HL:09e7 SP:f791 IX:0000 IY:0000 Flags:00001010 [0e 02 4f]
==> 1165:  LD C, A             PC:1166 AF:4d0a BC:484d DE:0b6f HL:09e7 SP:f791 IX:0000 IY:0000 Flags:00001010 [4f e5 cd]
==> 1166:  PUSH HL             PC:1167 AF:4d0a BC:484d DE:0b6f HL:09e7 SP:f78f IX:0000 IY:0000 Flags:00001010 [e5 cd 84]
==> 1167:  CALL ff84h          PC:ff84 AF:4d0a BC:484d DE:0b6f HL:09e7 SP:f78d IX:0000 IY:0000 Flags:00001010 [cd 84 ff]
M==> ff84:  RET                 PC:116a AF:4d0a BC:484d DE:0b6f HL:09e7 SP:f78f IX:0000 IY:0000 Flags:00001010 [c9 c9 c9]
==> 116a:  POP HL              PC:116b AF:4d0a BC:484d DE:0b6f HL:09e7 SP:f791 IX:0000 IY:0000 Flags:00001010 [e1 d1 c1]
==> 116b:  POP DE              PC:116c AF:4d0a BC:484d DE:0b6f HL:09e7 SP:f793 IX:0000 IY:0000 Flags:00001010 [d1 c1 f1]
==> 116c:  POP BC              PC:116d AF:4d0a BC:48b4 DE:0b6f HL:09e7 SP:f795 IX:0000 IY:0000 Flags:00001010 [c1 f1 c9]
==> 116d:  POP AF              PC:116e AF:4d0a BC:48b4 DE:0b6f HL:09e7 SP:f797 IX:0000 IY:0000 Flags:00001010 [f1 c9 e5]
==> 116e:  RET                 PC:228c AF:4d0a BC:48b4 DE:0b6f HL:09e7 SP:f799 IX:0000 IY:0000 Flags:00001010 [c9 e5 2a]
==> 228c:  CP A, 0dh           PC:228e AF:4d0a BC:48b4 DE:0b6f HL:09e7 SP:f799 IX:0000 IY:0000 Flags:00001010 [fe 0d cc]
==> 228e:  CALL Z, 17f2h       PC:2291 AF:4d0a BC:48b4 DE:0b6f HL:09e7 SP:f799 IX:0000 IY:0000 Flags:00001010 [cc f2 17]
==> 2291:  INC BC              PC:2292 AF:4d0a BC:48b5 DE:0b6f HL:09e7 SP:f799 IX:0000 IY:0000 Flags:00001010 [03 c3 86]
==> 2292:  JP 2286h            PC:2286 AF:4d0a BC:48b5 DE:0b6f HL:09e7 SP:f799 IX:0000 IY:0000 Flags:00001010 [c3 86 22]
==> 2286:  DEC D               PC:2287 AF:4d0a BC:48b5 DE:0a6f HL:09e7 SP:f799 IX:0000 IY:0000 Flags:00001010 [15 c8 0a]
==> 2287:  RET Z               PC:2288 AF:4d0a BC:48b5 DE:0a6f HL:09e7 SP:f799 IX:0000 IY:0000 Flags:00001010 [c8 0a cd]
==> 2288:  LD A, (BC)          PC:2289 AF:690a BC:48b5 DE:0a6f HL:09e7 SP:f799 IX:0000 IY:0000 Flags:00001010 [0a cd c5]
==> 2289:  CALL 10c5h          PC:10c5 AF:690a BC:48b5 DE:0a6f HL:09e7 SP:f797 IX:0000 IY:0000 Flags:00001010 [cd c5 10]
==> 10c5:  PUSH AF             PC:10c6 AF:690a BC:48b5 DE:0a6f HL:09e7 SP:f795 IX:0000 IY:0000 Flags:00001010 [f5 e5 2a]
==> 10c6:  PUSH HL             PC:10c7 AF:690a BC:48b5 DE:0a6f HL:09e7 SP:f793 IX:0000 IY:0000 Flags:00001010 [e5 2a 35]
==> 10c7:  LD HL, (0735h)      PC:10ca AF:690a BC:48b5 DE:0a6f HL:0000 SP:f793 IX:0000 IY:0000 Flags:00001010 [2a 35 07]
==> 10ca:  LD A, H             PC:10cb AF:000a BC:48b5 DE:0a6f HL:0000 SP:f793 IX:0000 IY:0000 Flags:00001010 [7c b5 c2]
==> 10cb:  OR A, L             PC:10cc AF:0044 BC:48b5 DE:0a6f HL:0000 SP:f793 IX:0000 IY:0000 Flags:01000100 [b5 c2 14]
==> 10cc:  JP NZ, 2e14h        PC:10cf AF:0044 BC:48b5 DE:0a6f HL:0000 SP:f793 IX:0000 IY:0000 Flags:01000100 [c2 14 2e]
==> 10cf:  POP HL              PC:10d0 AF:0044 BC:48b5 DE:0a6f HL:09e7 SP:f795 IX:0000 IY:0000 Flags:01000100 [e1 3a 26]
==> 10d0:  LD A, (0726h)       PC:10d3 AF:0044 BC:48b5 DE:0a6f HL:09e7 SP:f795 IX:0000 IY:0000 Flags:01000100 [3a 26 07]
==> 10d3:  OR A, A             PC:10d4 AF:0044 BC:48b5 DE:0a6f HL:09e7 SP:f795 IX:0000 IY:0000 Flags:01000100 [b7 ca 29]
==> 10d4:  JP Z, 1129h         PC:1129 AF:0044 BC:48b5 DE:0a6f HL:09e7 SP:f795 IX:0000 IY:0000 Flags:01000100 [ca 29 11]
==> 1129:  LD A, (072ah)       PC:112c AF:0044 BC:48b5 DE:0a6f HL:09e7 SP:f795 IX:0000 IY:0000 Flags:01000100 [3a 2a 07]
==> 112c:  OR A, A             PC:112d AF:0044 BC:48b5 DE:0a6f HL:09e7 SP:f795 IX:0000 IY:0000 Flags:01000100 [b7 c2 b1]
==> 112d:  JP NZ, 22b1h        PC:1130 AF:0044 BC:48b5 DE:0a6f HL:09e7 SP:f795 IX:0000 IY:0000 Flags:01000100 [c2 b1 22]
==> 1130:  POP AF              PC:1131 AF:690a BC:48b5 DE:0a6f HL:09e7 SP:f797 IX:0000 IY:0000 Flags:00001010 [f1 c5 f5]
==> 1131:  PUSH BC             PC:1132 AF:690a BC:48b5 DE:0a6f HL:09e7 SP:f795 IX:0000 IY:0000 Flags:00001010 [c5 f5 fe]
==> 1132:  PUSH AF             PC:1133 AF:690a BC:48b5 DE:0a6f HL:09e7 SP:f793 IX:0000 IY:0000 Flags:00001010 [f5 fe 09]
==> 1133:  CP A, 09h           PC:1135 AF:690a BC:48b5 DE:0a6f HL:09e7 SP:f793 IX:0000 IY:0000 Flags:00001010 [fe 09 c2]
==> 1135:  JP NZ, 1148h        PC:1148 AF:690a BC:48b5 DE:0a6f HL:09e7 SP:f793 IX:0000 IY:0000 Flags:00001010 [c2 48 11]
==> 1148:  CP A, 20h           PC:114a AF:6922 BC:48b5 DE:0a6f HL:09e7 SP:f793 IX:0000 IY:0000 Flags:00100010 [fe 20 da]
==> 114a:  JP C, 115ch         PC:114d AF:6922 BC:48b5 DE:0a6f HL:09e7 SP:f793 IX:0000 IY:0000 Flags:00100010 [da 5c 11]
==> 114d:  LD A, (0727h)       PC:1150 AF:4822 BC:48b5 DE:0a6f HL:09e7 SP:f793 IX:0000 IY:0000 Flags:00100010 [3a 27 07]
==> 1150:  LD B, A             PC:1151 AF:4822 BC:48b5 DE:0a6f HL:09e7 SP:f793 IX:0000 IY:0000 Flags:00100010 [47 3a cf]
==> 1151:  LD A, (09cfh)       PC:1154 AF:1722 BC:48b5 DE:0a6f HL:09e7 SP:f793 IX:0000 IY:0000 Flags:00100010 [3a cf 09]
==> 1154:  CP A, B             PC:1155 AF:179b BC:48b5 DE:0a6f HL:09e7 SP:f793 IX:0000 IY:0000 Flags:10011011 [b8 cc e8]
==> 1155:  CALL Z, 17e8h       PC:1158 AF:179b BC:48b5 DE:0a6f HL:09e7 SP:f793 IX:0000 IY:0000 Flags:10011011 [cc e8 17]
==> 1158:  INC A               PC:1159 AF:1809 BC:48b5 DE:0a6f HL:09e7 SP:f793 IX:0000 IY:0000 Flags:00001001 [3c 32 cf]
==> 1159:  LD (09cfh), A       PC:115c AF:1809 BC:48b5 DE:0a6f HL:09e7 SP:f793 IX:0000 IY:0000 Flags:00001001 [32 cf 09]
==> 115c:  POP AF              PC:115d AF:690a BC:48b5 DE:0a6f HL:09e7 SP:f795 IX:0000 IY:0000 Flags:00001010 [f1 c1 f5]
==> 115d:  POP BC              PC:115e AF:690a BC:48b5 DE:0a6f HL:09e7 SP:f797 IX:0000 IY:0000 Flags:00001010 [c1 f5 f1]
==> 115e:  PUSH AF             PC:115f AF:690a BC:48b5 DE:0a6f HL:09e7 SP:f795 IX:0000 IY:0000 Flags:00001010 [f5 f1 f5]
==> 115f:  POP AF              PC:1160 AF:690a BC:48b5 DE:0a6f HL:09e7 SP:f797 IX:0000 IY:0000 Flags:00001010 [f1 f5 c5]
==> 1160:  PUSH AF             PC:1161 AF:690a BC:48b5 DE:0a6f HL:09e7 SP:f795 IX:0000 IY:0000 Flags:00001010 [f5 c5 d5]
==> 1161:  PUSH BC             PC:1162 AF:690a BC:48b5 DE:0a6f HL:09e7 SP:f793 IX:0000 IY:0000 Flags:00001010 [c5 d5 0e]
==> 1162:  PUSH DE             PC:1163 AF:690a BC:48b5 DE:0a6f HL:09e7 SP:f791 IX:0000 IY:0000 Flags:00001010 [d5 0e 02]
==> 1163:  LD C, 02h           PC:1165 AF:690a BC:4802 DE:0a6f HL:09e7 SP:f791 IX:0000 IY:0000 Flags:00001010 [0e 02 4f]
==> 1165:  LD C, A             PC:1166 AF:690a BC:4869 DE:0a6f HL:09e7 SP:f791 IX:0000 IY:0000 Flags:00001010 [4f e5 cd]
==> 1166:  PUSH HL             PC:1167 AF:690a BC:4869 DE:0a6f HL:09e7 SP:f78f IX:0000 IY:0000 Flags:00001010 [e5 cd 84]
==> 1167:  CALL ff84h          PC:ff84 AF:690a BC:4869 DE:0a6f HL:09e7 SP:f78d IX:0000 IY:0000 Flags:00001010 [cd 84 ff]
i==> ff84:  RET                 PC:116a AF:690a BC:4869 DE:0a6f HL:09e7 SP:f78f IX:0000 IY:0000 Flags:00001010 [c9 c9 c9]
==> 116a:  POP HL              PC:116b AF:690a BC:4869 DE:0a6f HL:09e7 SP:f791 IX:0000 IY:0000 Flags:00001010 [e1 d1 c1]
==> 116b:  POP DE              PC:116c AF:690a BC:4869 DE:0a6f HL:09e7 SP:f793 IX:0000 IY:0000 Flags:00001010 [d1 c1 f1]
==> 116c:  POP BC              PC:116d AF:690a BC:48b5 DE:0a6f HL:09e7 SP:f795 IX:0000 IY:0000 Flags:00001010 [c1 f1 c9]
==> 116d:  POP AF              PC:116e AF:690a BC:48b5 DE:0a6f HL:09e7 SP:f797 IX:0000 IY:0000 Flags:00001010 [f1 c9 e5]
==> 116e:  RET                 PC:228c AF:690a BC:48b5 DE:0a6f HL:09e7 SP:f799 IX:0000 IY:0000 Flags:00001010 [c9 e5 2a]
==> 228c:  CP A, 0dh           PC:228e AF:691a BC:48b5 DE:0a6f HL:09e7 SP:f799 IX:0000 IY:0000 Flags:00011010 [fe 0d cc]
==> 228e:  CALL Z, 17f2h       PC:2291 AF:691a BC:48b5 DE:0a6f HL:09e7 SP:f799 IX:0000 IY:0000 Flags:00011010 [cc f2 17]
==> 2291:  INC BC              PC:2292 AF:691a BC:48b6 DE:0a6f HL:09e7 SP:f799 IX:0000 IY:0000 Flags:00011010 [03 c3 86]
==> 2292:  JP 2286h            PC:2286 AF:691a BC:48b6 DE:0a6f HL:09e7 SP:f799 IX:0000 IY:0000 Flags:00011010 [c3 86 22]
==> 2286:  DEC D               PC:2287 AF:690a BC:48b6 DE:096f HL:09e7 SP:f799 IX:0000 IY:0000 Flags:00001010 [15 c8 0a]
==> 2287:  RET Z               PC:2288 AF:690a BC:48b6 DE:096f HL:09e7 SP:f799 IX:0000 IY:0000 Flags:00001010 [c8 0a cd]
==> 2288:  LD A, (BC)          PC:2289 AF:630a BC:48b6 DE:096f HL:09e7 SP:f799 IX:0000 IY:0000 Flags:00001010 [0a cd c5]
==> 2289:  CALL 10c5h          PC:10c5 AF:630a BC:48b6 DE:096f HL:09e7 SP:f797 IX:0000 IY:0000 Flags:00001010 [cd c5 10]
==> 10c5:  PUSH AF             PC:10c6 AF:630a BC:48b6 DE:096f HL:09e7 SP:f795 IX:0000 IY:0000 Flags:00001010 [f5 e5 2a]
==> 10c6:  PUSH HL             PC:10c7 AF:630a BC:48b6 DE:096f HL:09e7 SP:f793 IX:0000 IY:0000 Flags:00001010 [e5 2a 35]
==> 10c7:  LD HL, (0735h)      PC:10ca AF:630a BC:48b6 DE:096f HL:0000 SP:f793 IX:0000 IY:0000 Flags:00001010 [2a 35 07]
==> 10ca:  LD A, H             PC:10cb AF:000a BC:48b6 DE:096f HL:0000 SP:f793 IX:0000 IY:0000 Flags:00001010 [7c b5 c2]
==> 10cb:  OR A, L             PC:10cc AF:0044 BC:48b6 DE:096f HL:0000 SP:f793 IX:0000 IY:0000 Flags:01000100 [b5 c2 14]
==> 10cc:  JP NZ, 2e14h        PC:10cf AF:0044 BC:48b6 DE:096f HL:0000 SP:f793 IX:0000 IY:0000 Flags:01000100 [c2 14 2e]
==> 10cf:  POP HL              PC:10d0 AF:0044 BC:48b6 DE:096f HL:09e7 SP:f795 IX:0000 IY:0000 Flags:01000100 [e1 3a 26]
==> 10d0:  LD A, (0726h)       PC:10d3 AF:0044 BC:48b6 DE:096f HL:09e7 SP:f795 IX:0000 IY:0000 Flags:01000100 [3a 26 07]
==> 10d3:  OR A, A             PC:10d4 AF:0044 BC:48b6 DE:096f HL:09e7 SP:f795 IX:0000 IY:0000 Flags:01000100 [b7 ca 29]
==> 10d4:  JP Z, 1129h         PC:1129 AF:0044 BC:48b6 DE:096f HL:09e7 SP:f795 IX:0000 IY:0000 Flags:01000100 [ca 29 11]
==> 1129:  LD A, (072ah)       PC:112c AF:0044 BC:48b6 DE:096f HL:09e7 SP:f795 IX:0000 IY:0000 Flags:01000100 [3a 2a 07]
==> 112c:  OR A, A             PC:112d AF:0044 BC:48b6 DE:096f HL:09e7 SP:f795 IX:0000 IY:0000 Flags:01000100 [b7 c2 b1]
==> 112d:  JP NZ, 22b1h        PC:1130 AF:0044 BC:48b6 DE:096f HL:09e7 SP:f795 IX:0000 IY:0000 Flags:01000100 [c2 b1 22]
==> 1130:  POP AF              PC:1131 AF:630a BC:48b6 DE:096f HL:09e7 SP:f797 IX:0000 IY:0000 Flags:00001010 [f1 c5 f5]
==> 1131:  PUSH BC             PC:1132 AF:630a BC:48b6 DE:096f HL:09e7 SP:f795 IX:0000 IY:0000 Flags:00001010 [c5 f5 fe]
==> 1132:  PUSH AF             PC:1133 AF:630a BC:48b6 DE:096f HL:09e7 SP:f793 IX:0000 IY:0000 Flags:00001010 [f5 fe 09]
==> 1133:  CP A, 09h           PC:1135 AF:631a BC:48b6 DE:096f HL:09e7 SP:f793 IX:0000 IY:0000 Flags:00011010 [fe 09 c2]
==> 1135:  JP NZ, 1148h        PC:1148 AF:631a BC:48b6 DE:096f HL:09e7 SP:f793 IX:0000 IY:0000 Flags:00011010 [c2 48 11]
==> 1148:  CP A, 20h           PC:114a AF:6322 BC:48b6 DE:096f HL:09e7 SP:f793 IX:0000 IY:0000 Flags:00100010 [fe 20 da]
==> 114a:  JP C, 115ch         PC:114d AF:6322 BC:48b6 DE:096f HL:09e7 SP:f793 IX:0000 IY:0000 Flags:00100010 [da 5c 11]
==> 114d:  LD A, (0727h)       PC:1150 AF:4822 BC:48b6 DE:096f HL:09e7 SP:f793 IX:0000 IY:0000 Flags:00100010 [3a 27 07]
==> 1150:  LD B, A             PC:1151 AF:4822 BC:48b6 DE:096f HL:09e7 SP:f793 IX:0000 IY:0000 Flags:00100010 [47 3a cf]
==> 1151:  LD A, (09cfh)       PC:1154 AF:1822 BC:48b6 DE:096f HL:09e7 SP:f793 IX:0000 IY:0000 Flags:00100010 [3a cf 09]
==> 1154:  CP A, B             PC:1155 AF:188b BC:48b6 DE:096f HL:09e7 SP:f793 IX:0000 IY:0000 Flags:10001011 [b8 cc e8]
==> 1155:  CALL Z, 17e8h       PC:1158 AF:188b BC:48b6 DE:096f HL:09e7 SP:f793 IX:0000 IY:0000 Flags:10001011 [cc e8 17]
==> 1158:  INC A               PC:1159 AF:1909 BC:48b6 DE:096f HL:09e7 SP:f793 IX:0000 IY:0000 Flags:00001001 [3c 32 cf]
==> 1159:  LD (09cfh), A       PC:115c AF:1909 BC:48b6 DE:096f HL:09e7 SP:f793 IX:0000 IY:0000 Flags:00001001 [32 cf 09]
==> 115c:  POP AF              PC:115d AF:630a BC:48b6 DE:096f HL:09e7 SP:f795 IX:0000 IY:0000 Flags:00001010 [f1 c1 f5]
==> 115d:  POP BC              PC:115e AF:630a BC:48b6 DE:096f HL:09e7 SP:f797 IX:0000 IY:0000 Flags:00001010 [c1 f5 f1]
==> 115e:  PUSH AF             PC:115f AF:630a BC:48b6 DE:096f HL:09e7 SP:f795 IX:0000 IY:0000 Flags:00001010 [f5 f1 f5]
==> 115f:  POP AF              PC:1160 AF:630a BC:48b6 DE:096f HL:09e7 SP:f797 IX:0000 IY:0000 Flags:00001010 [f1 f5 c5]
==> 1160:  PUSH AF             PC:1161 AF:630a BC:48b6 DE:096f HL:09e7 SP:f795 IX:0000 IY:0000 Flags:00001010 [f5 c5 d5]
==> 1161:  PUSH BC             PC:1162 AF:630a BC:48b6 DE:096f HL:09e7 SP:f793 IX:0000 IY:0000 Flags:00001010 [c5 d5 0e]
==> 1162:  PUSH DE             PC:1163 AF:630a BC:48b6 DE:096f HL:09e7 SP:f791 IX:0000 IY:0000 Flags:00001010 [d5 0e 02]
==> 1163:  LD C, 02h           PC:1165 AF:630a BC:4802 DE:096f HL:09e7 SP:f791 IX:0000 IY:0000 Flags:00001010 [0e 02 4f]
==> 1165:  LD C, A             PC:1166 AF:630a BC:4863 DE:096f HL:09e7 SP:f791 IX:0000 IY:0000 Flags:00001010 [4f e5 cd]
==> 1166:  PUSH HL             PC:1167 AF:630a BC:4863 DE:096f HL:09e7 SP:f78f IX:0000 IY:0000 Flags:00001010 [e5 cd 84]
==> 1167:  CALL ff84h          PC:ff84 AF:630a BC:4863 DE:096f HL:09e7 SP:f78d IX:0000 IY:0000 Flags:00001010 [cd 84 ff]
c==> ff84:  RET                 PC:116a AF:630a BC:4863 DE:096f HL:09e7 SP:f78f IX:0000 IY:0000 Flags:00001010 [c9 c9 c9]
==> 116a:  POP HL              PC:116b AF:630a BC:4863 DE:096f HL:09e7 SP:f791 IX:0000 IY:0000 Flags:00001010 [e1 d1 c1]
==> 116b:  POP DE              PC:116c AF:630a BC:4863 DE:096f HL:09e7 SP:f793 IX:0000 IY:0000 Flags:00001010 [d1 c1 f1]
==> 116c:  POP BC              PC:116d AF:630a BC:48b6 DE:096f HL:09e7 SP:f795 IX:0000 IY:0000 Flags:00001010 [c1 f1 c9]
==> 116d:  POP AF              PC:116e AF:630a BC:48b6 DE:096f HL:09e7 SP:f797 IX:0000 IY:0000 Flags:00001010 [f1 c9 e5]
==> 116e:  RET                 PC:228c AF:630a BC:48b6 DE:096f HL:09e7 SP:f799 IX:0000 IY:0000 Flags:00001010 [c9 e5 2a]
==> 228c:  CP A, 0dh           PC:228e AF:631a BC:48b6 DE:096f HL:09e7 SP:f799 IX:0000 IY:0000 Flags:00011010 [fe 0d cc]
==> 228e:  CALL Z, 17f2h       PC:2291 AF:631a BC:48b6 DE:096f HL:09e7 SP:f799 IX:0000 IY:0000 Flags:00011010 [cc f2 17]
==> 2291:  INC BC              PC:2292 AF:631a BC:48b7 DE:096f HL:09e7 SP:f799 IX:0000 IY:0000 Flags:00011010 [03 c3 86]
==> 2292:  JP 2286h            PC:2286 AF:631a BC:48b7 DE:096f HL:09e7 SP:f799 IX:0000 IY:0000 Flags:00011010 [c3 86 22]
==> 2286:  DEC D               PC:2287 AF:630a BC:48b7 DE:086f HL:09e7 SP:f799 IX:0000 IY:0000 Flags:00001010 [15 c8 0a]
==> 2287:  RET Z               PC:2288 AF:630a BC:48b7 DE:086f HL:09e7 SP:f799 IX:0000 IY:0000 Flags:00001010 [c8 0a cd]
==> 2288:  LD A, (BC)          PC:2289 AF:720a BC:48b7 DE:086f HL:09e7 SP:f799 IX:0000 IY:0000 Flags:00001010 [0a cd c5]
==> 2289:  CALL 10c5h          PC:10c5 AF:720a BC:48b7 DE:086f HL:09e7 SP:f797 IX:0000 IY:0000 Flags:00001010 [cd c5 10]
==> 10c5:  PUSH AF             PC:10c6 AF:720a BC:48b7 DE:086f HL:09e7 SP:f795 IX:0000 IY:0000 Flags:00001010 [f5 e5 2a]
==> 10c6:  PUSH HL             PC:10c7 AF:720a BC:48b7 DE:086f HL:09e7 SP:f793 IX:0000 IY:0000 Flags:00001010 [e5 2a 35]
==> 10c7:  LD HL, (0735h)      PC:10ca AF:720a BC:48b7 DE:086f HL:0000 SP:f793 IX:0000 IY:0000 Flags:00001010 [2a 35 07]
==> 10ca:  LD A, H             PC:10cb AF:000a BC:48b7 DE:086f HL:0000 SP:f793 IX:0000 IY:0000 Flags:00001010 [7c b5 c2]
==> 10cb:  OR A, L             PC:10cc AF:0044 BC:48b7 DE:086f HL:0000 SP:f793 IX:0000 IY:0000 Flags:01000100 [b5 c2 14]
==> 10cc:  JP NZ, 2e14h        PC:10cf AF:0044 BC:48b7 DE:086f HL:0000 SP:f793 IX:0000 IY:0000 Flags:01000100 [c2 14 2e]
==> 10cf:  POP HL              PC:10d0 AF:0044 BC:48b7 DE:086f HL:09e7 SP:f795 IX:0000 IY:0000 Flags:01000100 [e1 3a 26]
==> 10d0:  LD A, (0726h)       PC:10d3 AF:0044 BC:48b7 DE:086f HL:09e7 SP:f795 IX:0000 IY:0000 Flags:01000100 [3a 26 07]
==> 10d3:  OR A, A             PC:10d4 AF:0044 BC:48b7 DE:086f HL:09e7 SP:f795 IX:0000 IY:0000 Flags:01000100 [b7 ca 29]
==> 10d4:  JP Z, 1129h         PC:1129 AF:0044 BC:48b7 DE:086f HL:09e7 SP:f795 IX:0000 IY:0000 Flags:01000100 [ca 29 11]
==> 1129:  LD A, (072ah)       PC:112c AF:0044 BC:48b7 DE:086f HL:09e7 SP:f795 IX:0000 IY:0000 Flags:01000100 [3a 2a 07]
==> 112c:  OR A, A             PC:112d AF:0044 BC:48b7 DE:086f HL:09e7 SP:f795 IX:0000 IY:0000 Flags:01000100 [b7 c2 b1]
==> 112d:  JP NZ, 22b1h        PC:1130 AF:0044 BC:48b7 DE:086f HL:09e7 SP:f795 IX:0000 IY:0000 Flags:01000100 [c2 b1 22]
==> 1130:  POP AF              PC:1131 AF:720a BC:48b7 DE:086f HL:09e7 SP:f797 IX:0000 IY:0000 Flags:00001010 [f1 c5 f5]
==> 1131:  PUSH BC             PC:1132 AF:720a BC:48b7 DE:086f HL:09e7 SP:f795 IX:0000 IY:0000 Flags:00001010 [c5 f5 fe]
==> 1132:  PUSH AF             PC:1133 AF:720a BC:48b7 DE:086f HL:09e7 SP:f793 IX:0000 IY:0000 Flags:00001010 [f5 fe 09]
==> 1133:  CP A, 09h           PC:1135 AF:721a BC:48b7 DE:086f HL:09e7 SP:f793 IX:0000 IY:0000 Flags:00011010 [fe 09 c2]
==> 1135:  JP NZ, 1148h        PC:1148 AF:721a BC:48b7 DE:086f HL:09e7 SP:f793 IX:0000 IY:0000 Flags:00011010 [c2 48 11]
==> 1148:  CP A, 20h           PC:114a AF:7222 BC:48b7 DE:086f HL:09e7 SP:f793 IX:0000 IY:0000 Flags:00100010 [fe 20 da]
==> 114a:  JP C, 115ch         PC:114d AF:7222 BC:48b7 DE:086f HL:09e7 SP:f793 IX:0000 IY:0000 Flags:00100010 [da 5c 11]
==> 114d:  LD A, (0727h)       PC:1150 AF:4822 BC:48b7 DE:086f HL:09e7 SP:f793 IX:0000 IY:0000 Flags:00100010 [3a 27 07]
==> 1150:  LD B, A             PC:1151 AF:4822 BC:48b7 DE:086f HL:09e7 SP:f793 IX:0000 IY:0000 Flags:00100010 [47 3a cf]
==> 1151:  LD A, (09cfh)       PC:1154 AF:1922 BC:48b7 DE:086f HL:09e7 SP:f793 IX:0000 IY:0000 Flags:00100010 [3a cf 09]
==> 1154:  CP A, B             PC:1155 AF:198b BC:48b7 DE:086f HL:09e7 SP:f793 IX:0000 IY:0000 Flags:10001011 [b8 cc e8]
==> 1155:  CALL Z, 17e8h       PC:1158 AF:198b BC:48b7 DE:086f HL:09e7 SP:f793 IX:0000 IY:0000 Flags:10001011 [cc e8 17]
==> 1158:  INC A               PC:1159 AF:1a09 BC:48b7 DE:086f HL:09e7 SP:f793 IX:0000 IY:0000 Flags:00001001 [3c 32 cf]
==> 1159:  LD (09cfh), A       PC:115c AF:1a09 BC:48b7 DE:086f HL:09e7 SP:f793 IX:0000 IY:0000 Flags:00001001 [32 cf 09]
==> 115c:  POP AF              PC:115d AF:720a BC:48b7 DE:086f HL:09e7 SP:f795 IX:0000 IY:0000 Flags:00001010 [f1 c1 f5]
==> 115d:  POP BC              PC:115e AF:720a BC:48b7 DE:086f HL:09e7 SP:f797 IX:0000 IY:0000 Flags:00001010 [c1 f5 f1]
==> 115e:  PUSH AF             PC:115f AF:720a BC:48b7 DE:086f HL:09e7 SP:f795 IX:0000 IY:0000 Flags:00001010 [f5 f1 f5]
==> 115f:  POP AF              PC:1160 AF:720a BC:48b7 DE:086f HL:09e7 SP:f797 IX:0000 IY:0000 Flags:00001010 [f1 f5 c5]
==> 1160:  PUSH AF             PC:1161 AF:720a BC:48b7 DE:086f HL:09e7 SP:f795 IX:0000 IY:0000 Flags:00001010 [f5 c5 d5]
==> 1161:  PUSH BC             PC:1162 AF:720a BC:48b7 DE:086f HL:09e7 SP:f793 IX:0000 IY:0000 Flags:00001010 [c5 d5 0e]
==> 1162:  PUSH DE             PC:1163 AF:720a BC:48b7 DE:086f HL:09e7 SP:f791 IX:0000 IY:0000 Flags:00001010 [d5 0e 02]
==> 1163:  LD C, 02h           PC:1165 AF:720a BC:4802 DE:086f HL:09e7 SP:f791 IX:0000 IY:0000 Flags:00001010 [0e 02 4f]
==> 1165:  LD C, A             PC:1166 AF:720a BC:4872 DE:086f HL:09e7 SP:f791 IX:0000 IY:0000 Flags:00001010 [4f e5 cd]
==> 1166:  PUSH HL             PC:1167 AF:720a BC:4872 DE:086f HL:09e7 SP:f78f IX:0000 IY:0000 Flags:00001010 [e5 cd 84]
==> 1167:  CALL ff84h          PC:ff84 AF:720a BC:4872 DE:086f HL:09e7 SP:f78d IX:0000 IY:0000 Flags:00001010 [cd 84 ff]
r==> ff84:  RET                 PC:116a AF:720a BC:4872 DE:086f HL:09e7 SP:f78f IX:0000 IY:0000 Flags:00001010 [c9 c9 c9]
==> 116a:  POP HL              PC:116b AF:720a BC:4872 DE:086f HL:09e7 SP:f791 IX:0000 IY:0000 Flags:00001010 [e1 d1 c1]
==> 116b:  POP DE              PC:116c AF:720a BC:4872 DE:086f HL:09e7 SP:f793 IX:0000 IY:0000 Flags:00001010 [d1 c1 f1]
==> 116c:  POP BC              PC:116d AF:720a BC:48b7 DE:086f HL:09e7 SP:f795 IX:0000 IY:0000 Flags:00001010 [c1 f1 c9]
==> 116d:  POP AF              PC:116e AF:720a BC:48b7 DE:086f HL:09e7 SP:f797 IX:0000 IY:0000 Flags:00001010 [f1 c9 e5]
==> 116e:  RET                 PC:228c AF:720a BC:48b7 DE:086f HL:09e7 SP:f799 IX:0000 IY:0000 Flags:00001010 [c9 e5 2a]
==> 228c:  CP A, 0dh           PC:228e AF:721a BC:48b7 DE:086f HL:09e7 SP:f799 IX:0000 IY:0000 Flags:00011010 [fe 0d cc]
==> 228e:  CALL Z, 17f2h       PC:2291 AF:721a BC:48b7 DE:086f HL:09e7 SP:f799 IX:0000 IY:0000 Flags:00011010 [cc f2 17]
==> 2291:  INC BC              PC:2292 AF:721a BC:48b8 DE:086f HL:09e7 SP:f799 IX:0000 IY:0000 Flags:00011010 [03 c3 86]
==> 2292:  JP 2286h            PC:2286 AF:721a BC:48b8 DE:086f HL:09e7 SP:f799 IX:0000 IY:0000 Flags:00011010 [c3 86 22]
==> 2286:  DEC D               PC:2287 AF:7202 BC:48b8 DE:076f HL:09e7 SP:f799 IX:0000 IY:0000 Flags:00000010 [15 c8 0a]
==> 2287:  RET Z               PC:2288 AF:7202 BC:48b8 DE:076f HL:09e7 SP:f799 IX:0000 IY:0000 Flags:00000010 [c8 0a cd]
==> 2288:  LD A, (BC)          PC:2289 AF:6f02 BC:48b8 DE:076f HL:09e7 SP:f799 IX:0000 IY:0000 Flags:00000010 [0a cd c5]
==> 2289:  CALL 10c5h          PC:10c5 AF:6f02 BC:48b8 DE:076f HL:09e7 SP:f797 IX:0000 IY:0000 Flags:00000010 [cd c5 10]
==> 10c5:  PUSH AF             PC:10c6 AF:6f02 BC:48b8 DE:076f HL:09e7 SP:f795 IX:0000 IY:0000 Flags:00000010 [f5 e5 2a]
==> 10c6:  PUSH HL             PC:10c7 AF:6f02 BC:48b8 DE:076f HL:09e7 SP:f793 IX:0000 IY:0000 Flags:00000010 [e5 2a 35]
==> 10c7:  LD HL, (0735h)      PC:10ca AF:6f02 BC:48b8 DE:076f HL:0000 SP:f793 IX:0000 IY:0000 Flags:00000010 [2a 35 07]
==> 10ca:  LD A, H             PC:10cb AF:0002 BC:48b8 DE:076f HL:0000 SP:f793 IX:0000 IY:0000 Flags:00000010 [7c b5 c2]
==> 10cb:  OR A, L             PC:10cc AF:0044 BC:48b8 DE:076f HL:0000 SP:f793 IX:0000 IY:0000 Flags:01000100 [b5 c2 14]
==> 10cc:  JP NZ, 2e14h        PC:10cf AF:0044 BC:48b8 DE:076f HL:0000 SP:f793 IX:0000 IY:0000 Flags:01000100 [c2 14 2e]
==> 10cf:  POP HL              PC:10d0 AF:0044 BC:48b8 DE:076f HL:09e7 SP:f795 IX:0000 IY:0000 Flags:01000100 [e1 3a 26]
==> 10d0:  LD A, (0726h)       PC:10d3 AF:0044 BC:48b8 DE:076f HL:09e7 SP:f795 IX:0000 IY:0000 Flags:01000100 [3a 26 07]
==> 10d3:  OR A, A             PC:10d4 AF:0044 BC:48b8 DE:076f HL:09e7 SP:f795 IX:0000 IY:0000 Flags:01000100 [b7 ca 29]
==> 10d4:  JP Z, 1129h         PC:1129 AF:0044 BC:48b8 DE:076f HL:09e7 SP:f795 IX:0000 IY:0000 Flags:01000100 [ca 29 11]
==> 1129:  LD A, (072ah)       PC:112c AF:0044 BC:48b8 DE:076f HL:09e7 SP:f795 IX:0000 IY:0000 Flags:01000100 [3a 2a 07]
==> 112c:  OR A, A             PC:112d AF:0044 BC:48b8 DE:076f HL:09e7 SP:f795 IX:0000 IY:0000 Flags:01000100 [b7 c2 b1]
==> 112d:  JP NZ, 22b1h        PC:1130 AF:0044 BC:48b8 DE:076f HL:09e7 SP:f795 IX:0000 IY:0000 Flags:01000100 [c2 b1 22]
==> 1130:  POP AF              PC:1131 AF:6f02 BC:48b8 DE:076f HL:09e7 SP:f797 IX:0000 IY:0000 Flags:00000010 [f1 c5 f5]
==> 1131:  PUSH BC             PC:1132 AF:6f02 BC:48b8 DE:076f HL:09e7 SP:f795 IX:0000 IY:0000 Flags:00000010 [c5 f5 fe]
==> 1132:  PUSH AF             PC:1133 AF:6f02 BC:48b8 DE:076f HL:09e7 SP:f793 IX:0000 IY:0000 Flags:00000010 [f5 fe 09]
==> 1133:  CP A, 09h           PC:1135 AF:6f0a BC:48b8 DE:076f HL:09e7 SP:f793 IX:0000 IY:0000 Flags:00001010 [fe 09 c2]
==> 1135:  JP NZ, 1148h        PC:1148 AF:6f0a BC:48b8 DE:076f HL:09e7 SP:f793 IX:0000 IY:0000 Flags:00001010 [c2 48 11]
==> 1148:  CP A, 20h           PC:114a AF:6f22 BC:48b8 DE:076f HL:09e7 SP:f793 IX:0000 IY:0000 Flags:00100010 [fe 20 da]
==> 114a:  JP C, 115ch         PC:114d AF:6f22 BC:48b8 DE:076f HL:09e7 SP:f793 IX:0000 IY:0000 Flags:00100010 [da 5c 11]
==> 114d:  LD A, (0727h)       PC:1150 AF:4822 BC:48b8 DE:076f HL:09e7 SP:f793 IX:0000 IY:0000 Flags:00100010 [3a 27 07]
==> 1150:  LD B, A             PC:1151 AF:4822 BC:48b8 DE:076f HL:09e7 SP:f793 IX:0000 IY:0000 Flags:00100010 [47 3a cf]
==> 1151:  LD A, (09cfh)       PC:1154 AF:1a22 BC:48b8 DE:076f HL:09e7 SP:f793 IX:0000 IY:0000 Flags:00100010 [3a cf 09]
==> 1154:  CP A, B             PC:1155 AF:1a8b BC:48b8 DE:076f HL:09e7 SP:f793 IX:0000 IY:0000 Flags:10001011 [b8 cc e8]
==> 1155:  CALL Z, 17e8h       PC:1158 AF:1a8b BC:48b8 DE:076f HL:09e7 SP:f793 IX:0000 IY:0000 Flags:10001011 [cc e8 17]
==> 1158:  INC A               PC:1159 AF:1b09 BC:48b8 DE:076f HL:09e7 SP:f793 IX:0000 IY:0000 Flags:00001001 [3c 32 cf]
==> 1159:  LD (09cfh), A       PC:115c AF:1b09 BC:48b8 DE:076f HL:09e7 SP:f793 IX:0000 IY:0000 Flags:00001001 [32 cf 09]
==> 115c:  POP AF              PC:115d AF:6f02 BC:48b8 DE:076f HL:09e7 SP:f795 IX:0000 IY:0000 Flags:00000010 [f1 c1 f5]
==> 115d:  POP BC              PC:115e AF:6f02 BC:48b8 DE:076f HL:09e7 SP:f797 IX:0000 IY:0000 Flags:00000010 [c1 f5 f1]
==> 115e:  PUSH AF             PC:115f AF:6f02 BC:48b8 DE:076f HL:09e7 SP:f795 IX:0000 IY:0000 Flags:00000010 [f5 f1 f5]
==> 115f:  POP AF              PC:1160 AF:6f02 BC:48b8 DE:076f HL:09e7 SP:f797 IX:0000 IY:0000 Flags:00000010 [f1 f5 c5]
==> 1160:  PUSH AF             PC:1161 AF:6f02 BC:48b8 DE:076f HL:09e7 SP:f795 IX:0000 IY:0000 Flags:00000010 [f5 c5 d5]
==> 1161:  PUSH BC             PC:1162 AF:6f02 BC:48b8 DE:076f HL:09e7 SP:f793 IX:0000 IY:0000 Flags:00000010 [c5 d5 0e]
==> 1162:  PUSH DE             PC:1163 AF:6f02 BC:48b8 DE:076f HL:09e7 SP:f791 IX:0000 IY:0000 Flags:00000010 [d5 0e 02]
==> 1163:  LD C, 02h           PC:1165 AF:6f02 BC:4802 DE:076f HL:09e7 SP:f791 IX:0000 IY:0000 Flags:00000010 [0e 02 4f]
==> 1165:  LD C, A             PC:1166 AF:6f02 BC:486f DE:076f HL:09e7 SP:f791 IX:0000 IY:0000 Flags:00000010 [4f e5 cd]
==> 1166:  PUSH HL             PC:1167 AF:6f02 BC:486f DE:076f HL:09e7 SP:f78f IX:0000 IY:0000 Flags:00000010 [e5 cd 84]
==> 1167:  CALL ff84h          PC:ff84 AF:6f02 BC:486f DE:076f HL:09e7 SP:f78d IX:0000 IY:0000 Flags:00000010 [cd 84 ff]
o==> ff84:  RET                 PC:116a AF:6f02 BC:486f DE:076f HL:09e7 SP:f78f IX:0000 IY:0000 Flags:00000010 [c9 c9 c9]
==> 116a:  POP HL              PC:116b AF:6f02 BC:486f DE:076f HL:09e7 SP:f791 IX:0000 IY:0000 Flags:00000010 [e1 d1 c1]
==> 116b:  POP DE              PC:116c AF:6f02 BC:486f DE:076f HL:09e7 SP:f793 IX:0000 IY:0000 Flags:00000010 [d1 c1 f1]
==> 116c:  POP BC              PC:116d AF:6f02 BC:48b8 DE:076f HL:09e7 SP:f795 IX:0000 IY:0000 Flags:00000010 [c1 f1 c9]
==> 116d:  POP AF              PC:116e AF:6f02 BC:48b8 DE:076f HL:09e7 SP:f797 IX:0000 IY:0000 Flags:00000010 [f1 c9 e5]
==> 116e:  RET                 PC:228c AF:6f02 BC:48b8 DE:076f HL:09e7 SP:f799 IX:0000 IY:0000 Flags:00000010 [c9 e5 2a]
==> 228c:  CP A, 0dh           PC:228e AF:6f0a BC:48b8 DE:076f HL:09e7 SP:f799 IX:0000 IY:0000 Flags:00001010 [fe 0d cc]
==> 228e:  CALL Z, 17f2h       PC:2291 AF:6f0a BC:48b8 DE:076f HL:09e7 SP:f799 IX:0000 IY:0000 Flags:00001010 [cc f2 17]
==> 2291:  INC BC              PC:2292 AF:6f0a BC:48b9 DE:076f HL:09e7 SP:f799 IX:0000 IY:0000 Flags:00001010 [03 c3 86]
==> 2292:  JP 2286h            PC:2286 AF:6f0a BC:48b9 DE:076f HL:09e7 SP:f799 IX:0000 IY:0000 Flags:00001010 [c3 86 22]
==> 2286:  DEC D               PC:2287 AF:6f02 BC:48b9 DE:066f HL:09e7 SP:f799 IX:0000 IY:0000 Flags:00000010 [15 c8 0a]
==> 2287:  RET Z               PC:2288 AF:6f02 BC:48b9 DE:066f HL:09e7 SP:f799 IX:0000 IY:0000 Flags:00000010 [c8 0a cd]
==> 2288:  LD A, (BC)          PC:2289 AF:7302 BC:48b9 DE:066f HL:09e7 SP:f799 IX:0000 IY:0000 Flags:00000010 [0a cd c5]
==> 2289:  CALL 10c5h          PC:10c5 AF:7302 BC:48b9 DE:066f HL:09e7 SP:f797 IX:0000 IY:0000 Flags:00000010 [cd c5 10]
==> 10c5:  PUSH AF             PC:10c6 AF:7302 BC:48b9 DE:066f HL:09e7 SP:f795 IX:0000 IY:0000 Flags:00000010 [f5 e5 2a]
==> 10c6:  PUSH HL             PC:10c7 AF:7302 BC:48b9 DE:066f HL:09e7 SP:f793 IX:0000 IY:0000 Flags:00000010 [e5 2a 35]
==> 10c7:  LD HL, (0735h)      PC:10ca AF:7302 BC:48b9 DE:066f HL:0000 SP:f793 IX:0000 IY:0000 Flags:00000010 [2a 35 07]
==> 10ca:  LD A, H             PC:10cb AF:0002 BC:48b9 DE:066f HL:0000 SP:f793 IX:0000 IY:0000 Flags:00000010 [7c b5 c2]
==> 10cb:  OR A, L             PC:10cc AF:0044 BC:48b9 DE:066f HL:0000 SP:f793 IX:0000 IY:0000 Flags:01000100 [b5 c2 14]
==> 10cc:  JP NZ, 2e14h        PC:10cf AF:0044 BC:48b9 DE:066f HL:0000 SP:f793 IX:0000 IY:0000 Flags:01000100 [c2 14 2e]
==> 10cf:  POP HL              PC:10d0 AF:0044 BC:48b9 DE:066f HL:09e7 SP:f795 IX:0000 IY:0000 Flags:01000100 [e1 3a 26]
==> 10d0:  LD A, (0726h)       PC:10d3 AF:0044 BC:48b9 DE:066f HL:09e7 SP:f795 IX:0000 IY:0000 Flags:01000100 [3a 26 07]
==> 10d3:  OR A, A             PC:10d4 AF:0044 BC:48b9 DE:066f HL:09e7 SP:f795 IX:0000 IY:0000 Flags:01000100 [b7 ca 29]
==> 10d4:  JP Z, 1129h         PC:1129 AF:0044 BC:48b9 DE:066f HL:09e7 SP:f795 IX:0000 IY:0000 Flags:01000100 [ca 29 11]
==> 1129:  LD A, (072ah)       PC:112c AF:0044 BC:48b9 DE:066f HL:09e7 SP:f795 IX:0000 IY:0000 Flags:01000100 [3a 2a 07]
==> 112c:  OR A, A             PC:112d AF:0044 BC:48b9 DE:066f HL:09e7 SP:f795 IX:0000 IY:0000 Flags:01000100 [b7 c2 b1]
==> 112d:  JP NZ, 22b1h        PC:1130 AF:0044 BC:48b9 DE:066f HL:09e7 SP:f795 IX:0000 IY:0000 Flags:01000100 [c2 b1 22]
==> 1130:  POP AF              PC:1131 AF:7302 BC:48b9 DE:066f HL:09e7 SP:f797 IX:0000 IY:0000 Flags:00000010 [f1 c5 f5]
==> 1131:  PUSH BC             PC:1132 AF:7302 BC:48b9 DE:066f HL:09e7 SP:f795 IX:0000 IY:0000 Flags:00000010 [c5 f5 fe]
==> 1132:  PUSH AF             PC:1133 AF:7302 BC:48b9 DE:066f HL:09e7 SP:f793 IX:0000 IY:0000 Flags:00000010 [f5 fe 09]
==> 1133:  CP A, 09h           PC:1135 AF:731a BC:48b9 DE:066f HL:09e7 SP:f793 IX:0000 IY:0000 Flags:00011010 [fe 09 c2]
==> 1135:  JP NZ, 1148h        PC:1148 AF:731a BC:48b9 DE:066f HL:09e7 SP:f793 IX:0000 IY:0000 Flags:00011010 [c2 48 11]
==> 1148:  CP A, 20h           PC:114a AF:7322 BC:48b9 DE:066f HL:09e7 SP:f793 IX:0000 IY:0000 Flags:00100010 [fe 20 da]
==> 114a:  JP C, 115ch         PC:114d AF:7322 BC:48b9 DE:066f HL:09e7 SP:f793 IX:0000 IY:0000 Flags:00100010 [da 5c 11]
==> 114d:  LD A, (0727h)       PC:1150 AF:4822 BC:48b9 DE:066f HL:09e7 SP:f793 IX:0000 IY:0000 Flags:00100010 [3a 27 07]
==> 1150:  LD B, A             PC:1151 AF:4822 BC:48b9 DE:066f HL:09e7 SP:f793 IX:0000 IY:0000 Flags:00100010 [47 3a cf]
==> 1151:  LD A, (09cfh)       PC:1154 AF:1b22 BC:48b9 DE:066f HL:09e7 SP:f793 IX:0000 IY:0000 Flags:00100010 [3a cf 09]
==> 1154:  CP A, B             PC:1155 AF:1b8b BC:48b9 DE:066f HL:09e7 SP:f793 IX:0000 IY:0000 Flags:10001011 [b8 cc e8]
==> 1155:  CALL Z, 17e8h       PC:1158 AF:1b8b BC:48b9 DE:066f HL:09e7 SP:f793 IX:0000 IY:0000 Flags:10001011 [cc e8 17]
==> 1158:  INC A               PC:1159 AF:1c09 BC:48b9 DE:066f HL:09e7 SP:f793 IX:0000 IY:0000 Flags:00001001 [3c 32 cf]
==> 1159:  LD (09cfh), A       PC:115c AF:1c09 BC:48b9 DE:066f HL:09e7 SP:f793 IX:0000 IY:0000 Flags:00001001 [32 cf 09]
==> 115c:  POP AF              PC:115d AF:7302 BC:48b9 DE:066f HL:09e7 SP:f795 IX:0000 IY:0000 Flags:00000010 [f1 c1 f5]
==> 115d:  POP BC              PC:115e AF:7302 BC:48b9 DE:066f HL:09e7 SP:f797 IX:0000 IY:0000 Flags:00000010 [c1 f5 f1]
==> 115e:  PUSH AF             PC:115f AF:7302 BC:48b9 DE:066f HL:09e7 SP:f795 IX:0000 IY:0000 Flags:00000010 [f5 f1 f5]
==> 115f:  POP AF              PC:1160 AF:7302 BC:48b9 DE:066f HL:09e7 SP:f797 IX:0000 IY:0000 Flags:00000010 [f1 f5 c5]
==> 1160:  PUSH AF             PC:1161 AF:7302 BC:48b9 DE:066f HL:09e7 SP:f795 IX:0000 IY:0000 Flags:00000010 [f5 c5 d5]
==> 1161:  PUSH BC             PC:1162 AF:7302 BC:48b9 DE:066f HL:09e7 SP:f793 IX:0000 IY:0000 Flags:00000010 [c5 d5 0e]
==> 1162:  PUSH DE             PC:1163 AF:7302 BC:48b9 DE:066f HL:09e7 SP:f791 IX:0000 IY:0000 Flags:00000010 [d5 0e 02]
==> 1163:  LD C, 02h           PC:1165 AF:7302 BC:4802 DE:066f HL:09e7 SP:f791 IX:0000 IY:0000 Flags:00000010 [0e 02 4f]
==> 1165:  LD C, A             PC:1166 AF:7302 BC:4873 DE:066f HL:09e7 SP:f791 IX:0000 IY:0000 Flags:00000010 [4f e5 cd]
==> 1166:  PUSH HL             PC:1167 AF:7302 BC:4873 DE:066f HL:09e7 SP:f78f IX:0000 IY:0000 Flags:00000010 [e5 cd 84]
==> 1167:  CALL ff84h          PC:ff84 AF:7302 BC:4873 DE:066f HL:09e7 SP:f78d IX:0000 IY:0000 Flags:00000010 [cd 84 ff]
s==> ff84:  RET                 PC:116a AF:7302 BC:4873 DE:066f HL:09e7 SP:f78f IX:0000 IY:0000 Flags:00000010 [c9 c9 c9]
==> 116a:  POP HL              PC:116b AF:7302 BC:4873 DE:066f HL:09e7 SP:f791 IX:0000 IY:0000 Flags:00000010 [e1 d1 c1]
==> 116b:  POP DE              PC:116c AF:7302 BC:4873 DE:066f HL:09e7 SP:f793 IX:0000 IY:0000 Flags:00000010 [d1 c1 f1]
==> 116c:  POP BC              PC:116d AF:7302 BC:48b9 DE:066f HL:09e7 SP:f795 IX:0000 IY:0000 Flags:00000010 [c1 f1 c9]
==> 116d:  POP AF              PC:116e AF:7302 BC:48b9 DE:066f HL:09e7 SP:f797 IX:0000 IY:0000 Flags:00000010 [f1 c9 e5]
==> 116e:  RET                 PC:228c AF:7302 BC:48b9 DE:066f HL:09e7 SP:f799 IX:0000 IY:0000 Flags:00000010 [c9 e5 2a]
==> 228c:  CP A, 0dh           PC:228e AF:731a BC:48b9 DE:066f HL:09e7 SP:f799 IX:0000 IY:0000 Flags:00011010 [fe 0d cc]
==> 228e:  CALL Z, 17f2h       PC:2291 AF:731a BC:48b9 DE:066f HL:09e7 SP:f799 IX:0000 IY:0000 Flags:00011010 [cc f2 17]
==> 2291:  INC BC              PC:2292 AF:731a BC:48ba DE:066f HL:09e7 SP:f799 IX:0000 IY:0000 Flags:00011010 [03 c3 86]
==> 2292:  JP 2286h            PC:2286 AF:731a BC:48ba DE:066f HL:09e7 SP:f799 IX:0000 IY:0000 Flags:00011010 [c3 86 22]
==> 2286:  DEC D               PC:2287 AF:7302 BC:48ba DE:056f HL:09e7 SP:f799 IX:0000 IY:0000 Flags:00000010 [15 c8 0a]
==> 2287:  RET Z               PC:2288 AF:7302 BC:48ba DE:056f HL:09e7 SP:f799 IX:0000 IY:0000 Flags:00000010 [c8 0a cd]
==> 2288:  LD A, (BC)          PC:2289 AF:6f02 BC:48ba DE:056f HL:09e7 SP:f799 IX:0000 IY:0000 Flags:00000010 [0a cd c5]
==> 2289:  CALL 10c5h          PC:10c5 AF:6f02 BC:48ba DE:056f HL:09e7 SP:f797 IX:0000 IY:0000 Flags:00000010 [cd c5 10]
==> 10c5:  PUSH AF             PC:10c6 AF:6f02 BC:48ba DE:056f HL:09e7 SP:f795 IX:0000 IY:0000 Flags:00000010 [f5 e5 2a]
==> 10c6:  PUSH HL             PC:10c7 AF:6f02 BC:48ba DE:056f HL:09e7 SP:f793 IX:0000 IY:0000 Flags:00000010 [e5 2a 35]
==> 10c7:  LD HL, (0735h)      PC:10ca AF:6f02 BC:48ba DE:056f HL:0000 SP:f793 IX:0000 IY:0000 Flags:00000010 [2a 35 07]
==> 10ca:  LD A, H             PC:10cb AF:0002 BC:48ba DE:056f HL:0000 SP:f793 IX:0000 IY:0000 Flags:00000010 [7c b5 c2]
==> 10cb:  OR A, L             PC:10cc AF:0044 BC:48ba DE:056f HL:0000 SP:f793 IX:0000 IY:0000 Flags:01000100 [b5 c2 14]
==> 10cc:  JP NZ, 2e14h        PC:10cf AF:0044 BC:48ba DE:056f HL:0000 SP:f793 IX:0000 IY:0000 Flags:01000100 [c2 14 2e]
==> 10cf:  POP HL              PC:10d0 AF:0044 BC:48ba DE:056f HL:09e7 SP:f795 IX:0000 IY:0000 Flags:01000100 [e1 3a 26]
==> 10d0:  LD A, (0726h)       PC:10d3 AF:0044 BC:48ba DE:056f HL:09e7 SP:f795 IX:0000 IY:0000 Flags:01000100 [3a 26 07]
==> 10d3:  OR A, A             PC:10d4 AF:0044 BC:48ba DE:056f HL:09e7 SP:f795 IX:0000 IY:0000 Flags:01000100 [b7 ca 29]
==> 10d4:  JP Z, 1129h         PC:1129 AF:0044 BC:48ba DE:056f HL:09e7 SP:f795 IX:0000 IY:0000 Flags:01000100 [ca 29 11]
==> 1129:  LD A, (072ah)       PC:112c AF:0044 BC:48ba DE:056f HL:09e7 SP:f795 IX:0000 IY:0000 Flags:01000100 [3a 2a 07]
==> 112c:  OR A, A             PC:112d AF:0044 BC:48ba DE:056f HL:09e7 SP:f795 IX:0000 IY:0000 Flags:01000100 [b7 c2 b1]
==> 112d:  JP NZ, 22b1h        PC:1130 AF:0044 BC:48ba DE:056f HL:09e7 SP:f795 IX:0000 IY:0000 Flags:01000100 [c2 b1 22]
==> 1130:  POP AF              PC:1131 AF:6f02 BC:48ba DE:056f HL:09e7 SP:f797 IX:0000 IY:0000 Flags:00000010 [f1 c5 f5]
==> 1131:  PUSH BC             PC:1132 AF:6f02 BC:48ba DE:056f HL:09e7 SP:f795 IX:0000 IY:0000 Flags:00000010 [c5 f5 fe]
==> 1132:  PUSH AF             PC:1133 AF:6f02 BC:48ba DE:056f HL:09e7 SP:f793 IX:0000 IY:0000 Flags:00000010 [f5 fe 09]
==> 1133:  CP A, 09h           PC:1135 AF:6f0a BC:48ba DE:056f HL:09e7 SP:f793 IX:0000 IY:0000 Flags:00001010 [fe 09 c2]
==> 1135:  JP NZ, 1148h        PC:1148 AF:6f0a BC:48ba DE:056f HL:09e7 SP:f793 IX:0000 IY:0000 Flags:00001010 [c2 48 11]
==> 1148:  CP A, 20h           PC:114a AF:6f22 BC:48ba DE:056f HL:09e7 SP:f793 IX:0000 IY:0000 Flags:00100010 [fe 20 da]
==> 114a:  JP C, 115ch         PC:114d AF:6f22 BC:48ba DE:056f HL:09e7 SP:f793 IX:0000 IY:0000 Flags:00100010 [da 5c 11]
==> 114d:  LD A, (0727h)       PC:1150 AF:4822 BC:48ba DE:056f HL:09e7 SP:f793 IX:0000 IY:0000 Flags:00100010 [3a 27 07]
==> 1150:  LD B, A             PC:1151 AF:4822 BC:48ba DE:056f HL:09e7 SP:f793 IX:0000 IY:0000 Flags:00100010 [47 3a cf]
==> 1151:  LD A, (09cfh)       PC:1154 AF:1c22 BC:48ba DE:056f HL:09e7 SP:f793 IX:0000 IY:0000 Flags:00100010 [3a cf 09]
==> 1154:  CP A, B             PC:1155 AF:1c8b BC:48ba DE:056f HL:09e7 SP:f793 IX:0000 IY:0000 Flags:10001011 [b8 cc e8]
==> 1155:  CALL Z, 17e8h       PC:1158 AF:1c8b BC:48ba DE:056f HL:09e7 SP:f793 IX:0000 IY:0000 Flags:10001011 [cc e8 17]
==> 1158:  INC A               PC:1159 AF:1d09 BC:48ba DE:056f HL:09e7 SP:f793 IX:0000 IY:0000 Flags:00001001 [3c 32 cf]
==> 1159:  LD (09cfh), A       PC:115c AF:1d09 BC:48ba DE:056f HL:09e7 SP:f793 IX:0000 IY:0000 Flags:00001001 [32 cf 09]
==> 115c:  POP AF              PC:115d AF:6f02 BC:48ba DE:056f HL:09e7 SP:f795 IX:0000 IY:0000 Flags:00000010 [f1 c1 f5]
==> 115d:  POP BC              PC:115e AF:6f02 BC:48ba DE:056f HL:09e7 SP:f797 IX:0000 IY:0000 Flags:00000010 [c1 f5 f1]
==> 115e:  PUSH AF             PC:115f AF:6f02 BC:48ba DE:056f HL:09e7 SP:f795 IX:0000 IY:0000 Flags:00000010 [f5 f1 f5]
==> 115f:  POP AF              PC:1160 AF:6f02 BC:48ba DE:056f HL:09e7 SP:f797 IX:0000 IY:0000 Flags:00000010 [f1 f5 c5]
==> 1160:  PUSH AF             PC:1161 AF:6f02 BC:48ba DE:056f HL:09e7 SP:f795 IX:0000 IY:0000 Flags:00000010 [f5 c5 d5]
==> 1161:  PUSH BC             PC:1162 AF:6f02 BC:48ba DE:056f HL:09e7 SP:f793 IX:0000 IY:0000 Flags:00000010 [c5 d5 0e]
==> 1162:  PUSH DE             PC:1163 AF:6f02 BC:48ba DE:056f HL:09e7 SP:f791 IX:0000 IY:0000 Flags:00000010 [d5 0e 02]
==> 1163:  LD C, 02h           PC:1165 AF:6f02 BC:4802 DE:056f HL:09e7 SP:f791 IX:0000 IY:0000 Flags:00000010 [0e 02 4f]
==> 1165:  LD C, A             PC:1166 AF:6f02 BC:486f DE:056f HL:09e7 SP:f791 IX:0000 IY:0000 Flags:00000010 [4f e5 cd]
==> 1166:  PUSH HL             PC:1167 AF:6f02 BC:486f DE:056f HL:09e7 SP:f78f IX:0000 IY:0000 Flags:00000010 [e5 cd 84]
==> 1167:  CALL ff84h          PC:ff84 AF:6f02 BC:486f DE:056f HL:09e7 SP:f78d IX:0000 IY:0000 Flags:00000010 [cd 84 ff]
o==> ff84:  RET                 PC:116a AF:6f02 BC:486f DE:056f HL:09e7 SP:f78f IX:0000 IY:0000 Flags:00000010 [c9 c9 c9]
==> 116a:  POP HL              PC:116b AF:6f02 BC:486f DE:056f HL:09e7 SP:f791 IX:0000 IY:0000 Flags:00000010 [e1 d1 c1]
==> 116b:  POP DE              PC:116c AF:6f02 BC:486f DE:056f HL:09e7 SP:f793 IX:0000 IY:0000 Flags:00000010 [d1 c1 f1]
==> 116c:  POP BC              PC:116d AF:6f02 BC:48ba DE:056f HL:09e7 SP:f795 IX:0000 IY:0000 Flags:00000010 [c1 f1 c9]
==> 116d:  POP AF              PC:116e AF:6f02 BC:48ba DE:056f HL:09e7 SP:f797 IX:0000 IY:0000 Flags:00000010 [f1 c9 e5]
==> 116e:  RET                 PC:228c AF:6f02 BC:48ba DE:056f HL:09e7 SP:f799 IX:0000 IY:0000 Flags:00000010 [c9 e5 2a]
==> 228c:  CP A, 0dh           PC:228e AF:6f0a BC:48ba DE:056f HL:09e7 SP:f799 IX:0000 IY:0000 Flags:00001010 [fe 0d cc]
==> 228e:  CALL Z, 17f2h       PC:2291 AF:6f0a BC:48ba DE:056f HL:09e7 SP:f799 IX:0000 IY:0000 Flags:00001010 [cc f2 17]
==> 2291:  INC BC              PC:2292 AF:6f0a BC:48bb DE:056f HL:09e7 SP:f799 IX:0000 IY:0000 Flags:00001010 [03 c3 86]
==> 2292:  JP 2286h            PC:2286 AF:6f0a BC:48bb DE:056f HL:09e7 SP:f799 IX:0000 IY:0000 Flags:00001010 [c3 86 22]
==> 2286:  DEC D               PC:2287 AF:6f02 BC:48bb DE:046f HL:09e7 SP:f799 IX:0000 IY:0000 Flags:00000010 [15 c8 0a]
==> 2287:  RET Z               PC:2288 AF:6f02 BC:48bb DE:046f HL:09e7 SP:f799 IX:0000 IY:0000 Flags:00000010 [c8 0a cd]
==> 2288:  LD A, (BC)          PC:2289 AF:6602 BC:48bb DE:046f HL:09e7 SP:f799 IX:0000 IY:0000 Flags:00000010 [0a cd c5]
==> 2289:  CALL 10c5h          PC:10c5 AF:6602 BC:48bb DE:046f HL:09e7 SP:f797 IX:0000 IY:0000 Flags:00000010 [cd c5 10]
==> 10c5:  PUSH AF             PC:10c6 AF:6602 BC:48bb DE:046f HL:09e7 SP:f795 IX:0000 IY:0000 Flags:00000010 [f5 e5 2a]
==> 10c6:  PUSH HL             PC:10c7 AF:6602 BC:48bb DE:046f HL:09e7 SP:f793 IX:0000 IY:0000 Flags:00000010 [e5 2a 35]
==> 10c7:  LD HL, (0735h)      PC:10ca AF:6602 BC:48bb DE:046f HL:0000 SP:f793 IX:0000 IY:0000 Flags:00000010 [2a 35 07]
==> 10ca:  LD A, H             PC:10cb AF:0002 BC:48bb DE:046f HL:0000 SP:f793 IX:0000 IY:0000 Flags:00000010 [7c b5 c2]
==> 10cb:  OR A, L             PC:10cc AF:0044 BC:48bb DE:046f HL:0000 SP:f793 IX:0000 IY:0000 Flags:01000100 [b5 c2 14]
==> 10cc:  JP NZ, 2e14h        PC:10cf AF:0044 BC:48bb DE:046f HL:0000 SP:f793 IX:0000 IY:0000 Flags:01000100 [c2 14 2e]
==> 10cf:  POP HL              PC:10d0 AF:0044 BC:48bb DE:046f HL:09e7 SP:f795 IX:0000 IY:0000 Flags:01000100 [e1 3a 26]
==> 10d0:  LD A, (0726h)       PC:10d3 AF:0044 BC:48bb DE:046f HL:09e7 SP:f795 IX:0000 IY:0000 Flags:01000100 [3a 26 07]
==> 10d3:  OR A, A             PC:10d4 AF:0044 BC:48bb DE:046f HL:09e7 SP:f795 IX:0000 IY:0000 Flags:01000100 [b7 ca 29]
==> 10d4:  JP Z, 1129h         PC:1129 AF:0044 BC:48bb DE:046f HL:09e7 SP:f795 IX:0000 IY:0000 Flags:01000100 [ca 29 11]
==> 1129:  LD A, (072ah)       PC:112c AF:0044 BC:48bb DE:046f HL:09e7 SP:f795 IX:0000 IY:0000 Flags:01000100 [3a 2a 07]
==> 112c:  OR A, A             PC:112d AF:0044 BC:48bb DE:046f HL:09e7 SP:f795 IX:0000 IY:0000 Flags:01000100 [b7 c2 b1]
==> 112d:  JP NZ, 22b1h        PC:1130 AF:0044 BC:48bb DE:046f HL:09e7 SP:f795 IX:0000 IY:0000 Flags:01000100 [c2 b1 22]
==> 1130:  POP AF              PC:1131 AF:6602 BC:48bb DE:046f HL:09e7 SP:f797 IX:0000 IY:0000 Flags:00000010 [f1 c5 f5]
==> 1131:  PUSH BC             PC:1132 AF:6602 BC:48bb DE:046f HL:09e7 SP:f795 IX:0000 IY:0000 Flags:00000010 [c5 f5 fe]
==> 1132:  PUSH AF             PC:1133 AF:6602 BC:48bb DE:046f HL:09e7 SP:f793 IX:0000 IY:0000 Flags:00000010 [f5 fe 09]
==> 1133:  CP A, 09h           PC:1135 AF:661a BC:48bb DE:046f HL:09e7 SP:f793 IX:0000 IY:0000 Flags:00011010 [fe 09 c2]
==> 1135:  JP NZ, 1148h        PC:1148 AF:661a BC:48bb DE:046f HL:09e7 SP:f793 IX:0000 IY:0000 Flags:00011010 [c2 48 11]
==> 1148:  CP A, 20h           PC:114a AF:6622 BC:48bb DE:046f HL:09e7 SP:f793 IX:0000 IY:0000 Flags:00100010 [fe 20 da]
==> 114a:  JP C, 115ch         PC:114d AF:6622 BC:48bb DE:046f HL:09e7 SP:f793 IX:0000 IY:0000 Flags:00100010 [da 5c 11]
==> 114d:  LD A, (0727h)       PC:1150 AF:4822 BC:48bb DE:046f HL:09e7 SP:f793 IX:0000 IY:0000 Flags:00100010 [3a 27 07]
==> 1150:  LD B, A             PC:1151 AF:4822 BC:48bb DE:046f HL:09e7 SP:f793 IX:0000 IY:0000 Flags:00100010 [47 3a cf]
==> 1151:  LD A, (09cfh)       PC:1154 AF:1d22 BC:48bb DE:046f HL:09e7 SP:f793 IX:0000 IY:0000 Flags:00100010 [3a cf 09]
==> 1154:  CP A, B             PC:1155 AF:1d8b BC:48bb DE:046f HL:09e7 SP:f793 IX:0000 IY:0000 Flags:10001011 [b8 cc e8]
==> 1155:  CALL Z, 17e8h       PC:1158 AF:1d8b BC:48bb DE:046f HL:09e7 SP:f793 IX:0000 IY:0000 Flags:10001011 [cc e8 17]
==> 1158:  INC A               PC:1159 AF:1e09 BC:48bb DE:046f HL:09e7 SP:f793 IX:0000 IY:0000 Flags:00001001 [3c 32 cf]
==> 1159:  LD (09cfh), A       PC:115c AF:1e09 BC:48bb DE:046f HL:09e7 SP:f793 IX:0000 IY:0000 Flags:00001001 [32 cf 09]
==> 115c:  POP AF              PC:115d AF:6602 BC:48bb DE:046f HL:09e7 SP:f795 IX:0000 IY:0000 Flags:00000010 [f1 c1 f5]
==> 115d:  POP BC              PC:115e AF:6602 BC:48bb DE:046f HL:09e7 SP:f797 IX:0000 IY:0000 Flags:00000010 [c1 f5 f1]
==> 115e:  PUSH AF             PC:115f AF:6602 BC:48bb DE:046f HL:09e7 SP:f795 IX:0000 IY:0000 Flags:00000010 [f5 f1 f5]
==> 115f:  POP AF              PC:1160 AF:6602 BC:48bb DE:046f HL:09e7 SP:f797 IX:0000 IY:0000 Flags:00000010 [f1 f5 c5]
==> 1160:  PUSH AF             PC:1161 AF:6602 BC:48bb DE:046f HL:09e7 SP:f795 IX:0000 IY:0000 Flags:00000010 [f5 c5 d5]
==> 1161:  PUSH BC             PC:1162 AF:6602 BC:48bb DE:046f HL:09e7 SP:f793 IX:0000 IY:0000 Flags:00000010 [c5 d5 0e]
==> 1162:  PUSH DE             PC:1163 AF:6602 BC:48bb DE:046f HL:09e7 SP:f791 IX:0000 IY:0000 Flags:00000010 [d5 0e 02]
==> 1163:  LD C, 02h           PC:1165 AF:6602 BC:4802 DE:046f HL:09e7 SP:f791 IX:0000 IY:0000 Flags:00000010 [0e 02 4f]
==> 1165:  LD C, A             PC:1166 AF:6602 BC:4866 DE:046f HL:09e7 SP:f791 IX:0000 IY:0000 Flags:00000010 [4f e5 cd]
==> 1166:  PUSH HL             PC:1167 AF:6602 BC:4866 DE:046f HL:09e7 SP:f78f IX:0000 IY:0000 Flags:00000010 [e5 cd 84]
==> 1167:  CALL ff84h          PC:ff84 AF:6602 BC:4866 DE:046f HL:09e7 SP:f78d IX:0000 IY:0000 Flags:00000010 [cd 84 ff]
f==> ff84:  RET                 PC:116a AF:6602 BC:4866 DE:046f HL:09e7 SP:f78f IX:0000 IY:0000 Flags:00000010 [c9 c9 c9]
==> 116a:  POP HL              PC:116b AF:6602 BC:4866 DE:046f HL:09e7 SP:f791 IX:0000 IY:0000 Flags:00000010 [e1 d1 c1]
==> 116b:  POP DE              PC:116c AF:6602 BC:4866 DE:046f HL:09e7 SP:f793 IX:0000 IY:0000 Flags:00000010 [d1 c1 f1]
==> 116c:  POP BC              PC:116d AF:6602 BC:48bb DE:046f HL:09e7 SP:f795 IX:0000 IY:0000 Flags:00000010 [c1 f1 c9]
==> 116d:  POP AF              PC:116e AF:6602 BC:48bb DE:046f HL:09e7 SP:f797 IX:0000 IY:0000 Flags:00000010 [f1 c9 e5]
==> 116e:  RET                 PC:228c AF:6602 BC:48bb DE:046f HL:09e7 SP:f799 IX:0000 IY:0000 Flags:00000010 [c9 e5 2a]
==> 228c:  CP A, 0dh           PC:228e AF:661a BC:48bb DE:046f HL:09e7 SP:f799 IX:0000 IY:0000 Flags:00011010 [fe 0d cc]
==> 228e:  CALL Z, 17f2h       PC:2291 AF:661a BC:48bb DE:046f HL:09e7 SP:f799 IX:0000 IY:0000 Flags:00011010 [cc f2 17]
==> 2291:  INC BC              PC:2292 AF:661a BC:48bc DE:046f HL:09e7 SP:f799 IX:0000 IY:0000 Flags:00011010 [03 c3 86]
==> 2292:  JP 2286h            PC:2286 AF:661a BC:48bc DE:046f HL:09e7 SP:f799 IX:0000 IY:0000 Flags:00011010 [c3 86 22]
==> 2286:  DEC D               PC:2287 AF:6602 BC:48bc DE:036f HL:09e7 SP:f799 IX:0000 IY:0000 Flags:00000010 [15 c8 0a]
==> 2287:  RET Z               PC:2288 AF:6602 BC:48bc DE:036f HL:09e7 SP:f799 IX:0000 IY:0000 Flags:00000010 [c8 0a cd]
==> 2288:  LD A, (BC)          PC:2289 AF:7402 BC:48bc DE:036f HL:09e7 SP:f799 IX:0000 IY:0000 Flags:00000010 [0a cd c5]
==> 2289:  CALL 10c5h          PC:10c5 AF:7402 BC:48bc DE:036f HL:09e7 SP:f797 IX:0000 IY:0000 Flags:00000010 [cd c5 10]
==> 10c5:  PUSH AF             PC:10c6 AF:7402 BC:48bc DE:036f HL:09e7 SP:f795 IX:0000 IY:0000 Flags:00000010 [f5 e5 2a]
==> 10c6:  PUSH HL             PC:10c7 AF:7402 BC:48bc DE:036f HL:09e7 SP:f793 IX:0000 IY:0000 Flags:00000010 [e5 2a 35]
==> 10c7:  LD HL, (0735h)      PC:10ca AF:7402 BC:48bc DE:036f HL:0000 SP:f793 IX:0000 IY:0000 Flags:00000010 [2a 35 07]
==> 10ca:  LD A, H             PC:10cb AF:0002 BC:48bc DE:036f HL:0000 SP:f793 IX:0000 IY:0000 Flags:00000010 [7c b5 c2]
==> 10cb:  OR A, L             PC:10cc AF:0044 BC:48bc DE:036f HL:0000 SP:f793 IX:0000 IY:0000 Flags:01000100 [b5 c2 14]
==> 10cc:  JP NZ, 2e14h        PC:10cf AF:0044 BC:48bc DE:036f HL:0000 SP:f793 IX:0000 IY:0000 Flags:01000100 [c2 14 2e]
==> 10cf:  POP HL              PC:10d0 AF:0044 BC:48bc DE:036f HL:09e7 SP:f795 IX:0000 IY:0000 Flags:01000100 [e1 3a 26]
==> 10d0:  LD A, (0726h)       PC:10d3 AF:0044 BC:48bc DE:036f HL:09e7 SP:f795 IX:0000 IY:0000 Flags:01000100 [3a 26 07]
==> 10d3:  OR A, A             PC:10d4 AF:0044 BC:48bc DE:036f HL:09e7 SP:f795 IX:0000 IY:0000 Flags:01000100 [b7 ca 29]
==> 10d4:  JP Z, 1129h         PC:1129 AF:0044 BC:48bc DE:036f HL:09e7 SP:f795 IX:0000 IY:0000 Flags:01000100 [ca 29 11]
==> 1129:  LD A, (072ah)       PC:112c AF:0044 BC:48bc DE:036f HL:09e7 SP:f795 IX:0000 IY:0000 Flags:01000100 [3a 2a 07]
==> 112c:  OR A, A             PC:112d AF:0044 BC:48bc DE:036f HL:09e7 SP:f795 IX:0000 IY:0000 Flags:01000100 [b7 c2 b1]
==> 112d:  JP NZ, 22b1h        PC:1130 AF:0044 BC:48bc DE:036f HL:09e7 SP:f795 IX:0000 IY:0000 Flags:01000100 [c2 b1 22]
==> 1130:  POP AF              PC:1131 AF:7402 BC:48bc DE:036f HL:09e7 SP:f797 IX:0000 IY:0000 Flags:00000010 [f1 c5 f5]
==> 1131:  PUSH BC             PC:1132 AF:7402 BC:48bc DE:036f HL:09e7 SP:f795 IX:0000 IY:0000 Flags:00000010 [c5 f5 fe]
==> 1132:  PUSH AF             PC:1133 AF:7402 BC:48bc DE:036f HL:09e7 SP:f793 IX:0000 IY:0000 Flags:00000010 [f5 fe 09]
==> 1133:  CP A, 09h           PC:1135 AF:741a BC:48bc DE:036f HL:09e7 SP:f793 IX:0000 IY:0000 Flags:00011010 [fe 09 c2]
==> 1135:  JP NZ, 1148h        PC:1148 AF:741a BC:48bc DE:036f HL:09e7 SP:f793 IX:0000 IY:0000 Flags:00011010 [c2 48 11]
==> 1148:  CP A, 20h           PC:114a AF:7422 BC:48bc DE:036f HL:09e7 SP:f793 IX:0000 IY:0000 Flags:00100010 [fe 20 da]
==> 114a:  JP C, 115ch         PC:114d AF:7422 BC:48bc DE:036f HL:09e7 SP:f793 IX:0000 IY:0000 Flags:00100010 [da 5c 11]
==> 114d:  LD A, (0727h)       PC:1150 AF:4822 BC:48bc DE:036f HL:09e7 SP:f793 IX:0000 IY:0000 Flags:00100010 [3a 27 07]
==> 1150:  LD B, A             PC:1151 AF:4822 BC:48bc DE:036f HL:09e7 SP:f793 IX:0000 IY:0000 Flags:00100010 [47 3a cf]
==> 1151:  LD A, (09cfh)       PC:1154 AF:1e22 BC:48bc DE:036f HL:09e7 SP:f793 IX:0000 IY:0000 Flags:00100010 [3a cf 09]
==> 1154:  CP A, B             PC:1155 AF:1e8b BC:48bc DE:036f HL:09e7 SP:f793 IX:0000 IY:0000 Flags:10001011 [b8 cc e8]
==> 1155:  CALL Z, 17e8h       PC:1158 AF:1e8b BC:48bc DE:036f HL:09e7 SP:f793 IX:0000 IY:0000 Flags:10001011 [cc e8 17]
==> 1158:  INC A               PC:1159 AF:1f09 BC:48bc DE:036f HL:09e7 SP:f793 IX:0000 IY:0000 Flags:00001001 [3c 32 cf]
==> 1159:  LD (09cfh), A       PC:115c AF:1f09 BC:48bc DE:036f HL:09e7 SP:f793 IX:0000 IY:0000 Flags:00001001 [32 cf 09]
==> 115c:  POP AF              PC:115d AF:7402 BC:48bc DE:036f HL:09e7 SP:f795 IX:0000 IY:0000 Flags:00000010 [f1 c1 f5]
==> 115d:  POP BC              PC:115e AF:7402 BC:48bc DE:036f HL:09e7 SP:f797 IX:0000 IY:0000 Flags:00000010 [c1 f5 f1]
==> 115e:  PUSH AF             PC:115f AF:7402 BC:48bc DE:036f HL:09e7 SP:f795 IX:0000 IY:0000 Flags:00000010 [f5 f1 f5]
==> 115f:  POP AF              PC:1160 AF:7402 BC:48bc DE:036f HL:09e7 SP:f797 IX:0000 IY:0000 Flags:00000010 [f1 f5 c5]
==> 1160:  PUSH AF             PC:1161 AF:7402 BC:48bc DE:036f HL:09e7 SP:f795 IX:0000 IY:0000 Flags:00000010 [f5 c5 d5]
==> 1161:  PUSH BC             PC:1162 AF:7402 BC:48bc DE:036f HL:09e7 SP:f793 IX:0000 IY:0000 Flags:00000010 [c5 d5 0e]
==> 1162:  PUSH DE             PC:1163 AF:7402 BC:48bc DE:036f HL:09e7 SP:f791 IX:0000 IY:0000 Flags:00000010 [d5 0e 02]
==> 1163:  LD C, 02h           PC:1165 AF:7402 BC:4802 DE:036f HL:09e7 SP:f791 IX:0000 IY:0000 Flags:00000010 [0e 02 4f]
==> 1165:  LD C, A             PC:1166 AF:7402 BC:4874 DE:036f HL:09e7 SP:f791 IX:0000 IY:0000 Flags:00000010 [4f e5 cd]
==> 1166:  PUSH HL             PC:1167 AF:7402 BC:4874 DE:036f HL:09e7 SP:f78f IX:0000 IY:0000 Flags:00000010 [e5 cd 84]
==> 1167:  CALL ff84h          PC:ff84 AF:7402 BC:4874 DE:036f HL:09e7 SP:f78d IX:0000 IY:0000 Flags:00000010 [cd 84 ff]
t==> ff84:  RET                 PC:116a AF:7402 BC:4874 DE:036f HL:09e7 SP:f78f IX:0000 IY:0000 Flags:00000010 [c9 c9 c9]
==> 116a:  POP HL              PC:116b AF:7402 BC:4874 DE:036f HL:09e7 SP:f791 IX:0000 IY:0000 Flags:00000010 [e1 d1 c1]
==> 116b:  POP DE              PC:116c AF:7402 BC:4874 DE:036f HL:09e7 SP:f793 IX:0000 IY:0000 Flags:00000010 [d1 c1 f1]
==> 116c:  POP BC              PC:116d AF:7402 BC:48bc DE:036f HL:09e7 SP:f795 IX:0000 IY:0000 Flags:00000010 [c1 f1 c9]
==> 116d:  POP AF              PC:116e AF:7402 BC:48bc DE:036f HL:09e7 SP:f797 IX:0000 IY:0000 Flags:00000010 [f1 c9 e5]
==> 116e:  RET                 PC:228c AF:7402 BC:48bc DE:036f HL:09e7 SP:f799 IX:0000 IY:0000 Flags:00000010 [c9 e5 2a]
==> 228c:  CP A, 0dh           PC:228e AF:741a BC:48bc DE:036f HL:09e7 SP:f799 IX:0000 IY:0000 Flags:00011010 [fe 0d cc]
==> 228e:  CALL Z, 17f2h       PC:2291 AF:741a BC:48bc DE:036f HL:09e7 SP:f799 IX:0000 IY:0000 Flags:00011010 [cc f2 17]
==> 2291:  INC BC              PC:2292 AF:741a BC:48bd DE:036f HL:09e7 SP:f799 IX:0000 IY:0000 Flags:00011010 [03 c3 86]
==> 2292:  JP 2286h            PC:2286 AF:741a BC:48bd DE:036f HL:09e7 SP:f799 IX:0000 IY:0000 Flags:00011010 [c3 86 22]
==> 2286:  DEC D               PC:2287 AF:7402 BC:48bd DE:026f HL:09e7 SP:f799 IX:0000 IY:0000 Flags:00000010 [15 c8 0a]
==> 2287:  RET Z               PC:2288 AF:7402 BC:48bd DE:026f HL:09e7 SP:f799 IX:0000 IY:0000 Flags:00000010 [c8 0a cd]
==> 2288:  LD A, (BC)          PC:2289 AF:0d02 BC:48bd DE:026f HL:09e7 SP:f799 IX:0000 IY:0000 Flags:00000010 [0a cd c5]
==> 2289:  CALL 10c5h          PC:10c5 AF:0d02 BC:48bd DE:026f HL:09e7 SP:f797 IX:0000 IY:0000 Flags:00000010 [cd c5 10]
==> 10c5:  PUSH AF             PC:10c6 AF:0d02 BC:48bd DE:026f HL:09e7 SP:f795 IX:0000 IY:0000 Flags:00000010 [f5 e5 2a]
==> 10c6:  PUSH HL             PC:10c7 AF:0d02 BC:48bd DE:026f HL:09e7 SP:f793 IX:0000 IY:0000 Flags:00000010 [e5 2a 35]
==> 10c7:  LD HL, (0735h)      PC:10ca AF:0d02 BC:48bd DE:026f HL:0000 SP:f793 IX:0000 IY:0000 Flags:00000010 [2a 35 07]
==> 10ca:  LD A, H             PC:10cb AF:0002 BC:48bd DE:026f HL:0000 SP:f793 IX:0000 IY:0000 Flags:00000010 [7c b5 c2]
==> 10cb:  OR A, L             PC:10cc AF:0044 BC:48bd DE:026f HL:0000 SP:f793 IX:0000 IY:0000 Flags:01000100 [b5 c2 14]
==> 10cc:  JP NZ, 2e14h        PC:10cf AF:0044 BC:48bd DE:026f HL:0000 SP:f793 IX:0000 IY:0000 Flags:01000100 [c2 14 2e]
==> 10cf:  POP HL              PC:10d0 AF:0044 BC:48bd DE:026f HL:09e7 SP:f795 IX:0000 IY:0000 Flags:01000100 [e1 3a 26]
==> 10d0:  LD A, (0726h)       PC:10d3 AF:0044 BC:48bd DE:026f HL:09e7 SP:f795 IX:0000 IY:0000 Flags:01000100 [3a 26 07]
==> 10d3:  OR A, A             PC:10d4 AF:0044 BC:48bd DE:026f HL:09e7 SP:f795 IX:0000 IY:0000 Flags:01000100 [b7 ca 29]
==> 10d4:  JP Z, 1129h         PC:1129 AF:0044 BC:48bd DE:026f HL:09e7 SP:f795 IX:0000 IY:0000 Flags:01000100 [ca 29 11]
==> 1129:  LD A, (072ah)       PC:112c AF:0044 BC:48bd DE:026f HL:09e7 SP:f795 IX:0000 IY:0000 Flags:01000100 [3a 2a 07]
==> 112c:  OR A, A             PC:112d AF:0044 BC:48bd DE:026f HL:09e7 SP:f795 IX:0000 IY:0000 Flags:01000100 [b7 c2 b1]
==> 112d:  JP NZ, 22b1h        PC:1130 AF:0044 BC:48bd DE:026f HL:09e7 SP:f795 IX:0000 IY:0000 Flags:01000100 [c2 b1 22]
==> 1130:  POP AF              PC:1131 AF:0d02 BC:48bd DE:026f HL:09e7 SP:f797 IX:0000 IY:0000 Flags:00000010 [f1 c5 f5]
==> 1131:  PUSH BC             PC:1132 AF:0d02 BC:48bd DE:026f HL:09e7 SP:f795 IX:0000 IY:0000 Flags:00000010 [c5 f5 fe]
==> 1132:  PUSH AF             PC:1133 AF:0d02 BC:48bd DE:026f HL:09e7 SP:f793 IX:0000 IY:0000 Flags:00000010 [f5 fe 09]
==> 1133:  CP A, 09h           PC:1135 AF:0d0a BC:48bd DE:026f HL:09e7 SP:f793 IX:0000 IY:0000 Flags:00001010 [fe 09 c2]
==> 1135:  JP NZ, 1148h        PC:1148 AF:0d0a BC:48bd DE:026f HL:09e7 SP:f793 IX:0000 IY:0000 Flags:00001010 [c2 48 11]
==> 1148:  CP A, 20h           PC:114a AF:0da3 BC:48bd DE:026f HL:09e7 SP:f793 IX:0000 IY:0000 Flags:10100011 [fe 20 da]
==> 114a:  JP C, 115ch         PC:115c AF:0da3 BC:48bd DE:026f HL:09e7 SP:f793 IX:0000 IY:0000 Flags:10100011 [da 5c 11]
==> 115c:  POP AF              PC:115d AF:0d02 BC:48bd DE:026f HL:09e7 SP:f795 IX:0000 IY:0000 Flags:00000010 [f1 c1 f5]
==> 115d:  POP BC              PC:115e AF:0d02 BC:48bd DE:026f HL:09e7 SP:f797 IX:0000 IY:0000 Flags:00000010 [c1 f5 f1]
==> 115e:  PUSH AF             PC:115f AF:0d02 BC:48bd DE:026f HL:09e7 SP:f795 IX:0000 IY:0000 Flags:00000010 [f5 f1 f5]
==> 115f:  POP AF              PC:1160 AF:0d02 BC:48bd DE:026f HL:09e7 SP:f797 IX:0000 IY:0000 Flags:00000010 [f1 f5 c5]
==> 1160:  PUSH AF             PC:1161 AF:0d02 BC:48bd DE:026f HL:09e7 SP:f795 IX:0000 IY:0000 Flags:00000010 [f5 c5 d5]
==> 1161:  PUSH BC             PC:1162 AF:0d02 BC:48bd DE:026f HL:09e7 SP:f793 IX:0000 IY:0000 Flags:00000010 [c5 d5 0e]
==> 1162:  PUSH DE             PC:1163 AF:0d02 BC:48bd DE:026f HL:09e7 SP:f791 IX:0000 IY:0000 Flags:00000010 [d5 0e 02]
==> 1163:  LD C, 02h           PC:1165 AF:0d02 BC:4802 DE:026f HL:09e7 SP:f791 IX:0000 IY:0000 Flags:00000010 [0e 02 4f]
==> 1165:  LD C, A             PC:1166 AF:0d02 BC:480d DE:026f HL:09e7 SP:f791 IX:0000 IY:0000 Flags:00000010 [4f e5 cd]
==> 1166:  PUSH HL             PC:1167 AF:0d02 BC:480d DE:026f HL:09e7 SP:f78f IX:0000 IY:0000 Flags:00000010 [e5 cd 84]
==> 1167:  CALL ff84h          PC:ff84 AF:0d02 BC:480d DE:026f HL:09e7 SP:f78d IX:0000 IY:0000 Flags:00000010 [cd 84 ff]
==> ff84:  RET                 PC:116a AF:0d02 BC:480d DE:026f HL:09e7 SP:f78f IX:0000 IY:0000 Flags:00000010 [c9 c9 c9]
==> 116a:  POP HL              PC:116b AF:0d02 BC:480d DE:026f HL:09e7 SP:f791 IX:0000 IY:0000 Flags:00000010 [e1 d1 c1]
==> 116b:  POP DE              PC:116c AF:0d02 BC:480d DE:026f HL:09e7 SP:f793 IX:0000 IY:0000 Flags:00000010 [d1 c1 f1]
==> 116c:  POP BC              PC:116d AF:0d02 BC:48bd DE:026f HL:09e7 SP:f795 IX:0000 IY:0000 Flags:00000010 [c1 f1 c9]
==> 116d:  POP AF              PC:116e AF:0d02 BC:48bd DE:026f HL:09e7 SP:f797 IX:0000 IY:0000 Flags:00000010 [f1 c9 e5]
==> 116e:  RET                 PC:228c AF:0d02 BC:48bd DE:026f HL:09e7 SP:f799 IX:0000 IY:0000 Flags:00000010 [c9 e5 2a]
==> 228c:  CP A, 0dh           PC:228e AF:0d4a BC:48bd DE:026f HL:09e7 SP:f799 IX:0000 IY:0000 Flags:01001010 [fe 0d cc]
==> 228e:  CALL Z, 17f2h       PC:17f2 AF:0d4a BC:48bd DE:026f HL:09e7 SP:f797 IX:0000 IY:0000 Flags:01001010 [cc f2 17]
==> 17f2:  PUSH HL             PC:17f3 AF:0d4a BC:48bd DE:026f HL:09e7 SP:f795 IX:0000 IY:0000 Flags:01001010 [e5 2a 35]
==> 17f3:  LD HL, (0735h)      PC:17f6 AF:0d4a BC:48bd DE:026f HL:0000 SP:f795 IX:0000 IY:0000 Flags:01001010 [2a 35 07]
==> 17f6:  LD A, H             PC:17f7 AF:004a BC:48bd DE:026f HL:0000 SP:f795 IX:0000 IY:0000 Flags:01001010 [7c b5 e1]
==> 17f7:  OR A, L             PC:17f8 AF:0044 BC:48bd DE:026f HL:0000 SP:f795 IX:0000 IY:0000 Flags:01000100 [b5 e1 ca]
==> 17f8:  POP HL              PC:17f9 AF:0044 BC:48bd DE:026f HL:09e7 SP:f797 IX:0000 IY:0000 Flags:01000100 [e1 ca fe]
==> 17f9:  JP Z, 17feh         PC:17fe AF:0044 BC:48bd DE:026f HL:09e7 SP:f797 IX:0000 IY:0000 Flags:01000100 [ca fe 17]
==> 17fe:  LD A, (0722h)       PC:1801 AF:0144 BC:48bd DE:026f HL:09e7 SP:f797 IX:0000 IY:0000 Flags:01000100 [3a 22 07]
==> 1801:  DEC A               PC:1802 AF:0042 BC:48bd DE:026f HL:09e7 SP:f797 IX:0000 IY:0000 Flags:01000010 [3d 32 cf]
==> 1802:  LD (09cfh), A       PC:1805 AF:0042 BC:48bd DE:026f HL:09e7 SP:f797 IX:0000 IY:0000 Flags:01000010 [32 cf 09]
==> 1805:  RET Z               PC:2291 AF:0042 BC:48bd DE:026f HL:09e7 SP:f799 IX:0000 IY:0000 Flags:01000010 [c8 f5 af]
==> 2291:  INC BC              PC:2292 AF:0042 BC:48be DE:026f HL:09e7 SP:f799 IX:0000 IY:0000 Flags:01000010 [03 c3 86]
==> 2292:  JP 2286h            PC:2286 AF:0042 BC:48be DE:026f HL:09e7 SP:f799 IX:0000 IY:0000 Flags:01000010 [c3 86 22]
==> 2286:  DEC D               PC:2287 AF:0002 BC:48be DE:016f HL:09e7 SP:f799 IX:0000 IY:0000 Flags:00000010 [15 c8 0a]
==> 2287:  RET Z               PC:2288 AF:0002 BC:48be DE:016f HL:09e7 SP:f799 IX:0000 IY:0000 Flags:00000010 [c8 0a cd]
==> 2288:  LD A, (BC)          PC:2289 AF:0a02 BC:48be DE:016f HL:09e7 SP:f799 IX:0000 IY:0000 Flags:00000010 [0a cd c5]
==> 2289:  CALL 10c5h          PC:10c5 AF:0a02 BC:48be DE:016f HL:09e7 SP:f797 IX:0000 IY:0000 Flags:00000010 [cd c5 10]
==> 10c5:  PUSH AF             PC:10c6 AF:0a02 BC:48be DE:016f HL:09e7 SP:f795 IX:0000 IY:0000 Flags:00000010 [f5 e5 2a]
==> 10c6:  PUSH HL             PC:10c7 AF:0a02 BC:48be DE:016f HL:09e7 SP:f793 IX:0000 IY:0000 Flags:00000010 [e5 2a 35]
==> 10c7:  LD HL, (0735h)      PC:10ca AF:0a02 BC:48be DE:016f HL:0000 SP:f793 IX:0000 IY:0000 Flags:00000010 [2a 35 07]
==> 10ca:  LD A, H             PC:10cb AF:0002 BC:48be DE:016f HL:0000 SP:f793 IX:0000 IY:0000 Flags:00000010 [7c b5 c2]
==> 10cb:  OR A, L             PC:10cc AF:0044 BC:48be DE:016f HL:0000 SP:f793 IX:0000 IY:0000 Flags:01000100 [b5 c2 14]
==> 10cc:  JP NZ, 2e14h        PC:10cf AF:0044 BC:48be DE:016f HL:0000 SP:f793 IX:0000 IY:0000 Flags:01000100 [c2 14 2e]
==> 10cf:  POP HL              PC:10d0 AF:0044 BC:48be DE:016f HL:09e7 SP:f795 IX:0000 IY:0000 Flags:01000100 [e1 3a 26]
==> 10d0:  LD A, (0726h)       PC:10d3 AF:0044 BC:48be DE:016f HL:09e7 SP:f795 IX:0000 IY:0000 Flags:01000100 [3a 26 07]
==> 10d3:  OR A, A             PC:10d4 AF:0044 BC:48be DE:016f HL:09e7 SP:f795 IX:0000 IY:0000 Flags:01000100 [b7 ca 29]
==> 10d4:  JP Z, 1129h         PC:1129 AF:0044 BC:48be DE:016f HL:09e7 SP:f795 IX:0000 IY:0000 Flags:01000100 [ca 29 11]
==> 1129:  LD A, (072ah)       PC:112c AF:0044 BC:48be DE:016f HL:09e7 SP:f795 IX:0000 IY:0000 Flags:01000100 [3a 2a 07]
==> 112c:  OR A, A             PC:112d AF:0044 BC:48be DE:016f HL:09e7 SP:f795 IX:0000 IY:0000 Flags:01000100 [b7 c2 b1]
==> 112d:  JP NZ, 22b1h        PC:1130 AF:0044 BC:48be DE:016f HL:09e7 SP:f795 IX:0000 IY:0000 Flags:01000100 [c2 b1 22]
==> 1130:  POP AF              PC:1131 AF:0a02 BC:48be DE:016f HL:09e7 SP:f797 IX:0000 IY:0000 Flags:00000010 [f1 c5 f5]
==> 1131:  PUSH BC             PC:1132 AF:0a02 BC:48be DE:016f HL:09e7 SP:f795 IX:0000 IY:0000 Flags:00000010 [c5 f5 fe]
==> 1132:  PUSH AF             PC:1133 AF:0a02 BC:48be DE:016f HL:09e7 SP:f793 IX:0000 IY:0000 Flags:00000010 [f5 fe 09]
==> 1133:  CP A, 09h           PC:1135 AF:0a0a BC:48be DE:016f HL:09e7 SP:f793 IX:0000 IY:0000 Flags:00001010 [fe 09 c2]
==> 1135:  JP NZ, 1148h        PC:1148 AF:0a0a BC:48be DE:016f HL:09e7 SP:f793 IX:0000 IY:0000 Flags:00001010 [c2 48 11]
==> 1148:  CP A, 20h           PC:114a AF:0aa3 BC:48be DE:016f HL:09e7 SP:f793 IX:0000 IY:0000 Flags:10100011 [fe 20 da]
==> 114a:  JP C, 115ch         PC:115c AF:0aa3 BC:48be DE:016f HL:09e7 SP:f793 IX:0000 IY:0000 Flags:10100011 [da 5c 11]
==> 115c:  POP AF              PC:115d AF:0a02 BC:48be DE:016f HL:09e7 SP:f795 IX:0000 IY:0000 Flags:00000010 [f1 c1 f5]
==> 115d:  POP BC              PC:115e AF:0a02 BC:48be DE:016f HL:09e7 SP:f797 IX:0000 IY:0000 Flags:00000010 [c1 f5 f1]
==> 115e:  PUSH AF             PC:115f AF:0a02 BC:48be DE:016f HL:09e7 SP:f795 IX:0000 IY:0000 Flags:00000010 [f5 f1 f5]
==> 115f:  POP AF              PC:1160 AF:0a02 BC:48be DE:016f HL:09e7 SP:f797 IX:0000 IY:0000 Flags:00000010 [f1 f5 c5]
==> 1160:  PUSH AF             PC:1161 AF:0a02 BC:48be DE:016f HL:09e7 SP:f795 IX:0000 IY:0000 Flags:00000010 [f5 c5 d5]
==> 1161:  PUSH BC             PC:1162 AF:0a02 BC:48be DE:016f HL:09e7 SP:f793 IX:0000 IY:0000 Flags:00000010 [c5 d5 0e]
==> 1162:  PUSH DE             PC:1163 AF:0a02 BC:48be DE:016f HL:09e7 SP:f791 IX:0000 IY:0000 Flags:00000010 [d5 0e 02]
==> 1163:  LD C, 02h           PC:1165 AF:0a02 BC:4802 DE:016f HL:09e7 SP:f791 IX:0000 IY:0000 Flags:00000010 [0e 02 4f]
==> 1165:  LD C, A             PC:1166 AF:0a02 BC:480a DE:016f HL:09e7 SP:f791 IX:0000 IY:0000 Flags:00000010 [4f e5 cd]
==> 1166:  PUSH HL             PC:1167 AF:0a02 BC:480a DE:016f HL:09e7 SP:f78f IX:0000 IY:0000 Flags:00000010 [e5 cd 84]
==> 1167:  CALL ff84h          PC:ff84 AF:0a02 BC:480a DE:016f HL:09e7 SP:f78d IX:0000 IY:0000 Flags:00000010 [cd 84 ff]

==> ff84:  RET                 PC:116a AF:0a02 BC:480a DE:016f HL:09e7 SP:f78f IX:0000 IY:0000 Flags:00000010 [c9 c9 c9]
==> 116a:  POP HL              PC:116b AF:0a02 BC:480a DE:016f HL:09e7 SP:f791 IX:0000 IY:0000 Flags:00000010 [e1 d1 c1]
==> 116b:  POP DE              PC:116c AF:0a02 BC:480a DE:016f HL:09e7 SP:f793 IX:0000 IY:0000 Flags:00000010 [d1 c1 f1]
==> 116c:  POP BC              PC:116d AF:0a02 BC:48be DE:016f HL:09e7 SP:f795 IX:0000 IY:0000 Flags:00000010 [c1 f1 c9]
==> 116d:  POP AF              PC:116e AF:0a02 BC:48be DE:016f HL:09e7 SP:f797 IX:0000 IY:0000 Flags:00000010 [f1 c9 e5]
==> 116e:  RET                 PC:228c AF:0a02 BC:48be DE:016f HL:09e7 SP:f799 IX:0000 IY:0000 Flags:00000010 [c9 e5 2a]
==> 228c:  CP A, 0dh           PC:228e AF:0a9b BC:48be DE:016f HL:09e7 SP:f799 IX:0000 IY:0000 Flags:10011011 [fe 0d cc]
==> 228e:  CALL Z, 17f2h       PC:2291 AF:0a9b BC:48be DE:016f HL:09e7 SP:f799 IX:0000 IY:0000 Flags:10011011 [cc f2 17]
==> 2291:  INC BC              PC:2292 AF:0a9b BC:48bf DE:016f HL:09e7 SP:f799 IX:0000 IY:0000 Flags:10011011 [03 c3 86]
==> 2292:  JP 2286h            PC:2286 AF:0a9b BC:48bf DE:016f HL:09e7 SP:f799 IX:0000 IY:0000 Flags:10011011 [c3 86 22]
==> 2286:  DEC D               PC:2287 AF:0a43 BC:48bf DE:006f HL:09e7 SP:f799 IX:0000 IY:0000 Flags:01000011 [15 c8 0a]
==> 2287:  RET Z               PC:483d AF:0a43 BC:48bf DE:006f HL:09e7 SP:f79b IX:0000 IY:0000 Flags:01000011 [c8 0a cd]
==> 483d:  LD HL, 227ch        PC:4840 AF:0a43 BC:48bf DE:006f HL:227c SP:f79b IX:0000 IY:0000 Flags:01000011 [21 7c 22]
==> 4840:  LD (0bb3h), HL      PC:4843 AF:0a43 BC:48bf DE:006f HL:227c SP:f79b IX:0000 IY:0000 Flags:01000011 [22 b3 0b]
==> 4843:  LD HL, 0af2h        PC:4846 AF:0a43 BC:48bf DE:006f HL:0af2 SP:f79b IX:0000 IY:0000 Flags:01000011 [21 f2 0a]
==> 4846:  LD (0101h), HL      PC:4849 AF:0a43 BC:48bf DE:006f HL:0af2 SP:f79b IX:0000 IY:0000 Flags:01000011 [22 01 01]
==> 4849:  JP 46ebh            PC:46eb AF:0a43 BC:48bf DE:006f HL:0af2 SP:f79b IX:0000 IY:0000 Flags:01000011 [c3 eb 46]
==> 46eb:  CALL 0d17h          PC:0d17 AF:0a43 BC:48bf DE:006f HL:0af2 SP:f799 IX:0000 IY:0000 Flags:01000011 [cd 17 0d]
==> 0d17:  LD A, (0759h)       PC:0d1a AF:0343 BC:48bf DE:006f HL:0af2 SP:f799 IX:0000 IY:0000 Flags:01000011 [3a 59 07]
==> 0d1a:  LD B, A             PC:0d1b AF:0343 BC:03bf DE:006f HL:0af2 SP:f799 IX:0000 IY:0000 Flags:01000011 [47 21 39]
==> 0d1b:  LD HL, 0739h        PC:0d1e AF:0343 BC:03bf DE:006f HL:0739 SP:f799 IX:0000 IY:0000 Flags:01000011 [21 39 07]
==> 0d1e:  XOR A, A            PC:0d1f AF:0044 BC:03bf DE:006f HL:0739 SP:f799 IX:0000 IY:0000 Flags:01000100 [af 04 5e]
==> 0d1f:  INC B               PC:0d20 AF:0000 BC:04bf DE:006f HL:0739 SP:f799 IX:0000 IY:0000 Flags:00000000 [04 5e 23]
==> 0d20:  LD E, (HL)          PC:0d21 AF:0000 BC:04bf DE:00ff HL:0739 SP:f799 IX:0000 IY:0000 Flags:00000000 [5e 23 56]
==> 0d21:  INC HL              PC:0d22 AF:0000 BC:04bf DE:00ff HL:073a SP:f799 IX:0000 IY:0000 Flags:00000000 [23 56 23]
==> 0d22:  LD D, (HL)          PC:0d23 AF:0000 BC:04bf DE:46ff HL:073a SP:f799 IX:0000 IY:0000 Flags:00000000 [56 23 12]
==> 0d23:  INC HL              PC:0d24 AF:0000 BC:04bf DE:46ff HL:073b SP:f799 IX:0000 IY:0000 Flags:00000000 [23 12 05]
==> 0d24:  LD (DE), A          PC:0d25 AF:0000 BC:04bf DE:46ff HL:073b SP:f799 IX:0000 IY:0000 Flags:00000000 [12 05 c2]
==> 0d25:  DEC B               PC:0d26 AF:0002 BC:03bf DE:46ff HL:073b SP:f799 IX:0000 IY:0000 Flags:00000010 [05 c2 20]
==> 0d26:  JP NZ, 0d20h        PC:0d20 AF:0002 BC:03bf DE:46ff HL:073b SP:f799 IX:0000 IY:0000 Flags:00000010 [c2 20 0d]
==> 0d20:  LD E, (HL)          PC:0d21 AF:0002 BC:03bf DE:46a5 HL:073b SP:f799 IX:0000 IY:0000 Flags:00000010 [5e 23 56]
==> 0d21:  INC HL              PC:0d22 AF:0002 BC:03bf DE:46a5 HL:073c SP:f799 IX:0000 IY:0000 Flags:00000010 [23 56 23]
==> 0d22:  LD D, (HL)          PC:0d23 AF:0002 BC:03bf DE:47a5 HL:073c SP:f799 IX:0000 IY:0000 Flags:00000010 [56 23 12]
==> 0d23:  INC HL              PC:0d24 AF:0002 BC:03bf DE:47a5 HL:073d SP:f799 IX:0000 IY:0000 Flags:00000010 [23 12 05]
==> 0d24:  LD (DE), A          PC:0d25 AF:0002 BC:03bf DE:47a5 HL:073d SP:f799 IX:0000 IY:0000 Flags:00000010 [12 05 c2]
==> 0d25:  DEC B               PC:0d26 AF:0002 BC:02bf DE:47a5 HL:073d SP:f799 IX:0000 IY:0000 Flags:00000010 [05 c2 20]
==> 0d26:  JP NZ, 0d20h        PC:0d20 AF:0002 BC:02bf DE:47a5 HL:073d SP:f799 IX:0000 IY:0000 Flags:00000010 [c2 20 0d]
==> 0d20:  LD E, (HL)          PC:0d21 AF:0002 BC:02bf DE:474b HL:073d SP:f799 IX:0000 IY:0000 Flags:00000010 [5e 23 56]
==> 0d21:  INC HL              PC:0d22 AF:0002 BC:02bf DE:474b HL:073e SP:f799 IX:0000 IY:0000 Flags:00000010 [23 56 23]
==> 0d22:  LD D, (HL)          PC:0d23 AF:0002 BC:02bf DE:484b HL:073e SP:f799 IX:0000 IY:0000 Flags:00000010 [56 23 12]
==> 0d23:  INC HL              PC:0d24 AF:0002 BC:02bf DE:484b HL:073f SP:f799 IX:0000 IY:0000 Flags:00000010 [23 12 05]
==> 0d24:  LD (DE), A          PC:0d25 AF:0002 BC:02bf DE:484b HL:073f SP:f799 IX:0000 IY:0000 Flags:00000010 [12 05 c2]
==> 0d25:  DEC B               PC:0d26 AF:0002 BC:01bf DE:484b HL:073f SP:f799 IX:0000 IY:0000 Flags:00000010 [05 c2 20]
==> 0d26:  JP NZ, 0d20h        PC:0d20 AF:0002 BC:01bf DE:484b HL:073f SP:f799 IX:0000 IY:0000 Flags:00000010 [c2 20 0d]
==> 0d20:  LD E, (HL)          PC:0d21 AF:0002 BC:01bf DE:48f1 HL:073f SP:f799 IX:0000 IY:0000 Flags:00000010 [5e 23 56]
==> 0d21:  INC HL              PC:0d22 AF:0002 BC:01bf DE:48f1 HL:0740 SP:f799 IX:0000 IY:0000 Flags:00000010 [23 56 23]
==> 0d22:  LD D, (HL)          PC:0d23 AF:0002 BC:01bf DE:48f1 HL:0740 SP:f799 IX:0000 IY:0000 Flags:00000010 [56 23 12]
==> 0d23:  INC HL              PC:0d24 AF:0002 BC:01bf DE:48f1 HL:0741 SP:f799 IX:0000 IY:0000 Flags:00000010 [23 12 05]
==> 0d24:  LD (DE), A          PC:0d25 AF:0002 BC:01bf DE:48f1 HL:0741 SP:f799 IX:0000 IY:0000 Flags:00000010 [12 05 c2]
==> 0d25:  DEC B               PC:0d26 AF:0042 BC:00bf DE:48f1 HL:0741 SP:f799 IX:0000 IY:0000 Flags:01000010 [05 c2 20]
==> 0d26:  JP NZ, 0d20h        PC:0d29 AF:0042 BC:00bf DE:48f1 HL:0741 SP:f799 IX:0000 IY:0000 Flags:01000010 [c2 20 0d]
==> 0d29:  CALL 3508h          PC:3508 AF:0042 BC:00bf DE:48f1 HL:0741 SP:f797 IX:0000 IY:0000 Flags:01000010 [cd 08 35]
==> 3508:  PUSH DE             PC:3509 AF:0042 BC:00bf DE:48f1 HL:0741 SP:f795 IX:0000 IY:0000 Flags:01000010 [d5 c5 af]
==> 3509:  PUSH BC             PC:350a AF:0042 BC:00bf DE:48f1 HL:0741 SP:f793 IX:0000 IY:0000 Flags:01000010 [c5 af cd]
==> 350a:  XOR A, A            PC:350b AF:0044 BC:00bf DE:48f1 HL:0741 SP:f793 IX:0000 IY:0000 Flags:01000100 [af cd da]
==> 350b:  CALL 34dah          PC:34da AF:0044 BC:00bf DE:48f1 HL:0741 SP:f791 IX:0000 IY:0000 Flags:01000100 [cd da 34]
==> 34da:  LD BC, 2dbch        PC:34dd AF:0044 BC:2dbc DE:48f1 HL:0741 SP:f791 IX:0000 IY:0000 Flags:01000100 [01 bc 2d]
==> 34dd:  LD A, (0759h)       PC:34e0 AF:0344 BC:2dbc DE:48f1 HL:0741 SP:f791 IX:0000 IY:0000 Flags:01000100 [3a 59 07]
==> 34e0:  JP NZ, 34fdh        PC:34e3 AF:0344 BC:2dbc DE:48f1 HL:0741 SP:f791 IX:0000 IY:0000 Flags:01000100 [c2 fd 34]
==> 34e3:  PUSH HL             PC:34e4 AF:0344 BC:2dbc DE:48f1 HL:0741 SP:f78f IX:0000 IY:0000 Flags:01000100 [e5 c5 f5]
==> 34e4:  PUSH BC             PC:34e5 AF:0344 BC:2dbc DE:48f1 HL:0741 SP:f78d IX:0000 IY:0000 Flags:01000100 [c5 f5 11]
==> 34e5:  PUSH AF             PC:34e6 AF:0344 BC:2dbc DE:48f1 HL:0741 SP:f78b IX:0000 IY:0000 Flags:01000100 [f5 11 ec]
==> 34e6:  LD DE, 34ech        PC:34e9 AF:0344 BC:2dbc DE:34ec HL:0741 SP:f78b IX:0000 IY:0000 Flags:01000100 [11 ec 34]
==> 34e9:  PUSH DE             PC:34ea AF:0344 BC:2dbc DE:34ec HL:0741 SP:f789 IX:0000 IY:0000 Flags:01000100 [d5 c5 c9]
==> 34ea:  PUSH BC             PC:34eb AF:0344 BC:2dbc DE:34ec HL:0741 SP:f787 IX:0000 IY:0000 Flags:01000100 [c5 c9 f1]
==> 34eb:  RET                 PC:2dbc AF:0344 BC:2dbc DE:34ec HL:0741 SP:f789 IX:0000 IY:0000 Flags:01000100 [c9 f1 c1]
==> 2dbc:  CALL 3283h          PC:3283 AF:0344 BC:2dbc DE:34ec HL:0741 SP:f787 IX:0000 IY:0000 Flags:01000100 [cd 83 32]
==> 3283:  LD E, A             PC:3284 AF:0344 BC:2dbc DE:3403 HL:0741 SP:f787 IX:0000 IY:0000 Flags:01000100 [5f 3a 59]
==> 3284:  LD A, (0759h)       PC:3287 AF:0344 BC:2dbc DE:3403 HL:0741 SP:f787 IX:0000 IY:0000 Flags:01000100 [3a 59 07]
==> 3287:  CP A, E             PC:3288 AF:0342 BC:2dbc DE:3403 HL:0741 SP:f787 IX:0000 IY:0000 Flags:01000010 [bb da a7]
==> 3288:  JP C, 31a7h         PC:328b AF:0342 BC:2dbc DE:3403 HL:0741 SP:f787 IX:0000 IY:0000 Flags:01000010 [da a7 31]
==> 328b:  LD D, 00h           PC:328d AF:0342 BC:2dbc DE:0003 HL:0741 SP:f787 IX:0000 IY:0000 Flags:01000010 [16 00 e5]
==> 328d:  PUSH HL             PC:328e AF:0342 BC:2dbc DE:0003 HL:0741 SP:f785 IX:0000 IY:0000 Flags:01000010 [e5 21 39]
==> 328e:  LD HL, 0739h        PC:3291 AF:0342 BC:2dbc DE:0003 HL:0739 SP:f785 IX:0000 IY:0000 Flags:01000010 [21 39 07]
==> 3291:  ADD HL, DE          PC:3292 AF:0340 BC:2dbc DE:0003 HL:073c SP:f785 IX:0000 IY:0000 Flags:01000000 [19 19 4e]
==> 3292:  ADD HL, DE          PC:3293 AF:0340 BC:2dbc DE:0003 HL:073f SP:f785 IX:0000 IY:0000 Flags:01000000 [19 4e 23]
==> 3293:  LD C, (HL)          PC:3294 AF:0340 BC:2df1 DE:0003 HL:073f SP:f785 IX:0000 IY:0000 Flags:01000000 [4e 23 46]
==> 3294:  INC HL              PC:3295 AF:0340 BC:2df1 DE:0003 HL:0740 SP:f785 IX:0000 IY:0000 Flags:01000000 [23 46 0a]
==> 3295:  LD B, (HL)          PC:3296 AF:0340 BC:48f1 DE:0003 HL:0740 SP:f785 IX:0000 IY:0000 Flags:01000000 [46 0a b7]
==> 3296:  LD A, (BC)          PC:3297 AF:0040 BC:48f1 DE:0003 HL:0740 SP:f785 IX:0000 IY:0000 Flags:01000000 [0a b7 e1]
==> 3297:  OR A, A             PC:3298 AF:0044 BC:48f1 DE:0003 HL:0740 SP:f785 IX:0000 IY:0000 Flags:01000100 [b7 e1 c9]
==> 3298:  POP HL              PC:3299 AF:0044 BC:48f1 DE:0003 HL:0741 SP:f787 IX:0000 IY:0000 Flags:01000100 [e1 c9 cd]
==> 3299:  RET                 PC:2dbf AF:0044 BC:48f1 DE:0003 HL:0741 SP:f789 IX:0000 IY:0000 Flags:01000100 [c9 cd 84]
==> 2dbf:  JP Z, 2dech         PC:2dec AF:0044 BC:48f1 DE:0003 HL:0741 SP:f789 IX:0000 IY:0000 Flags:01000100 [ca ec 2d]
==> 2dec:  LD D, 26h           PC:2dee AF:0044 BC:48f1 DE:2603 HL:0741 SP:f789 IX:0000 IY:0000 Flags:01000100 [16 26 af]
==> 2dee:  XOR A, A            PC:2def AF:0044 BC:48f1 DE:2603 HL:0741 SP:f789 IX:0000 IY:0000 Flags:01000100 [af 02 03]
==> 2def:  LD (BC), A          PC:2df0 AF:0044 BC:48f1 DE:2603 HL:0741 SP:f789 IX:0000 IY:0000 Flags:01000100 [02 03 15]
==> 2df0:  INC BC              PC:2df1 AF:0044 BC:48f2 DE:2603 HL:0741 SP:f789 IX:0000 IY:0000 Flags:01000100 [03 15 c2]
==> 2df1:  DEC D               PC:2df2 AF:0022 BC:48f2 DE:2503 HL:0741 SP:f789 IX:0000 IY:0000 Flags:00100010 [15 c2 ef]
==> 2df2:  JP NZ, 2defh        PC:2def AF:0022 BC:48f2 DE:2503 HL:0741 SP:f789 IX:0000 IY:0000 Flags:00100010 [c2 ef 2d]
==> 2def:  LD (BC), A          PC:2df0 AF:0022 BC:48f2 DE:2503 HL:0741 SP:f789 IX:0000 IY:0000 Flags:00100010 [02 03 15]
==> 2df0:  INC BC              PC:2df1 AF:0022 BC:48f3 DE:2503 HL:0741 SP:f789 IX:0000 IY:0000 Flags:00100010 [03 15 c2]
==> 2df1:  DEC D               PC:2df2 AF:0022 BC:48f3 DE:2403 HL:0741 SP:f789 IX:0000 IY:0000 Flags:00100010 [15 c2 ef]
==> 2df2:  JP NZ, 2defh        PC:2def AF:0022 BC:48f3 DE:2403 HL:0741 SP:f789 IX:0000 IY:0000 Flags:00100010 [c2 ef 2d]
==> 2def:  LD (BC), A          PC:2df0 AF:0022 BC:48f3 DE:2403 HL:0741 SP:f789 IX:0000 IY:0000 Flags:00100010 [02 03 15]
==> 2df0:  INC BC              PC:2df1 AF:0022 BC:48f4 DE:2403 HL:0741 SP:f789 IX:0000 IY:0000 Flags:00100010 [03 15 c2]
==> 2df1:  DEC D               PC:2df2 AF:0022 BC:48f4 DE:2303 HL:0741 SP:f789 IX:0000 IY:0000 Flags:00100010 [15 c2 ef]
==> 2df2:  JP NZ, 2defh        PC:2def AF:0022 BC:48f4 DE:2303 HL:0741 SP:f789 IX:0000 IY:0000 Flags:00100010 [c2 ef 2d]
==> 2def:  LD (BC), A          PC:2df0 AF:0022 BC:48f4 DE:2303 HL:0741 SP:f789 IX:0000 IY:0000 Flags:00100010 [02 03 15]
==> 2df0:  INC BC              PC:2df1 AF:0022 BC:48f5 DE:2303 HL:0741 SP:f789 IX:0000 IY:0000 Flags:00100010 [03 15 c2]
==> 2df1:  DEC D               PC:2df2 AF:0022 BC:48f5 DE:2203 HL:0741 SP:f789 IX:0000 IY:0000 Flags:00100010 [15 c2 ef]
==> 2df2:  JP NZ, 2defh        PC:2def AF:0022 BC:48f5 DE:2203 HL:0741 SP:f789 IX:0000 IY:0000 Flags:00100010 [c2 ef 2d]
==> 2def:  LD (BC), A          PC:2df0 AF:0022 BC:48f5 DE:2203 HL:0741 SP:f789 IX:0000 IY:0000 Flags:00100010 [02 03 15]
==> 2df0:  INC BC              PC:2df1 AF:0022 BC:48f6 DE:2203 HL:0741 SP:f789 IX:0000 IY:0000 Flags:00100010 [03 15 c2]
==> 2df1:  DEC D               PC:2df2 AF:0022 BC:48f6 DE:2103 HL:0741 SP:f789 IX:0000 IY:0000 Flags:00100010 [15 c2 ef]
==> 2df2:  JP NZ, 2defh        PC:2def AF:0022 BC:48f6 DE:2103 HL:0741 SP:f789 IX:0000 IY:0000 Flags:00100010 [c2 ef 2d]
==> 2def:  LD (BC), A          PC:2df0 AF:0022 BC:48f6 DE:2103 HL:0741 SP:f789 IX:0000 IY:0000 Flags:00100010 [02 03 15]
==> 2df0:  INC BC              PC:2df1 AF:0022 BC:48f7 DE:2103 HL:0741 SP:f789 IX:0000 IY:0000 Flags:00100010 [03 15 c2]
==> 2df1:  DEC D               PC:2df2 AF:0022 BC:48f7 DE:2003 HL:0741 SP:f789 IX:0000 IY:0000 Flags:00100010 [15 c2 ef]
==> 2df2:  JP NZ, 2defh        PC:2def AF:0022 BC:48f7 DE:2003 HL:0741 SP:f789 IX:0000 IY:0000 Flags:00100010 [c2 ef 2d]
==> 2def:  LD (BC), A          PC:2df0 AF:0022 BC:48f7 DE:2003 HL:0741 SP:f789 IX:0000 IY:0000 Flags:00100010 [02 03 15]
==> 2df0:  INC BC              PC:2df1 AF:0022 BC:48f8 DE:2003 HL:0741 SP:f789 IX:0000 IY:0000 Flags:00100010 [03 15 c2]
==> 2df1:  DEC D               PC:2df2 AF:001a BC:48f8 DE:1f03 HL:0741 SP:f789 IX:0000 IY:0000 Flags:00011010 [15 c2 ef]
==> 2df2:  JP NZ, 2defh        PC:2def AF:001a BC:48f8 DE:1f03 HL:0741 SP:f789 IX:0000 IY:0000 Flags:00011010 [c2 ef 2d]
==> 2def:  LD (BC), A          PC:2df0 AF:001a BC:48f8 DE:1f03 HL:0741 SP:f789 IX:0000 IY:0000 Flags:00011010 [02 03 15]
==> 2df0:  INC BC              PC:2df1 AF:001a BC:48f9 DE:1f03 HL:0741 SP:f789 IX:0000 IY:0000 Flags:00011010 [03 15 c2]
==> 2df1:  DEC D               PC:2df2 AF:000a BC:48f9 DE:1e03 HL:0741 SP:f789 IX:0000 IY:0000 Flags:00001010 [15 c2 ef]
==> 2df2:  JP NZ, 2defh        PC:2def AF:000a BC:48f9 DE:1e03 HL:0741 SP:f789 IX:0000 IY:0000 Flags:00001010 [c2 ef 2d]
==> 2def:  LD (BC), A          PC:2df0 AF:000a BC:48f9 DE:1e03 HL:0741 SP:f789 IX:0000 IY:0000 Flags:00001010 [02 03 15]
==> 2df0:  INC BC              PC:2df1 AF:000a BC:48fa DE:1e03 HL:0741 SP:f789 IX:0000 IY:0000 Flags:00001010 [03 15 c2]
==> 2df1:  DEC D               PC:2df2 AF:000a BC:48fa DE:1d03 HL:0741 SP:f789 IX:0000 IY:0000 Flags:00001010 [15 c2 ef]
==> 2df2:  JP NZ, 2defh        PC:2def AF:000a BC:48fa DE:1d03 HL:0741 SP:f789 IX:0000 IY:0000 Flags:00001010 [c2 ef 2d]
==> 2def:  LD (BC), A          PC:2df0 AF:000a BC:48fa DE:1d03 HL:0741 SP:f789 IX:0000 IY:0000 Flags:00001010 [02 03 15]
==> 2df0:  INC BC              PC:2df1 AF:000a BC:48fb DE:1d03 HL:0741 SP:f789 IX:0000 IY:0000 Flags:00001010 [03 15 c2]
==> 2df1:  DEC D               PC:2df2 AF:000a BC:48fb DE:1c03 HL:0741 SP:f789 IX:0000 IY:0000 Flags:00001010 [15 c2 ef]
==> 2df2:  JP NZ, 2defh        PC:2def AF:000a BC:48fb DE:1c03 HL:0741 SP:f789 IX:0000 IY:0000 Flags:00001010 [c2 ef 2d]
==> 2def:  LD (BC), A          PC:2df0 AF:000a BC:48fb DE:1c03 HL:0741 SP:f789 IX:0000 IY:0000 Flags:00001010 [02 03 15]
==> 2df0:  INC BC              PC:2df1 AF:000a BC:48fc DE:1c03 HL:0741 SP:f789 IX:0000 IY:0000 Flags:00001010 [03 15 c2]
==> 2df1:  DEC D               PC:2df2 AF:000a BC:48fc DE:1b03 HL:0741 SP:f789 IX:0000 IY:0000 Flags:00001010 [15 c2 ef]
==> 2df2:  JP NZ, 2defh        PC:2def AF:000a BC:48fc DE:1b03 HL:0741 SP:f789 IX:0000 IY:0000 Flags:00001010 [c2 ef 2d]
==> 2def:  LD (BC), A          PC:2df0 AF:000a BC:48fc DE:1b03 HL:0741 SP:f789 IX:0000 IY:0000 Flags:00001010 [02 03 15]
==> 2df0:  INC BC              PC:2df1 AF:000a BC:48fd DE:1b03 HL:0741 SP:f789 IX:0000 IY:0000 Flags:00001010 [03 15 c2]
==> 2df1:  DEC D               PC:2df2 AF:000a BC:48fd DE:1a03 HL:0741 SP:f789 IX:0000 IY:0000 Flags:00001010 [15 c2 ef]
==> 2df2:  JP NZ, 2defh        PC:2def AF:000a BC:48fd DE:1a03 HL:0741 SP:f789 IX:0000 IY:0000 Flags:00001010 [c2 ef 2d]
==> 2def:  LD (BC), A          PC:2df0 AF:000a BC:48fd DE:1a03 HL:0741 SP:f789 IX:0000 IY:0000 Flags:00001010 [02 03 15]
==> 2df0:  INC BC              PC:2df1 AF:000a BC:48fe DE:1a03 HL:0741 SP:f789 IX:0000 IY:0000 Flags:00001010 [03 15 c2]
==> 2df1:  DEC D               PC:2df2 AF:000a BC:48fe DE:1903 HL:0741 SP:f789 IX:0000 IY:0000 Flags:00001010 [15 c2 ef]
==> 2df2:  JP NZ, 2defh        PC:2def AF:000a BC:48fe DE:1903 HL:0741 SP:f789 IX:0000 IY:0000 Flags:00001010 [c2 ef 2d]
==> 2def:  LD (BC), A          PC:2df0 AF:000a BC:48fe DE:1903 HL:0741 SP:f789 IX:0000 IY:0000 Flags:00001010 [02 03 15]
==> 2df0:  INC BC              PC:2df1 AF:000a BC:48ff DE:1903 HL:0741 SP:f789 IX:0000 IY:0000 Flags:00001010 [03 15 c2]
==> 2df1:  DEC D               PC:2df2 AF:000a BC:48ff DE:1803 HL:0741 SP:f789 IX:0000 IY:0000 Flags:00001010 [15 c2 ef]
==> 2df2:  JP NZ, 2defh        PC:2def AF:000a BC:48ff DE:1803 HL:0741 SP:f789 IX:0000 IY:0000 Flags:00001010 [c2 ef 2d]
==> 2def:  LD (BC), A          PC:2df0 AF:000a BC:48ff DE:1803 HL:0741 SP:f789 IX:0000 IY:0000 Flags:00001010 [02 03 15]
==> 2df0:  INC BC              PC:2df1 AF:000a BC:4900 DE:1803 HL:0741 SP:f789 IX:0000 IY:0000 Flags:00001010 [03 15 c2]
==> 2df1:  DEC D               PC:2df2 AF:0002 BC:4900 DE:1703 HL:0741 SP:f789 IX:0000 IY:0000 Flags:00000010 [15 c2 ef]
==> 2df2:  JP NZ, 2defh        PC:2def AF:0002 BC:4900 DE:1703 HL:0741 SP:f789 IX:0000 IY:0000 Flags:00000010 [c2 ef 2d]
==> 2def:  LD (BC), A          PC:2df0 AF:0002 BC:4900 DE:1703 HL:0741 SP:f789 IX:0000 IY:0000 Flags:00000010 [02 03 15]
==> 2df0:  INC BC              PC:2df1 AF:0002 BC:4901 DE:1703 HL:0741 SP:f789 IX:0000 IY:0000 Flags:00000010 [03 15 c2]
==> 2df1:  DEC D               PC:2df2 AF:0002 BC:4901 DE:1603 HL:0741 SP:f789 IX:0000 IY:0000 Flags:00000010 [15 c2 ef]
==> 2df2:  JP NZ, 2defh        PC:2def AF:0002 BC:4901 DE:1603 HL:0741 SP:f789 IX:0000 IY:0000 Flags:00000010 [c2 ef 2d]
==> 2def:  LD (BC), A          PC:2df0 AF:0002 BC:4901 DE:1603 HL:0741 SP:f789 IX:0000 IY:0000 Flags:00000010 [02 03 15]
==> 2df0:  INC BC              PC:2df1 AF:0002 BC:4902 DE:1603 HL:0741 SP:f789 IX:0000 IY:0000 Flags:00000010 [03 15 c2]
==> 2df1:  DEC D               PC:2df2 AF:0002 BC:4902 DE:1503 HL:0741 SP:f789 IX:0000 IY:0000 Flags:00000010 [15 c2 ef]
==> 2df2:  JP NZ, 2defh        PC:2def AF:0002 BC:4902 DE:1503 HL:0741 SP:f789 IX:0000 IY:0000 Flags:00000010 [c2 ef 2d]
==> 2def:  LD (BC), A          PC:2df0 AF:0002 BC:4902 DE:1503 HL:0741 SP:f789 IX:0000 IY:0000 Flags:00000010 [02 03 15]
==> 2df0:  INC BC              PC:2df1 AF:0002 BC:4903 DE:1503 HL:0741 SP:f789 IX:0000 IY:0000 Flags:00000010 [03 15 c2]
==> 2df1:  DEC D               PC:2df2 AF:0002 BC:4903 DE:1403 HL:0741 SP:f789 IX:0000 IY:0000 Flags:00000010 [15 c2 ef]
==> 2df2:  JP NZ, 2defh        PC:2def AF:0002 BC:4903 DE:1403 HL:0741 SP:f789 IX:0000 IY:0000 Flags:00000010 [c2 ef 2d]
==> 2def:  LD (BC), A          PC:2df0 AF:0002 BC:4903 DE:1403 HL:0741 SP:f789 IX:0000 IY:0000 Flags:00000010 [02 03 15]
==> 2df0:  INC BC              PC:2df1 AF:0002 BC:4904 DE:1403 HL:0741 SP:f789 IX:0000 IY:0000 Flags:00000010 [03 15 c2]
==> 2df1:  DEC D               PC:2df2 AF:0002 BC:4904 DE:1303 HL:0741 SP:f789 IX:0000 IY:0000 Flags:00000010 [15 c2 ef]
==> 2df2:  JP NZ, 2defh        PC:2def AF:0002 BC:4904 DE:1303 HL:0741 SP:f789 IX:0000 IY:0000 Flags:00000010 [c2 ef 2d]
==> 2def:  LD (BC), A          PC:2df0 AF:0002 BC:4904 DE:1303 HL:0741 SP:f789 IX:0000 IY:0000 Flags:00000010 [02 03 15]
==> 2df0:  INC BC              PC:2df1 AF:0002 BC:4905 DE:1303 HL:0741 SP:f789 IX:0000 IY:0000 Flags:00000010 [03 15 c2]
==> 2df1:  DEC D               PC:2df2 AF:0002 BC:4905 DE:1203 HL:0741 SP:f789 IX:0000 IY:0000 Flags:00000010 [15 c2 ef]
==> 2df2:  JP NZ, 2defh        PC:2def AF:0002 BC:4905 DE:1203 HL:0741 SP:f789 IX:0000 IY:0000 Flags:00000010 [c2 ef 2d]
==> 2def:  LD (BC), A          PC:2df0 AF:0002 BC:4905 DE:1203 HL:0741 SP:f789 IX:0000 IY:0000 Flags:00000010 [02 03 15]
==> 2df0:  INC BC              PC:2df1 AF:0002 BC:4906 DE:1203 HL:0741 SP:f789 IX:0000 IY:0000 Flags:00000010 [03 15 c2]
==> 2df1:  DEC D               PC:2df2 AF:0002 BC:4906 DE:1103 HL:0741 SP:f789 IX:0000 IY:0000 Flags:00000010 [15 c2 ef]
==> 2df2:  JP NZ, 2defh        PC:2def AF:0002 BC:4906 DE:1103 HL:0741 SP:f789 IX:0000 IY:0000 Flags:00000010 [c2 ef 2d]
==> 2def:  LD (BC), A          PC:2df0 AF:0002 BC:4906 DE:1103 HL:0741 SP:f789 IX:0000 IY:0000 Flags:00000010 [02 03 15]
==> 2df0:  INC BC              PC:2df1 AF:0002 BC:4907 DE:1103 HL:0741 SP:f789 IX:0000 IY:0000 Flags:00000010 [03 15 c2]
==> 2df1:  DEC D               PC:2df2 AF:0002 BC:4907 DE:1003 HL:0741 SP:f789 IX:0000 IY:0000 Flags:00000010 [15 c2 ef]
==> 2df2:  JP NZ, 2defh        PC:2def AF:0002 BC:4907 DE:1003 HL:0741 SP:f789 IX:0000 IY:0000 Flags:00000010 [c2 ef 2d]
==> 2def:  LD (BC), A          PC:2df0 AF:0002 BC:4907 DE:1003 HL:0741 SP:f789 IX:0000 IY:0000 Flags:00000010 [02 03 15]
==> 2df0:  INC BC              PC:2df1 AF:0002 BC:4908 DE:1003 HL:0741 SP:f789 IX:0000 IY:0000 Flags:00000010 [03 15 c2]
==> 2df1:  DEC D               PC:2df2 AF:001a BC:4908 DE:0f03 HL:0741 SP:f789 IX:0000 IY:0000 Flags:00011010 [15 c2 ef]
==> 2df2:  JP NZ, 2defh        PC:2def AF:001a BC:4908 DE:0f03 HL:0741 SP:f789 IX:0000 IY:0000 Flags:00011010 [c2 ef 2d]
==> 2def:  LD (BC), A          PC:2df0 AF:001a BC:4908 DE:0f03 HL:0741 SP:f789 IX:0000 IY:0000 Flags:00011010 [02 03 15]
==> 2df0:  INC BC              PC:2df1 AF:001a BC:4909 DE:0f03 HL:0741 SP:f789 IX:0000 IY:0000 Flags:00011010 [03 15 c2]
==> 2df1:  DEC D               PC:2df2 AF:000a BC:4909 DE:0e03 HL:0741 SP:f789 IX:0000 IY:0000 Flags:00001010 [15 c2 ef]
==> 2df2:  JP NZ, 2defh        PC:2def AF:000a BC:4909 DE:0e03 HL:0741 SP:f789 IX:0000 IY:0000 Flags:00001010 [c2 ef 2d]
==> 2def:  LD (BC), A          PC:2df0 AF:000a BC:4909 DE:0e03 HL:0741 SP:f789 IX:0000 IY:0000 Flags:00001010 [02 03 15]
==> 2df0:  INC BC              PC:2df1 AF:000a BC:490a DE:0e03 HL:0741 SP:f789 IX:0000 IY:0000 Flags:00001010 [03 15 c2]
==> 2df1:  DEC D               PC:2df2 AF:000a BC:490a DE:0d03 HL:0741 SP:f789 IX:0000 IY:0000 Flags:00001010 [15 c2 ef]
==> 2df2:  JP NZ, 2defh        PC:2def AF:000a BC:490a DE:0d03 HL:0741 SP:f789 IX:0000 IY:0000 Flags:00001010 [c2 ef 2d]
==> 2def:  LD (BC), A          PC:2df0 AF:000a BC:490a DE:0d03 HL:0741 SP:f789 IX:0000 IY:0000 Flags:00001010 [02 03 15]
==> 2df0:  INC BC              PC:2df1 AF:000a BC:490b DE:0d03 HL:0741 SP:f789 IX:0000 IY:0000 Flags:00001010 [03 15 c2]
==> 2df1:  DEC D               PC:2df2 AF:000a BC:490b DE:0c03 HL:0741 SP:f789 IX:0000 IY:0000 Flags:00001010 [15 c2 ef]
==> 2df2:  JP NZ, 2defh        PC:2def AF:000a BC:490b DE:0c03 HL:0741 SP:f789 IX:0000 IY:0000 Flags:00001010 [c2 ef 2d]
==> 2def:  LD (BC), A          PC:2df0 AF:000a BC:490b DE:0c03 HL:0741 SP:f789 IX:0000 IY:0000 Flags:00001010 [02 03 15]
==> 2df0:  INC BC              PC:2df1 AF:000a BC:490c DE:0c03 HL:0741 SP:f789 IX:0000 IY:0000 Flags:00001010 [03 15 c2]
==> 2df1:  DEC D               PC:2df2 AF:000a BC:490c DE:0b03 HL:0741 SP:f789 IX:0000 IY:0000 Flags:00001010 [15 c2 ef]
==> 2df2:  JP NZ, 2defh        PC:2def AF:000a BC:490c DE:0b03 HL:0741 SP:f789 IX:0000 IY:0000 Flags:00001010 [c2 ef 2d]
==> 2def:  LD (BC), A          PC:2df0 AF:000a BC:490c DE:0b03 HL:0741 SP:f789 IX:0000 IY:0000 Flags:00001010 [02 03 15]
==> 2df0:  INC BC              PC:2df1 AF:000a BC:490d DE:0b03 HL:0741 SP:f789 IX:0000 IY:0000 Flags:00001010 [03 15 c2]
==> 2df1:  DEC D               PC:2df2 AF:000a BC:490d DE:0a03 HL:0741 SP:f789 IX:0000 IY:0000 Flags:00001010 [15 c2 ef]
==> 2df2:  JP NZ, 2defh        PC:2def AF:000a BC:490d DE:0a03 HL:0741 SP:f789 IX:0000 IY:0000 Flags:00001010 [c2 ef 2d]
==> 2def:  LD (BC), A          PC:2df0 AF:000a BC:490d DE:0a03 HL:0741 SP:f789 IX:0000 IY:0000 Flags:00001010 [02 03 15]
==> 2df0:  INC BC              PC:2df1 AF:000a BC:490e DE:0a03 HL:0741 SP:f789 IX:0000 IY:0000 Flags:00001010 [03 15 c2]
==> 2df1:  DEC D               PC:2df2 AF:000a BC:490e DE:0903 HL:0741 SP:f789 IX:0000 IY:0000 Flags:00001010 [15 c2 ef]
==> 2df2:  JP NZ, 2defh        PC:2def AF:000a BC:490e DE:0903 HL:0741 SP:f789 IX:0000 IY:0000 Flags:00001010 [c2 ef 2d]
==> 2def:  LD (BC), A          PC:2df0 AF:000a BC:490e DE:0903 HL:0741 SP:f789 IX:0000 IY:0000 Flags:00001010 [02 03 15]
==> 2df0:  INC BC              PC:2df1 AF:000a BC:490f DE:0903 HL:0741 SP:f789 IX:0000 IY:0000 Flags:00001010 [03 15 c2]
==> 2df1:  DEC D               PC:2df2 AF:000a BC:490f DE:0803 HL:0741 SP:f789 IX:0000 IY:0000 Flags:00001010 [15 c2 ef]
==> 2df2:  JP NZ, 2defh        PC:2def AF:000a BC:490f DE:0803 HL:0741 SP:f789 IX:0000 IY:0000 Flags:00001010 [c2 ef 2d]
==> 2def:  LD (BC), A          PC:2df0 AF:000a BC:490f DE:0803 HL:0741 SP:f789 IX:0000 IY:0000 Flags:00001010 [02 03 15]
==> 2df0:  INC BC              PC:2df1 AF:000a BC:4910 DE:0803 HL:0741 SP:f789 IX:0000 IY:0000 Flags:00001010 [03 15 c2]
==> 2df1:  DEC D               PC:2df2 AF:0002 BC:4910 DE:0703 HL:0741 SP:f789 IX:0000 IY:0000 Flags:00000010 [15 c2 ef]
==> 2df2:  JP NZ, 2defh        PC:2def AF:0002 BC:4910 DE:0703 HL:0741 SP:f789 IX:0000 IY:0000 Flags:00000010 [c2 ef 2d]
==> 2def:  LD (BC), A          PC:2df0 AF:0002 BC:4910 DE:0703 HL:0741 SP:f789 IX:0000 IY:0000 Flags:00000010 [02 03 15]
==> 2df0:  INC BC              PC:2df1 AF:0002 BC:4911 DE:0703 HL:0741 SP:f789 IX:0000 IY:0000 Flags:00000010 [03 15 c2]
==> 2df1:  DEC D               PC:2df2 AF:0002 BC:4911 DE:0603 HL:0741 SP:f789 IX:0000 IY:0000 Flags:00000010 [15 c2 ef]
==> 2df2:  JP NZ, 2defh        PC:2def AF:0002 BC:4911 DE:0603 HL:0741 SP:f789 IX:0000 IY:0000 Flags:00000010 [c2 ef 2d]
==> 2def:  LD (BC), A          PC:2df0 AF:0002 BC:4911 DE:0603 HL:0741 SP:f789 IX:0000 IY:0000 Flags:00000010 [02 03 15]
==> 2df0:  INC BC              PC:2df1 AF:0002 BC:4912 DE:0603 HL:0741 SP:f789 IX:0000 IY:0000 Flags:00000010 [03 15 c2]
==> 2df1:  DEC D               PC:2df2 AF:0002 BC:4912 DE:0503 HL:0741 SP:f789 IX:0000 IY:0000 Flags:00000010 [15 c2 ef]
==> 2df2:  JP NZ, 2defh        PC:2def AF:0002 BC:4912 DE:0503 HL:0741 SP:f789 IX:0000 IY:0000 Flags:00000010 [c2 ef 2d]
==> 2def:  LD (BC), A          PC:2df0 AF:0002 BC:4912 DE:0503 HL:0741 SP:f789 IX:0000 IY:0000 Flags:00000010 [02 03 15]
==> 2df0:  INC BC              PC:2df1 AF:0002 BC:4913 DE:0503 HL:0741 SP:f789 IX:0000 IY:0000 Flags:00000010 [03 15 c2]
==> 2df1:  DEC D               PC:2df2 AF:0002 BC:4913 DE:0403 HL:0741 SP:f789 IX:0000 IY:0000 Flags:00000010 [15 c2 ef]
==> 2df2:  JP NZ, 2defh        PC:2def AF:0002 BC:4913 DE:0403 HL:0741 SP:f789 IX:0000 IY:0000 Flags:00000010 [c2 ef 2d]
==> 2def:  LD (BC), A          PC:2df0 AF:0002 BC:4913 DE:0403 HL:0741 SP:f789 IX:0000 IY:0000 Flags:00000010 [02 03 15]
==> 2df0:  INC BC              PC:2df1 AF:0002 BC:4914 DE:0403 HL:0741 SP:f789 IX:0000 IY:0000 Flags:00000010 [03 15 c2]
==> 2df1:  DEC D               PC:2df2 AF:0002 BC:4914 DE:0303 HL:0741 SP:f789 IX:0000 IY:0000 Flags:00000010 [15 c2 ef]
==> 2df2:  JP NZ, 2defh        PC:2def AF:0002 BC:4914 DE:0303 HL:0741 SP:f789 IX:0000 IY:0000 Flags:00000010 [c2 ef 2d]
==> 2def:  LD (BC), A          PC:2df0 AF:0002 BC:4914 DE:0303 HL:0741 SP:f789 IX:0000 IY:0000 Flags:00000010 [02 03 15]
==> 2df0:  INC BC              PC:2df1 AF:0002 BC:4915 DE:0303 HL:0741 SP:f789 IX:0000 IY:0000 Flags:00000010 [03 15 c2]
==> 2df1:  DEC D               PC:2df2 AF:0002 BC:4915 DE:0203 HL:0741 SP:f789 IX:0000 IY:0000 Flags:00000010 [15 c2 ef]
==> 2df2:  JP NZ, 2defh        PC:2def AF:0002 BC:4915 DE:0203 HL:0741 SP:f789 IX:0000 IY:0000 Flags:00000010 [c2 ef 2d]
==> 2def:  LD (BC), A          PC:2df0 AF:0002 BC:4915 DE:0203 HL:0741 SP:f789 IX:0000 IY:0000 Flags:00000010 [02 03 15]
==> 2df0:  INC BC              PC:2df1 AF:0002 BC:4916 DE:0203 HL:0741 SP:f789 IX:0000 IY:0000 Flags:00000010 [03 15 c2]
==> 2df1:  DEC D               PC:2df2 AF:0002 BC:4916 DE:0103 HL:0741 SP:f789 IX:0000 IY:0000 Flags:00000010 [15 c2 ef]
==> 2df2:  JP NZ, 2defh        PC:2def AF:0002 BC:4916 DE:0103 HL:0741 SP:f789 IX:0000 IY:0000 Flags:00000010 [c2 ef 2d]
==> 2def:  LD (BC), A          PC:2df0 AF:0002 BC:4916 DE:0103 HL:0741 SP:f789 IX:0000 IY:0000 Flags:00000010 [02 03 15]
==> 2df0:  INC BC              PC:2df1 AF:0002 BC:4917 DE:0103 HL:0741 SP:f789 IX:0000 IY:0000 Flags:00000010 [03 15 c2]
==> 2df1:  DEC D               PC:2df2 AF:0042 BC:4917 DE:0003 HL:0741 SP:f789 IX:0000 IY:0000 Flags:01000010 [15 c2 ef]
==> 2df2:  JP NZ, 2defh        PC:2df5 AF:0042 BC:4917 DE:0003 HL:0741 SP:f789 IX:0000 IY:0000 Flags:01000010 [c2 ef 2d]
==> 2df5:  RET                 PC:34ec AF:0042 BC:4917 DE:0003 HL:0741 SP:f78b IX:0000 IY:0000 Flags:01000010 [c9 cd 80]
==> 34ec:  POP AF              PC:34ed AF:0344 BC:4917 DE:0003 HL:0741 SP:f78d IX:0000 IY:0000 Flags:01000100 [f1 c1 3d]
==> 34ed:  POP BC              PC:34ee AF:0344 BC:2dbc DE:0003 HL:0741 SP:f78f IX:0000 IY:0000 Flags:01000100 [c1 3d f2]
==> 34ee:  DEC A               PC:34ef AF:0202 BC:2dbc DE:0003 HL:0741 SP:f78f IX:0000 IY:0000 Flags:00000010 [3d f2 e4]
==> 34ef:  JP P, 34e4h         PC:34e4 AF:0202 BC:2dbc DE:0003 HL:0741 SP:f78f IX:0000 IY:0000 Flags:00000010 [f2 e4 34]
==> 34e4:  PUSH BC             PC:34e5 AF:0202 BC:2dbc DE:0003 HL:0741 SP:f78d IX:0000 IY:0000 Flags:00000010 [c5 f5 11]
==> 34e5:  PUSH AF             PC:34e6 AF:0202 BC:2dbc DE:0003 HL:0741 SP:f78b IX:0000 IY:0000 Flags:00000010 [f5 11 ec]
==> 34e6:  LD DE, 34ech        PC:34e9 AF:0202 BC:2dbc DE:34ec HL:0741 SP:f78b IX:0000 IY:0000 Flags:00000010 [11 ec 34]
==> 34e9:  PUSH DE             PC:34ea AF:0202 BC:2dbc DE:34ec HL:0741 SP:f789 IX:0000 IY:0000 Flags:00000010 [d5 c5 c9]
==> 34ea:  PUSH BC             PC:34eb AF:0202 BC:2dbc DE:34ec HL:0741 SP:f787 IX:0000 IY:0000 Flags:00000010 [c5 c9 f1]
==> 34eb:  RET                 PC:2dbc AF:0202 BC:2dbc DE:34ec HL:0741 SP:f789 IX:0000 IY:0000 Flags:00000010 [c9 f1 c1]
==> 2dbc:  CALL 3283h          PC:3283 AF:0202 BC:2dbc DE:34ec HL:0741 SP:f787 IX:0000 IY:0000 Flags:00000010 [cd 83 32]
==> 3283:  LD E, A             PC:3284 AF:0202 BC:2dbc DE:3402 HL:0741 SP:f787 IX:0000 IY:0000 Flags:00000010 [5f 3a 59]
==> 3284:  LD A, (0759h)       PC:3287 AF:0302 BC:2dbc DE:3402 HL:0741 SP:f787 IX:0000 IY:0000 Flags:00000010 [3a 59 07]
==> 3287:  CP A, E             PC:3288 AF:0302 BC:2dbc DE:3402 HL:0741 SP:f787 IX:0000 IY:0000 Flags:00000010 [bb da a7]
==> 3288:  JP C, 31a7h         PC:328b AF:0302 BC:2dbc DE:3402 HL:0741 SP:f787 IX:0000 IY:0000 Flags:00000010 [da a7 31]
==> 328b:  LD D, 00h           PC:328d AF:0302 BC:2dbc DE:0002 HL:0741 SP:f787 IX:0000 IY:0000 Flags:00000010 [16 00 e5]
==> 328d:  PUSH HL             PC:328e AF:0302 BC:2dbc DE:0002 HL:0741 SP:f785 IX:0000 IY:0000 Flags:00000010 [e5 21 39]
==> 328e:  LD HL, 0739h        PC:3291 AF:0302 BC:2dbc DE:0002 HL:0739 SP:f785 IX:0000 IY:0000 Flags:00000010 [21 39 07]
==> 3291:  ADD HL, DE          PC:3292 AF:0300 BC:2dbc DE:0002 HL:073b SP:f785 IX:0000 IY:0000 Flags:00000000 [19 19 4e]
==> 3292:  ADD HL, DE          PC:3293 AF:0300 BC:2dbc DE:0002 HL:073d SP:f785 IX:0000 IY:0000 Flags:00000000 [19 4e 23]
==> 3293:  LD C, (HL)          PC:3294 AF:0300 BC:2d4b DE:0002 HL:073d SP:f785 IX:0000 IY:0000 Flags:00000000 [4e 23 46]
==> 3294:  INC HL              PC:3295 AF:0300 BC:2d4b DE:0002 HL:073e SP:f785 IX:0000 IY:0000 Flags:00000000 [23 46 0a]
==> 3295:  LD B, (HL)          PC:3296 AF:0300 BC:484b DE:0002 HL:073e SP:f785 IX:0000 IY:0000 Flags:00000000 [46 0a b7]
==> 3296:  LD A, (BC)          PC:3297 AF:0000 BC:484b DE:0002 HL:073e SP:f785 IX:0000 IY:0000 Flags:00000000 [0a b7 e1]
==> 3297:  OR A, A             PC:3298 AF:0044 BC:484b DE:0002 HL:073e SP:f785 IX:0000 IY:0000 Flags:01000100 [b7 e1 c9]
==> 3298:  POP HL              PC:3299 AF:0044 BC:484b DE:0002 HL:0741 SP:f787 IX:0000 IY:0000 Flags:01000100 [e1 c9 cd]
==> 3299:  RET                 PC:2dbf AF:0044 BC:484b DE:0002 HL:0741 SP:f789 IX:0000 IY:0000 Flags:01000100 [c9 cd 84]
==> 2dbf:  JP Z, 2dech         PC:2dec AF:0044 BC:484b DE:0002 HL:0741 SP:f789 IX:0000 IY:0000 Flags:01000100 [ca ec 2d]
==> 2dec:  LD D, 26h           PC:2dee AF:0044 BC:484b DE:2602 HL:0741 SP:f789 IX:0000 IY:0000 Flags:01000100 [16 26 af]
==> 2dee:  XOR A, A            PC:2def AF:0044 BC:484b DE:2602 HL:0741 SP:f789 IX:0000 IY:0000 Flags:01000100 [af 02 03]
==> 2def:  LD (BC), A          PC:2df0 AF:0044 BC:484b DE:2602 HL:0741 SP:f789 IX:0000 IY:0000 Flags:01000100 [02 03 15]
==> 2df0:  INC BC              PC:2df1 AF:0044 BC:484c DE:2602 HL:0741 SP:f789 IX:0000 IY:0000 Flags:01000100 [03 15 c2]
==> 2df1:  DEC D               PC:2df2 AF:0022 BC:484c DE:2502 HL:0741 SP:f789 IX:0000 IY:0000 Flags:00100010 [15 c2 ef]
==> 2df2:  JP NZ, 2defh        PC:2def AF:0022 BC:484c DE:2502 HL:0741 SP:f789 IX:0000 IY:0000 Flags:00100010 [c2 ef 2d]
==> 2def:  LD (BC), A          PC:2df0 AF:0022 BC:484c DE:2502 HL:0741 SP:f789 IX:0000 IY:0000 Flags:00100010 [02 03 15]
==> 2df0:  INC BC              PC:2df1 AF:0022 BC:484d DE:2502 HL:0741 SP:f789 IX:0000 IY:0000 Flags:00100010 [03 15 c2]
==> 2df1:  DEC D               PC:2df2 AF:0022 BC:484d DE:2402 HL:0741 SP:f789 IX:0000 IY:0000 Flags:00100010 [15 c2 ef]
==> 2df2:  JP NZ, 2defh        PC:2def AF:0022 BC:484d DE:2402 HL:0741 SP:f789 IX:0000 IY:0000 Flags:00100010 [c2 ef 2d]
==> 2def:  LD (BC), A          PC:2df0 AF:0022 BC:484d DE:2402 HL:0741 SP:f789 IX:0000 IY:0000 Flags:00100010 [02 03 15]
==> 2df0:  INC BC              PC:2df1 AF:0022 BC:484e DE:2402 HL:0741 SP:f789 IX:0000 IY:0000 Flags:00100010 [03 15 c2]
==> 2df1:  DEC D               PC:2df2 AF:0022 BC:484e DE:2302 HL:0741 SP:f789 IX:0000 IY:0000 Flags:00100010 [15 c2 ef]
==> 2df2:  JP NZ, 2defh        PC:2def AF:0022 BC:484e DE:2302 HL:0741 SP:f789 IX:0000 IY:0000 Flags:00100010 [c2 ef 2d]
==> 2def:  LD (BC), A          PC:2df0 AF:0022 BC:484e DE:2302 HL:0741 SP:f789 IX:0000 IY:0000 Flags:00100010 [02 03 15]
==> 2df0:  INC BC              PC:2df1 AF:0022 BC:484f DE:2302 HL:0741 SP:f789 IX:0000 IY:0000 Flags:00100010 [03 15 c2]
==> 2df1:  DEC D               PC:2df2 AF:0022 BC:484f DE:2202 HL:0741 SP:f789 IX:0000 IY:0000 Flags:00100010 [15 c2 ef]
==> 2df2:  JP NZ, 2defh        PC:2def AF:0022 BC:484f DE:2202 HL:0741 SP:f789 IX:0000 IY:0000 Flags:00100010 [c2 ef 2d]
==> 2def:  LD (BC), A          PC:2df0 AF:0022 BC:484f DE:2202 HL:0741 SP:f789 IX:0000 IY:0000 Flags:00100010 [02 03 15]
==> 2df0:  INC BC              PC:2df1 AF:0022 BC:4850 DE:2202 HL:0741 SP:f789 IX:0000 IY:0000 Flags:00100010 [03 15 c2]
==> 2df1:  DEC D               PC:2df2 AF:0022 BC:4850 DE:2102 HL:0741 SP:f789 IX:0000 IY:0000 Flags:00100010 [15 c2 ef]
==> 2df2:  JP NZ, 2defh        PC:2def AF:0022 BC:4850 DE:2102 HL:0741 SP:f789 IX:0000 IY:0000 Flags:00100010 [c2 ef 2d]
==> 2def:  LD (BC), A          PC:2df0 AF:0022 BC:4850 DE:2102 HL:0741 SP:f789 IX:0000 IY:0000 Flags:00100010 [02 03 15]
==> 2df0:  INC BC              PC:2df1 AF:0022 BC:4851 DE:2102 HL:0741 SP:f789 IX:0000 IY:0000 Flags:00100010 [03 15 c2]
==> 2df1:  DEC D               PC:2df2 AF:0022 BC:4851 DE:2002 HL:0741 SP:f789 IX:0000 IY:0000 Flags:00100010 [15 c2 ef]
==> 2df2:  JP NZ, 2defh        PC:2def AF:0022 BC:4851 DE:2002 HL:0741 SP:f789 IX:0000 IY:0000 Flags:00100010 [c2 ef 2d]
==> 2def:  LD (BC), A          PC:2df0 AF:0022 BC:4851 DE:2002 HL:0741 SP:f789 IX:0000 IY:0000 Flags:00100010 [02 03 15]
==> 2df0:  INC BC              PC:2df1 AF:0022 BC:4852 DE:2002 HL:0741 SP:f789 IX:0000 IY:0000 Flags:00100010 [03 15 c2]
==> 2df1:  DEC D               PC:2df2 AF:001a BC:4852 DE:1f02 HL:0741 SP:f789 IX:0000 IY:0000 Flags:00011010 [15 c2 ef]
==> 2df2:  JP NZ, 2defh        PC:2def AF:001a BC:4852 DE:1f02 HL:0741 SP:f789 IX:0000 IY:0000 Flags:00011010 [c2 ef 2d]
==> 2def:  LD (BC), A          PC:2df0 AF:001a BC:4852 DE:1f02 HL:0741 SP:f789 IX:0000 IY:0000 Flags:00011010 [02 03 15]
==> 2df0:  INC BC              PC:2df1 AF:001a BC:4853 DE:1f02 HL:0741 SP:f789 IX:0000 IY:0000 Flags:00011010 [03 15 c2]
==> 2df1:  DEC D               PC:2df2 AF:000a BC:4853 DE:1e02 HL:0741 SP:f789 IX:0000 IY:0000 Flags:00001010 [15 c2 ef]
==> 2df2:  JP NZ, 2defh        PC:2def AF:000a BC:4853 DE:1e02 HL:0741 SP:f789 IX:0000 IY:0000 Flags:00001010 [c2 ef 2d]
==> 2def:  LD (BC), A          PC:2df0 AF:000a BC:4853 DE:1e02 HL:0741 SP:f789 IX:0000 IY:0000 Flags:00001010 [02 03 15]
==> 2df0:  INC BC              PC:2df1 AF:000a BC:4854 DE:1e02 HL:0741 SP:f789 IX:0000 IY:0000 Flags:00001010 [03 15 c2]
==> 2df1:  DEC D               PC:2df2 AF:000a BC:4854 DE:1d02 HL:0741 SP:f789 IX:0000 IY:0000 Flags:00001010 [15 c2 ef]
==> 2df2:  JP NZ, 2defh        PC:2def AF:000a BC:4854 DE:1d02 HL:0741 SP:f789 IX:0000 IY:0000 Flags:00001010 [c2 ef 2d]
==> 2def:  LD (BC), A          PC:2df0 AF:000a BC:4854 DE:1d02 HL:0741 SP:f789 IX:0000 IY:0000 Flags:00001010 [02 03 15]
==> 2df0:  INC BC              PC:2df1 AF:000a BC:4855 DE:1d02 HL:0741 SP:f789 IX:0000 IY:0000 Flags:00001010 [03 15 c2]
==> 2df1:  DEC D               PC:2df2 AF:000a BC:4855 DE:1c02 HL:0741 SP:f789 IX:0000 IY:0000 Flags:00001010 [15 c2 ef]
==> 2df2:  JP NZ, 2defh        PC:2def AF:000a BC:4855 DE:1c02 HL:0741 SP:f789 IX:0000 IY:0000 Flags:00001010 [c2 ef 2d]
==> 2def:  LD (BC), A          PC:2df0 AF:000a BC:4855 DE:1c02 HL:0741 SP:f789 IX:0000 IY:0000 Flags:00001010 [02 03 15]
==> 2df0:  INC BC              PC:2df1 AF:000a BC:4856 DE:1c02 HL:0741 SP:f789 IX:0000 IY:0000 Flags:00001010 [03 15 c2]
==> 2df1:  DEC D               PC:2df2 AF:000a BC:4856 DE:1b02 HL:0741 SP:f789 IX:0000 IY:0000 Flags:00001010 [15 c2 ef]
==> 2df2:  JP NZ, 2defh        PC:2def AF:000a BC:4856 DE:1b02 HL:0741 SP:f789 IX:0000 IY:0000 Flags:00001010 [c2 ef 2d]
==> 2def:  LD (BC), A          PC:2df0 AF:000a BC:4856 DE:1b02 HL:0741 SP:f789 IX:0000 IY:0000 Flags:00001010 [02 03 15]
==> 2df0:  INC BC              PC:2df1 AF:000a BC:4857 DE:1b02 HL:0741 SP:f789 IX:0000 IY:0000 Flags:00001010 [03 15 c2]
==> 2df1:  DEC D               PC:2df2 AF:000a BC:4857 DE:1a02 HL:0741 SP:f789 IX:0000 IY:0000 Flags:00001010 [15 c2 ef]
==> 2df2:  JP NZ, 2defh        PC:2def AF:000a BC:4857 DE:1a02 HL:0741 SP:f789 IX:0000 IY:0000 Flags:00001010 [c2 ef 2d]
==> 2def:  LD (BC), A          PC:2df0 AF:000a BC:4857 DE:1a02 HL:0741 SP:f789 IX:0000 IY:0000 Flags:00001010 [02 03 15]
==> 2df0:  INC BC              PC:2df1 AF:000a BC:4858 DE:1a02 HL:0741 SP:f789 IX:0000 IY:0000 Flags:00001010 [03 15 c2]
==> 2df1:  DEC D               PC:2df2 AF:000a BC:4858 DE:1902 HL:0741 SP:f789 IX:0000 IY:0000 Flags:00001010 [15 c2 ef]
==> 2df2:  JP NZ, 2defh        PC:2def AF:000a BC:4858 DE:1902 HL:0741 SP:f789 IX:0000 IY:0000 Flags:00001010 [c2 ef 2d]
==> 2def:  LD (BC), A          PC:2df0 AF:000a BC:4858 DE:1902 HL:0741 SP:f789 IX:0000 IY:0000 Flags:00001010 [02 03 15]
==> 2df0:  INC BC              PC:2df1 AF:000a BC:4859 DE:1902 HL:0741 SP:f789 IX:0000 IY:0000 Flags:00001010 [03 15 c2]
==> 2df1:  DEC D               PC:2df2 AF:000a BC:4859 DE:1802 HL:0741 SP:f789 IX:0000 IY:0000 Flags:00001010 [15 c2 ef]
==> 2df2:  JP NZ, 2defh        PC:2def AF:000a BC:4859 DE:1802 HL:0741 SP:f789 IX:0000 IY:0000 Flags:00001010 [c2 ef 2d]
==> 2def:  LD (BC), A          PC:2df0 AF:000a BC:4859 DE:1802 HL:0741 SP:f789 IX:0000 IY:0000 Flags:00001010 [02 03 15]
==> 2df0:  INC BC              PC:2df1 AF:000a BC:485a DE:1802 HL:0741 SP:f789 IX:0000 IY:0000 Flags:00001010 [03 15 c2]
==> 2df1:  DEC D               PC:2df2 AF:0002 BC:485a DE:1702 HL:0741 SP:f789 IX:0000 IY:0000 Flags:00000010 [15 c2 ef]
==> 2df2:  JP NZ, 2defh        PC:2def AF:0002 BC:485a DE:1702 HL:0741 SP:f789 IX:0000 IY:0000 Flags:00000010 [c2 ef 2d]
==> 2def:  LD (BC), A          PC:2df0 AF:0002 BC:485a DE:1702 HL:0741 SP:f789 IX:0000 IY:0000 Flags:00000010 [02 03 15]
==> 2df0:  INC BC              PC:2df1 AF:0002 BC:485b DE:1702 HL:0741 SP:f789 IX:0000 IY:0000 Flags:00000010 [03 15 c2]
==> 2df1:  DEC D               PC:2df2 AF:0002 BC:485b DE:1602 HL:0741 SP:f789 IX:0000 IY:0000 Flags:00000010 [15 c2 ef]
==> 2df2:  JP NZ, 2defh        PC:2def AF:0002 BC:485b DE:1602 HL:0741 SP:f789 IX:0000 IY:0000 Flags:00000010 [c2 ef 2d]
==> 2def:  LD (BC), A          PC:2df0 AF:0002 BC:485b DE:1602 HL:0741 SP:f789 IX:0000 IY:0000 Flags:00000010 [02 03 15]
==> 2df0:  INC BC              PC:2df1 AF:0002 BC:485c DE:1602 HL:0741 SP:f789 IX:0000 IY:0000 Flags:00000010 [03 15 c2]
==> 2df1:  DEC D               PC:2df2 AF:0002 BC:485c DE:1502 HL:0741 SP:f789 IX:0000 IY:0000 Flags:00000010 [15 c2 ef]
==> 2df2:  JP NZ, 2defh        PC:2def AF:0002 BC:485c DE:1502 HL:0741 SP:f789 IX:0000 IY:0000 Flags:00000010 [c2 ef 2d]
==> 2def:  LD (BC), A          PC:2df0 AF:0002 BC:485c DE:1502 HL:0741 SP:f789 IX:0000 IY:0000 Flags:00000010 [02 03 15]
==> 2df0:  INC BC              PC:2df1 AF:0002 BC:485d DE:1502 HL:0741 SP:f789 IX:0000 IY:0000 Flags:00000010 [03 15 c2]
==> 2df1:  DEC D               PC:2df2 AF:0002 BC:485d DE:1402 HL:0741 SP:f789 IX:0000 IY:0000 Flags:00000010 [15 c2 ef]
==> 2df2:  JP NZ, 2defh        PC:2def AF:0002 BC:485d DE:1402 HL:0741 SP:f789 IX:0000 IY:0000 Flags:00000010 [c2 ef 2d]
==> 2def:  LD (BC), A          PC:2df0 AF:0002 BC:485d DE:1402 HL:0741 SP:f789 IX:0000 IY:0000 Flags:00000010 [02 03 15]
==> 2df0:  INC BC              PC:2df1 AF:0002 BC:485e DE:1402 HL:0741 SP:f789 IX:0000 IY:0000 Flags:00000010 [03 15 c2]
==> 2df1:  DEC D               PC:2df2 AF:0002 BC:485e DE:1302 HL:0741 SP:f789 IX:0000 IY:0000 Flags:00000010 [15 c2 ef]
==> 2df2:  JP NZ, 2defh        PC:2def AF:0002 BC:485e DE:1302 HL:0741 SP:f789 IX:0000 IY:0000 Flags:00000010 [c2 ef 2d]
==> 2def:  LD (BC), A          PC:2df0 AF:0002 BC:485e DE:1302 HL:0741 SP:f789 IX:0000 IY:0000 Flags:00000010 [02 03 15]
==> 2df0:  INC BC              PC:2df1 AF:0002 BC:485f DE:1302 HL:0741 SP:f789 IX:0000 IY:0000 Flags:00000010 [03 15 c2]
==> 2df1:  DEC D               PC:2df2 AF:0002 BC:485f DE:1202 HL:0741 SP:f789 IX:0000 IY:0000 Flags:00000010 [15 c2 ef]
==> 2df2:  JP NZ, 2defh        PC:2def AF:0002 BC:485f DE:1202 HL:0741 SP:f789 IX:0000 IY:0000 Flags:00000010 [c2 ef 2d]
==> 2def:  LD (BC), A          PC:2df0 AF:0002 BC:485f DE:1202 HL:0741 SP:f789 IX:0000 IY:0000 Flags:00000010 [02 03 15]
==> 2df0:  INC BC              PC:2df1 AF:0002 BC:4860 DE:1202 HL:0741 SP:f789 IX:0000 IY:0000 Flags:00000010 [03 15 c2]
==> 2df1:  DEC D               PC:2df2 AF:0002 BC:4860 DE:1102 HL:0741 SP:f789 IX:0000 IY:0000 Flags:00000010 [15 c2 ef]
==> 2df2:  JP NZ, 2defh        PC:2def AF:0002 BC:4860 DE:1102 HL:0741 SP:f789 IX:0000 IY:0000 Flags:00000010 [c2 ef 2d]
==> 2def:  LD (BC), A          PC:2df0 AF:0002 BC:4860 DE:1102 HL:0741 SP:f789 IX:0000 IY:0000 Flags:00000010 [02 03 15]
==> 2df0:  INC BC              PC:2df1 AF:0002 BC:4861 DE:1102 HL:0741 SP:f789 IX:0000 IY:0000 Flags:00000010 [03 15 c2]
==> 2df1:  DEC D               PC:2df2 AF:0002 BC:4861 DE:1002 HL:0741 SP:f789 IX:0000 IY:0000 Flags:00000010 [15 c2 ef]
==> 2df2:  JP NZ, 2defh        PC:2def AF:0002 BC:4861 DE:1002 HL:0741 SP:f789 IX:0000 IY:0000 Flags:00000010 [c2 ef 2d]
==> 2def:  LD (BC), A          PC:2df0 AF:0002 BC:4861 DE:1002 HL:0741 SP:f789 IX:0000 IY:0000 Flags:00000010 [02 03 15]
==> 2df0:  INC BC              PC:2df1 AF:0002 BC:4862 DE:1002 HL:0741 SP:f789 IX:0000 IY:0000 Flags:00000010 [03 15 c2]
==> 2df1:  DEC D               PC:2df2 AF:001a BC:4862 DE:0f02 HL:0741 SP:f789 IX:0000 IY:0000 Flags:00011010 [15 c2 ef]
==> 2df2:  JP NZ, 2defh        PC:2def AF:001a BC:4862 DE:0f02 HL:0741 SP:f789 IX:0000 IY:0000 Flags:00011010 [c2 ef 2d]
==> 2def:  LD (BC), A          PC:2df0 AF:001a BC:4862 DE:0f02 HL:0741 SP:f789 IX:0000 IY:0000 Flags:00011010 [02 03 15]
==> 2df0:  INC BC              PC:2df1 AF:001a BC:4863 DE:0f02 HL:0741 SP:f789 IX:0000 IY:0000 Flags:00011010 [03 15 c2]
==> 2df1:  DEC D               PC:2df2 AF:000a BC:4863 DE:0e02 HL:0741 SP:f789 IX:0000 IY:0000 Flags:00001010 [15 c2 ef]
==> 2df2:  JP NZ, 2defh        PC:2def AF:000a BC:4863 DE:0e02 HL:0741 SP:f789 IX:0000 IY:0000 Flags:00001010 [c2 ef 2d]
==> 2def:  LD (BC), A          PC:2df0 AF:000a BC:4863 DE:0e02 HL:0741 SP:f789 IX:0000 IY:0000 Flags:00001010 [02 03 15]
==> 2df0:  INC BC              PC:2df1 AF:000a BC:4864 DE:0e02 HL:0741 SP:f789 IX:0000 IY:0000 Flags:00001010 [03 15 c2]
==> 2df1:  DEC D               PC:2df2 AF:000a BC:4864 DE:0d02 HL:0741 SP:f789 IX:0000 IY:0000 Flags:00001010 [15 c2 ef]
==> 2df2:  JP NZ, 2defh        PC:2def AF:000a BC:4864 DE:0d02 HL:0741 SP:f789 IX:0000 IY:0000 Flags:00001010 [c2 ef 2d]
==> 2def:  LD (BC), A          PC:2df0 AF:000a BC:4864 DE:0d02 HL:0741 SP:f789 IX:0000 IY:0000 Flags:00001010 [02 03 15]
==> 2df0:  INC BC              PC:2df1 AF:000a BC:4865 DE:0d02 HL:0741 SP:f789 IX:0000 IY:0000 Flags:00001010 [03 15 c2]
==> 2df1:  DEC D               PC:2df2 AF:000a BC:4865 DE:0c02 HL:0741 SP:f789 IX:0000 IY:0000 Flags:00001010 [15 c2 ef]
==> 2df2:  JP NZ, 2defh        PC:2def AF:000a BC:4865 DE:0c02 HL:0741 SP:f789 IX:0000 IY:0000 Flags:00001010 [c2 ef 2d]
==> 2def:  LD (BC), A          PC:2df0 AF:000a BC:4865 DE:0c02 HL:0741 SP:f789 IX:0000 IY:0000 Flags:00001010 [02 03 15]
==> 2df0:  INC BC              PC:2df1 AF:000a BC:4866 DE:0c02 HL:0741 SP:f789 IX:0000 IY:0000 Flags:00001010 [03 15 c2]
==> 2df1:  DEC D               PC:2df2 AF:000a BC:4866 DE:0b02 HL:0741 SP:f789 IX:0000 IY:0000 Flags:00001010 [15 c2 ef]
==> 2df2:  JP NZ, 2defh        PC:2def AF:000a BC:4866 DE:0b02 HL:0741 SP:f789 IX:0000 IY:0000 Flags:00001010 [c2 ef 2d]
==> 2def:  LD (BC), A          PC:2df0 AF:000a BC:4866 DE:0b02 HL:0741 SP:f789 IX:0000 IY:0000 Flags:00001010 [02 03 15]
==> 2df0:  INC BC              PC:2df1 AF:000a BC:4867 DE:0b02 HL:0741 SP:f789 IX:0000 IY:0000 Flags:00001010 [03 15 c2]
==> 2df1:  DEC D               PC:2df2 AF:000a BC:4867 DE:0a02 HL:0741 SP:f789 IX:0000 IY:0000 Flags:00001010 [15 c2 ef]
==> 2df2:  JP NZ, 2defh        PC:2def AF:000a BC:4867 DE:0a02 HL:0741 SP:f789 IX:0000 IY:0000 Flags:00001010 [c2 ef 2d]
==> 2def:  LD (BC), A          PC:2df0 AF:000a BC:4867 DE:0a02 HL:0741 SP:f789 IX:0000 IY:0000 Flags:00001010 [02 03 15]
==> 2df0:  INC BC              PC:2df1 AF:000a BC:4868 DE:0a02 HL:0741 SP:f789 IX:0000 IY:0000 Flags:00001010 [03 15 c2]
==> 2df1:  DEC D               PC:2df2 AF:000a BC:4868 DE:0902 HL:0741 SP:f789 IX:0000 IY:0000 Flags:00001010 [15 c2 ef]
==> 2df2:  JP NZ, 2defh        PC:2def AF:000a BC:4868 DE:0902 HL:0741 SP:f789 IX:0000 IY:0000 Flags:00001010 [c2 ef 2d]
==> 2def:  LD (BC), A          PC:2df0 AF:000a BC:4868 DE:0902 HL:0741 SP:f789 IX:0000 IY:0000 Flags:00001010 [02 03 15]
==> 2df0:  INC BC              PC:2df1 AF:000a BC:4869 DE:0902 HL:0741 SP:f789 IX:0000 IY:0000 Flags:00001010 [03 15 c2]
==> 2df1:  DEC D               PC:2df2 AF:000a BC:4869 DE:0802 HL:0741 SP:f789 IX:0000 IY:0000 Flags:00001010 [15 c2 ef]
==> 2df2:  JP NZ, 2defh        PC:2def AF:000a BC:4869 DE:0802 HL:0741 SP:f789 IX:0000 IY:0000 Flags:00001010 [c2 ef 2d]
==> 2def:  LD (BC), A          PC:2df0 AF:000a BC:4869 DE:0802 HL:0741 SP:f789 IX:0000 IY:0000 Flags:00001010 [02 03 15]
==> 2df0:  INC BC              PC:2df1 AF:000a BC:486a DE:0802 HL:0741 SP:f789 IX:0000 IY:0000 Flags:00001010 [03 15 c2]
==> 2df1:  DEC D               PC:2df2 AF:0002 BC:486a DE:0702 HL:0741 SP:f789 IX:0000 IY:0000 Flags:00000010 [15 c2 ef]
==> 2df2:  JP NZ, 2defh        PC:2def AF:0002 BC:486a DE:0702 HL:0741 SP:f789 IX:0000 IY:0000 Flags:00000010 [c2 ef 2d]
==> 2def:  LD (BC), A          PC:2df0 AF:0002 BC:486a DE:0702 HL:0741 SP:f789 IX:0000 IY:0000 Flags:00000010 [02 03 15]
==> 2df0:  INC BC              PC:2df1 AF:0002 BC:486b DE:0702 HL:0741 SP:f789 IX:0000 IY:0000 Flags:00000010 [03 15 c2]
==> 2df1:  DEC D               PC:2df2 AF:0002 BC:486b DE:0602 HL:0741 SP:f789 IX:0000 IY:0000 Flags:00000010 [15 c2 ef]
==> 2df2:  JP NZ, 2defh        PC:2def AF:0002 BC:486b DE:0602 HL:0741 SP:f789 IX:0000 IY:0000 Flags:00000010 [c2 ef 2d]
==> 2def:  LD (BC), A          PC:2df0 AF:0002 BC:486b DE:0602 HL:0741 SP:f789 IX:0000 IY:0000 Flags:00000010 [02 03 15]
==> 2df0:  INC BC              PC:2df1 AF:0002 BC:486c DE:0602 HL:0741 SP:f789 IX:0000 IY:0000 Flags:00000010 [03 15 c2]
==> 2df1:  DEC D               PC:2df2 AF:0002 BC:486c DE:0502 HL:0741 SP:f789 IX:0000 IY:0000 Flags:00000010 [15 c2 ef]
==> 2df2:  JP NZ, 2defh        PC:2def AF:0002 BC:486c DE:0502 HL:0741 SP:f789 IX:0000 IY:0000 Flags:00000010 [c2 ef 2d]
==> 2def:  LD (BC), A          PC:2df0 AF:0002 BC:486c DE:0502 HL:0741 SP:f789 IX:0000 IY:0000 Flags:00000010 [02 03 15]
==> 2df0:  INC BC              PC:2df1 AF:0002 BC:486d DE:0502 HL:0741 SP:f789 IX:0000 IY:0000 Flags:00000010 [03 15 c2]
==> 2df1:  DEC D               PC:2df2 AF:0002 BC:486d DE:0402 HL:0741 SP:f789 IX:0000 IY:0000 Flags:00000010 [15 c2 ef]
==> 2df2:  JP NZ, 2defh        PC:2def AF:0002 BC:486d DE:0402 HL:0741 SP:f789 IX:0000 IY:0000 Flags:00000010 [c2 ef 2d]
==> 2def:  LD (BC), A          PC:2df0 AF:0002 BC:486d DE:0402 HL:0741 SP:f789 IX:0000 IY:0000 Flags:00000010 [02 03 15]
==> 2df0:  INC BC              PC:2df1 AF:0002 BC:486e DE:0402 HL:0741 SP:f789 IX:0000 IY:0000 Flags:00000010 [03 15 c2]
==> 2df1:  DEC D               PC:2df2 AF:0002 BC:486e DE:0302 HL:0741 SP:f789 IX:0000 IY:0000 Flags:00000010 [15 c2 ef]
==> 2df2:  JP NZ, 2defh        PC:2def AF:0002 BC:486e DE:0302 HL:0741 SP:f789 IX:0000 IY:0000 Flags:00000010 [c2 ef 2d]
==> 2def:  LD (BC), A          PC:2df0 AF:0002 BC:486e DE:0302 HL:0741 SP:f789 IX:0000 IY:0000 Flags:00000010 [02 03 15]
==> 2df0:  INC BC              PC:2df1 AF:0002 BC:486f DE:0302 HL:0741 SP:f789 IX:0000 IY:0000 Flags:00000010 [03 15 c2]
==> 2df1:  DEC D               PC:2df2 AF:0002 BC:486f DE:0202 HL:0741 SP:f789 IX:0000 IY:0000 Flags:00000010 [15 c2 ef]
==> 2df2:  JP NZ, 2defh        PC:2def AF:0002 BC:486f DE:0202 HL:0741 SP:f789 IX:0000 IY:0000 Flags:00000010 [c2 ef 2d]
==> 2def:  LD (BC), A          PC:2df0 AF:0002 BC:486f DE:0202 HL:0741 SP:f789 IX:0000 IY:0000 Flags:00000010 [02 03 15]
==> 2df0:  INC BC              PC:2df1 AF:0002 BC:4870 DE:0202 HL:0741 SP:f789 IX:0000 IY:0000 Flags:00000010 [03 15 c2]
==> 2df1:  DEC D               PC:2df2 AF:0002 BC:4870 DE:0102 HL:0741 SP:f789 IX:0000 IY:0000 Flags:00000010 [15 c2 ef]
==> 2df2:  JP NZ, 2defh        PC:2def AF:0002 BC:4870 DE:0102 HL:0741 SP:f789 IX:0000 IY:0000 Flags:00000010 [c2 ef 2d]
==> 2def:  LD (BC), A          PC:2df0 AF:0002 BC:4870 DE:0102 HL:0741 SP:f789 IX:0000 IY:0000 Flags:00000010 [02 03 15]
==> 2df0:  INC BC              PC:2df1 AF:0002 BC:4871 DE:0102 HL:0741 SP:f789 IX:0000 IY:0000 Flags:00000010 [03 15 c2]
==> 2df1:  DEC D               PC:2df2 AF:0042 BC:4871 DE:0002 HL:0741 SP:f789 IX:0000 IY:0000 Flags:01000010 [15 c2 ef]
==> 2df2:  JP NZ, 2defh        PC:2df5 AF:0042 BC:4871 DE:0002 HL:0741 SP:f789 IX:0000 IY:0000 Flags:01000010 [c2 ef 2d]
==> 2df5:  RET                 PC:34ec AF:0042 BC:4871 DE:0002 HL:0741 SP:f78b IX:0000 IY:0000 Flags:01000010 [c9 cd 80]
==> 34ec:  POP AF              PC:34ed AF:0202 BC:4871 DE:0002 HL:0741 SP:f78d IX:0000 IY:0000 Flags:00000010 [f1 c1 3d]
==> 34ed:  POP BC              PC:34ee AF:0202 BC:2dbc DE:0002 HL:0741 SP:f78f IX:0000 IY:0000 Flags:00000010 [c1 3d f2]
==> 34ee:  DEC A               PC:34ef AF:0102 BC:2dbc DE:0002 HL:0741 SP:f78f IX:0000 IY:0000 Flags:00000010 [3d f2 e4]
==> 34ef:  JP P, 34e4h         PC:34e4 AF:0102 BC:2dbc DE:0002 HL:0741 SP:f78f IX:0000 IY:0000 Flags:00000010 [f2 e4 34]
==> 34e4:  PUSH BC             PC:34e5 AF:0102 BC:2dbc DE:0002 HL:0741 SP:f78d IX:0000 IY:0000 Flags:00000010 [c5 f5 11]
==> 34e5:  PUSH AF             PC:34e6 AF:0102 BC:2dbc DE:0002 HL:0741 SP:f78b IX:0000 IY:0000 Flags:00000010 [f5 11 ec]
==> 34e6:  LD DE, 34ech        PC:34e9 AF:0102 BC:2dbc DE:34ec HL:0741 SP:f78b IX:0000 IY:0000 Flags:00000010 [11 ec 34]
==> 34e9:  PUSH DE             PC:34ea AF:0102 BC:2dbc DE:34ec HL:0741 SP:f789 IX:0000 IY:0000 Flags:00000010 [d5 c5 c9]
==> 34ea:  PUSH BC             PC:34eb AF:0102 BC:2dbc DE:34ec HL:0741 SP:f787 IX:0000 IY:0000 Flags:00000010 [c5 c9 f1]
==> 34eb:  RET                 PC:2dbc AF:0102 BC:2dbc DE:34ec HL:0741 SP:f789 IX:0000 IY:0000 Flags:00000010 [c9 f1 c1]
==> 2dbc:  CALL 3283h          PC:3283 AF:0102 BC:2dbc DE:34ec HL:0741 SP:f787 IX:0000 IY:0000 Flags:00000010 [cd 83 32]
==> 3283:  LD E, A             PC:3284 AF:0102 BC:2dbc DE:3401 HL:0741 SP:f787 IX:0000 IY:0000 Flags:00000010 [5f 3a 59]
==> 3284:  LD A, (0759h)       PC:3287 AF:0302 BC:2dbc DE:3401 HL:0741 SP:f787 IX:0000 IY:0000 Flags:00000010 [3a 59 07]
==> 3287:  CP A, E             PC:3288 AF:0302 BC:2dbc DE:3401 HL:0741 SP:f787 IX:0000 IY:0000 Flags:00000010 [bb da a7]
==> 3288:  JP C, 31a7h         PC:328b AF:0302 BC:2dbc DE:3401 HL:0741 SP:f787 IX:0000 IY:0000 Flags:00000010 [da a7 31]
==> 328b:  LD D, 00h           PC:328d AF:0302 BC:2dbc DE:0001 HL:0741 SP:f787 IX:0000 IY:0000 Flags:00000010 [16 00 e5]
==> 328d:  PUSH HL             PC:328e AF:0302 BC:2dbc DE:0001 HL:0741 SP:f785 IX:0000 IY:0000 Flags:00000010 [e5 21 39]
==> 328e:  LD HL, 0739h        PC:3291 AF:0302 BC:2dbc DE:0001 HL:0739 SP:f785 IX:0000 IY:0000 Flags:00000010 [21 39 07]
==> 3291:  ADD HL, DE          PC:3292 AF:0300 BC:2dbc DE:0001 HL:073a SP:f785 IX:0000 IY:0000 Flags:00000000 [19 19 4e]
==> 3292:  ADD HL, DE          PC:3293 AF:0300 BC:2dbc DE:0001 HL:073b SP:f785 IX:0000 IY:0000 Flags:00000000 [19 4e 23]
==> 3293:  LD C, (HL)          PC:3294 AF:0300 BC:2da5 DE:0001 HL:073b SP:f785 IX:0000 IY:0000 Flags:00000000 [4e 23 46]
==> 3294:  INC HL              PC:3295 AF:0300 BC:2da5 DE:0001 HL:073c SP:f785 IX:0000 IY:0000 Flags:00000000 [23 46 0a]
==> 3295:  LD B, (HL)          PC:3296 AF:0300 BC:47a5 DE:0001 HL:073c SP:f785 IX:0000 IY:0000 Flags:00000000 [46 0a b7]
==> 3296:  LD A, (BC)          PC:3297 AF:0000 BC:47a5 DE:0001 HL:073c SP:f785 IX:0000 IY:0000 Flags:00000000 [0a b7 e1]
==> 3297:  OR A, A             PC:3298 AF:0044 BC:47a5 DE:0001 HL:073c SP:f785 IX:0000 IY:0000 Flags:01000100 [b7 e1 c9]
==> 3298:  POP HL              PC:3299 AF:0044 BC:47a5 DE:0001 HL:0741 SP:f787 IX:0000 IY:0000 Flags:01000100 [e1 c9 cd]
==> 3299:  RET                 PC:2dbf AF:0044 BC:47a5 DE:0001 HL:0741 SP:f789 IX:0000 IY:0000 Flags:01000100 [c9 cd 84]
==> 2dbf:  JP Z, 2dech         PC:2dec AF:0044 BC:47a5 DE:0001 HL:0741 SP:f789 IX:0000 IY:0000 Flags:01000100 [ca ec 2d]
==> 2dec:  LD D, 26h           PC:2dee AF:0044 BC:47a5 DE:2601 HL:0741 SP:f789 IX:0000 IY:0000 Flags:01000100 [16 26 af]
==> 2dee:  XOR A, A            PC:2def AF:0044 BC:47a5 DE:2601 HL:0741 SP:f789 IX:0000 IY:0000 Flags:01000100 [af 02 03]
==> 2def:  LD (BC), A          PC:2df0 AF:0044 BC:47a5 DE:2601 HL:0741 SP:f789 IX:0000 IY:0000 Flags:01000100 [02 03 15]
==> 2df0:  INC BC              PC:2df1 AF:0044 BC:47a6 DE:2601 HL:0741 SP:f789 IX:0000 IY:0000 Flags:01000100 [03 15 c2]
==> 2df1:  DEC D               PC:2df2 AF:0022 BC:47a6 DE:2501 HL:0741 SP:f789 IX:0000 IY:0000 Flags:00100010 [15 c2 ef]
==> 2df2:  JP NZ, 2defh        PC:2def AF:0022 BC:47a6 DE:2501 HL:0741 SP:f789 IX:0000 IY:0000 Flags:00100010 [c2 ef 2d]
==> 2def:  LD (BC), A          PC:2df0 AF:0022 BC:47a6 DE:2501 HL:0741 SP:f789 IX:0000 IY:0000 Flags:00100010 [02 03 15]
==> 2df0:  INC BC              PC:2df1 AF:0022 BC:47a7 DE:2501 HL:0741 SP:f789 IX:0000 IY:0000 Flags:00100010 [03 15 c2]
==> 2df1:  DEC D               PC:2df2 AF:0022 BC:47a7 DE:2401 HL:0741 SP:f789 IX:0000 IY:0000 Flags:00100010 [15 c2 ef]
==> 2df2:  JP NZ, 2defh        PC:2def AF:0022 BC:47a7 DE:2401 HL:0741 SP:f789 IX:0000 IY:0000 Flags:00100010 [c2 ef 2d]
==> 2def:  LD (BC), A          PC:2df0 AF:0022 BC:47a7 DE:2401 HL:0741 SP:f789 IX:0000 IY:0000 Flags:00100010 [02 03 15]
==> 2df0:  INC BC              PC:2df1 AF:0022 BC:47a8 DE:2401 HL:0741 SP:f789 IX:0000 IY:0000 Flags:00100010 [03 15 c2]
==> 2df1:  DEC D               PC:2df2 AF:0022 BC:47a8 DE:2301 HL:0741 SP:f789 IX:0000 IY:0000 Flags:00100010 [15 c2 ef]
==> 2df2:  JP NZ, 2defh        PC:2def AF:0022 BC:47a8 DE:2301 HL:0741 SP:f789 IX:0000 IY:0000 Flags:00100010 [c2 ef 2d]
==> 2def:  LD (BC), A          PC:2df0 AF:0022 BC:47a8 DE:2301 HL:0741 SP:f789 IX:0000 IY:0000 Flags:00100010 [02 03 15]
==> 2df0:  INC BC              PC:2df1 AF:0022 BC:47a9 DE:2301 HL:0741 SP:f789 IX:0000 IY:0000 Flags:00100010 [03 15 c2]
==> 2df1:  DEC D               PC:2df2 AF:0022 BC:47a9 DE:2201 HL:0741 SP:f789 IX:0000 IY:0000 Flags:00100010 [15 c2 ef]
==> 2df2:  JP NZ, 2defh        PC:2def AF:0022 BC:47a9 DE:2201 HL:0741 SP:f789 IX:0000 IY:0000 Flags:00100010 [c2 ef 2d]
==> 2def:  LD (BC), A          PC:2df0 AF:0022 BC:47a9 DE:2201 HL:0741 SP:f789 IX:0000 IY:0000 Flags:00100010 [02 03 15]
==> 2df0:  INC BC              PC:2df1 AF:0022 BC:47aa DE:2201 HL:0741 SP:f789 IX:0000 IY:0000 Flags:00100010 [03 15 c2]
==> 2df1:  DEC D               PC:2df2 AF:0022 BC:47aa DE:2101 HL:0741 SP:f789 IX:0000 IY:0000 Flags:00100010 [15 c2 ef]
==> 2df2:  JP NZ, 2defh        PC:2def AF:0022 BC:47aa DE:2101 HL:0741 SP:f789 IX:0000 IY:0000 Flags:00100010 [c2 ef 2d]
==> 2def:  LD (BC), A          PC:2df0 AF:0022 BC:47aa DE:2101 HL:0741 SP:f789 IX:0000 IY:0000 Flags:00100010 [02 03 15]
==> 2df0:  INC BC              PC:2df1 AF:0022 BC:47ab DE:2101 HL:0741 SP:f789 IX:0000 IY:0000 Flags:00100010 [03 15 c2]
==> 2df1:  DEC D               PC:2df2 AF:0022 BC:47ab DE:2001 HL:0741 SP:f789 IX:0000 IY:0000 Flags:00100010 [15 c2 ef]
==> 2df2:  JP NZ, 2defh        PC:2def AF:0022 BC:47ab DE:2001 HL:0741 SP:f789 IX:0000 IY:0000 Flags:00100010 [c2 ef 2d]
==> 2def:  LD (BC), A          PC:2df0 AF:0022 BC:47ab DE:2001 HL:0741 SP:f789 IX:0000 IY:0000 Flags:00100010 [02 03 15]
==> 2df0:  INC BC              PC:2df1 AF:0022 BC:47ac DE:2001 HL:0741 SP:f789 IX:0000 IY:0000 Flags:00100010 [03 15 c2]
==> 2df1:  DEC D               PC:2df2 AF:001a BC:47ac DE:1f01 HL:0741 SP:f789 IX:0000 IY:0000 Flags:00011010 [15 c2 ef]
==> 2df2:  JP NZ, 2defh        PC:2def AF:001a BC:47ac DE:1f01 HL:0741 SP:f789 IX:0000 IY:0000 Flags:00011010 [c2 ef 2d]
==> 2def:  LD (BC), A          PC:2df0 AF:001a BC:47ac DE:1f01 HL:0741 SP:f789 IX:0000 IY:0000 Flags:00011010 [02 03 15]
==> 2df0:  INC BC              PC:2df1 AF:001a BC:47ad DE:1f01 HL:0741 SP:f789 IX:0000 IY:0000 Flags:00011010 [03 15 c2]
==> 2df1:  DEC D               PC:2df2 AF:000a BC:47ad DE:1e01 HL:0741 SP:f789 IX:0000 IY:0000 Flags:00001010 [15 c2 ef]
==> 2df2:  JP NZ, 2defh        PC:2def AF:000a BC:47ad DE:1e01 HL:0741 SP:f789 IX:0000 IY:0000 Flags:00001010 [c2 ef 2d]
==> 2def:  LD (BC), A          PC:2df0 AF:000a BC:47ad DE:1e01 HL:0741 SP:f789 IX:0000 IY:0000 Flags:00001010 [02 03 15]
==> 2df0:  INC BC              PC:2df1 AF:000a BC:47ae DE:1e01 HL:0741 SP:f789 IX:0000 IY:0000 Flags:00001010 [03 15 c2]
==> 2df1:  DEC D               PC:2df2 AF:000a BC:47ae DE:1d01 HL:0741 SP:f789 IX:0000 IY:0000 Flags:00001010 [15 c2 ef]
==> 2df2:  JP NZ, 2defh        PC:2def AF:000a BC:47ae DE:1d01 HL:0741 SP:f789 IX:0000 IY:0000 Flags:00001010 [c2 ef 2d]
==> 2def:  LD (BC), A          PC:2df0 AF:000a BC:47ae DE:1d01 HL:0741 SP:f789 IX:0000 IY:0000 Flags:00001010 [02 03 15]
==> 2df0:  INC BC              PC:2df1 AF:000a BC:47af DE:1d01 HL:0741 SP:f789 IX:0000 IY:0000 Flags:00001010 [03 15 c2]
==> 2df1:  DEC D               PC:2df2 AF:000a BC:47af DE:1c01 HL:0741 SP:f789 IX:0000 IY:0000 Flags:00001010 [15 c2 ef]
==> 2df2:  JP NZ, 2defh        PC:2def AF:000a BC:47af DE:1c01 HL:0741 SP:f789 IX:0000 IY:0000 Flags:00001010 [c2 ef 2d]
==> 2def:  LD (BC), A          PC:2df0 AF:000a BC:47af DE:1c01 HL:0741 SP:f789 IX:0000 IY:0000 Flags:00001010 [02 03 15]
==> 2df0:  INC BC              PC:2df1 AF:000a BC:47b0 DE:1c01 HL:0741 SP:f789 IX:0000 IY:0000 Flags:00001010 [03 15 c2]
==> 2df1:  DEC D               PC:2df2 AF:000a BC:47b0 DE:1b01 HL:0741 SP:f789 IX:0000 IY:0000 Flags:00001010 [15 c2 ef]
==> 2df2:  JP NZ, 2defh        PC:2def AF:000a BC:47b0 DE:1b01 HL:0741 SP:f789 IX:0000 IY:0000 Flags:00001010 [c2 ef 2d]
==> 2def:  LD (BC), A          PC:2df0 AF:000a BC:47b0 DE:1b01 HL:0741 SP:f789 IX:0000 IY:0000 Flags:00001010 [02 03 15]
==> 2df0:  INC BC              PC:2df1 AF:000a BC:47b1 DE:1b01 HL:0741 SP:f789 IX:0000 IY:0000 Flags:00001010 [03 15 c2]
==> 2df1:  DEC D               PC:2df2 AF:000a BC:47b1 DE:1a01 HL:0741 SP:f789 IX:0000 IY:0000 Flags:00001010 [15 c2 ef]
==> 2df2:  JP NZ, 2defh        PC:2def AF:000a BC:47b1 DE:1a01 HL:0741 SP:f789 IX:0000 IY:0000 Flags:00001010 [c2 ef 2d]
==> 2def:  LD (BC), A          PC:2df0 AF:000a BC:47b1 DE:1a01 HL:0741 SP:f789 IX:0000 IY:0000 Flags:00001010 [02 03 15]
==> 2df0:  INC BC              PC:2df1 AF:000a BC:47b2 DE:1a01 HL:0741 SP:f789 IX:0000 IY:0000 Flags:00001010 [03 15 c2]
==> 2df1:  DEC D               PC:2df2 AF:000a BC:47b2 DE:1901 HL:0741 SP:f789 IX:0000 IY:0000 Flags:00001010 [15 c2 ef]
==> 2df2:  JP NZ, 2defh        PC:2def AF:000a BC:47b2 DE:1901 HL:0741 SP:f789 IX:0000 IY:0000 Flags:00001010 [c2 ef 2d]
==> 2def:  LD (BC), A          PC:2df0 AF:000a BC:47b2 DE:1901 HL:0741 SP:f789 IX:0000 IY:0000 Flags:00001010 [02 03 15]
==> 2df0:  INC BC              PC:2df1 AF:000a BC:47b3 DE:1901 HL:0741 SP:f789 IX:0000 IY:0000 Flags:00001010 [03 15 c2]
==> 2df1:  DEC D               PC:2df2 AF:000a BC:47b3 DE:1801 HL:0741 SP:f789 IX:0000 IY:0000 Flags:00001010 [15 c2 ef]
==> 2df2:  JP NZ, 2defh        PC:2def AF:000a BC:47b3 DE:1801 HL:0741 SP:f789 IX:0000 IY:0000 Flags:00001010 [c2 ef 2d]
==> 2def:  LD (BC), A          PC:2df0 AF:000a BC:47b3 DE:1801 HL:0741 SP:f789 IX:0000 IY:0000 Flags:00001010 [02 03 15]
==> 2df0:  INC BC              PC:2df1 AF:000a BC:47b4 DE:1801 HL:0741 SP:f789 IX:0000 IY:0000 Flags:00001010 [03 15 c2]
==> 2df1:  DEC D               PC:2df2 AF:0002 BC:47b4 DE:1701 HL:0741 SP:f789 IX:0000 IY:0000 Flags:00000010 [15 c2 ef]
==> 2df2:  JP NZ, 2defh        PC:2def AF:0002 BC:47b4 DE:1701 HL:0741 SP:f789 IX:0000 IY:0000 Flags:00000010 [c2 ef 2d]
==> 2def:  LD (BC), A          PC:2df0 AF:0002 BC:47b4 DE:1701 HL:0741 SP:f789 IX:0000 IY:0000 Flags:00000010 [02 03 15]
==> 2df0:  INC BC              PC:2df1 AF:0002 BC:47b5 DE:1701 HL:0741 SP:f789 IX:0000 IY:0000 Flags:00000010 [03 15 c2]
==> 2df1:  DEC D               PC:2df2 AF:0002 BC:47b5 DE:1601 HL:0741 SP:f789 IX:0000 IY:0000 Flags:00000010 [15 c2 ef]
==> 2df2:  JP NZ, 2defh        PC:2def AF:0002 BC:47b5 DE:1601 HL:0741 SP:f789 IX:0000 IY:0000 Flags:00000010 [c2 ef 2d]
==> 2def:  LD (BC), A          PC:2df0 AF:0002 BC:47b5 DE:1601 HL:0741 SP:f789 IX:0000 IY:0000 Flags:00000010 [02 03 15]
==> 2df0:  INC BC              PC:2df1 AF:0002 BC:47b6 DE:1601 HL:0741 SP:f789 IX:0000 IY:0000 Flags:00000010 [03 15 c2]
==> 2df1:  DEC D               PC:2df2 AF:0002 BC:47b6 DE:1501 HL:0741 SP:f789 IX:0000 IY:0000 Flags:00000010 [15 c2 ef]
==> 2df2:  JP NZ, 2defh        PC:2def AF:0002 BC:47b6 DE:1501 HL:0741 SP:f789 IX:0000 IY:0000 Flags:00000010 [c2 ef 2d]
==> 2def:  LD (BC), A          PC:2df0 AF:0002 BC:47b6 DE:1501 HL:0741 SP:f789 IX:0000 IY:0000 Flags:00000010 [02 03 15]
==> 2df0:  INC BC              PC:2df1 AF:0002 BC:47b7 DE:1501 HL:0741 SP:f789 IX:0000 IY:0000 Flags:00000010 [03 15 c2]
==> 2df1:  DEC D               PC:2df2 AF:0002 BC:47b7 DE:1401 HL:0741 SP:f789 IX:0000 IY:0000 Flags:00000010 [15 c2 ef]
==> 2df2:  JP NZ, 2defh        PC:2def AF:0002 BC:47b7 DE:1401 HL:0741 SP:f789 IX:0000 IY:0000 Flags:00000010 [c2 ef 2d]
==> 2def:  LD (BC), A          PC:2df0 AF:0002 BC:47b7 DE:1401 HL:0741 SP:f789 IX:0000 IY:0000 Flags:00000010 [02 03 15]
==> 2df0:  INC BC              PC:2df1 AF:0002 BC:47b8 DE:1401 HL:0741 SP:f789 IX:0000 IY:0000 Flags:00000010 [03 15 c2]
==> 2df1:  DEC D               PC:2df2 AF:0002 BC:47b8 DE:1301 HL:0741 SP:f789 IX:0000 IY:0000 Flags:00000010 [15 c2 ef]
==> 2df2:  JP NZ, 2defh        PC:2def AF:0002 BC:47b8 DE:1301 HL:0741 SP:f789 IX:0000 IY:0000 Flags:00000010 [c2 ef 2d]
==> 2def:  LD (BC), A          PC:2df0 AF:0002 BC:47b8 DE:1301 HL:0741 SP:f789 IX:0000 IY:0000 Flags:00000010 [02 03 15]
==> 2df0:  INC BC              PC:2df1 AF:0002 BC:47b9 DE:1301 HL:0741 SP:f789 IX:0000 IY:0000 Flags:00000010 [03 15 c2]
==> 2df1:  DEC D               PC:2df2 AF:0002 BC:47b9 DE:1201 HL:0741 SP:f789 IX:0000 IY:0000 Flags:00000010 [15 c2 ef]
==> 2df2:  JP NZ, 2defh        PC:2def AF:0002 BC:47b9 DE:1201 HL:0741 SP:f789 IX:0000 IY:0000 Flags:00000010 [c2 ef 2d]
==> 2def:  LD (BC), A          PC:2df0 AF:0002 BC:47b9 DE:1201 HL:0741 SP:f789 IX:0000 IY:0000 Flags:00000010 [02 03 15]
==> 2df0:  INC BC              PC:2df1 AF:0002 BC:47ba DE:1201 HL:0741 SP:f789 IX:0000 IY:0000 Flags:00000010 [03 15 c2]
==> 2df1:  DEC D               PC:2df2 AF:0002 BC:47ba DE:1101 HL:0741 SP:f789 IX:0000 IY:0000 Flags:00000010 [15 c2 ef]
==> 2df2:  JP NZ, 2defh        PC:2def AF:0002 BC:47ba DE:1101 HL:0741 SP:f789 IX:0000 IY:0000 Flags:00000010 [c2 ef 2d]
==> 2def:  LD (BC), A          PC:2df0 AF:0002 BC:47ba DE:1101 HL:0741 SP:f789 IX:0000 IY:0000 Flags:00000010 [02 03 15]
==> 2df0:  INC BC              PC:2df1 AF:0002 BC:47bb DE:1101 HL:0741 SP:f789 IX:0000 IY:0000 Flags:00000010 [03 15 c2]
==> 2df1:  DEC D               PC:2df2 AF:0002 BC:47bb DE:1001 HL:0741 SP:f789 IX:0000 IY:0000 Flags:00000010 [15 c2 ef]
==> 2df2:  JP NZ, 2defh        PC:2def AF:0002 BC:47bb DE:1001 HL:0741 SP:f789 IX:0000 IY:0000 Flags:00000010 [c2 ef 2d]
==> 2def:  LD (BC), A          PC:2df0 AF:0002 BC:47bb DE:1001 HL:0741 SP:f789 IX:0000 IY:0000 Flags:00000010 [02 03 15]
==> 2df0:  INC BC              PC:2df1 AF:0002 BC:47bc DE:1001 HL:0741 SP:f789 IX:0000 IY:0000 Flags:00000010 [03 15 c2]
==> 2df1:  DEC D               PC:2df2 AF:001a BC:47bc DE:0f01 HL:0741 SP:f789 IX:0000 IY:0000 Flags:00011010 [15 c2 ef]
==> 2df2:  JP NZ, 2defh        PC:2def AF:001a BC:47bc DE:0f01 HL:0741 SP:f789 IX:0000 IY:0000 Flags:00011010 [c2 ef 2d]
==> 2def:  LD (BC), A          PC:2df0 AF:001a BC:47bc DE:0f01 HL:0741 SP:f789 IX:0000 IY:0000 Flags:00011010 [02 03 15]
==> 2df0:  INC BC              PC:2df1 AF:001a BC:47bd DE:0f01 HL:0741 SP:f789 IX:0000 IY:0000 Flags:00011010 [03 15 c2]
==> 2df1:  DEC D               PC:2df2 AF:000a BC:47bd DE:0e01 HL:0741 SP:f789 IX:0000 IY:0000 Flags:00001010 [15 c2 ef]
==> 2df2:  JP NZ, 2defh        PC:2def AF:000a BC:47bd DE:0e01 HL:0741 SP:f789 IX:0000 IY:0000 Flags:00001010 [c2 ef 2d]
==> 2def:  LD (BC), A          PC:2df0 AF:000a BC:47bd DE:0e01 HL:0741 SP:f789 IX:0000 IY:0000 Flags:00001010 [02 03 15]
==> 2df0:  INC BC              PC:2df1 AF:000a BC:47be DE:0e01 HL:0741 SP:f789 IX:0000 IY:0000 Flags:00001010 [03 15 c2]
==> 2df1:  DEC D               PC:2df2 AF:000a BC:47be DE:0d01 HL:0741 SP:f789 IX:0000 IY:0000 Flags:00001010 [15 c2 ef]
==> 2df2:  JP NZ, 2defh        PC:2def AF:000a BC:47be DE:0d01 HL:0741 SP:f789 IX:0000 IY:0000 Flags:00001010 [c2 ef 2d]
==> 2def:  LD (BC), A          PC:2df0 AF:000a BC:47be DE:0d01 HL:0741 SP:f789 IX:0000 IY:0000 Flags:00001010 [02 03 15]
==> 2df0:  INC BC              PC:2df1 AF:000a BC:47bf DE:0d01 HL:0741 SP:f789 IX:0000 IY:0000 Flags:00001010 [03 15 c2]
==> 2df1:  DEC D               PC:2df2 AF:000a BC:47bf DE:0c01 HL:0741 SP:f789 IX:0000 IY:0000 Flags:00001010 [15 c2 ef]
==> 2df2:  JP NZ, 2defh        PC:2def AF:000a BC:47bf DE:0c01 HL:0741 SP:f789 IX:0000 IY:0000 Flags:00001010 [c2 ef 2d]
==> 2def:  LD (BC), A          PC:2df0 AF:000a BC:47bf DE:0c01 HL:0741 SP:f789 IX:0000 IY:0000 Flags:00001010 [02 03 15]
==> 2df0:  INC BC              PC:2df1 AF:000a BC:47c0 DE:0c01 HL:0741 SP:f789 IX:0000 IY:0000 Flags:00001010 [03 15 c2]
==> 2df1:  DEC D               PC:2df2 AF:000a BC:47c0 DE:0b01 HL:0741 SP:f789 IX:0000 IY:0000 Flags:00001010 [15 c2 ef]
==> 2df2:  JP NZ, 2defh        PC:2def AF:000a BC:47c0 DE:0b01 HL:0741 SP:f789 IX:0000 IY:0000 Flags:00001010 [c2 ef 2d]
==> 2def:  LD (BC), A          PC:2df0 AF:000a BC:47c0 DE:0b01 HL:0741 SP:f789 IX:0000 IY:0000 Flags:00001010 [02 03 15]
==> 2df0:  INC BC              PC:2df1 AF:000a BC:47c1 DE:0b01 HL:0741 SP:f789 IX:0000 IY:0000 Flags:00001010 [03 15 c2]
==> 2df1:  DEC D               PC:2df2 AF:000a BC:47c1 DE:0a01 HL:0741 SP:f789 IX:0000 IY:0000 Flags:00001010 [15 c2 ef]
==> 2df2:  JP NZ, 2defh        PC:2def AF:000a BC:47c1 DE:0a01 HL:0741 SP:f789 IX:0000 IY:0000 Flags:00001010 [c2 ef 2d]
==> 2def:  LD (BC), A          PC:2df0 AF:000a BC:47c1 DE:0a01 HL:0741 SP:f789 IX:0000 IY:0000 Flags:00001010 [02 03 15]
==> 2df0:  INC BC              PC:2df1 AF:000a BC:47c2 DE:0a01 HL:0741 SP:f789 IX:0000 IY:0000 Flags:00001010 [03 15 c2]
==> 2df1:  DEC D               PC:2df2 AF:000a BC:47c2 DE:0901 HL:0741 SP:f789 IX:0000 IY:0000 Flags:00001010 [15 c2 ef]
==> 2df2:  JP NZ, 2defh        PC:2def AF:000a BC:47c2 DE:0901 HL:0741 SP:f789 IX:0000 IY:0000 Flags:00001010 [c2 ef 2d]
==> 2def:  LD (BC), A          PC:2df0 AF:000a BC:47c2 DE:0901 HL:0741 SP:f789 IX:0000 IY:0000 Flags:00001010 [02 03 15]
==> 2df0:  INC BC              PC:2df1 AF:000a BC:47c3 DE:0901 HL:0741 SP:f789 IX:0000 IY:0000 Flags:00001010 [03 15 c2]
==> 2df1:  DEC D               PC:2df2 AF:000a BC:47c3 DE:0801 HL:0741 SP:f789 IX:0000 IY:0000 Flags:00001010 [15 c2 ef]
==> 2df2:  JP NZ, 2defh        PC:2def AF:000a BC:47c3 DE:0801 HL:0741 SP:f789 IX:0000 IY:0000 Flags:00001010 [c2 ef 2d]
==> 2def:  LD (BC), A          PC:2df0 AF:000a BC:47c3 DE:0801 HL:0741 SP:f789 IX:0000 IY:0000 Flags:00001010 [02 03 15]
==> 2df0:  INC BC              PC:2df1 AF:000a BC:47c4 DE:0801 HL:0741 SP:f789 IX:0000 IY:0000 Flags:00001010 [03 15 c2]
==> 2df1:  DEC D               PC:2df2 AF:0002 BC:47c4 DE:0701 HL:0741 SP:f789 IX:0000 IY:0000 Flags:00000010 [15 c2 ef]
==> 2df2:  JP NZ, 2defh        PC:2def AF:0002 BC:47c4 DE:0701 HL:0741 SP:f789 IX:0000 IY:0000 Flags:00000010 [c2 ef 2d]
==> 2def:  LD (BC), A          PC:2df0 AF:0002 BC:47c4 DE:0701 HL:0741 SP:f789 IX:0000 IY:0000 Flags:00000010 [02 03 15]
==> 2df0:  INC BC              PC:2df1 AF:0002 BC:47c5 DE:0701 HL:0741 SP:f789 IX:0000 IY:0000 Flags:00000010 [03 15 c2]
==> 2df1:  DEC D               PC:2df2 AF:0002 BC:47c5 DE:0601 HL:0741 SP:f789 IX:0000 IY:0000 Flags:00000010 [15 c2 ef]
==> 2df2:  JP NZ, 2defh        PC:2def AF:0002 BC:47c5 DE:0601 HL:0741 SP:f789 IX:0000 IY:0000 Flags:00000010 [c2 ef 2d]
==> 2def:  LD (BC), A          PC:2df0 AF:0002 BC:47c5 DE:0601 HL:0741 SP:f789 IX:0000 IY:0000 Flags:00000010 [02 03 15]
==> 2df0:  INC BC              PC:2df1 AF:0002 BC:47c6 DE:0601 HL:0741 SP:f789 IX:0000 IY:0000 Flags:00000010 [03 15 c2]
==> 2df1:  DEC D               PC:2df2 AF:0002 BC:47c6 DE:0501 HL:0741 SP:f789 IX:0000 IY:0000 Flags:00000010 [15 c2 ef]
==> 2df2:  JP NZ, 2defh        PC:2def AF:0002 BC:47c6 DE:0501 HL:0741 SP:f789 IX:0000 IY:0000 Flags:00000010 [c2 ef 2d]
==> 2def:  LD (BC), A          PC:2df0 AF:0002 BC:47c6 DE:0501 HL:0741 SP:f789 IX:0000 IY:0000 Flags:00000010 [02 03 15]
==> 2df0:  INC BC              PC:2df1 AF:0002 BC:47c7 DE:0501 HL:0741 SP:f789 IX:0000 IY:0000 Flags:00000010 [03 15 c2]
==> 2df1:  DEC D               PC:2df2 AF:0002 BC:47c7 DE:0401 HL:0741 SP:f789 IX:0000 IY:0000 Flags:00000010 [15 c2 ef]
==> 2df2:  JP NZ, 2defh        PC:2def AF:0002 BC:47c7 DE:0401 HL:0741 SP:f789 IX:0000 IY:0000 Flags:00000010 [c2 ef 2d]
==> 2def:  LD (BC), A          PC:2df0 AF:0002 BC:47c7 DE:0401 HL:0741 SP:f789 IX:0000 IY:0000 Flags:00000010 [02 03 15]
==> 2df0:  INC BC              PC:2df1 AF:0002 BC:47c8 DE:0401 HL:0741 SP:f789 IX:0000 IY:0000 Flags:00000010 [03 15 c2]
==> 2df1:  DEC D               PC:2df2 AF:0002 BC:47c8 DE:0301 HL:0741 SP:f789 IX:0000 IY:0000 Flags:00000010 [15 c2 ef]
==> 2df2:  JP NZ, 2defh        PC:2def AF:0002 BC:47c8 DE:0301 HL:0741 SP:f789 IX:0000 IY:0000 Flags:00000010 [c2 ef 2d]
==> 2def:  LD (BC), A          PC:2df0 AF:0002 BC:47c8 DE:0301 HL:0741 SP:f789 IX:0000 IY:0000 Flags:00000010 [02 03 15]
==> 2df0:  INC BC              PC:2df1 AF:0002 BC:47c9 DE:0301 HL:0741 SP:f789 IX:0000 IY:0000 Flags:00000010 [03 15 c2]
==> 2df1:  DEC D               PC:2df2 AF:0002 BC:47c9 DE:0201 HL:0741 SP:f789 IX:0000 IY:0000 Flags:00000010 [15 c2 ef]
==> 2df2:  JP NZ, 2defh        PC:2def AF:0002 BC:47c9 DE:0201 HL:0741 SP:f789 IX:0000 IY:0000 Flags:00000010 [c2 ef 2d]
==> 2def:  LD (BC), A          PC:2df0 AF:0002 BC:47c9 DE:0201 HL:0741 SP:f789 IX:0000 IY:0000 Flags:00000010 [02 03 15]
==> 2df0:  INC BC              PC:2df1 AF:0002 BC:47ca DE:0201 HL:0741 SP:f789 IX:0000 IY:0000 Flags:00000010 [03 15 c2]
==> 2df1:  DEC D               PC:2df2 AF:0002 BC:47ca DE:0101 HL:0741 SP:f789 IX:0000 IY:0000 Flags:00000010 [15 c2 ef]
==> 2df2:  JP NZ, 2defh        PC:2def AF:0002 BC:47ca DE:0101 HL:0741 SP:f789 IX:0000 IY:0000 Flags:00000010 [c2 ef 2d]
==> 2def:  LD (BC), A          PC:2df0 AF:0002 BC:47ca DE:0101 HL:0741 SP:f789 IX:0000 IY:0000 Flags:00000010 [02 03 15]
==> 2df0:  INC BC              PC:2df1 AF:0002 BC:47cb DE:0101 HL:0741 SP:f789 IX:0000 IY:0000 Flags:00000010 [03 15 c2]
==> 2df1:  DEC D               PC:2df2 AF:0042 BC:47cb DE:0001 HL:0741 SP:f789 IX:0000 IY:0000 Flags:01000010 [15 c2 ef]
==> 2df2:  JP NZ, 2defh        PC:2df5 AF:0042 BC:47cb DE:0001 HL:0741 SP:f789 IX:0000 IY:0000 Flags:01000010 [c2 ef 2d]
==> 2df5:  RET                 PC:34ec AF:0042 BC:47cb DE:0001 HL:0741 SP:f78b IX:0000 IY:0000 Flags:01000010 [c9 cd 80]
==> 34ec:  POP AF              PC:34ed AF:0102 BC:47cb DE:0001 HL:0741 SP:f78d IX:0000 IY:0000 Flags:00000010 [f1 c1 3d]
==> 34ed:  POP BC              PC:34ee AF:0102 BC:2dbc DE:0001 HL:0741 SP:f78f IX:0000 IY:0000 Flags:00000010 [c1 3d f2]
==> 34ee:  DEC A               PC:34ef AF:0042 BC:2dbc DE:0001 HL:0741 SP:f78f IX:0000 IY:0000 Flags:01000010 [3d f2 e4]
==> 34ef:  JP P, 34e4h         PC:34e4 AF:0042 BC:2dbc DE:0001 HL:0741 SP:f78f IX:0000 IY:0000 Flags:01000010 [f2 e4 34]
==> 34e4:  PUSH BC             PC:34e5 AF:0042 BC:2dbc DE:0001 HL:0741 SP:f78d IX:0000 IY:0000 Flags:01000010 [c5 f5 11]
==> 34e5:  PUSH AF             PC:34e6 AF:0042 BC:2dbc DE:0001 HL:0741 SP:f78b IX:0000 IY:0000 Flags:01000010 [f5 11 ec]
==> 34e6:  LD DE, 34ech        PC:34e9 AF:0042 BC:2dbc DE:34ec HL:0741 SP:f78b IX:0000 IY:0000 Flags:01000010 [11 ec 34]
==> 34e9:  PUSH DE             PC:34ea AF:0042 BC:2dbc DE:34ec HL:0741 SP:f789 IX:0000 IY:0000 Flags:01000010 [d5 c5 c9]
==> 34ea:  PUSH BC             PC:34eb AF:0042 BC:2dbc DE:34ec HL:0741 SP:f787 IX:0000 IY:0000 Flags:01000010 [c5 c9 f1]
==> 34eb:  RET                 PC:2dbc AF:0042 BC:2dbc DE:34ec HL:0741 SP:f789 IX:0000 IY:0000 Flags:01000010 [c9 f1 c1]
==> 2dbc:  CALL 3283h          PC:3283 AF:0042 BC:2dbc DE:34ec HL:0741 SP:f787 IX:0000 IY:0000 Flags:01000010 [cd 83 32]
==> 3283:  LD E, A             PC:3284 AF:0042 BC:2dbc DE:3400 HL:0741 SP:f787 IX:0000 IY:0000 Flags:01000010 [5f 3a 59]
==> 3284:  LD A, (0759h)       PC:3287 AF:0342 BC:2dbc DE:3400 HL:0741 SP:f787 IX:0000 IY:0000 Flags:01000010 [3a 59 07]
==> 3287:  CP A, E             PC:3288 AF:0302 BC:2dbc DE:3400 HL:0741 SP:f787 IX:0000 IY:0000 Flags:00000010 [bb da a7]
==> 3288:  JP C, 31a7h         PC:328b AF:0302 BC:2dbc DE:3400 HL:0741 SP:f787 IX:0000 IY:0000 Flags:00000010 [da a7 31]
==> 328b:  LD D, 00h           PC:328d AF:0302 BC:2dbc DE:0000 HL:0741 SP:f787 IX:0000 IY:0000 Flags:00000010 [16 00 e5]
==> 328d:  PUSH HL             PC:328e AF:0302 BC:2dbc DE:0000 HL:0741 SP:f785 IX:0000 IY:0000 Flags:00000010 [e5 21 39]
==> 328e:  LD HL, 0739h        PC:3291 AF:0302 BC:2dbc DE:0000 HL:0739 SP:f785 IX:0000 IY:0000 Flags:00000010 [21 39 07]
==> 3291:  ADD HL, DE          PC:3292 AF:0300 BC:2dbc DE:0000 HL:0739 SP:f785 IX:0000 IY:0000 Flags:00000000 [19 19 4e]
==> 3292:  ADD HL, DE          PC:3293 AF:0300 BC:2dbc DE:0000 HL:0739 SP:f785 IX:0000 IY:0000 Flags:00000000 [19 4e 23]
==> 3293:  LD C, (HL)          PC:3294 AF:0300 BC:2dff DE:0000 HL:0739 SP:f785 IX:0000 IY:0000 Flags:00000000 [4e 23 46]
==> 3294:  INC HL              PC:3295 AF:0300 BC:2dff DE:0000 HL:073a SP:f785 IX:0000 IY:0000 Flags:00000000 [23 46 0a]
==> 3295:  LD B, (HL)          PC:3296 AF:0300 BC:46ff DE:0000 HL:073a SP:f785 IX:0000 IY:0000 Flags:00000000 [46 0a b7]
==> 3296:  LD A, (BC)          PC:3297 AF:0000 BC:46ff DE:0000 HL:073a SP:f785 IX:0000 IY:0000 Flags:00000000 [0a b7 e1]
==> 3297:  OR A, A             PC:3298 AF:0044 BC:46ff DE:0000 HL:073a SP:f785 IX:0000 IY:0000 Flags:01000100 [b7 e1 c9]
==> 3298:  POP HL              PC:3299 AF:0044 BC:46ff DE:0000 HL:0741 SP:f787 IX:0000 IY:0000 Flags:01000100 [e1 c9 cd]
==> 3299:  RET                 PC:2dbf AF:0044 BC:46ff DE:0000 HL:0741 SP:f789 IX:0000 IY:0000 Flags:01000100 [c9 cd 84]
==> 2dbf:  JP Z, 2dech         PC:2dec AF:0044 BC:46ff DE:0000 HL:0741 SP:f789 IX:0000 IY:0000 Flags:01000100 [ca ec 2d]
==> 2dec:  LD D, 26h           PC:2dee AF:0044 BC:46ff DE:2600 HL:0741 SP:f789 IX:0000 IY:0000 Flags:01000100 [16 26 af]
==> 2dee:  XOR A, A            PC:2def AF:0044 BC:46ff DE:2600 HL:0741 SP:f789 IX:0000 IY:0000 Flags:01000100 [af 02 03]
==> 2def:  LD (BC), A          PC:2df0 AF:0044 BC:46ff DE:2600 HL:0741 SP:f789 IX:0000 IY:0000 Flags:01000100 [02 03 15]
==> 2df0:  INC BC              PC:2df1 AF:0044 BC:4700 DE:2600 HL:0741 SP:f789 IX:0000 IY:0000 Flags:01000100 [03 15 c2]
==> 2df1:  DEC D               PC:2df2 AF:0022 BC:4700 DE:2500 HL:0741 SP:f789 IX:0000 IY:0000 Flags:00100010 [15 c2 ef]
==> 2df2:  JP NZ, 2defh        PC:2def AF:0022 BC:4700 DE:2500 HL:0741 SP:f789 IX:0000 IY:0000 Flags:00100010 [c2 ef 2d]
==> 2def:  LD (BC), A          PC:2df0 AF:0022 BC:4700 DE:2500 HL:0741 SP:f789 IX:0000 IY:0000 Flags:00100010 [02 03 15]
==> 2df0:  INC BC              PC:2df1 AF:0022 BC:4701 DE:2500 HL:0741 SP:f789 IX:0000 IY:0000 Flags:00100010 [03 15 c2]
==> 2df1:  DEC D               PC:2df2 AF:0022 BC:4701 DE:2400 HL:0741 SP:f789 IX:0000 IY:0000 Flags:00100010 [15 c2 ef]
==> 2df2:  JP NZ, 2defh        PC:2def AF:0022 BC:4701 DE:2400 HL:0741 SP:f789 IX:0000 IY:0000 Flags:00100010 [c2 ef 2d]
==> 2def:  LD (BC), A          PC:2df0 AF:0022 BC:4701 DE:2400 HL:0741 SP:f789 IX:0000 IY:0000 Flags:00100010 [02 03 15]
==> 2df0:  INC BC              PC:2df1 AF:0022 BC:4702 DE:2400 HL:0741 SP:f789 IX:0000 IY:0000 Flags:00100010 [03 15 c2]
==> 2df1:  DEC D               PC:2df2 AF:0022 BC:4702 DE:2300 HL:0741 SP:f789 IX:0000 IY:0000 Flags:00100010 [15 c2 ef]
==> 2df2:  JP NZ, 2defh        PC:2def AF:0022 BC:4702 DE:2300 HL:0741 SP:f789 IX:0000 IY:0000 Flags:00100010 [c2 ef 2d]
==> 2def:  LD (BC), A          PC:2df0 AF:0022 BC:4702 DE:2300 HL:0741 SP:f789 IX:0000 IY:0000 Flags:00100010 [02 03 15]
==> 2df0:  INC BC              PC:2df1 AF:0022 BC:4703 DE:2300 HL:0741 SP:f789 IX:0000 IY:0000 Flags:00100010 [03 15 c2]
==> 2df1:  DEC D               PC:2df2 AF:0022 BC:4703 DE:2200 HL:0741 SP:f789 IX:0000 IY:0000 Flags:00100010 [15 c2 ef]
==> 2df2:  JP NZ, 2defh        PC:2def AF:0022 BC:4703 DE:2200 HL:0741 SP:f789 IX:0000 IY:0000 Flags:00100010 [c2 ef 2d]
==> 2def:  LD (BC), A          PC:2df0 AF:0022 BC:4703 DE:2200 HL:0741 SP:f789 IX:0000 IY:0000 Flags:00100010 [02 03 15]
==> 2df0:  INC BC              PC:2df1 AF:0022 BC:4704 DE:2200 HL:0741 SP:f789 IX:0000 IY:0000 Flags:00100010 [03 15 c2]
==> 2df1:  DEC D               PC:2df2 AF:0022 BC:4704 DE:2100 HL:0741 SP:f789 IX:0000 IY:0000 Flags:00100010 [15 c2 ef]
==> 2df2:  JP NZ, 2defh        PC:2def AF:0022 BC:4704 DE:2100 HL:0741 SP:f789 IX:0000 IY:0000 Flags:00100010 [c2 ef 2d]
==> 2def:  LD (BC), A          PC:2df0 AF:0022 BC:4704 DE:2100 HL:0741 SP:f789 IX:0000 IY:0000 Flags:00100010 [02 03 15]
==> 2df0:  INC BC              PC:2df1 AF:0022 BC:4705 DE:2100 HL:0741 SP:f789 IX:0000 IY:0000 Flags:00100010 [03 15 c2]
==> 2df1:  DEC D               PC:2df2 AF:0022 BC:4705 DE:2000 HL:0741 SP:f789 IX:0000 IY:0000 Flags:00100010 [15 c2 ef]
==> 2df2:  JP NZ, 2defh        PC:2def AF:0022 BC:4705 DE:2000 HL:0741 SP:f789 IX:0000 IY:0000 Flags:00100010 [c2 ef 2d]
==> 2def:  LD (BC), A          PC:2df0 AF:0022 BC:4705 DE:2000 HL:0741 SP:f789 IX:0000 IY:0000 Flags:00100010 [02 03 15]
==> 2df0:  INC BC              PC:2df1 AF:0022 BC:4706 DE:2000 HL:0741 SP:f789 IX:0000 IY:0000 Flags:00100010 [03 15 c2]
==> 2df1:  DEC D               PC:2df2 AF:001a BC:4706 DE:1f00 HL:0741 SP:f789 IX:0000 IY:0000 Flags:00011010 [15 c2 ef]
==> 2df2:  JP NZ, 2defh        PC:2def AF:001a BC:4706 DE:1f00 HL:0741 SP:f789 IX:0000 IY:0000 Flags:00011010 [c2 ef 2d]
==> 2def:  LD (BC), A          PC:2df0 AF:001a BC:4706 DE:1f00 HL:0741 SP:f789 IX:0000 IY:0000 Flags:00011010 [02 03 15]
==> 2df0:  INC BC              PC:2df1 AF:001a BC:4707 DE:1f00 HL:0741 SP:f789 IX:0000 IY:0000 Flags:00011010 [03 15 c2]
==> 2df1:  DEC D               PC:2df2 AF:000a BC:4707 DE:1e00 HL:0741 SP:f789 IX:0000 IY:0000 Flags:00001010 [15 c2 ef]
==> 2df2:  JP NZ, 2defh        PC:2def AF:000a BC:4707 DE:1e00 HL:0741 SP:f789 IX:0000 IY:0000 Flags:00001010 [c2 ef 2d]
==> 2def:  LD (BC), A          PC:2df0 AF:000a BC:4707 DE:1e00 HL:0741 SP:f789 IX:0000 IY:0000 Flags:00001010 [02 03 15]
==> 2df0:  INC BC              PC:2df1 AF:000a BC:4708 DE:1e00 HL:0741 SP:f789 IX:0000 IY:0000 Flags:00001010 [03 15 c2]
==> 2df1:  DEC D               PC:2df2 AF:000a BC:4708 DE:1d00 HL:0741 SP:f789 IX:0000 IY:0000 Flags:00001010 [15 c2 ef]
==> 2df2:  JP NZ, 2defh        PC:2def AF:000a BC:4708 DE:1d00 HL:0741 SP:f789 IX:0000 IY:0000 Flags:00001010 [c2 ef 2d]
==> 2def:  LD (BC), A          PC:2df0 AF:000a BC:4708 DE:1d00 HL:0741 SP:f789 IX:0000 IY:0000 Flags:00001010 [02 03 15]
==> 2df0:  INC BC              PC:2df1 AF:000a BC:4709 DE:1d00 HL:0741 SP:f789 IX:0000 IY:0000 Flags:00001010 [03 15 c2]
==> 2df1:  DEC D               PC:2df2 AF:000a BC:4709 DE:1c00 HL:0741 SP:f789 IX:0000 IY:0000 Flags:00001010 [15 c2 ef]
==> 2df2:  JP NZ, 2defh        PC:2def AF:000a BC:4709 DE:1c00 HL:0741 SP:f789 IX:0000 IY:0000 Flags:00001010 [c2 ef 2d]
==> 2def:  LD (BC), A          PC:2df0 AF:000a BC:4709 DE:1c00 HL:0741 SP:f789 IX:0000 IY:0000 Flags:00001010 [02 03 15]
==> 2df0:  INC BC              PC:2df1 AF:000a BC:470a DE:1c00 HL:0741 SP:f789 IX:0000 IY:0000 Flags:00001010 [03 15 c2]
==> 2df1:  DEC D               PC:2df2 AF:000a BC:470a DE:1b00 HL:0741 SP:f789 IX:0000 IY:0000 Flags:00001010 [15 c2 ef]
==> 2df2:  JP NZ, 2defh        PC:2def AF:000a BC:470a DE:1b00 HL:0741 SP:f789 IX:0000 IY:0000 Flags:00001010 [c2 ef 2d]
==> 2def:  LD (BC), A          PC:2df0 AF:000a BC:470a DE:1b00 HL:0741 SP:f789 IX:0000 IY:0000 Flags:00001010 [02 03 15]
==> 2df0:  INC BC              PC:2df1 AF:000a BC:470b DE:1b00 HL:0741 SP:f789 IX:0000 IY:0000 Flags:00001010 [03 15 c2]
==> 2df1:  DEC D               PC:2df2 AF:000a BC:470b DE:1a00 HL:0741 SP:f789 IX:0000 IY:0000 Flags:00001010 [15 c2 ef]
==> 2df2:  JP NZ, 2defh        PC:2def AF:000a BC:470b DE:1a00 HL:0741 SP:f789 IX:0000 IY:0000 Flags:00001010 [c2 ef 2d]
==> 2def:  LD (BC), A          PC:2df0 AF:000a BC:470b DE:1a00 HL:0741 SP:f789 IX:0000 IY:0000 Flags:00001010 [02 03 15]
==> 2df0:  INC BC              PC:2df1 AF:000a BC:470c DE:1a00 HL:0741 SP:f789 IX:0000 IY:0000 Flags:00001010 [03 15 c2]
==> 2df1:  DEC D               PC:2df2 AF:000a BC:470c DE:1900 HL:0741 SP:f789 IX:0000 IY:0000 Flags:00001010 [15 c2 ef]
==> 2df2:  JP NZ, 2defh        PC:2def AF:000a BC:470c DE:1900 HL:0741 SP:f789 IX:0000 IY:0000 Flags:00001010 [c2 ef 2d]
==> 2def:  LD (BC), A          PC:2df0 AF:000a BC:470c DE:1900 HL:0741 SP:f789 IX:0000 IY:0000 Flags:00001010 [02 03 15]
==> 2df0:  INC BC              PC:2df1 AF:000a BC:470d DE:1900 HL:0741 SP:f789 IX:0000 IY:0000 Flags:00001010 [03 15 c2]
==> 2df1:  DEC D               PC:2df2 AF:000a BC:470d DE:1800 HL:0741 SP:f789 IX:0000 IY:0000 Flags:00001010 [15 c2 ef]
==> 2df2:  JP NZ, 2defh        PC:2def AF:000a BC:470d DE:1800 HL:0741 SP:f789 IX:0000 IY:0000 Flags:00001010 [c2 ef 2d]
==> 2def:  LD (BC), A          PC:2df0 AF:000a BC:470d DE:1800 HL:0741 SP:f789 IX:0000 IY:0000 Flags:00001010 [02 03 15]
==> 2df0:  INC BC              PC:2df1 AF:000a BC:470e DE:1800 HL:0741 SP:f789 IX:0000 IY:0000 Flags:00001010 [03 15 c2]
==> 2df1:  DEC D               PC:2df2 AF:0002 BC:470e DE:1700 HL:0741 SP:f789 IX:0000 IY:0000 Flags:00000010 [15 c2 ef]
==> 2df2:  JP NZ, 2defh        PC:2def AF:0002 BC:470e DE:1700 HL:0741 SP:f789 IX:0000 IY:0000 Flags:00000010 [c2 ef 2d]
==> 2def:  LD (BC), A          PC:2df0 AF:0002 BC:470e DE:1700 HL:0741 SP:f789 IX:0000 IY:0000 Flags:00000010 [02 03 15]
==> 2df0:  INC BC              PC:2df1 AF:0002 BC:470f DE:1700 HL:0741 SP:f789 IX:0000 IY:0000 Flags:00000010 [03 15 c2]
==> 2df1:  DEC D               PC:2df2 AF:0002 BC:470f DE:1600 HL:0741 SP:f789 IX:0000 IY:0000 Flags:00000010 [15 c2 ef]
==> 2df2:  JP NZ, 2defh        PC:2def AF:0002 BC:470f DE:1600 HL:0741 SP:f789 IX:0000 IY:0000 Flags:00000010 [c2 ef 2d]
==> 2def:  LD (BC), A          PC:2df0 AF:0002 BC:470f DE:1600 HL:0741 SP:f789 IX:0000 IY:0000 Flags:00000010 [02 03 15]
==> 2df0:  INC BC              PC:2df1 AF:0002 BC:4710 DE:1600 HL:0741 SP:f789 IX:0000 IY:0000 Flags:00000010 [03 15 c2]
==> 2df1:  DEC D               PC:2df2 AF:0002 BC:4710 DE:1500 HL:0741 SP:f789 IX:0000 IY:0000 Flags:00000010 [15 c2 ef]
==> 2df2:  JP NZ, 2defh        PC:2def AF:0002 BC:4710 DE:1500 HL:0741 SP:f789 IX:0000 IY:0000 Flags:00000010 [c2 ef 2d]
==> 2def:  LD (BC), A          PC:2df0 AF:0002 BC:4710 DE:1500 HL:0741 SP:f789 IX:0000 IY:0000 Flags:00000010 [02 03 15]
==> 2df0:  INC BC              PC:2df1 AF:0002 BC:4711 DE:1500 HL:0741 SP:f789 IX:0000 IY:0000 Flags:00000010 [03 15 c2]
==> 2df1:  DEC D               PC:2df2 AF:0002 BC:4711 DE:1400 HL:0741 SP:f789 IX:0000 IY:0000 Flags:00000010 [15 c2 ef]
==> 2df2:  JP NZ, 2defh        PC:2def AF:0002 BC:4711 DE:1400 HL:0741 SP:f789 IX:0000 IY:0000 Flags:00000010 [c2 ef 2d]
==> 2def:  LD (BC), A          PC:2df0 AF:0002 BC:4711 DE:1400 HL:0741 SP:f789 IX:0000 IY:0000 Flags:00000010 [02 03 15]
==> 2df0:  INC BC              PC:2df1 AF:0002 BC:4712 DE:1400 HL:0741 SP:f789 IX:0000 IY:0000 Flags:00000010 [03 15 c2]
==> 2df1:  DEC D               PC:2df2 AF:0002 BC:4712 DE:1300 HL:0741 SP:f789 IX:0000 IY:0000 Flags:00000010 [15 c2 ef]
==> 2df2:  JP NZ, 2defh        PC:2def AF:0002 BC:4712 DE:1300 HL:0741 SP:f789 IX:0000 IY:0000 Flags:00000010 [c2 ef 2d]
==> 2def:  LD (BC), A          PC:2df0 AF:0002 BC:4712 DE:1300 HL:0741 SP:f789 IX:0000 IY:0000 Flags:00000010 [02 03 15]
==> 2df0:  INC BC              PC:2df1 AF:0002 BC:4713 DE:1300 HL:0741 SP:f789 IX:0000 IY:0000 Flags:00000010 [03 15 c2]
==> 2df1:  DEC D               PC:2df2 AF:0002 BC:4713 DE:1200 HL:0741 SP:f789 IX:0000 IY:0000 Flags:00000010 [15 c2 ef]
==> 2df2:  JP NZ, 2defh        PC:2def AF:0002 BC:4713 DE:1200 HL:0741 SP:f789 IX:0000 IY:0000 Flags:00000010 [c2 ef 2d]
==> 2def:  LD (BC), A          PC:2df0 AF:0002 BC:4713 DE:1200 HL:0741 SP:f789 IX:0000 IY:0000 Flags:00000010 [02 03 15]
==> 2df0:  INC BC              PC:2df1 AF:0002 BC:4714 DE:1200 HL:0741 SP:f789 IX:0000 IY:0000 Flags:00000010 [03 15 c2]
==> 2df1:  DEC D               PC:2df2 AF:0002 BC:4714 DE:1100 HL:0741 SP:f789 IX:0000 IY:0000 Flags:00000010 [15 c2 ef]
==> 2df2:  JP NZ, 2defh        PC:2def AF:0002 BC:4714 DE:1100 HL:0741 SP:f789 IX:0000 IY:0000 Flags:00000010 [c2 ef 2d]
==> 2def:  LD (BC), A          PC:2df0 AF:0002 BC:4714 DE:1100 HL:0741 SP:f789 IX:0000 IY:0000 Flags:00000010 [02 03 15]
==> 2df0:  INC BC              PC:2df1 AF:0002 BC:4715 DE:1100 HL:0741 SP:f789 IX:0000 IY:0000 Flags:00000010 [03 15 c2]
==> 2df1:  DEC D               PC:2df2 AF:0002 BC:4715 DE:1000 HL:0741 SP:f789 IX:0000 IY:0000 Flags:00000010 [15 c2 ef]
==> 2df2:  JP NZ, 2defh        PC:2def AF:0002 BC:4715 DE:1000 HL:0741 SP:f789 IX:0000 IY:0000 Flags:00000010 [c2 ef 2d]
==> 2def:  LD (BC), A          PC:2df0 AF:0002 BC:4715 DE:1000 HL:0741 SP:f789 IX:0000 IY:0000 Flags:00000010 [02 03 15]
==> 2df0:  INC BC              PC:2df1 AF:0002 BC:4716 DE:1000 HL:0741 SP:f789 IX:0000 IY:0000 Flags:00000010 [03 15 c2]
==> 2df1:  DEC D               PC:2df2 AF:001a BC:4716 DE:0f00 HL:0741 SP:f789 IX:0000 IY:0000 Flags:00011010 [15 c2 ef]
==> 2df2:  JP NZ, 2defh        PC:2def AF:001a BC:4716 DE:0f00 HL:0741 SP:f789 IX:0000 IY:0000 Flags:00011010 [c2 ef 2d]
==> 2def:  LD (BC), A          PC:2df0 AF:001a BC:4716 DE:0f00 HL:0741 SP:f789 IX:0000 IY:0000 Flags:00011010 [02 03 15]
==> 2df0:  INC BC              PC:2df1 AF:001a BC:4717 DE:0f00 HL:0741 SP:f789 IX:0000 IY:0000 Flags:00011010 [03 15 c2]
==> 2df1:  DEC D               PC:2df2 AF:000a BC:4717 DE:0e00 HL:0741 SP:f789 IX:0000 IY:0000 Flags:00001010 [15 c2 ef]
==> 2df2:  JP NZ, 2defh        PC:2def AF:000a BC:4717 DE:0e00 HL:0741 SP:f789 IX:0000 IY:0000 Flags:00001010 [c2 ef 2d]
==> 2def:  LD (BC), A          PC:2df0 AF:000a BC:4717 DE:0e00 HL:0741 SP:f789 IX:0000 IY:0000 Flags:00001010 [02 03 15]
==> 2df0:  INC BC              PC:2df1 AF:000a BC:4718 DE:0e00 HL:0741 SP:f789 IX:0000 IY:0000 Flags:00001010 [03 15 c2]
==> 2df1:  DEC D               PC:2df2 AF:000a BC:4718 DE:0d00 HL:0741 SP:f789 IX:0000 IY:0000 Flags:00001010 [15 c2 ef]
==> 2df2:  JP NZ, 2defh        PC:2def AF:000a BC:4718 DE:0d00 HL:0741 SP:f789 IX:0000 IY:0000 Flags:00001010 [c2 ef 2d]
==> 2def:  LD (BC), A          PC:2df0 AF:000a BC:4718 DE:0d00 HL:0741 SP:f789 IX:0000 IY:0000 Flags:00001010 [02 03 15]
==> 2df0:  INC BC              PC:2df1 AF:000a BC:4719 DE:0d00 HL:0741 SP:f789 IX:0000 IY:0000 Flags:00001010 [03 15 c2]
==> 2df1:  DEC D               PC:2df2 AF:000a BC:4719 DE:0c00 HL:0741 SP:f789 IX:0000 IY:0000 Flags:00001010 [15 c2 ef]
==> 2df2:  JP NZ, 2defh        PC:2def AF:000a BC:4719 DE:0c00 HL:0741 SP:f789 IX:0000 IY:0000 Flags:00001010 [c2 ef 2d]
==> 2def:  LD (BC), A          PC:2df0 AF:000a BC:4719 DE:0c00 HL:0741 SP:f789 IX:0000 IY:0000 Flags:00001010 [02 03 15]
==> 2df0:  INC BC              PC:2df1 AF:000a BC:471a DE:0c00 HL:0741 SP:f789 IX:0000 IY:0000 Flags:00001010 [03 15 c2]
==> 2df1:  DEC D               PC:2df2 AF:000a BC:471a DE:0b00 HL:0741 SP:f789 IX:0000 IY:0000 Flags:00001010 [15 c2 ef]
==> 2df2:  JP NZ, 2defh        PC:2def AF:000a BC:471a DE:0b00 HL:0741 SP:f789 IX:0000 IY:0000 Flags:00001010 [c2 ef 2d]
==> 2def:  LD (BC), A          PC:2df0 AF:000a BC:471a DE:0b00 HL:0741 SP:f789 IX:0000 IY:0000 Flags:00001010 [02 03 15]
==> 2df0:  INC BC              PC:2df1 AF:000a BC:471b DE:0b00 HL:0741 SP:f789 IX:0000 IY:0000 Flags:00001010 [03 15 c2]
==> 2df1:  DEC D               PC:2df2 AF:000a BC:471b DE:0a00 HL:0741 SP:f789 IX:0000 IY:0000 Flags:00001010 [15 c2 ef]
==> 2df2:  JP NZ, 2defh        PC:2def AF:000a BC:471b DE:0a00 HL:0741 SP:f789 IX:0000 IY:0000 Flags:00001010 [c2 ef 2d]
==> 2def:  LD (BC), A          PC:2df0 AF:000a BC:471b DE:0a00 HL:0741 SP:f789 IX:0000 IY:0000 Flags:00001010 [02 03 15]
==> 2df0:  INC BC              PC:2df1 AF:000a BC:471c DE:0a00 HL:0741 SP:f789 IX:0000 IY:0000 Flags:00001010 [03 15 c2]
==> 2df1:  DEC D               PC:2df2 AF:000a BC:471c DE:0900 HL:0741 SP:f789 IX:0000 IY:0000 Flags:00001010 [15 c2 ef]
==> 2df2:  JP NZ, 2defh        PC:2def AF:000a BC:471c DE:0900 HL:0741 SP:f789 IX:0000 IY:0000 Flags:00001010 [c2 ef 2d]
==> 2def:  LD (BC), A          PC:2df0 AF:000a BC:471c DE:0900 HL:0741 SP:f789 IX:0000 IY:0000 Flags:00001010 [02 03 15]
==> 2df0:  INC BC              PC:2df1 AF:000a BC:471d DE:0900 HL:0741 SP:f789 IX:0000 IY:0000 Flags:00001010 [03 15 c2]
==> 2df1:  DEC D               PC:2df2 AF:000a BC:471d DE:0800 HL:0741 SP:f789 IX:0000 IY:0000 Flags:00001010 [15 c2 ef]
==> 2df2:  JP NZ, 2defh        PC:2def AF:000a BC:471d DE:0800 HL:0741 SP:f789 IX:0000 IY:0000 Flags:00001010 [c2 ef 2d]
==> 2def:  LD (BC), A          PC:2df0 AF:000a BC:471d DE:0800 HL:0741 SP:f789 IX:0000 IY:0000 Flags:00001010 [02 03 15]
==> 2df0:  INC BC              PC:2df1 AF:000a BC:471e DE:0800 HL:0741 SP:f789 IX:0000 IY:0000 Flags:00001010 [03 15 c2]
==> 2df1:  DEC D               PC:2df2 AF:0002 BC:471e DE:0700 HL:0741 SP:f789 IX:0000 IY:0000 Flags:00000010 [15 c2 ef]
==> 2df2:  JP NZ, 2defh        PC:2def AF:0002 BC:471e DE:0700 HL:0741 SP:f789 IX:0000 IY:0000 Flags:00000010 [c2 ef 2d]
==> 2def:  LD (BC), A          PC:2df0 AF:0002 BC:471e DE:0700 HL:0741 SP:f789 IX:0000 IY:0000 Flags:00000010 [02 03 15]
==> 2df0:  INC BC              PC:2df1 AF:0002 BC:471f DE:0700 HL:0741 SP:f789 IX:0000 IY:0000 Flags:00000010 [03 15 c2]
==> 2df1:  DEC D               PC:2df2 AF:0002 BC:471f DE:0600 HL:0741 SP:f789 IX:0000 IY:0000 Flags:00000010 [15 c2 ef]
==> 2df2:  JP NZ, 2defh        PC:2def AF:0002 BC:471f DE:0600 HL:0741 SP:f789 IX:0000 IY:0000 Flags:00000010 [c2 ef 2d]
==> 2def:  LD (BC), A          PC:2df0 AF:0002 BC:471f DE:0600 HL:0741 SP:f789 IX:0000 IY:0000 Flags:00000010 [02 03 15]
==> 2df0:  INC BC              PC:2df1 AF:0002 BC:4720 DE:0600 HL:0741 SP:f789 IX:0000 IY:0000 Flags:00000010 [03 15 c2]
==> 2df1:  DEC D               PC:2df2 AF:0002 BC:4720 DE:0500 HL:0741 SP:f789 IX:0000 IY:0000 Flags:00000010 [15 c2 ef]
==> 2df2:  JP NZ, 2defh        PC:2def AF:0002 BC:4720 DE:0500 HL:0741 SP:f789 IX:0000 IY:0000 Flags:00000010 [c2 ef 2d]
==> 2def:  LD (BC), A          PC:2df0 AF:0002 BC:4720 DE:0500 HL:0741 SP:f789 IX:0000 IY:0000 Flags:00000010 [02 03 15]
==> 2df0:  INC BC              PC:2df1 AF:0002 BC:4721 DE:0500 HL:0741 SP:f789 IX:0000 IY:0000 Flags:00000010 [03 15 c2]
==> 2df1:  DEC D               PC:2df2 AF:0002 BC:4721 DE:0400 HL:0741 SP:f789 IX:0000 IY:0000 Flags:00000010 [15 c2 ef]
==> 2df2:  JP NZ, 2defh        PC:2def AF:0002 BC:4721 DE:0400 HL:0741 SP:f789 IX:0000 IY:0000 Flags:00000010 [c2 ef 2d]
==> 2def:  LD (BC), A          PC:2df0 AF:0002 BC:4721 DE:0400 HL:0741 SP:f789 IX:0000 IY:0000 Flags:00000010 [02 03 15]
==> 2df0:  INC BC              PC:2df1 AF:0002 BC:4722 DE:0400 HL:0741 SP:f789 IX:0000 IY:0000 Flags:00000010 [03 15 c2]
==> 2df1:  DEC D               PC:2df2 AF:0002 BC:4722 DE:0300 HL:0741 SP:f789 IX:0000 IY:0000 Flags:00000010 [15 c2 ef]
==> 2df2:  JP NZ, 2defh        PC:2def AF:0002 BC:4722 DE:0300 HL:0741 SP:f789 IX:0000 IY:0000 Flags:00000010 [c2 ef 2d]
==> 2def:  LD (BC), A          PC:2df0 AF:0002 BC:4722 DE:0300 HL:0741 SP:f789 IX:0000 IY:0000 Flags:00000010 [02 03 15]
==> 2df0:  INC BC              PC:2df1 AF:0002 BC:4723 DE:0300 HL:0741 SP:f789 IX:0000 IY:0000 Flags:00000010 [03 15 c2]
==> 2df1:  DEC D               PC:2df2 AF:0002 BC:4723 DE:0200 HL:0741 SP:f789 IX:0000 IY:0000 Flags:00000010 [15 c2 ef]
==> 2df2:  JP NZ, 2defh        PC:2def AF:0002 BC:4723 DE:0200 HL:0741 SP:f789 IX:0000 IY:0000 Flags:00000010 [c2 ef 2d]
==> 2def:  LD (BC), A          PC:2df0 AF:0002 BC:4723 DE:0200 HL:0741 SP:f789 IX:0000 IY:0000 Flags:00000010 [02 03 15]
==> 2df0:  INC BC              PC:2df1 AF:0002 BC:4724 DE:0200 HL:0741 SP:f789 IX:0000 IY:0000 Flags:00000010 [03 15 c2]
==> 2df1:  DEC D               PC:2df2 AF:0002 BC:4724 DE:0100 HL:0741 SP:f789 IX:0000 IY:0000 Flags:00000010 [15 c2 ef]
==> 2df2:  JP NZ, 2defh        PC:2def AF:0002 BC:4724 DE:0100 HL:0741 SP:f789 IX:0000 IY:0000 Flags:00000010 [c2 ef 2d]
==> 2def:  LD (BC), A          PC:2df0 AF:0002 BC:4724 DE:0100 HL:0741 SP:f789 IX:0000 IY:0000 Flags:00000010 [02 03 15]
==> 2df0:  INC BC              PC:2df1 AF:0002 BC:4725 DE:0100 HL:0741 SP:f789 IX:0000 IY:0000 Flags:00000010 [03 15 c2]
==> 2df1:  DEC D               PC:2df2 AF:0042 BC:4725 DE:0000 HL:0741 SP:f789 IX:0000 IY:0000 Flags:01000010 [15 c2 ef]
==> 2df2:  JP NZ, 2defh        PC:2df5 AF:0042 BC:4725 DE:0000 HL:0741 SP:f789 IX:0000 IY:0000 Flags:01000010 [c2 ef 2d]
==> 2df5:  RET                 PC:34ec AF:0042 BC:4725 DE:0000 HL:0741 SP:f78b IX:0000 IY:0000 Flags:01000010 [c9 cd 80]
==> 34ec:  POP AF              PC:34ed AF:0042 BC:4725 DE:0000 HL:0741 SP:f78d IX:0000 IY:0000 Flags:01000010 [f1 c1 3d]
==> 34ed:  POP BC              PC:34ee AF:0042 BC:2dbc DE:0000 HL:0741 SP:f78f IX:0000 IY:0000 Flags:01000010 [c1 3d f2]
==> 34ee:  DEC A               PC:34ef AF:ffba BC:2dbc DE:0000 HL:0741 SP:f78f IX:0000 IY:0000 Flags:10111010 [3d f2 e4]
==> 34ef:  JP P, 34e4h         PC:34f2 AF:ffba BC:2dbc DE:0000 HL:0741 SP:f78f IX:0000 IY:0000 Flags:10111010 [f2 e4 34]
==> 34f2:  POP HL              PC:34f3 AF:ffba BC:2dbc DE:0000 HL:0741 SP:f791 IX:0000 IY:0000 Flags:10111010 [e1 c9 c1]
==> 34f3:  RET                 PC:350e AF:ffba BC:2dbc DE:0000 HL:0741 SP:f793 IX:0000 IY:0000 Flags:10111010 [c9 c1 e1]
==> 350e:  POP BC              PC:350f AF:ffba BC:00bf DE:0000 HL:0741 SP:f795 IX:0000 IY:0000 Flags:10111010 [c1 d1 af]
==> 350f:  POP DE              PC:3510 AF:ffba BC:00bf DE:48f1 HL:0741 SP:f797 IX:0000 IY:0000 Flags:10111010 [d1 af c9]
==> 3510:  XOR A, A            PC:3511 AF:0044 BC:00bf DE:48f1 HL:0741 SP:f797 IX:0000 IY:0000 Flags:01000100 [af c9 cd]
==> 3511:  RET                 PC:0d2c AF:0044 BC:00bf DE:48f1 HL:0741 SP:f799 IX:0000 IY:0000 Flags:01000100 [c9 cd 74]
==> 0d2c:  XOR A, A            PC:0d2d AF:0044 BC:00bf DE:48f1 HL:0741 SP:f799 IX:0000 IY:0000 Flags:01000100 [af c0 2a]
==> 0d2d:  RET NZ              PC:0d2e AF:0044 BC:00bf DE:48f1 HL:0741 SP:f799 IX:0000 IY:0000 Flags:01000100 [c0 2a 2f]
==> 0d2e:  LD HL, (072fh)      PC:0d31 AF:0044 BC:00bf DE:48f1 HL:4998 SP:f799 IX:0000 IY:0000 Flags:01000100 [2a 2f 07]
==> 0d31:  CALL 140ah          PC:140a AF:0044 BC:00bf DE:48f1 HL:4998 SP:f797 IX:0000 IY:0000 Flags:01000100 [cd 0a 14]
==> 140a:  XOR A, A            PC:140b AF:0044 BC:00bf DE:48f1 HL:4998 SP:f797 IX:0000 IY:0000 Flags:01000100 [af 32 52]
==> 140b:  LD (0a52h), A       PC:140e AF:0044 BC:00bf DE:48f1 HL:4998 SP:f797 IX:0000 IY:0000 Flags:01000100 [32 52 0a]
==> 140e:  RET                 PC:0d34 AF:0044 BC:00bf DE:48f1 HL:4998 SP:f799 IX:0000 IY:0000 Flags:01000100 [c9 cd 31]
==> 0d34:  LD (0a10h), A       PC:0d37 AF:0044 BC:00bf DE:48f1 HL:4998 SP:f799 IX:0000 IY:0000 Flags:01000100 [32 10 0a]
==> 0d37:  LD (0a0fh), A       PC:0d3a AF:0044 BC:00bf DE:48f1 HL:4998 SP:f799 IX:0000 IY:0000 Flags:01000100 [32 0f 0a]
==> 0d3a:  LD (HL), A          PC:0d3b AF:0044 BC:00bf DE:48f1 HL:4998 SP:f799 IX:0000 IY:0000 Flags:01000100 [77 23 77]
==> 0d3b:  INC HL              PC:0d3c AF:0044 BC:00bf DE:48f1 HL:4999 SP:f799 IX:0000 IY:0000 Flags:01000100 [23 77 23]
==> 0d3c:  LD (HL), A          PC:0d3d AF:0044 BC:00bf DE:48f1 HL:4999 SP:f799 IX:0000 IY:0000 Flags:01000100 [77 23 22]
==> 0d3d:  INC HL              PC:0d3e AF:0044 BC:00bf DE:48f1 HL:499a SP:f799 IX:0000 IY:0000 Flags:01000100 [23 22 28]
==> 0d3e:  LD (0a28h), HL      PC:0d41 AF:0044 BC:00bf DE:48f1 HL:499a SP:f799 IX:0000 IY:0000 Flags:01000100 [22 28 0a]
==> 0d41:  LD HL, (072fh)      PC:0d44 AF:0044 BC:00bf DE:48f1 HL:4998 SP:f799 IX:0000 IY:0000 Flags:01000100 [2a 2f 07]
==> 0d44:  DEC HL              PC:0d45 AF:0044 BC:00bf DE:48f1 HL:4997 SP:f799 IX:0000 IY:0000 Flags:01000100 [2b 22 0d]
==> 0d45:  LD (0a0dh), HL      PC:0d48 AF:0044 BC:00bf DE:48f1 HL:4997 SP:f799 IX:0000 IY:0000 Flags:01000100 [22 0d 0a]
==> 0d48:  LD B, 1ah           PC:0d4a AF:0044 BC:1abf DE:48f1 HL:4997 SP:f799 IX:0000 IY:0000 Flags:01000100 [06 1a 21]
==> 0d4a:  LD HL, 0a30h        PC:0d4d AF:0044 BC:1abf DE:48f1 HL:0a30 SP:f799 IX:0000 IY:0000 Flags:01000100 [21 30 0a]
==> 0d4d:  LD (HL), 04h        PC:0d4f AF:0044 BC:1abf DE:48f1 HL:0a30 SP:f799 IX:0000 IY:0000 Flags:01000100 [36 04 23]
==> 0d4f:  INC HL              PC:0d50 AF:0044 BC:1abf DE:48f1 HL:0a31 SP:f799 IX:0000 IY:0000 Flags:01000100 [23 05 c2]
==> 0d50:  DEC B               PC:0d51 AF:000a BC:19bf DE:48f1 HL:0a31 SP:f799 IX:0000 IY:0000 Flags:00001010 [05 c2 4d]
==> 0d51:  JP NZ, 0d4dh        PC:0d4d AF:000a BC:19bf DE:48f1 HL:0a31 SP:f799 IX:0000 IY:0000 Flags:00001010 [c2 4d 0d]
==> 0d4d:  LD (HL), 04h        PC:0d4f AF:000a BC:19bf DE:48f1 HL:0a31 SP:f799 IX:0000 IY:0000 Flags:00001010 [36 04 23]
==> 0d4f:  INC HL              PC:0d50 AF:000a BC:19bf DE:48f1 HL:0a32 SP:f799 IX:0000 IY:0000 Flags:00001010 [23 05 c2]
==> 0d50:  DEC B               PC:0d51 AF:000a BC:18bf DE:48f1 HL:0a32 SP:f799 IX:0000 IY:0000 Flags:00001010 [05 c2 4d]
==> 0d51:  JP NZ, 0d4dh        PC:0d4d AF:000a BC:18bf DE:48f1 HL:0a32 SP:f799 IX:0000 IY:0000 Flags:00001010 [c2 4d 0d]
==> 0d4d:  LD (HL), 04h        PC:0d4f AF:000a BC:18bf DE:48f1 HL:0a32 SP:f799 IX:0000 IY:0000 Flags:00001010 [36 04 23]
==> 0d4f:  INC HL              PC:0d50 AF:000a BC:18bf DE:48f1 HL:0a33 SP:f799 IX:0000 IY:0000 Flags:00001010 [23 05 c2]
==> 0d50:  DEC B               PC:0d51 AF:0002 BC:17bf DE:48f1 HL:0a33 SP:f799 IX:0000 IY:0000 Flags:00000010 [05 c2 4d]
==> 0d51:  JP NZ, 0d4dh        PC:0d4d AF:0002 BC:17bf DE:48f1 HL:0a33 SP:f799 IX:0000 IY:0000 Flags:00000010 [c2 4d 0d]
==> 0d4d:  LD (HL), 04h        PC:0d4f AF:0002 BC:17bf DE:48f1 HL:0a33 SP:f799 IX:0000 IY:0000 Flags:00000010 [36 04 23]
==> 0d4f:  INC HL              PC:0d50 AF:0002 BC:17bf DE:48f1 HL:0a34 SP:f799 IX:0000 IY:0000 Flags:00000010 [23 05 c2]
==> 0d50:  DEC B               PC:0d51 AF:0002 BC:16bf DE:48f1 HL:0a34 SP:f799 IX:0000 IY:0000 Flags:00000010 [05 c2 4d]
==> 0d51:  JP NZ, 0d4dh        PC:0d4d AF:0002 BC:16bf DE:48f1 HL:0a34 SP:f799 IX:0000 IY:0000 Flags:00000010 [c2 4d 0d]
==> 0d4d:  LD (HL), 04h        PC:0d4f AF:0002 BC:16bf DE:48f1 HL:0a34 SP:f799 IX:0000 IY:0000 Flags:00000010 [36 04 23]
==> 0d4f:  INC HL              PC:0d50 AF:0002 BC:16bf DE:48f1 HL:0a35 SP:f799 IX:0000 IY:0000 Flags:00000010 [23 05 c2]
==> 0d50:  DEC B               PC:0d51 AF:0002 BC:15bf DE:48f1 HL:0a35 SP:f799 IX:0000 IY:0000 Flags:00000010 [05 c2 4d]
==> 0d51:  JP NZ, 0d4dh        PC:0d4d AF:0002 BC:15bf DE:48f1 HL:0a35 SP:f799 IX:0000 IY:0000 Flags:00000010 [c2 4d 0d]
==> 0d4d:  LD (HL), 04h        PC:0d4f AF:0002 BC:15bf DE:48f1 HL:0a35 SP:f799 IX:0000 IY:0000 Flags:00000010 [36 04 23]
==> 0d4f:  INC HL              PC:0d50 AF:0002 BC:15bf DE:48f1 HL:0a36 SP:f799 IX:0000 IY:0000 Flags:00000010 [23 05 c2]
==> 0d50:  DEC B               PC:0d51 AF:0002 BC:14bf DE:48f1 HL:0a36 SP:f799 IX:0000 IY:0000 Flags:00000010 [05 c2 4d]
==> 0d51:  JP NZ, 0d4dh        PC:0d4d AF:0002 BC:14bf DE:48f1 HL:0a36 SP:f799 IX:0000 IY:0000 Flags:00000010 [c2 4d 0d]
==> 0d4d:  LD (HL), 04h        PC:0d4f AF:0002 BC:14bf DE:48f1 HL:0a36 SP:f799 IX:0000 IY:0000 Flags:00000010 [36 04 23]
==> 0d4f:  INC HL              PC:0d50 AF:0002 BC:14bf DE:48f1 HL:0a37 SP:f799 IX:0000 IY:0000 Flags:00000010 [23 05 c2]
==> 0d50:  DEC B               PC:0d51 AF:0002 BC:13bf DE:48f1 HL:0a37 SP:f799 IX:0000 IY:0000 Flags:00000010 [05 c2 4d]
==> 0d51:  JP NZ, 0d4dh        PC:0d4d AF:0002 BC:13bf DE:48f1 HL:0a37 SP:f799 IX:0000 IY:0000 Flags:00000010 [c2 4d 0d]
==> 0d4d:  LD (HL), 04h        PC:0d4f AF:0002 BC:13bf DE:48f1 HL:0a37 SP:f799 IX:0000 IY:0000 Flags:00000010 [36 04 23]
==> 0d4f:  INC HL              PC:0d50 AF:0002 BC:13bf DE:48f1 HL:0a38 SP:f799 IX:0000 IY:0000 Flags:00000010 [23 05 c2]
==> 0d50:  DEC B               PC:0d51 AF:0002 BC:12bf DE:48f1 HL:0a38 SP:f799 IX:0000 IY:0000 Flags:00000010 [05 c2 4d]
==> 0d51:  JP NZ, 0d4dh        PC:0d4d AF:0002 BC:12bf DE:48f1 HL:0a38 SP:f799 IX:0000 IY:0000 Flags:00000010 [c2 4d 0d]
==> 0d4d:  LD (HL), 04h        PC:0d4f AF:0002 BC:12bf DE:48f1 HL:0a38 SP:f799 IX:0000 IY:0000 Flags:00000010 [36 04 23]
==> 0d4f:  INC HL              PC:0d50 AF:0002 BC:12bf DE:48f1 HL:0a39 SP:f799 IX:0000 IY:0000 Flags:00000010 [23 05 c2]
==> 0d50:  DEC B               PC:0d51 AF:0002 BC:11bf DE:48f1 HL:0a39 SP:f799 IX:0000 IY:0000 Flags:00000010 [05 c2 4d]
==> 0d51:  JP NZ, 0d4dh        PC:0d4d AF:0002 BC:11bf DE:48f1 HL:0a39 SP:f799 IX:0000 IY:0000 Flags:00000010 [c2 4d 0d]
==> 0d4d:  LD (HL), 04h        PC:0d4f AF:0002 BC:11bf DE:48f1 HL:0a39 SP:f799 IX:0000 IY:0000 Flags:00000010 [36 04 23]
==> 0d4f:  INC HL              PC:0d50 AF:0002 BC:11bf DE:48f1 HL:0a3a SP:f799 IX:0000 IY:0000 Flags:00000010 [23 05 c2]
==> 0d50:  DEC B               PC:0d51 AF:0002 BC:10bf DE:48f1 HL:0a3a SP:f799 IX:0000 IY:0000 Flags:00000010 [05 c2 4d]
==> 0d51:  JP NZ, 0d4dh        PC:0d4d AF:0002 BC:10bf DE:48f1 HL:0a3a SP:f799 IX:0000 IY:0000 Flags:00000010 [c2 4d 0d]
==> 0d4d:  LD (HL), 04h        PC:0d4f AF:0002 BC:10bf DE:48f1 HL:0a3a SP:f799 IX:0000 IY:0000 Flags:00000010 [36 04 23]
==> 0d4f:  INC HL              PC:0d50 AF:0002 BC:10bf DE:48f1 HL:0a3b SP:f799 IX:0000 IY:0000 Flags:00000010 [23 05 c2]
==> 0d50:  DEC B               PC:0d51 AF:001a BC:0fbf DE:48f1 HL:0a3b SP:f799 IX:0000 IY:0000 Flags:00011010 [05 c2 4d]
==> 0d51:  JP NZ, 0d4dh        PC:0d4d AF:001a BC:0fbf DE:48f1 HL:0a3b SP:f799 IX:0000 IY:0000 Flags:00011010 [c2 4d 0d]
==> 0d4d:  LD (HL), 04h        PC:0d4f AF:001a BC:0fbf DE:48f1 HL:0a3b SP:f799 IX:0000 IY:0000 Flags:00011010 [36 04 23]
==> 0d4f:  INC HL              PC:0d50 AF:001a BC:0fbf DE:48f1 HL:0a3c SP:f799 IX:0000 IY:0000 Flags:00011010 [23 05 c2]
==> 0d50:  DEC B               PC:0d51 AF:000a BC:0ebf DE:48f1 HL:0a3c SP:f799 IX:0000 IY:0000 Flags:00001010 [05 c2 4d]
==> 0d51:  JP NZ, 0d4dh        PC:0d4d AF:000a BC:0ebf DE:48f1 HL:0a3c SP:f799 IX:0000 IY:0000 Flags:00001010 [c2 4d 0d]
==> 0d4d:  LD (HL), 04h        PC:0d4f AF:000a BC:0ebf DE:48f1 HL:0a3c SP:f799 IX:0000 IY:0000 Flags:00001010 [36 04 23]
==> 0d4f:  INC HL              PC:0d50 AF:000a BC:0ebf DE:48f1 HL:0a3d SP:f799 IX:0000 IY:0000 Flags:00001010 [23 05 c2]
==> 0d50:  DEC B               PC:0d51 AF:000a BC:0dbf DE:48f1 HL:0a3d SP:f799 IX:0000 IY:0000 Flags:00001010 [05 c2 4d]
==> 0d51:  JP NZ, 0d4dh        PC:0d4d AF:000a BC:0dbf DE:48f1 HL:0a3d SP:f799 IX:0000 IY:0000 Flags:00001010 [c2 4d 0d]
==> 0d4d:  LD (HL), 04h        PC:0d4f AF:000a BC:0dbf DE:48f1 HL:0a3d SP:f799 IX:0000 IY:0000 Flags:00001010 [36 04 23]
==> 0d4f:  INC HL              PC:0d50 AF:000a BC:0dbf DE:48f1 HL:0a3e SP:f799 IX:0000 IY:0000 Flags:00001010 [23 05 c2]
==> 0d50:  DEC B               PC:0d51 AF:000a BC:0cbf DE:48f1 HL:0a3e SP:f799 IX:0000 IY:0000 Flags:00001010 [05 c2 4d]
==> 0d51:  JP NZ, 0d4dh        PC:0d4d AF:000a BC:0cbf DE:48f1 HL:0a3e SP:f799 IX:0000 IY:0000 Flags:00001010 [c2 4d 0d]
==> 0d4d:  LD (HL), 04h        PC:0d4f AF:000a BC:0cbf DE:48f1 HL:0a3e SP:f799 IX:0000 IY:0000 Flags:00001010 [36 04 23]
==> 0d4f:  INC HL              PC:0d50 AF:000a BC:0cbf DE:48f1 HL:0a3f SP:f799 IX:0000 IY:0000 Flags:00001010 [23 05 c2]
==> 0d50:  DEC B               PC:0d51 AF:000a BC:0bbf DE:48f1 HL:0a3f SP:f799 IX:0000 IY:0000 Flags:00001010 [05 c2 4d]
==> 0d51:  JP NZ, 0d4dh        PC:0d4d AF:000a BC:0bbf DE:48f1 HL:0a3f SP:f799 IX:0000 IY:0000 Flags:00001010 [c2 4d 0d]
==> 0d4d:  LD (HL), 04h        PC:0d4f AF:000a BC:0bbf DE:48f1 HL:0a3f SP:f799 IX:0000 IY:0000 Flags:00001010 [36 04 23]
==> 0d4f:  INC HL              PC:0d50 AF:000a BC:0bbf DE:48f1 HL:0a40 SP:f799 IX:0000 IY:0000 Flags:00001010 [23 05 c2]
==> 0d50:  DEC B               PC:0d51 AF:000a BC:0abf DE:48f1 HL:0a40 SP:f799 IX:0000 IY:0000 Flags:00001010 [05 c2 4d]
==> 0d51:  JP NZ, 0d4dh        PC:0d4d AF:000a BC:0abf DE:48f1 HL:0a40 SP:f799 IX:0000 IY:0000 Flags:00001010 [c2 4d 0d]
==> 0d4d:  LD (HL), 04h        PC:0d4f AF:000a BC:0abf DE:48f1 HL:0a40 SP:f799 IX:0000 IY:0000 Flags:00001010 [36 04 23]
==> 0d4f:  INC HL              PC:0d50 AF:000a BC:0abf DE:48f1 HL:0a41 SP:f799 IX:0000 IY:0000 Flags:00001010 [23 05 c2]
==> 0d50:  DEC B               PC:0d51 AF:000a BC:09bf DE:48f1 HL:0a41 SP:f799 IX:0000 IY:0000 Flags:00001010 [05 c2 4d]
==> 0d51:  JP NZ, 0d4dh        PC:0d4d AF:000a BC:09bf DE:48f1 HL:0a41 SP:f799 IX:0000 IY:0000 Flags:00001010 [c2 4d 0d]
==> 0d4d:  LD (HL), 04h        PC:0d4f AF:000a BC:09bf DE:48f1 HL:0a41 SP:f799 IX:0000 IY:0000 Flags:00001010 [36 04 23]
==> 0d4f:  INC HL              PC:0d50 AF:000a BC:09bf DE:48f1 HL:0a42 SP:f799 IX:0000 IY:0000 Flags:00001010 [23 05 c2]
==> 0d50:  DEC B               PC:0d51 AF:000a BC:08bf DE:48f1 HL:0a42 SP:f799 IX:0000 IY:0000 Flags:00001010 [05 c2 4d]
==> 0d51:  JP NZ, 0d4dh        PC:0d4d AF:000a BC:08bf DE:48f1 HL:0a42 SP:f799 IX:0000 IY:0000 Flags:00001010 [c2 4d 0d]
==> 0d4d:  LD (HL), 04h        PC:0d4f AF:000a BC:08bf DE:48f1 HL:0a42 SP:f799 IX:0000 IY:0000 Flags:00001010 [36 04 23]
==> 0d4f:  INC HL              PC:0d50 AF:000a BC:08bf DE:48f1 HL:0a43 SP:f799 IX:0000 IY:0000 Flags:00001010 [23 05 c2]
==> 0d50:  DEC B               PC:0d51 AF:0002 BC:07bf DE:48f1 HL:0a43 SP:f799 IX:0000 IY:0000 Flags:00000010 [05 c2 4d]
==> 0d51:  JP NZ, 0d4dh        PC:0d4d AF:0002 BC:07bf DE:48f1 HL:0a43 SP:f799 IX:0000 IY:0000 Flags:00000010 [c2 4d 0d]
==> 0d4d:  LD (HL), 04h        PC:0d4f AF:0002 BC:07bf DE:48f1 HL:0a43 SP:f799 IX:0000 IY:0000 Flags:00000010 [36 04 23]
==> 0d4f:  INC HL              PC:0d50 AF:0002 BC:07bf DE:48f1 HL:0a44 SP:f799 IX:0000 IY:0000 Flags:00000010 [23 05 c2]
==> 0d50:  DEC B               PC:0d51 AF:0002 BC:06bf DE:48f1 HL:0a44 SP:f799 IX:0000 IY:0000 Flags:00000010 [05 c2 4d]
==> 0d51:  JP NZ, 0d4dh        PC:0d4d AF:0002 BC:06bf DE:48f1 HL:0a44 SP:f799 IX:0000 IY:0000 Flags:00000010 [c2 4d 0d]
==> 0d4d:  LD (HL), 04h        PC:0d4f AF:0002 BC:06bf DE:48f1 HL:0a44 SP:f799 IX:0000 IY:0000 Flags:00000010 [36 04 23]
==> 0d4f:  INC HL              PC:0d50 AF:0002 BC:06bf DE:48f1 HL:0a45 SP:f799 IX:0000 IY:0000 Flags:00000010 [23 05 c2]
==> 0d50:  DEC B               PC:0d51 AF:0002 BC:05bf DE:48f1 HL:0a45 SP:f799 IX:0000 IY:0000 Flags:00000010 [05 c2 4d]
==> 0d51:  JP NZ, 0d4dh        PC:0d4d AF:0002 BC:05bf DE:48f1 HL:0a45 SP:f799 IX:0000 IY:0000 Flags:00000010 [c2 4d 0d]
==> 0d4d:  LD (HL), 04h        PC:0d4f AF:0002 BC:05bf DE:48f1 HL:0a45 SP:f799 IX:0000 IY:0000 Flags:00000010 [36 04 23]
==> 0d4f:  INC HL              PC:0d50 AF:0002 BC:05bf DE:48f1 HL:0a46 SP:f799 IX:0000 IY:0000 Flags:00000010 [23 05 c2]
==> 0d50:  DEC B               PC:0d51 AF:0002 BC:04bf DE:48f1 HL:0a46 SP:f799 IX:0000 IY:0000 Flags:00000010 [05 c2 4d]
==> 0d51:  JP NZ, 0d4dh        PC:0d4d AF:0002 BC:04bf DE:48f1 HL:0a46 SP:f799 IX:0000 IY:0000 Flags:00000010 [c2 4d 0d]
==> 0d4d:  LD (HL), 04h        PC:0d4f AF:0002 BC:04bf DE:48f1 HL:0a46 SP:f799 IX:0000 IY:0000 Flags:00000010 [36 04 23]
==> 0d4f:  INC HL              PC:0d50 AF:0002 BC:04bf DE:48f1 HL:0a47 SP:f799 IX:0000 IY:0000 Flags:00000010 [23 05 c2]
==> 0d50:  DEC B               PC:0d51 AF:0002 BC:03bf DE:48f1 HL:0a47 SP:f799 IX:0000 IY:0000 Flags:00000010 [05 c2 4d]
==> 0d51:  JP NZ, 0d4dh        PC:0d4d AF:0002 BC:03bf DE:48f1 HL:0a47 SP:f799 IX:0000 IY:0000 Flags:00000010 [c2 4d 0d]
==> 0d4d:  LD (HL), 04h        PC:0d4f AF:0002 BC:03bf DE:48f1 HL:0a47 SP:f799 IX:0000 IY:0000 Flags:00000010 [36 04 23]
==> 0d4f:  INC HL              PC:0d50 AF:0002 BC:03bf DE:48f1 HL:0a48 SP:f799 IX:0000 IY:0000 Flags:00000010 [23 05 c2]
==> 0d50:  DEC B               PC:0d51 AF:0002 BC:02bf DE:48f1 HL:0a48 SP:f799 IX:0000 IY:0000 Flags:00000010 [05 c2 4d]
==> 0d51:  JP NZ, 0d4dh        PC:0d4d AF:0002 BC:02bf DE:48f1 HL:0a48 SP:f799 IX:0000 IY:0000 Flags:00000010 [c2 4d 0d]
==> 0d4d:  LD (HL), 04h        PC:0d4f AF:0002 BC:02bf DE:48f1 HL:0a48 SP:f799 IX:0000 IY:0000 Flags:00000010 [36 04 23]
==> 0d4f:  INC HL              PC:0d50 AF:0002 BC:02bf DE:48f1 HL:0a49 SP:f799 IX:0000 IY:0000 Flags:00000010 [23 05 c2]
==> 0d50:  DEC B               PC:0d51 AF:0002 BC:01bf DE:48f1 HL:0a49 SP:f799 IX:0000 IY:0000 Flags:00000010 [05 c2 4d]
==> 0d51:  JP NZ, 0d4dh        PC:0d4d AF:0002 BC:01bf DE:48f1 HL:0a49 SP:f799 IX:0000 IY:0000 Flags:00000010 [c2 4d 0d]
==> 0d4d:  LD (HL), 04h        PC:0d4f AF:0002 BC:01bf DE:48f1 HL:0a49 SP:f799 IX:0000 IY:0000 Flags:00000010 [36 04 23]
==> 0d4f:  INC HL              PC:0d50 AF:0002 BC:01bf DE:48f1 HL:0a4a SP:f799 IX:0000 IY:0000 Flags:00000010 [23 05 c2]
==> 0d50:  DEC B               PC:0d51 AF:0042 BC:00bf DE:48f1 HL:0a4a SP:f799 IX:0000 IY:0000 Flags:01000010 [05 c2 4d]
==> 0d51:  JP NZ, 0d4dh        PC:0d54 AF:0042 BC:00bf DE:48f1 HL:0a4a SP:f799 IX:0000 IY:0000 Flags:01000010 [c2 4d 0d]
==> 0d54:  XOR A, A            PC:0d55 AF:0044 BC:00bf DE:48f1 HL:0a4a SP:f799 IX:0000 IY:0000 Flags:01000100 [af 32 21]
==> 0d55:  LD (0a21h), A       PC:0d58 AF:0044 BC:00bf DE:48f1 HL:0a4a SP:f799 IX:0000 IY:0000 Flags:01000100 [32 21 0a]
==> 0d58:  LD L, A             PC:0d59 AF:0044 BC:00bf DE:48f1 HL:0a00 SP:f799 IX:0000 IY:0000 Flags:01000100 [6f 67 22]
==> 0d59:  LD H, A             PC:0d5a AF:0044 BC:00bf DE:48f1 HL:0000 SP:f799 IX:0000 IY:0000 Flags:01000100 [67 22 1f]
==> 0d5a:  LD (0a1fh), HL      PC:0d5d AF:0044 BC:00bf DE:48f1 HL:0000 SP:f799 IX:0000 IY:0000 Flags:01000100 [22 1f 0a]
==> 0d5d:  LD (0a26h), HL      PC:0d60 AF:0044 BC:00bf DE:48f1 HL:0000 SP:f799 IX:0000 IY:0000 Flags:01000100 [22 26 0a]
==> 0d60:  LD HL, (09e0h)      PC:0d63 AF:0044 BC:00bf DE:48f1 HL:f7ff SP:f799 IX:0000 IY:0000 Flags:01000100 [2a e0 09]
==> 0d63:  LD (0a05h), HL      PC:0d66 AF:0044 BC:00bf DE:48f1 HL:f7ff SP:f799 IX:0000 IY:0000 Flags:01000100 [22 05 0a]
==> 0d66:  CALL 1355h          PC:1355 AF:0044 BC:00bf DE:48f1 HL:f7ff SP:f797 IX:0000 IY:0000 Flags:01000100 [cd 55 13]
==> 1355:  EX DE, HL           PC:1356 AF:0044 BC:00bf DE:f7ff HL:48f1 SP:f797 IX:0000 IY:0000 Flags:01000100 [eb 2a 2f]
==> 1356:  LD HL, (072fh)      PC:1359 AF:0044 BC:00bf DE:f7ff HL:4998 SP:f797 IX:0000 IY:0000 Flags:01000100 [2a 2f 07]
==> 1359:  JP Z, 136ah         PC:136a AF:0044 BC:00bf DE:f7ff HL:4998 SP:f797 IX:0000 IY:0000 Flags:01000100 [ca 6a 13]
==> 136a:  DEC HL              PC:136b AF:0044 BC:00bf DE:f7ff HL:4997 SP:f797 IX:0000 IY:0000 Flags:01000100 [2b 22 2e]
==> 136b:  LD (0a2eh), HL      PC:136e AF:0044 BC:00bf DE:f7ff HL:4997 SP:f797 IX:0000 IY:0000 Flags:01000100 [22 2e 0a]
==> 136e:  EX DE, HL           PC:136f AF:0044 BC:00bf DE:4997 HL:f7ff SP:f797 IX:0000 IY:0000 Flags:01000100 [eb c9 c5]
==> 136f:  RET                 PC:0d69 AF:0044 BC:00bf DE:4997 HL:f7ff SP:f799 IX:0000 IY:0000 Flags:01000100 [c9 c5 d5]
==> 0d69:  LD HL, (0a28h)      PC:0d6c AF:0044 BC:00bf DE:4997 HL:499a SP:f799 IX:0000 IY:0000 Flags:01000100 [2a 28 0a]
==> 0d6c:  LD (0a2ah), HL      PC:0d6f AF:0044 BC:00bf DE:4997 HL:499a SP:f799 IX:0000 IY:0000 Flags:01000100 [22 2a 0a]
==> 0d6f:  LD (0a2ch), HL      PC:0d72 AF:0044 BC:00bf DE:4997 HL:499a SP:f799 IX:0000 IY:0000 Flags:01000100 [22 2c 0a]
==> 0d72:  CALL 3508h          PC:3508 AF:0044 BC:00bf DE:4997 HL:499a SP:f797 IX:0000 IY:0000 Flags:01000100 [cd 08 35]
==> 3508:  PUSH DE             PC:3509 AF:0044 BC:00bf DE:4997 HL:499a SP:f795 IX:0000 IY:0000 Flags:01000100 [d5 c5 af]
==> 3509:  PUSH BC             PC:350a AF:0044 BC:00bf DE:4997 HL:499a SP:f793 IX:0000 IY:0000 Flags:01000100 [c5 af cd]
==> 350a:  XOR A, A            PC:350b AF:0044 BC:00bf DE:4997 HL:499a SP:f793 IX:0000 IY:0000 Flags:01000100 [af cd da]
==> 350b:  CALL 34dah          PC:34da AF:0044 BC:00bf DE:4997 HL:499a SP:f791 IX:0000 IY:0000 Flags:01000100 [cd da 34]
==> 34da:  LD BC, 2dbch        PC:34dd AF:0044 BC:2dbc DE:4997 HL:499a SP:f791 IX:0000 IY:0000 Flags:01000100 [01 bc 2d]
==> 34dd:  LD A, (0759h)       PC:34e0 AF:0344 BC:2dbc DE:4997 HL:499a SP:f791 IX:0000 IY:0000 Flags:01000100 [3a 59 07]
==> 34e0:  JP NZ, 34fdh        PC:34e3 AF:0344 BC:2dbc DE:4997 HL:499a SP:f791 IX:0000 IY:0000 Flags:01000100 [c2 fd 34]
==> 34e3:  PUSH HL             PC:34e4 AF:0344 BC:2dbc DE:4997 HL:499a SP:f78f IX:0000 IY:0000 Flags:01000100 [e5 c5 f5]
==> 34e4:  PUSH BC             PC:34e5 AF:0344 BC:2dbc DE:4997 HL:499a SP:f78d IX:0000 IY:0000 Flags:01000100 [c5 f5 11]
==> 34e5:  PUSH AF             PC:34e6 AF:0344 BC:2dbc DE:4997 HL:499a SP:f78b IX:0000 IY:0000 Flags:01000100 [f5 11 ec]
==> 34e6:  LD DE, 34ech        PC:34e9 AF:0344 BC:2dbc DE:34ec HL:499a SP:f78b IX:0000 IY:0000 Flags:01000100 [11 ec 34]
==> 34e9:  PUSH DE             PC:34ea AF:0344 BC:2dbc DE:34ec HL:499a SP:f789 IX:0000 IY:0000 Flags:01000100 [d5 c5 c9]
==> 34ea:  PUSH BC             PC:34eb AF:0344 BC:2dbc DE:34ec HL:499a SP:f787 IX:0000 IY:0000 Flags:01000100 [c5 c9 f1]
==> 34eb:  RET                 PC:2dbc AF:0344 BC:2dbc DE:34ec HL:499a SP:f789 IX:0000 IY:0000 Flags:01000100 [c9 f1 c1]
==> 2dbc:  CALL 3283h          PC:3283 AF:0344 BC:2dbc DE:34ec HL:499a SP:f787 IX:0000 IY:0000 Flags:01000100 [cd 83 32]
==> 3283:  LD E, A             PC:3284 AF:0344 BC:2dbc DE:3403 HL:499a SP:f787 IX:0000 IY:0000 Flags:01000100 [5f 3a 59]
==> 3284:  LD A, (0759h)       PC:3287 AF:0344 BC:2dbc DE:3403 HL:499a SP:f787 IX:0000 IY:0000 Flags:01000100 [3a 59 07]
==> 3287:  CP A, E             PC:3288 AF:0342 BC:2dbc DE:3403 HL:499a SP:f787 IX:0000 IY:0000 Flags:01000010 [bb da a7]
==> 3288:  JP C, 31a7h         PC:328b AF:0342 BC:2dbc DE:3403 HL:499a SP:f787 IX:0000 IY:0000 Flags:01000010 [da a7 31]
==> 328b:  LD D, 00h           PC:328d AF:0342 BC:2dbc DE:0003 HL:499a SP:f787 IX:0000 IY:0000 Flags:01000010 [16 00 e5]
==> 328d:  PUSH HL             PC:328e AF:0342 BC:2dbc DE:0003 HL:499a SP:f785 IX:0000 IY:0000 Flags:01000010 [e5 21 39]
==> 328e:  LD HL, 0739h        PC:3291 AF:0342 BC:2dbc DE:0003 HL:0739 SP:f785 IX:0000 IY:0000 Flags:01000010 [21 39 07]
==> 3291:  ADD HL, DE          PC:3292 AF:0340 BC:2dbc DE:0003 HL:073c SP:f785 IX:0000 IY:0000 Flags:01000000 [19 19 4e]
==> 3292:  ADD HL, DE          PC:3293 AF:0340 BC:2dbc DE:0003 HL:073f SP:f785 IX:0000 IY:0000 Flags:01000000 [19 4e 23]
==> 3293:  LD C, (HL)          PC:3294 AF:0340 BC:2df1 DE:0003 HL:073f SP:f785 IX:0000 IY:0000 Flags:01000000 [4e 23 46]
==> 3294:  INC HL              PC:3295 AF:0340 BC:2df1 DE:0003 HL:0740 SP:f785 IX:0000 IY:0000 Flags:01000000 [23 46 0a]
==> 3295:  LD B, (HL)          PC:3296 AF:0340 BC:48f1 DE:0003 HL:0740 SP:f785 IX:0000 IY:0000 Flags:01000000 [46 0a b7]
==> 3296:  LD A, (BC)          PC:3297 AF:0040 BC:48f1 DE:0003 HL:0740 SP:f785 IX:0000 IY:0000 Flags:01000000 [0a b7 e1]
==> 3297:  OR A, A             PC:3298 AF:0044 BC:48f1 DE:0003 HL:0740 SP:f785 IX:0000 IY:0000 Flags:01000100 [b7 e1 c9]
==> 3298:  POP HL              PC:3299 AF:0044 BC:48f1 DE:0003 HL:499a SP:f787 IX:0000 IY:0000 Flags:01000100 [e1 c9 cd]
==> 3299:  RET                 PC:2dbf AF:0044 BC:48f1 DE:0003 HL:499a SP:f789 IX:0000 IY:0000 Flags:01000100 [c9 cd 84]
==> 2dbf:  JP Z, 2dech         PC:2dec AF:0044 BC:48f1 DE:0003 HL:499a SP:f789 IX:0000 IY:0000 Flags:01000100 [ca ec 2d]
==> 2dec:  LD D, 26h           PC:2dee AF:0044 BC:48f1 DE:2603 HL:499a SP:f789 IX:0000 IY:0000 Flags:01000100 [16 26 af]
==> 2dee:  XOR A, A            PC:2def AF:0044 BC:48f1 DE:2603 HL:499a SP:f789 IX:0000 IY:0000 Flags:01000100 [af 02 03]
==> 2def:  LD (BC), A          PC:2df0 AF:0044 BC:48f1 DE:2603 HL:499a SP:f789 IX:0000 IY:0000 Flags:01000100 [02 03 15]
==> 2df0:  INC BC              PC:2df1 AF:0044 BC:48f2 DE:2603 HL:499a SP:f789 IX:0000 IY:0000 Flags:01000100 [03 15 c2]
==> 2df1:  DEC D               PC:2df2 AF:0022 BC:48f2 DE:2503 HL:499a SP:f789 IX:0000 IY:0000 Flags:00100010 [15 c2 ef]
==> 2df2:  JP NZ, 2defh        PC:2def AF:0022 BC:48f2 DE:2503 HL:499a SP:f789 IX:0000 IY:0000 Flags:00100010 [c2 ef 2d]
==> 2def:  LD (BC), A          PC:2df0 AF:0022 BC:48f2 DE:2503 HL:499a SP:f789 IX:0000 IY:0000 Flags:00100010 [02 03 15]
==> 2df0:  INC BC              PC:2df1 AF:0022 BC:48f3 DE:2503 HL:499a SP:f789 IX:0000 IY:0000 Flags:00100010 [03 15 c2]
==> 2df1:  DEC D               PC:2df2 AF:0022 BC:48f3 DE:2403 HL:499a SP:f789 IX:0000 IY:0000 Flags:00100010 [15 c2 ef]
==> 2df2:  JP NZ, 2defh        PC:2def AF:0022 BC:48f3 DE:2403 HL:499a SP:f789 IX:0000 IY:0000 Flags:00100010 [c2 ef 2d]
==> 2def:  LD (BC), A          PC:2df0 AF:0022 BC:48f3 DE:2403 HL:499a SP:f789 IX:0000 IY:0000 Flags:00100010 [02 03 15]
==> 2df0:  INC BC              PC:2df1 AF:0022 BC:48f4 DE:2403 HL:499a SP:f789 IX:0000 IY:0000 Flags:00100010 [03 15 c2]
==> 2df1:  DEC D               PC:2df2 AF:0022 BC:48f4 DE:2303 HL:499a SP:f789 IX:0000 IY:0000 Flags:00100010 [15 c2 ef]
==> 2df2:  JP NZ, 2defh        PC:2def AF:0022 BC:48f4 DE:2303 HL:499a SP:f789 IX:0000 IY:0000 Flags:00100010 [c2 ef 2d]
==> 2def:  LD (BC), A          PC:2df0 AF:0022 BC:48f4 DE:2303 HL:499a SP:f789 IX:0000 IY:0000 Flags:00100010 [02 03 15]
==> 2df0:  INC BC              PC:2df1 AF:0022 BC:48f5 DE:2303 HL:499a SP:f789 IX:0000 IY:0000 Flags:00100010 [03 15 c2]
==> 2df1:  DEC D               PC:2df2 AF:0022 BC:48f5 DE:2203 HL:499a SP:f789 IX:0000 IY:0000 Flags:00100010 [15 c2 ef]
==> 2df2:  JP NZ, 2defh        PC:2def AF:0022 BC:48f5 DE:2203 HL:499a SP:f789 IX:0000 IY:0000 Flags:00100010 [c2 ef 2d]
==> 2def:  LD (BC), A          PC:2df0 AF:0022 BC:48f5 DE:2203 HL:499a SP:f789 IX:0000 IY:0000 Flags:00100010 [02 03 15]
==> 2df0:  INC BC              PC:2df1 AF:0022 BC:48f6 DE:2203 HL:499a SP:f789 IX:0000 IY:0000 Flags:00100010 [03 15 c2]
==> 2df1:  DEC D               PC:2df2 AF:0022 BC:48f6 DE:2103 HL:499a SP:f789 IX:0000 IY:0000 Flags:00100010 [15 c2 ef]
==> 2df2:  JP NZ, 2defh        PC:2def AF:0022 BC:48f6 DE:2103 HL:499a SP:f789 IX:0000 IY:0000 Flags:00100010 [c2 ef 2d]
==> 2def:  LD (BC), A          PC:2df0 AF:0022 BC:48f6 DE:2103 HL:499a SP:f789 IX:0000 IY:0000 Flags:00100010 [02 03 15]
==> 2df0:  INC BC              PC:2df1 AF:0022 BC:48f7 DE:2103 HL:499a SP:f789 IX:0000 IY:0000 Flags:00100010 [03 15 c2]
==> 2df1:  DEC D               PC:2df2 AF:0022 BC:48f7 DE:2003 HL:499a SP:f789 IX:0000 IY:0000 Flags:00100010 [15 c2 ef]
==> 2df2:  JP NZ, 2defh        PC:2def AF:0022 BC:48f7 DE:2003 HL:499a SP:f789 IX:0000 IY:0000 Flags:00100010 [c2 ef 2d]
==> 2def:  LD (BC), A          PC:2df0 AF:0022 BC:48f7 DE:2003 HL:499a SP:f789 IX:0000 IY:0000 Flags:00100010 [02 03 15]
==> 2df0:  INC BC              PC:2df1 AF:0022 BC:48f8 DE:2003 HL:499a SP:f789 IX:0000 IY:0000 Flags:00100010 [03 15 c2]
==> 2df1:  DEC D               PC:2df2 AF:001a BC:48f8 DE:1f03 HL:499a SP:f789 IX:0000 IY:0000 Flags:00011010 [15 c2 ef]
==> 2df2:  JP NZ, 2defh        PC:2def AF:001a BC:48f8 DE:1f03 HL:499a SP:f789 IX:0000 IY:0000 Flags:00011010 [c2 ef 2d]
==> 2def:  LD (BC), A          PC:2df0 AF:001a BC:48f8 DE:1f03 HL:499a SP:f789 IX:0000 IY:0000 Flags:00011010 [02 03 15]
==> 2df0:  INC BC              PC:2df1 AF:001a BC:48f9 DE:1f03 HL:499a SP:f789 IX:0000 IY:0000 Flags:00011010 [03 15 c2]
==> 2df1:  DEC D               PC:2df2 AF:000a BC:48f9 DE:1e03 HL:499a SP:f789 IX:0000 IY:0000 Flags:00001010 [15 c2 ef]
==> 2df2:  JP NZ, 2defh        PC:2def AF:000a BC:48f9 DE:1e03 HL:499a SP:f789 IX:0000 IY:0000 Flags:00001010 [c2 ef 2d]
==> 2def:  LD (BC), A          PC:2df0 AF:000a BC:48f9 DE:1e03 HL:499a SP:f789 IX:0000 IY:0000 Flags:00001010 [02 03 15]
==> 2df0:  INC BC              PC:2df1 AF:000a BC:48fa DE:1e03 HL:499a SP:f789 IX:0000 IY:0000 Flags:00001010 [03 15 c2]
==> 2df1:  DEC D               PC:2df2 AF:000a BC:48fa DE:1d03 HL:499a SP:f789 IX:0000 IY:0000 Flags:00001010 [15 c2 ef]
==> 2df2:  JP NZ, 2defh        PC:2def AF:000a BC:48fa DE:1d03 HL:499a SP:f789 IX:0000 IY:0000 Flags:00001010 [c2 ef 2d]
==> 2def:  LD (BC), A          PC:2df0 AF:000a BC:48fa DE:1d03 HL:499a SP:f789 IX:0000 IY:0000 Flags:00001010 [02 03 15]
==> 2df0:  INC BC              PC:2df1 AF:000a BC:48fb DE:1d03 HL:499a SP:f789 IX:0000 IY:0000 Flags:00001010 [03 15 c2]
==> 2df1:  DEC D               PC:2df2 AF:000a BC:48fb DE:1c03 HL:499a SP:f789 IX:0000 IY:0000 Flags:00001010 [15 c2 ef]
==> 2df2:  JP NZ, 2defh        PC:2def AF:000a BC:48fb DE:1c03 HL:499a SP:f789 IX:0000 IY:0000 Flags:00001010 [c2 ef 2d]
==> 2def:  LD (BC), A          PC:2df0 AF:000a BC:48fb DE:1c03 HL:499a SP:f789 IX:0000 IY:0000 Flags:00001010 [02 03 15]
==> 2df0:  INC BC              PC:2df1 AF:000a BC:48fc DE:1c03 HL:499a SP:f789 IX:0000 IY:0000 Flags:00001010 [03 15 c2]
==> 2df1:  DEC D               PC:2df2 AF:000a BC:48fc DE:1b03 HL:499a SP:f789 IX:0000 IY:0000 Flags:00001010 [15 c2 ef]
==> 2df2:  JP NZ, 2defh        PC:2def AF:000a BC:48fc DE:1b03 HL:499a SP:f789 IX:0000 IY:0000 Flags:00001010 [c2 ef 2d]
==> 2def:  LD (BC), A          PC:2df0 AF:000a BC:48fc DE:1b03 HL:499a SP:f789 IX:0000 IY:0000 Flags:00001010 [02 03 15]
==> 2df0:  INC BC              PC:2df1 AF:000a BC:48fd DE:1b03 HL:499a SP:f789 IX:0000 IY:0000 Flags:00001010 [03 15 c2]
==> 2df1:  DEC D               PC:2df2 AF:000a BC:48fd DE:1a03 HL:499a SP:f789 IX:0000 IY:0000 Flags:00001010 [15 c2 ef]
==> 2df2:  JP NZ, 2defh        PC:2def AF:000a BC:48fd DE:1a03 HL:499a SP:f789 IX:0000 IY:0000 Flags:00001010 [c2 ef 2d]
==> 2def:  LD (BC), A          PC:2df0 AF:000a BC:48fd DE:1a03 HL:499a SP:f789 IX:0000 IY:0000 Flags:00001010 [02 03 15]
==> 2df0:  INC BC              PC:2df1 AF:000a BC:48fe DE:1a03 HL:499a SP:f789 IX:0000 IY:0000 Flags:00001010 [03 15 c2]
==> 2df1:  DEC D               PC:2df2 AF:000a BC:48fe DE:1903 HL:499a SP:f789 IX:0000 IY:0000 Flags:00001010 [15 c2 ef]
==> 2df2:  JP NZ, 2defh        PC:2def AF:000a BC:48fe DE:1903 HL:499a SP:f789 IX:0000 IY:0000 Flags:00001010 [c2 ef 2d]
==> 2def:  LD (BC), A          PC:2df0 AF:000a BC:48fe DE:1903 HL:499a SP:f789 IX:0000 IY:0000 Flags:00001010 [02 03 15]
==> 2df0:  INC BC              PC:2df1 AF:000a BC:48ff DE:1903 HL:499a SP:f789 IX:0000 IY:0000 Flags:00001010 [03 15 c2]
==> 2df1:  DEC D               PC:2df2 AF:000a BC:48ff DE:1803 HL:499a SP:f789 IX:0000 IY:0000 Flags:00001010 [15 c2 ef]
==> 2df2:  JP NZ, 2defh        PC:2def AF:000a BC:48ff DE:1803 HL:499a SP:f789 IX:0000 IY:0000 Flags:00001010 [c2 ef 2d]
==> 2def:  LD (BC), A          PC:2df0 AF:000a BC:48ff DE:1803 HL:499a SP:f789 IX:0000 IY:0000 Flags:00001010 [02 03 15]
==> 2df0:  INC BC              PC:2df1 AF:000a BC:4900 DE:1803 HL:499a SP:f789 IX:0000 IY:0000 Flags:00001010 [03 15 c2]
==> 2df1:  DEC D               PC:2df2 AF:0002 BC:4900 DE:1703 HL:499a SP:f789 IX:0000 IY:0000 Flags:00000010 [15 c2 ef]
==> 2df2:  JP NZ, 2defh        PC:2def AF:0002 BC:4900 DE:1703 HL:499a SP:f789 IX:0000 IY:0000 Flags:00000010 [c2 ef 2d]
==> 2def:  LD (BC), A          PC:2df0 AF:0002 BC:4900 DE:1703 HL:499a SP:f789 IX:0000 IY:0000 Flags:00000010 [02 03 15]
==> 2df0:  INC BC              PC:2df1 AF:0002 BC:4901 DE:1703 HL:499a SP:f789 IX:0000 IY:0000 Flags:00000010 [03 15 c2]
==> 2df1:  DEC D               PC:2df2 AF:0002 BC:4901 DE:1603 HL:499a SP:f789 IX:0000 IY:0000 Flags:00000010 [15 c2 ef]
==> 2df2:  JP NZ, 2defh        PC:2def AF:0002 BC:4901 DE:1603 HL:499a SP:f789 IX:0000 IY:0000 Flags:00000010 [c2 ef 2d]
==> 2def:  LD (BC), A          PC:2df0 AF:0002 BC:4901 DE:1603 HL:499a SP:f789 IX:0000 IY:0000 Flags:00000010 [02 03 15]
==> 2df0:  INC BC              PC:2df1 AF:0002 BC:4902 DE:1603 HL:499a SP:f789 IX:0000 IY:0000 Flags:00000010 [03 15 c2]
==> 2df1:  DEC D               PC:2df2 AF:0002 BC:4902 DE:1503 HL:499a SP:f789 IX:0000 IY:0000 Flags:00000010 [15 c2 ef]
==> 2df2:  JP NZ, 2defh        PC:2def AF:0002 BC:4902 DE:1503 HL:499a SP:f789 IX:0000 IY:0000 Flags:00000010 [c2 ef 2d]
==> 2def:  LD (BC), A          PC:2df0 AF:0002 BC:4902 DE:1503 HL:499a SP:f789 IX:0000 IY:0000 Flags:00000010 [02 03 15]
==> 2df0:  INC BC              PC:2df1 AF:0002 BC:4903 DE:1503 HL:499a SP:f789 IX:0000 IY:0000 Flags:00000010 [03 15 c2]
==> 2df1:  DEC D               PC:2df2 AF:0002 BC:4903 DE:1403 HL:499a SP:f789 IX:0000 IY:0000 Flags:00000010 [15 c2 ef]
==> 2df2:  JP NZ, 2defh        PC:2def AF:0002 BC:4903 DE:1403 HL:499a SP:f789 IX:0000 IY:0000 Flags:00000010 [c2 ef 2d]
==> 2def:  LD (BC), A          PC:2df0 AF:0002 BC:4903 DE:1403 HL:499a SP:f789 IX:0000 IY:0000 Flags:00000010 [02 03 15]
==> 2df0:  INC BC              PC:2df1 AF:0002 BC:4904 DE:1403 HL:499a SP:f789 IX:0000 IY:0000 Flags:00000010 [03 15 c2]
==> 2df1:  DEC D               PC:2df2 AF:0002 BC:4904 DE:1303 HL:499a SP:f789 IX:0000 IY:0000 Flags:00000010 [15 c2 ef]
==> 2df2:  JP NZ, 2defh        PC:2def AF:0002 BC:4904 DE:1303 HL:499a SP:f789 IX:0000 IY:0000 Flags:00000010 [c2 ef 2d]
==> 2def:  LD (BC), A          PC:2df0 AF:0002 BC:4904 DE:1303 HL:499a SP:f789 IX:0000 IY:0000 Flags:00000010 [02 03 15]
==> 2df0:  INC BC              PC:2df1 AF:0002 BC:4905 DE:1303 HL:499a SP:f789 IX:0000 IY:0000 Flags:00000010 [03 15 c2]
==> 2df1:  DEC D               PC:2df2 AF:0002 BC:4905 DE:1203 HL:499a SP:f789 IX:0000 IY:0000 Flags:00000010 [15 c2 ef]
==> 2df2:  JP NZ, 2defh        PC:2def AF:0002 BC:4905 DE:1203 HL:499a SP:f789 IX:0000 IY:0000 Flags:00000010 [c2 ef 2d]
==> 2def:  LD (BC), A          PC:2df0 AF:0002 BC:4905 DE:1203 HL:499a SP:f789 IX:0000 IY:0000 Flags:00000010 [02 03 15]
==> 2df0:  INC BC              PC:2df1 AF:0002 BC:4906 DE:1203 HL:499a SP:f789 IX:0000 IY:0000 Flags:00000010 [03 15 c2]
==> 2df1:  DEC D               PC:2df2 AF:0002 BC:4906 DE:1103 HL:499a SP:f789 IX:0000 IY:0000 Flags:00000010 [15 c2 ef]
==> 2df2:  JP NZ, 2defh        PC:2def AF:0002 BC:4906 DE:1103 HL:499a SP:f789 IX:0000 IY:0000 Flags:00000010 [c2 ef 2d]
==> 2def:  LD (BC), A          PC:2df0 AF:0002 BC:4906 DE:1103 HL:499a SP:f789 IX:0000 IY:0000 Flags:00000010 [02 03 15]
==> 2df0:  INC BC              PC:2df1 AF:0002 BC:4907 DE:1103 HL:499a SP:f789 IX:0000 IY:0000 Flags:00000010 [03 15 c2]
==> 2df1:  DEC D               PC:2df2 AF:0002 BC:4907 DE:1003 HL:499a SP:f789 IX:0000 IY:0000 Flags:00000010 [15 c2 ef]
==> 2df2:  JP NZ, 2defh        PC:2def AF:0002 BC:4907 DE:1003 HL:499a SP:f789 IX:0000 IY:0000 Flags:00000010 [c2 ef 2d]
==> 2def:  LD (BC), A          PC:2df0 AF:0002 BC:4907 DE:1003 HL:499a SP:f789 IX:0000 IY:0000 Flags:00000010 [02 03 15]
==> 2df0:  INC BC              PC:2df1 AF:0002 BC:4908 DE:1003 HL:499a SP:f789 IX:0000 IY:0000 Flags:00000010 [03 15 c2]
==> 2df1:  DEC D               PC:2df2 AF:001a BC:4908 DE:0f03 HL:499a SP:f789 IX:0000 IY:0000 Flags:00011010 [15 c2 ef]
==> 2df2:  JP NZ, 2defh        PC:2def AF:001a BC:4908 DE:0f03 HL:499a SP:f789 IX:0000 IY:0000 Flags:00011010 [c2 ef 2d]
==> 2def:  LD (BC), A          PC:2df0 AF:001a BC:4908 DE:0f03 HL:499a SP:f789 IX:0000 IY:0000 Flags:00011010 [02 03 15]
==> 2df0:  INC BC              PC:2df1 AF:001a BC:4909 DE:0f03 HL:499a SP:f789 IX:0000 IY:0000 Flags:00011010 [03 15 c2]
==> 2df1:  DEC D               PC:2df2 AF:000a BC:4909 DE:0e03 HL:499a SP:f789 IX:0000 IY:0000 Flags:00001010 [15 c2 ef]
==> 2df2:  JP NZ, 2defh        PC:2def AF:000a BC:4909 DE:0e03 HL:499a SP:f789 IX:0000 IY:0000 Flags:00001010 [c2 ef 2d]
==> 2def:  LD (BC), A          PC:2df0 AF:000a BC:4909 DE:0e03 HL:499a SP:f789 IX:0000 IY:0000 Flags:00001010 [02 03 15]
==> 2df0:  INC BC              PC:2df1 AF:000a BC:490a DE:0e03 HL:499a SP:f789 IX:0000 IY:0000 Flags:00001010 [03 15 c2]
==> 2df1:  DEC D               PC:2df2 AF:000a BC:490a DE:0d03 HL:499a SP:f789 IX:0000 IY:0000 Flags:00001010 [15 c2 ef]
==> 2df2:  JP NZ, 2defh        PC:2def AF:000a BC:490a DE:0d03 HL:499a SP:f789 IX:0000 IY:0000 Flags:00001010 [c2 ef 2d]
==> 2def:  LD (BC), A          PC:2df0 AF:000a BC:490a DE:0d03 HL:499a SP:f789 IX:0000 IY:0000 Flags:00001010 [02 03 15]
==> 2df0:  INC BC              PC:2df1 AF:000a BC:490b DE:0d03 HL:499a SP:f789 IX:0000 IY:0000 Flags:00001010 [03 15 c2]
==> 2df1:  DEC D               PC:2df2 AF:000a BC:490b DE:0c03 HL:499a SP:f789 IX:0000 IY:0000 Flags:00001010 [15 c2 ef]
==> 2df2:  JP NZ, 2defh        PC:2def AF:000a BC:490b DE:0c03 HL:499a SP:f789 IX:0000 IY:0000 Flags:00001010 [c2 ef 2d]
==> 2def:  LD (BC), A          PC:2df0 AF:000a BC:490b DE:0c03 HL:499a SP:f789 IX:0000 IY:0000 Flags:00001010 [02 03 15]
==> 2df0:  INC BC              PC:2df1 AF:000a BC:490c DE:0c03 HL:499a SP:f789 IX:0000 IY:0000 Flags:00001010 [03 15 c2]
==> 2df1:  DEC D               PC:2df2 AF:000a BC:490c DE:0b03 HL:499a SP:f789 IX:0000 IY:0000 Flags:00001010 [15 c2 ef]
==> 2df2:  JP NZ, 2defh        PC:2def AF:000a BC:490c DE:0b03 HL:499a SP:f789 IX:0000 IY:0000 Flags:00001010 [c2 ef 2d]
==> 2def:  LD (BC), A          PC:2df0 AF:000a BC:490c DE:0b03 HL:499a SP:f789 IX:0000 IY:0000 Flags:00001010 [02 03 15]
==> 2df0:  INC BC              PC:2df1 AF:000a BC:490d DE:0b03 HL:499a SP:f789 IX:0000 IY:0000 Flags:00001010 [03 15 c2]
==> 2df1:  DEC D               PC:2df2 AF:000a BC:490d DE:0a03 HL:499a SP:f789 IX:0000 IY:0000 Flags:00001010 [15 c2 ef]
==> 2df2:  JP NZ, 2defh        PC:2def AF:000a BC:490d DE:0a03 HL:499a SP:f789 IX:0000 IY:0000 Flags:00001010 [c2 ef 2d]
==> 2def:  LD (BC), A          PC:2df0 AF:000a BC:490d DE:0a03 HL:499a SP:f789 IX:0000 IY:0000 Flags:00001010 [02 03 15]
==> 2df0:  INC BC              PC:2df1 AF:000a BC:490e DE:0a03 HL:499a SP:f789 IX:0000 IY:0000 Flags:00001010 [03 15 c2]
==> 2df1:  DEC D               PC:2df2 AF:000a BC:490e DE:0903 HL:499a SP:f789 IX:0000 IY:0000 Flags:00001010 [15 c2 ef]
==> 2df2:  JP NZ, 2defh        PC:2def AF:000a BC:490e DE:0903 HL:499a SP:f789 IX:0000 IY:0000 Flags:00001010 [c2 ef 2d]
==> 2def:  LD (BC), A          PC:2df0 AF:000a BC:490e DE:0903 HL:499a SP:f789 IX:0000 IY:0000 Flags:00001010 [02 03 15]
==> 2df0:  INC BC              PC:2df1 AF:000a BC:490f DE:0903 HL:499a SP:f789 IX:0000 IY:0000 Flags:00001010 [03 15 c2]
==> 2df1:  DEC D               PC:2df2 AF:000a BC:490f DE:0803 HL:499a SP:f789 IX:0000 IY:0000 Flags:00001010 [15 c2 ef]
==> 2df2:  JP NZ, 2defh        PC:2def AF:000a BC:490f DE:0803 HL:499a SP:f789 IX:0000 IY:0000 Flags:00001010 [c2 ef 2d]
==> 2def:  LD (BC), A          PC:2df0 AF:000a BC:490f DE:0803 HL:499a SP:f789 IX:0000 IY:0000 Flags:00001010 [02 03 15]
==> 2df0:  INC BC              PC:2df1 AF:000a BC:4910 DE:0803 HL:499a SP:f789 IX:0000 IY:0000 Flags:00001010 [03 15 c2]
==> 2df1:  DEC D               PC:2df2 AF:0002 BC:4910 DE:0703 HL:499a SP:f789 IX:0000 IY:0000 Flags:00000010 [15 c2 ef]
==> 2df2:  JP NZ, 2defh        PC:2def AF:0002 BC:4910 DE:0703 HL:499a SP:f789 IX:0000 IY:0000 Flags:00000010 [c2 ef 2d]
==> 2def:  LD (BC), A          PC:2df0 AF:0002 BC:4910 DE:0703 HL:499a SP:f789 IX:0000 IY:0000 Flags:00000010 [02 03 15]
==> 2df0:  INC BC              PC:2df1 AF:0002 BC:4911 DE:0703 HL:499a SP:f789 IX:0000 IY:0000 Flags:00000010 [03 15 c2]
==> 2df1:  DEC D               PC:2df2 AF:0002 BC:4911 DE:0603 HL:499a SP:f789 IX:0000 IY:0000 Flags:00000010 [15 c2 ef]
==> 2df2:  JP NZ, 2defh        PC:2def AF:0002 BC:4911 DE:0603 HL:499a SP:f789 IX:0000 IY:0000 Flags:00000010 [c2 ef 2d]
==> 2def:  LD (BC), A          PC:2df0 AF:0002 BC:4911 DE:0603 HL:499a SP:f789 IX:0000 IY:0000 Flags:00000010 [02 03 15]
==> 2df0:  INC BC              PC:2df1 AF:0002 BC:4912 DE:0603 HL:499a SP:f789 IX:0000 IY:0000 Flags:00000010 [03 15 c2]
==> 2df1:  DEC D               PC:2df2 AF:0002 BC:4912 DE:0503 HL:499a SP:f789 IX:0000 IY:0000 Flags:00000010 [15 c2 ef]
==> 2df2:  JP NZ, 2defh        PC:2def AF:0002 BC:4912 DE:0503 HL:499a SP:f789 IX:0000 IY:0000 Flags:00000010 [c2 ef 2d]
==> 2def:  LD (BC), A          PC:2df0 AF:0002 BC:4912 DE:0503 HL:499a SP:f789 IX:0000 IY:0000 Flags:00000010 [02 03 15]
==> 2df0:  INC BC              PC:2df1 AF:0002 BC:4913 DE:0503 HL:499a SP:f789 IX:0000 IY:0000 Flags:00000010 [03 15 c2]
==> 2df1:  DEC D               PC:2df2 AF:0002 BC:4913 DE:0403 HL:499a SP:f789 IX:0000 IY:0000 Flags:00000010 [15 c2 ef]
==> 2df2:  JP NZ, 2defh        PC:2def AF:0002 BC:4913 DE:0403 HL:499a SP:f789 IX:0000 IY:0000 Flags:00000010 [c2 ef 2d]
==> 2def:  LD (BC), A          PC:2df0 AF:0002 BC:4913 DE:0403 HL:499a SP:f789 IX:0000 IY:0000 Flags:00000010 [02 03 15]
==> 2df0:  INC BC              PC:2df1 AF:0002 BC:4914 DE:0403 HL:499a SP:f789 IX:0000 IY:0000 Flags:00000010 [03 15 c2]
==> 2df1:  DEC D               PC:2df2 AF:0002 BC:4914 DE:0303 HL:499a SP:f789 IX:0000 IY:0000 Flags:00000010 [15 c2 ef]
==> 2df2:  JP NZ, 2defh        PC:2def AF:0002 BC:4914 DE:0303 HL:499a SP:f789 IX:0000 IY:0000 Flags:00000010 [c2 ef 2d]
==> 2def:  LD (BC), A          PC:2df0 AF:0002 BC:4914 DE:0303 HL:499a SP:f789 IX:0000 IY:0000 Flags:00000010 [02 03 15]
==> 2df0:  INC BC              PC:2df1 AF:0002 BC:4915 DE:0303 HL:499a SP:f789 IX:0000 IY:0000 Flags:00000010 [03 15 c2]
==> 2df1:  DEC D               PC:2df2 AF:0002 BC:4915 DE:0203 HL:499a SP:f789 IX:0000 IY:0000 Flags:00000010 [15 c2 ef]
==> 2df2:  JP NZ, 2defh        PC:2def AF:0002 BC:4915 DE:0203 HL:499a SP:f789 IX:0000 IY:0000 Flags:00000010 [c2 ef 2d]
==> 2def:  LD (BC), A          PC:2df0 AF:0002 BC:4915 DE:0203 HL:499a SP:f789 IX:0000 IY:0000 Flags:00000010 [02 03 15]
==> 2df0:  INC BC              PC:2df1 AF:0002 BC:4916 DE:0203 HL:499a SP:f789 IX:0000 IY:0000 Flags:00000010 [03 15 c2]
==> 2df1:  DEC D               PC:2df2 AF:0002 BC:4916 DE:0103 HL:499a SP:f789 IX:0000 IY:0000 Flags:00000010 [15 c2 ef]
==> 2df2:  JP NZ, 2defh        PC:2def AF:0002 BC:4916 DE:0103 HL:499a SP:f789 IX:0000 IY:0000 Flags:00000010 [c2 ef 2d]
==> 2def:  LD (BC), A          PC:2df0 AF:0002 BC:4916 DE:0103 HL:499a SP:f789 IX:0000 IY:0000 Flags:00000010 [02 03 15]
==> 2df0:  INC BC              PC:2df1 AF:0002 BC:4917 DE:0103 HL:499a SP:f789 IX:0000 IY:0000 Flags:00000010 [03 15 c2]
==> 2df1:  DEC D               PC:2df2 AF:0042 BC:4917 DE:0003 HL:499a SP:f789 IX:0000 IY:0000 Flags:01000010 [15 c2 ef]
==> 2df2:  JP NZ, 2defh        PC:2df5 AF:0042 BC:4917 DE:0003 HL:499a SP:f789 IX:0000 IY:0000 Flags:01000010 [c2 ef 2d]
==> 2df5:  RET                 PC:34ec AF:0042 BC:4917 DE:0003 HL:499a SP:f78b IX:0000 IY:0000 Flags:01000010 [c9 cd 80]
==> 34ec:  POP AF              PC:34ed AF:0344 BC:4917 DE:0003 HL:499a SP:f78d IX:0000 IY:0000 Flags:01000100 [f1 c1 3d]
==> 34ed:  POP BC              PC:34ee AF:0344 BC:2dbc DE:0003 HL:499a SP:f78f IX:0000 IY:0000 Flags:01000100 [c1 3d f2]
==> 34ee:  DEC A               PC:34ef AF:0202 BC:2dbc DE:0003 HL:499a SP:f78f IX:0000 IY:0000 Flags:00000010 [3d f2 e4]
==> 34ef:  JP P, 34e4h         PC:34e4 AF:0202 BC:2dbc DE:0003 HL:499a SP:f78f IX:0000 IY:0000 Flags:00000010 [f2 e4 34]
==> 34e4:  PUSH BC             PC:34e5 AF:0202 BC:2dbc DE:0003 HL:499a SP:f78d IX:0000 IY:0000 Flags:00000010 [c5 f5 11]
==> 34e5:  PUSH AF             PC:34e6 AF:0202 BC:2dbc DE:0003 HL:499a SP:f78b IX:0000 IY:0000 Flags:00000010 [f5 11 ec]
==> 34e6:  LD DE, 34ech        PC:34e9 AF:0202 BC:2dbc DE:34ec HL:499a SP:f78b IX:0000 IY:0000 Flags:00000010 [11 ec 34]
==> 34e9:  PUSH DE             PC:34ea AF:0202 BC:2dbc DE:34ec HL:499a SP:f789 IX:0000 IY:0000 Flags:00000010 [d5 c5 c9]
==> 34ea:  PUSH BC             PC:34eb AF:0202 BC:2dbc DE:34ec HL:499a SP:f787 IX:0000 IY:0000 Flags:00000010 [c5 c9 f1]
==> 34eb:  RET                 PC:2dbc AF:0202 BC:2dbc DE:34ec HL:499a SP:f789 IX:0000 IY:0000 Flags:00000010 [c9 f1 c1]
==> 2dbc:  CALL 3283h          PC:3283 AF:0202 BC:2dbc DE:34ec HL:499a SP:f787 IX:0000 IY:0000 Flags:00000010 [cd 83 32]
==> 3283:  LD E, A             PC:3284 AF:0202 BC:2dbc DE:3402 HL:499a SP:f787 IX:0000 IY:0000 Flags:00000010 [5f 3a 59]
==> 3284:  LD A, (0759h)       PC:3287 AF:0302 BC:2dbc DE:3402 HL:499a SP:f787 IX:0000 IY:0000 Flags:00000010 [3a 59 07]
==> 3287:  CP A, E             PC:3288 AF:0302 BC:2dbc DE:3402 HL:499a SP:f787 IX:0000 IY:0000 Flags:00000010 [bb da a7]
==> 3288:  JP C, 31a7h         PC:328b AF:0302 BC:2dbc DE:3402 HL:499a SP:f787 IX:0000 IY:0000 Flags:00000010 [da a7 31]
==> 328b:  LD D, 00h           PC:328d AF:0302 BC:2dbc DE:0002 HL:499a SP:f787 IX:0000 IY:0000 Flags:00000010 [16 00 e5]
==> 328d:  PUSH HL             PC:328e AF:0302 BC:2dbc DE:0002 HL:499a SP:f785 IX:0000 IY:0000 Flags:00000010 [e5 21 39]
==> 328e:  LD HL, 0739h        PC:3291 AF:0302 BC:2dbc DE:0002 HL:0739 SP:f785 IX:0000 IY:0000 Flags:00000010 [21 39 07]
==> 3291:  ADD HL, DE          PC:3292 AF:0300 BC:2dbc DE:0002 HL:073b SP:f785 IX:0000 IY:0000 Flags:00000000 [19 19 4e]
==> 3292:  ADD HL, DE          PC:3293 AF:0300 BC:2dbc DE:0002 HL:073d SP:f785 IX:0000 IY:0000 Flags:00000000 [19 4e 23]
==> 3293:  LD C, (HL)          PC:3294 AF:0300 BC:2d4b DE:0002 HL:073d SP:f785 IX:0000 IY:0000 Flags:00000000 [4e 23 46]
==> 3294:  INC HL              PC:3295 AF:0300 BC:2d4b DE:0002 HL:073e SP:f785 IX:0000 IY:0000 Flags:00000000 [23 46 0a]
==> 3295:  LD B, (HL)          PC:3296 AF:0300 BC:484b DE:0002 HL:073e SP:f785 IX:0000 IY:0000 Flags:00000000 [46 0a b7]
==> 3296:  LD A, (BC)          PC:3297 AF:0000 BC:484b DE:0002 HL:073e SP:f785 IX:0000 IY:0000 Flags:00000000 [0a b7 e1]
==> 3297:  OR A, A             PC:3298 AF:0044 BC:484b DE:0002 HL:073e SP:f785 IX:0000 IY:0000 Flags:01000100 [b7 e1 c9]
==> 3298:  POP HL              PC:3299 AF:0044 BC:484b DE:0002 HL:499a SP:f787 IX:0000 IY:0000 Flags:01000100 [e1 c9 cd]
==> 3299:  RET                 PC:2dbf AF:0044 BC:484b DE:0002 HL:499a SP:f789 IX:0000 IY:0000 Flags:01000100 [c9 cd 84]
==> 2dbf:  JP Z, 2dech         PC:2dec AF:0044 BC:484b DE:0002 HL:499a SP:f789 IX:0000 IY:0000 Flags:01000100 [ca ec 2d]
==> 2dec:  LD D, 26h           PC:2dee AF:0044 BC:484b DE:2602 HL:499a SP:f789 IX:0000 IY:0000 Flags:01000100 [16 26 af]
==> 2dee:  XOR A, A            PC:2def AF:0044 BC:484b DE:2602 HL:499a SP:f789 IX:0000 IY:0000 Flags:01000100 [af 02 03]
==> 2def:  LD (BC), A          PC:2df0 AF:0044 BC:484b DE:2602 HL:499a SP:f789 IX:0000 IY:0000 Flags:01000100 [02 03 15]
==> 2df0:  INC BC              PC:2df1 AF:0044 BC:484c DE:2602 HL:499a SP:f789 IX:0000 IY:0000 Flags:01000100 [03 15 c2]
==> 2df1:  DEC D               PC:2df2 AF:0022 BC:484c DE:2502 HL:499a SP:f789 IX:0000 IY:0000 Flags:00100010 [15 c2 ef]
==> 2df2:  JP NZ, 2defh        PC:2def AF:0022 BC:484c DE:2502 HL:499a SP:f789 IX:0000 IY:0000 Flags:00100010 [c2 ef 2d]
==> 2def:  LD (BC), A          PC:2df0 AF:0022 BC:484c DE:2502 HL:499a SP:f789 IX:0000 IY:0000 Flags:00100010 [02 03 15]
==> 2df0:  INC BC              PC:2df1 AF:0022 BC:484d DE:2502 HL:499a SP:f789 IX:0000 IY:0000 Flags:00100010 [03 15 c2]
==> 2df1:  DEC D               PC:2df2 AF:0022 BC:484d DE:2402 HL:499a SP:f789 IX:0000 IY:0000 Flags:00100010 [15 c2 ef]
==> 2df2:  JP NZ, 2defh        PC:2def AF:0022 BC:484d DE:2402 HL:499a SP:f789 IX:0000 IY:0000 Flags:00100010 [c2 ef 2d]
==> 2def:  LD (BC), A          PC:2df0 AF:0022 BC:484d DE:2402 HL:499a SP:f789 IX:0000 IY:0000 Flags:00100010 [02 03 15]
==> 2df0:  INC BC              PC:2df1 AF:0022 BC:484e DE:2402 HL:499a SP:f789 IX:0000 IY:0000 Flags:00100010 [03 15 c2]
==> 2df1:  DEC D               PC:2df2 AF:0022 BC:484e DE:2302 HL:499a SP:f789 IX:0000 IY:0000 Flags:00100010 [15 c2 ef]
==> 2df2:  JP NZ, 2defh        PC:2def AF:0022 BC:484e DE:2302 HL:499a SP:f789 IX:0000 IY:0000 Flags:00100010 [c2 ef 2d]
==> 2def:  LD (BC), A          PC:2df0 AF:0022 BC:484e DE:2302 HL:499a SP:f789 IX:0000 IY:0000 Flags:00100010 [02 03 15]
==> 2df0:  INC BC              PC:2df1 AF:0022 BC:484f DE:2302 HL:499a SP:f789 IX:0000 IY:0000 Flags:00100010 [03 15 c2]
==> 2df1:  DEC D               PC:2df2 AF:0022 BC:484f DE:2202 HL:499a SP:f789 IX:0000 IY:0000 Flags:00100010 [15 c2 ef]
==> 2df2:  JP NZ, 2defh        PC:2def AF:0022 BC:484f DE:2202 HL:499a SP:f789 IX:0000 IY:0000 Flags:00100010 [c2 ef 2d]
==> 2def:  LD (BC), A          PC:2df0 AF:0022 BC:484f DE:2202 HL:499a SP:f789 IX:0000 IY:0000 Flags:00100010 [02 03 15]
==> 2df0:  INC BC              PC:2df1 AF:0022 BC:4850 DE:2202 HL:499a SP:f789 IX:0000 IY:0000 Flags:00100010 [03 15 c2]
==> 2df1:  DEC D               PC:2df2 AF:0022 BC:4850 DE:2102 HL:499a SP:f789 IX:0000 IY:0000 Flags:00100010 [15 c2 ef]
==> 2df2:  JP NZ, 2defh        PC:2def AF:0022 BC:4850 DE:2102 HL:499a SP:f789 IX:0000 IY:0000 Flags:00100010 [c2 ef 2d]
==> 2def:  LD (BC), A          PC:2df0 AF:0022 BC:4850 DE:2102 HL:499a SP:f789 IX:0000 IY:0000 Flags:00100010 [02 03 15]
==> 2df0:  INC BC              PC:2df1 AF:0022 BC:4851 DE:2102 HL:499a SP:f789 IX:0000 IY:0000 Flags:00100010 [03 15 c2]
==> 2df1:  DEC D               PC:2df2 AF:0022 BC:4851 DE:2002 HL:499a SP:f789 IX:0000 IY:0000 Flags:00100010 [15 c2 ef]
==> 2df2:  JP NZ, 2defh        PC:2def AF:0022 BC:4851 DE:2002 HL:499a SP:f789 IX:0000 IY:0000 Flags:00100010 [c2 ef 2d]
==> 2def:  LD (BC), A          PC:2df0 AF:0022 BC:4851 DE:2002 HL:499a SP:f789 IX:0000 IY:0000 Flags:00100010 [02 03 15]
==> 2df0:  INC BC              PC:2df1 AF:0022 BC:4852 DE:2002 HL:499a SP:f789 IX:0000 IY:0000 Flags:00100010 [03 15 c2]
==> 2df1:  DEC D               PC:2df2 AF:001a BC:4852 DE:1f02 HL:499a SP:f789 IX:0000 IY:0000 Flags:00011010 [15 c2 ef]
==> 2df2:  JP NZ, 2defh        PC:2def AF:001a BC:4852 DE:1f02 HL:499a SP:f789 IX:0000 IY:0000 Flags:00011010 [c2 ef 2d]
==> 2def:  LD (BC), A          PC:2df0 AF:001a BC:4852 DE:1f02 HL:499a SP:f789 IX:0000 IY:0000 Flags:00011010 [02 03 15]
==> 2df0:  INC BC              PC:2df1 AF:001a BC:4853 DE:1f02 HL:499a SP:f789 IX:0000 IY:0000 Flags:00011010 [03 15 c2]
==> 2df1:  DEC D               PC:2df2 AF:000a BC:4853 DE:1e02 HL:499a SP:f789 IX:0000 IY:0000 Flags:00001010 [15 c2 ef]
==> 2df2:  JP NZ, 2defh        PC:2def AF:000a BC:4853 DE:1e02 HL:499a SP:f789 IX:0000 IY:0000 Flags:00001010 [c2 ef 2d]
==> 2def:  LD (BC), A          PC:2df0 AF:000a BC:4853 DE:1e02 HL:499a SP:f789 IX:0000 IY:0000 Flags:00001010 [02 03 15]
==> 2df0:  INC BC              PC:2df1 AF:000a BC:4854 DE:1e02 HL:499a SP:f789 IX:0000 IY:0000 Flags:00001010 [03 15 c2]
==> 2df1:  DEC D               PC:2df2 AF:000a BC:4854 DE:1d02 HL:499a SP:f789 IX:0000 IY:0000 Flags:00001010 [15 c2 ef]
==> 2df2:  JP NZ, 2defh        PC:2def AF:000a BC:4854 DE:1d02 HL:499a SP:f789 IX:0000 IY:0000 Flags:00001010 [c2 ef 2d]
==> 2def:  LD (BC), A          PC:2df0 AF:000a BC:4854 DE:1d02 HL:499a SP:f789 IX:0000 IY:0000 Flags:00001010 [02 03 15]
==> 2df0:  INC BC              PC:2df1 AF:000a BC:4855 DE:1d02 HL:499a SP:f789 IX:0000 IY:0000 Flags:00001010 [03 15 c2]
==> 2df1:  DEC D               PC:2df2 AF:000a BC:4855 DE:1c02 HL:499a SP:f789 IX:0000 IY:0000 Flags:00001010 [15 c2 ef]
==> 2df2:  JP NZ, 2defh        PC:2def AF:000a BC:4855 DE:1c02 HL:499a SP:f789 IX:0000 IY:0000 Flags:00001010 [c2 ef 2d]
==> 2def:  LD (BC), A          PC:2df0 AF:000a BC:4855 DE:1c02 HL:499a SP:f789 IX:0000 IY:0000 Flags:00001010 [02 03 15]
==> 2df0:  INC BC              PC:2df1 AF:000a BC:4856 DE:1c02 HL:499a SP:f789 IX:0000 IY:0000 Flags:00001010 [03 15 c2]
==> 2df1:  DEC D               PC:2df2 AF:000a BC:4856 DE:1b02 HL:499a SP:f789 IX:0000 IY:0000 Flags:00001010 [15 c2 ef]
==> 2df2:  JP NZ, 2defh        PC:2def AF:000a BC:4856 DE:1b02 HL:499a SP:f789 IX:0000 IY:0000 Flags:00001010 [c2 ef 2d]
==> 2def:  LD (BC), A          PC:2df0 AF:000a BC:4856 DE:1b02 HL:499a SP:f789 IX:0000 IY:0000 Flags:00001010 [02 03 15]
==> 2df0:  INC BC              PC:2df1 AF:000a BC:4857 DE:1b02 HL:499a SP:f789 IX:0000 IY:0000 Flags:00001010 [03 15 c2]
==> 2df1:  DEC D               PC:2df2 AF:000a BC:4857 DE:1a02 HL:499a SP:f789 IX:0000 IY:0000 Flags:00001010 [15 c2 ef]
==> 2df2:  JP NZ, 2defh        PC:2def AF:000a BC:4857 DE:1a02 HL:499a SP:f789 IX:0000 IY:0000 Flags:00001010 [c2 ef 2d]
==> 2def:  LD (BC), A          PC:2df0 AF:000a BC:4857 DE:1a02 HL:499a SP:f789 IX:0000 IY:0000 Flags:00001010 [02 03 15]
==> 2df0:  INC BC              PC:2df1 AF:000a BC:4858 DE:1a02 HL:499a SP:f789 IX:0000 IY:0000 Flags:00001010 [03 15 c2]
==> 2df1:  DEC D               PC:2df2 AF:000a BC:4858 DE:1902 HL:499a SP:f789 IX:0000 IY:0000 Flags:00001010 [15 c2 ef]
==> 2df2:  JP NZ, 2defh        PC:2def AF:000a BC:4858 DE:1902 HL:499a SP:f789 IX:0000 IY:0000 Flags:00001010 [c2 ef 2d]
==> 2def:  LD (BC), A          PC:2df0 AF:000a BC:4858 DE:1902 HL:499a SP:f789 IX:0000 IY:0000 Flags:00001010 [02 03 15]
==> 2df0:  INC BC              PC:2df1 AF:000a BC:4859 DE:1902 HL:499a SP:f789 IX:0000 IY:0000 Flags:00001010 [03 15 c2]
==> 2df1:  DEC D               PC:2df2 AF:000a BC:4859 DE:1802 HL:499a SP:f789 IX:0000 IY:0000 Flags:00001010 [15 c2 ef]
==> 2df2:  JP NZ, 2defh        PC:2def AF:000a BC:4859 DE:1802 HL:499a SP:f789 IX:0000 IY:0000 Flags:00001010 [c2 ef 2d]
==> 2def:  LD (BC), A          PC:2df0 AF:000a BC:4859 DE:1802 HL:499a SP:f789 IX:0000 IY:0000 Flags:00001010 [02 03 15]
==> 2df0:  INC BC              PC:2df1 AF:000a BC:485a DE:1802 HL:499a SP:f789 IX:0000 IY:0000 Flags:00001010 [03 15 c2]
==> 2df1:  DEC D               PC:2df2 AF:0002 BC:485a DE:1702 HL:499a SP:f789 IX:0000 IY:0000 Flags:00000010 [15 c2 ef]
==> 2df2:  JP NZ, 2defh        PC:2def AF:0002 BC:485a DE:1702 HL:499a SP:f789 IX:0000 IY:0000 Flags:00000010 [c2 ef 2d]
==> 2def:  LD (BC), A          PC:2df0 AF:0002 BC:485a DE:1702 HL:499a SP:f789 IX:0000 IY:0000 Flags:00000010 [02 03 15]
==> 2df0:  INC BC              PC:2df1 AF:0002 BC:485b DE:1702 HL:499a SP:f789 IX:0000 IY:0000 Flags:00000010 [03 15 c2]
==> 2df1:  DEC D               PC:2df2 AF:0002 BC:485b DE:1602 HL:499a SP:f789 IX:0000 IY:0000 Flags:00000010 [15 c2 ef]
==> 2df2:  JP NZ, 2defh        PC:2def AF:0002 BC:485b DE:1602 HL:499a SP:f789 IX:0000 IY:0000 Flags:00000010 [c2 ef 2d]
==> 2def:  LD (BC), A          PC:2df0 AF:0002 BC:485b DE:1602 HL:499a SP:f789 IX:0000 IY:0000 Flags:00000010 [02 03 15]
==> 2df0:  INC BC              PC:2df1 AF:0002 BC:485c DE:1602 HL:499a SP:f789 IX:0000 IY:0000 Flags:00000010 [03 15 c2]
==> 2df1:  DEC D               PC:2df2 AF:0002 BC:485c DE:1502 HL:499a SP:f789 IX:0000 IY:0000 Flags:00000010 [15 c2 ef]
==> 2df2:  JP NZ, 2defh        PC:2def AF:0002 BC:485c DE:1502 HL:499a SP:f789 IX:0000 IY:0000 Flags:00000010 [c2 ef 2d]
==> 2def:  LD (BC), A          PC:2df0 AF:0002 BC:485c DE:1502 HL:499a SP:f789 IX:0000 IY:0000 Flags:00000010 [02 03 15]
==> 2df0:  INC BC              PC:2df1 AF:0002 BC:485d DE:1502 HL:499a SP:f789 IX:0000 IY:0000 Flags:00000010 [03 15 c2]
==> 2df1:  DEC D               PC:2df2 AF:0002 BC:485d DE:1402 HL:499a SP:f789 IX:0000 IY:0000 Flags:00000010 [15 c2 ef]
==> 2df2:  JP NZ, 2defh        PC:2def AF:0002 BC:485d DE:1402 HL:499a SP:f789 IX:0000 IY:0000 Flags:00000010 [c2 ef 2d]
==> 2def:  LD (BC), A          PC:2df0 AF:0002 BC:485d DE:1402 HL:499a SP:f789 IX:0000 IY:0000 Flags:00000010 [02 03 15]
==> 2df0:  INC BC              PC:2df1 AF:0002 BC:485e DE:1402 HL:499a SP:f789 IX:0000 IY:0000 Flags:00000010 [03 15 c2]
==> 2df1:  DEC D               PC:2df2 AF:0002 BC:485e DE:1302 HL:499a SP:f789 IX:0000 IY:0000 Flags:00000010 [15 c2 ef]
==> 2df2:  JP NZ, 2defh        PC:2def AF:0002 BC:485e DE:1302 HL:499a SP:f789 IX:0000 IY:0000 Flags:00000010 [c2 ef 2d]
==> 2def:  LD (BC), A          PC:2df0 AF:0002 BC:485e DE:1302 HL:499a SP:f789 IX:0000 IY:0000 Flags:00000010 [02 03 15]
==> 2df0:  INC BC              PC:2df1 AF:0002 BC:485f DE:1302 HL:499a SP:f789 IX:0000 IY:0000 Flags:00000010 [03 15 c2]
==> 2df1:  DEC D               PC:2df2 AF:0002 BC:485f DE:1202 HL:499a SP:f789 IX:0000 IY:0000 Flags:00000010 [15 c2 ef]
==> 2df2:  JP NZ, 2defh        PC:2def AF:0002 BC:485f DE:1202 HL:499a SP:f789 IX:0000 IY:0000 Flags:00000010 [c2 ef 2d]
==> 2def:  LD (BC), A          PC:2df0 AF:0002 BC:485f DE:1202 HL:499a SP:f789 IX:0000 IY:0000 Flags:00000010 [02 03 15]
==> 2df0:  INC BC              PC:2df1 AF:0002 BC:4860 DE:1202 HL:499a SP:f789 IX:0000 IY:0000 Flags:00000010 [03 15 c2]
==> 2df1:  DEC D               PC:2df2 AF:0002 BC:4860 DE:1102 HL:499a SP:f789 IX:0000 IY:0000 Flags:00000010 [15 c2 ef]
==> 2df2:  JP NZ, 2defh        PC:2def AF:0002 BC:4860 DE:1102 HL:499a SP:f789 IX:0000 IY:0000 Flags:00000010 [c2 ef 2d]
==> 2def:  LD (BC), A          PC:2df0 AF:0002 BC:4860 DE:1102 HL:499a SP:f789 IX:0000 IY:0000 Flags:00000010 [02 03 15]
==> 2df0:  INC BC              PC:2df1 AF:0002 BC:4861 DE:1102 HL:499a SP:f789 IX:0000 IY:0000 Flags:00000010 [03 15 c2]
==> 2df1:  DEC D               PC:2df2 AF:0002 BC:4861 DE:1002 HL:499a SP:f789 IX:0000 IY:0000 Flags:00000010 [15 c2 ef]
==> 2df2:  JP NZ, 2defh        PC:2def AF:0002 BC:4861 DE:1002 HL:499a SP:f789 IX:0000 IY:0000 Flags:00000010 [c2 ef 2d]
==> 2def:  LD (BC), A          PC:2df0 AF:0002 BC:4861 DE:1002 HL:499a SP:f789 IX:0000 IY:0000 Flags:00000010 [02 03 15]
==> 2df0:  INC BC              PC:2df1 AF:0002 BC:4862 DE:1002 HL:499a SP:f789 IX:0000 IY:0000 Flags:00000010 [03 15 c2]
==> 2df1:  DEC D               PC:2df2 AF:001a BC:4862 DE:0f02 HL:499a SP:f789 IX:0000 IY:0000 Flags:00011010 [15 c2 ef]
==> 2df2:  JP NZ, 2defh        PC:2def AF:001a BC:4862 DE:0f02 HL:499a SP:f789 IX:0000 IY:0000 Flags:00011010 [c2 ef 2d]
==> 2def:  LD (BC), A          PC:2df0 AF:001a BC:4862 DE:0f02 HL:499a SP:f789 IX:0000 IY:0000 Flags:00011010 [02 03 15]
==> 2df0:  INC BC              PC:2df1 AF:001a BC:4863 DE:0f02 HL:499a SP:f789 IX:0000 IY:0000 Flags:00011010 [03 15 c2]
==> 2df1:  DEC D               PC:2df2 AF:000a BC:4863 DE:0e02 HL:499a SP:f789 IX:0000 IY:0000 Flags:00001010 [15 c2 ef]
==> 2df2:  JP NZ, 2defh        PC:2def AF:000a BC:4863 DE:0e02 HL:499a SP:f789 IX:0000 IY:0000 Flags:00001010 [c2 ef 2d]
==> 2def:  LD (BC), A          PC:2df0 AF:000a BC:4863 DE:0e02 HL:499a SP:f789 IX:0000 IY:0000 Flags:00001010 [02 03 15]
==> 2df0:  INC BC              PC:2df1 AF:000a BC:4864 DE:0e02 HL:499a SP:f789 IX:0000 IY:0000 Flags:00001010 [03 15 c2]
==> 2df1:  DEC D               PC:2df2 AF:000a BC:4864 DE:0d02 HL:499a SP:f789 IX:0000 IY:0000 Flags:00001010 [15 c2 ef]
==> 2df2:  JP NZ, 2defh        PC:2def AF:000a BC:4864 DE:0d02 HL:499a SP:f789 IX:0000 IY:0000 Flags:00001010 [c2 ef 2d]
==> 2def:  LD (BC), A          PC:2df0 AF:000a BC:4864 DE:0d02 HL:499a SP:f789 IX:0000 IY:0000 Flags:00001010 [02 03 15]
==> 2df0:  INC BC              PC:2df1 AF:000a BC:4865 DE:0d02 HL:499a SP:f789 IX:0000 IY:0000 Flags:00001010 [03 15 c2]
==> 2df1:  DEC D               PC:2df2 AF:000a BC:4865 DE:0c02 HL:499a SP:f789 IX:0000 IY:0000 Flags:00001010 [15 c2 ef]
==> 2df2:  JP NZ, 2defh        PC:2def AF:000a BC:4865 DE:0c02 HL:499a SP:f789 IX:0000 IY:0000 Flags:00001010 [c2 ef 2d]
==> 2def:  LD (BC), A          PC:2df0 AF:000a BC:4865 DE:0c02 HL:499a SP:f789 IX:0000 IY:0000 Flags:00001010 [02 03 15]
==> 2df0:  INC BC              PC:2df1 AF:000a BC:4866 DE:0c02 HL:499a SP:f789 IX:0000 IY:0000 Flags:00001010 [03 15 c2]
==> 2df1:  DEC D               PC:2df2 AF:000a BC:4866 DE:0b02 HL:499a SP:f789 IX:0000 IY:0000 Flags:00001010 [15 c2 ef]
==> 2df2:  JP NZ, 2defh        PC:2def AF:000a BC:4866 DE:0b02 HL:499a SP:f789 IX:0000 IY:0000 Flags:00001010 [c2 ef 2d]
==> 2def:  LD (BC), A          PC:2df0 AF:000a BC:4866 DE:0b02 HL:499a SP:f789 IX:0000 IY:0000 Flags:00001010 [02 03 15]
==> 2df0:  INC BC              PC:2df1 AF:000a BC:4867 DE:0b02 HL:499a SP:f789 IX:0000 IY:0000 Flags:00001010 [03 15 c2]
==> 2df1:  DEC D               PC:2df2 AF:000a BC:4867 DE:0a02 HL:499a SP:f789 IX:0000 IY:0000 Flags:00001010 [15 c2 ef]
==> 2df2:  JP NZ, 2defh        PC:2def AF:000a BC:4867 DE:0a02 HL:499a SP:f789 IX:0000 IY:0000 Flags:00001010 [c2 ef 2d]
==> 2def:  LD (BC), A          PC:2df0 AF:000a BC:4867 DE:0a02 HL:499a SP:f789 IX:0000 IY:0000 Flags:00001010 [02 03 15]
==> 2df0:  INC BC              PC:2df1 AF:000a BC:4868 DE:0a02 HL:499a SP:f789 IX:0000 IY:0000 Flags:00001010 [03 15 c2]
==> 2df1:  DEC D               PC:2df2 AF:000a BC:4868 DE:0902 HL:499a SP:f789 IX:0000 IY:0000 Flags:00001010 [15 c2 ef]
==> 2df2:  JP NZ, 2defh        PC:2def AF:000a BC:4868 DE:0902 HL:499a SP:f789 IX:0000 IY:0000 Flags:00001010 [c2 ef 2d]
==> 2def:  LD (BC), A          PC:2df0 AF:000a BC:4868 DE:0902 HL:499a SP:f789 IX:0000 IY:0000 Flags:00001010 [02 03 15]
==> 2df0:  INC BC              PC:2df1 AF:000a BC:4869 DE:0902 HL:499a SP:f789 IX:0000 IY:0000 Flags:00001010 [03 15 c2]
==> 2df1:  DEC D               PC:2df2 AF:000a BC:4869 DE:0802 HL:499a SP:f789 IX:0000 IY:0000 Flags:00001010 [15 c2 ef]
==> 2df2:  JP NZ, 2defh        PC:2def AF:000a BC:4869 DE:0802 HL:499a SP:f789 IX:0000 IY:0000 Flags:00001010 [c2 ef 2d]
==> 2def:  LD (BC), A          PC:2df0 AF:000a BC:4869 DE:0802 HL:499a SP:f789 IX:0000 IY:0000 Flags:00001010 [02 03 15]
==> 2df0:  INC BC              PC:2df1 AF:000a BC:486a DE:0802 HL:499a SP:f789 IX:0000 IY:0000 Flags:00001010 [03 15 c2]
==> 2df1:  DEC D               PC:2df2 AF:0002 BC:486a DE:0702 HL:499a SP:f789 IX:0000 IY:0000 Flags:00000010 [15 c2 ef]
==> 2df2:  JP NZ, 2defh        PC:2def AF:0002 BC:486a DE:0702 HL:499a SP:f789 IX:0000 IY:0000 Flags:00000010 [c2 ef 2d]
==> 2def:  LD (BC), A          PC:2df0 AF:0002 BC:486a DE:0702 HL:499a SP:f789 IX:0000 IY:0000 Flags:00000010 [02 03 15]
==> 2df0:  INC BC              PC:2df1 AF:0002 BC:486b DE:0702 HL:499a SP:f789 IX:0000 IY:0000 Flags:00000010 [03 15 c2]
==> 2df1:  DEC D               PC:2df2 AF:0002 BC:486b DE:0602 HL:499a SP:f789 IX:0000 IY:0000 Flags:00000010 [15 c2 ef]
==> 2df2:  JP NZ, 2defh        PC:2def AF:0002 BC:486b DE:0602 HL:499a SP:f789 IX:0000 IY:0000 Flags:00000010 [c2 ef 2d]
==> 2def:  LD (BC), A          PC:2df0 AF:0002 BC:486b DE:0602 HL:499a SP:f789 IX:0000 IY:0000 Flags:00000010 [02 03 15]
==> 2df0:  INC BC              PC:2df1 AF:0002 BC:486c DE:0602 HL:499a SP:f789 IX:0000 IY:0000 Flags:00000010 [03 15 c2]
==> 2df1:  DEC D               PC:2df2 AF:0002 BC:486c DE:0502 HL:499a SP:f789 IX:0000 IY:0000 Flags:00000010 [15 c2 ef]
==> 2df2:  JP NZ, 2defh        PC:2def AF:0002 BC:486c DE:0502 HL:499a SP:f789 IX:0000 IY:0000 Flags:00000010 [c2 ef 2d]
==> 2def:  LD (BC), A          PC:2df0 AF:0002 BC:486c DE:0502 HL:499a SP:f789 IX:0000 IY:0000 Flags:00000010 [02 03 15]
==> 2df0:  INC BC              PC:2df1 AF:0002 BC:486d DE:0502 HL:499a SP:f789 IX:0000 IY:0000 Flags:00000010 [03 15 c2]
==> 2df1:  DEC D               PC:2df2 AF:0002 BC:486d DE:0402 HL:499a SP:f789 IX:0000 IY:0000 Flags:00000010 [15 c2 ef]
==> 2df2:  JP NZ, 2defh        PC:2def AF:0002 BC:486d DE:0402 HL:499a SP:f789 IX:0000 IY:0000 Flags:00000010 [c2 ef 2d]
==> 2def:  LD (BC), A          PC:2df0 AF:0002 BC:486d DE:0402 HL:499a SP:f789 IX:0000 IY:0000 Flags:00000010 [02 03 15]
==> 2df0:  INC BC              PC:2df1 AF:0002 BC:486e DE:0402 HL:499a SP:f789 IX:0000 IY:0000 Flags:00000010 [03 15 c2]
==> 2df1:  DEC D               PC:2df2 AF:0002 BC:486e DE:0302 HL:499a SP:f789 IX:0000 IY:0000 Flags:00000010 [15 c2 ef]
==> 2df2:  JP NZ, 2defh        PC:2def AF:0002 BC:486e DE:0302 HL:499a SP:f789 IX:0000 IY:0000 Flags:00000010 [c2 ef 2d]
==> 2def:  LD (BC), A          PC:2df0 AF:0002 BC:486e DE:0302 HL:499a SP:f789 IX:0000 IY:0000 Flags:00000010 [02 03 15]
==> 2df0:  INC BC              PC:2df1 AF:0002 BC:486f DE:0302 HL:499a SP:f789 IX:0000 IY:0000 Flags:00000010 [03 15 c2]
==> 2df1:  DEC D               PC:2df2 AF:0002 BC:486f DE:0202 HL:499a SP:f789 IX:0000 IY:0000 Flags:00000010 [15 c2 ef]
==> 2df2:  JP NZ, 2defh        PC:2def AF:0002 BC:486f DE:0202 HL:499a SP:f789 IX:0000 IY:0000 Flags:00000010 [c2 ef 2d]
==> 2def:  LD (BC), A          PC:2df0 AF:0002 BC:486f DE:0202 HL:499a SP:f789 IX:0000 IY:0000 Flags:00000010 [02 03 15]
==> 2df0:  INC BC              PC:2df1 AF:0002 BC:4870 DE:0202 HL:499a SP:f789 IX:0000 IY:0000 Flags:00000010 [03 15 c2]
==> 2df1:  DEC D               PC:2df2 AF:0002 BC:4870 DE:0102 HL:499a SP:f789 IX:0000 IY:0000 Flags:00000010 [15 c2 ef]
==> 2df2:  JP NZ, 2defh        PC:2def AF:0002 BC:4870 DE:0102 HL:499a SP:f789 IX:0000 IY:0000 Flags:00000010 [c2 ef 2d]
==> 2def:  LD (BC), A          PC:2df0 AF:0002 BC:4870 DE:0102 HL:499a SP:f789 IX:0000 IY:0000 Flags:00000010 [02 03 15]
==> 2df0:  INC BC              PC:2df1 AF:0002 BC:4871 DE:0102 HL:499a SP:f789 IX:0000 IY:0000 Flags:00000010 [03 15 c2]
==> 2df1:  DEC D               PC:2df2 AF:0042 BC:4871 DE:0002 HL:499a SP:f789 IX:0000 IY:0000 Flags:01000010 [15 c2 ef]
==> 2df2:  JP NZ, 2defh        PC:2df5 AF:0042 BC:4871 DE:0002 HL:499a SP:f789 IX:0000 IY:0000 Flags:01000010 [c2 ef 2d]
==> 2df5:  RET                 PC:34ec AF:0042 BC:4871 DE:0002 HL:499a SP:f78b IX:0000 IY:0000 Flags:01000010 [c9 cd 80]
==> 34ec:  POP AF              PC:34ed AF:0202 BC:4871 DE:0002 HL:499a SP:f78d IX:0000 IY:0000 Flags:00000010 [f1 c1 3d]
==> 34ed:  POP BC              PC:34ee AF:0202 BC:2dbc DE:0002 HL:499a SP:f78f IX:0000 IY:0000 Flags:00000010 [c1 3d f2]
==> 34ee:  DEC A               PC:34ef AF:0102 BC:2dbc DE:0002 HL:499a SP:f78f IX:0000 IY:0000 Flags:00000010 [3d f2 e4]
==> 34ef:  JP P, 34e4h         PC:34e4 AF:0102 BC:2dbc DE:0002 HL:499a SP:f78f IX:0000 IY:0000 Flags:00000010 [f2 e4 34]
==> 34e4:  PUSH BC             PC:34e5 AF:0102 BC:2dbc DE:0002 HL:499a SP:f78d IX:0000 IY:0000 Flags:00000010 [c5 f5 11]
==> 34e5:  PUSH AF             PC:34e6 AF:0102 BC:2dbc DE:0002 HL:499a SP:f78b IX:0000 IY:0000 Flags:00000010 [f5 11 ec]
==> 34e6:  LD DE, 34ech        PC:34e9 AF:0102 BC:2dbc DE:34ec HL:499a SP:f78b IX:0000 IY:0000 Flags:00000010 [11 ec 34]
==> 34e9:  PUSH DE             PC:34ea AF:0102 BC:2dbc DE:34ec HL:499a SP:f789 IX:0000 IY:0000 Flags:00000010 [d5 c5 c9]
==> 34ea:  PUSH BC             PC:34eb AF:0102 BC:2dbc DE:34ec HL:499a SP:f787 IX:0000 IY:0000 Flags:00000010 [c5 c9 f1]
==> 34eb:  RET                 PC:2dbc AF:0102 BC:2dbc DE:34ec HL:499a SP:f789 IX:0000 IY:0000 Flags:00000010 [c9 f1 c1]
==> 2dbc:  CALL 3283h          PC:3283 AF:0102 BC:2dbc DE:34ec HL:499a SP:f787 IX:0000 IY:0000 Flags:00000010 [cd 83 32]
==> 3283:  LD E, A             PC:3284 AF:0102 BC:2dbc DE:3401 HL:499a SP:f787 IX:0000 IY:0000 Flags:00000010 [5f 3a 59]
==> 3284:  LD A, (0759h)       PC:3287 AF:0302 BC:2dbc DE:3401 HL:499a SP:f787 IX:0000 IY:0000 Flags:00000010 [3a 59 07]
==> 3287:  CP A, E             PC:3288 AF:0302 BC:2dbc DE:3401 HL:499a SP:f787 IX:0000 IY:0000 Flags:00000010 [bb da a7]
==> 3288:  JP C, 31a7h         PC:328b AF:0302 BC:2dbc DE:3401 HL:499a SP:f787 IX:0000 IY:0000 Flags:00000010 [da a7 31]
==> 328b:  LD D, 00h           PC:328d AF:0302 BC:2dbc DE:0001 HL:499a SP:f787 IX:0000 IY:0000 Flags:00000010 [16 00 e5]
==> 328d:  PUSH HL             PC:328e AF:0302 BC:2dbc DE:0001 HL:499a SP:f785 IX:0000 IY:0000 Flags:00000010 [e5 21 39]
==> 328e:  LD HL, 0739h        PC:3291 AF:0302 BC:2dbc DE:0001 HL:0739 SP:f785 IX:0000 IY:0000 Flags:00000010 [21 39 07]
==> 3291:  ADD HL, DE          PC:3292 AF:0300 BC:2dbc DE:0001 HL:073a SP:f785 IX:0000 IY:0000 Flags:00000000 [19 19 4e]
==> 3292:  ADD HL, DE          PC:3293 AF:0300 BC:2dbc DE:0001 HL:073b SP:f785 IX:0000 IY:0000 Flags:00000000 [19 4e 23]
==> 3293:  LD C, (HL)          PC:3294 AF:0300 BC:2da5 DE:0001 HL:073b SP:f785 IX:0000 IY:0000 Flags:00000000 [4e 23 46]
==> 3294:  INC HL              PC:3295 AF:0300 BC:2da5 DE:0001 HL:073c SP:f785 IX:0000 IY:0000 Flags:00000000 [23 46 0a]
==> 3295:  LD B, (HL)          PC:3296 AF:0300 BC:47a5 DE:0001 HL:073c SP:f785 IX:0000 IY:0000 Flags:00000000 [46 0a b7]
==> 3296:  LD A, (BC)          PC:3297 AF:0000 BC:47a5 DE:0001 HL:073c SP:f785 IX:0000 IY:0000 Flags:00000000 [0a b7 e1]
==> 3297:  OR A, A             PC:3298 AF:0044 BC:47a5 DE:0001 HL:073c SP:f785 IX:0000 IY:0000 Flags:01000100 [b7 e1 c9]
==> 3298:  POP HL              PC:3299 AF:0044 BC:47a5 DE:0001 HL:499a SP:f787 IX:0000 IY:0000 Flags:01000100 [e1 c9 cd]
==> 3299:  RET                 PC:2dbf AF:0044 BC:47a5 DE:0001 HL:499a SP:f789 IX:0000 IY:0000 Flags:01000100 [c9 cd 84]
==> 2dbf:  JP Z, 2dech         PC:2dec AF:0044 BC:47a5 DE:0001 HL:499a SP:f789 IX:0000 IY:0000 Flags:01000100 [ca ec 2d]
==> 2dec:  LD D, 26h           PC:2dee AF:0044 BC:47a5 DE:2601 HL:499a SP:f789 IX:0000 IY:0000 Flags:01000100 [16 26 af]
==> 2dee:  XOR A, A            PC:2def AF:0044 BC:47a5 DE:2601 HL:499a SP:f789 IX:0000 IY:0000 Flags:01000100 [af 02 03]
==> 2def:  LD (BC), A          PC:2df0 AF:0044 BC:47a5 DE:2601 HL:499a SP:f789 IX:0000 IY:0000 Flags:01000100 [02 03 15]
==> 2df0:  INC BC              PC:2df1 AF:0044 BC:47a6 DE:2601 HL:499a SP:f789 IX:0000 IY:0000 Flags:01000100 [03 15 c2]
==> 2df1:  DEC D               PC:2df2 AF:0022 BC:47a6 DE:2501 HL:499a SP:f789 IX:0000 IY:0000 Flags:00100010 [15 c2 ef]
==> 2df2:  JP NZ, 2defh        PC:2def AF:0022 BC:47a6 DE:2501 HL:499a SP:f789 IX:0000 IY:0000 Flags:00100010 [c2 ef 2d]
==> 2def:  LD (BC), A          PC:2df0 AF:0022 BC:47a6 DE:2501 HL:499a SP:f789 IX:0000 IY:0000 Flags:00100010 [02 03 15]
==> 2df0:  INC BC              PC:2df1 AF:0022 BC:47a7 DE:2501 HL:499a SP:f789 IX:0000 IY:0000 Flags:00100010 [03 15 c2]
==> 2df1:  DEC D               PC:2df2 AF:0022 BC:47a7 DE:2401 HL:499a SP:f789 IX:0000 IY:0000 Flags:00100010 [15 c2 ef]
==> 2df2:  JP NZ, 2defh        PC:2def AF:0022 BC:47a7 DE:2401 HL:499a SP:f789 IX:0000 IY:0000 Flags:00100010 [c2 ef 2d]
==> 2def:  LD (BC), A          PC:2df0 AF:0022 BC:47a7 DE:2401 HL:499a SP:f789 IX:0000 IY:0000 Flags:00100010 [02 03 15]
==> 2df0:  INC BC              PC:2df1 AF:0022 BC:47a8 DE:2401 HL:499a SP:f789 IX:0000 IY:0000 Flags:00100010 [03 15 c2]
==> 2df1:  DEC D               PC:2df2 AF:0022 BC:47a8 DE:2301 HL:499a SP:f789 IX:0000 IY:0000 Flags:00100010 [15 c2 ef]
==> 2df2:  JP NZ, 2defh        PC:2def AF:0022 BC:47a8 DE:2301 HL:499a SP:f789 IX:0000 IY:0000 Flags:00100010 [c2 ef 2d]
==> 2def:  LD (BC), A          PC:2df0 AF:0022 BC:47a8 DE:2301 HL:499a SP:f789 IX:0000 IY:0000 Flags:00100010 [02 03 15]
==> 2df0:  INC BC              PC:2df1 AF:0022 BC:47a9 DE:2301 HL:499a SP:f789 IX:0000 IY:0000 Flags:00100010 [03 15 c2]
==> 2df1:  DEC D               PC:2df2 AF:0022 BC:47a9 DE:2201 HL:499a SP:f789 IX:0000 IY:0000 Flags:00100010 [15 c2 ef]
==> 2df2:  JP NZ, 2defh        PC:2def AF:0022 BC:47a9 DE:2201 HL:499a SP:f789 IX:0000 IY:0000 Flags:00100010 [c2 ef 2d]
==> 2def:  LD (BC), A          PC:2df0 AF:0022 BC:47a9 DE:2201 HL:499a SP:f789 IX:0000 IY:0000 Flags:00100010 [02 03 15]
==> 2df0:  INC BC              PC:2df1 AF:0022 BC:47aa DE:2201 HL:499a SP:f789 IX:0000 IY:0000 Flags:00100010 [03 15 c2]
==> 2df1:  DEC D               PC:2df2 AF:0022 BC:47aa DE:2101 HL:499a SP:f789 IX:0000 IY:0000 Flags:00100010 [15 c2 ef]
==> 2df2:  JP NZ, 2defh        PC:2def AF:0022 BC:47aa DE:2101 HL:499a SP:f789 IX:0000 IY:0000 Flags:00100010 [c2 ef 2d]
==> 2def:  LD (BC), A          PC:2df0 AF:0022 BC:47aa DE:2101 HL:499a SP:f789 IX:0000 IY:0000 Flags:00100010 [02 03 15]
==> 2df0:  INC BC              PC:2df1 AF:0022 BC:47ab DE:2101 HL:499a SP:f789 IX:0000 IY:0000 Flags:00100010 [03 15 c2]
==> 2df1:  DEC D               PC:2df2 AF:0022 BC:47ab DE:2001 HL:499a SP:f789 IX:0000 IY:0000 Flags:00100010 [15 c2 ef]
==> 2df2:  JP NZ, 2defh        PC:2def AF:0022 BC:47ab DE:2001 HL:499a SP:f789 IX:0000 IY:0000 Flags:00100010 [c2 ef 2d]
==> 2def:  LD (BC), A          PC:2df0 AF:0022 BC:47ab DE:2001 HL:499a SP:f789 IX:0000 IY:0000 Flags:00100010 [02 03 15]
==> 2df0:  INC BC              PC:2df1 AF:0022 BC:47ac DE:2001 HL:499a SP:f789 IX:0000 IY:0000 Flags:00100010 [03 15 c2]
==> 2df1:  DEC D               PC:2df2 AF:001a BC:47ac DE:1f01 HL:499a SP:f789 IX:0000 IY:0000 Flags:00011010 [15 c2 ef]
==> 2df2:  JP NZ, 2defh        PC:2def AF:001a BC:47ac DE:1f01 HL:499a SP:f789 IX:0000 IY:0000 Flags:00011010 [c2 ef 2d]
==> 2def:  LD (BC), A          PC:2df0 AF:001a BC:47ac DE:1f01 HL:499a SP:f789 IX:0000 IY:0000 Flags:00011010 [02 03 15]
==> 2df0:  INC BC              PC:2df1 AF:001a BC:47ad DE:1f01 HL:499a SP:f789 IX:0000 IY:0000 Flags:00011010 [03 15 c2]
==> 2df1:  DEC D               PC:2df2 AF:000a BC:47ad DE:1e01 HL:499a SP:f789 IX:0000 IY:0000 Flags:00001010 [15 c2 ef]
==> 2df2:  JP NZ, 2defh        PC:2def AF:000a BC:47ad DE:1e01 HL:499a SP:f789 IX:0000 IY:0000 Flags:00001010 [c2 ef 2d]
==> 2def:  LD (BC), A          PC:2df0 AF:000a BC:47ad DE:1e01 HL:499a SP:f789 IX:0000 IY:0000 Flags:00001010 [02 03 15]
==> 2df0:  INC BC              PC:2df1 AF:000a BC:47ae DE:1e01 HL:499a SP:f789 IX:0000 IY:0000 Flags:00001010 [03 15 c2]
==> 2df1:  DEC D               PC:2df2 AF:000a BC:47ae DE:1d01 HL:499a SP:f789 IX:0000 IY:0000 Flags:00001010 [15 c2 ef]
==> 2df2:  JP NZ, 2defh        PC:2def AF:000a BC:47ae DE:1d01 HL:499a SP:f789 IX:0000 IY:0000 Flags:00001010 [c2 ef 2d]
==> 2def:  LD (BC), A          PC:2df0 AF:000a BC:47ae DE:1d01 HL:499a SP:f789 IX:0000 IY:0000 Flags:00001010 [02 03 15]
==> 2df0:  INC BC              PC:2df1 AF:000a BC:47af DE:1d01 HL:499a SP:f789 IX:0000 IY:0000 Flags:00001010 [03 15 c2]
==> 2df1:  DEC D               PC:2df2 AF:000a BC:47af DE:1c01 HL:499a SP:f789 IX:0000 IY:0000 Flags:00001010 [15 c2 ef]
==> 2df2:  JP NZ, 2defh        PC:2def AF:000a BC:47af DE:1c01 HL:499a SP:f789 IX:0000 IY:0000 Flags:00001010 [c2 ef 2d]
==> 2def:  LD (BC), A          PC:2df0 AF:000a BC:47af DE:1c01 HL:499a SP:f789 IX:0000 IY:0000 Flags:00001010 [02 03 15]
==> 2df0:  INC BC              PC:2df1 AF:000a BC:47b0 DE:1c01 HL:499a SP:f789 IX:0000 IY:0000 Flags:00001010 [03 15 c2]
==> 2df1:  DEC D               PC:2df2 AF:000a BC:47b0 DE:1b01 HL:499a SP:f789 IX:0000 IY:0000 Flags:00001010 [15 c2 ef]
==> 2df2:  JP NZ, 2defh        PC:2def AF:000a BC:47b0 DE:1b01 HL:499a SP:f789 IX:0000 IY:0000 Flags:00001010 [c2 ef 2d]
==> 2def:  LD (BC), A          PC:2df0 AF:000a BC:47b0 DE:1b01 HL:499a SP:f789 IX:0000 IY:0000 Flags:00001010 [02 03 15]
==> 2df0:  INC BC              PC:2df1 AF:000a BC:47b1 DE:1b01 HL:499a SP:f789 IX:0000 IY:0000 Flags:00001010 [03 15 c2]
==> 2df1:  DEC D               PC:2df2 AF:000a BC:47b1 DE:1a01 HL:499a SP:f789 IX:0000 IY:0000 Flags:00001010 [15 c2 ef]
==> 2df2:  JP NZ, 2defh        PC:2def AF:000a BC:47b1 DE:1a01 HL:499a SP:f789 IX:0000 IY:0000 Flags:00001010 [c2 ef 2d]
==> 2def:  LD (BC), A          PC:2df0 AF:000a BC:47b1 DE:1a01 HL:499a SP:f789 IX:0000 IY:0000 Flags:00001010 [02 03 15]
==> 2df0:  INC BC              PC:2df1 AF:000a BC:47b2 DE:1a01 HL:499a SP:f789 IX:0000 IY:0000 Flags:00001010 [03 15 c2]
==> 2df1:  DEC D               PC:2df2 AF:000a BC:47b2 DE:1901 HL:499a SP:f789 IX:0000 IY:0000 Flags:00001010 [15 c2 ef]
==> 2df2:  JP NZ, 2defh        PC:2def AF:000a BC:47b2 DE:1901 HL:499a SP:f789 IX:0000 IY:0000 Flags:00001010 [c2 ef 2d]
==> 2def:  LD (BC), A          PC:2df0 AF:000a BC:47b2 DE:1901 HL:499a SP:f789 IX:0000 IY:0000 Flags:00001010 [02 03 15]
==> 2df0:  INC BC              PC:2df1 AF:000a BC:47b3 DE:1901 HL:499a SP:f789 IX:0000 IY:0000 Flags:00001010 [03 15 c2]
==> 2df1:  DEC D               PC:2df2 AF:000a BC:47b3 DE:1801 HL:499a SP:f789 IX:0000 IY:0000 Flags:00001010 [15 c2 ef]
==> 2df2:  JP NZ, 2defh        PC:2def AF:000a BC:47b3 DE:1801 HL:499a SP:f789 IX:0000 IY:0000 Flags:00001010 [c2 ef 2d]
==> 2def:  LD (BC), A          PC:2df0 AF:000a BC:47b3 DE:1801 HL:499a SP:f789 IX:0000 IY:0000 Flags:00001010 [02 03 15]
==> 2df0:  INC BC              PC:2df1 AF:000a BC:47b4 DE:1801 HL:499a SP:f789 IX:0000 IY:0000 Flags:00001010 [03 15 c2]
==> 2df1:  DEC D               PC:2df2 AF:0002 BC:47b4 DE:1701 HL:499a SP:f789 IX:0000 IY:0000 Flags:00000010 [15 c2 ef]
==> 2df2:  JP NZ, 2defh        PC:2def AF:0002 BC:47b4 DE:1701 HL:499a SP:f789 IX:0000 IY:0000 Flags:00000010 [c2 ef 2d]
==> 2def:  LD (BC), A          PC:2df0 AF:0002 BC:47b4 DE:1701 HL:499a SP:f789 IX:0000 IY:0000 Flags:00000010 [02 03 15]
==> 2df0:  INC BC              PC:2df1 AF:0002 BC:47b5 DE:1701 HL:499a SP:f789 IX:0000 IY:0000 Flags:00000010 [03 15 c2]
==> 2df1:  DEC D               PC:2df2 AF:0002 BC:47b5 DE:1601 HL:499a SP:f789 IX:0000 IY:0000 Flags:00000010 [15 c2 ef]
==> 2df2:  JP NZ, 2defh        PC:2def AF:0002 BC:47b5 DE:1601 HL:499a SP:f789 IX:0000 IY:0000 Flags:00000010 [c2 ef 2d]
==> 2def:  LD (BC), A          PC:2df0 AF:0002 BC:47b5 DE:1601 HL:499a SP:f789 IX:0000 IY:0000 Flags:00000010 [02 03 15]
==> 2df0:  INC BC              PC:2df1 AF:0002 BC:47b6 DE:1601 HL:499a SP:f789 IX:0000 IY:0000 Flags:00000010 [03 15 c2]
==> 2df1:  DEC D               PC:2df2 AF:0002 BC:47b6 DE:1501 HL:499a SP:f789 IX:0000 IY:0000 Flags:00000010 [15 c2 ef]
==> 2df2:  JP NZ, 2defh        PC:2def AF:0002 BC:47b6 DE:1501 HL:499a SP:f789 IX:0000 IY:0000 Flags:00000010 [c2 ef 2d]
==> 2def:  LD (BC), A          PC:2df0 AF:0002 BC:47b6 DE:1501 HL:499a SP:f789 IX:0000 IY:0000 Flags:00000010 [02 03 15]
==> 2df0:  INC BC              PC:2df1 AF:0002 BC:47b7 DE:1501 HL:499a SP:f789 IX:0000 IY:0000 Flags:00000010 [03 15 c2]
==> 2df1:  DEC D               PC:2df2 AF:0002 BC:47b7 DE:1401 HL:499a SP:f789 IX:0000 IY:0000 Flags:00000010 [15 c2 ef]
==> 2df2:  JP NZ, 2defh        PC:2def AF:0002 BC:47b7 DE:1401 HL:499a SP:f789 IX:0000 IY:0000 Flags:00000010 [c2 ef 2d]
==> 2def:  LD (BC), A          PC:2df0 AF:0002 BC:47b7 DE:1401 HL:499a SP:f789 IX:0000 IY:0000 Flags:00000010 [02 03 15]
==> 2df0:  INC BC              PC:2df1 AF:0002 BC:47b8 DE:1401 HL:499a SP:f789 IX:0000 IY:0000 Flags:00000010 [03 15 c2]
==> 2df1:  DEC D               PC:2df2 AF:0002 BC:47b8 DE:1301 HL:499a SP:f789 IX:0000 IY:0000 Flags:00000010 [15 c2 ef]
==> 2df2:  JP NZ, 2defh        PC:2def AF:0002 BC:47b8 DE:1301 HL:499a SP:f789 IX:0000 IY:0000 Flags:00000010 [c2 ef 2d]
==> 2def:  LD (BC), A          PC:2df0 AF:0002 BC:47b8 DE:1301 HL:499a SP:f789 IX:0000 IY:0000 Flags:00000010 [02 03 15]
==> 2df0:  INC BC              PC:2df1 AF:0002 BC:47b9 DE:1301 HL:499a SP:f789 IX:0000 IY:0000 Flags:00000010 [03 15 c2]
==> 2df1:  DEC D               PC:2df2 AF:0002 BC:47b9 DE:1201 HL:499a SP:f789 IX:0000 IY:0000 Flags:00000010 [15 c2 ef]
==> 2df2:  JP NZ, 2defh        PC:2def AF:0002 BC:47b9 DE:1201 HL:499a SP:f789 IX:0000 IY:0000 Flags:00000010 [c2 ef 2d]
==> 2def:  LD (BC), A          PC:2df0 AF:0002 BC:47b9 DE:1201 HL:499a SP:f789 IX:0000 IY:0000 Flags:00000010 [02 03 15]
==> 2df0:  INC BC              PC:2df1 AF:0002 BC:47ba DE:1201 HL:499a SP:f789 IX:0000 IY:0000 Flags:00000010 [03 15 c2]
==> 2df1:  DEC D               PC:2df2 AF:0002 BC:47ba DE:1101 HL:499a SP:f789 IX:0000 IY:0000 Flags:00000010 [15 c2 ef]
==> 2df2:  JP NZ, 2defh        PC:2def AF:0002 BC:47ba DE:1101 HL:499a SP:f789 IX:0000 IY:0000 Flags:00000010 [c2 ef 2d]
==> 2def:  LD (BC), A          PC:2df0 AF:0002 BC:47ba DE:1101 HL:499a SP:f789 IX:0000 IY:0000 Flags:00000010 [02 03 15]
==> 2df0:  INC BC              PC:2df1 AF:0002 BC:47bb DE:1101 HL:499a SP:f789 IX:0000 IY:0000 Flags:00000010 [03 15 c2]
==> 2df1:  DEC D               PC:2df2 AF:0002 BC:47bb DE:1001 HL:499a SP:f789 IX:0000 IY:0000 Flags:00000010 [15 c2 ef]
==> 2df2:  JP NZ, 2defh        PC:2def AF:0002 BC:47bb DE:1001 HL:499a SP:f789 IX:0000 IY:0000 Flags:00000010 [c2 ef 2d]
==> 2def:  LD (BC), A          PC:2df0 AF:0002 BC:47bb DE:1001 HL:499a SP:f789 IX:0000 IY:0000 Flags:00000010 [02 03 15]
==> 2df0:  INC BC              PC:2df1 AF:0002 BC:47bc DE:1001 HL:499a SP:f789 IX:0000 IY:0000 Flags:00000010 [03 15 c2]
==> 2df1:  DEC D               PC:2df2 AF:001a BC:47bc DE:0f01 HL:499a SP:f789 IX:0000 IY:0000 Flags:00011010 [15 c2 ef]
==> 2df2:  JP NZ, 2defh        PC:2def AF:001a BC:47bc DE:0f01 HL:499a SP:f789 IX:0000 IY:0000 Flags:00011010 [c2 ef 2d]
==> 2def:  LD (BC), A          PC:2df0 AF:001a BC:47bc DE:0f01 HL:499a SP:f789 IX:0000 IY:0000 Flags:00011010 [02 03 15]
==> 2df0:  INC BC              PC:2df1 AF:001a BC:47bd DE:0f01 HL:499a SP:f789 IX:0000 IY:0000 Flags:00011010 [03 15 c2]
==> 2df1:  DEC D               PC:2df2 AF:000a BC:47bd DE:0e01 HL:499a SP:f789 IX:0000 IY:0000 Flags:00001010 [15 c2 ef]
==> 2df2:  JP NZ, 2defh        PC:2def AF:000a BC:47bd DE:0e01 HL:499a SP:f789 IX:0000 IY:0000 Flags:00001010 [c2 ef 2d]
==> 2def:  LD (BC), A          PC:2df0 AF:000a BC:47bd DE:0e01 HL:499a SP:f789 IX:0000 IY:0000 Flags:00001010 [02 03 15]
==> 2df0:  INC BC              PC:2df1 AF:000a BC:47be DE:0e01 HL:499a SP:f789 IX:0000 IY:0000 Flags:00001010 [03 15 c2]
==> 2df1:  DEC D               PC:2df2 AF:000a BC:47be DE:0d01 HL:499a SP:f789 IX:0000 IY:0000 Flags:00001010 [15 c2 ef]
==> 2df2:  JP NZ, 2defh        PC:2def AF:000a BC:47be DE:0d01 HL:499a SP:f789 IX:0000 IY:0000 Flags:00001010 [c2 ef 2d]
==> 2def:  LD (BC), A          PC:2df0 AF:000a BC:47be DE:0d01 HL:499a SP:f789 IX:0000 IY:0000 Flags:00001010 [02 03 15]
==> 2df0:  INC BC              PC:2df1 AF:000a BC:47bf DE:0d01 HL:499a SP:f789 IX:0000 IY:0000 Flags:00001010 [03 15 c2]
==> 2df1:  DEC D               PC:2df2 AF:000a BC:47bf DE:0c01 HL:499a SP:f789 IX:0000 IY:0000 Flags:00001010 [15 c2 ef]
==> 2df2:  JP NZ, 2defh        PC:2def AF:000a BC:47bf DE:0c01 HL:499a SP:f789 IX:0000 IY:0000 Flags:00001010 [c2 ef 2d]
==> 2def:  LD (BC), A          PC:2df0 AF:000a BC:47bf DE:0c01 HL:499a SP:f789 IX:0000 IY:0000 Flags:00001010 [02 03 15]
==> 2df0:  INC BC              PC:2df1 AF:000a BC:47c0 DE:0c01 HL:499a SP:f789 IX:0000 IY:0000 Flags:00001010 [03 15 c2]
==> 2df1:  DEC D               PC:2df2 AF:000a BC:47c0 DE:0b01 HL:499a SP:f789 IX:0000 IY:0000 Flags:00001010 [15 c2 ef]
==> 2df2:  JP NZ, 2defh        PC:2def AF:000a BC:47c0 DE:0b01 HL:499a SP:f789 IX:0000 IY:0000 Flags:00001010 [c2 ef 2d]
==> 2def:  LD (BC), A          PC:2df0 AF:000a BC:47c0 DE:0b01 HL:499a SP:f789 IX:0000 IY:0000 Flags:00001010 [02 03 15]
==> 2df0:  INC BC              PC:2df1 AF:000a BC:47c1 DE:0b01 HL:499a SP:f789 IX:0000 IY:0000 Flags:00001010 [03 15 c2]
==> 2df1:  DEC D               PC:2df2 AF:000a BC:47c1 DE:0a01 HL:499a SP:f789 IX:0000 IY:0000 Flags:00001010 [15 c2 ef]
==> 2df2:  JP NZ, 2defh        PC:2def AF:000a BC:47c1 DE:0a01 HL:499a SP:f789 IX:0000 IY:0000 Flags:00001010 [c2 ef 2d]
==> 2def:  LD (BC), A          PC:2df0 AF:000a BC:47c1 DE:0a01 HL:499a SP:f789 IX:0000 IY:0000 Flags:00001010 [02 03 15]
==> 2df0:  INC BC              PC:2df1 AF:000a BC:47c2 DE:0a01 HL:499a SP:f789 IX:0000 IY:0000 Flags:00001010 [03 15 c2]
==> 2df1:  DEC D               PC:2df2 AF:000a BC:47c2 DE:0901 HL:499a SP:f789 IX:0000 IY:0000 Flags:00001010 [15 c2 ef]
==> 2df2:  JP NZ, 2defh        PC:2def AF:000a BC:47c2 DE:0901 HL:499a SP:f789 IX:0000 IY:0000 Flags:00001010 [c2 ef 2d]
==> 2def:  LD (BC), A          PC:2df0 AF:000a BC:47c2 DE:0901 HL:499a SP:f789 IX:0000 IY:0000 Flags:00001010 [02 03 15]
==> 2df0:  INC BC              PC:2df1 AF:000a BC:47c3 DE:0901 HL:499a SP:f789 IX:0000 IY:0000 Flags:00001010 [03 15 c2]
==> 2df1:  DEC D               PC:2df2 AF:000a BC:47c3 DE:0801 HL:499a SP:f789 IX:0000 IY:0000 Flags:00001010 [15 c2 ef]
==> 2df2:  JP NZ, 2defh        PC:2def AF:000a BC:47c3 DE:0801 HL:499a SP:f789 IX:0000 IY:0000 Flags:00001010 [c2 ef 2d]
==> 2def:  LD (BC), A          PC:2df0 AF:000a BC:47c3 DE:0801 HL:499a SP:f789 IX:0000 IY:0000 Flags:00001010 [02 03 15]
==> 2df0:  INC BC              PC:2df1 AF:000a BC:47c4 DE:0801 HL:499a SP:f789 IX:0000 IY:0000 Flags:00001010 [03 15 c2]
==> 2df1:  DEC D               PC:2df2 AF:0002 BC:47c4 DE:0701 HL:499a SP:f789 IX:0000 IY:0000 Flags:00000010 [15 c2 ef]
==> 2df2:  JP NZ, 2defh        PC:2def AF:0002 BC:47c4 DE:0701 HL:499a SP:f789 IX:0000 IY:0000 Flags:00000010 [c2 ef 2d]
==> 2def:  LD (BC), A          PC:2df0 AF:0002 BC:47c4 DE:0701 HL:499a SP:f789 IX:0000 IY:0000 Flags:00000010 [02 03 15]
==> 2df0:  INC BC              PC:2df1 AF:0002 BC:47c5 DE:0701 HL:499a SP:f789 IX:0000 IY:0000 Flags:00000010 [03 15 c2]
==> 2df1:  DEC D               PC:2df2 AF:0002 BC:47c5 DE:0601 HL:499a SP:f789 IX:0000 IY:0000 Flags:00000010 [15 c2 ef]
==> 2df2:  JP NZ, 2defh        PC:2def AF:0002 BC:47c5 DE:0601 HL:499a SP:f789 IX:0000 IY:0000 Flags:00000010 [c2 ef 2d]
==> 2def:  LD (BC), A          PC:2df0 AF:0002 BC:47c5 DE:0601 HL:499a SP:f789 IX:0000 IY:0000 Flags:00000010 [02 03 15]
==> 2df0:  INC BC              PC:2df1 AF:0002 BC:47c6 DE:0601 HL:499a SP:f789 IX:0000 IY:0000 Flags:00000010 [03 15 c2]
==> 2df1:  DEC D               PC:2df2 AF:0002 BC:47c6 DE:0501 HL:499a SP:f789 IX:0000 IY:0000 Flags:00000010 [15 c2 ef]
==> 2df2:  JP NZ, 2defh        PC:2def AF:0002 BC:47c6 DE:0501 HL:499a SP:f789 IX:0000 IY:0000 Flags:00000010 [c2 ef 2d]
==> 2def:  LD (BC), A          PC:2df0 AF:0002 BC:47c6 DE:0501 HL:499a SP:f789 IX:0000 IY:0000 Flags:00000010 [02 03 15]
==> 2df0:  INC BC              PC:2df1 AF:0002 BC:47c7 DE:0501 HL:499a SP:f789 IX:0000 IY:0000 Flags:00000010 [03 15 c2]
==> 2df1:  DEC D               PC:2df2 AF:0002 BC:47c7 DE:0401 HL:499a SP:f789 IX:0000 IY:0000 Flags:00000010 [15 c2 ef]
==> 2df2:  JP NZ, 2defh        PC:2def AF:0002 BC:47c7 DE:0401 HL:499a SP:f789 IX:0000 IY:0000 Flags:00000010 [c2 ef 2d]
==> 2def:  LD (BC), A          PC:2df0 AF:0002 BC:47c7 DE:0401 HL:499a SP:f789 IX:0000 IY:0000 Flags:00000010 [02 03 15]
==> 2df0:  INC BC              PC:2df1 AF:0002 BC:47c8 DE:0401 HL:499a SP:f789 IX:0000 IY:0000 Flags:00000010 [03 15 c2]
==> 2df1:  DEC D               PC:2df2 AF:0002 BC:47c8 DE:0301 HL:499a SP:f789 IX:0000 IY:0000 Flags:00000010 [15 c2 ef]
==> 2df2:  JP NZ, 2defh        PC:2def AF:0002 BC:47c8 DE:0301 HL:499a SP:f789 IX:0000 IY:0000 Flags:00000010 [c2 ef 2d]
==> 2def:  LD (BC), A          PC:2df0 AF:0002 BC:47c8 DE:0301 HL:499a SP:f789 IX:0000 IY:0000 Flags:00000010 [02 03 15]
==> 2df0:  INC BC              PC:2df1 AF:0002 BC:47c9 DE:0301 HL:499a SP:f789 IX:0000 IY:0000 Flags:00000010 [03 15 c2]
==> 2df1:  DEC D               PC:2df2 AF:0002 BC:47c9 DE:0201 HL:499a SP:f789 IX:0000 IY:0000 Flags:00000010 [15 c2 ef]
==> 2df2:  JP NZ, 2defh        PC:2def AF:0002 BC:47c9 DE:0201 HL:499a SP:f789 IX:0000 IY:0000 Flags:00000010 [c2 ef 2d]
==> 2def:  LD (BC), A          PC:2df0 AF:0002 BC:47c9 DE:0201 HL:499a SP:f789 IX:0000 IY:0000 Flags:00000010 [02 03 15]
==> 2df0:  INC BC              PC:2df1 AF:0002 BC:47ca DE:0201 HL:499a SP:f789 IX:0000 IY:0000 Flags:00000010 [03 15 c2]
==> 2df1:  DEC D               PC:2df2 AF:0002 BC:47ca DE:0101 HL:499a SP:f789 IX:0000 IY:0000 Flags:00000010 [15 c2 ef]
==> 2df2:  JP NZ, 2defh        PC:2def AF:0002 BC:47ca DE:0101 HL:499a SP:f789 IX:0000 IY:0000 Flags:00000010 [c2 ef 2d]
==> 2def:  LD (BC), A          PC:2df0 AF:0002 BC:47ca DE:0101 HL:499a SP:f789 IX:0000 IY:0000 Flags:00000010 [02 03 15]
==> 2df0:  INC BC              PC:2df1 AF:0002 BC:47cb DE:0101 HL:499a SP:f789 IX:0000 IY:0000 Flags:00000010 [03 15 c2]
==> 2df1:  DEC D               PC:2df2 AF:0042 BC:47cb DE:0001 HL:499a SP:f789 IX:0000 IY:0000 Flags:01000010 [15 c2 ef]
==> 2df2:  JP NZ, 2defh        PC:2df5 AF:0042 BC:47cb DE:0001 HL:499a SP:f789 IX:0000 IY:0000 Flags:01000010 [c2 ef 2d]
==> 2df5:  RET                 PC:34ec AF:0042 BC:47cb DE:0001 HL:499a SP:f78b IX:0000 IY:0000 Flags:01000010 [c9 cd 80]
==> 34ec:  POP AF              PC:34ed AF:0102 BC:47cb DE:0001 HL:499a SP:f78d IX:0000 IY:0000 Flags:00000010 [f1 c1 3d]
==> 34ed:  POP BC              PC:34ee AF:0102 BC:2dbc DE:0001 HL:499a SP:f78f IX:0000 IY:0000 Flags:00000010 [c1 3d f2]
==> 34ee:  DEC A               PC:34ef AF:0042 BC:2dbc DE:0001 HL:499a SP:f78f IX:0000 IY:0000 Flags:01000010 [3d f2 e4]
==> 34ef:  JP P, 34e4h         PC:34e4 AF:0042 BC:2dbc DE:0001 HL:499a SP:f78f IX:0000 IY:0000 Flags:01000010 [f2 e4 34]
==> 34e4:  PUSH BC             PC:34e5 AF:0042 BC:2dbc DE:0001 HL:499a SP:f78d IX:0000 IY:0000 Flags:01000010 [c5 f5 11]
==> 34e5:  PUSH AF             PC:34e6 AF:0042 BC:2dbc DE:0001 HL:499a SP:f78b IX:0000 IY:0000 Flags:01000010 [f5 11 ec]
==> 34e6:  LD DE, 34ech        PC:34e9 AF:0042 BC:2dbc DE:34ec HL:499a SP:f78b IX:0000 IY:0000 Flags:01000010 [11 ec 34]
==> 34e9:  PUSH DE             PC:34ea AF:0042 BC:2dbc DE:34ec HL:499a SP:f789 IX:0000 IY:0000 Flags:01000010 [d5 c5 c9]
==> 34ea:  PUSH BC             PC:34eb AF:0042 BC:2dbc DE:34ec HL:499a SP:f787 IX:0000 IY:0000 Flags:01000010 [c5 c9 f1]
==> 34eb:  RET                 PC:2dbc AF:0042 BC:2dbc DE:34ec HL:499a SP:f789 IX:0000 IY:0000 Flags:01000010 [c9 f1 c1]
==> 2dbc:  CALL 3283h          PC:3283 AF:0042 BC:2dbc DE:34ec HL:499a SP:f787 IX:0000 IY:0000 Flags:01000010 [cd 83 32]
==> 3283:  LD E, A             PC:3284 AF:0042 BC:2dbc DE:3400 HL:499a SP:f787 IX:0000 IY:0000 Flags:01000010 [5f 3a 59]
==> 3284:  LD A, (0759h)       PC:3287 AF:0342 BC:2dbc DE:3400 HL:499a SP:f787 IX:0000 IY:0000 Flags:01000010 [3a 59 07]
==> 3287:  CP A, E             PC:3288 AF:0302 BC:2dbc DE:3400 HL:499a SP:f787 IX:0000 IY:0000 Flags:00000010 [bb da a7]
==> 3288:  JP C, 31a7h         PC:328b AF:0302 BC:2dbc DE:3400 HL:499a SP:f787 IX:0000 IY:0000 Flags:00000010 [da a7 31]
==> 328b:  LD D, 00h           PC:328d AF:0302 BC:2dbc DE:0000 HL:499a SP:f787 IX:0000 IY:0000 Flags:00000010 [16 00 e5]
==> 328d:  PUSH HL             PC:328e AF:0302 BC:2dbc DE:0000 HL:499a SP:f785 IX:0000 IY:0000 Flags:00000010 [e5 21 39]
==> 328e:  LD HL, 0739h        PC:3291 AF:0302 BC:2dbc DE:0000 HL:0739 SP:f785 IX:0000 IY:0000 Flags:00000010 [21 39 07]
==> 3291:  ADD HL, DE          PC:3292 AF:0300 BC:2dbc DE:0000 HL:0739 SP:f785 IX:0000 IY:0000 Flags:00000000 [19 19 4e]
==> 3292:  ADD HL, DE          PC:3293 AF:0300 BC:2dbc DE:0000 HL:0739 SP:f785 IX:0000 IY:0000 Flags:00000000 [19 4e 23]
==> 3293:  LD C, (HL)          PC:3294 AF:0300 BC:2dff DE:0000 HL:0739 SP:f785 IX:0000 IY:0000 Flags:00000000 [4e 23 46]
==> 3294:  INC HL              PC:3295 AF:0300 BC:2dff DE:0000 HL:073a SP:f785 IX:0000 IY:0000 Flags:00000000 [23 46 0a]
==> 3295:  LD B, (HL)          PC:3296 AF:0300 BC:46ff DE:0000 HL:073a SP:f785 IX:0000 IY:0000 Flags:00000000 [46 0a b7]
==> 3296:  LD A, (BC)          PC:3297 AF:0000 BC:46ff DE:0000 HL:073a SP:f785 IX:0000 IY:0000 Flags:00000000 [0a b7 e1]
==> 3297:  OR A, A             PC:3298 AF:0044 BC:46ff DE:0000 HL:073a SP:f785 IX:0000 IY:0000 Flags:01000100 [b7 e1 c9]
==> 3298:  POP HL              PC:3299 AF:0044 BC:46ff DE:0000 HL:499a SP:f787 IX:0000 IY:0000 Flags:01000100 [e1 c9 cd]
==> 3299:  RET                 PC:2dbf AF:0044 BC:46ff DE:0000 HL:499a SP:f789 IX:0000 IY:0000 Flags:01000100 [c9 cd 84]
==> 2dbf:  JP Z, 2dech         PC:2dec AF:0044 BC:46ff DE:0000 HL:499a SP:f789 IX:0000 IY:0000 Flags:01000100 [ca ec 2d]
==> 2dec:  LD D, 26h           PC:2dee AF:0044 BC:46ff DE:2600 HL:499a SP:f789 IX:0000 IY:0000 Flags:01000100 [16 26 af]
==> 2dee:  XOR A, A            PC:2def AF:0044 BC:46ff DE:2600 HL:499a SP:f789 IX:0000 IY:0000 Flags:01000100 [af 02 03]
==> 2def:  LD (BC), A          PC:2df0 AF:0044 BC:46ff DE:2600 HL:499a SP:f789 IX:0000 IY:0000 Flags:01000100 [02 03 15]
==> 2df0:  INC BC              PC:2df1 AF:0044 BC:4700 DE:2600 HL:499a SP:f789 IX:0000 IY:0000 Flags:01000100 [03 15 c2]
==> 2df1:  DEC D               PC:2df2 AF:0022 BC:4700 DE:2500 HL:499a SP:f789 IX:0000 IY:0000 Flags:00100010 [15 c2 ef]
==> 2df2:  JP NZ, 2defh        PC:2def AF:0022 BC:4700 DE:2500 HL:499a SP:f789 IX:0000 IY:0000 Flags:00100010 [c2 ef 2d]
==> 2def:  LD (BC), A          PC:2df0 AF:0022 BC:4700 DE:2500 HL:499a SP:f789 IX:0000 IY:0000 Flags:00100010 [02 03 15]
==> 2df0:  INC BC              PC:2df1 AF:0022 BC:4701 DE:2500 HL:499a SP:f789 IX:0000 IY:0000 Flags:00100010 [03 15 c2]
==> 2df1:  DEC D               PC:2df2 AF:0022 BC:4701 DE:2400 HL:499a SP:f789 IX:0000 IY:0000 Flags:00100010 [15 c2 ef]
==> 2df2:  JP NZ, 2defh        PC:2def AF:0022 BC:4701 DE:2400 HL:499a SP:f789 IX:0000 IY:0000 Flags:00100010 [c2 ef 2d]
==> 2def:  LD (BC), A          PC:2df0 AF:0022 BC:4701 DE:2400 HL:499a SP:f789 IX:0000 IY:0000 Flags:00100010 [02 03 15]
==> 2df0:  INC BC              PC:2df1 AF:0022 BC:4702 DE:2400 HL:499a SP:f789 IX:0000 IY:0000 Flags:00100010 [03 15 c2]
==> 2df1:  DEC D               PC:2df2 AF:0022 BC:4702 DE:2300 HL:499a SP:f789 IX:0000 IY:0000 Flags:00100010 [15 c2 ef]
==> 2df2:  JP NZ, 2defh        PC:2def AF:0022 BC:4702 DE:2300 HL:499a SP:f789 IX:0000 IY:0000 Flags:00100010 [c2 ef 2d]
==> 2def:  LD (BC), A          PC:2df0 AF:0022 BC:4702 DE:2300 HL:499a SP:f789 IX:0000 IY:0000 Flags:00100010 [02 03 15]
==> 2df0:  INC BC              PC:2df1 AF:0022 BC:4703 DE:2300 HL:499a SP:f789 IX:0000 IY:0000 Flags:00100010 [03 15 c2]
==> 2df1:  DEC D               PC:2df2 AF:0022 BC:4703 DE:2200 HL:499a SP:f789 IX:0000 IY:0000 Flags:00100010 [15 c2 ef]
==> 2df2:  JP NZ, 2defh        PC:2def AF:0022 BC:4703 DE:2200 HL:499a SP:f789 IX:0000 IY:0000 Flags:00100010 [c2 ef 2d]
==> 2def:  LD (BC), A          PC:2df0 AF:0022 BC:4703 DE:2200 HL:499a SP:f789 IX:0000 IY:0000 Flags:00100010 [02 03 15]
==> 2df0:  INC BC              PC:2df1 AF:0022 BC:4704 DE:2200 HL:499a SP:f789 IX:0000 IY:0000 Flags:00100010 [03 15 c2]
==> 2df1:  DEC D               PC:2df2 AF:0022 BC:4704 DE:2100 HL:499a SP:f789 IX:0000 IY:0000 Flags:00100010 [15 c2 ef]
==> 2df2:  JP NZ, 2defh        PC:2def AF:0022 BC:4704 DE:2100 HL:499a SP:f789 IX:0000 IY:0000 Flags:00100010 [c2 ef 2d]
==> 2def:  LD (BC), A          PC:2df0 AF:0022 BC:4704 DE:2100 HL:499a SP:f789 IX:0000 IY:0000 Flags:00100010 [02 03 15]
==> 2df0:  INC BC              PC:2df1 AF:0022 BC:4705 DE:2100 HL:499a SP:f789 IX:0000 IY:0000 Flags:00100010 [03 15 c2]
==> 2df1:  DEC D               PC:2df2 AF:0022 BC:4705 DE:2000 HL:499a SP:f789 IX:0000 IY:0000 Flags:00100010 [15 c2 ef]
==> 2df2:  JP NZ, 2defh        PC:2def AF:0022 BC:4705 DE:2000 HL:499a SP:f789 IX:0000 IY:0000 Flags:00100010 [c2 ef 2d]
==> 2def:  LD (BC), A          PC:2df0 AF:0022 BC:4705 DE:2000 HL:499a SP:f789 IX:0000 IY:0000 Flags:00100010 [02 03 15]
==> 2df0:  INC BC              PC:2df1 AF:0022 BC:4706 DE:2000 HL:499a SP:f789 IX:0000 IY:0000 Flags:00100010 [03 15 c2]
==> 2df1:  DEC D               PC:2df2 AF:001a BC:4706 DE:1f00 HL:499a SP:f789 IX:0000 IY:0000 Flags:00011010 [15 c2 ef]
==> 2df2:  JP NZ, 2defh        PC:2def AF:001a BC:4706 DE:1f00 HL:499a SP:f789 IX:0000 IY:0000 Flags:00011010 [c2 ef 2d]
==> 2def:  LD (BC), A          PC:2df0 AF:001a BC:4706 DE:1f00 HL:499a SP:f789 IX:0000 IY:0000 Flags:00011010 [02 03 15]
==> 2df0:  INC BC              PC:2df1 AF:001a BC:4707 DE:1f00 HL:499a SP:f789 IX:0000 IY:0000 Flags:00011010 [03 15 c2]
==> 2df1:  DEC D               PC:2df2 AF:000a BC:4707 DE:1e00 HL:499a SP:f789 IX:0000 IY:0000 Flags:00001010 [15 c2 ef]
==> 2df2:  JP NZ, 2defh        PC:2def AF:000a BC:4707 DE:1e00 HL:499a SP:f789 IX:0000 IY:0000 Flags:00001010 [c2 ef 2d]
==> 2def:  LD (BC), A          PC:2df0 AF:000a BC:4707 DE:1e00 HL:499a SP:f789 IX:0000 IY:0000 Flags:00001010 [02 03 15]
==> 2df0:  INC BC              PC:2df1 AF:000a BC:4708 DE:1e00 HL:499a SP:f789 IX:0000 IY:0000 Flags:00001010 [03 15 c2]
==> 2df1:  DEC D               PC:2df2 AF:000a BC:4708 DE:1d00 HL:499a SP:f789 IX:0000 IY:0000 Flags:00001010 [15 c2 ef]
==> 2df2:  JP NZ, 2defh        PC:2def AF:000a BC:4708 DE:1d00 HL:499a SP:f789 IX:0000 IY:0000 Flags:00001010 [c2 ef 2d]
==> 2def:  LD (BC), A          PC:2df0 AF:000a BC:4708 DE:1d00 HL:499a SP:f789 IX:0000 IY:0000 Flags:00001010 [02 03 15]
==> 2df0:  INC BC              PC:2df1 AF:000a BC:4709 DE:1d00 HL:499a SP:f789 IX:0000 IY:0000 Flags:00001010 [03 15 c2]
==> 2df1:  DEC D               PC:2df2 AF:000a BC:4709 DE:1c00 HL:499a SP:f789 IX:0000 IY:0000 Flags:00001010 [15 c2 ef]
==> 2df2:  JP NZ, 2defh        PC:2def AF:000a BC:4709 DE:1c00 HL:499a SP:f789 IX:0000 IY:0000 Flags:00001010 [c2 ef 2d]
==> 2def:  LD (BC), A          PC:2df0 AF:000a BC:4709 DE:1c00 HL:499a SP:f789 IX:0000 IY:0000 Flags:00001010 [02 03 15]
==> 2df0:  INC BC              PC:2df1 AF:000a BC:470a DE:1c00 HL:499a SP:f789 IX:0000 IY:0000 Flags:00001010 [03 15 c2]
==> 2df1:  DEC D               PC:2df2 AF:000a BC:470a DE:1b00 HL:499a SP:f789 IX:0000 IY:0000 Flags:00001010 [15 c2 ef]
==> 2df2:  JP NZ, 2defh        PC:2def AF:000a BC:470a DE:1b00 HL:499a SP:f789 IX:0000 IY:0000 Flags:00001010 [c2 ef 2d]
==> 2def:  LD (BC), A          PC:2df0 AF:000a BC:470a DE:1b00 HL:499a SP:f789 IX:0000 IY:0000 Flags:00001010 [02 03 15]
==> 2df0:  INC BC              PC:2df1 AF:000a BC:470b DE:1b00 HL:499a SP:f789 IX:0000 IY:0000 Flags:00001010 [03 15 c2]
==> 2df1:  DEC D               PC:2df2 AF:000a BC:470b DE:1a00 HL:499a SP:f789 IX:0000 IY:0000 Flags:00001010 [15 c2 ef]
==> 2df2:  JP NZ, 2defh        PC:2def AF:000a BC:470b DE:1a00 HL:499a SP:f789 IX:0000 IY:0000 Flags:00001010 [c2 ef 2d]
==> 2def:  LD (BC), A          PC:2df0 AF:000a BC:470b DE:1a00 HL:499a SP:f789 IX:0000 IY:0000 Flags:00001010 [02 03 15]
==> 2df0:  INC BC              PC:2df1 AF:000a BC:470c DE:1a00 HL:499a SP:f789 IX:0000 IY:0000 Flags:00001010 [03 15 c2]
==> 2df1:  DEC D               PC:2df2 AF:000a BC:470c DE:1900 HL:499a SP:f789 IX:0000 IY:0000 Flags:00001010 [15 c2 ef]
==> 2df2:  JP NZ, 2defh        PC:2def AF:000a BC:470c DE:1900 HL:499a SP:f789 IX:0000 IY:0000 Flags:00001010 [c2 ef 2d]
==> 2def:  LD (BC), A          PC:2df0 AF:000a BC:470c DE:1900 HL:499a SP:f789 IX:0000 IY:0000 Flags:00001010 [02 03 15]
==> 2df0:  INC BC              PC:2df1 AF:000a BC:470d DE:1900 HL:499a SP:f789 IX:0000 IY:0000 Flags:00001010 [03 15 c2]
==> 2df1:  DEC D               PC:2df2 AF:000a BC:470d DE:1800 HL:499a SP:f789 IX:0000 IY:0000 Flags:00001010 [15 c2 ef]
==> 2df2:  JP NZ, 2defh        PC:2def AF:000a BC:470d DE:1800 HL:499a SP:f789 IX:0000 IY:0000 Flags:00001010 [c2 ef 2d]
==> 2def:  LD (BC), A          PC:2df0 AF:000a BC:470d DE:1800 HL:499a SP:f789 IX:0000 IY:0000 Flags:00001010 [02 03 15]
==> 2df0:  INC BC              PC:2df1 AF:000a BC:470e DE:1800 HL:499a SP:f789 IX:0000 IY:0000 Flags:00001010 [03 15 c2]
==> 2df1:  DEC D               PC:2df2 AF:0002 BC:470e DE:1700 HL:499a SP:f789 IX:0000 IY:0000 Flags:00000010 [15 c2 ef]
==> 2df2:  JP NZ, 2defh        PC:2def AF:0002 BC:470e DE:1700 HL:499a SP:f789 IX:0000 IY:0000 Flags:00000010 [c2 ef 2d]
==> 2def:  LD (BC), A          PC:2df0 AF:0002 BC:470e DE:1700 HL:499a SP:f789 IX:0000 IY:0000 Flags:00000010 [02 03 15]
==> 2df0:  INC BC              PC:2df1 AF:0002 BC:470f DE:1700 HL:499a SP:f789 IX:0000 IY:0000 Flags:00000010 [03 15 c2]
==> 2df1:  DEC D               PC:2df2 AF:0002 BC:470f DE:1600 HL:499a SP:f789 IX:0000 IY:0000 Flags:00000010 [15 c2 ef]
==> 2df2:  JP NZ, 2defh        PC:2def AF:0002 BC:470f DE:1600 HL:499a SP:f789 IX:0000 IY:0000 Flags:00000010 [c2 ef 2d]
==> 2def:  LD (BC), A          PC:2df0 AF:0002 BC:470f DE:1600 HL:499a SP:f789 IX:0000 IY:0000 Flags:00000010 [02 03 15]
==> 2df0:  INC BC              PC:2df1 AF:0002 BC:4710 DE:1600 HL:499a SP:f789 IX:0000 IY:0000 Flags:00000010 [03 15 c2]
==> 2df1:  DEC D               PC:2df2 AF:0002 BC:4710 DE:1500 HL:499a SP:f789 IX:0000 IY:0000 Flags:00000010 [15 c2 ef]
==> 2df2:  JP NZ, 2defh        PC:2def AF:0002 BC:4710 DE:1500 HL:499a SP:f789 IX:0000 IY:0000 Flags:00000010 [c2 ef 2d]
==> 2def:  LD (BC), A          PC:2df0 AF:0002 BC:4710 DE:1500 HL:499a SP:f789 IX:0000 IY:0000 Flags:00000010 [02 03 15]
==> 2df0:  INC BC              PC:2df1 AF:0002 BC:4711 DE:1500 HL:499a SP:f789 IX:0000 IY:0000 Flags:00000010 [03 15 c2]
==> 2df1:  DEC D               PC:2df2 AF:0002 BC:4711 DE:1400 HL:499a SP:f789 IX:0000 IY:0000 Flags:00000010 [15 c2 ef]
==> 2df2:  JP NZ, 2defh        PC:2def AF:0002 BC:4711 DE:1400 HL:499a SP:f789 IX:0000 IY:0000 Flags:00000010 [c2 ef 2d]
==> 2def:  LD (BC), A          PC:2df0 AF:0002 BC:4711 DE:1400 HL:499a SP:f789 IX:0000 IY:0000 Flags:00000010 [02 03 15]
==> 2df0:  INC BC              PC:2df1 AF:0002 BC:4712 DE:1400 HL:499a SP:f789 IX:0000 IY:0000 Flags:00000010 [03 15 c2]
==> 2df1:  DEC D               PC:2df2 AF:0002 BC:4712 DE:1300 HL:499a SP:f789 IX:0000 IY:0000 Flags:00000010 [15 c2 ef]
==> 2df2:  JP NZ, 2defh        PC:2def AF:0002 BC:4712 DE:1300 HL:499a SP:f789 IX:0000 IY:0000 Flags:00000010 [c2 ef 2d]
==> 2def:  LD (BC), A          PC:2df0 AF:0002 BC:4712 DE:1300 HL:499a SP:f789 IX:0000 IY:0000 Flags:00000010 [02 03 15]
==> 2df0:  INC BC              PC:2df1 AF:0002 BC:4713 DE:1300 HL:499a SP:f789 IX:0000 IY:0000 Flags:00000010 [03 15 c2]
==> 2df1:  DEC D               PC:2df2 AF:0002 BC:4713 DE:1200 HL:499a SP:f789 IX:0000 IY:0000 Flags:00000010 [15 c2 ef]
==> 2df2:  JP NZ, 2defh        PC:2def AF:0002 BC:4713 DE:1200 HL:499a SP:f789 IX:0000 IY:0000 Flags:00000010 [c2 ef 2d]
==> 2def:  LD (BC), A          PC:2df0 AF:0002 BC:4713 DE:1200 HL:499a SP:f789 IX:0000 IY:0000 Flags:00000010 [02 03 15]
==> 2df0:  INC BC              PC:2df1 AF:0002 BC:4714 DE:1200 HL:499a SP:f789 IX:0000 IY:0000 Flags:00000010 [03 15 c2]
==> 2df1:  DEC D               PC:2df2 AF:0002 BC:4714 DE:1100 HL:499a SP:f789 IX:0000 IY:0000 Flags:00000010 [15 c2 ef]
==> 2df2:  JP NZ, 2defh        PC:2def AF:0002 BC:4714 DE:1100 HL:499a SP:f789 IX:0000 IY:0000 Flags:00000010 [c2 ef 2d]
==> 2def:  LD (BC), A          PC:2df0 AF:0002 BC:4714 DE:1100 HL:499a SP:f789 IX:0000 IY:0000 Flags:00000010 [02 03 15]
==> 2df0:  INC BC              PC:2df1 AF:0002 BC:4715 DE:1100 HL:499a SP:f789 IX:0000 IY:0000 Flags:00000010 [03 15 c2]
==> 2df1:  DEC D               PC:2df2 AF:0002 BC:4715 DE:1000 HL:499a SP:f789 IX:0000 IY:0000 Flags:00000010 [15 c2 ef]
==> 2df2:  JP NZ, 2defh        PC:2def AF:0002 BC:4715 DE:1000 HL:499a SP:f789 IX:0000 IY:0000 Flags:00000010 [c2 ef 2d]
==> 2def:  LD (BC), A          PC:2df0 AF:0002 BC:4715 DE:1000 HL:499a SP:f789 IX:0000 IY:0000 Flags:00000010 [02 03 15]
==> 2df0:  INC BC              PC:2df1 AF:0002 BC:4716 DE:1000 HL:499a SP:f789 IX:0000 IY:0000 Flags:00000010 [03 15 c2]
==> 2df1:  DEC D               PC:2df2 AF:001a BC:4716 DE:0f00 HL:499a SP:f789 IX:0000 IY:0000 Flags:00011010 [15 c2 ef]
==> 2df2:  JP NZ, 2defh        PC:2def AF:001a BC:4716 DE:0f00 HL:499a SP:f789 IX:0000 IY:0000 Flags:00011010 [c2 ef 2d]
==> 2def:  LD (BC), A          PC:2df0 AF:001a BC:4716 DE:0f00 HL:499a SP:f789 IX:0000 IY:0000 Flags:00011010 [02 03 15]
==> 2df0:  INC BC              PC:2df1 AF:001a BC:4717 DE:0f00 HL:499a SP:f789 IX:0000 IY:0000 Flags:00011010 [03 15 c2]
==> 2df1:  DEC D               PC:2df2 AF:000a BC:4717 DE:0e00 HL:499a SP:f789 IX:0000 IY:0000 Flags:00001010 [15 c2 ef]
==> 2df2:  JP NZ, 2defh        PC:2def AF:000a BC:4717 DE:0e00 HL:499a SP:f789 IX:0000 IY:0000 Flags:00001010 [c2 ef 2d]
==> 2def:  LD (BC), A          PC:2df0 AF:000a BC:4717 DE:0e00 HL:499a SP:f789 IX:0000 IY:0000 Flags:00001010 [02 03 15]
==> 2df0:  INC BC              PC:2df1 AF:000a BC:4718 DE:0e00 HL:499a SP:f789 IX:0000 IY:0000 Flags:00001010 [03 15 c2]
==> 2df1:  DEC D               PC:2df2 AF:000a BC:4718 DE:0d00 HL:499a SP:f789 IX:0000 IY:0000 Flags:00001010 [15 c2 ef]
==> 2df2:  JP NZ, 2defh        PC:2def AF:000a BC:4718 DE:0d00 HL:499a SP:f789 IX:0000 IY:0000 Flags:00001010 [c2 ef 2d]
==> 2def:  LD (BC), A          PC:2df0 AF:000a BC:4718 DE:0d00 HL:499a SP:f789 IX:0000 IY:0000 Flags:00001010 [02 03 15]
==> 2df0:  INC BC              PC:2df1 AF:000a BC:4719 DE:0d00 HL:499a SP:f789 IX:0000 IY:0000 Flags:00001010 [03 15 c2]
==> 2df1:  DEC D               PC:2df2 AF:000a BC:4719 DE:0c00 HL:499a SP:f789 IX:0000 IY:0000 Flags:00001010 [15 c2 ef]
==> 2df2:  JP NZ, 2defh        PC:2def AF:000a BC:4719 DE:0c00 HL:499a SP:f789 IX:0000 IY:0000 Flags:00001010 [c2 ef 2d]
==> 2def:  LD (BC), A          PC:2df0 AF:000a BC:4719 DE:0c00 HL:499a SP:f789 IX:0000 IY:0000 Flags:00001010 [02 03 15]
==> 2df0:  INC BC              PC:2df1 AF:000a BC:471a DE:0c00 HL:499a SP:f789 IX:0000 IY:0000 Flags:00001010 [03 15 c2]
==> 2df1:  DEC D               PC:2df2 AF:000a BC:471a DE:0b00 HL:499a SP:f789 IX:0000 IY:0000 Flags:00001010 [15 c2 ef]
==> 2df2:  JP NZ, 2defh        PC:2def AF:000a BC:471a DE:0b00 HL:499a SP:f789 IX:0000 IY:0000 Flags:00001010 [c2 ef 2d]
==> 2def:  LD (BC), A          PC:2df0 AF:000a BC:471a DE:0b00 HL:499a SP:f789 IX:0000 IY:0000 Flags:00001010 [02 03 15]
==> 2df0:  INC BC              PC:2df1 AF:000a BC:471b DE:0b00 HL:499a SP:f789 IX:0000 IY:0000 Flags:00001010 [03 15 c2]
==> 2df1:  DEC D               PC:2df2 AF:000a BC:471b DE:0a00 HL:499a SP:f789 IX:0000 IY:0000 Flags:00001010 [15 c2 ef]
==> 2df2:  JP NZ, 2defh        PC:2def AF:000a BC:471b DE:0a00 HL:499a SP:f789 IX:0000 IY:0000 Flags:00001010 [c2 ef 2d]
==> 2def:  LD (BC), A          PC:2df0 AF:000a BC:471b DE:0a00 HL:499a SP:f789 IX:0000 IY:0000 Flags:00001010 [02 03 15]
==> 2df0:  INC BC              PC:2df1 AF:000a BC:471c DE:0a00 HL:499a SP:f789 IX:0000 IY:0000 Flags:00001010 [03 15 c2]
==> 2df1:  DEC D               PC:2df2 AF:000a BC:471c DE:0900 HL:499a SP:f789 IX:0000 IY:0000 Flags:00001010 [15 c2 ef]
==> 2df2:  JP NZ, 2defh        PC:2def AF:000a BC:471c DE:0900 HL:499a SP:f789 IX:0000 IY:0000 Flags:00001010 [c2 ef 2d]
==> 2def:  LD (BC), A          PC:2df0 AF:000a BC:471c DE:0900 HL:499a SP:f789 IX:0000 IY:0000 Flags:00001010 [02 03 15]
==> 2df0:  INC BC              PC:2df1 AF:000a BC:471d DE:0900 HL:499a SP:f789 IX:0000 IY:0000 Flags:00001010 [03 15 c2]
==> 2df1:  DEC D               PC:2df2 AF:000a BC:471d DE:0800 HL:499a SP:f789 IX:0000 IY:0000 Flags:00001010 [15 c2 ef]
==> 2df2:  JP NZ, 2defh        PC:2def AF:000a BC:471d DE:0800 HL:499a SP:f789 IX:0000 IY:0000 Flags:00001010 [c2 ef 2d]
==> 2def:  LD (BC), A          PC:2df0 AF:000a BC:471d DE:0800 HL:499a SP:f789 IX:0000 IY:0000 Flags:00001010 [02 03 15]
==> 2df0:  INC BC              PC:2df1 AF:000a BC:471e DE:0800 HL:499a SP:f789 IX:0000 IY:0000 Flags:00001010 [03 15 c2]
==> 2df1:  DEC D               PC:2df2 AF:0002 BC:471e DE:0700 HL:499a SP:f789 IX:0000 IY:0000 Flags:00000010 [15 c2 ef]
==> 2df2:  JP NZ, 2defh        PC:2def AF:0002 BC:471e DE:0700 HL:499a SP:f789 IX:0000 IY:0000 Flags:00000010 [c2 ef 2d]
==> 2def:  LD (BC), A          PC:2df0 AF:0002 BC:471e DE:0700 HL:499a SP:f789 IX:0000 IY:0000 Flags:00000010 [02 03 15]
==> 2df0:  INC BC              PC:2df1 AF:0002 BC:471f DE:0700 HL:499a SP:f789 IX:0000 IY:0000 Flags:00000010 [03 15 c2]
==> 2df1:  DEC D               PC:2df2 AF:0002 BC:471f DE:0600 HL:499a SP:f789 IX:0000 IY:0000 Flags:00000010 [15 c2 ef]
==> 2df2:  JP NZ, 2defh        PC:2def AF:0002 BC:471f DE:0600 HL:499a SP:f789 IX:0000 IY:0000 Flags:00000010 [c2 ef 2d]
==> 2def:  LD (BC), A          PC:2df0 AF:0002 BC:471f DE:0600 HL:499a SP:f789 IX:0000 IY:0000 Flags:00000010 [02 03 15]
==> 2df0:  INC BC              PC:2df1 AF:0002 BC:4720 DE:0600 HL:499a SP:f789 IX:0000 IY:0000 Flags:00000010 [03 15 c2]
==> 2df1:  DEC D               PC:2df2 AF:0002 BC:4720 DE:0500 HL:499a SP:f789 IX:0000 IY:0000 Flags:00000010 [15 c2 ef]
==> 2df2:  JP NZ, 2defh        PC:2def AF:0002 BC:4720 DE:0500 HL:499a SP:f789 IX:0000 IY:0000 Flags:00000010 [c2 ef 2d]
==> 2def:  LD (BC), A          PC:2df0 AF:0002 BC:4720 DE:0500 HL:499a SP:f789 IX:0000 IY:0000 Flags:00000010 [02 03 15]
==> 2df0:  INC BC              PC:2df1 AF:0002 BC:4721 DE:0500 HL:499a SP:f789 IX:0000 IY:0000 Flags:00000010 [03 15 c2]
==> 2df1:  DEC D               PC:2df2 AF:0002 BC:4721 DE:0400 HL:499a SP:f789 IX:0000 IY:0000 Flags:00000010 [15 c2 ef]
==> 2df2:  JP NZ, 2defh        PC:2def AF:0002 BC:4721 DE:0400 HL:499a SP:f789 IX:0000 IY:0000 Flags:00000010 [c2 ef 2d]
==> 2def:  LD (BC), A          PC:2df0 AF:0002 BC:4721 DE:0400 HL:499a SP:f789 IX:0000 IY:0000 Flags:00000010 [02 03 15]
==> 2df0:  INC BC              PC:2df1 AF:0002 BC:4722 DE:0400 HL:499a SP:f789 IX:0000 IY:0000 Flags:00000010 [03 15 c2]
==> 2df1:  DEC D               PC:2df2 AF:0002 BC:4722 DE:0300 HL:499a SP:f789 IX:0000 IY:0000 Flags:00000010 [15 c2 ef]
==> 2df2:  JP NZ, 2defh        PC:2def AF:0002 BC:4722 DE:0300 HL:499a SP:f789 IX:0000 IY:0000 Flags:00000010 [c2 ef 2d]
==> 2def:  LD (BC), A          PC:2df0 AF:0002 BC:4722 DE:0300 HL:499a SP:f789 IX:0000 IY:0000 Flags:00000010 [02 03 15]
==> 2df0:  INC BC              PC:2df1 AF:0002 BC:4723 DE:0300 HL:499a SP:f789 IX:0000 IY:0000 Flags:00000010 [03 15 c2]
==> 2df1:  DEC D               PC:2df2 AF:0002 BC:4723 DE:0200 HL:499a SP:f789 IX:0000 IY:0000 Flags:00000010 [15 c2 ef]
==> 2df2:  JP NZ, 2defh        PC:2def AF:0002 BC:4723 DE:0200 HL:499a SP:f789 IX:0000 IY:0000 Flags:00000010 [c2 ef 2d]
==> 2def:  LD (BC), A          PC:2df0 AF:0002 BC:4723 DE:0200 HL:499a SP:f789 IX:0000 IY:0000 Flags:00000010 [02 03 15]
==> 2df0:  INC BC              PC:2df1 AF:0002 BC:4724 DE:0200 HL:499a SP:f789 IX:0000 IY:0000 Flags:00000010 [03 15 c2]
==> 2df1:  DEC D               PC:2df2 AF:0002 BC:4724 DE:0100 HL:499a SP:f789 IX:0000 IY:0000 Flags:00000010 [15 c2 ef]
==> 2df2:  JP NZ, 2defh        PC:2def AF:0002 BC:4724 DE:0100 HL:499a SP:f789 IX:0000 IY:0000 Flags:00000010 [c2 ef 2d]
==> 2def:  LD (BC), A          PC:2df0 AF:0002 BC:4724 DE:0100 HL:499a SP:f789 IX:0000 IY:0000 Flags:00000010 [02 03 15]
==> 2df0:  INC BC              PC:2df1 AF:0002 BC:4725 DE:0100 HL:499a SP:f789 IX:0000 IY:0000 Flags:00000010 [03 15 c2]
==> 2df1:  DEC D               PC:2df2 AF:0042 BC:4725 DE:0000 HL:499a SP:f789 IX:0000 IY:0000 Flags:01000010 [15 c2 ef]
==> 2df2:  JP NZ, 2defh        PC:2df5 AF:0042 BC:4725 DE:0000 HL:499a SP:f789 IX:0000 IY:0000 Flags:01000010 [c2 ef 2d]
==> 2df5:  RET                 PC:34ec AF:0042 BC:4725 DE:0000 HL:499a SP:f78b IX:0000 IY:0000 Flags:01000010 [c9 cd 80]
==> 34ec:  POP AF              PC:34ed AF:0042 BC:4725 DE:0000 HL:499a SP:f78d IX:0000 IY:0000 Flags:01000010 [f1 c1 3d]
==> 34ed:  POP BC              PC:34ee AF:0042 BC:2dbc DE:0000 HL:499a SP:f78f IX:0000 IY:0000 Flags:01000010 [c1 3d f2]
==> 34ee:  DEC A               PC:34ef AF:ffba BC:2dbc DE:0000 HL:499a SP:f78f IX:0000 IY:0000 Flags:10111010 [3d f2 e4]
==> 34ef:  JP P, 34e4h         PC:34f2 AF:ffba BC:2dbc DE:0000 HL:499a SP:f78f IX:0000 IY:0000 Flags:10111010 [f2 e4 34]
==> 34f2:  POP HL              PC:34f3 AF:ffba BC:2dbc DE:0000 HL:499a SP:f791 IX:0000 IY:0000 Flags:10111010 [e1 c9 c1]
==> 34f3:  RET                 PC:350e AF:ffba BC:2dbc DE:0000 HL:499a SP:f793 IX:0000 IY:0000 Flags:10111010 [c9 c1 e1]
==> 350e:  POP BC              PC:350f AF:ffba BC:00bf DE:0000 HL:499a SP:f795 IX:0000 IY:0000 Flags:10111010 [c1 d1 af]
==> 350f:  POP DE              PC:3510 AF:ffba BC:00bf DE:4997 HL:499a SP:f797 IX:0000 IY:0000 Flags:10111010 [d1 af c9]
==> 3510:  XOR A, A            PC:3511 AF:0044 BC:00bf DE:4997 HL:499a SP:f797 IX:0000 IY:0000 Flags:01000100 [af c9 cd]
==> 3511:  RET                 PC:0d75 AF:0044 BC:00bf DE:4997 HL:499a SP:f799 IX:0000 IY:0000 Flags:01000100 [c9 cd 74]
==> 0d75:  POP BC              PC:0d76 AF:0044 BC:46ee DE:4997 HL:499a SP:f79b IX:0000 IY:0000 Flags:01000100 [c1 2a 2b]
==> 0d76:  LD HL, (072bh)      PC:0d79 AF:0044 BC:46ee DE:4997 HL:f79b SP:f79b IX:0000 IY:0000 Flags:01000100 [2a 2b 07]
==> 0d79:  DEC HL              PC:0d7a AF:0044 BC:46ee DE:4997 HL:f79a SP:f79b IX:0000 IY:0000 Flags:01000100 [2b 2b 22]
==> 0d7a:  DEC HL              PC:0d7b AF:0044 BC:46ee DE:4997 HL:f799 SP:f79b IX:0000 IY:0000 Flags:01000100 [2b 22 17]
==> 0d7b:  LD (0a17h), HL      PC:0d7e AF:0044 BC:46ee DE:4997 HL:f799 SP:f79b IX:0000 IY:0000 Flags:01000100 [22 17 0a]
==> 0d7e:  INC HL              PC:0d7f AF:0044 BC:46ee DE:4997 HL:f79a SP:f79b IX:0000 IY:0000 Flags:01000100 [23 23 f9]
==> 0d7f:  INC HL              PC:0d80 AF:0044 BC:46ee DE:4997 HL:f79b SP:f79b IX:0000 IY:0000 Flags:01000100 [23 f9 21]
==> 0d80:  LD SP, HL           PC:0d81 AF:0044 BC:46ee DE:4997 HL:f79b SP:f79b IX:0000 IY:0000 Flags:01000100 [f9 21 e4]
==> 0d81:  LD HL, 09e4h        PC:0d84 AF:0044 BC:46ee DE:4997 HL:09e4 SP:f79b IX:0000 IY:0000 Flags:01000100 [21 e4 09]
==> 0d84:  LD (09e2h), HL      PC:0d87 AF:0044 BC:46ee DE:4997 HL:09e4 SP:f79b IX:0000 IY:0000 Flags:01000100 [22 e2 09]
==> 0d87:  CALL 1111h          PC:1111 AF:0044 BC:46ee DE:4997 HL:09e4 SP:f799 IX:0000 IY:0000 Flags:01000100 [cd 11 11]
==> 1111:  XOR A, A            PC:1112 AF:0044 BC:46ee DE:4997 HL:09e4 SP:f799 IX:0000 IY:0000 Flags:01000100 [af 32 26]
==> 1112:  LD (0726h), A       PC:1115 AF:0044 BC:46ee DE:4997 HL:09e4 SP:f799 IX:0000 IY:0000 Flags:01000100 [32 26 07]
==> 1115:  LD A, (0725h)       PC:1118 AF:0044 BC:46ee DE:4997 HL:09e4 SP:f799 IX:0000 IY:0000 Flags:01000100 [3a 25 07]
==> 1118:  OR A, A             PC:1119 AF:0044 BC:46ee DE:4997 HL:09e4 SP:f799 IX:0000 IY:0000 Flags:01000100 [b7 c8 3e]
==> 1119:  RET Z               PC:0d8a AF:0044 BC:46ee DE:4997 HL:09e4 SP:f79b IX:0000 IY:0000 Flags:01000100 [c8 3e 0d]
==> 0d8a:  CALL 1886h          PC:1886 AF:0044 BC:46ee DE:4997 HL:09e4 SP:f799 IX:0000 IY:0000 Flags:01000100 [cd 86 18]
==> 1886:  XOR A, A            PC:1887 AF:0044 BC:46ee DE:4997 HL:09e4 SP:f799 IX:0000 IY:0000 Flags:01000100 [af 32 26]
==> 1887:  LD (0726h), A       PC:188a AF:0044 BC:46ee DE:4997 HL:09e4 SP:f799 IX:0000 IY:0000 Flags:01000100 [32 26 07]
==> 188a:  PUSH HL             PC:188b AF:0044 BC:46ee DE:4997 HL:09e4 SP:f797 IX:0000 IY:0000 Flags:01000100 [e5 67 6f]
==> 188b:  LD H, A             PC:188c AF:0044 BC:46ee DE:4997 HL:00e4 SP:f797 IX:0000 IY:0000 Flags:01000100 [67 6f 22]
==> 188c:  LD L, A             PC:188d AF:0044 BC:46ee DE:4997 HL:0000 SP:f797 IX:0000 IY:0000 Flags:01000100 [6f 22 35]
==> 188d:  LD (0735h), HL      PC:1890 AF:0044 BC:46ee DE:4997 HL:0000 SP:f797 IX:0000 IY:0000 Flags:01000100 [22 35 07]
==> 1890:  POP HL              PC:1891 AF:0044 BC:46ee DE:4997 HL:09e4 SP:f799 IX:0000 IY:0000 Flags:01000100 [e1 c9 cd]
==> 1891:  RET                 PC:0d8d AF:0044 BC:46ee DE:4997 HL:09e4 SP:f79b IX:0000 IY:0000 Flags:01000100 [c9 cd ba]
==> 0d8d:  XOR A, A            PC:0d8e AF:0044 BC:46ee DE:4997 HL:09e4 SP:f79b IX:0000 IY:0000 Flags:01000100 [af 67 6f]
==> 0d8e:  LD H, A             PC:0d8f AF:0044 BC:46ee DE:4997 HL:00e4 SP:f79b IX:0000 IY:0000 Flags:01000100 [67 6f 32]
==> 0d8f:  LD L, A             PC:0d90 AF:0044 BC:46ee DE:4997 HL:0000 SP:f79b IX:0000 IY:0000 Flags:01000100 [6f 32 0b]
==> 0d90:  LD (0a0bh), A       PC:0d93 AF:0044 BC:46ee DE:4997 HL:0000 SP:f79b IX:0000 IY:0000 Flags:01000100 [32 0b 0a]
==> 0d93:  PUSH HL             PC:0d94 AF:0044 BC:46ee DE:4997 HL:0000 SP:f799 IX:0000 IY:0000 Flags:01000100 [e5 c5 2a]
==> 0d94:  PUSH BC             PC:0d95 AF:0044 BC:46ee DE:4997 HL:0000 SP:f797 IX:0000 IY:0000 Flags:01000100 [c5 2a 0d]
==> 0d95:  LD HL, (0a0dh)      PC:0d98 AF:0044 BC:46ee DE:4997 HL:4997 SP:f797 IX:0000 IY:0000 Flags:01000100 [2a 0d 0a]
==> 0d98:  RET                 PC:46ee AF:0044 BC:46ee DE:4997 HL:4997 SP:f799 IX:0000 IY:0000 Flags:01000100 [c9 3e 3f]
==> 46ee:  LD HL, (072fh)      PC:46f1 AF:0044 BC:46ee DE:4997 HL:4998 SP:f799 IX:0000 IY:0000 Flags:01000100 [2a 2f 07]
==> 46f1:  DEC HL              PC:46f2 AF:0044 BC:46ee DE:4997 HL:4997 SP:f799 IX:0000 IY:0000 Flags:01000100 [2b 36 00]
==> 46f2:  LD (HL), 00h        PC:46f4 AF:0044 BC:46ee DE:4997 HL:4997 SP:f799 IX:0000 IY:0000 Flags:01000100 [36 00 2a]
==> 46f4:  LD HL, (075ah)      PC:46f7 AF:0044 BC:46ee DE:4997 HL:0080 SP:f799 IX:0000 IY:0000 Flags:01000100 [2a 5a 07]
==> 46f7:  LD A, (HL)          PC:46f8 AF:0044 BC:46ee DE:4997 HL:0080 SP:f799 IX:0000 IY:0000 Flags:01000100 [7e b7 c2]
==> 46f8:  OR A, A             PC:46f9 AF:0044 BC:46ee DE:4997 HL:0080 SP:f799 IX:0000 IY:0000 Flags:01000100 [b7 c2 cf]
==> 46f9:  JP NZ, 33cfh        PC:46fc AF:0044 BC:46ee DE:4997 HL:0080 SP:f799 IX:0000 IY:0000 Flags:01000100 [c2 cf 33]
==> 46fc:  JP 0ba2h            PC:0ba2 AF:0044 BC:46ee DE:4997 HL:0080 SP:f799 IX:0000 IY:0000 Flags:01000100 [c3 a2 0b]
==> 0ba2:  CALL 1111h          PC:1111 AF:0044 BC:46ee DE:4997 HL:0080 SP:f797 IX:0000 IY:0000 Flags:01000100 [cd 11 11]
==> 1111:  XOR A, A            PC:1112 AF:0044 BC:46ee DE:4997 HL:0080 SP:f797 IX:0000 IY:0000 Flags:01000100 [af 32 26]
==> 1112:  LD (0726h), A       PC:1115 AF:0044 BC:46ee DE:4997 HL:0080 SP:f797 IX:0000 IY:0000 Flags:01000100 [32 26 07]
==> 1115:  LD A, (0725h)       PC:1118 AF:0044 BC:46ee DE:4997 HL:0080 SP:f797 IX:0000 IY:0000 Flags:01000100 [3a 25 07]
==> 1118:  OR A, A             PC:1119 AF:0044 BC:46ee DE:4997 HL:0080 SP:f797 IX:0000 IY:0000 Flags:01000100 [b7 c8 3e]
==> 1119:  RET Z               PC:0ba5 AF:0044 BC:46ee DE:4997 HL:0080 SP:f799 IX:0000 IY:0000 Flags:01000100 [c8 3e 0d]
==> 0ba5:  XOR A, A            PC:0ba6 AF:0044 BC:46ee DE:4997 HL:0080 SP:f799 IX:0000 IY:0000 Flags:01000100 [af 32 2a]
==> 0ba6:  LD (072ah), A       PC:0ba9 AF:0044 BC:46ee DE:4997 HL:0080 SP:f799 IX:0000 IY:0000 Flags:01000100 [32 2a 07]
==> 0ba9:  CALL 3458h          PC:3458 AF:0044 BC:46ee DE:4997 HL:0080 SP:f797 IX:0000 IY:0000 Flags:01000100 [cd 58 34]
==> 3458:  CALL 1886h          PC:1886 AF:0044 BC:46ee DE:4997 HL:0080 SP:f795 IX:0000 IY:0000 Flags:01000100 [cd 86 18]
==> 1886:  XOR A, A            PC:1887 AF:0044 BC:46ee DE:4997 HL:0080 SP:f795 IX:0000 IY:0000 Flags:01000100 [af 32 26]
==> 1887:  LD (0726h), A       PC:188a AF:0044 BC:46ee DE:4997 HL:0080 SP:f795 IX:0000 IY:0000 Flags:01000100 [32 26 07]
==> 188a:  PUSH HL             PC:188b AF:0044 BC:46ee DE:4997 HL:0080 SP:f793 IX:0000 IY:0000 Flags:01000100 [e5 67 6f]
==> 188b:  LD H, A             PC:188c AF:0044 BC:46ee DE:4997 HL:0080 SP:f793 IX:0000 IY:0000 Flags:01000100 [67 6f 22]
==> 188c:  LD L, A             PC:188d AF:0044 BC:46ee DE:4997 HL:0000 SP:f793 IX:0000 IY:0000 Flags:01000100 [6f 22 35]
==> 188d:  LD (0735h), HL      PC:1890 AF:0044 BC:46ee DE:4997 HL:0000 SP:f793 IX:0000 IY:0000 Flags:01000100 [22 35 07]
==> 1890:  POP HL              PC:1891 AF:0044 BC:46ee DE:4997 HL:0080 SP:f795 IX:0000 IY:0000 Flags:01000100 [e1 c9 cd]
==> 1891:  RET                 PC:345b AF:0044 BC:46ee DE:4997 HL:0080 SP:f797 IX:0000 IY:0000 Flags:01000100 [c9 cd ba]
==> 345b:  CALL 2dbch          PC:2dbc AF:0044 BC:46ee DE:4997 HL:0080 SP:f795 IX:0000 IY:0000 Flags:01000100 [cd bc 2d]
==> 2dbc:  CALL 3283h          PC:3283 AF:0044 BC:46ee DE:4997 HL:0080 SP:f793 IX:0000 IY:0000 Flags:01000100 [cd 83 32]
==> 3283:  LD E, A             PC:3284 AF:0044 BC:46ee DE:4900 HL:0080 SP:f793 IX:0000 IY:0000 Flags:01000100 [5f 3a 59]
==> 3284:  LD A, (0759h)       PC:3287 AF:0344 BC:46ee DE:4900 HL:0080 SP:f793 IX:0000 IY:0000 Flags:01000100 [3a 59 07]
==> 3287:  CP A, E             PC:3288 AF:0302 BC:46ee DE:4900 HL:0080 SP:f793 IX:0000 IY:0000 Flags:00000010 [bb da a7]
==> 3288:  JP C, 31a7h         PC:328b AF:0302 BC:46ee DE:4900 HL:0080 SP:f793 IX:0000 IY:0000 Flags:00000010 [da a7 31]
==> 328b:  LD D, 00h           PC:328d AF:0302 BC:46ee DE:0000 HL:0080 SP:f793 IX:0000 IY:0000 Flags:00000010 [16 00 e5]
==> 328d:  PUSH HL             PC:328e AF:0302 BC:46ee DE:0000 HL:0080 SP:f791 IX:0000 IY:0000 Flags:00000010 [e5 21 39]
==> 328e:  LD HL, 0739h        PC:3291 AF:0302 BC:46ee DE:0000 HL:0739 SP:f791 IX:0000 IY:0000 Flags:00000010 [21 39 07]
==> 3291:  ADD HL, DE          PC:3292 AF:0300 BC:46ee DE:0000 HL:0739 SP:f791 IX:0000 IY:0000 Flags:00000000 [19 19 4e]
==> 3292:  ADD HL, DE          PC:3293 AF:0300 BC:46ee DE:0000 HL:0739 SP:f791 IX:0000 IY:0000 Flags:00000000 [19 4e 23]
==> 3293:  LD C, (HL)          PC:3294 AF:0300 BC:46ff DE:0000 HL:0739 SP:f791 IX:0000 IY:0000 Flags:00000000 [4e 23 46]
==> 3294:  INC HL              PC:3295 AF:0300 BC:46ff DE:0000 HL:073a SP:f791 IX:0000 IY:0000 Flags:00000000 [23 46 0a]
==> 3295:  LD B, (HL)          PC:3296 AF:0300 BC:46ff DE:0000 HL:073a SP:f791 IX:0000 IY:0000 Flags:00000000 [46 0a b7]
==> 3296:  LD A, (BC)          PC:3297 AF:0000 BC:46ff DE:0000 HL:073a SP:f791 IX:0000 IY:0000 Flags:00000000 [0a b7 e1]
==> 3297:  OR A, A             PC:3298 AF:0044 BC:46ff DE:0000 HL:073a SP:f791 IX:0000 IY:0000 Flags:01000100 [b7 e1 c9]
==> 3298:  POP HL              PC:3299 AF:0044 BC:46ff DE:0000 HL:0080 SP:f793 IX:0000 IY:0000 Flags:01000100 [e1 c9 cd]
==> 3299:  RET                 PC:2dbf AF:0044 BC:46ff DE:0000 HL:0080 SP:f795 IX:0000 IY:0000 Flags:01000100 [c9 cd 84]
==> 2dbf:  JP Z, 2dech         PC:2dec AF:0044 BC:46ff DE:0000 HL:0080 SP:f795 IX:0000 IY:0000 Flags:01000100 [ca ec 2d]
==> 2dec:  LD D, 26h           PC:2dee AF:0044 BC:46ff DE:2600 HL:0080 SP:f795 IX:0000 IY:0000 Flags:01000100 [16 26 af]
==> 2dee:  XOR A, A            PC:2def AF:0044 BC:46ff DE:2600 HL:0080 SP:f795 IX:0000 IY:0000 Flags:01000100 [af 02 03]
==> 2def:  LD (BC), A          PC:2df0 AF:0044 BC:46ff DE:2600 HL:0080 SP:f795 IX:0000 IY:0000 Flags:01000100 [02 03 15]
==> 2df0:  INC BC              PC:2df1 AF:0044 BC:4700 DE:2600 HL:0080 SP:f795 IX:0000 IY:0000 Flags:01000100 [03 15 c2]
==> 2df1:  DEC D               PC:2df2 AF:0022 BC:4700 DE:2500 HL:0080 SP:f795 IX:0000 IY:0000 Flags:00100010 [15 c2 ef]
==> 2df2:  JP NZ, 2defh        PC:2def AF:0022 BC:4700 DE:2500 HL:0080 SP:f795 IX:0000 IY:0000 Flags:00100010 [c2 ef 2d]
==> 2def:  LD (BC), A          PC:2df0 AF:0022 BC:4700 DE:2500 HL:0080 SP:f795 IX:0000 IY:0000 Flags:00100010 [02 03 15]
==> 2df0:  INC BC              PC:2df1 AF:0022 BC:4701 DE:2500 HL:0080 SP:f795 IX:0000 IY:0000 Flags:00100010 [03 15 c2]
==> 2df1:  DEC D               PC:2df2 AF:0022 BC:4701 DE:2400 HL:0080 SP:f795 IX:0000 IY:0000 Flags:00100010 [15 c2 ef]
==> 2df2:  JP NZ, 2defh        PC:2def AF:0022 BC:4701 DE:2400 HL:0080 SP:f795 IX:0000 IY:0000 Flags:00100010 [c2 ef 2d]
==> 2def:  LD (BC), A          PC:2df0 AF:0022 BC:4701 DE:2400 HL:0080 SP:f795 IX:0000 IY:0000 Flags:00100010 [02 03 15]
==> 2df0:  INC BC              PC:2df1 AF:0022 BC:4702 DE:2400 HL:0080 SP:f795 IX:0000 IY:0000 Flags:00100010 [03 15 c2]
==> 2df1:  DEC D               PC:2df2 AF:0022 BC:4702 DE:2300 HL:0080 SP:f795 IX:0000 IY:0000 Flags:00100010 [15 c2 ef]
==> 2df2:  JP NZ, 2defh        PC:2def AF:0022 BC:4702 DE:2300 HL:0080 SP:f795 IX:0000 IY:0000 Flags:00100010 [c2 ef 2d]
==> 2def:  LD (BC), A          PC:2df0 AF:0022 BC:4702 DE:2300 HL:0080 SP:f795 IX:0000 IY:0000 Flags:00100010 [02 03 15]
==> 2df0:  INC BC              PC:2df1 AF:0022 BC:4703 DE:2300 HL:0080 SP:f795 IX:0000 IY:0000 Flags:00100010 [03 15 c2]
==> 2df1:  DEC D               PC:2df2 AF:0022 BC:4703 DE:2200 HL:0080 SP:f795 IX:0000 IY:0000 Flags:00100010 [15 c2 ef]
==> 2df2:  JP NZ, 2defh        PC:2def AF:0022 BC:4703 DE:2200 HL:0080 SP:f795 IX:0000 IY:0000 Flags:00100010 [c2 ef 2d]
==> 2def:  LD (BC), A          PC:2df0 AF:0022 BC:4703 DE:2200 HL:0080 SP:f795 IX:0000 IY:0000 Flags:00100010 [02 03 15]
==> 2df0:  INC BC              PC:2df1 AF:0022 BC:4704 DE:2200 HL:0080 SP:f795 IX:0000 IY:0000 Flags:00100010 [03 15 c2]
==> 2df1:  DEC D               PC:2df2 AF:0022 BC:4704 DE:2100 HL:0080 SP:f795 IX:0000 IY:0000 Flags:00100010 [15 c2 ef]
==> 2df2:  JP NZ, 2defh        PC:2def AF:0022 BC:4704 DE:2100 HL:0080 SP:f795 IX:0000 IY:0000 Flags:00100010 [c2 ef 2d]
==> 2def:  LD (BC), A          PC:2df0 AF:0022 BC:4704 DE:2100 HL:0080 SP:f795 IX:0000 IY:0000 Flags:00100010 [02 03 15]
==> 2df0:  INC BC              PC:2df1 AF:0022 BC:4705 DE:2100 HL:0080 SP:f795 IX:0000 IY:0000 Flags:00100010 [03 15 c2]
==> 2df1:  DEC D               PC:2df2 AF:0022 BC:4705 DE:2000 HL:0080 SP:f795 IX:0000 IY:0000 Flags:00100010 [15 c2 ef]
==> 2df2:  JP NZ, 2defh        PC:2def AF:0022 BC:4705 DE:2000 HL:0080 SP:f795 IX:0000 IY:0000 Flags:00100010 [c2 ef 2d]
==> 2def:  LD (BC), A          PC:2df0 AF:0022 BC:4705 DE:2000 HL:0080 SP:f795 IX:0000 IY:0000 Flags:00100010 [02 03 15]
==> 2df0:  INC BC              PC:2df1 AF:0022 BC:4706 DE:2000 HL:0080 SP:f795 IX:0000 IY:0000 Flags:00100010 [03 15 c2]
==> 2df1:  DEC D               PC:2df2 AF:001a BC:4706 DE:1f00 HL:0080 SP:f795 IX:0000 IY:0000 Flags:00011010 [15 c2 ef]
==> 2df2:  JP NZ, 2defh        PC:2def AF:001a BC:4706 DE:1f00 HL:0080 SP:f795 IX:0000 IY:0000 Flags:00011010 [c2 ef 2d]
==> 2def:  LD (BC), A          PC:2df0 AF:001a BC:4706 DE:1f00 HL:0080 SP:f795 IX:0000 IY:0000 Flags:00011010 [02 03 15]
==> 2df0:  INC BC              PC:2df1 AF:001a BC:4707 DE:1f00 HL:0080 SP:f795 IX:0000 IY:0000 Flags:00011010 [03 15 c2]
==> 2df1:  DEC D               PC:2df2 AF:000a BC:4707 DE:1e00 HL:0080 SP:f795 IX:0000 IY:0000 Flags:00001010 [15 c2 ef]
==> 2df2:  JP NZ, 2defh        PC:2def AF:000a BC:4707 DE:1e00 HL:0080 SP:f795 IX:0000 IY:0000 Flags:00001010 [c2 ef 2d]
==> 2def:  LD (BC), A          PC:2df0 AF:000a BC:4707 DE:1e00 HL:0080 SP:f795 IX:0000 IY:0000 Flags:00001010 [02 03 15]
==> 2df0:  INC BC              PC:2df1 AF:000a BC:4708 DE:1e00 HL:0080 SP:f795 IX:0000 IY:0000 Flags:00001010 [03 15 c2]
==> 2df1:  DEC D               PC:2df2 AF:000a BC:4708 DE:1d00 HL:0080 SP:f795 IX:0000 IY:0000 Flags:00001010 [15 c2 ef]
==> 2df2:  JP NZ, 2defh        PC:2def AF:000a BC:4708 DE:1d00 HL:0080 SP:f795 IX:0000 IY:0000 Flags:00001010 [c2 ef 2d]
==> 2def:  LD (BC), A          PC:2df0 AF:000a BC:4708 DE:1d00 HL:0080 SP:f795 IX:0000 IY:0000 Flags:00001010 [02 03 15]
==> 2df0:  INC BC              PC:2df1 AF:000a BC:4709 DE:1d00 HL:0080 SP:f795 IX:0000 IY:0000 Flags:00001010 [03 15 c2]
==> 2df1:  DEC D               PC:2df2 AF:000a BC:4709 DE:1c00 HL:0080 SP:f795 IX:0000 IY:0000 Flags:00001010 [15 c2 ef]
==> 2df2:  JP NZ, 2defh        PC:2def AF:000a BC:4709 DE:1c00 HL:0080 SP:f795 IX:0000 IY:0000 Flags:00001010 [c2 ef 2d]
==> 2def:  LD (BC), A          PC:2df0 AF:000a BC:4709 DE:1c00 HL:0080 SP:f795 IX:0000 IY:0000 Flags:00001010 [02 03 15]
==> 2df0:  INC BC              PC:2df1 AF:000a BC:470a DE:1c00 HL:0080 SP:f795 IX:0000 IY:0000 Flags:00001010 [03 15 c2]
==> 2df1:  DEC D               PC:2df2 AF:000a BC:470a DE:1b00 HL:0080 SP:f795 IX:0000 IY:0000 Flags:00001010 [15 c2 ef]
==> 2df2:  JP NZ, 2defh        PC:2def AF:000a BC:470a DE:1b00 HL:0080 SP:f795 IX:0000 IY:0000 Flags:00001010 [c2 ef 2d]
==> 2def:  LD (BC), A          PC:2df0 AF:000a BC:470a DE:1b00 HL:0080 SP:f795 IX:0000 IY:0000 Flags:00001010 [02 03 15]
==> 2df0:  INC BC              PC:2df1 AF:000a BC:470b DE:1b00 HL:0080 SP:f795 IX:0000 IY:0000 Flags:00001010 [03 15 c2]
==> 2df1:  DEC D               PC:2df2 AF:000a BC:470b DE:1a00 HL:0080 SP:f795 IX:0000 IY:0000 Flags:00001010 [15 c2 ef]
==> 2df2:  JP NZ, 2defh        PC:2def AF:000a BC:470b DE:1a00 HL:0080 SP:f795 IX:0000 IY:0000 Flags:00001010 [c2 ef 2d]
==> 2def:  LD (BC), A          PC:2df0 AF:000a BC:470b DE:1a00 HL:0080 SP:f795 IX:0000 IY:0000 Flags:00001010 [02 03 15]
==> 2df0:  INC BC              PC:2df1 AF:000a BC:470c DE:1a00 HL:0080 SP:f795 IX:0000 IY:0000 Flags:00001010 [03 15 c2]
==> 2df1:  DEC D               PC:2df2 AF:000a BC:470c DE:1900 HL:0080 SP:f795 IX:0000 IY:0000 Flags:00001010 [15 c2 ef]
==> 2df2:  JP NZ, 2defh        PC:2def AF:000a BC:470c DE:1900 HL:0080 SP:f795 IX:0000 IY:0000 Flags:00001010 [c2 ef 2d]
==> 2def:  LD (BC), A          PC:2df0 AF:000a BC:470c DE:1900 HL:0080 SP:f795 IX:0000 IY:0000 Flags:00001010 [02 03 15]
==> 2df0:  INC BC              PC:2df1 AF:000a BC:470d DE:1900 HL:0080 SP:f795 IX:0000 IY:0000 Flags:00001010 [03 15 c2]
==> 2df1:  DEC D               PC:2df2 AF:000a BC:470d DE:1800 HL:0080 SP:f795 IX:0000 IY:0000 Flags:00001010 [15 c2 ef]
==> 2df2:  JP NZ, 2defh        PC:2def AF:000a BC:470d DE:1800 HL:0080 SP:f795 IX:0000 IY:0000 Flags:00001010 [c2 ef 2d]
==> 2def:  LD (BC), A          PC:2df0 AF:000a BC:470d DE:1800 HL:0080 SP:f795 IX:0000 IY:0000 Flags:00001010 [02 03 15]
==> 2df0:  INC BC              PC:2df1 AF:000a BC:470e DE:1800 HL:0080 SP:f795 IX:0000 IY:0000 Flags:00001010 [03 15 c2]
==> 2df1:  DEC D               PC:2df2 AF:0002 BC:470e DE:1700 HL:0080 SP:f795 IX:0000 IY:0000 Flags:00000010 [15 c2 ef]
==> 2df2:  JP NZ, 2defh        PC:2def AF:0002 BC:470e DE:1700 HL:0080 SP:f795 IX:0000 IY:0000 Flags:00000010 [c2 ef 2d]
==> 2def:  LD (BC), A          PC:2df0 AF:0002 BC:470e DE:1700 HL:0080 SP:f795 IX:0000 IY:0000 Flags:00000010 [02 03 15]
==> 2df0:  INC BC              PC:2df1 AF:0002 BC:470f DE:1700 HL:0080 SP:f795 IX:0000 IY:0000 Flags:00000010 [03 15 c2]
==> 2df1:  DEC D               PC:2df2 AF:0002 BC:470f DE:1600 HL:0080 SP:f795 IX:0000 IY:0000 Flags:00000010 [15 c2 ef]
==> 2df2:  JP NZ, 2defh        PC:2def AF:0002 BC:470f DE:1600 HL:0080 SP:f795 IX:0000 IY:0000 Flags:00000010 [c2 ef 2d]
==> 2def:  LD (BC), A          PC:2df0 AF:0002 BC:470f DE:1600 HL:0080 SP:f795 IX:0000 IY:0000 Flags:00000010 [02 03 15]
==> 2df0:  INC BC              PC:2df1 AF:0002 BC:4710 DE:1600 HL:0080 SP:f795 IX:0000 IY:0000 Flags:00000010 [03 15 c2]
==> 2df1:  DEC D               PC:2df2 AF:0002 BC:4710 DE:1500 HL:0080 SP:f795 IX:0000 IY:0000 Flags:00000010 [15 c2 ef]
==> 2df2:  JP NZ, 2defh        PC:2def AF:0002 BC:4710 DE:1500 HL:0080 SP:f795 IX:0000 IY:0000 Flags:00000010 [c2 ef 2d]
==> 2def:  LD (BC), A          PC:2df0 AF:0002 BC:4710 DE:1500 HL:0080 SP:f795 IX:0000 IY:0000 Flags:00000010 [02 03 15]
==> 2df0:  INC BC              PC:2df1 AF:0002 BC:4711 DE:1500 HL:0080 SP:f795 IX:0000 IY:0000 Flags:00000010 [03 15 c2]
==> 2df1:  DEC D               PC:2df2 AF:0002 BC:4711 DE:1400 HL:0080 SP:f795 IX:0000 IY:0000 Flags:00000010 [15 c2 ef]
==> 2df2:  JP NZ, 2defh        PC:2def AF:0002 BC:4711 DE:1400 HL:0080 SP:f795 IX:0000 IY:0000 Flags:00000010 [c2 ef 2d]
==> 2def:  LD (BC), A          PC:2df0 AF:0002 BC:4711 DE:1400 HL:0080 SP:f795 IX:0000 IY:0000 Flags:00000010 [02 03 15]
==> 2df0:  INC BC              PC:2df1 AF:0002 BC:4712 DE:1400 HL:0080 SP:f795 IX:0000 IY:0000 Flags:00000010 [03 15 c2]
==> 2df1:  DEC D               PC:2df2 AF:0002 BC:4712 DE:1300 HL:0080 SP:f795 IX:0000 IY:0000 Flags:00000010 [15 c2 ef]
==> 2df2:  JP NZ, 2defh        PC:2def AF:0002 BC:4712 DE:1300 HL:0080 SP:f795 IX:0000 IY:0000 Flags:00000010 [c2 ef 2d]
==> 2def:  LD (BC), A          PC:2df0 AF:0002 BC:4712 DE:1300 HL:0080 SP:f795 IX:0000 IY:0000 Flags:00000010 [02 03 15]
==> 2df0:  INC BC              PC:2df1 AF:0002 BC:4713 DE:1300 HL:0080 SP:f795 IX:0000 IY:0000 Flags:00000010 [03 15 c2]
==> 2df1:  DEC D               PC:2df2 AF:0002 BC:4713 DE:1200 HL:0080 SP:f795 IX:0000 IY:0000 Flags:00000010 [15 c2 ef]
==> 2df2:  JP NZ, 2defh        PC:2def AF:0002 BC:4713 DE:1200 HL:0080 SP:f795 IX:0000 IY:0000 Flags:00000010 [c2 ef 2d]
==> 2def:  LD (BC), A          PC:2df0 AF:0002 BC:4713 DE:1200 HL:0080 SP:f795 IX:0000 IY:0000 Flags:00000010 [02 03 15]
==> 2df0:  INC BC              PC:2df1 AF:0002 BC:4714 DE:1200 HL:0080 SP:f795 IX:0000 IY:0000 Flags:00000010 [03 15 c2]
==> 2df1:  DEC D               PC:2df2 AF:0002 BC:4714 DE:1100 HL:0080 SP:f795 IX:0000 IY:0000 Flags:00000010 [15 c2 ef]
==> 2df2:  JP NZ, 2defh        PC:2def AF:0002 BC:4714 DE:1100 HL:0080 SP:f795 IX:0000 IY:0000 Flags:00000010 [c2 ef 2d]
==> 2def:  LD (BC), A          PC:2df0 AF:0002 BC:4714 DE:1100 HL:0080 SP:f795 IX:0000 IY:0000 Flags:00000010 [02 03 15]
==> 2df0:  INC BC              PC:2df1 AF:0002 BC:4715 DE:1100 HL:0080 SP:f795 IX:0000 IY:0000 Flags:00000010 [03 15 c2]
==> 2df1:  DEC D               PC:2df2 AF:0002 BC:4715 DE:1000 HL:0080 SP:f795 IX:0000 IY:0000 Flags:00000010 [15 c2 ef]
==> 2df2:  JP NZ, 2defh        PC:2def AF:0002 BC:4715 DE:1000 HL:0080 SP:f795 IX:0000 IY:0000 Flags:00000010 [c2 ef 2d]
==> 2def:  LD (BC), A          PC:2df0 AF:0002 BC:4715 DE:1000 HL:0080 SP:f795 IX:0000 IY:0000 Flags:00000010 [02 03 15]
==> 2df0:  INC BC              PC:2df1 AF:0002 BC:4716 DE:1000 HL:0080 SP:f795 IX:0000 IY:0000 Flags:00000010 [03 15 c2]
==> 2df1:  DEC D               PC:2df2 AF:001a BC:4716 DE:0f00 HL:0080 SP:f795 IX:0000 IY:0000 Flags:00011010 [15 c2 ef]
==> 2df2:  JP NZ, 2defh        PC:2def AF:001a BC:4716 DE:0f00 HL:0080 SP:f795 IX:0000 IY:0000 Flags:00011010 [c2 ef 2d]
==> 2def:  LD (BC), A          PC:2df0 AF:001a BC:4716 DE:0f00 HL:0080 SP:f795 IX:0000 IY:0000 Flags:00011010 [02 03 15]
==> 2df0:  INC BC              PC:2df1 AF:001a BC:4717 DE:0f00 HL:0080 SP:f795 IX:0000 IY:0000 Flags:00011010 [03 15 c2]
==> 2df1:  DEC D               PC:2df2 AF:000a BC:4717 DE:0e00 HL:0080 SP:f795 IX:0000 IY:0000 Flags:00001010 [15 c2 ef]
==> 2df2:  JP NZ, 2defh        PC:2def AF:000a BC:4717 DE:0e00 HL:0080 SP:f795 IX:0000 IY:0000 Flags:00001010 [c2 ef 2d]
==> 2def:  LD (BC), A          PC:2df0 AF:000a BC:4717 DE:0e00 HL:0080 SP:f795 IX:0000 IY:0000 Flags:00001010 [02 03 15]
==> 2df0:  INC BC              PC:2df1 AF:000a BC:4718 DE:0e00 HL:0080 SP:f795 IX:0000 IY:0000 Flags:00001010 [03 15 c2]
==> 2df1:  DEC D               PC:2df2 AF:000a BC:4718 DE:0d00 HL:0080 SP:f795 IX:0000 IY:0000 Flags:00001010 [15 c2 ef]
==> 2df2:  JP NZ, 2defh        PC:2def AF:000a BC:4718 DE:0d00 HL:0080 SP:f795 IX:0000 IY:0000 Flags:00001010 [c2 ef 2d]
==> 2def:  LD (BC), A          PC:2df0 AF:000a BC:4718 DE:0d00 HL:0080 SP:f795 IX:0000 IY:0000 Flags:00001010 [02 03 15]
==> 2df0:  INC BC              PC:2df1 AF:000a BC:4719 DE:0d00 HL:0080 SP:f795 IX:0000 IY:0000 Flags:00001010 [03 15 c2]
==> 2df1:  DEC D               PC:2df2 AF:000a BC:4719 DE:0c00 HL:0080 SP:f795 IX:0000 IY:0000 Flags:00001010 [15 c2 ef]
==> 2df2:  JP NZ, 2defh        PC:2def AF:000a BC:4719 DE:0c00 HL:0080 SP:f795 IX:0000 IY:0000 Flags:00001010 [c2 ef 2d]
==> 2def:  LD (BC), A          PC:2df0 AF:000a BC:4719 DE:0c00 HL:0080 SP:f795 IX:0000 IY:0000 Flags:00001010 [02 03 15]
==> 2df0:  INC BC              PC:2df1 AF:000a BC:471a DE:0c00 HL:0080 SP:f795 IX:0000 IY:0000 Flags:00001010 [03 15 c2]
==> 2df1:  DEC D               PC:2df2 AF:000a BC:471a DE:0b00 HL:0080 SP:f795 IX:0000 IY:0000 Flags:00001010 [15 c2 ef]
==> 2df2:  JP NZ, 2defh        PC:2def AF:000a BC:471a DE:0b00 HL:0080 SP:f795 IX:0000 IY:0000 Flags:00001010 [c2 ef 2d]
==> 2def:  LD (BC), A          PC:2df0 AF:000a BC:471a DE:0b00 HL:0080 SP:f795 IX:0000 IY:0000 Flags:00001010 [02 03 15]
==> 2df0:  INC BC              PC:2df1 AF:000a BC:471b DE:0b00 HL:0080 SP:f795 IX:0000 IY:0000 Flags:00001010 [03 15 c2]
==> 2df1:  DEC D               PC:2df2 AF:000a BC:471b DE:0a00 HL:0080 SP:f795 IX:0000 IY:0000 Flags:00001010 [15 c2 ef]
==> 2df2:  JP NZ, 2defh        PC:2def AF:000a BC:471b DE:0a00 HL:0080 SP:f795 IX:0000 IY:0000 Flags:00001010 [c2 ef 2d]
==> 2def:  LD (BC), A          PC:2df0 AF:000a BC:471b DE:0a00 HL:0080 SP:f795 IX:0000 IY:0000 Flags:00001010 [02 03 15]
==> 2df0:  INC BC              PC:2df1 AF:000a BC:471c DE:0a00 HL:0080 SP:f795 IX:0000 IY:0000 Flags:00001010 [03 15 c2]
==> 2df1:  DEC D               PC:2df2 AF:000a BC:471c DE:0900 HL:0080 SP:f795 IX:0000 IY:0000 Flags:00001010 [15 c2 ef]
==> 2df2:  JP NZ, 2defh        PC:2def AF:000a BC:471c DE:0900 HL:0080 SP:f795 IX:0000 IY:0000 Flags:00001010 [c2 ef 2d]
==> 2def:  LD (BC), A          PC:2df0 AF:000a BC:471c DE:0900 HL:0080 SP:f795 IX:0000 IY:0000 Flags:00001010 [02 03 15]
==> 2df0:  INC BC              PC:2df1 AF:000a BC:471d DE:0900 HL:0080 SP:f795 IX:0000 IY:0000 Flags:00001010 [03 15 c2]
==> 2df1:  DEC D               PC:2df2 AF:000a BC:471d DE:0800 HL:0080 SP:f795 IX:0000 IY:0000 Flags:00001010 [15 c2 ef]
==> 2df2:  JP NZ, 2defh        PC:2def AF:000a BC:471d DE:0800 HL:0080 SP:f795 IX:0000 IY:0000 Flags:00001010 [c2 ef 2d]
==> 2def:  LD (BC), A          PC:2df0 AF:000a BC:471d DE:0800 HL:0080 SP:f795 IX:0000 IY:0000 Flags:00001010 [02 03 15]
==> 2df0:  INC BC              PC:2df1 AF:000a BC:471e DE:0800 HL:0080 SP:f795 IX:0000 IY:0000 Flags:00001010 [03 15 c2]
==> 2df1:  DEC D               PC:2df2 AF:0002 BC:471e DE:0700 HL:0080 SP:f795 IX:0000 IY:0000 Flags:00000010 [15 c2 ef]
==> 2df2:  JP NZ, 2defh        PC:2def AF:0002 BC:471e DE:0700 HL:0080 SP:f795 IX:0000 IY:0000 Flags:00000010 [c2 ef 2d]
==> 2def:  LD (BC), A          PC:2df0 AF:0002 BC:471e DE:0700 HL:0080 SP:f795 IX:0000 IY:0000 Flags:00000010 [02 03 15]
==> 2df0:  INC BC              PC:2df1 AF:0002 BC:471f DE:0700 HL:0080 SP:f795 IX:0000 IY:0000 Flags:00000010 [03 15 c2]
==> 2df1:  DEC D               PC:2df2 AF:0002 BC:471f DE:0600 HL:0080 SP:f795 IX:0000 IY:0000 Flags:00000010 [15 c2 ef]
==> 2df2:  JP NZ, 2defh        PC:2def AF:0002 BC:471f DE:0600 HL:0080 SP:f795 IX:0000 IY:0000 Flags:00000010 [c2 ef 2d]
==> 2def:  LD (BC), A          PC:2df0 AF:0002 BC:471f DE:0600 HL:0080 SP:f795 IX:0000 IY:0000 Flags:00000010 [02 03 15]
==> 2df0:  INC BC              PC:2df1 AF:0002 BC:4720 DE:0600 HL:0080 SP:f795 IX:0000 IY:0000 Flags:00000010 [03 15 c2]
==> 2df1:  DEC D               PC:2df2 AF:0002 BC:4720 DE:0500 HL:0080 SP:f795 IX:0000 IY:0000 Flags:00000010 [15 c2 ef]
==> 2df2:  JP NZ, 2defh        PC:2def AF:0002 BC:4720 DE:0500 HL:0080 SP:f795 IX:0000 IY:0000 Flags:00000010 [c2 ef 2d]
==> 2def:  LD (BC), A          PC:2df0 AF:0002 BC:4720 DE:0500 HL:0080 SP:f795 IX:0000 IY:0000 Flags:00000010 [02 03 15]
==> 2df0:  INC BC              PC:2df1 AF:0002 BC:4721 DE:0500 HL:0080 SP:f795 IX:0000 IY:0000 Flags:00000010 [03 15 c2]
==> 2df1:  DEC D               PC:2df2 AF:0002 BC:4721 DE:0400 HL:0080 SP:f795 IX:0000 IY:0000 Flags:00000010 [15 c2 ef]
==> 2df2:  JP NZ, 2defh        PC:2def AF:0002 BC:4721 DE:0400 HL:0080 SP:f795 IX:0000 IY:0000 Flags:00000010 [c2 ef 2d]
==> 2def:  LD (BC), A          PC:2df0 AF:0002 BC:4721 DE:0400 HL:0080 SP:f795 IX:0000 IY:0000 Flags:00000010 [02 03 15]
==> 2df0:  INC BC              PC:2df1 AF:0002 BC:4722 DE:0400 HL:0080 SP:f795 IX:0000 IY:0000 Flags:00000010 [03 15 c2]
==> 2df1:  DEC D               PC:2df2 AF:0002 BC:4722 DE:0300 HL:0080 SP:f795 IX:0000 IY:0000 Flags:00000010 [15 c2 ef]
==> 2df2:  JP NZ, 2defh        PC:2def AF:0002 BC:4722 DE:0300 HL:0080 SP:f795 IX:0000 IY:0000 Flags:00000010 [c2 ef 2d]
==> 2def:  LD (BC), A          PC:2df0 AF:0002 BC:4722 DE:0300 HL:0080 SP:f795 IX:0000 IY:0000 Flags:00000010 [02 03 15]
==> 2df0:  INC BC              PC:2df1 AF:0002 BC:4723 DE:0300 HL:0080 SP:f795 IX:0000 IY:0000 Flags:00000010 [03 15 c2]
==> 2df1:  DEC D               PC:2df2 AF:0002 BC:4723 DE:0200 HL:0080 SP:f795 IX:0000 IY:0000 Flags:00000010 [15 c2 ef]
==> 2df2:  JP NZ, 2defh        PC:2def AF:0002 BC:4723 DE:0200 HL:0080 SP:f795 IX:0000 IY:0000 Flags:00000010 [c2 ef 2d]
==> 2def:  LD (BC), A          PC:2df0 AF:0002 BC:4723 DE:0200 HL:0080 SP:f795 IX:0000 IY:0000 Flags:00000010 [02 03 15]
==> 2df0:  INC BC              PC:2df1 AF:0002 BC:4724 DE:0200 HL:0080 SP:f795 IX:0000 IY:0000 Flags:00000010 [03 15 c2]
==> 2df1:  DEC D               PC:2df2 AF:0002 BC:4724 DE:0100 HL:0080 SP:f795 IX:0000 IY:0000 Flags:00000010 [15 c2 ef]
==> 2df2:  JP NZ, 2defh        PC:2def AF:0002 BC:4724 DE:0100 HL:0080 SP:f795 IX:0000 IY:0000 Flags:00000010 [c2 ef 2d]
==> 2def:  LD (BC), A          PC:2df0 AF:0002 BC:4724 DE:0100 HL:0080 SP:f795 IX:0000 IY:0000 Flags:00000010 [02 03 15]
==> 2df0:  INC BC              PC:2df1 AF:0002 BC:4725 DE:0100 HL:0080 SP:f795 IX:0000 IY:0000 Flags:00000010 [03 15 c2]
==> 2df1:  DEC D               PC:2df2 AF:0042 BC:4725 DE:0000 HL:0080 SP:f795 IX:0000 IY:0000 Flags:01000010 [15 c2 ef]
==> 2df2:  JP NZ, 2defh        PC:2df5 AF:0042 BC:4725 DE:0000 HL:0080 SP:f795 IX:0000 IY:0000 Flags:01000010 [c2 ef 2d]
==> 2df5:  RET                 PC:345e AF:0042 BC:4725 DE:0000 HL:0080 SP:f797 IX:0000 IY:0000 Flags:01000010 [c9 cd 80]
==> 345e:  JP 0d95h            PC:0d95 AF:0042 BC:4725 DE:0000 HL:0080 SP:f797 IX:0000 IY:0000 Flags:01000010 [c3 95 0d]
==> 0d95:  LD HL, (0a0dh)      PC:0d98 AF:0042 BC:4725 DE:0000 HL:4997 SP:f797 IX:0000 IY:0000 Flags:01000010 [2a 0d 0a]
==> 0d98:  RET                 PC:0bac AF:0042 BC:4725 DE:0000 HL:4997 SP:f799 IX:0000 IY:0000 Flags:01000010 [c9 3e 3f]
==> 0bac:  CALL 17dbh          PC:17db AF:0042 BC:4725 DE:0000 HL:4997 SP:f797 IX:0000 IY:0000 Flags:01000010 [cd db 17]
==> 17db:  LD A, (09cfh)       PC:17de AF:0042 BC:4725 DE:0000 HL:4997 SP:f797 IX:0000 IY:0000 Flags:01000010 [3a cf 09]
==> 17de:  OR A, A             PC:17df AF:0044 BC:4725 DE:0000 HL:4997 SP:f797 IX:0000 IY:0000 Flags:01000100 [b7 c8 c3]
==> 17df:  RET Z               PC:0baf AF:0044 BC:4725 DE:0000 HL:4997 SP:f799 IX:0000 IY:0000 Flags:01000100 [c8 c3 e8]
==> 0baf:  LD HL, 0a8eh        PC:0bb2 AF:0044 BC:4725 DE:0000 HL:0a8e SP:f799 IX:0000 IY:0000 Flags:01000100 [21 8e 0a]
==> 0bb2:  CALL 227ch          PC:227c AF:0044 BC:4725 DE:0000 HL:0a8e SP:f797 IX:0000 IY:0000 Flags:01000100 [cd 7c 22]
==> 227c:  CALL 2235h          PC:2235 AF:0044 BC:4725 DE:0000 HL:0a8e SP:f795 IX:0000 IY:0000 Flags:01000100 [cd 35 22]
==> 2235:  DEC HL              PC:2236 AF:0044 BC:4725 DE:0000 HL:0a8d SP:f795 IX:0000 IY:0000 Flags:01000100 [2b 06 22]
==> 2236:  LD B, 22h           PC:2238 AF:0044 BC:2225 DE:0000 HL:0a8d SP:f795 IX:0000 IY:0000 Flags:01000100 [06 22 50]
==> 2238:  LD D, B             PC:2239 AF:0044 BC:2225 DE:2200 HL:0a8d SP:f795 IX:0000 IY:0000 Flags:01000100 [50 e5 0e]
==> 2239:  PUSH HL             PC:223a AF:0044 BC:2225 DE:2200 HL:0a8d SP:f793 IX:0000 IY:0000 Flags:01000100 [e5 0e ff]
==> 223a:  LD C, ffh           PC:223c AF:0044 BC:22ff DE:2200 HL:0a8d SP:f793 IX:0000 IY:0000 Flags:01000100 [0e ff 23]
==> 223c:  INC HL              PC:223d AF:0044 BC:22ff DE:2200 HL:0a8e SP:f793 IX:0000 IY:0000 Flags:01000100 [23 7e 0c]
==> 223d:  LD A, (HL)          PC:223e AF:4f44 BC:22ff DE:2200 HL:0a8e SP:f793 IX:0000 IY:0000 Flags:01000100 [7e 0c b7]
==> 223e:  INC C               PC:223f AF:4f50 BC:2200 DE:2200 HL:0a8e SP:f793 IX:0000 IY:0000 Flags:01010000 [0c b7 ca]
==> 223f:  OR A, A             PC:2240 AF:4f08 BC:2200 DE:2200 HL:0a8e SP:f793 IX:0000 IY:0000 Flags:00001000 [b7 ca 4b]
==> 2240:  JP Z, 224bh         PC:2243 AF:4f08 BC:2200 DE:2200 HL:0a8e SP:f793 IX:0000 IY:0000 Flags:00001000 [ca 4b 22]
==> 2243:  CP A, D             PC:2244 AF:4f22 BC:2200 DE:2200 HL:0a8e SP:f793 IX:0000 IY:0000 Flags:00100010 [ba ca 4b]
==> 2244:  JP Z, 224bh         PC:2247 AF:4f22 BC:2200 DE:2200 HL:0a8e SP:f793 IX:0000 IY:0000 Flags:00100010 [ca 4b 22]
==> 2247:  CP A, B             PC:2248 AF:4f22 BC:2200 DE:2200 HL:0a8e SP:f793 IX:0000 IY:0000 Flags:00100010 [b8 c2 3c]
==> 2248:  JP NZ, 223ch        PC:223c AF:4f22 BC:2200 DE:2200 HL:0a8e SP:f793 IX:0000 IY:0000 Flags:00100010 [c2 3c 22]
==> 223c:  INC HL              PC:223d AF:4f22 BC:2200 DE:2200 HL:0a8f SP:f793 IX:0000 IY:0000 Flags:00100010 [23 7e 0c]
==> 223d:  LD A, (HL)          PC:223e AF:6b22 BC:2200 DE:2200 HL:0a8f SP:f793 IX:0000 IY:0000 Flags:00100010 [7e 0c b7]
==> 223e:  INC C               PC:223f AF:6b00 BC:2201 DE:2200 HL:0a8f SP:f793 IX:0000 IY:0000 Flags:00000000 [0c b7 ca]
==> 223f:  OR A, A             PC:2240 AF:6b28 BC:2201 DE:2200 HL:0a8f SP:f793 IX:0000 IY:0000 Flags:00101000 [b7 ca 4b]
==> 2240:  JP Z, 224bh         PC:2243 AF:6b28 BC:2201 DE:2200 HL:0a8f SP:f793 IX:0000 IY:0000 Flags:00101000 [ca 4b 22]
==> 2243:  CP A, D             PC:2244 AF:6b22 BC:2201 DE:2200 HL:0a8f SP:f793 IX:0000 IY:0000 Flags:00100010 [ba ca 4b]
==> 2244:  JP Z, 224bh         PC:2247 AF:6b22 BC:2201 DE:2200 HL:0a8f SP:f793 IX:0000 IY:0000 Flags:00100010 [ca 4b 22]
==> 2247:  CP A, B             PC:2248 AF:6b22 BC:2201 DE:2200 HL:0a8f SP:f793 IX:0000 IY:0000 Flags:00100010 [b8 c2 3c]
==> 2248:  JP NZ, 223ch        PC:223c AF:6b22 BC:2201 DE:2200 HL:0a8f SP:f793 IX:0000 IY:0000 Flags:00100010 [c2 3c 22]
==> 223c:  INC HL              PC:223d AF:6b22 BC:2201 DE:2200 HL:0a90 SP:f793 IX:0000 IY:0000 Flags:00100010 [23 7e 0c]
==> 223d:  LD A, (HL)          PC:223e AF:0d22 BC:2201 DE:2200 HL:0a90 SP:f793 IX:0000 IY:0000 Flags:00100010 [7e 0c b7]
==> 223e:  INC C               PC:223f AF:0d00 BC:2202 DE:2200 HL:0a90 SP:f793 IX:0000 IY:0000 Flags:00000000 [0c b7 ca]
==> 223f:  OR A, A             PC:2240 AF:0d08 BC:2202 DE:2200 HL:0a90 SP:f793 IX:0000 IY:0000 Flags:00001000 [b7 ca 4b]
==> 2240:  JP Z, 224bh         PC:2243 AF:0d08 BC:2202 DE:2200 HL:0a90 SP:f793 IX:0000 IY:0000 Flags:00001000 [ca 4b 22]
==> 2243:  CP A, D             PC:2244 AF:0da3 BC:2202 DE:2200 HL:0a90 SP:f793 IX:0000 IY:0000 Flags:10100011 [ba ca 4b]
==> 2244:  JP Z, 224bh         PC:2247 AF:0da3 BC:2202 DE:2200 HL:0a90 SP:f793 IX:0000 IY:0000 Flags:10100011 [ca 4b 22]
==> 2247:  CP A, B             PC:2248 AF:0da3 BC:2202 DE:2200 HL:0a90 SP:f793 IX:0000 IY:0000 Flags:10100011 [b8 c2 3c]
==> 2248:  JP NZ, 223ch        PC:223c AF:0da3 BC:2202 DE:2200 HL:0a90 SP:f793 IX:0000 IY:0000 Flags:10100011 [c2 3c 22]
==> 223c:  INC HL              PC:223d AF:0da3 BC:2202 DE:2200 HL:0a91 SP:f793 IX:0000 IY:0000 Flags:10100011 [23 7e 0c]
==> 223d:  LD A, (HL)          PC:223e AF:0aa3 BC:2202 DE:2200 HL:0a91 SP:f793 IX:0000 IY:0000 Flags:10100011 [7e 0c b7]
==> 223e:  INC C               PC:223f AF:0a01 BC:2203 DE:2200 HL:0a91 SP:f793 IX:0000 IY:0000 Flags:00000001 [0c b7 ca]
==> 223f:  OR A, A             PC:2240 AF:0a0c BC:2203 DE:2200 HL:0a91 SP:f793 IX:0000 IY:0000 Flags:00001100 [b7 ca 4b]
==> 2240:  JP Z, 224bh         PC:2243 AF:0a0c BC:2203 DE:2200 HL:0a91 SP:f793 IX:0000 IY:0000 Flags:00001100 [ca 4b 22]
==> 2243:  CP A, D             PC:2244 AF:0aa3 BC:2203 DE:2200 HL:0a91 SP:f793 IX:0000 IY:0000 Flags:10100011 [ba ca 4b]
==> 2244:  JP Z, 224bh         PC:2247 AF:0aa3 BC:2203 DE:2200 HL:0a91 SP:f793 IX:0000 IY:0000 Flags:10100011 [ca 4b 22]
==> 2247:  CP A, B             PC:2248 AF:0aa3 BC:2203 DE:2200 HL:0a91 SP:f793 IX:0000 IY:0000 Flags:10100011 [b8 c2 3c]
==> 2248:  JP NZ, 223ch        PC:223c AF:0aa3 BC:2203 DE:2200 HL:0a91 SP:f793 IX:0000 IY:0000 Flags:10100011 [c2 3c 22]
==> 223c:  INC HL              PC:223d AF:0aa3 BC:2203 DE:2200 HL:0a92 SP:f793 IX:0000 IY:0000 Flags:10100011 [23 7e 0c]
==> 223d:  LD A, (HL)          PC:223e AF:00a3 BC:2203 DE:2200 HL:0a92 SP:f793 IX:0000 IY:0000 Flags:10100011 [7e 0c b7]
==> 223e:  INC C               PC:223f AF:0001 BC:2204 DE:2200 HL:0a92 SP:f793 IX:0000 IY:0000 Flags:00000001 [0c b7 ca]
==> 223f:  OR A, A             PC:2240 AF:0044 BC:2204 DE:2200 HL:0a92 SP:f793 IX:0000 IY:0000 Flags:01000100 [b7 ca 4b]
==> 2240:  JP Z, 224bh         PC:224b AF:0044 BC:2204 DE:2200 HL:0a92 SP:f793 IX:0000 IY:0000 Flags:01000100 [ca 4b 22]
==> 224b:  CP A, 22h           PC:224d AF:00b3 BC:2204 DE:2200 HL:0a92 SP:f793 IX:0000 IY:0000 Flags:10110011 [fe 22 cc]
==> 224d:  CALL Z, 12abh       PC:2250 AF:00b3 BC:2204 DE:2200 HL:0a92 SP:f793 IX:0000 IY:0000 Flags:10110011 [cc ab 12]
==> 2250:  EX (SP), HL         PC:2251 AF:00b3 BC:2204 DE:2200 HL:0a8d SP:f793 IX:0000 IY:0000 Flags:10110011 [e3 23 eb]
==> 2251:  INC HL              PC:2252 AF:00b3 BC:2204 DE:2200 HL:0a8e SP:f793 IX:0000 IY:0000 Flags:10110011 [23 eb 79]
==> 2252:  EX DE, HL           PC:2253 AF:00b3 BC:2204 DE:0a8e HL:2200 SP:f793 IX:0000 IY:0000 Flags:10110011 [eb 79 cd]
==> 2253:  LD A, C             PC:2254 AF:04b3 BC:2204 DE:0a8e HL:2200 SP:f793 IX:0000 IY:0000 Flags:10110011 [79 cd 2a]
==> 2254:  CALL 222ah          PC:222a AF:04b3 BC:2204 DE:0a8e HL:2200 SP:f791 IX:0000 IY:0000 Flags:10110011 [cd 2a 22]
==> 222a:  LD HL, 0a02h        PC:222d AF:04b3 BC:2204 DE:0a8e HL:0a02 SP:f791 IX:0000 IY:0000 Flags:10110011 [21 02 0a]
==> 222d:  PUSH HL             PC:222e AF:04b3 BC:2204 DE:0a8e HL:0a02 SP:f78f IX:0000 IY:0000 Flags:10110011 [e5 77 23]
==> 222e:  LD (HL), A          PC:222f AF:04b3 BC:2204 DE:0a8e HL:0a02 SP:f78f IX:0000 IY:0000 Flags:10110011 [77 23 73]
==> 222f:  INC HL              PC:2230 AF:04b3 BC:2204 DE:0a8e HL:0a03 SP:f78f IX:0000 IY:0000 Flags:10110011 [23 73 23]
==> 2230:  LD (HL), E          PC:2231 AF:04b3 BC:2204 DE:0a8e HL:0a03 SP:f78f IX:0000 IY:0000 Flags:10110011 [73 23 72]
==> 2231:  INC HL              PC:2232 AF:04b3 BC:2204 DE:0a8e HL:0a04 SP:f78f IX:0000 IY:0000 Flags:10110011 [23 72 e1]
==> 2232:  LD (HL), D          PC:2233 AF:04b3 BC:2204 DE:0a8e HL:0a04 SP:f78f IX:0000 IY:0000 Flags:10110011 [72 e1 c9]
==> 2233:  POP HL              PC:2234 AF:04b3 BC:2204 DE:0a8e HL:0a02 SP:f791 IX:0000 IY:0000 Flags:10110011 [e1 c9 2b]
==> 2234:  RET                 PC:2257 AF:04b3 BC:2204 DE:0a8e HL:0a02 SP:f793 IX:0000 IY:0000 Flags:10110011 [c9 2b 06]
==> 2257:  LD DE, 0a02h        PC:225a AF:04b3 BC:2204 DE:0a02 HL:0a02 SP:f793 IX:0000 IY:0000 Flags:10110011 [11 02 0a]
==> 225a:  LD A, d5h           PC:225c AF:d5b3 BC:2204 DE:0a02 HL:0a02 SP:f793 IX:0000 IY:0000 Flags:10110011 [3e d5 2a]
==> 225c:  LD HL, (09e2h)      PC:225f AF:d5b3 BC:2204 DE:0a02 HL:09e4 SP:f793 IX:0000 IY:0000 Flags:10110011 [2a e2 09]
==> 225f:  LD (0a58h), HL      PC:2262 AF:d5b3 BC:2204 DE:0a02 HL:09e4 SP:f793 IX:0000 IY:0000 Flags:10110011 [22 58 0a]
==> 2262:  LD A, 03h           PC:2264 AF:03b3 BC:2204 DE:0a02 HL:09e4 SP:f793 IX:0000 IY:0000 Flags:10110011 [3e 03 32]
==> 2264:  LD (09d1h), A       PC:2267 AF:03b3 BC:2204 DE:0a02 HL:09e4 SP:f793 IX:0000 IY:0000 Flags:10110011 [32 d1 09]
==> 2267:  CALL 3956h          PC:3956 AF:03b3 BC:2204 DE:0a02 HL:09e4 SP:f791 IX:0000 IY:0000 Flags:10110011 [cd 56 39]
==> 3956:  LD A, (09d1h)       PC:3959 AF:03b3 BC:2204 DE:0a02 HL:09e4 SP:f791 IX:0000 IY:0000 Flags:10110011 [3a d1 09]
==> 3959:  LD B, A             PC:395a AF:03b3 BC:0304 DE:0a02 HL:09e4 SP:f791 IX:0000 IY:0000 Flags:10110011 [47 1a 77]
==> 395a:  LD A, (DE)          PC:395b AF:04b3 BC:0304 DE:0a02 HL:09e4 SP:f791 IX:0000 IY:0000 Flags:10110011 [1a 77 13]
==> 395b:  LD (HL), A          PC:395c AF:04b3 BC:0304 DE:0a02 HL:09e4 SP:f791 IX:0000 IY:0000 Flags:10110011 [77 13 23]
==> 395c:  INC DE              PC:395d AF:04b3 BC:0304 DE:0a03 HL:09e4 SP:f791 IX:0000 IY:0000 Flags:10110011 [13 23 05]
==> 395d:  INC HL              PC:395e AF:04b3 BC:0304 DE:0a03 HL:09e5 SP:f791 IX:0000 IY:0000 Flags:10110011 [23 05 c2]
==> 395e:  DEC B               PC:395f AF:0403 BC:0204 DE:0a03 HL:09e5 SP:f791 IX:0000 IY:0000 Flags:00000011 [05 c2 5a]
==> 395f:  JP NZ, 395ah        PC:395a AF:0403 BC:0204 DE:0a03 HL:09e5 SP:f791 IX:0000 IY:0000 Flags:00000011 [c2 5a 39]
==> 395a:  LD A, (DE)          PC:395b AF:8e03 BC:0204 DE:0a03 HL:09e5 SP:f791 IX:0000 IY:0000 Flags:00000011 [1a 77 13]
==> 395b:  LD (HL), A          PC:395c AF:8e03 BC:0204 DE:0a03 HL:09e5 SP:f791 IX:0000 IY:0000 Flags:00000011 [77 13 23]
==> 395c:  INC DE              PC:395d AF:8e03 BC:0204 DE:0a04 HL:09e5 SP:f791 IX:0000 IY:0000 Flags:00000011 [13 23 05]
==> 395d:  INC HL              PC:395e AF:8e03 BC:0204 DE:0a04 HL:09e6 SP:f791 IX:0000 IY:0000 Flags:00000011 [23 05 c2]
==> 395e:  DEC B               PC:395f AF:8e03 BC:0104 DE:0a04 HL:09e6 SP:f791 IX:0000 IY:0000 Flags:00000011 [05 c2 5a]
==> 395f:  JP NZ, 395ah        PC:395a AF:8e03 BC:0104 DE:0a04 HL:09e6 SP:f791 IX:0000 IY:0000 Flags:00000011 [c2 5a 39]
==> 395a:  LD A, (DE)          PC:395b AF:0a03 BC:0104 DE:0a04 HL:09e6 SP:f791 IX:0000 IY:0000 Flags:00000011 [1a 77 13]
==> 395b:  LD (HL), A          PC:395c AF:0a03 BC:0104 DE:0a04 HL:09e6 SP:f791 IX:0000 IY:0000 Flags:00000011 [77 13 23]
==> 395c:  INC DE              PC:395d AF:0a03 BC:0104 DE:0a05 HL:09e6 SP:f791 IX:0000 IY:0000 Flags:00000011 [13 23 05]
==> 395d:  INC HL              PC:395e AF:0a03 BC:0104 DE:0a05 HL:09e7 SP:f791 IX:0000 IY:0000 Flags:00000011 [23 05 c2]
==> 395e:  DEC B               PC:395f AF:0a43 BC:0004 DE:0a05 HL:09e7 SP:f791 IX:0000 IY:0000 Flags:01000011 [05 c2 5a]
==> 395f:  JP NZ, 395ah        PC:3962 AF:0a43 BC:0004 DE:0a05 HL:09e7 SP:f791 IX:0000 IY:0000 Flags:01000011 [c2 5a 39]
==> 3962:  RET                 PC:226a AF:0a43 BC:0004 DE:0a05 HL:09e7 SP:f793 IX:0000 IY:0000 Flags:01000011 [c9 21 5a]
==> 226a:  LD DE, 0a05h        PC:226d AF:0a43 BC:0004 DE:0a05 HL:09e7 SP:f793 IX:0000 IY:0000 Flags:01000011 [11 05 0a]
==> 226d:  CALL 10b4h          PC:10b4 AF:0a43 BC:0004 DE:0a05 HL:09e7 SP:f791 IX:0000 IY:0000 Flags:01000011 [cd b4 10]
==> 10b4:  LD A, H             PC:10b5 AF:0943 BC:0004 DE:0a05 HL:09e7 SP:f791 IX:0000 IY:0000 Flags:01000011 [7c 92 c0]
==> 10b5:  SUB A, D            PC:10b6 AF:ffbb BC:0004 DE:0a05 HL:09e7 SP:f791 IX:0000 IY:0000 Flags:10111011 [92 c0 7d]
==> 10b6:  RET NZ              PC:2270 AF:ffbb BC:0004 DE:0a05 HL:09e7 SP:f793 IX:0000 IY:0000 Flags:10111011 [c0 7d 93]
==> 2270:  LD (09e2h), HL      PC:2273 AF:ffbb BC:0004 DE:0a05 HL:09e7 SP:f793 IX:0000 IY:0000 Flags:10111011 [22 e2 09]
==> 2273:  POP HL              PC:2274 AF:ffbb BC:0004 DE:0a05 HL:0a92 SP:f795 IX:0000 IY:0000 Flags:10111011 [e1 7e c0]
==> 2274:  LD A, (HL)          PC:2275 AF:00bb BC:0004 DE:0a05 HL:0a92 SP:f795 IX:0000 IY:0000 Flags:10111011 [7e c0 1e]
==> 2275:  RET NZ              PC:227f AF:00bb BC:0004 DE:0a05 HL:0a92 SP:f797 IX:0000 IY:0000 Flags:10111011 [c0 1e 10]
==> 227f:  CALL 23c5h          PC:23c5 AF:00bb BC:0004 DE:0a05 HL:0a92 SP:f795 IX:0000 IY:0000 Flags:10111011 [cd c5 23]
==> 23c5:  LD HL, (0a58h)      PC:23c8 AF:00bb BC:0004 DE:0a05 HL:09e4 SP:f795 IX:0000 IY:0000 Flags:10111011 [2a 58 0a]
==> 23c8:  EX DE, HL           PC:23c9 AF:00bb BC:0004 DE:09e4 HL:0a05 SP:f795 IX:0000 IY:0000 Flags:10111011 [eb cd e3]
==> 23c9:  CALL 23e3h          PC:23e3 AF:00bb BC:0004 DE:09e4 HL:0a05 SP:f793 IX:0000 IY:0000 Flags:10111011 [cd e3 23]
==> 23e3:  LD HL, (09e2h)      PC:23e6 AF:00bb BC:0004 DE:09e4 HL:09e7 SP:f793 IX:0000 IY:0000 Flags:10111011 [2a e2 09]
==> 23e6:  DEC HL              PC:23e7 AF:00bb BC:0004 DE:09e4 HL:09e6 SP:f793 IX:0000 IY:0000 Flags:10111011 [2b 46 2b]
==> 23e7:  LD B, (HL)          PC:23e8 AF:00bb BC:0a04 DE:09e4 HL:09e6 SP:f793 IX:0000 IY:0000 Flags:10111011 [46 2b 4e]
==> 23e8:  DEC HL              PC:23e9 AF:00bb BC:0a04 DE:09e4 HL:09e5 SP:f793 IX:0000 IY:0000 Flags:10111011 [2b 4e 2b]
==> 23e9:  LD C, (HL)          PC:23ea AF:00bb BC:0a8e DE:09e4 HL:09e5 SP:f793 IX:0000 IY:0000 Flags:10111011 [4e 2b cd]
==> 23ea:  DEC HL              PC:23eb AF:00bb BC:0a8e DE:09e4 HL:09e4 SP:f793 IX:0000 IY:0000 Flags:10111011 [2b cd b4]
==> 23eb:  CALL 10b4h          PC:10b4 AF:00bb BC:0a8e DE:09e4 HL:09e4 SP:f791 IX:0000 IY:0000 Flags:10111011 [cd b4 10]
==> 10b4:  LD A, H             PC:10b5 AF:09bb BC:0a8e DE:09e4 HL:09e4 SP:f791 IX:0000 IY:0000 Flags:10111011 [7c 92 c0]
==> 10b5:  SUB A, D            PC:10b6 AF:0042 BC:0a8e DE:09e4 HL:09e4 SP:f791 IX:0000 IY:0000 Flags:01000010 [92 c0 7d]
==> 10b6:  RET NZ              PC:10b7 AF:0042 BC:0a8e DE:09e4 HL:09e4 SP:f791 IX:0000 IY:0000 Flags:01000010 [c0 7d 93]
==> 10b7:  LD A, L             PC:10b8 AF:e442 BC:0a8e DE:09e4 HL:09e4 SP:f791 IX:0000 IY:0000 Flags:01000010 [7d 93 c9]
==> 10b8:  SUB A, E            PC:10b9 AF:0042 BC:0a8e DE:09e4 HL:09e4 SP:f791 IX:0000 IY:0000 Flags:01000010 [93 c9 7e]
==> 10b9:  RET                 PC:23ee AF:0042 BC:0a8e DE:09e4 HL:09e4 SP:f793 IX:0000 IY:0000 Flags:01000010 [c9 7e e3]
==> 23ee:  RET NZ              PC:23ef AF:0042 BC:0a8e DE:09e4 HL:09e4 SP:f793 IX:0000 IY:0000 Flags:01000010 [c0 22 e2]
==> 23ef:  LD (09e2h), HL      PC:23f2 AF:0042 BC:0a8e DE:09e4 HL:09e4 SP:f793 IX:0000 IY:0000 Flags:01000010 [22 e2 09]
==> 23f2:  RET                 PC:23cc AF:0042 BC:0a8e DE:09e4 HL:09e4 SP:f795 IX:0000 IY:0000 Flags:01000010 [c9 01 69]
==> 23cc:  EX DE, HL           PC:23cd AF:0042 BC:0a8e DE:09e4 HL:09e4 SP:f795 IX:0000 IY:0000 Flags:01000010 [eb c0 d5]
==> 23cd:  RET NZ              PC:23ce AF:0042 BC:0a8e DE:09e4 HL:09e4 SP:f795 IX:0000 IY:0000 Flags:01000010 [c0 d5 50]
==> 23ce:  PUSH DE             PC:23cf AF:0042 BC:0a8e DE:09e4 HL:09e4 SP:f793 IX:0000 IY:0000 Flags:01000010 [d5 50 59]
==> 23cf:  LD D, B             PC:23d0 AF:0042 BC:0a8e DE:0ae4 HL:09e4 SP:f793 IX:0000 IY:0000 Flags:01000010 [50 59 1b]
==> 23d0:  LD E, C             PC:23d1 AF:0042 BC:0a8e DE:0a8e HL:09e4 SP:f793 IX:0000 IY:0000 Flags:01000010 [59 1b 4e]
==> 23d1:  DEC DE              PC:23d2 AF:0042 BC:0a8e DE:0a8d HL:09e4 SP:f793 IX:0000 IY:0000 Flags:01000010 [1b 4e 2a]
==> 23d2:  LD C, (HL)          PC:23d3 AF:0042 BC:0a04 DE:0a8d HL:09e4 SP:f793 IX:0000 IY:0000 Flags:01000010 [4e 2a 05]
==> 23d3:  LD HL, (0a05h)      PC:23d6 AF:0042 BC:0a04 DE:0a8d HL:f7ff SP:f793 IX:0000 IY:0000 Flags:01000010 [2a 05 0a]
==> 23d6:  CALL 10b4h          PC:10b4 AF:0042 BC:0a04 DE:0a8d HL:f7ff SP:f791 IX:0000 IY:0000 Flags:01000010 [cd b4 10]
==> 10b4:  LD A, H             PC:10b5 AF:f742 BC:0a04 DE:0a8d HL:f7ff SP:f791 IX:0000 IY:0000 Flags:01000010 [7c 92 c0]
==> 10b5:  SUB A, D            PC:10b6 AF:edba BC:0a04 DE:0a8d HL:f7ff SP:f791 IX:0000 IY:0000 Flags:10111010 [92 c0 7d]
==> 10b6:  RET NZ              PC:23d9 AF:edba BC:0a04 DE:0a8d HL:f7ff SP:f793 IX:0000 IY:0000 Flags:10111010 [c0 7d 93]
==> 23d9:  JP NZ, 23e1h        PC:23e1 AF:edba BC:0a04 DE:0a8d HL:f7ff SP:f793 IX:0000 IY:0000 Flags:10111010 [c2 e1 23]
==> 23e1:  POP HL              PC:23e2 AF:edba BC:0a04 DE:0a8d HL:09e4 SP:f795 IX:0000 IY:0000 Flags:10111010 [e1 c9 2a]
==> 23e2:  RET                 PC:2282 AF:edba BC:0a04 DE:0a8d HL:09e4 SP:f797 IX:0000 IY:0000 Flags:10111010 [c9 2a e2]
==> 2282:  CALL 3946h          PC:3946 AF:edba BC:0a04 DE:0a8d HL:09e4 SP:f795 IX:0000 IY:0000 Flags:10111010 [cd 46 39]
==> 3946:  LD D, (HL)          PC:3947 AF:edba BC:0a04 DE:048d HL:09e4 SP:f795 IX:0000 IY:0000 Flags:10111010 [56 23 4e]
==> 3947:  INC HL              PC:3948 AF:edba BC:0a04 DE:048d HL:09e5 SP:f795 IX:0000 IY:0000 Flags:10111010 [23 4e 23]
==> 3948:  LD C, (HL)          PC:3949 AF:edba BC:0a8e DE:048d HL:09e5 SP:f795 IX:0000 IY:0000 Flags:10111010 [4e 23 46]
==> 3949:  INC HL              PC:394a AF:edba BC:0a8e DE:048d HL:09e6 SP:f795 IX:0000 IY:0000 Flags:10111010 [23 46 23]
==> 394a:  LD B, (HL)          PC:394b AF:edba BC:0a8e DE:048d HL:09e6 SP:f795 IX:0000 IY:0000 Flags:10111010 [46 23 c9]
==> 394b:  INC HL              PC:394c AF:edba BC:0a8e DE:048d HL:09e7 SP:f795 IX:0000 IY:0000 Flags:10111010 [23 c9 11]
==> 394c:  RET                 PC:2285 AF:edba BC:0a8e DE:048d HL:09e7 SP:f797 IX:0000 IY:0000 Flags:10111010 [c9 11 58]
==> 2285:  INC D               PC:2286 AF:ed00 BC:0a8e DE:058d HL:09e7 SP:f797 IX:0000 IY:0000 Flags:00000000 [14 15 c8]
==> 2286:  DEC D               PC:2287 AF:ed02 BC:0a8e DE:048d HL:09e7 SP:f797 IX:0000 IY:0000 Flags:00000010 [15 c8 0a]
==> 2287:  RET Z               PC:2288 AF:ed02 BC:0a8e DE:048d HL:09e7 SP:f797 IX:0000 IY:0000 Flags:00000010 [c8 0a cd]
==> 2288:  LD A, (BC)          PC:2289 AF:4f02 BC:0a8e DE:048d HL:09e7 SP:f797 IX:0000 IY:0000 Flags:00000010 [0a cd c5]
==> 2289:  CALL 10c5h          PC:10c5 AF:4f02 BC:0a8e DE:048d HL:09e7 SP:f795 IX:0000 IY:0000 Flags:00000010 [cd c5 10]
==> 10c5:  PUSH AF             PC:10c6 AF:4f02 BC:0a8e DE:048d HL:09e7 SP:f793 IX:0000 IY:0000 Flags:00000010 [f5 e5 2a]
==> 10c6:  PUSH HL             PC:10c7 AF:4f02 BC:0a8e DE:048d HL:09e7 SP:f791 IX:0000 IY:0000 Flags:00000010 [e5 2a 35]
==> 10c7:  LD HL, (0735h)      PC:10ca AF:4f02 BC:0a8e DE:048d HL:0000 SP:f791 IX:0000 IY:0000 Flags:00000010 [2a 35 07]
==> 10ca:  LD A, H             PC:10cb AF:0002 BC:0a8e DE:048d HL:0000 SP:f791 IX:0000 IY:0000 Flags:00000010 [7c b5 c2]
==> 10cb:  OR A, L             PC:10cc AF:0044 BC:0a8e DE:048d HL:0000 SP:f791 IX:0000 IY:0000 Flags:01000100 [b5 c2 14]
==> 10cc:  JP NZ, 2e14h        PC:10cf AF:0044 BC:0a8e DE:048d HL:0000 SP:f791 IX:0000 IY:0000 Flags:01000100 [c2 14 2e]
==> 10cf:  POP HL              PC:10d0 AF:0044 BC:0a8e DE:048d HL:09e7 SP:f793 IX:0000 IY:0000 Flags:01000100 [e1 3a 26]
==> 10d0:  LD A, (0726h)       PC:10d3 AF:0044 BC:0a8e DE:048d HL:09e7 SP:f793 IX:0000 IY:0000 Flags:01000100 [3a 26 07]
==> 10d3:  OR A, A             PC:10d4 AF:0044 BC:0a8e DE:048d HL:09e7 SP:f793 IX:0000 IY:0000 Flags:01000100 [b7 ca 29]
==> 10d4:  JP Z, 1129h         PC:1129 AF:0044 BC:0a8e DE:048d HL:09e7 SP:f793 IX:0000 IY:0000 Flags:01000100 [ca 29 11]
==> 1129:  LD A, (072ah)       PC:112c AF:0044 BC:0a8e DE:048d HL:09e7 SP:f793 IX:0000 IY:0000 Flags:01000100 [3a 2a 07]
==> 112c:  OR A, A             PC:112d AF:0044 BC:0a8e DE:048d HL:09e7 SP:f793 IX:0000 IY:0000 Flags:01000100 [b7 c2 b1]
==> 112d:  JP NZ, 22b1h        PC:1130 AF:0044 BC:0a8e DE:048d HL:09e7 SP:f793 IX:0000 IY:0000 Flags:01000100 [c2 b1 22]
==> 1130:  POP AF              PC:1131 AF:4f02 BC:0a8e DE:048d HL:09e7 SP:f795 IX:0000 IY:0000 Flags:00000010 [f1 c5 f5]
==> 1131:  PUSH BC             PC:1132 AF:4f02 BC:0a8e DE:048d HL:09e7 SP:f793 IX:0000 IY:0000 Flags:00000010 [c5 f5 fe]
==> 1132:  PUSH AF             PC:1133 AF:4f02 BC:0a8e DE:048d HL:09e7 SP:f791 IX:0000 IY:0000 Flags:00000010 [f5 fe 09]
==> 1133:  CP A, 09h           PC:1135 AF:4f0a BC:0a8e DE:048d HL:09e7 SP:f791 IX:0000 IY:0000 Flags:00001010 [fe 09 c2]
==> 1135:  JP NZ, 1148h        PC:1148 AF:4f0a BC:0a8e DE:048d HL:09e7 SP:f791 IX:0000 IY:0000 Flags:00001010 [c2 48 11]
==> 1148:  CP A, 20h           PC:114a AF:4f22 BC:0a8e DE:048d HL:09e7 SP:f791 IX:0000 IY:0000 Flags:00100010 [fe 20 da]
==> 114a:  JP C, 115ch         PC:114d AF:4f22 BC:0a8e DE:048d HL:09e7 SP:f791 IX:0000 IY:0000 Flags:00100010 [da 5c 11]
==> 114d:  LD A, (0727h)       PC:1150 AF:4822 BC:0a8e DE:048d HL:09e7 SP:f791 IX:0000 IY:0000 Flags:00100010 [3a 27 07]
==> 1150:  LD B, A             PC:1151 AF:4822 BC:488e DE:048d HL:09e7 SP:f791 IX:0000 IY:0000 Flags:00100010 [47 3a cf]
==> 1151:  LD A, (09cfh)       PC:1154 AF:0022 BC:488e DE:048d HL:09e7 SP:f791 IX:0000 IY:0000 Flags:00100010 [3a cf 09]
==> 1154:  CP A, B             PC:1155 AF:009b BC:488e DE:048d HL:09e7 SP:f791 IX:0000 IY:0000 Flags:10011011 [b8 cc e8]
==> 1155:  CALL Z, 17e8h       PC:1158 AF:009b BC:488e DE:048d HL:09e7 SP:f791 IX:0000 IY:0000 Flags:10011011 [cc e8 17]
==> 1158:  INC A               PC:1159 AF:0101 BC:488e DE:048d HL:09e7 SP:f791 IX:0000 IY:0000 Flags:00000001 [3c 32 cf]
==> 1159:  LD (09cfh), A       PC:115c AF:0101 BC:488e DE:048d HL:09e7 SP:f791 IX:0000 IY:0000 Flags:00000001 [32 cf 09]
==> 115c:  POP AF              PC:115d AF:4f02 BC:488e DE:048d HL:09e7 SP:f793 IX:0000 IY:0000 Flags:00000010 [f1 c1 f5]
==> 115d:  POP BC              PC:115e AF:4f02 BC:0a8e DE:048d HL:09e7 SP:f795 IX:0000 IY:0000 Flags:00000010 [c1 f5 f1]
==> 115e:  PUSH AF             PC:115f AF:4f02 BC:0a8e DE:048d HL:09e7 SP:f793 IX:0000 IY:0000 Flags:00000010 [f5 f1 f5]
==> 115f:  POP AF              PC:1160 AF:4f02 BC:0a8e DE:048d HL:09e7 SP:f795 IX:0000 IY:0000 Flags:00000010 [f1 f5 c5]
==> 1160:  PUSH AF             PC:1161 AF:4f02 BC:0a8e DE:048d HL:09e7 SP:f793 IX:0000 IY:0000 Flags:00000010 [f5 c5 d5]
==> 1161:  PUSH BC             PC:1162 AF:4f02 BC:0a8e DE:048d HL:09e7 SP:f791 IX:0000 IY:0000 Flags:00000010 [c5 d5 0e]
==> 1162:  PUSH DE             PC:1163 AF:4f02 BC:0a8e DE:048d HL:09e7 SP:f78f IX:0000 IY:0000 Flags:00000010 [d5 0e 02]
==> 1163:  LD C, 02h           PC:1165 AF:4f02 BC:0a02 DE:048d HL:09e7 SP:f78f IX:0000 IY:0000 Flags:00000010 [0e 02 4f]
==> 1165:  LD C, A             PC:1166 AF:4f02 BC:0a4f DE:048d HL:09e7 SP:f78f IX:0000 IY:0000 Flags:00000010 [4f e5 cd]
==> 1166:  PUSH HL             PC:1167 AF:4f02 BC:0a4f DE:048d HL:09e7 SP:f78d IX:0000 IY:0000 Flags:00000010 [e5 cd 84]
==> 1167:  CALL ff84h          PC:ff84 AF:4f02 BC:0a4f DE:048d HL:09e7 SP:f78b IX:0000 IY:0000 Flags:00000010 [cd 84 ff]
O==> ff84:  RET                 PC:116a AF:4f02 BC:0a4f DE:048d HL:09e7 SP:f78d IX:0000 IY:0000 Flags:00000010 [c9 c9 c9]
==> 116a:  POP HL              PC:116b AF:4f02 BC:0a4f DE:048d HL:09e7 SP:f78f IX:0000 IY:0000 Flags:00000010 [e1 d1 c1]
==> 116b:  POP DE              PC:116c AF:4f02 BC:0a4f DE:048d HL:09e7 SP:f791 IX:0000 IY:0000 Flags:00000010 [d1 c1 f1]
==> 116c:  POP BC              PC:116d AF:4f02 BC:0a8e DE:048d HL:09e7 SP:f793 IX:0000 IY:0000 Flags:00000010 [c1 f1 c9]
==> 116d:  POP AF              PC:116e AF:4f02 BC:0a8e DE:048d HL:09e7 SP:f795 IX:0000 IY:0000 Flags:00000010 [f1 c9 e5]
==> 116e:  RET                 PC:228c AF:4f02 BC:0a8e DE:048d HL:09e7 SP:f797 IX:0000 IY:0000 Flags:00000010 [c9 e5 2a]
==> 228c:  CP A, 0dh           PC:228e AF:4f0a BC:0a8e DE:048d HL:09e7 SP:f797 IX:0000 IY:0000 Flags:00001010 [fe 0d cc]
==> 228e:  CALL Z, 17f2h       PC:2291 AF:4f0a BC:0a8e DE:048d HL:09e7 SP:f797 IX:0000 IY:0000 Flags:00001010 [cc f2 17]
==> 2291:  INC BC              PC:2292 AF:4f0a BC:0a8f DE:048d HL:09e7 SP:f797 IX:0000 IY:0000 Flags:00001010 [03 c3 86]
==> 2292:  JP 2286h            PC:2286 AF:4f0a BC:0a8f DE:048d HL:09e7 SP:f797 IX:0000 IY:0000 Flags:00001010 [c3 86 22]
==> 2286:  DEC D               PC:2287 AF:4f02 BC:0a8f DE:038d HL:09e7 SP:f797 IX:0000 IY:0000 Flags:00000010 [15 c8 0a]
==> 2287:  RET Z               PC:2288 AF:4f02 BC:0a8f DE:038d HL:09e7 SP:f797 IX:0000 IY:0000 Flags:00000010 [c8 0a cd]
==> 2288:  LD A, (BC)          PC:2289 AF:6b02 BC:0a8f DE:038d HL:09e7 SP:f797 IX:0000 IY:0000 Flags:00000010 [0a cd c5]
==> 2289:  CALL 10c5h          PC:10c5 AF:6b02 BC:0a8f DE:038d HL:09e7 SP:f795 IX:0000 IY:0000 Flags:00000010 [cd c5 10]
==> 10c5:  PUSH AF             PC:10c6 AF:6b02 BC:0a8f DE:038d HL:09e7 SP:f793 IX:0000 IY:0000 Flags:00000010 [f5 e5 2a]
==> 10c6:  PUSH HL             PC:10c7 AF:6b02 BC:0a8f DE:038d HL:09e7 SP:f791 IX:0000 IY:0000 Flags:00000010 [e5 2a 35]
==> 10c7:  LD HL, (0735h)      PC:10ca AF:6b02 BC:0a8f DE:038d HL:0000 SP:f791 IX:0000 IY:0000 Flags:00000010 [2a 35 07]
==> 10ca:  LD A, H             PC:10cb AF:0002 BC:0a8f DE:038d HL:0000 SP:f791 IX:0000 IY:0000 Flags:00000010 [7c b5 c2]
==> 10cb:  OR A, L             PC:10cc AF:0044 BC:0a8f DE:038d HL:0000 SP:f791 IX:0000 IY:0000 Flags:01000100 [b5 c2 14]
==> 10cc:  JP NZ, 2e14h        PC:10cf AF:0044 BC:0a8f DE:038d HL:0000 SP:f791 IX:0000 IY:0000 Flags:01000100 [c2 14 2e]
==> 10cf:  POP HL              PC:10d0 AF:0044 BC:0a8f DE:038d HL:09e7 SP:f793 IX:0000 IY:0000 Flags:01000100 [e1 3a 26]
==> 10d0:  LD A, (0726h)       PC:10d3 AF:0044 BC:0a8f DE:038d HL:09e7 SP:f793 IX:0000 IY:0000 Flags:01000100 [3a 26 07]
==> 10d3:  OR A, A             PC:10d4 AF:0044 BC:0a8f DE:038d HL:09e7 SP:f793 IX:0000 IY:0000 Flags:01000100 [b7 ca 29]
==> 10d4:  JP Z, 1129h         PC:1129 AF:0044 BC:0a8f DE:038d HL:09e7 SP:f793 IX:0000 IY:0000 Flags:01000100 [ca 29 11]
==> 1129:  LD A, (072ah)       PC:112c AF:0044 BC:0a8f DE:038d HL:09e7 SP:f793 IX:0000 IY:0000 Flags:01000100 [3a 2a 07]
==> 112c:  OR A, A             PC:112d AF:0044 BC:0a8f DE:038d HL:09e7 SP:f793 IX:0000 IY:0000 Flags:01000100 [b7 c2 b1]
==> 112d:  JP NZ, 22b1h        PC:1130 AF:0044 BC:0a8f DE:038d HL:09e7 SP:f793 IX:0000 IY:0000 Flags:01000100 [c2 b1 22]
==> 1130:  POP AF              PC:1131 AF:6b02 BC:0a8f DE:038d HL:09e7 SP:f795 IX:0000 IY:0000 Flags:00000010 [f1 c5 f5]
==> 1131:  PUSH BC             PC:1132 AF:6b02 BC:0a8f DE:038d HL:09e7 SP:f793 IX:0000 IY:0000 Flags:00000010 [c5 f5 fe]
==> 1132:  PUSH AF             PC:1133 AF:6b02 BC:0a8f DE:038d HL:09e7 SP:f791 IX:0000 IY:0000 Flags:00000010 [f5 fe 09]
==> 1133:  CP A, 09h           PC:1135 AF:6b0a BC:0a8f DE:038d HL:09e7 SP:f791 IX:0000 IY:0000 Flags:00001010 [fe 09 c2]
==> 1135:  JP NZ, 1148h        PC:1148 AF:6b0a BC:0a8f DE:038d HL:09e7 SP:f791 IX:0000 IY:0000 Flags:00001010 [c2 48 11]
==> 1148:  CP A, 20h           PC:114a AF:6b22 BC:0a8f DE:038d HL:09e7 SP:f791 IX:0000 IY:0000 Flags:00100010 [fe 20 da]
==> 114a:  JP C, 115ch         PC:114d AF:6b22 BC:0a8f DE:038d HL:09e7 SP:f791 IX:0000 IY:0000 Flags:00100010 [da 5c 11]
==> 114d:  LD A, (0727h)       PC:1150 AF:4822 BC:0a8f DE:038d HL:09e7 SP:f791 IX:0000 IY:0000 Flags:00100010 [3a 27 07]
==> 1150:  LD B, A             PC:1151 AF:4822 BC:488f DE:038d HL:09e7 SP:f791 IX:0000 IY:0000 Flags:00100010 [47 3a cf]
==> 1151:  LD A, (09cfh)       PC:1154 AF:0122 BC:488f DE:038d HL:09e7 SP:f791 IX:0000 IY:0000 Flags:00100010 [3a cf 09]
==> 1154:  CP A, B             PC:1155 AF:019b BC:488f DE:038d HL:09e7 SP:f791 IX:0000 IY:0000 Flags:10011011 [b8 cc e8]
==> 1155:  CALL Z, 17e8h       PC:1158 AF:019b BC:488f DE:038d HL:09e7 SP:f791 IX:0000 IY:0000 Flags:10011011 [cc e8 17]
==> 1158:  INC A               PC:1159 AF:0201 BC:488f DE:038d HL:09e7 SP:f791 IX:0000 IY:0000 Flags:00000001 [3c 32 cf]
==> 1159:  LD (09cfh), A       PC:115c AF:0201 BC:488f DE:038d HL:09e7 SP:f791 IX:0000 IY:0000 Flags:00000001 [32 cf 09]
==> 115c:  POP AF              PC:115d AF:6b02 BC:488f DE:038d HL:09e7 SP:f793 IX:0000 IY:0000 Flags:00000010 [f1 c1 f5]
==> 115d:  POP BC              PC:115e AF:6b02 BC:0a8f DE:038d HL:09e7 SP:f795 IX:0000 IY:0000 Flags:00000010 [c1 f5 f1]
==> 115e:  PUSH AF             PC:115f AF:6b02 BC:0a8f DE:038d HL:09e7 SP:f793 IX:0000 IY:0000 Flags:00000010 [f5 f1 f5]
==> 115f:  POP AF              PC:1160 AF:6b02 BC:0a8f DE:038d HL:09e7 SP:f795 IX:0000 IY:0000 Flags:00000010 [f1 f5 c5]
==> 1160:  PUSH AF             PC:1161 AF:6b02 BC:0a8f DE:038d HL:09e7 SP:f793 IX:0000 IY:0000 Flags:00000010 [f5 c5 d5]
==> 1161:  PUSH BC             PC:1162 AF:6b02 BC:0a8f DE:038d HL:09e7 SP:f791 IX:0000 IY:0000 Flags:00000010 [c5 d5 0e]
==> 1162:  PUSH DE             PC:1163 AF:6b02 BC:0a8f DE:038d HL:09e7 SP:f78f IX:0000 IY:0000 Flags:00000010 [d5 0e 02]
==> 1163:  LD C, 02h           PC:1165 AF:6b02 BC:0a02 DE:038d HL:09e7 SP:f78f IX:0000 IY:0000 Flags:00000010 [0e 02 4f]
==> 1165:  LD C, A             PC:1166 AF:6b02 BC:0a6b DE:038d HL:09e7 SP:f78f IX:0000 IY:0000 Flags:00000010 [4f e5 cd]
==> 1166:  PUSH HL             PC:1167 AF:6b02 BC:0a6b DE:038d HL:09e7 SP:f78d IX:0000 IY:0000 Flags:00000010 [e5 cd 84]
==> 1167:  CALL ff84h          PC:ff84 AF:6b02 BC:0a6b DE:038d HL:09e7 SP:f78b IX:0000 IY:0000 Flags:00000010 [cd 84 ff]
k==> ff84:  RET                 PC:116a AF:6b02 BC:0a6b DE:038d HL:09e7 SP:f78d IX:0000 IY:0000 Flags:00000010 [c9 c9 c9]
==> 116a:  POP HL              PC:116b AF:6b02 BC:0a6b DE:038d HL:09e7 SP:f78f IX:0000 IY:0000 Flags:00000010 [e1 d1 c1]
==> 116b:  POP DE              PC:116c AF:6b02 BC:0a6b DE:038d HL:09e7 SP:f791 IX:0000 IY:0000 Flags:00000010 [d1 c1 f1]
==> 116c:  POP BC              PC:116d AF:6b02 BC:0a8f DE:038d HL:09e7 SP:f793 IX:0000 IY:0000 Flags:00000010 [c1 f1 c9]
==> 116d:  POP AF              PC:116e AF:6b02 BC:0a8f DE:038d HL:09e7 SP:f795 IX:0000 IY:0000 Flags:00000010 [f1 c9 e5]
==> 116e:  RET                 PC:228c AF:6b02 BC:0a8f DE:038d HL:09e7 SP:f797 IX:0000 IY:0000 Flags:00000010 [c9 e5 2a]
==> 228c:  CP A, 0dh           PC:228e AF:6b1a BC:0a8f DE:038d HL:09e7 SP:f797 IX:0000 IY:0000 Flags:00011010 [fe 0d cc]
==> 228e:  CALL Z, 17f2h       PC:2291 AF:6b1a BC:0a8f DE:038d HL:09e7 SP:f797 IX:0000 IY:0000 Flags:00011010 [cc f2 17]
==> 2291:  INC BC              PC:2292 AF:6b1a BC:0a90 DE:038d HL:09e7 SP:f797 IX:0000 IY:0000 Flags:00011010 [03 c3 86]
==> 2292:  JP 2286h            PC:2286 AF:6b1a BC:0a90 DE:038d HL:09e7 SP:f797 IX:0000 IY:0000 Flags:00011010 [c3 86 22]
==> 2286:  DEC D               PC:2287 AF:6b02 BC:0a90 DE:028d HL:09e7 SP:f797 IX:0000 IY:0000 Flags:00000010 [15 c8 0a]
==> 2287:  RET Z               PC:2288 AF:6b02 BC:0a90 DE:028d HL:09e7 SP:f797 IX:0000 IY:0000 Flags:00000010 [c8 0a cd]
==> 2288:  LD A, (BC)          PC:2289 AF:0d02 BC:0a90 DE:028d HL:09e7 SP:f797 IX:0000 IY:0000 Flags:00000010 [0a cd c5]
==> 2289:  CALL 10c5h          PC:10c5 AF:0d02 BC:0a90 DE:028d HL:09e7 SP:f795 IX:0000 IY:0000 Flags:00000010 [cd c5 10]
==> 10c5:  PUSH AF             PC:10c6 AF:0d02 BC:0a90 DE:028d HL:09e7 SP:f793 IX:0000 IY:0000 Flags:00000010 [f5 e5 2a]
==> 10c6:  PUSH HL             PC:10c7 AF:0d02 BC:0a90 DE:028d HL:09e7 SP:f791 IX:0000 IY:0000 Flags:00000010 [e5 2a 35]
==> 10c7:  LD HL, (0735h)      PC:10ca AF:0d02 BC:0a90 DE:028d HL:0000 SP:f791 IX:0000 IY:0000 Flags:00000010 [2a 35 07]
==> 10ca:  LD A, H             PC:10cb AF:0002 BC:0a90 DE:028d HL:0000 SP:f791 IX:0000 IY:0000 Flags:00000010 [7c b5 c2]
==> 10cb:  OR A, L             PC:10cc AF:0044 BC:0a90 DE:028d HL:0000 SP:f791 IX:0000 IY:0000 Flags:01000100 [b5 c2 14]
==> 10cc:  JP NZ, 2e14h        PC:10cf AF:0044 BC:0a90 DE:028d HL:0000 SP:f791 IX:0000 IY:0000 Flags:01000100 [c2 14 2e]
==> 10cf:  POP HL              PC:10d0 AF:0044 BC:0a90 DE:028d HL:09e7 SP:f793 IX:0000 IY:0000 Flags:01000100 [e1 3a 26]
==> 10d0:  LD A, (0726h)       PC:10d3 AF:0044 BC:0a90 DE:028d HL:09e7 SP:f793 IX:0000 IY:0000 Flags:01000100 [3a 26 07]
==> 10d3:  OR A, A             PC:10d4 AF:0044 BC:0a90 DE:028d HL:09e7 SP:f793 IX:0000 IY:0000 Flags:01000100 [b7 ca 29]
==> 10d4:  JP Z, 1129h         PC:1129 AF:0044 BC:0a90 DE:028d HL:09e7 SP:f793 IX:0000 IY:0000 Flags:01000100 [ca 29 11]
==> 1129:  LD A, (072ah)       PC:112c AF:0044 BC:0a90 DE:028d HL:09e7 SP:f793 IX:0000 IY:0000 Flags:01000100 [3a 2a 07]
==> 112c:  OR A, A             PC:112d AF:0044 BC:0a90 DE:028d HL:09e7 SP:f793 IX:0000 IY:0000 Flags:01000100 [b7 c2 b1]
==> 112d:  JP NZ, 22b1h        PC:1130 AF:0044 BC:0a90 DE:028d HL:09e7 SP:f793 IX:0000 IY:0000 Flags:01000100 [c2 b1 22]
==> 1130:  POP AF              PC:1131 AF:0d02 BC:0a90 DE:028d HL:09e7 SP:f795 IX:0000 IY:0000 Flags:00000010 [f1 c5 f5]
==> 1131:  PUSH BC             PC:1132 AF:0d02 BC:0a90 DE:028d HL:09e7 SP:f793 IX:0000 IY:0000 Flags:00000010 [c5 f5 fe]
==> 1132:  PUSH AF             PC:1133 AF:0d02 BC:0a90 DE:028d HL:09e7 SP:f791 IX:0000 IY:0000 Flags:00000010 [f5 fe 09]
==> 1133:  CP A, 09h           PC:1135 AF:0d0a BC:0a90 DE:028d HL:09e7 SP:f791 IX:0000 IY:0000 Flags:00001010 [fe 09 c2]
==> 1135:  JP NZ, 1148h        PC:1148 AF:0d0a BC:0a90 DE:028d HL:09e7 SP:f791 IX:0000 IY:0000 Flags:00001010 [c2 48 11]
==> 1148:  CP A, 20h           PC:114a AF:0da3 BC:0a90 DE:028d HL:09e7 SP:f791 IX:0000 IY:0000 Flags:10100011 [fe 20 da]
==> 114a:  JP C, 115ch         PC:115c AF:0da3 BC:0a90 DE:028d HL:09e7 SP:f791 IX:0000 IY:0000 Flags:10100011 [da 5c 11]
==> 115c:  POP AF              PC:115d AF:0d02 BC:0a90 DE:028d HL:09e7 SP:f793 IX:0000 IY:0000 Flags:00000010 [f1 c1 f5]
==> 115d:  POP BC              PC:115e AF:0d02 BC:0a90 DE:028d HL:09e7 SP:f795 IX:0000 IY:0000 Flags:00000010 [c1 f5 f1]
==> 115e:  PUSH AF             PC:115f AF:0d02 BC:0a90 DE:028d HL:09e7 SP:f793 IX:0000 IY:0000 Flags:00000010 [f5 f1 f5]
==> 115f:  POP AF              PC:1160 AF:0d02 BC:0a90 DE:028d HL:09e7 SP:f795 IX:0000 IY:0000 Flags:00000010 [f1 f5 c5]
==> 1160:  PUSH AF             PC:1161 AF:0d02 BC:0a90 DE:028d HL:09e7 SP:f793 IX:0000 IY:0000 Flags:00000010 [f5 c5 d5]
==> 1161:  PUSH BC             PC:1162 AF:0d02 BC:0a90 DE:028d HL:09e7 SP:f791 IX:0000 IY:0000 Flags:00000010 [c5 d5 0e]
==> 1162:  PUSH DE             PC:1163 AF:0d02 BC:0a90 DE:028d HL:09e7 SP:f78f IX:0000 IY:0000 Flags:00000010 [d5 0e 02]
==> 1163:  LD C, 02h           PC:1165 AF:0d02 BC:0a02 DE:028d HL:09e7 SP:f78f IX:0000 IY:0000 Flags:00000010 [0e 02 4f]
==> 1165:  LD C, A             PC:1166 AF:0d02 BC:0a0d DE:028d HL:09e7 SP:f78f IX:0000 IY:0000 Flags:00000010 [4f e5 cd]
==> 1166:  PUSH HL             PC:1167 AF:0d02 BC:0a0d DE:028d HL:09e7 SP:f78d IX:0000 IY:0000 Flags:00000010 [e5 cd 84]
==> 1167:  CALL ff84h          PC:ff84 AF:0d02 BC:0a0d DE:028d HL:09e7 SP:f78b IX:0000 IY:0000 Flags:00000010 [cd 84 ff]
==> ff84:  RET                 PC:116a AF:0d02 BC:0a0d DE:028d HL:09e7 SP:f78d IX:0000 IY:0000 Flags:00000010 [c9 c9 c9]
==> 116a:  POP HL              PC:116b AF:0d02 BC:0a0d DE:028d HL:09e7 SP:f78f IX:0000 IY:0000 Flags:00000010 [e1 d1 c1]
==> 116b:  POP DE              PC:116c AF:0d02 BC:0a0d DE:028d HL:09e7 SP:f791 IX:0000 IY:0000 Flags:00000010 [d1 c1 f1]
==> 116c:  POP BC              PC:116d AF:0d02 BC:0a90 DE:028d HL:09e7 SP:f793 IX:0000 IY:0000 Flags:00000010 [c1 f1 c9]
==> 116d:  POP AF              PC:116e AF:0d02 BC:0a90 DE:028d HL:09e7 SP:f795 IX:0000 IY:0000 Flags:00000010 [f1 c9 e5]
==> 116e:  RET                 PC:228c AF:0d02 BC:0a90 DE:028d HL:09e7 SP:f797 IX:0000 IY:0000 Flags:00000010 [c9 e5 2a]
==> 228c:  CP A, 0dh           PC:228e AF:0d4a BC:0a90 DE:028d HL:09e7 SP:f797 IX:0000 IY:0000 Flags:01001010 [fe 0d cc]
==> 228e:  CALL Z, 17f2h       PC:17f2 AF:0d4a BC:0a90 DE:028d HL:09e7 SP:f795 IX:0000 IY:0000 Flags:01001010 [cc f2 17]
==> 17f2:  PUSH HL             PC:17f3 AF:0d4a BC:0a90 DE:028d HL:09e7 SP:f793 IX:0000 IY:0000 Flags:01001010 [e5 2a 35]
==> 17f3:  LD HL, (0735h)      PC:17f6 AF:0d4a BC:0a90 DE:028d HL:0000 SP:f793 IX:0000 IY:0000 Flags:01001010 [2a 35 07]
==> 17f6:  LD A, H             PC:17f7 AF:004a BC:0a90 DE:028d HL:0000 SP:f793 IX:0000 IY:0000 Flags:01001010 [7c b5 e1]
==> 17f7:  OR A, L             PC:17f8 AF:0044 BC:0a90 DE:028d HL:0000 SP:f793 IX:0000 IY:0000 Flags:01000100 [b5 e1 ca]
==> 17f8:  POP HL              PC:17f9 AF:0044 BC:0a90 DE:028d HL:09e7 SP:f795 IX:0000 IY:0000 Flags:01000100 [e1 ca fe]
==> 17f9:  JP Z, 17feh         PC:17fe AF:0044 BC:0a90 DE:028d HL:09e7 SP:f795 IX:0000 IY:0000 Flags:01000100 [ca fe 17]
==> 17fe:  LD A, (0722h)       PC:1801 AF:0144 BC:0a90 DE:028d HL:09e7 SP:f795 IX:0000 IY:0000 Flags:01000100 [3a 22 07]
==> 1801:  DEC A               PC:1802 AF:0042 BC:0a90 DE:028d HL:09e7 SP:f795 IX:0000 IY:0000 Flags:01000010 [3d 32 cf]
==> 1802:  LD (09cfh), A       PC:1805 AF:0042 BC:0a90 DE:028d HL:09e7 SP:f795 IX:0000 IY:0000 Flags:01000010 [32 cf 09]
==> 1805:  RET Z               PC:2291 AF:0042 BC:0a90 DE:028d HL:09e7 SP:f797 IX:0000 IY:0000 Flags:01000010 [c8 f5 af]
==> 2291:  INC BC              PC:2292 AF:0042 BC:0a91 DE:028d HL:09e7 SP:f797 IX:0000 IY:0000 Flags:01000010 [03 c3 86]
==> 2292:  JP 2286h            PC:2286 AF:0042 BC:0a91 DE:028d HL:09e7 SP:f797 IX:0000 IY:0000 Flags:01000010 [c3 86 22]
==> 2286:  DEC D               PC:2287 AF:0002 BC:0a91 DE:018d HL:09e7 SP:f797 IX:0000 IY:0000 Flags:00000010 [15 c8 0a]
==> 2287:  RET Z               PC:2288 AF:0002 BC:0a91 DE:018d HL:09e7 SP:f797 IX:0000 IY:0000 Flags:00000010 [c8 0a cd]
==> 2288:  LD A, (BC)          PC:2289 AF:0a02 BC:0a91 DE:018d HL:09e7 SP:f797 IX:0000 IY:0000 Flags:00000010 [0a cd c5]
==> 2289:  CALL 10c5h          PC:10c5 AF:0a02 BC:0a91 DE:018d HL:09e7 SP:f795 IX:0000 IY:0000 Flags:00000010 [cd c5 10]
==> 10c5:  PUSH AF             PC:10c6 AF:0a02 BC:0a91 DE:018d HL:09e7 SP:f793 IX:0000 IY:0000 Flags:00000010 [f5 e5 2a]
==> 10c6:  PUSH HL             PC:10c7 AF:0a02 BC:0a91 DE:018d HL:09e7 SP:f791 IX:0000 IY:0000 Flags:00000010 [e5 2a 35]
==> 10c7:  LD HL, (0735h)      PC:10ca AF:0a02 BC:0a91 DE:018d HL:0000 SP:f791 IX:0000 IY:0000 Flags:00000010 [2a 35 07]
==> 10ca:  LD A, H             PC:10cb AF:0002 BC:0a91 DE:018d HL:0000 SP:f791 IX:0000 IY:0000 Flags:00000010 [7c b5 c2]
==> 10cb:  OR A, L             PC:10cc AF:0044 BC:0a91 DE:018d HL:0000 SP:f791 IX:0000 IY:0000 Flags:01000100 [b5 c2 14]
==> 10cc:  JP NZ, 2e14h        PC:10cf AF:0044 BC:0a91 DE:018d HL:0000 SP:f791 IX:0000 IY:0000 Flags:01000100 [c2 14 2e]
==> 10cf:  POP HL              PC:10d0 AF:0044 BC:0a91 DE:018d HL:09e7 SP:f793 IX:0000 IY:0000 Flags:01000100 [e1 3a 26]
==> 10d0:  LD A, (0726h)       PC:10d3 AF:0044 BC:0a91 DE:018d HL:09e7 SP:f793 IX:0000 IY:0000 Flags:01000100 [3a 26 07]
==> 10d3:  OR A, A             PC:10d4 AF:0044 BC:0a91 DE:018d HL:09e7 SP:f793 IX:0000 IY:0000 Flags:01000100 [b7 ca 29]
==> 10d4:  JP Z, 1129h         PC:1129 AF:0044 BC:0a91 DE:018d HL:09e7 SP:f793 IX:0000 IY:0000 Flags:01000100 [ca 29 11]
==> 1129:  LD A, (072ah)       PC:112c AF:0044 BC:0a91 DE:018d HL:09e7 SP:f793 IX:0000 IY:0000 Flags:01000100 [3a 2a 07]
==> 112c:  OR A, A             PC:112d AF:0044 BC:0a91 DE:018d HL:09e7 SP:f793 IX:0000 IY:0000 Flags:01000100 [b7 c2 b1]
==> 112d:  JP NZ, 22b1h        PC:1130 AF:0044 BC:0a91 DE:018d HL:09e7 SP:f793 IX:0000 IY:0000 Flags:01000100 [c2 b1 22]
==> 1130:  POP AF              PC:1131 AF:0a02 BC:0a91 DE:018d HL:09e7 SP:f795 IX:0000 IY:0000 Flags:00000010 [f1 c5 f5]
==> 1131:  PUSH BC             PC:1132 AF:0a02 BC:0a91 DE:018d HL:09e7 SP:f793 IX:0000 IY:0000 Flags:00000010 [c5 f5 fe]
==> 1132:  PUSH AF             PC:1133 AF:0a02 BC:0a91 DE:018d HL:09e7 SP:f791 IX:0000 IY:0000 Flags:00000010 [f5 fe 09]
==> 1133:  CP A, 09h           PC:1135 AF:0a0a BC:0a91 DE:018d HL:09e7 SP:f791 IX:0000 IY:0000 Flags:00001010 [fe 09 c2]
==> 1135:  JP NZ, 1148h        PC:1148 AF:0a0a BC:0a91 DE:018d HL:09e7 SP:f791 IX:0000 IY:0000 Flags:00001010 [c2 48 11]
==> 1148:  CP A, 20h           PC:114a AF:0aa3 BC:0a91 DE:018d HL:09e7 SP:f791 IX:0000 IY:0000 Flags:10100011 [fe 20 da]
==> 114a:  JP C, 115ch         PC:115c AF:0aa3 BC:0a91 DE:018d HL:09e7 SP:f791 IX:0000 IY:0000 Flags:10100011 [da 5c 11]
==> 115c:  POP AF              PC:115d AF:0a02 BC:0a91 DE:018d HL:09e7 SP:f793 IX:0000 IY:0000 Flags:00000010 [f1 c1 f5]
==> 115d:  POP BC              PC:115e AF:0a02 BC:0a91 DE:018d HL:09e7 SP:f795 IX:0000 IY:0000 Flags:00000010 [c1 f5 f1]
==> 115e:  PUSH AF             PC:115f AF:0a02 BC:0a91 DE:018d HL:09e7 SP:f793 IX:0000 IY:0000 Flags:00000010 [f5 f1 f5]
==> 115f:  POP AF              PC:1160 AF:0a02 BC:0a91 DE:018d HL:09e7 SP:f795 IX:0000 IY:0000 Flags:00000010 [f1 f5 c5]
==> 1160:  PUSH AF             PC:1161 AF:0a02 BC:0a91 DE:018d HL:09e7 SP:f793 IX:0000 IY:0000 Flags:00000010 [f5 c5 d5]
==> 1161:  PUSH BC             PC:1162 AF:0a02 BC:0a91 DE:018d HL:09e7 SP:f791 IX:0000 IY:0000 Flags:00000010 [c5 d5 0e]
==> 1162:  PUSH DE             PC:1163 AF:0a02 BC:0a91 DE:018d HL:09e7 SP:f78f IX:0000 IY:0000 Flags:00000010 [d5 0e 02]
==> 1163:  LD C, 02h           PC:1165 AF:0a02 BC:0a02 DE:018d HL:09e7 SP:f78f IX:0000 IY:0000 Flags:00000010 [0e 02 4f]
==> 1165:  LD C, A             PC:1166 AF:0a02 BC:0a0a DE:018d HL:09e7 SP:f78f IX:0000 IY:0000 Flags:00000010 [4f e5 cd]
==> 1166:  PUSH HL             PC:1167 AF:0a02 BC:0a0a DE:018d HL:09e7 SP:f78d IX:0000 IY:0000 Flags:00000010 [e5 cd 84]
==> 1167:  CALL ff84h          PC:ff84 AF:0a02 BC:0a0a DE:018d HL:09e7 SP:f78b IX:0000 IY:0000 Flags:00000010 [cd 84 ff]

==> ff84:  RET                 PC:116a AF:0a02 BC:0a0a DE:018d HL:09e7 SP:f78d IX:0000 IY:0000 Flags:00000010 [c9 c9 c9]
==> 116a:  POP HL              PC:116b AF:0a02 BC:0a0a DE:018d HL:09e7 SP:f78f IX:0000 IY:0000 Flags:00000010 [e1 d1 c1]
==> 116b:  POP DE              PC:116c AF:0a02 BC:0a0a DE:018d HL:09e7 SP:f791 IX:0000 IY:0000 Flags:00000010 [d1 c1 f1]
==> 116c:  POP BC              PC:116d AF:0a02 BC:0a91 DE:018d HL:09e7 SP:f793 IX:0000 IY:0000 Flags:00000010 [c1 f1 c9]
==> 116d:  POP AF              PC:116e AF:0a02 BC:0a91 DE:018d HL:09e7 SP:f795 IX:0000 IY:0000 Flags:00000010 [f1 c9 e5]
==> 116e:  RET                 PC:228c AF:0a02 BC:0a91 DE:018d HL:09e7 SP:f797 IX:0000 IY:0000 Flags:00000010 [c9 e5 2a]
==> 228c:  CP A, 0dh           PC:228e AF:0a9b BC:0a91 DE:018d HL:09e7 SP:f797 IX:0000 IY:0000 Flags:10011011 [fe 0d cc]
==> 228e:  CALL Z, 17f2h       PC:2291 AF:0a9b BC:0a91 DE:018d HL:09e7 SP:f797 IX:0000 IY:0000 Flags:10011011 [cc f2 17]
==> 2291:  INC BC              PC:2292 AF:0a9b BC:0a92 DE:018d HL:09e7 SP:f797 IX:0000 IY:0000 Flags:10011011 [03 c3 86]
==> 2292:  JP 2286h            PC:2286 AF:0a9b BC:0a92 DE:018d HL:09e7 SP:f797 IX:0000 IY:0000 Flags:10011011 [c3 86 22]
==> 2286:  DEC D               PC:2287 AF:0a43 BC:0a92 DE:008d HL:09e7 SP:f797 IX:0000 IY:0000 Flags:01000011 [15 c8 0a]
==> 2287:  RET Z               PC:0bb5 AF:0a43 BC:0a92 DE:008d HL:09e7 SP:f799 IX:0000 IY:0000 Flags:01000011 [c8 0a cd]
==> 0bb5:  LD A, (0723h)       PC:0bb8 AF:0043 BC:0a92 DE:008d HL:09e7 SP:f799 IX:0000 IY:0000 Flags:01000011 [3a 23 07]
==> 0bb8:  SUB A, 02h          PC:0bba AF:febb BC:0a92 DE:008d HL:09e7 SP:f799 IX:0000 IY:0000 Flags:10111011 [d6 02 cc]
==> 0bba:  CALL Z, 2a1eh       PC:0bbd AF:febb BC:0a92 DE:008d HL:09e7 SP:f799 IX:0000 IY:0000 Flags:10111011 [cc 1e 2a]
==> 0bbd:  LD HL, ffffh        PC:0bc0 AF:febb BC:0a92 DE:008d HL:ffff SP:f799 IX:0000 IY:0000 Flags:10111011 [21 ff ff]
==> 0bc0:  LD (072dh), HL      PC:0bc3 AF:febb BC:0a92 DE:008d HL:ffff SP:f799 IX:0000 IY:0000 Flags:10111011 [22 2d 07]
==> 0bc3:  LD A, (0a10h)       PC:0bc6 AF:00bb BC:0a92 DE:008d HL:ffff SP:f799 IX:0000 IY:0000 Flags:10111011 [3a 10 0a]
==> 0bc6:  OR A, A             PC:0bc7 AF:0044 BC:0a92 DE:008d HL:ffff SP:f799 IX:0000 IY:0000 Flags:01000100 [b7 ca 08]
==> 0bc7:  JP Z, 0c08h         PC:0c08 AF:0044 BC:0a92 DE:008d HL:ffff SP:f799 IX:0000 IY:0000 Flags:01000100 [ca 08 0c]
==> 0c08:  CALL 0feah          PC:0fea AF:0044 BC:0a92 DE:008d HL:ffff SP:f797 IX:0000 IY:0000 Flags:01000100 [cd ea 0f]
==> 0fea:  CALL 116fh          PC:116f AF:0044 BC:0a92 DE:008d HL:ffff SP:f795 IX:0000 IY:0000 Flags:01000100 [cd 6f 11]
==> 116f:  PUSH HL             PC:1170 AF:0044 BC:0a92 DE:008d HL:ffff SP:f793 IX:0000 IY:0000 Flags:01000100 [e5 2a 35]
==> 1170:  LD HL, (0735h)      PC:1173 AF:0044 BC:0a92 DE:008d HL:0000 SP:f793 IX:0000 IY:0000 Flags:01000100 [2a 35 07]
==> 1173:  LD A, H             PC:1174 AF:0044 BC:0a92 DE:008d HL:0000 SP:f793 IX:0000 IY:0000 Flags:01000100 [7c b5 ca]
==> 1174:  OR A, L             PC:1175 AF:0044 BC:0a92 DE:008d HL:0000 SP:f793 IX:0000 IY:0000 Flags:01000100 [b5 ca a0]
==> 1175:  JP Z, 11a0h         PC:11a0 AF:0044 BC:0a92 DE:008d HL:0000 SP:f793 IX:0000 IY:0000 Flags:01000100 [ca a0 11]
==> 11a0:  POP HL              PC:11a1 AF:0044 BC:0a92 DE:008d HL:ffff SP:f795 IX:0000 IY:0000 Flags:01000100 [e1 c5 d5]
==> 11a1:  PUSH BC             PC:11a2 AF:0044 BC:0a92 DE:008d HL:ffff SP:f793 IX:0000 IY:0000 Flags:01000100 [c5 d5 e5]
==> 11a2:  PUSH DE             PC:11a3 AF:0044 BC:0a92 DE:008d HL:ffff SP:f791 IX:0000 IY:0000 Flags:01000100 [d5 e5 cd]
==> 11a3:  PUSH HL             PC:11a4 AF:0044 BC:0a92 DE:008d HL:ffff SP:f78f IX:0000 IY:0000 Flags:01000100 [e5 cd 83]
==> 11a4:  CALL ff83h          PC:ff83 AF:0044 BC:0a92 DE:008d HL:ffff SP:f78d IX:0000 IY:0000 Flags:01000100 [cd 83 ff]
